<?xml version="1.0" encoding="UTF-8"?>
<testsuites>
  <testsuite name="ard_attributes" timestamp="2024-01-27T17:12:00Z" hostname="c9093a01d212" tests="1" skipped="1" failures="0" errors="0" time="0.711">
    <testcase time="0.711" classname="character(0)" name="ard_attributes_works">
      <skipped message="Reason: On CRAN ('test-ard_attributes.R:2:3')"/>
    </testcase>
  </testsuite>
  <testsuite name="apply_statistic_fmt_fn" timestamp="2024-01-27T17:12:00Z" hostname="c9093a01d212" tests="2" skipped="0" failures="0" errors="0" time="0.23">
    <testcase time="0.229" classname="character(0)" name="apply_statistic_fmt_fn_works"/>
    <testcase time="0.00100000000000011" classname="character(0)" name="apply_statistic_fmt_fn_works"/>
  </testsuite>
  <testsuite name="apply_statistic_fmt_fn" timestamp="2024-01-27T17:12:00Z" hostname="c9093a01d212" tests="1" skipped="0" failures="0" errors="0" time="0.015">
    <testcase time="0.0149999999999999" classname="character(0)" name="apply_statistic_fmt_fn_works_with_integer_specification"/>
  </testsuite>
  <testsuite name="apply_statistic_fmt_fn" timestamp="2024-01-27T17:12:00Z" hostname="c9093a01d212" tests="2" skipped="0" failures="0" errors="0" time="0.002">
    <testcase time="0.00099999999999989" classname="character(0)" name="apply_statistic_fmt_fn_works_with_xx_specification"/>
    <testcase time="0.00100000000000011" classname="character(0)" name="apply_statistic_fmt_fn_works_with_xx_specification"/>
  </testsuite>
  <testsuite name="apply_statistic_fmt_fn" timestamp="2024-01-27T17:12:00Z" hostname="c9093a01d212" tests="1" skipped="1" failures="0" errors="0" time="0.001">
    <testcase time="0.00099999999999989" classname="character(0)" name="apply_statistic_fmt_fn_error_messaging">
      <skipped message="Reason: On CRAN ('test-apply_statistic_fmt_fn.R:76:3')"/>
    </testcase>
  </testsuite>
  <testsuite name="ard_comparison" timestamp="2024-01-27T17:12:01Z" hostname="c9093a01d212" tests="3" skipped="1" failures="0" errors="0" time="0.32">
    <testcase time="0.319" classname="character(0)" name="ard_ttest_works"/>
    <testcase time="0" classname="character(0)" name="ard_ttest_works"/>
    <testcase time="0.00099999999999989" classname="character(0)" name="ard_ttest_works">
      <skipped message="Reason: On CRAN ('test-ard_comparison.R:25:3')"/>
    </testcase>
  </testsuite>
  <testsuite name="ard_comparison" timestamp="2024-01-27T17:12:01Z" hostname="c9093a01d212" tests="2" skipped="0" failures="0" errors="0" time="0.01">
    <testcase time="0.01" classname="character(0)" name="ard_wilcoxtest_works"/>
    <testcase time="0" classname="character(0)" name="ard_wilcoxtest_works"/>
  </testsuite>
  <testsuite name="ard_comparison" timestamp="2024-01-27T17:12:01Z" hostname="c9093a01d212" tests="2" skipped="0" failures="0" errors="0" time="0.002">
    <testcase time="0.00200000000000022" classname="character(0)" name="ard_chisqtest_works"/>
    <testcase time="0" classname="character(0)" name="ard_chisqtest_works"/>
  </testsuite>
  <testsuite name="ard_comparison" timestamp="2024-01-27T17:12:01Z" hostname="c9093a01d212" tests="2" skipped="0" failures="0" errors="0" time="0.002">
    <testcase time="0.00099999999999989" classname="character(0)" name="ard_fishertest_works"/>
    <testcase time="0.00099999999999989" classname="character(0)" name="ard_fishertest_works"/>
  </testsuite>
  <testsuite name="ard_complex" timestamp="2024-01-27T17:12:01Z" hostname="c9093a01d212" tests="5" skipped="0" failures="0" errors="0" time="0.511">
    <testcase time="0.509" classname="character(0)" name="ard_complex_works"/>
    <testcase time="0" classname="character(0)" name="ard_complex_works"/>
    <testcase time="0.00100000000000033" classname="character(0)" name="ard_complex_works"/>
    <testcase time="0" classname="character(0)" name="ard_complex_works"/>
    <testcase time="0.00099999999999989" classname="character(0)" name="ard_complex_works"/>
  </testsuite>
  <testsuite name="ard_complex" timestamp="2024-01-27T17:12:01Z" hostname="c9093a01d212" tests="1" skipped="1" failures="0" errors="0" time="0.001">
    <testcase time="0.00099999999999989" classname="character(0)" name="ard_complex_messaging">
      <skipped message="Reason: On CRAN ('test-ard_complex.R:87:3')"/>
    </testcase>
  </testsuite>
  <testsuite name="ard_categorical" timestamp="2024-01-27T17:12:03Z" hostname="c9093a01d212" tests="2" skipped="1" failures="0" errors="0" time="1.755">
    <testcase time="1.754" classname="character(0)" name="ard_categorical_univariate"/>
    <testcase time="0.000999999999999446" classname="character(0)" name="ard_categorical_univariate">
      <skipped message="Reason: On CRAN ('test-ard_categorical.R:6:3')"/>
    </testcase>
  </testsuite>
  <testsuite name="ard_categorical" timestamp="2024-01-27T17:12:03Z" hostname="c9093a01d212" tests="2" skipped="1" failures="0" errors="0" time="0.013">
    <testcase time="0.0129999999999999" classname="character(0)" name="ard_categorical_univariate_specified_denomiator"/>
    <testcase time="0" classname="character(0)" name="ard_categorical_univariate_specified_denomiator">
      <skipped message="Reason: On CRAN ('test-ard_categorical.R:62:3')"/>
    </testcase>
  </testsuite>
  <testsuite name="ard_categorical" timestamp="2024-01-27T17:12:03Z" hostname="c9093a01d212" tests="1" skipped="1" failures="0" errors="0" time="0.02">
    <testcase time="0.0200000000000005" classname="character(0)" name="ard_continuous_fmt_fn_argument_works">
      <skipped message="Reason: On CRAN ('test-ard_categorical.R:88:3')"/>
    </testcase>
  </testsuite>
  <testsuite name="ard_categorical" timestamp="2024-01-27T17:12:03Z" hostname="c9093a01d212" tests="6" skipped="1" failures="0" errors="0" time="0.012">
    <testcase time="0.00999999999999979" classname="character(0)" name="ard_categorical_with_strata_and_by_arguments"/>
    <testcase time="0" classname="character(0)" name="ard_categorical_with_strata_and_by_arguments"/>
    <testcase time="0.00100000000000033" classname="character(0)" name="ard_categorical_with_strata_and_by_arguments"/>
    <testcase time="0" classname="character(0)" name="ard_categorical_with_strata_and_by_arguments"/>
    <testcase time="0.000999999999999446" classname="character(0)" name="ard_categorical_with_strata_and_by_arguments"/>
    <testcase time="0" classname="character(0)" name="ard_categorical_with_strata_and_by_arguments">
      <skipped message="Reason: On CRAN ('test-ard_categorical.R:206:3')"/>
    </testcase>
  </testsuite>
  <testsuite name="ard_categorical" timestamp="2024-01-27T17:12:03Z" hostname="c9093a01d212" tests="1" skipped="1" failures="0" errors="0" time="0.01">
    <testcase time="0.0100000000000007" classname="character(0)" name="ard_categorical_stat_labels_argument_works">
      <skipped message="Reason: On CRAN ('test-ard_categorical.R:219:3')"/>
    </testcase>
  </testsuite>
  <testsuite name="ard_categorical" timestamp="2024-01-27T17:12:03Z" hostname="c9093a01d212" tests="3" skipped="0" failures="0" errors="0" time="0.01">
    <testcase time="0.00899999999999945" classname="character(0)" name="ard_categorical_denominator_cell_works"/>
    <testcase time="0.00100000000000033" classname="character(0)" name="ard_categorical_denominator_cell_works"/>
    <testcase time="0" classname="character(0)" name="ard_categorical_denominator_cell_works"/>
  </testsuite>
  <testsuite name="ard_categorical" timestamp="2024-01-27T17:12:03Z" hostname="c9093a01d212" tests="7" skipped="1" failures="0" errors="0" time="0.007">
    <testcase time="0.00199999999999978" classname="character(0)" name="ard_categorical_denominator_row_works"/>
    <testcase time="0" classname="character(0)" name="ard_categorical_denominator_row_works"/>
    <testcase time="0.00100000000000033" classname="character(0)" name="ard_categorical_denominator_row_works"/>
    <testcase time="0" classname="character(0)" name="ard_categorical_denominator_row_works"/>
    <testcase time="0.000999999999999446" classname="character(0)" name="ard_categorical_denominator_row_works"/>
    <testcase time="0" classname="character(0)" name="ard_categorical_denominator_row_works"/>
    <testcase time="0.00300000000000011" classname="character(0)" name="ard_categorical_denominator_row_works">
      <skipped message="Reason: On CRAN ('test-ard_categorical.R:344:3')"/>
    </testcase>
  </testsuite>
  <testsuite name="ard_categorical" timestamp="2024-01-27T17:12:03Z" hostname="c9093a01d212" tests="1" skipped="0" failures="0" errors="0" time="0.009">
    <testcase time="0.00900000000000034" classname="character(0)" name="ard_categorical_denominator_column_works"/>
  </testsuite>
  <testsuite name="ard_categorical" timestamp="2024-01-27T17:12:03Z" hostname="c9093a01d212" tests="1" skipped="0" failures="0" errors="0" time="0.002">
    <testcase time="0.00199999999999978" classname="character(0)" name="ard_categorical_denominator_integer_works"/>
  </testsuite>
  <testsuite name="ard_categorical" timestamp="2024-01-27T17:12:03Z" hostname="c9093a01d212" tests="1" skipped="1" failures="0" errors="0" time="0.001">
    <testcase time="0.00100000000000033" classname="character(0)" name="ard_categorical_denominator_data_frame_with_counts_works">
      <skipped message="Reason: On CRAN ('test-ard_categorical.R:370:3')"/>
    </testcase>
  </testsuite>
  <testsuite name="ard_categorical" timestamp="2024-01-27T17:12:03Z" hostname="c9093a01d212" tests="1" skipped="1" failures="0" errors="0" time="0.01">
    <testcase time="0.00999999999999979" classname="character(0)" name="ard_categorical_statistics_works_with_custom_fns">
      <skipped message="Reason: On CRAN ('test-ard_categorical.R:416:3')"/>
    </testcase>
  </testsuite>
  <testsuite name="ard_categorical" timestamp="2024-01-27T17:12:03Z" hostname="c9093a01d212" tests="2" skipped="0" failures="0" errors="0" time="0.01">
    <testcase time="0.00899999999999945" classname="character(0)" name="ard_categorical_and_ARD_column_names"/>
    <testcase time="0.00100000000000033" classname="character(0)" name="ard_categorical_and_ARD_column_names"/>
  </testsuite>
  <testsuite name="ard_dichotomous" timestamp="2024-01-27T17:12:03Z" hostname="c9093a01d212" tests="2" skipped="1" failures="0" errors="0" time="0.221">
    <testcase time="0.22" classname="character(0)" name="ard_dichotomous_works"/>
    <testcase time="0.00100000000000033" classname="character(0)" name="ard_dichotomous_works">
      <skipped message="Reason: On CRAN ('test-ard_dichotomous.R:11:3')"/>
    </testcase>
  </testsuite>
  <testsuite name="ard_dichotomous" timestamp="2024-01-27T17:12:03Z" hostname="c9093a01d212" tests="1" skipped="1" failures="0" errors="0" time="0.021">
    <testcase time="0.0209999999999999" classname="character(0)" name="ard_dichotomous_works">
      <skipped message="Reason: On CRAN ('test-ard_dichotomous.R:46:3')"/>
    </testcase>
  </testsuite>
  <testsuite name="ard_continuous" timestamp="2024-01-27T17:12:03Z" hostname="c9093a01d212" tests="2" skipped="1" failures="0" errors="0" time="0.07">
    <testcase time="0.069" classname="character(0)" name="ard_continuous_works"/>
    <testcase time="0.00100000000000033" classname="character(0)" name="ard_continuous_works">
      <skipped message="Reason: On CRAN ('test-ard_continuous.R:7:3')"/>
    </testcase>
  </testsuite>
  <testsuite name="ard_continuous" timestamp="2024-01-27T17:12:03Z" hostname="c9093a01d212" tests="1" skipped="1" failures="0" errors="0" time="0.01">
    <testcase time="0.00999999999999979" classname="character(0)" name="ard_continuous_fmt_fn_argument_works">
      <skipped message="Reason: On CRAN ('test-ard_continuous.R:35:3')"/>
    </testcase>
  </testsuite>
  <testsuite name="ard_continuous" timestamp="2024-01-27T17:12:03Z" hostname="c9093a01d212" tests="1" skipped="1" failures="0" errors="0" time="0.009">
    <testcase time="0.00900000000000034" classname="character(0)" name="ard_continuous_messaging">
      <skipped message="Reason: On CRAN ('test-ard_continuous.R:86:3')"/>
    </testcase>
  </testsuite>
  <testsuite name="ard_continuous" timestamp="2024-01-27T17:12:03Z" hostname="c9093a01d212" tests="1" skipped="1" failures="0" errors="0" time="0.012">
    <testcase time="0.0119999999999996" classname="character(0)" name="ard_continuous_stat_labels_argument_works">
      <skipped message="Reason: On CRAN ('test-ard_continuous.R:106:3')"/>
    </testcase>
  </testsuite>
  <testsuite name="ard_continuous" timestamp="2024-01-27T17:12:03Z" hostname="c9093a01d212" tests="2" skipped="0" failures="0" errors="0" time="0.011">
    <testcase time="0.00999999999999979" classname="character(0)" name="ard_continuous_and_ARD_column_names"/>
    <testcase time="0.00100000000000033" classname="character(0)" name="ard_continuous_and_ARD_column_names"/>
  </testsuite>
  <testsuite name="ard_missing" timestamp="2024-01-27T17:12:04Z" hostname="c9093a01d212" tests="2" skipped="1" failures="0" errors="0" time="0.222">
    <testcase time="0.222" classname="character(0)" name="ard_missing_works"/>
    <testcase time="0" classname="character(0)" name="ard_missing_works">
      <skipped message="Reason: On CRAN ('test-ard_missing.R:7:3')"/>
    </testcase>
  </testsuite>
  <testsuite name="ard_missing" timestamp="2024-01-27T17:12:04Z" hostname="c9093a01d212" tests="1" skipped="1" failures="0" errors="0" time="0.011">
    <testcase time="0.0109999999999992" classname="character(0)" name="ard_missing_stat_labels_argument_works">
      <skipped message="Reason: On CRAN ('test-ard_missing.R:31:3')"/>
    </testcase>
  </testsuite>
  <testsuite name="ard_regression" timestamp="2024-01-27T17:12:04Z" hostname="c9093a01d212" tests="1" skipped="1" failures="0" errors="0" time="0.835">
    <testcase time="0.835" classname="character(0)" name="ard_regression_works">
      <skipped message="Reason: On CRAN ('test-ard_regression.R:2:3')"/>
    </testcase>
  </testsuite>
  <testsuite name="as_nested_list" timestamp="2024-01-27T17:12:05Z" hostname="c9093a01d212" tests="1" skipped="1" failures="0" errors="0" time="0.517">
    <testcase time="0.517" classname="character(0)" name="as_nested_list_works">
      <skipped message="Reason: On CRAN ('test-as_nested_list.R:2:3')"/>
    </testcase>
  </testsuite>
  <testsuite name="bind_ard" timestamp="2024-01-27T17:12:05Z" hostname="c9093a01d212" tests="1" skipped="0" failures="0" errors="0" time="0.439">
    <testcase time="0.439" classname="character(0)" name="bind_ard_works"/>
  </testsuite>
  <testsuite name="bind_ard" timestamp="2024-01-27T17:12:05Z" hostname="c9093a01d212" tests="1" skipped="1" failures="0" errors="0" time="0.002">
    <testcase time="0.00199999999999978" classname="character(0)" name="ARD_helpers_messaging">
      <skipped message="Reason: On CRAN ('test-bind_ard.R:14:3')"/>
    </testcase>
  </testsuite>
  <testsuite name="bind_ard" timestamp="2024-01-27T17:12:05Z" hostname="c9093a01d212" tests="1" skipped="1" failures="0" errors="0" time="0.013">
    <testcase time="0.0129999999999999" classname="character(0)" name="bind_ard_.order_argument_works">
      <skipped message="Reason: On CRAN ('test-bind_ard.R:26:3')"/>
    </testcase>
  </testsuite>
  <testsuite name="check_ard_structure" timestamp="2024-01-27T17:12:06Z" hostname="c9093a01d212" tests="1" skipped="1" failures="0" errors="0" time="0.14">
    <testcase time="0.140000000000001" classname="character(0)" name="check_ard_structure_works">
      <skipped message="Reason: On CRAN ('test-check_ard_structure.R:2:3')"/>
    </testcase>
  </testsuite>
  <testsuite name="check_pkg_installed" timestamp="2024-01-27T17:12:06Z" hostname="c9093a01d212" tests="16" skipped="0" failures="0" errors="0" time="0.312">
    <testcase time="0.305" classname="character(0)" name="check_pkg_installed_works"/>
    <testcase time="0" classname="character(0)" name="check_pkg_installed_works"/>
    <testcase time="0.00100000000000033" classname="character(0)" name="check_pkg_installed_works"/>
    <testcase time="0" classname="character(0)" name="check_pkg_installed_works"/>
    <testcase time="0.000999999999999446" classname="character(0)" name="check_pkg_installed_works"/>
    <testcase time="0" classname="character(0)" name="check_pkg_installed_works"/>
    <testcase time="0.00100000000000033" classname="character(0)" name="check_pkg_installed_works"/>
    <testcase time="0" classname="character(0)" name="check_pkg_installed_works"/>
    <testcase time="0.00100000000000033" classname="character(0)" name="check_pkg_installed_works"/>
    <testcase time="0" classname="character(0)" name="check_pkg_installed_works"/>
    <testcase time="0.000999999999999446" classname="character(0)" name="check_pkg_installed_works"/>
    <testcase time="0" classname="character(0)" name="check_pkg_installed_works"/>
    <testcase time="0.00100000000000033" classname="character(0)" name="check_pkg_installed_works"/>
    <testcase time="0" classname="character(0)" name="check_pkg_installed_works"/>
    <testcase time="0.000999999999999446" classname="character(0)" name="check_pkg_installed_works"/>
    <testcase time="0" classname="character(0)" name="check_pkg_installed_works"/>
  </testsuite>
  <testsuite name="eval_capture_conditions" timestamp="2024-01-27T17:12:06Z" hostname="c9093a01d212" tests="1" skipped="1" failures="0" errors="0" time="0.047">
    <testcase time="0.0470000000000006" classname="character(0)" name="eval_capture_conditions_works">
      <skipped message="Reason: On CRAN ('test-eval_capture_conditions.R:3:3')"/>
    </testcase>
  </testsuite>
  <testsuite name="get_ard_statistics" timestamp="2024-01-27T17:12:06Z" hostname="c9093a01d212" tests="1" skipped="1" failures="0" errors="0" time="0.106">
    <testcase time="0.106" classname="character(0)" name="get_ard_statistics_works">
      <skipped message="Reason: On CRAN ('test-get_ard_statistics.R:4:3')"/>
    </testcase>
  </testsuite>
  <testsuite name="nest_for_ard" timestamp="2024-01-27T17:12:06Z" hostname="c9093a01d212" tests="3" skipped="0" failures="0" errors="0" time="0.157">
    <testcase time="0.155" classname="character(0)" name="nest_for_ard_works"/>
    <testcase time="0.000999999999999446" classname="character(0)" name="nest_for_ard_works"/>
    <testcase time="0.00100000000000033" classname="character(0)" name="nest_for_ard_works"/>
  </testsuite>
  <testsuite name="print" timestamp="2024-01-27T17:12:06Z" hostname="c9093a01d212" tests="1" skipped="1" failures="0" errors="0" time="0.165">
    <testcase time="0.165" classname="character(0)" name="print.card_works">
      <skipped message="Reason: On CRAN ('test-print.R:2:3')"/>
    </testcase>
  </testsuite>
  <testsuite name="print_ard_conditions" timestamp="2024-01-27T17:12:06Z" hostname="c9093a01d212" tests="1" skipped="1" failures="0" errors="0" time="0.103">
    <testcase time="0.103" classname="character(0)" name="print_ard_conditions_works">
      <skipped message="Reason: On CRAN ('test-print_ard_conditions.R:3:3')"/>
    </testcase>
  </testsuite>
  <testsuite name="ard_hierarchical" timestamp="2024-01-27T17:12:07Z" hostname="c9093a01d212" tests="2" skipped="1" failures="0" errors="0" time="0.033">
    <testcase time="0.032" classname="character(0)" name="ard_hierarchical_works_without_by_variables"/>
    <testcase time="0.00100000000000033" classname="character(0)" name="ard_hierarchical_works_without_by_variables">
      <skipped message="Reason: On CRAN ('test-ard_hierarchical.R:12:3')"/>
    </testcase>
  </testsuite>
  <testsuite name="ard_hierarchical" timestamp="2024-01-27T17:12:07Z" hostname="c9093a01d212" tests="2" skipped="0" failures="0" errors="0" time="0.013">
    <testcase time="0.0119999999999996" classname="character(0)" name="ard_hierarchical_works_with_by_variable"/>
    <testcase time="0.00100000000000033" classname="character(0)" name="ard_hierarchical_works_with_by_variable"/>
  </testsuite>
  <testsuite name="ard_hierarchical" timestamp="2024-01-27T17:12:07Z" hostname="c9093a01d212" tests="2" skipped="0" failures="0" errors="0" time="0.002">
    <testcase time="0.000999999999999446" classname="character(0)" name="ard_hierarchical_works_with_by_variable_not_present_in_denominator_"/>
    <testcase time="0.00100000000000033" classname="character(0)" name="ard_hierarchical_works_with_by_variable_not_present_in_denominator_"/>
  </testsuite>
  <testsuite name="ard_hierarchical" timestamp="2024-01-27T17:12:07Z" hostname="c9093a01d212" tests="1" skipped="1" failures="0" errors="0" time="0.001">
    <testcase time="0.00100000000000033" classname="character(0)" name="ard_hierarchical_works_without_any_variables">
      <skipped message="Reason: On CRAN ('test-ard_hierarchical.R:97:3')"/>
    </testcase>
  </testsuite>
  <testsuite name="ard_hierarchical" timestamp="2024-01-27T17:12:07Z" hostname="c9093a01d212" tests="2" skipped="1" failures="0" errors="0" time="0.011">
    <testcase time="0.00999999999999979" classname="character(0)" name="ard_hierarchical_count_works_without_by_variables"/>
    <testcase time="0.00100000000000033" classname="character(0)" name="ard_hierarchical_count_works_without_by_variables">
      <skipped message="Reason: On CRAN ('test-ard_hierarchical.R:118:3')"/>
    </testcase>
  </testsuite>
  <testsuite name="ard_hierarchical" timestamp="2024-01-27T17:12:07Z" hostname="c9093a01d212" tests="2" skipped="0" failures="0" errors="0" time="0.01">
    <testcase time="0.00899999999999945" classname="character(0)" name="ard_hierarchical_count_works_with_by_variable"/>
    <testcase time="0.00100000000000033" classname="character(0)" name="ard_hierarchical_count_works_with_by_variable"/>
  </testsuite>
  <testsuite name="ard_hierarchical" timestamp="2024-01-27T17:12:07Z" hostname="c9093a01d212" tests="2" skipped="0" failures="0" errors="0" time="0.002">
    <testcase time="0.000999999999999446" classname="character(0)" name="ard_hierarchical_count_works_with_by_variable_not_present_in_denominator_"/>
    <testcase time="0.00100000000000033" classname="character(0)" name="ard_hierarchical_count_works_with_by_variable_not_present_in_denominator_"/>
  </testsuite>
  <testsuite name="ard_hierarchical" timestamp="2024-01-27T17:12:07Z" hostname="c9093a01d212" tests="1" skipped="1" failures="0" errors="0" time="0.001">
    <testcase time="0.00100000000000033" classname="character(0)" name="ard_hierarchical_count_works_without_any_variables">
      <skipped message="Reason: On CRAN ('test-ard_hierarchical.R:208:3')"/>
    </testcase>
  </testsuite>
  <testsuite name="round5" timestamp="2024-01-27T17:12:07Z" hostname="c9093a01d212" tests="1" skipped="1" failures="0" errors="0" time="0.073">
    <testcase time="0.0729999999999995" classname="character(0)" name="round5_works">
      <skipped message="Reason: On CRAN ('test-round5.R:2:3')"/>
    </testcase>
  </testsuite>
  <testsuite name="process_selectors" timestamp="2024-01-27T17:12:07Z" hostname="c9093a01d212" tests="3" skipped="1" failures="0" errors="0" time="0.062">
    <testcase time="0.0599999999999996" classname="character(0)" name="process_selectors_works"/>
    <testcase time="0.00100000000000122" classname="character(0)" name="process_selectors_works"/>
    <testcase time="0.000999999999999446" classname="character(0)" name="process_selectors_works">
      <skipped message="Reason: On CRAN ('test-process_selectors.R:21:3')"/>
    </testcase>
  </testsuite>
  <testsuite name="process_selectors" timestamp="2024-01-27T17:12:07Z" hostname="c9093a01d212" tests="2" skipped="0" failures="0" errors="0" time="0.015">
    <testcase time="0.0150000000000006" classname="character(0)" name="process_formula_selectors_works"/>
    <testcase time="0" classname="character(0)" name="process_formula_selectors_works"/>
  </testsuite>
  <testsuite name="process_selectors" timestamp="2024-01-27T17:12:07Z" hostname="c9093a01d212" tests="1" skipped="1" failures="0" errors="0" time="0.002">
    <testcase time="0.00199999999999889" classname="character(0)" name="process_formula_selectors_error_messaging">
      <skipped message="Reason: On CRAN ('test-process_selectors.R:48:3')"/>
    </testcase>
  </testsuite>
  <testsuite name="process_selectors" timestamp="2024-01-27T17:12:07Z" hostname="c9093a01d212" tests="1" skipped="1" failures="0" errors="0" time="0.01">
    <testcase time="0.00999999999999979" classname="character(0)" name="compute_formula_selector_selects_the_last_assignment_when_multiple_appear">
      <skipped message="Reason: On CRAN ('test-process_selectors.R:55:3')"/>
    </testcase>
  </testsuite>
  <testsuite name="shuffle_ard" timestamp="2024-01-27T17:12:07Z" hostname="c9093a01d212" tests="1" skipped="1" failures="0" errors="0" time="0.462">
    <testcase time="0.462000000000002" classname="character(0)" name="shuffle_trim_works">
      <skipped message="Reason: On CRAN ('test-shuffle_ard.R:9:3')"/>
    </testcase>
  </testsuite>
  <testsuite name="shuffle_ard" timestamp="2024-01-27T17:12:07Z" hostname="c9093a01d212" tests="1" skipped="0" failures="0" errors="0" time="0.015">
    <testcase time="0.0149999999999988" classname="character(0)" name="shuffle_ard_handles_protected_names"/>
  </testsuite>
  <testsuite name="shuffle_ard" timestamp="2024-01-27T17:12:07Z" hostname="c9093a01d212" tests="1" skipped="1" failures="0" errors="0" time="0.001">
    <testcase time="0.00100000000000122" classname="character(0)" name="shuffle_ard_notifies_user_about_warnings_errors_before_dropping">
      <skipped message="Reason: On CRAN ('test-shuffle_ard.R:68:3')"/>
    </testcase>
  </testsuite>
  <testsuite name="shuffle_ard" timestamp="2024-01-27T17:12:07Z" hostname="c9093a01d212" tests="1" skipped="1" failures="0" errors="0" time="0.01">
    <testcase time="0.00999999999999979" classname="character(0)" name="shuffle_ard_fills_missing_group_levels_if_the_group_is_meaningful">
      <skipped message="Reason: On CRAN ('test-shuffle_ard.R:82:3')"/>
    </testcase>
  </testsuite>
  <testsuite name="tidy_as_ard" timestamp="2024-01-27T17:12:07Z" hostname="c9093a01d212" tests="1" skipped="1" failures="0" errors="0" time="0.11">
    <testcase time="0.109999999999999" classname="character(0)" name="tidy_as_ard_works">
      <skipped message="Reason: On CRAN ('test-tidy_as_ard.R:3:3')"/>
    </testcase>
  </testsuite>
  <testsuite name="selectors" timestamp="2024-01-27T17:12:08Z" hostname="c9093a01d212" tests="7" skipped="0" failures="0" errors="0" time="0.522">
    <testcase time="0.519" classname="character(0)" name="selectors_work"/>
    <testcase time="0.000999999999999446" classname="character(0)" name="selectors_work"/>
    <testcase time="0" classname="character(0)" name="selectors_work"/>
    <testcase time="0.00100000000000122" classname="character(0)" name="selectors_work"/>
    <testcase time="0" classname="character(0)" name="selectors_work"/>
    <testcase time="0.000999999999999446" classname="character(0)" name="selectors_work"/>
    <testcase time="0" classname="character(0)" name="selectors_work"/>
  </testsuite>
</testsuites>
