<?xml version="1.0" encoding="UTF-8"?>
<testsuites>
  <testsuite name="add_calculated_row" timestamp="2025-04-09T21:31:49Z" hostname="8245d9c4f9a2" tests="2" skipped="0" failures="0" errors="0" time="1.341">
    <testcase time="1.322" classname="character(0)" name="add_calculated_row_x_"/>
    <testcase time="0.0189999999999997" classname="character(0)" name="add_calculated_row_x_"/>
  </testsuite>
  <testsuite name="add_calculated_row" timestamp="2025-04-09T21:31:49Z" hostname="8245d9c4f9a2" tests="1" skipped="0" failures="0" errors="0" time="0.006">
    <testcase time="0.00600000000000023" classname="character(0)" name="add_calculated_row_expr_messaging"/>
  </testsuite>
  <testsuite name="add_calculated_row" timestamp="2025-04-09T21:31:49Z" hostname="8245d9c4f9a2" tests="1" skipped="0" failures="0" errors="0" time="0.007">
    <testcase time="0.00699999999999967" classname="character(0)" name="add_calculated_row_by_messaging"/>
  </testsuite>
  <testsuite name="apply_fmt_fn" timestamp="2025-04-09T21:31:49Z" hostname="8245d9c4f9a2" tests="2" skipped="0" failures="0" errors="0" time="0.018">
    <testcase time="0.0180000000000002" classname="character(0)" name="apply_fmt_fn_works"/>
    <testcase time="0" classname="character(0)" name="apply_fmt_fn_works"/>
  </testsuite>
  <testsuite name="apply_fmt_fn" timestamp="2025-04-09T21:31:49Z" hostname="8245d9c4f9a2" tests="1" skipped="0" failures="0" errors="0" time="0.004">
    <testcase time="0.004" classname="character(0)" name="apply_fmt_fn_works_with_integer_specification"/>
  </testsuite>
  <testsuite name="apply_fmt_fn" timestamp="2025-04-09T21:31:49Z" hostname="8245d9c4f9a2" tests="3" skipped="0" failures="0" errors="0" time="0.002">
    <testcase time="0.00099999999999989" classname="character(0)" name="apply_fmt_fn_works_with_xx_specification"/>
    <testcase time="0.00099999999999989" classname="character(0)" name="apply_fmt_fn_works_with_xx_specification"/>
    <testcase time="0" classname="character(0)" name="apply_fmt_fn_works_with_xx_specification"/>
  </testsuite>
  <testsuite name="apply_fmt_fn" timestamp="2025-04-09T21:31:49Z" hostname="8245d9c4f9a2" tests="4" skipped="0" failures="0" errors="0" time="0.003">
    <testcase time="0.00200000000000022" classname="character(0)" name="apply_fmt_fn_error_messaging"/>
    <testcase time="0" classname="character(0)" name="apply_fmt_fn_error_messaging"/>
    <testcase time="0.00099999999999989" classname="character(0)" name="apply_fmt_fn_error_messaging"/>
    <testcase time="0" classname="character(0)" name="apply_fmt_fn_error_messaging"/>
  </testsuite>
  <testsuite name="apply_fmt_fn" timestamp="2025-04-09T21:31:49Z" hostname="8245d9c4f9a2" tests="2" skipped="0" failures="0" errors="0" time="0.002">
    <testcase time="0.00099999999999989" classname="character(0)" name="apply_fmt_fn_replace_"/>
    <testcase time="0.00100000000000033" classname="character(0)" name="apply_fmt_fn_replace_"/>
  </testsuite>
  <testsuite name="ard_attributes" timestamp="2025-04-09T21:31:49Z" hostname="8245d9c4f9a2" tests="1" skipped="0" failures="0" errors="0" time="0.219">
    <testcase time="0.219" classname="character(0)" name="ard_attributes_works"/>
  </testsuite>
  <testsuite name="ard_attributes" timestamp="2025-04-09T21:31:49Z" hostname="8245d9c4f9a2" tests="1" skipped="0" failures="0" errors="0" time="0.003">
    <testcase time="0.00300000000000011" classname="character(0)" name="ard_attributes_errors_when_there_is_no_dataframe"/>
  </testsuite>
  <testsuite name="ard_attributes" timestamp="2025-04-09T21:31:49Z" hostname="8245d9c4f9a2" tests="1" skipped="0" failures="0" errors="0" time="0.002">
    <testcase time="0.00199999999999978" classname="character(0)" name="ard_attributes_follows_ard_structure"/>
  </testsuite>
  <testsuite name="ard_attributes" timestamp="2025-04-09T21:31:49Z" hostname="8245d9c4f9a2" tests="1" skipped="0" failures="0" errors="0" time="0.002">
    <testcase time="0.00200000000000022" classname="character(0)" name="ard_attributes_requires_label_as_a_named_list"/>
  </testsuite>
  <testsuite name="ard_complex" timestamp="2025-04-09T21:31:50Z" hostname="8245d9c4f9a2" tests="5" skipped="0" failures="0" errors="0" time="1.143">
    <testcase time="1.139" classname="character(0)" name="ard_complex_works"/>
    <testcase time="0.00099999999999989" classname="character(0)" name="ard_complex_works"/>
    <testcase time="0.00100000000000033" classname="character(0)" name="ard_complex_works"/>
    <testcase time="0.00099999999999989" classname="character(0)" name="ard_complex_works"/>
    <testcase time="0.00099999999999989" classname="character(0)" name="ard_complex_works"/>
  </testsuite>
  <testsuite name="ard_complex" timestamp="2025-04-09T21:31:50Z" hostname="8245d9c4f9a2" tests="1" skipped="0" failures="0" errors="0" time="0.005">
    <testcase time="0.00499999999999989" classname="character(0)" name="ard_complex_messaging"/>
  </testsuite>
  <testsuite name="ard_complex" timestamp="2025-04-09T21:31:50Z" hostname="8245d9c4f9a2" tests="1" skipped="0" failures="0" errors="0" time="0.003">
    <testcase time="0.00300000000000011" classname="character(0)" name="ard_complex_with_grouped_data_works"/>
  </testsuite>
  <testsuite name="ard_complex" timestamp="2025-04-09T21:31:50Z" hostname="8245d9c4f9a2" tests="1" skipped="0" failures="0" errors="0" time="0.002">
    <testcase time="0.00200000000000022" classname="character(0)" name="ard_complex_follows_ard_structure"/>
  </testsuite>
  <testsuite name="ard_complex" timestamp="2025-04-09T21:31:50Z" hostname="8245d9c4f9a2" tests="2" skipped="0" failures="0" errors="0" time="0.003">
    <testcase time="0.00199999999999978" classname="character(0)" name="ard_complex_errors_with_incorrect_factor_columns"/>
    <testcase time="0.00099999999999989" classname="character(0)" name="ard_complex_errors_with_incorrect_factor_columns"/>
  </testsuite>
  <testsuite name="ard_complex" timestamp="2025-04-09T21:31:50Z" hostname="8245d9c4f9a2" tests="2" skipped="0" failures="0" errors="0" time="0.003">
    <testcase time="0.00200000000000022" classname="character(0)" name="ard_complex_with_as_cards_fn_inputs"/>
    <testcase time="0.00099999999999989" classname="character(0)" name="ard_complex_with_as_cards_fn_inputs"/>
  </testsuite>
  <testsuite name="ard_categorical" timestamp="2025-04-09T21:32:01Z" hostname="8245d9c4f9a2" tests="8" skipped="0" failures="0" errors="0" time="10.81">
    <testcase time="10.804" classname="character(0)" name="ard_categorical_univariate"/>
    <testcase time="0.000999999999999446" classname="character(0)" name="ard_categorical_univariate"/>
    <testcase time="0.000999999999999446" classname="character(0)" name="ard_categorical_univariate"/>
    <testcase time="0.00100000000000122" classname="character(0)" name="ard_categorical_univariate"/>
    <testcase time="0.000999999999999446" classname="character(0)" name="ard_categorical_univariate"/>
    <testcase time="0" classname="character(0)" name="ard_categorical_univariate"/>
    <testcase time="0.000999999999999446" classname="character(0)" name="ard_categorical_univariate"/>
    <testcase time="0.00100000000000122" classname="character(0)" name="ard_categorical_univariate"/>
  </testsuite>
  <testsuite name="ard_categorical" timestamp="2025-04-09T21:32:01Z" hostname="8245d9c4f9a2" tests="5" skipped="0" failures="0" errors="0" time="0.004">
    <testcase time="0.00199999999999889" classname="character(0)" name="ard_categorical_univariate_specified_denomiator"/>
    <testcase time="0" classname="character(0)" name="ard_categorical_univariate_specified_denomiator"/>
    <testcase time="0.00100000000000122" classname="character(0)" name="ard_categorical_univariate_specified_denomiator"/>
    <testcase time="0" classname="character(0)" name="ard_categorical_univariate_specified_denomiator"/>
    <testcase time="0.000999999999999446" classname="character(0)" name="ard_categorical_univariate_specified_denomiator"/>
  </testsuite>
  <testsuite name="ard_categorical" timestamp="2025-04-09T21:32:01Z" hostname="8245d9c4f9a2" tests="2" skipped="0" failures="0" errors="0" time="0.001">
    <testcase time="0.000999999999999446" classname="character(0)" name="ard_continuous_fmt_fn_argument_works"/>
    <testcase time="0" classname="character(0)" name="ard_continuous_fmt_fn_argument_works"/>
  </testsuite>
  <testsuite name="ard_categorical" timestamp="2025-04-09T21:32:01Z" hostname="8245d9c4f9a2" tests="8" skipped="0" failures="0" errors="0" time="0.005">
    <testcase time="0.00200000000000067" classname="character(0)" name="ard_categorical_with_strata_and_by_arguments"/>
    <testcase time="0" classname="character(0)" name="ard_categorical_with_strata_and_by_arguments"/>
    <testcase time="0.000999999999999446" classname="character(0)" name="ard_categorical_with_strata_and_by_arguments"/>
    <testcase time="0" classname="character(0)" name="ard_categorical_with_strata_and_by_arguments"/>
    <testcase time="0.000999999999999446" classname="character(0)" name="ard_categorical_with_strata_and_by_arguments"/>
    <testcase time="0" classname="character(0)" name="ard_categorical_with_strata_and_by_arguments"/>
    <testcase time="0.00100000000000122" classname="character(0)" name="ard_categorical_with_strata_and_by_arguments"/>
    <testcase time="0" classname="character(0)" name="ard_categorical_with_strata_and_by_arguments"/>
  </testsuite>
  <testsuite name="ard_categorical" timestamp="2025-04-09T21:32:01Z" hostname="8245d9c4f9a2" tests="3" skipped="0" failures="0" errors="0" time="0.002">
    <testcase time="0.00199999999999889" classname="character(0)" name="ard_categorical_stat_label_argument_works"/>
    <testcase time="0" classname="character(0)" name="ard_categorical_stat_label_argument_works"/>
    <testcase time="0" classname="character(0)" name="ard_categorical_stat_label_argument_works"/>
  </testsuite>
  <testsuite name="ard_categorical" timestamp="2025-04-09T21:32:01Z" hostname="8245d9c4f9a2" tests="5" skipped="0" failures="0" errors="0" time="0.006">
    <testcase time="0.00200000000000067" classname="character(0)" name="ard_categorical_denominator_cell_works"/>
    <testcase time="0.00200000000000067" classname="character(0)" name="ard_categorical_denominator_cell_works"/>
    <testcase time="0.000999999999999446" classname="character(0)" name="ard_categorical_denominator_cell_works"/>
    <testcase time="0" classname="character(0)" name="ard_categorical_denominator_cell_works"/>
    <testcase time="0.000999999999999446" classname="character(0)" name="ard_categorical_denominator_cell_works"/>
  </testsuite>
  <testsuite name="ard_categorical" timestamp="2025-04-09T21:32:01Z" hostname="8245d9c4f9a2" tests="9" skipped="0" failures="0" errors="0" time="0.005">
    <testcase time="0.00100000000000122" classname="character(0)" name="ard_categorical_denominator_row_works"/>
    <testcase time="0.000999999999999446" classname="character(0)" name="ard_categorical_denominator_row_works"/>
    <testcase time="0" classname="character(0)" name="ard_categorical_denominator_row_works"/>
    <testcase time="0.000999999999999446" classname="character(0)" name="ard_categorical_denominator_row_works"/>
    <testcase time="0" classname="character(0)" name="ard_categorical_denominator_row_works"/>
    <testcase time="0.00100000000000122" classname="character(0)" name="ard_categorical_denominator_row_works"/>
    <testcase time="0" classname="character(0)" name="ard_categorical_denominator_row_works"/>
    <testcase time="0.000999999999999446" classname="character(0)" name="ard_categorical_denominator_row_works"/>
    <testcase time="0" classname="character(0)" name="ard_categorical_denominator_row_works"/>
  </testsuite>
  <testsuite name="ard_categorical" timestamp="2025-04-09T21:32:01Z" hostname="8245d9c4f9a2" tests="5" skipped="0" failures="0" errors="0" time="0.003">
    <testcase time="0.000999999999999446" classname="character(0)" name="ard_categorical_denominator_column_works"/>
    <testcase time="0.000999999999999446" classname="character(0)" name="ard_categorical_denominator_column_works"/>
    <testcase time="0" classname="character(0)" name="ard_categorical_denominator_column_works"/>
    <testcase time="0.00100000000000122" classname="character(0)" name="ard_categorical_denominator_column_works"/>
    <testcase time="0" classname="character(0)" name="ard_categorical_denominator_column_works"/>
  </testsuite>
  <testsuite name="ard_categorical" timestamp="2025-04-09T21:32:01Z" hostname="8245d9c4f9a2" tests="1" skipped="0" failures="0" errors="0" time="0.002">
    <testcase time="0.00199999999999889" classname="character(0)" name="ard_categorical_denominator_integer_works"/>
  </testsuite>
  <testsuite name="ard_categorical" timestamp="2025-04-09T21:32:01Z" hostname="8245d9c4f9a2" tests="3" skipped="0" failures="0" errors="0" time="0.002">
    <testcase time="0.00100000000000122" classname="character(0)" name="ard_categorical_denominator_data_frame_with_counts_works"/>
    <testcase time="0.000999999999999446" classname="character(0)" name="ard_categorical_denominator_data_frame_with_counts_works"/>
    <testcase time="0" classname="character(0)" name="ard_categorical_denominator_data_frame_with_counts_works"/>
  </testsuite>
  <testsuite name="ard_categorical" timestamp="2025-04-09T21:32:01Z" hostname="8245d9c4f9a2" tests="2" skipped="0" failures="0" errors="0" time="0.002">
    <testcase time="0.00200000000000067" classname="character(0)" name="ard_categorical_denominator_data_frame_without_counts_works"/>
    <testcase time="0" classname="character(0)" name="ard_categorical_denominator_data_frame_without_counts_works"/>
  </testsuite>
  <testsuite name="ard_categorical" timestamp="2025-04-09T21:32:01Z" hostname="8245d9c4f9a2" tests="2" skipped="0" failures="0" errors="0" time="0.002">
    <testcase time="0.000999999999999446" classname="character(0)" name="ard_categorical_and_ARD_column_names"/>
    <testcase time="0.000999999999999446" classname="character(0)" name="ard_categorical_and_ARD_column_names"/>
  </testsuite>
  <testsuite name="ard_categorical" timestamp="2025-04-09T21:32:01Z" hostname="8245d9c4f9a2" tests="1" skipped="0" failures="0" errors="0" time="0.001">
    <testcase time="0.00100000000000122" classname="character(0)" name="ard_categorical_with_grouped_data_works"/>
  </testsuite>
  <testsuite name="ard_categorical" timestamp="2025-04-09T21:32:01Z" hostname="8245d9c4f9a2" tests="1" skipped="0" failures="0" errors="0" time="0.002">
    <testcase time="0.00199999999999889" classname="character(0)" name="ard_categorical_and_all_NA_columns"/>
  </testsuite>
  <testsuite name="ard_categorical" timestamp="2025-04-09T21:32:01Z" hostname="8245d9c4f9a2" tests="4" skipped="0" failures="0" errors="0" time="0.002">
    <testcase time="0.00100000000000122" classname="character(0)" name="ard_categorical_can_handle_non_syntactic_column_names"/>
    <testcase time="0" classname="character(0)" name="ard_categorical_can_handle_non_syntactic_column_names"/>
    <testcase time="0.000999999999999446" classname="character(0)" name="ard_categorical_can_handle_non_syntactic_column_names"/>
    <testcase time="0" classname="character(0)" name="ard_categorical_can_handle_non_syntactic_column_names"/>
  </testsuite>
  <testsuite name="ard_categorical" timestamp="2025-04-09T21:32:01Z" hostname="8245d9c4f9a2" tests="1" skipped="0" failures="0" errors="0" time="0.002">
    <testcase time="0.00199999999999889" classname="character(0)" name="ard_categorical_strata_returns_results_in_proper_order"/>
  </testsuite>
  <testsuite name="ard_categorical" timestamp="2025-04-09T21:32:01Z" hostname="8245d9c4f9a2" tests="2" skipped="0" failures="0" errors="0" time="0.002">
    <testcase time="0.00100000000000122" classname="character(0)" name="ard_categorical_by_messages_about_protected_names"/>
    <testcase time="0.000999999999999446" classname="character(0)" name="ard_categorical_by_messages_about_protected_names"/>
  </testsuite>
  <testsuite name="ard_categorical" timestamp="2025-04-09T21:32:01Z" hostname="8245d9c4f9a2" tests="15" skipped="0" failures="0" errors="0" time="0.008">
    <testcase time="0.000999999999999446" classname="character(0)" name="ard_categorical_works_when_using_generic_names_"/>
    <testcase time="0.00100000000000122" classname="character(0)" name="ard_categorical_works_when_using_generic_names_"/>
    <testcase time="0" classname="character(0)" name="ard_categorical_works_when_using_generic_names_"/>
    <testcase time="0" classname="character(0)" name="ard_categorical_works_when_using_generic_names_"/>
    <testcase time="0.000999999999999446" classname="character(0)" name="ard_categorical_works_when_using_generic_names_"/>
    <testcase time="0" classname="character(0)" name="ard_categorical_works_when_using_generic_names_"/>
    <testcase time="0.000999999999999446" classname="character(0)" name="ard_categorical_works_when_using_generic_names_"/>
    <testcase time="0" classname="character(0)" name="ard_categorical_works_when_using_generic_names_"/>
    <testcase time="0.00100000000000122" classname="character(0)" name="ard_categorical_works_when_using_generic_names_"/>
    <testcase time="0" classname="character(0)" name="ard_categorical_works_when_using_generic_names_"/>
    <testcase time="0.000999999999999446" classname="character(0)" name="ard_categorical_works_when_using_generic_names_"/>
    <testcase time="0" classname="character(0)" name="ard_categorical_works_when_using_generic_names_"/>
    <testcase time="0.000999999999999446" classname="character(0)" name="ard_categorical_works_when_using_generic_names_"/>
    <testcase time="0" classname="character(0)" name="ard_categorical_works_when_using_generic_names_"/>
    <testcase time="0.00100000000000122" classname="character(0)" name="ard_categorical_works_when_using_generic_names_"/>
  </testsuite>
  <testsuite name="ard_categorical" timestamp="2025-04-09T21:32:01Z" hostname="8245d9c4f9a2" tests="2" skipped="0" failures="0" errors="0" time="0.002">
    <testcase time="0.000999999999999446" classname="character(0)" name="ard_categorical_by_messages_about_protected_names"/>
    <testcase time="0.000999999999999446" classname="character(0)" name="ard_categorical_by_messages_about_protected_names"/>
  </testsuite>
  <testsuite name="ard_categorical" timestamp="2025-04-09T21:32:01Z" hostname="8245d9c4f9a2" tests="1" skipped="0" failures="0" errors="0" time="0.001">
    <testcase time="0.000999999999999446" classname="character(0)" name="ard_categorical_follows_ard_structure"/>
  </testsuite>
  <testsuite name="ard_categorical" timestamp="2025-04-09T21:32:01Z" hostname="8245d9c4f9a2" tests="2" skipped="0" failures="0" errors="0" time="0.002">
    <testcase time="0.00200000000000067" classname="character(0)" name="ard_categorical_with_hms_times"/>
    <testcase time="0" classname="character(0)" name="ard_categorical_with_hms_times"/>
  </testsuite>
  <testsuite name="ard_categorical" timestamp="2025-04-09T21:32:01Z" hostname="8245d9c4f9a2" tests="2" skipped="0" failures="0" errors="0" time="0.002">
    <testcase time="0.000999999999999446" classname="character(0)" name="ard_categorical_errors_with_incomplete_factor_columns"/>
    <testcase time="0.00100000000000122" classname="character(0)" name="ard_categorical_errors_with_incomplete_factor_columns"/>
  </testsuite>
  <testsuite name="ard_categorical" timestamp="2025-04-09T21:32:01Z" hostname="8245d9c4f9a2" tests="13" skipped="0" failures="0" errors="0" time="0.007">
    <testcase time="0.000999999999999446" classname="character(0)" name="ard_categorical_denominator_column_with_cumulative_counts"/>
    <testcase time="0.000999999999999446" classname="character(0)" name="ard_categorical_denominator_column_with_cumulative_counts"/>
    <testcase time="0" classname="character(0)" name="ard_categorical_denominator_column_with_cumulative_counts"/>
    <testcase time="0.00100000000000122" classname="character(0)" name="ard_categorical_denominator_column_with_cumulative_counts"/>
    <testcase time="0" classname="character(0)" name="ard_categorical_denominator_column_with_cumulative_counts"/>
    <testcase time="0.000999999999999446" classname="character(0)" name="ard_categorical_denominator_column_with_cumulative_counts"/>
    <testcase time="0" classname="character(0)" name="ard_categorical_denominator_column_with_cumulative_counts"/>
    <testcase time="0.000999999999999446" classname="character(0)" name="ard_categorical_denominator_column_with_cumulative_counts"/>
    <testcase time="0" classname="character(0)" name="ard_categorical_denominator_column_with_cumulative_counts"/>
    <testcase time="0.00100000000000122" classname="character(0)" name="ard_categorical_denominator_column_with_cumulative_counts"/>
    <testcase time="0" classname="character(0)" name="ard_categorical_denominator_column_with_cumulative_counts"/>
    <testcase time="0.000999999999999446" classname="character(0)" name="ard_categorical_denominator_column_with_cumulative_counts"/>
    <testcase time="0" classname="character(0)" name="ard_categorical_denominator_column_with_cumulative_counts"/>
  </testsuite>
  <testsuite name="ard_categorical" timestamp="2025-04-09T21:32:01Z" hostname="8245d9c4f9a2" tests="6" skipped="0" failures="0" errors="0" time="0.004">
    <testcase time="0.00200000000000067" classname="character(0)" name="ard_categorical_denominator_row_with_cumulative_counts"/>
    <testcase time="0" classname="character(0)" name="ard_categorical_denominator_row_with_cumulative_counts"/>
    <testcase time="0.000999999999999446" classname="character(0)" name="ard_categorical_denominator_row_with_cumulative_counts"/>
    <testcase time="0" classname="character(0)" name="ard_categorical_denominator_row_with_cumulative_counts"/>
    <testcase time="0.000999999999999446" classname="character(0)" name="ard_categorical_denominator_row_with_cumulative_counts"/>
    <testcase time="0" classname="character(0)" name="ard_categorical_denominator_row_with_cumulative_counts"/>
  </testsuite>
  <testsuite name="ard_categorical" timestamp="2025-04-09T21:32:01Z" hostname="8245d9c4f9a2" tests="1" skipped="0" failures="0" errors="0" time="0.002">
    <testcase time="0.00200000000000067" classname="character(0)" name="ard_categorical_with_cumulative_counts_messaging"/>
  </testsuite>
  <testsuite name="ard_categorical" timestamp="2025-04-09T21:32:01Z" hostname="8245d9c4f9a2" tests="1" skipped="0" failures="0" errors="0" time="0.001">
    <testcase time="0.000999999999999446" classname="character(0)" name="ard_categorical_ordering_for_multiple_strata"/>
  </testsuite>
  <testsuite name="ard_dichotomous" timestamp="2025-04-09T21:32:02Z" hostname="8245d9c4f9a2" tests="5" skipped="0" failures="0" errors="0" time="1.228">
    <testcase time="1.226" classname="character(0)" name="ard_dichotomous_works"/>
    <testcase time="0.000999999999999446" classname="character(0)" name="ard_dichotomous_works"/>
    <testcase time="0" classname="character(0)" name="ard_dichotomous_works"/>
    <testcase time="0.000999999999999446" classname="character(0)" name="ard_dichotomous_works"/>
    <testcase time="0" classname="character(0)" name="ard_dichotomous_works"/>
  </testsuite>
  <testsuite name="ard_dichotomous" timestamp="2025-04-09T21:32:02Z" hostname="8245d9c4f9a2" tests="3" skipped="0" failures="0" errors="0" time="0.003">
    <testcase time="0.00200000000000067" classname="character(0)" name="ard_dichotomous_works"/>
    <testcase time="0" classname="character(0)" name="ard_dichotomous_works"/>
    <testcase time="0.000999999999999446" classname="character(0)" name="ard_dichotomous_works"/>
  </testsuite>
  <testsuite name="ard_dichotomous" timestamp="2025-04-09T21:32:02Z" hostname="8245d9c4f9a2" tests="1" skipped="0" failures="0" errors="0" time="0.001">
    <testcase time="0.00100000000000122" classname="character(0)" name="ard_dichotomous_with_grouped_data_works"/>
  </testsuite>
  <testsuite name="ard_dichotomous" timestamp="2025-04-09T21:32:02Z" hostname="8245d9c4f9a2" tests="1" skipped="0" failures="0" errors="0" time="0.002">
    <testcase time="0.00199999999999889" classname="character(0)" name="ard_dichotomous_follows_ard_structure"/>
  </testsuite>
  <testsuite name="ard_dichotomous" timestamp="2025-04-09T21:32:02Z" hostname="8245d9c4f9a2" tests="2" skipped="0" failures="0" errors="0" time="0.001">
    <testcase time="0.000999999999999446" classname="character(0)" name="ard_dichotomous_errors_with_incomplete_factor_columns"/>
    <testcase time="0" classname="character(0)" name="ard_dichotomous_errors_with_incomplete_factor_columns"/>
  </testsuite>
  <testsuite name="ard_formals" timestamp="2025-04-09T21:32:02Z" hostname="8245d9c4f9a2" tests="4" skipped="0" failures="0" errors="0" time="0.125">
    <testcase time="0.122999999999999" classname="character(0)" name="ard_formals_works"/>
    <testcase time="0.000999999999999446" classname="character(0)" name="ard_formals_works"/>
    <testcase time="0" classname="character(0)" name="ard_formals_works"/>
    <testcase time="0.00100000000000122" classname="character(0)" name="ard_formals_works"/>
  </testsuite>
  <testsuite name="ard_hierarchical" timestamp="2025-04-09T21:32:12Z" hostname="8245d9c4f9a2" tests="3" skipped="0" failures="0" errors="0" time="9.657">
    <testcase time="9.656" classname="character(0)" name="ard_hierarchical_works_without_by_variables"/>
    <testcase time="0" classname="character(0)" name="ard_hierarchical_works_without_by_variables"/>
    <testcase time="0.000999999999997669" classname="character(0)" name="ard_hierarchical_works_without_by_variables"/>
  </testsuite>
  <testsuite name="ard_hierarchical" timestamp="2025-04-09T21:32:12Z" hostname="8245d9c4f9a2" tests="2" skipped="0" failures="0" errors="0" time="0.001">
    <testcase time="0.00100000000000122" classname="character(0)" name="ard_hierarchical_works_with_by_variable"/>
    <testcase time="0" classname="character(0)" name="ard_hierarchical_works_with_by_variable"/>
  </testsuite>
  <testsuite name="ard_hierarchical" timestamp="2025-04-09T21:32:12Z" hostname="8245d9c4f9a2" tests="2" skipped="0" failures="0" errors="0" time="0.002">
    <testcase time="0.00199999999999889" classname="character(0)" name="ard_hierarchical_works_with_by_variable_not_present_in_denominator_"/>
    <testcase time="0" classname="character(0)" name="ard_hierarchical_works_with_by_variable_not_present_in_denominator_"/>
  </testsuite>
  <testsuite name="ard_hierarchical" timestamp="2025-04-09T21:32:12Z" hostname="8245d9c4f9a2" tests="1" skipped="0" failures="0" errors="0" time="0.002">
    <testcase time="0.00199999999999889" classname="character(0)" name="ard_hierarchical_works_without_any_variables"/>
  </testsuite>
  <testsuite name="ard_hierarchical" timestamp="2025-04-09T21:32:12Z" hostname="8245d9c4f9a2" tests="2" skipped="0" failures="0" errors="0" time="0.001">
    <testcase time="0.00100000000000122" classname="character(0)" name="ard_hierarchical_id_argument_works"/>
    <testcase time="0" classname="character(0)" name="ard_hierarchical_id_argument_works"/>
  </testsuite>
  <testsuite name="ard_hierarchical" timestamp="2025-04-09T21:32:12Z" hostname="8245d9c4f9a2" tests="4" skipped="0" failures="0" errors="0" time="0.003">
    <testcase time="0.00199999999999889" classname="character(0)" name="ard_hierarchical_count_works_without_by_variables"/>
    <testcase time="0" classname="character(0)" name="ard_hierarchical_count_works_without_by_variables"/>
    <testcase time="0.00100000000000122" classname="character(0)" name="ard_hierarchical_count_works_without_by_variables"/>
    <testcase time="0" classname="character(0)" name="ard_hierarchical_count_works_without_by_variables"/>
  </testsuite>
  <testsuite name="ard_hierarchical" timestamp="2025-04-09T21:32:12Z" hostname="8245d9c4f9a2" tests="2" skipped="0" failures="0" errors="0" time="0.002">
    <testcase time="0.00199999999999889" classname="character(0)" name="ard_hierarchical_count_works_with_by_variable"/>
    <testcase time="0" classname="character(0)" name="ard_hierarchical_count_works_with_by_variable"/>
  </testsuite>
  <testsuite name="ard_hierarchical" timestamp="2025-04-09T21:32:12Z" hostname="8245d9c4f9a2" tests="2" skipped="0" failures="0" errors="0" time="0.002">
    <testcase time="0.00200000000000244" classname="character(0)" name="ard_hierarchical_count_works_with_by_variable_not_present_in_denominator_"/>
    <testcase time="0" classname="character(0)" name="ard_hierarchical_count_works_with_by_variable_not_present_in_denominator_"/>
  </testsuite>
  <testsuite name="ard_hierarchical" timestamp="2025-04-09T21:32:12Z" hostname="8245d9c4f9a2" tests="1" skipped="0" failures="0" errors="0" time="0.002">
    <testcase time="0.00199999999999889" classname="character(0)" name="ard_hierarchical_count_works_without_any_variables"/>
  </testsuite>
  <testsuite name="ard_hierarchical" timestamp="2025-04-09T21:32:12Z" hostname="8245d9c4f9a2" tests="2" skipped="0" failures="0" errors="0" time="0.002">
    <testcase time="0.00100000000000122" classname="character(0)" name="ard_hierarchical_and_ard_hierarchical_count_with_grouped_data_works"/>
    <testcase time="0.000999999999997669" classname="character(0)" name="ard_hierarchical_and_ard_hierarchical_count_with_grouped_data_works"/>
  </testsuite>
  <testsuite name="ard_hierarchical" timestamp="2025-04-09T21:32:12Z" hostname="8245d9c4f9a2" tests="1" skipped="0" failures="0" errors="0" time="0.001">
    <testcase time="0.00100000000000122" classname="character(0)" name="ard_hierarchical_follows_ard_structure"/>
  </testsuite>
  <testsuite name="ard_hierarchical" timestamp="2025-04-09T21:32:12Z" hostname="8245d9c4f9a2" tests="2" skipped="0" failures="0" errors="0" time="0.002">
    <testcase time="0.00199999999999889" classname="character(0)" name="ard_hierarchical_errors_with_incomplete_factor_columns"/>
    <testcase time="0" classname="character(0)" name="ard_hierarchical_errors_with_incomplete_factor_columns"/>
  </testsuite>
  <testsuite name="ard_hierarchical" timestamp="2025-04-09T21:32:12Z" hostname="8245d9c4f9a2" tests="2" skipped="0" failures="0" errors="0" time="0.002">
    <testcase time="0.00200000000000244" classname="character(0)" name="ard_hierarchical_count_errors_with_incomplete_factor_columns"/>
    <testcase time="0" classname="character(0)" name="ard_hierarchical_count_errors_with_incomplete_factor_columns"/>
  </testsuite>
  <testsuite name="ard_hierarchical" timestamp="2025-04-09T21:32:12Z" hostname="8245d9c4f9a2" tests="3" skipped="0" failures="0" errors="0" time="0.003">
    <testcase time="0.00199999999999889" classname="character(0)" name="ard_hierarchical_count_provides_correct_results_with_10_groups"/>
    <testcase time="0" classname="character(0)" name="ard_hierarchical_count_provides_correct_results_with_10_groups"/>
    <testcase time="0.000999999999997669" classname="character(0)" name="ard_hierarchical_count_provides_correct_results_with_10_groups"/>
  </testsuite>
  <testsuite name="ard_missing" timestamp="2025-04-09T21:32:13Z" hostname="8245d9c4f9a2" tests="3" skipped="0" failures="0" errors="0" time="0.716">
    <testcase time="0.714000000000002" classname="character(0)" name="ard_missing_works"/>
    <testcase time="0.00100000000000122" classname="character(0)" name="ard_missing_works"/>
    <testcase time="0.000999999999997669" classname="character(0)" name="ard_missing_works"/>
  </testsuite>
  <testsuite name="ard_missing" timestamp="2025-04-09T21:32:13Z" hostname="8245d9c4f9a2" tests="3" skipped="0" failures="0" errors="0" time="0.002">
    <testcase time="0.00100000000000122" classname="character(0)" name="ard_missing_stat_label_argument_works"/>
    <testcase time="0.000999999999997669" classname="character(0)" name="ard_missing_stat_label_argument_works"/>
    <testcase time="0" classname="character(0)" name="ard_missing_stat_label_argument_works"/>
  </testsuite>
  <testsuite name="ard_missing" timestamp="2025-04-09T21:32:13Z" hostname="8245d9c4f9a2" tests="1" skipped="0" failures="0" errors="0" time="0.002">
    <testcase time="0.00200000000000244" classname="character(0)" name="ard_missing_with_grouped_data_works"/>
  </testsuite>
  <testsuite name="ard_missing" timestamp="2025-04-09T21:32:13Z" hostname="8245d9c4f9a2" tests="1" skipped="0" failures="0" errors="0" time="0.001">
    <testcase time="0.000999999999997669" classname="character(0)" name="ard_missing_follows_ard_structure"/>
  </testsuite>
  <testsuite name="ard_pairwise" timestamp="2025-04-09T21:32:13Z" hostname="8245d9c4f9a2" tests="4" skipped="0" failures="0" errors="0" time="0.706">
    <testcase time="0.704000000000001" classname="character(0)" name="ard_pairwise_works"/>
    <testcase time="0.00100000000000122" classname="character(0)" name="ard_pairwise_works"/>
    <testcase time="0" classname="character(0)" name="ard_pairwise_works"/>
    <testcase time="0.00100000000000122" classname="character(0)" name="ard_pairwise_works"/>
  </testsuite>
  <testsuite name="ard_pairwise" timestamp="2025-04-09T21:32:13Z" hostname="8245d9c4f9a2" tests="4" skipped="0" failures="0" errors="0" time="0.003">
    <testcase time="0.00199999999999889" classname="character(0)" name="ard_pairwise_variable_"/>
    <testcase time="0" classname="character(0)" name="ard_pairwise_variable_"/>
    <testcase time="0.00100000000000122" classname="character(0)" name="ard_pairwise_variable_"/>
    <testcase time="0" classname="character(0)" name="ard_pairwise_variable_"/>
  </testsuite>
  <testsuite name="ard_pairwise" timestamp="2025-04-09T21:32:13Z" hostname="8245d9c4f9a2" tests="2" skipped="0" failures="0" errors="0" time="0.002">
    <testcase time="0.00199999999999889" classname="character(0)" name="ard_pairwise_variable_messaging"/>
    <testcase time="0" classname="character(0)" name="ard_pairwise_variable_messaging"/>
  </testsuite>
  <testsuite name="ard_pairwise" timestamp="2025-04-09T21:32:13Z" hostname="8245d9c4f9a2" tests="2" skipped="0" failures="0" errors="0" time="0.002">
    <testcase time="0.00199999999999889" classname="character(0)" name="ard_pairwise_include_"/>
    <testcase time="0" classname="character(0)" name="ard_pairwise_include_"/>
  </testsuite>
  <testsuite name="ard_pairwise" timestamp="2025-04-09T21:32:13Z" hostname="8245d9c4f9a2" tests="1" skipped="0" failures="0" errors="0" time="0.002">
    <testcase time="0.00200000000000244" classname="character(0)" name="ard_pairwise_.f_messaging"/>
  </testsuite>
  <testsuite name="ard_pairwise" timestamp="2025-04-09T21:32:13Z" hostname="8245d9c4f9a2" tests="2" skipped="0" failures="0" errors="0" time="0.002">
    <testcase time="0.000999999999997669" classname="character(0)" name="ard_pairwise_include_messaging"/>
    <testcase time="0.00100000000000122" classname="character(0)" name="ard_pairwise_include_messaging"/>
  </testsuite>
  <testsuite name="ard_stack" timestamp="2025-04-09T21:32:21Z" hostname="8245d9c4f9a2" tests="7" skipped="0" failures="0" errors="0" time="7.476">
    <testcase time="7.473" classname="character(0)" name="ard_stack_works"/>
    <testcase time="0" classname="character(0)" name="ard_stack_works"/>
    <testcase time="0.000999999999997669" classname="character(0)" name="ard_stack_works"/>
    <testcase time="0" classname="character(0)" name="ard_stack_works"/>
    <testcase time="0.00100000000000477" classname="character(0)" name="ard_stack_works"/>
    <testcase time="0" classname="character(0)" name="ard_stack_works"/>
    <testcase time="0.000999999999997669" classname="character(0)" name="ard_stack_works"/>
  </testsuite>
  <testsuite name="ard_stack" timestamp="2025-04-09T21:32:21Z" hostname="8245d9c4f9a2" tests="2" skipped="0" failures="0" errors="0" time="0.002">
    <testcase time="0.000999999999997669" classname="character(0)" name="ard_stack_adding_overalls"/>
    <testcase time="0.00100000000000477" classname="character(0)" name="ard_stack_adding_overalls"/>
  </testsuite>
  <testsuite name="ard_stack" timestamp="2025-04-09T21:32:21Z" hostname="8245d9c4f9a2" tests="4" skipped="0" failures="0" errors="0" time="0.003">
    <testcase time="0.00199999999999534" classname="character(0)" name="ard_stack_adding_missing_attributes"/>
    <testcase time="0" classname="character(0)" name="ard_stack_adding_missing_attributes"/>
    <testcase time="0.00100000000000477" classname="character(0)" name="ard_stack_adding_missing_attributes"/>
    <testcase time="0" classname="character(0)" name="ard_stack_adding_missing_attributes"/>
  </testsuite>
  <testsuite name="ard_stack" timestamp="2025-04-09T21:32:21Z" hostname="8245d9c4f9a2" tests="4" skipped="0" failures="0" errors="0" time="0.003">
    <testcase time="0.00199999999999534" classname="character(0)" name="ard_stack_.shuffle_argument"/>
    <testcase time="0" classname="character(0)" name="ard_stack_.shuffle_argument"/>
    <testcase time="0.00100000000000477" classname="character(0)" name="ard_stack_.shuffle_argument"/>
    <testcase time="0" classname="character(0)" name="ard_stack_.shuffle_argument"/>
  </testsuite>
  <testsuite name="ard_stack" timestamp="2025-04-09T21:32:21Z" hostname="8245d9c4f9a2" tests="1" skipped="0" failures="0" errors="0" time="0.002">
    <testcase time="0.00199999999999534" classname="character(0)" name="ard_stack_adding_total_N"/>
  </testsuite>
  <testsuite name="ard_stack" timestamp="2025-04-09T21:32:21Z" hostname="8245d9c4f9a2" tests="1" skipped="0" failures="0" errors="0" time="0.001">
    <testcase time="0.00100000000000477" classname="character(0)" name="ard_stack_works_with_namespaced_functions"/>
  </testsuite>
  <testsuite name="ard_stack" timestamp="2025-04-09T21:32:21Z" hostname="8245d9c4f9a2" tests="2" skipped="0" failures="0" errors="0" time="0.002">
    <testcase time="0.00199999999999534" classname="character(0)" name="ard_stack_messaging"/>
    <testcase time="0" classname="character(0)" name="ard_stack_messaging"/>
  </testsuite>
  <testsuite name="ard_stack" timestamp="2025-04-09T21:32:21Z" hostname="8245d9c4f9a2" tests="1" skipped="0" failures="0" errors="0" time="0.002">
    <testcase time="0.00200000000000244" classname="character(0)" name="ard_stack_complex_call_error"/>
  </testsuite>
  <testsuite name="ard_stack" timestamp="2025-04-09T21:32:21Z" hostname="8245d9c4f9a2" tests="1" skipped="0" failures="0" errors="0" time="0.001">
    <testcase time="0.000999999999997669" classname="character(0)" name="ard_stack_follows_ard_structure"/>
  </testsuite>
  <testsuite name="ard_stack" timestamp="2025-04-09T21:32:21Z" hostname="8245d9c4f9a2" tests="2" skipped="0" failures="0" errors="0" time="0.002">
    <testcase time="0.00200000000000244" classname="character(0)" name="ard_stack_.by_messaging"/>
    <testcase time="0" classname="character(0)" name="ard_stack_.by_messaging"/>
  </testsuite>
  <testsuite name="ard_stack_hierarchical" timestamp="2025-04-09T21:32:28Z" hostname="8245d9c4f9a2" tests="4" skipped="0" failures="0" errors="0" time="7.61">
    <testcase time="7.609" classname="character(0)" name="ard_stack_hierarchical_variables_"/>
    <testcase time="0" classname="character(0)" name="ard_stack_hierarchical_variables_"/>
    <testcase time="0.000999999999997669" classname="character(0)" name="ard_stack_hierarchical_variables_"/>
    <testcase time="0" classname="character(0)" name="ard_stack_hierarchical_variables_"/>
  </testsuite>
  <testsuite name="ard_stack_hierarchical" timestamp="2025-04-09T21:32:28Z" hostname="8245d9c4f9a2" tests="2" skipped="0" failures="0" errors="0" time="0.002">
    <testcase time="0.00200000000000244" classname="character(0)" name="ard_stack_hierarchical_variables_messaging_removed_obs"/>
    <testcase time="0" classname="character(0)" name="ard_stack_hierarchical_variables_messaging_removed_obs"/>
  </testsuite>
  <testsuite name="ard_stack_hierarchical" timestamp="2025-04-09T21:32:28Z" hostname="8245d9c4f9a2" tests="2" skipped="0" failures="0" errors="0" time="0.002">
    <testcase time="0.00199999999999534" classname="character(0)" name="ard_stack_hierarchical_variables_messaging"/>
    <testcase time="0" classname="character(0)" name="ard_stack_hierarchical_variables_messaging"/>
  </testsuite>
  <testsuite name="ard_stack_hierarchical" timestamp="2025-04-09T21:32:28Z" hostname="8245d9c4f9a2" tests="3" skipped="0" failures="0" errors="0" time="0.003">
    <testcase time="0.00200000000000244" classname="character(0)" name="ard_stack_hierarchical_by_"/>
    <testcase time="0" classname="character(0)" name="ard_stack_hierarchical_by_"/>
    <testcase time="0.000999999999997669" classname="character(0)" name="ard_stack_hierarchical_by_"/>
  </testsuite>
  <testsuite name="ard_stack_hierarchical" timestamp="2025-04-09T21:32:28Z" hostname="8245d9c4f9a2" tests="1" skipped="0" failures="0" errors="0" time="0.002">
    <testcase time="0.00200000000000244" classname="character(0)" name="ard_stack_hierarchical_by_messaging"/>
  </testsuite>
  <testsuite name="ard_stack_hierarchical" timestamp="2025-04-09T21:32:28Z" hostname="8245d9c4f9a2" tests="2" skipped="0" failures="0" errors="0" time="0.002">
    <testcase time="0.000999999999997669" classname="character(0)" name="ard_stack_hierarchical_denominator_messaging"/>
    <testcase time="0.00100000000000477" classname="character(0)" name="ard_stack_hierarchical_denominator_messaging"/>
  </testsuite>
  <testsuite name="ard_stack_hierarchical" timestamp="2025-04-09T21:32:28Z" hostname="8245d9c4f9a2" tests="4" skipped="0" failures="0" errors="0" time="0.003">
    <testcase time="0.000999999999997669" classname="character(0)" name="ard_stack_hierarchical_by_with_columns_not_in_denominator_"/>
    <testcase time="0.000999999999997669" classname="character(0)" name="ard_stack_hierarchical_by_with_columns_not_in_denominator_"/>
    <testcase time="0" classname="character(0)" name="ard_stack_hierarchical_by_with_columns_not_in_denominator_"/>
    <testcase time="0.00100000000000477" classname="character(0)" name="ard_stack_hierarchical_by_with_columns_not_in_denominator_"/>
  </testsuite>
  <testsuite name="ard_stack_hierarchical" timestamp="2025-04-09T21:32:28Z" hostname="8245d9c4f9a2" tests="1" skipped="0" failures="0" errors="0" time="0.001">
    <testcase time="0.000999999999997669" classname="character(0)" name="ard_stack_hierarchical_variables_include_messaging"/>
  </testsuite>
  <testsuite name="ard_stack_hierarchical" timestamp="2025-04-09T21:32:28Z" hostname="8245d9c4f9a2" tests="1" skipped="0" failures="0" errors="0" time="0.002">
    <testcase time="0.00200000000000244" classname="character(0)" name="ard_stack_hierarchical_by_overall_messaging"/>
  </testsuite>
  <testsuite name="ard_stack_hierarchical" timestamp="2025-04-09T21:32:28Z" hostname="8245d9c4f9a2" tests="1" skipped="0" failures="0" errors="0" time="0.001">
    <testcase time="0.000999999999997669" classname="character(0)" name="ard_stack_hierarchical_statistic_"/>
  </testsuite>
  <testsuite name="ard_stack_hierarchical" timestamp="2025-04-09T21:32:28Z" hostname="8245d9c4f9a2" tests="4" skipped="0" failures="0" errors="0" time="0.003">
    <testcase time="0.00200000000000244" classname="character(0)" name="ard_stack_hierarchical_count_variables_"/>
    <testcase time="0" classname="character(0)" name="ard_stack_hierarchical_count_variables_"/>
    <testcase time="0.000999999999997669" classname="character(0)" name="ard_stack_hierarchical_count_variables_"/>
    <testcase time="0" classname="character(0)" name="ard_stack_hierarchical_count_variables_"/>
  </testsuite>
  <testsuite name="ard_stack_hierarchical" timestamp="2025-04-09T21:32:28Z" hostname="8245d9c4f9a2" tests="4" skipped="0" failures="0" errors="0" time="0.003">
    <testcase time="0.00200000000000244" classname="character(0)" name="ard_stack_hierarchical_count_by_"/>
    <testcase time="0" classname="character(0)" name="ard_stack_hierarchical_count_by_"/>
    <testcase time="0.000999999999997669" classname="character(0)" name="ard_stack_hierarchical_count_by_"/>
    <testcase time="0" classname="character(0)" name="ard_stack_hierarchical_count_by_"/>
  </testsuite>
  <testsuite name="ard_stack_hierarchical" timestamp="2025-04-09T21:32:28Z" hostname="8245d9c4f9a2" tests="1" skipped="0" failures="0" errors="0" time="0.002">
    <testcase time="0.00200000000000244" classname="character(0)" name="ard_stack_hierarchical_count_denominator_messaging"/>
  </testsuite>
  <testsuite name="ard_stack_hierarchical" timestamp="2025-04-09T21:32:28Z" hostname="8245d9c4f9a2" tests="3" skipped="0" failures="0" errors="0" time="0.003">
    <testcase time="0.00199999999999534" classname="character(0)" name="ard_stack_hierarchical_count_denominator_univariate_tabulations"/>
    <testcase time="0" classname="character(0)" name="ard_stack_hierarchical_count_denominator_univariate_tabulations"/>
    <testcase time="0.00100000000000477" classname="character(0)" name="ard_stack_hierarchical_count_denominator_univariate_tabulations"/>
  </testsuite>
  <testsuite name="ard_stack_hierarchical" timestamp="2025-04-09T21:32:29Z" hostname="8245d9c4f9a2" tests="2" skipped="0" failures="0" errors="0" time="0.002">
    <testcase time="0.000999999999997669" classname="character(0)" name="ard_stack_hierarchical_count_denominator_total_n_"/>
    <testcase time="0.000999999999997669" classname="character(0)" name="ard_stack_hierarchical_count_denominator_total_n_"/>
  </testsuite>
  <testsuite name="ard_stack_hierarchical" timestamp="2025-04-09T21:32:29Z" hostname="8245d9c4f9a2" tests="1" skipped="0" failures="0" errors="0" time="0.001">
    <testcase time="0.00100000000000477" classname="character(0)" name="ard_stack_hierarchical_count_denominator_total_n_messaging"/>
  </testsuite>
  <testsuite name="ard_stack_hierarchical" timestamp="2025-04-09T21:32:29Z" hostname="8245d9c4f9a2" tests="1" skipped="0" failures="0" errors="0" time="0.002">
    <testcase time="0.00199999999999534" classname="character(0)" name="ard_stack_hierarchical_count_overall_denominator_messaging"/>
  </testsuite>
  <testsuite name="ard_stack_hierarchical" timestamp="2025-04-09T21:32:29Z" hostname="8245d9c4f9a2" tests="2" skipped="0" failures="0" errors="0" time="0.018">
    <testcase time="0.00200000000000244" classname="character(0)" name="ard_stack_hierarchical_count_overall_"/>
    <testcase time="0.0159999999999982" classname="character(0)" name="ard_stack_hierarchical_count_overall_"/>
  </testsuite>
  <testsuite name="ard_stack_hierarchical" timestamp="2025-04-09T21:32:29Z" hostname="8245d9c4f9a2" tests="1" skipped="0" failures="0" errors="0" time="0.002">
    <testcase time="0.00200000000000244" classname="character(0)" name="ard_stack_hierarchical_count_over_variables_"/>
  </testsuite>
  <testsuite name="ard_stack_hierarchical" timestamp="2025-04-09T21:32:29Z" hostname="8245d9c4f9a2" tests="1" skipped="0" failures="0" errors="0" time="0.001">
    <testcase time="0.000999999999997669" classname="character(0)" name="ard_stack_hierarchical_count_overall_over_variables_"/>
  </testsuite>
  <testsuite name="ard_stack_hierarchical" timestamp="2025-04-09T21:32:29Z" hostname="8245d9c4f9a2" tests="1" skipped="0" failures="0" errors="0" time="0.002">
    <testcase time="0.00200000000000244" classname="character(0)" name="ard_stack_hierarchical_count_attributes_"/>
  </testsuite>
  <testsuite name="ard_strata" timestamp="2025-04-09T21:32:32Z" hostname="8245d9c4f9a2" tests="3" skipped="0" failures="0" errors="0" time="3.033">
    <testcase time="3.032" classname="character(0)" name="ard_strata_works"/>
    <testcase time="0.00100000000000477" classname="character(0)" name="ard_strata_works"/>
    <testcase time="0" classname="character(0)" name="ard_strata_works"/>
  </testsuite>
  <testsuite name="ard_strata" timestamp="2025-04-09T21:32:32Z" hostname="8245d9c4f9a2" tests="2" skipped="0" failures="0" errors="0" time="0.003">
    <testcase time="0.00199999999999534" classname="character(0)" name="ard_strata_by_strata_when_both_empty"/>
    <testcase time="0.00100000000000477" classname="character(0)" name="ard_strata_by_strata_when_both_empty"/>
  </testsuite>
  <testsuite name="ard_total_n" timestamp="2025-04-09T21:32:32Z" hostname="8245d9c4f9a2" tests="2" skipped="0" failures="0" errors="0" time="0.192">
    <testcase time="0.192" classname="character(0)" name="ard_total_n_works"/>
    <testcase time="0" classname="character(0)" name="ard_total_n_works"/>
  </testsuite>
  <testsuite name="ard_total_n" timestamp="2025-04-09T21:32:32Z" hostname="8245d9c4f9a2" tests="1" skipped="0" failures="0" errors="0" time="0.002">
    <testcase time="0.00199999999999534" classname="character(0)" name="ard_total_n_follows_ard_structure"/>
  </testsuite>
  <testsuite name="as_card" timestamp="2025-04-09T21:32:32Z" hostname="8245d9c4f9a2" tests="1" skipped="0" failures="0" errors="0" time="0.31">
    <testcase time="0.310000000000002" classname="character(0)" name="as_card_works"/>
  </testsuite>
  <testsuite name="as_card" timestamp="2025-04-09T21:32:32Z" hostname="8245d9c4f9a2" tests="1" skipped="0" failures="0" errors="0" time="0.002">
    <testcase time="0.00200000000000244" classname="character(0)" name="as_card_does_not_affect_card_objects"/>
  </testsuite>
  <testsuite name="as_card" timestamp="2025-04-09T21:32:32Z" hostname="8245d9c4f9a2" tests="1" skipped="0" failures="0" errors="0" time="0.001">
    <testcase time="0.000999999999997669" classname="character(0)" name="as_card_error_catching_works_correctly"/>
  </testsuite>
  <testsuite name="as_cards_fn" timestamp="2025-04-09T21:32:32Z" hostname="8245d9c4f9a2" tests="3" skipped="0" failures="0" errors="0" time="0.044">
    <testcase time="0.0429999999999993" classname="character(0)" name="as_cards_fn_works"/>
    <testcase time="0.000999999999997669" classname="character(0)" name="as_cards_fn_works"/>
    <testcase time="0" classname="character(0)" name="as_cards_fn_works"/>
  </testsuite>
  <testsuite name="as_nested_list" timestamp="2025-04-09T21:32:33Z" hostname="8245d9c4f9a2" tests="1" skipped="0" failures="0" errors="0" time="0.446">
    <testcase time="0.446000000000005" classname="character(0)" name="as_nested_list_works"/>
  </testsuite>
  <testsuite name="bind_ard" timestamp="2025-04-09T21:32:33Z" hostname="8245d9c4f9a2" tests="1" skipped="0" failures="0" errors="0" time="0.785">
    <testcase time="0.784999999999997" classname="character(0)" name="bind_ard_works"/>
  </testsuite>
  <testsuite name="bind_ard" timestamp="2025-04-09T21:32:33Z" hostname="8245d9c4f9a2" tests="2" skipped="0" failures="0" errors="0" time="0.002">
    <testcase time="0.00200000000000244" classname="character(0)" name="ARD_helpers_messaging"/>
    <testcase time="0" classname="character(0)" name="ARD_helpers_messaging"/>
  </testsuite>
  <testsuite name="bind_ard" timestamp="2025-04-09T21:32:33Z" hostname="8245d9c4f9a2" tests="2" skipped="0" failures="0" errors="0" time="0.003">
    <testcase time="0.00199999999999534" classname="character(0)" name="bind_ard_.order_argument_works"/>
    <testcase time="0.00100000000000477" classname="character(0)" name="bind_ard_.order_argument_works"/>
  </testsuite>
  <testsuite name="bind_ard" timestamp="2025-04-09T21:32:33Z" hostname="8245d9c4f9a2" tests="1" skipped="0" failures="0" errors="0" time="0.001">
    <testcase time="0.000999999999997669" classname="character(0)" name="bind_ard_.quiet_"/>
  </testsuite>
  <testsuite name="bind_ard" timestamp="2025-04-09T21:32:33Z" hostname="8245d9c4f9a2" tests="1" skipped="0" failures="0" errors="0" time="0.002">
    <testcase time="0.00200000000000244" classname="character(0)" name="bind_ard_.distinct_"/>
  </testsuite>
  <testsuite name="check_ard_structure" timestamp="2025-04-09T21:32:34Z" hostname="8245d9c4f9a2" tests="1" skipped="0" failures="0" errors="0" time="0.182">
    <testcase time="0.181999999999995" classname="character(0)" name="check_ard_structure_works"/>
  </testsuite>
  <testsuite name="eval_capture_conditions" timestamp="2025-04-09T21:32:34Z" hostname="8245d9c4f9a2" tests="4" skipped="0" failures="0" errors="0" time="0.419">
    <testcase time="0.418000000000006" classname="character(0)" name="eval_capture_conditions_works"/>
    <testcase time="0" classname="character(0)" name="eval_capture_conditions_works"/>
    <testcase time="0.000999999999997669" classname="character(0)" name="eval_capture_conditions_works"/>
    <testcase time="0" classname="character(0)" name="eval_capture_conditions_works"/>
  </testsuite>
  <testsuite name="eval_capture_conditions" timestamp="2025-04-09T21:32:34Z" hostname="8245d9c4f9a2" tests="3" skipped="0" failures="0" errors="0" time="0.003">
    <testcase time="0.00199999999999534" classname="character(0)" name="captured_condition_as_message_works"/>
    <testcase time="0.00100000000000477" classname="character(0)" name="captured_condition_as_message_works"/>
    <testcase time="0" classname="character(0)" name="captured_condition_as_message_works"/>
  </testsuite>
  <testsuite name="eval_capture_conditions" timestamp="2025-04-09T21:32:34Z" hostname="8245d9c4f9a2" tests="3" skipped="0" failures="0" errors="0" time="0.003">
    <testcase time="0.00199999999999534" classname="character(0)" name="captured_condition_as_error_works"/>
    <testcase time="0.00100000000000477" classname="character(0)" name="captured_condition_as_error_works"/>
    <testcase time="0" classname="character(0)" name="captured_condition_as_error_works"/>
  </testsuite>
  <testsuite name="ard_continuous" timestamp="2025-04-09T21:32:35Z" hostname="8245d9c4f9a2" tests="4" skipped="0" failures="0" errors="0" time="0.69">
    <testcase time="0.687999999999995" classname="character(0)" name="ard_continuous_works"/>
    <testcase time="0.00100000000000477" classname="character(0)" name="ard_continuous_works"/>
    <testcase time="0" classname="character(0)" name="ard_continuous_works"/>
    <testcase time="0.000999999999997669" classname="character(0)" name="ard_continuous_works"/>
  </testsuite>
  <testsuite name="ard_continuous" timestamp="2025-04-09T21:32:35Z" hostname="8245d9c4f9a2" tests="3" skipped="0" failures="0" errors="0" time="0.003">
    <testcase time="0.00200000000000244" classname="character(0)" name="ard_continuous_fmt_fn_argument_works"/>
    <testcase time="0" classname="character(0)" name="ard_continuous_fmt_fn_argument_works"/>
    <testcase time="0.000999999999997669" classname="character(0)" name="ard_continuous_fmt_fn_argument_works"/>
  </testsuite>
  <testsuite name="ard_continuous" timestamp="2025-04-09T21:32:35Z" hostname="8245d9c4f9a2" tests="3" skipped="0" failures="0" errors="0" time="0.003">
    <testcase time="0.00200000000000244" classname="character(0)" name="ard_continuous_messaging"/>
    <testcase time="0" classname="character(0)" name="ard_continuous_messaging"/>
    <testcase time="0.000999999999997669" classname="character(0)" name="ard_continuous_messaging"/>
  </testsuite>
  <testsuite name="ard_continuous" timestamp="2025-04-09T21:32:35Z" hostname="8245d9c4f9a2" tests="5" skipped="0" failures="0" errors="0" time="0.003">
    <testcase time="0.00200000000000244" classname="character(0)" name="ard_continuous_stat_label_argument_works"/>
    <testcase time="0" classname="character(0)" name="ard_continuous_stat_label_argument_works"/>
    <testcase time="0" classname="character(0)" name="ard_continuous_stat_label_argument_works"/>
    <testcase time="0.000999999999997669" classname="character(0)" name="ard_continuous_stat_label_argument_works"/>
    <testcase time="0" classname="character(0)" name="ard_continuous_stat_label_argument_works"/>
  </testsuite>
  <testsuite name="ard_continuous" timestamp="2025-04-09T21:32:35Z" hostname="8245d9c4f9a2" tests="2" skipped="0" failures="0" errors="0" time="0.003">
    <testcase time="0.00200000000000244" classname="character(0)" name="ard_continuous_and_ARD_column_names"/>
    <testcase time="0.000999999999997669" classname="character(0)" name="ard_continuous_and_ARD_column_names"/>
  </testsuite>
  <testsuite name="ard_continuous" timestamp="2025-04-09T21:32:35Z" hostname="8245d9c4f9a2" tests="1" skipped="0" failures="0" errors="0" time="0.001">
    <testcase time="0.000999999999997669" classname="character(0)" name="ard_continuous_with_grouped_data_works"/>
  </testsuite>
  <testsuite name="ard_continuous" timestamp="2025-04-09T21:32:35Z" hostname="8245d9c4f9a2" tests="2" skipped="0" failures="0" errors="0" time="0.003">
    <testcase time="0.00200000000000244" classname="character(0)" name="ard_continuous_with_dates_works_and_displays_as_expected"/>
    <testcase time="0.000999999999997669" classname="character(0)" name="ard_continuous_with_dates_works_and_displays_as_expected"/>
  </testsuite>
  <testsuite name="ard_continuous" timestamp="2025-04-09T21:32:35Z" hostname="8245d9c4f9a2" tests="1" skipped="0" failures="0" errors="0" time="0.001">
    <testcase time="0.00100000000000477" classname="character(0)" name="ard_continuous_with_empty_missing_dates_works_and_preserves_Date_class"/>
  </testsuite>
  <testsuite name="ard_continuous" timestamp="2025-04-09T21:32:35Z" hostname="8245d9c4f9a2" tests="3" skipped="0" failures="0" errors="0" time="0.003">
    <testcase time="0.00199999999999534" classname="character(0)" name="ard_continuous_works_with_non_syntactic_names"/>
    <testcase time="0.00100000000000477" classname="character(0)" name="ard_continuous_works_with_non_syntactic_names"/>
    <testcase time="0" classname="character(0)" name="ard_continuous_works_with_non_syntactic_names"/>
  </testsuite>
  <testsuite name="ard_continuous" timestamp="2025-04-09T21:32:35Z" hostname="8245d9c4f9a2" tests="19" skipped="0" failures="0" errors="0" time="0.011">
    <testcase time="0.00199999999999534" classname="character(0)" name="ard_continuous_works_when_using_generic_names_"/>
    <testcase time="0" classname="character(0)" name="ard_continuous_works_when_using_generic_names_"/>
    <testcase time="0.00100000000000477" classname="character(0)" name="ard_continuous_works_when_using_generic_names_"/>
    <testcase time="0" classname="character(0)" name="ard_continuous_works_when_using_generic_names_"/>
    <testcase time="0.000999999999997669" classname="character(0)" name="ard_continuous_works_when_using_generic_names_"/>
    <testcase time="0" classname="character(0)" name="ard_continuous_works_when_using_generic_names_"/>
    <testcase time="0.000999999999997669" classname="character(0)" name="ard_continuous_works_when_using_generic_names_"/>
    <testcase time="0" classname="character(0)" name="ard_continuous_works_when_using_generic_names_"/>
    <testcase time="0.00100000000000477" classname="character(0)" name="ard_continuous_works_when_using_generic_names_"/>
    <testcase time="0" classname="character(0)" name="ard_continuous_works_when_using_generic_names_"/>
    <testcase time="0.000999999999997669" classname="character(0)" name="ard_continuous_works_when_using_generic_names_"/>
    <testcase time="0" classname="character(0)" name="ard_continuous_works_when_using_generic_names_"/>
    <testcase time="0.000999999999997669" classname="character(0)" name="ard_continuous_works_when_using_generic_names_"/>
    <testcase time="0" classname="character(0)" name="ard_continuous_works_when_using_generic_names_"/>
    <testcase time="0.00100000000000477" classname="character(0)" name="ard_continuous_works_when_using_generic_names_"/>
    <testcase time="0" classname="character(0)" name="ard_continuous_works_when_using_generic_names_"/>
    <testcase time="0.000999999999997669" classname="character(0)" name="ard_continuous_works_when_using_generic_names_"/>
    <testcase time="0" classname="character(0)" name="ard_continuous_works_when_using_generic_names_"/>
    <testcase time="0.000999999999997669" classname="character(0)" name="ard_continuous_works_when_using_generic_names_"/>
  </testsuite>
  <testsuite name="ard_continuous" timestamp="2025-04-09T21:32:35Z" hostname="8245d9c4f9a2" tests="1" skipped="0" failures="0" errors="0" time="0.002">
    <testcase time="0.00200000000000244" classname="character(0)" name="ard_continuous_follows_ard_structure"/>
  </testsuite>
  <testsuite name="ard_continuous" timestamp="2025-04-09T21:32:35Z" hostname="8245d9c4f9a2" tests="2" skipped="0" failures="0" errors="0" time="0.002">
    <testcase time="0.000999999999997669" classname="character(0)" name="ard_continuous_errors_with_incomplete_factor_columns"/>
    <testcase time="0.00100000000000477" classname="character(0)" name="ard_continuous_errors_with_incomplete_factor_columns"/>
  </testsuite>
  <testsuite name="ard_continuous" timestamp="2025-04-09T21:32:35Z" hostname="8245d9c4f9a2" tests="2" skipped="0" failures="0" errors="0" time="0.002">
    <testcase time="0.00199999999999534" classname="character(0)" name="ard_continuous_with_as_cards_fn_inputs"/>
    <testcase time="0" classname="character(0)" name="ard_continuous_with_as_cards_fn_inputs"/>
  </testsuite>
  <testsuite name="get_ard_statistics" timestamp="2025-04-09T21:32:35Z" hostname="8245d9c4f9a2" tests="2" skipped="0" failures="0" errors="0" time="0.166">
    <testcase time="0.166000000000004" classname="character(0)" name="get_ard_statistics_works"/>
    <testcase time="0" classname="character(0)" name="get_ard_statistics_works"/>
  </testsuite>
  <testsuite name="label_round" timestamp="2025-04-09T21:32:35Z" hostname="8245d9c4f9a2" tests="4" skipped="0" failures="0" errors="0" time="0.052">
    <testcase time="0.0499999999999972" classname="character(0)" name="label_round_works"/>
    <testcase time="0.000999999999997669" classname="character(0)" name="label_round_works"/>
    <testcase time="0" classname="character(0)" name="label_round_works"/>
    <testcase time="0.00100000000000477" classname="character(0)" name="label_round_works"/>
  </testsuite>
  <testsuite name="mock" timestamp="2025-04-09T21:32:36Z" hostname="8245d9c4f9a2" tests="1" skipped="0" failures="0" errors="0" time="0.909">
    <testcase time="0.908999999999999" classname="character(0)" name="mock_categorical_"/>
  </testsuite>
  <testsuite name="mock" timestamp="2025-04-09T21:32:36Z" hostname="8245d9c4f9a2" tests="1" skipped="0" failures="0" errors="0" time="0.004">
    <testcase time="0.00399999999999778" classname="character(0)" name="mock_categorical_messaging"/>
  </testsuite>
  <testsuite name="mock" timestamp="2025-04-09T21:32:36Z" hostname="8245d9c4f9a2" tests="1" skipped="0" failures="0" errors="0" time="0.002">
    <testcase time="0.00200000000000244" classname="character(0)" name="mock_continuous_"/>
  </testsuite>
  <testsuite name="mock" timestamp="2025-04-09T21:32:36Z" hostname="8245d9c4f9a2" tests="1" skipped="0" failures="0" errors="0" time="0.002">
    <testcase time="0.00200000000000244" classname="character(0)" name="mock_continuous_messaging"/>
  </testsuite>
  <testsuite name="mock" timestamp="2025-04-09T21:32:36Z" hostname="8245d9c4f9a2" tests="1" skipped="0" failures="0" errors="0" time="0.002">
    <testcase time="0.00199999999999534" classname="character(0)" name="mock_dichotomous_"/>
  </testsuite>
  <testsuite name="mock" timestamp="2025-04-09T21:32:36Z" hostname="8245d9c4f9a2" tests="1" skipped="0" failures="0" errors="0" time="0.005">
    <testcase time="0.00500000000000256" classname="character(0)" name="mock_dichotomous_messaging"/>
  </testsuite>
  <testsuite name="mock" timestamp="2025-04-09T21:32:36Z" hostname="8245d9c4f9a2" tests="1" skipped="0" failures="0" errors="0" time="0.002">
    <testcase time="0.00199999999999534" classname="character(0)" name="mock_missing_"/>
  </testsuite>
  <testsuite name="mock" timestamp="2025-04-09T21:32:36Z" hostname="8245d9c4f9a2" tests="1" skipped="0" failures="0" errors="0" time="0.001">
    <testcase time="0.00100000000000477" classname="character(0)" name="mock_missing_messaging"/>
  </testsuite>
  <testsuite name="mock" timestamp="2025-04-09T21:32:36Z" hostname="8245d9c4f9a2" tests="1" skipped="0" failures="0" errors="0" time="0.002">
    <testcase time="0.00199999999999534" classname="character(0)" name="mock_attributes_"/>
  </testsuite>
  <testsuite name="mock" timestamp="2025-04-09T21:32:36Z" hostname="8245d9c4f9a2" tests="1" skipped="0" failures="0" errors="0" time="0.002">
    <testcase time="0.00200000000000244" classname="character(0)" name="mock_attributes_messaging"/>
  </testsuite>
  <testsuite name="mock" timestamp="2025-04-09T21:32:36Z" hostname="8245d9c4f9a2" tests="1" skipped="0" failures="0" errors="0" time="0.002">
    <testcase time="0.00200000000000244" classname="character(0)" name="mock_total_n_"/>
  </testsuite>
  <testsuite name="nest_for_ard" timestamp="2025-04-09T21:32:36Z" hostname="8245d9c4f9a2" tests="4" skipped="0" failures="0" errors="0" time="0.155">
    <testcase time="0.152999999999999" classname="character(0)" name="nest_for_ard_works"/>
    <testcase time="0.000999999999997669" classname="character(0)" name="nest_for_ard_works"/>
    <testcase time="0.00100000000000477" classname="character(0)" name="nest_for_ard_works"/>
    <testcase time="0" classname="character(0)" name="nest_for_ard_works"/>
  </testsuite>
  <testsuite name="options" timestamp="2025-04-09T21:32:36Z" hostname="8245d9c4f9a2" tests="2" skipped="0" failures="0" errors="0" time="0.286">
    <testcase time="0.284999999999997" classname="character(0)" name="options_cards.round_type_"/>
    <testcase time="0.000999999999997669" classname="character(0)" name="options_cards.round_type_"/>
  </testsuite>
  <testsuite name="options" timestamp="2025-04-09T21:32:36Z" hostname="8245d9c4f9a2" tests="1" skipped="0" failures="0" errors="0" time="0.004">
    <testcase time="0.00400000000000489" classname="character(0)" name="options_cards.round_type_messaging"/>
  </testsuite>
  <testsuite name="print" timestamp="2025-04-09T21:32:37Z" hostname="8245d9c4f9a2" tests="5" skipped="0" failures="0" errors="0" time="0.733">
    <testcase time="0.729999999999997" classname="character(0)" name="print.card_works"/>
    <testcase time="0.00100000000000477" classname="character(0)" name="print.card_works"/>
    <testcase time="0.000999999999997669" classname="character(0)" name="print.card_works"/>
    <testcase time="0.000999999999997669" classname="character(0)" name="print.card_works"/>
    <testcase time="0" classname="character(0)" name="print.card_works"/>
  </testsuite>
  <testsuite name="print_ard_conditions" timestamp="2025-04-09T21:32:38Z" hostname="8245d9c4f9a2" tests="5" skipped="0" failures="0" errors="0" time="1.425">
    <testcase time="1.424" classname="character(0)" name="print_ard_conditions_works"/>
    <testcase time="0" classname="character(0)" name="print_ard_conditions_works"/>
    <testcase time="0" classname="character(0)" name="print_ard_conditions_works"/>
    <testcase time="0.000999999999997669" classname="character(0)" name="print_ard_conditions_works"/>
    <testcase time="0" classname="character(0)" name="print_ard_conditions_works"/>
  </testsuite>
  <testsuite name="print_ard_conditions" timestamp="2025-04-09T21:32:38Z" hostname="8245d9c4f9a2" tests="2" skipped="0" failures="0" errors="0" time="0.003">
    <testcase time="0.00200000000000244" classname="character(0)" name="print_ard_conditions_condition_type_"/>
    <testcase time="0.000999999999997669" classname="character(0)" name="print_ard_conditions_condition_type_"/>
  </testsuite>
  <testsuite name="print_ard_conditions" timestamp="2025-04-09T21:32:38Z" hostname="8245d9c4f9a2" tests="1" skipped="0" failures="0" errors="0" time="0.001">
    <testcase time="0.000999999999997669" classname="character(0)" name="print_ard_conditions_no_error_when_error_warning_columns_not_present"/>
  </testsuite>
  <testsuite name="print_ard_conditions" timestamp="2025-04-09T21:32:38Z" hostname="8245d9c4f9a2" tests="1" skipped="0" failures="0" errors="0" time="0.002">
    <testcase time="0.00200000000000244" classname="character(0)" name="print_ard_conditions_no_error_when_factors_are_present"/>
  </testsuite>
  <testsuite name="print_ard_conditions" timestamp="2025-04-09T21:32:38Z" hostname="8245d9c4f9a2" tests="1" skipped="0" failures="0" errors="0" time="0.002">
    <testcase time="0.00200000000000244" classname="character(0)" name="print_ard_conditions_works_when_curly_brackets_appear_in_condition_message"/>
  </testsuite>
  <testsuite name="process_selectors" timestamp="2025-04-09T21:32:39Z" hostname="8245d9c4f9a2" tests="3" skipped="0" failures="0" errors="0" time="0.374">
    <testcase time="0.372" classname="character(0)" name="process_selectors_works"/>
    <testcase time="0.000999999999997669" classname="character(0)" name="process_selectors_works"/>
    <testcase time="0.000999999999997669" classname="character(0)" name="process_selectors_works"/>
  </testsuite>
  <testsuite name="process_selectors" timestamp="2025-04-09T21:32:39Z" hostname="8245d9c4f9a2" tests="2" skipped="0" failures="0" errors="0" time="0.005">
    <testcase time="0.00400000000000489" classname="character(0)" name="process_formula_selectors_works"/>
    <testcase time="0.000999999999997669" classname="character(0)" name="process_formula_selectors_works"/>
  </testsuite>
  <testsuite name="process_selectors" timestamp="2025-04-09T21:32:39Z" hostname="8245d9c4f9a2" tests="2" skipped="0" failures="0" errors="0" time="0.004">
    <testcase time="0.00300000000000011" classname="character(0)" name="process_formula_selectors_error_messaging"/>
    <testcase time="0.000999999999997669" classname="character(0)" name="process_formula_selectors_error_messaging"/>
  </testsuite>
  <testsuite name="process_selectors" timestamp="2025-04-09T21:32:39Z" hostname="8245d9c4f9a2" tests="7" skipped="0" failures="0" errors="0" time="0.008">
    <testcase time="0.00300000000000011" classname="character(0)" name="compute_formula_selector_selects_the_last_assignment_when_multiple_appear"/>
    <testcase time="0.000999999999997669" classname="character(0)" name="compute_formula_selector_selects_the_last_assignment_when_multiple_appear"/>
    <testcase time="0.00100000000000477" classname="character(0)" name="compute_formula_selector_selects_the_last_assignment_when_multiple_appear"/>
    <testcase time="0.000999999999997669" classname="character(0)" name="compute_formula_selector_selects_the_last_assignment_when_multiple_appear"/>
    <testcase time="0.000999999999997669" classname="character(0)" name="compute_formula_selector_selects_the_last_assignment_when_multiple_appear"/>
    <testcase time="0.00100000000000477" classname="character(0)" name="compute_formula_selector_selects_the_last_assignment_when_multiple_appear"/>
    <testcase time="0" classname="character(0)" name="compute_formula_selector_selects_the_last_assignment_when_multiple_appear"/>
  </testsuite>
  <testsuite name="process_selectors" timestamp="2025-04-09T21:32:39Z" hostname="8245d9c4f9a2" tests="1" skipped="0" failures="0" errors="0" time="0.006">
    <testcase time="0.00600000000000023" classname="character(0)" name="cards_select_deprecation_error_with_vars_"/>
  </testsuite>
  <testsuite name="filter_ard_hierarchical" timestamp="2025-04-09T21:32:39Z" hostname="8245d9c4f9a2" tests="5" skipped="0" failures="0" errors="0" time="0.132">
    <testcase time="0.128" classname="character(0)" name="filter_ard_hierarchical_works"/>
    <testcase time="0.000999999999997669" classname="character(0)" name="filter_ard_hierarchical_works"/>
    <testcase time="0.000999999999997669" classname="character(0)" name="filter_ard_hierarchical_works"/>
    <testcase time="0.00100000000000477" classname="character(0)" name="filter_ard_hierarchical_works"/>
    <testcase time="0.000999999999997669" classname="character(0)" name="filter_ard_hierarchical_works"/>
  </testsuite>
  <testsuite name="filter_ard_hierarchical" timestamp="2025-04-09T21:32:39Z" hostname="8245d9c4f9a2" tests="8" skipped="0" failures="0" errors="0" time="0.009">
    <testcase time="0.00300000000000011" classname="character(0)" name="filter_ard_hierarchical_works_with_non_standard_filters"/>
    <testcase time="0.000999999999997669" classname="character(0)" name="filter_ard_hierarchical_works_with_non_standard_filters"/>
    <testcase time="0.00100000000000477" classname="character(0)" name="filter_ard_hierarchical_works_with_non_standard_filters"/>
    <testcase time="0.000999999999997669" classname="character(0)" name="filter_ard_hierarchical_works_with_non_standard_filters"/>
    <testcase time="0.000999999999997669" classname="character(0)" name="filter_ard_hierarchical_works_with_non_standard_filters"/>
    <testcase time="0.00100000000000477" classname="character(0)" name="filter_ard_hierarchical_works_with_non_standard_filters"/>
    <testcase time="0.000999999999997669" classname="character(0)" name="filter_ard_hierarchical_works_with_non_standard_filters"/>
    <testcase time="0" classname="character(0)" name="filter_ard_hierarchical_works_with_non_standard_filters"/>
  </testsuite>
  <testsuite name="filter_ard_hierarchical" timestamp="2025-04-09T21:32:39Z" hostname="8245d9c4f9a2" tests="4" skipped="0" failures="0" errors="0" time="0.004">
    <testcase time="0.00300000000000011" classname="character(0)" name="filter_ard_hierarchical_works_with_ard_stack_hierarchical_count_results"/>
    <testcase time="0" classname="character(0)" name="filter_ard_hierarchical_works_with_ard_stack_hierarchical_count_results"/>
    <testcase time="0.000999999999997669" classname="character(0)" name="filter_ard_hierarchical_works_with_ard_stack_hierarchical_count_results"/>
    <testcase time="0" classname="character(0)" name="filter_ard_hierarchical_works_with_ard_stack_hierarchical_count_results"/>
  </testsuite>
  <testsuite name="filter_ard_hierarchical" timestamp="2025-04-09T21:32:39Z" hostname="8245d9c4f9a2" tests="3" skipped="0" failures="0" errors="0" time="0.003">
    <testcase time="0.00200000000000244" classname="character(0)" name="filter_ard_hierarchical_returns_only_summary_rows_when_all_rows_filtered_out"/>
    <testcase time="0.000999999999997669" classname="character(0)" name="filter_ard_hierarchical_returns_only_summary_rows_when_all_rows_filtered_out"/>
    <testcase time="0" classname="character(0)" name="filter_ard_hierarchical_returns_only_summary_rows_when_all_rows_filtered_out"/>
  </testsuite>
  <testsuite name="filter_ard_hierarchical" timestamp="2025-04-09T21:32:39Z" hostname="8245d9c4f9a2" tests="10" skipped="0" failures="0" errors="0" time="0.007">
    <testcase time="0.00200000000000244" classname="character(0)" name="filter_ard_hierarchical_keep_empty_works"/>
    <testcase time="0.000999999999997669" classname="character(0)" name="filter_ard_hierarchical_keep_empty_works"/>
    <testcase time="0" classname="character(0)" name="filter_ard_hierarchical_keep_empty_works"/>
    <testcase time="0.00100000000000477" classname="character(0)" name="filter_ard_hierarchical_keep_empty_works"/>
    <testcase time="0" classname="character(0)" name="filter_ard_hierarchical_keep_empty_works"/>
    <testcase time="0.000999999999997669" classname="character(0)" name="filter_ard_hierarchical_keep_empty_works"/>
    <testcase time="0" classname="character(0)" name="filter_ard_hierarchical_keep_empty_works"/>
    <testcase time="0.000999999999997669" classname="character(0)" name="filter_ard_hierarchical_keep_empty_works"/>
    <testcase time="0" classname="character(0)" name="filter_ard_hierarchical_keep_empty_works"/>
    <testcase time="0.00100000000000477" classname="character(0)" name="filter_ard_hierarchical_keep_empty_works"/>
  </testsuite>
  <testsuite name="filter_ard_hierarchical" timestamp="2025-04-09T21:32:39Z" hostname="8245d9c4f9a2" tests="2" skipped="0" failures="0" errors="0" time="0.002">
    <testcase time="0.00199999999999534" classname="character(0)" name="filter_ard_hierarchical_works_with_only_one_variable_in_x"/>
    <testcase time="0" classname="character(0)" name="filter_ard_hierarchical_works_with_only_one_variable_in_x"/>
  </testsuite>
  <testsuite name="filter_ard_hierarchical" timestamp="2025-04-09T21:32:39Z" hostname="8245d9c4f9a2" tests="1" skipped="0" failures="0" errors="0" time="0.002">
    <testcase time="0.00200000000000244" classname="character(0)" name="filter_ard_hierarchical_works_when_some_variables_not_included_in_x"/>
  </testsuite>
  <testsuite name="filter_ard_hierarchical" timestamp="2025-04-09T21:32:39Z" hostname="8245d9c4f9a2" tests="1" skipped="0" failures="0" errors="0" time="0.002">
    <testcase time="0.00200000000000244" classname="character(0)" name="filter_ard_hierarchical_works_with_overall_data"/>
  </testsuite>
  <testsuite name="filter_ard_hierarchical" timestamp="2025-04-09T21:32:39Z" hostname="8245d9c4f9a2" tests="4" skipped="0" failures="0" errors="0" time="0.003">
    <testcase time="0.00199999999999534" classname="character(0)" name="filter_ard_hierarchical_error_messaging_works"/>
    <testcase time="0" classname="character(0)" name="filter_ard_hierarchical_error_messaging_works"/>
    <testcase time="0.00100000000000477" classname="character(0)" name="filter_ard_hierarchical_error_messaging_works"/>
    <testcase time="0" classname="character(0)" name="filter_ard_hierarchical_error_messaging_works"/>
  </testsuite>
  <testsuite name="rename_ard_columns" timestamp="2025-04-09T21:32:39Z" hostname="8245d9c4f9a2" tests="1" skipped="0" failures="0" errors="0" time="0.41">
    <testcase time="0.409999999999997" classname="character(0)" name="rename_ard_columns_columns_"/>
  </testsuite>
  <testsuite name="rename_ard_columns" timestamp="2025-04-09T21:32:39Z" hostname="8245d9c4f9a2" tests="1" skipped="0" failures="0" errors="0" time="0.002">
    <testcase time="0.00200000000000244" classname="character(0)" name="rename_ard_columns_unlist_"/>
  </testsuite>
  <testsuite name="rename_ard_columns" timestamp="2025-04-09T21:32:39Z" hostname="8245d9c4f9a2" tests="2" skipped="0" failures="0" errors="0" time="0.002">
    <testcase time="0.00199999999999534" classname="character(0)" name="rename_ard_columns_unlist_messaging"/>
    <testcase time="0" classname="character(0)" name="rename_ard_columns_unlist_messaging"/>
  </testsuite>
  <testsuite name="replace_null_statistic" timestamp="2025-04-09T21:32:40Z" hostname="8245d9c4f9a2" tests="2" skipped="0" failures="0" errors="0" time="0.085">
    <testcase time="0.0850000000000009" classname="character(0)" name="replace_null_statistic_works"/>
    <testcase time="0" classname="character(0)" name="replace_null_statistic_works"/>
  </testsuite>
  <testsuite name="round5" timestamp="2025-04-09T21:32:40Z" hostname="8245d9c4f9a2" tests="3" skipped="0" failures="0" errors="0" time="0.162">
    <testcase time="0.161000000000001" classname="character(0)" name="round5_works"/>
    <testcase time="0" classname="character(0)" name="round5_works"/>
    <testcase time="0.000999999999997669" classname="character(0)" name="round5_works"/>
  </testsuite>
  <testsuite name="rename_ard_groups" timestamp="2025-04-09T21:32:40Z" hostname="8245d9c4f9a2" tests="2" skipped="0" failures="0" errors="0" time="0.647">
    <testcase time="0.646000000000001" classname="character(0)" name="rename_ard_groups_shift_"/>
    <testcase time="0.00100000000000477" classname="character(0)" name="rename_ard_groups_shift_"/>
  </testsuite>
  <testsuite name="rename_ard_groups" timestamp="2025-04-09T21:32:40Z" hostname="8245d9c4f9a2" tests="1" skipped="0" failures="0" errors="0" time="0.004">
    <testcase time="0.00399999999999778" classname="character(0)" name="rename_ard_groups_shift_messaging"/>
  </testsuite>
  <testsuite name="rename_ard_groups" timestamp="2025-04-09T21:32:40Z" hostname="8245d9c4f9a2" tests="2" skipped="0" failures="0" errors="0" time="0.004">
    <testcase time="0.00300000000000011" classname="character(0)" name="rename_ard_groups_reverse_"/>
    <testcase time="0.000999999999997669" classname="character(0)" name="rename_ard_groups_reverse_"/>
  </testsuite>
  <testsuite name="selectors" timestamp="2025-04-09T21:32:41Z" hostname="8245d9c4f9a2" tests="10" skipped="0" failures="0" errors="0" time="0.824">
    <testcase time="0.819000000000003" classname="character(0)" name="selectors_work"/>
    <testcase time="0.000999999999997669" classname="character(0)" name="selectors_work"/>
    <testcase time="0" classname="character(0)" name="selectors_work"/>
    <testcase time="0.000999999999997669" classname="character(0)" name="selectors_work"/>
    <testcase time="0" classname="character(0)" name="selectors_work"/>
    <testcase time="0.00100000000000477" classname="character(0)" name="selectors_work"/>
    <testcase time="0" classname="character(0)" name="selectors_work"/>
    <testcase time="0.000999999999997669" classname="character(0)" name="selectors_work"/>
    <testcase time="0" classname="character(0)" name="selectors_work"/>
    <testcase time="0.000999999999997669" classname="character(0)" name="selectors_work"/>
  </testsuite>
  <testsuite name="shift_ard_columns" timestamp="2025-04-09T21:32:42Z" hostname="8245d9c4f9a2" tests="7" skipped="0" failures="0" errors="0" time="1.229">
    <testcase time="1.225" classname="character(0)" name="rename_ard_columns_works"/>
    <testcase time="0.00100000000000477" classname="character(0)" name="rename_ard_columns_works"/>
    <testcase time="0" classname="character(0)" name="rename_ard_columns_works"/>
    <testcase time="0.000999999999997669" classname="character(0)" name="rename_ard_columns_works"/>
    <testcase time="0.000999999999997669" classname="character(0)" name="rename_ard_columns_works"/>
    <testcase time="0" classname="character(0)" name="rename_ard_columns_works"/>
    <testcase time="0.00100000000000477" classname="character(0)" name="rename_ard_columns_works"/>
  </testsuite>
  <testsuite name="shuffle_ard" timestamp="2025-04-09T21:32:44Z" hostname="8245d9c4f9a2" tests="7" skipped="0" failures="0" errors="0" time="1.214">
    <testcase time="1.211" classname="character(0)" name="shuffle_trim_works"/>
    <testcase time="0" classname="character(0)" name="shuffle_trim_works"/>
    <testcase time="0.000999999999997669" classname="character(0)" name="shuffle_trim_works"/>
    <testcase time="0" classname="character(0)" name="shuffle_trim_works"/>
    <testcase time="0.000999999999997669" classname="character(0)" name="shuffle_trim_works"/>
    <testcase time="0" classname="character(0)" name="shuffle_trim_works"/>
    <testcase time="0.00100000000000477" classname="character(0)" name="shuffle_trim_works"/>
  </testsuite>
  <testsuite name="shuffle_ard" timestamp="2025-04-09T21:32:44Z" hostname="8245d9c4f9a2" tests="1" skipped="0" failures="0" errors="0" time="0.002">
    <testcase time="0.00199999999999534" classname="character(0)" name="shuffle_ard_handles_protected_names"/>
  </testsuite>
  <testsuite name="shuffle_ard" timestamp="2025-04-09T21:32:44Z" hostname="8245d9c4f9a2" tests="1" skipped="0" failures="0" errors="0" time="0.002">
    <testcase time="0.00200000000000244" classname="character(0)" name="shuffle_ard_notifies_user_about_warnings_errors_before_dropping"/>
  </testsuite>
  <testsuite name="shuffle_ard" timestamp="2025-04-09T21:32:44Z" hostname="8245d9c4f9a2" tests="3" skipped="0" failures="0" errors="0" time="0.003">
    <testcase time="0.00200000000000244" classname="character(0)" name="shuffle_ard_fills_missing_group_levels_if_the_group_is_meaningful"/>
    <testcase time="0" classname="character(0)" name="shuffle_ard_fills_missing_group_levels_if_the_group_is_meaningful"/>
    <testcase time="0.000999999999997669" classname="character(0)" name="shuffle_ard_fills_missing_group_levels_if_the_group_is_meaningful"/>
  </testsuite>
  <testsuite name="shuffle_ard" timestamp="2025-04-09T21:32:44Z" hostname="8245d9c4f9a2" tests="2" skipped="0" failures="0" errors="0" time="0.002">
    <testcase time="0.00200000000000244" classname="character(0)" name="shuffle_ard_doesn_t_trim_off_NULL_NA_values"/>
    <testcase time="0" classname="character(0)" name="shuffle_ard_doesn_t_trim_off_NULL_NA_values"/>
  </testsuite>
  <testsuite name="shuffle_ard" timestamp="2025-04-09T21:32:44Z" hostname="8245d9c4f9a2" tests="1" skipped="0" failures="0" errors="0" time="0.002">
    <testcase time="0.00199999999999534" classname="character(0)" name="shuffle_ard_trims_statistics_with_length_1"/>
  </testsuite>
  <testsuite name="shuffle_ard" timestamp="2025-04-09T21:32:44Z" hostname="8245d9c4f9a2" tests="2" skipped="0" failures="0" errors="0" time="0.005">
    <testcase time="0.00500000000000256" classname="character(0)" name="shuffle_ard_coerces_all_factor_groups_variables_to_character"/>
    <testcase time="0" classname="character(0)" name="shuffle_ard_coerces_all_factor_groups_variables_to_character"/>
  </testsuite>
  <testsuite name="shuffle_ard" timestamp="2025-04-09T21:32:44Z" hostname="8245d9c4f9a2" tests="1" skipped="0" failures="0" errors="0" time="0.002">
    <testcase time="0.00200000000000244" classname="character(0)" name="shuffle_ard_fills_missing_group_levels_if_the_group_is_meaningful_for_cardx_output"/>
  </testsuite>
  <testsuite name="tidy_ard_column_order" timestamp="2025-04-09T21:32:44Z" hostname="8245d9c4f9a2" tests="1" skipped="0" failures="0" errors="0" time="0.119">
    <testcase time="0.119" classname="character(0)" name="tidy_ard_column_order_works"/>
  </testsuite>
  <testsuite name="tidy_ard_row_order" timestamp="2025-04-09T21:32:44Z" hostname="8245d9c4f9a2" tests="1" skipped="0" failures="0" errors="0" time="0.247">
    <testcase time="0.247" classname="character(0)" name="tidy_ard_row_order_works"/>
  </testsuite>
  <testsuite name="tidy_as_ard" timestamp="2025-04-09T21:32:44Z" hostname="8245d9c4f9a2" tests="4" skipped="0" failures="0" errors="0" time="0.359">
    <testcase time="0.357999999999997" classname="character(0)" name="tidy_as_ard_works"/>
    <testcase time="0" classname="character(0)" name="tidy_as_ard_works"/>
    <testcase time="0" classname="character(0)" name="tidy_as_ard_works"/>
    <testcase time="0.000999999999997669" classname="character(0)" name="tidy_as_ard_works"/>
  </testsuite>
  <testsuite name="unlist_ard_columns" timestamp="2025-04-09T21:32:45Z" hostname="8245d9c4f9a2" tests="3" skipped="0" failures="0" errors="0" time="0.693">
    <testcase time="0.691000000000003" classname="character(0)" name="unlist_ard_columns_"/>
    <testcase time="0.000999999999997669" classname="character(0)" name="unlist_ard_columns_"/>
    <testcase time="0.000999999999997669" classname="character(0)" name="unlist_ard_columns_"/>
  </testsuite>
  <testsuite name="unlist_ard_columns" timestamp="2025-04-09T21:32:45Z" hostname="8245d9c4f9a2" tests="1" skipped="0" failures="0" errors="0" time="0.003">
    <testcase time="0.00300000000000011" classname="character(0)" name="unlist_ard_columns_messaging"/>
  </testsuite>
  <testsuite name="unlist_ard_columns" timestamp="2025-04-09T21:32:45Z" hostname="8245d9c4f9a2" tests="2" skipped="0" failures="0" errors="0" time="0.006">
    <testcase time="0.00300000000000011" classname="character(0)" name="unlist_ard_columns_fct_as_chr_"/>
    <testcase time="0.00300000000000011" classname="character(0)" name="unlist_ard_columns_fct_as_chr_"/>
  </testsuite>
  <testsuite name="update_ard" timestamp="2025-04-09T21:32:46Z" hostname="8245d9c4f9a2" tests="2" skipped="0" failures="0" errors="0" time="1.215">
    <testcase time="1.214" classname="character(0)" name="update_ard_fmt_fn_"/>
    <testcase time="0.000999999999997669" classname="character(0)" name="update_ard_fmt_fn_"/>
  </testsuite>
  <testsuite name="update_ard" timestamp="2025-04-09T21:32:46Z" hostname="8245d9c4f9a2" tests="1" skipped="0" failures="0" errors="0" time="0.004">
    <testcase time="0.00400000000000489" classname="character(0)" name="update_ard_fmt_fn_filter_"/>
  </testsuite>
  <testsuite name="update_ard" timestamp="2025-04-09T21:32:46Z" hostname="8245d9c4f9a2" tests="2" skipped="0" failures="0" errors="0" time="0.003">
    <testcase time="0.00199999999999534" classname="character(0)" name="update_ard_fmt_fn_filter_messaging"/>
    <testcase time="0.00100000000000477" classname="character(0)" name="update_ard_fmt_fn_filter_messaging"/>
  </testsuite>
  <testsuite name="update_ard" timestamp="2025-04-09T21:32:46Z" hostname="8245d9c4f9a2" tests="1" skipped="0" failures="0" errors="0" time="0.002">
    <testcase time="0.00199999999999534" classname="character(0)" name="update_ard_stat_label_"/>
  </testsuite>
  <testsuite name="update_ard" timestamp="2025-04-09T21:32:46Z" hostname="8245d9c4f9a2" tests="1" skipped="0" failures="0" errors="0" time="0.002">
    <testcase time="0.00200000000000244" classname="character(0)" name="update_ard_stat_label_filter_"/>
  </testsuite>
  <testsuite name="update_ard" timestamp="2025-04-09T21:32:46Z" hostname="8245d9c4f9a2" tests="2" skipped="0" failures="0" errors="0" time="0.002">
    <testcase time="0.00200000000000244" classname="character(0)" name="update_ard_stat_label_filter_messaging"/>
    <testcase time="0" classname="character(0)" name="update_ard_stat_label_filter_messaging"/>
  </testsuite>
  <testsuite name="sort_ard_hierarchical" timestamp="2025-04-09T21:32:47Z" hostname="8245d9c4f9a2" tests="3" skipped="0" failures="0" errors="0" time="1.112">
    <testcase time="1.111" classname="character(0)" name="sort_ard_hierarchical_works"/>
    <testcase time="0.000999999999997669" classname="character(0)" name="sort_ard_hierarchical_works"/>
    <testcase time="0" classname="character(0)" name="sort_ard_hierarchical_works"/>
  </testsuite>
  <testsuite name="sort_ard_hierarchical" timestamp="2025-04-09T21:32:47Z" hostname="8245d9c4f9a2" tests="4" skipped="0" failures="0" errors="0" time="0.004">
    <testcase time="0.00200000000000244" classname="character(0)" name="sort_ard_hierarchical_sort_descending_works"/>
    <testcase time="0.000999999999997669" classname="character(0)" name="sort_ard_hierarchical_sort_descending_works"/>
    <testcase time="0" classname="character(0)" name="sort_ard_hierarchical_sort_descending_works"/>
    <testcase time="0.00100000000000477" classname="character(0)" name="sort_ard_hierarchical_sort_descending_works"/>
  </testsuite>
  <testsuite name="sort_ard_hierarchical" timestamp="2025-04-09T21:32:47Z" hostname="8245d9c4f9a2" tests="4" skipped="0" failures="0" errors="0" time="0.003">
    <testcase time="0.00199999999999534" classname="character(0)" name="sort_ard_hierarchical_sort_alphanumeric_works"/>
    <testcase time="0" classname="character(0)" name="sort_ard_hierarchical_sort_alphanumeric_works"/>
    <testcase time="0.00100000000000477" classname="character(0)" name="sort_ard_hierarchical_sort_alphanumeric_works"/>
    <testcase time="0" classname="character(0)" name="sort_ard_hierarchical_sort_alphanumeric_works"/>
  </testsuite>
  <testsuite name="sort_ard_hierarchical" timestamp="2025-04-09T21:32:47Z" hostname="8245d9c4f9a2" tests="4" skipped="0" failures="0" errors="0" time="0.004">
    <testcase time="0.00199999999999534" classname="character(0)" name="sort_ard_hierarchical_works_when_there_is_no_overall_row_in_x"/>
    <testcase time="0.00100000000000477" classname="character(0)" name="sort_ard_hierarchical_works_when_there_is_no_overall_row_in_x"/>
    <testcase time="0" classname="character(0)" name="sort_ard_hierarchical_works_when_there_is_no_overall_row_in_x"/>
    <testcase time="0.000999999999997669" classname="character(0)" name="sort_ard_hierarchical_works_when_there_is_no_overall_row_in_x"/>
  </testsuite>
  <testsuite name="sort_ard_hierarchical" timestamp="2025-04-09T21:32:47Z" hostname="8245d9c4f9a2" tests="4" skipped="0" failures="0" errors="0" time="0.006">
    <testcase time="0.00399999999999778" classname="character(0)" name="sort_ard_hierarchical_works_with_only_one_variable_in_x"/>
    <testcase time="0.00100000000000477" classname="character(0)" name="sort_ard_hierarchical_works_with_only_one_variable_in_x"/>
    <testcase time="0" classname="character(0)" name="sort_ard_hierarchical_works_with_only_one_variable_in_x"/>
    <testcase time="0.000999999999997669" classname="character(0)" name="sort_ard_hierarchical_works_with_only_one_variable_in_x"/>
  </testsuite>
  <testsuite name="sort_ard_hierarchical" timestamp="2025-04-09T21:32:47Z" hostname="8245d9c4f9a2" tests="1" skipped="0" failures="0" errors="0" time="0.002">
    <testcase time="0.00199999999999534" classname="character(0)" name="sort_ard_hierarchical_works_when_some_variables_not_included_in_x"/>
  </testsuite>
  <testsuite name="sort_ard_hierarchical" timestamp="2025-04-09T21:32:47Z" hostname="8245d9c4f9a2" tests="1" skipped="0" failures="0" errors="0" time="0.002">
    <testcase time="0.00200000000000244" classname="character(0)" name="sort_ard_hierarchical_works_when_sorting_using_p_instead_of_n"/>
  </testsuite>
  <testsuite name="sort_ard_hierarchical" timestamp="2025-04-09T21:32:47Z" hostname="8245d9c4f9a2" tests="3" skipped="0" failures="0" errors="0" time="0.003">
    <testcase time="0.00200000000000244" classname="character(0)" name="sort_ard_hierarchical_works_with_overall_data"/>
    <testcase time="0" classname="character(0)" name="sort_ard_hierarchical_works_with_overall_data"/>
    <testcase time="0.000999999999997669" classname="character(0)" name="sort_ard_hierarchical_works_with_overall_data"/>
  </testsuite>
  <testsuite name="sort_ard_hierarchical" timestamp="2025-04-09T21:32:47Z" hostname="8245d9c4f9a2" tests="3" skipped="0" failures="0" errors="0" time="0.003">
    <testcase time="0.00200000000000244" classname="character(0)" name="sort_ard_hierarchical_error_messaging_works"/>
    <testcase time="0" classname="character(0)" name="sort_ard_hierarchical_error_messaging_works"/>
    <testcase time="0.000999999999997669" classname="character(0)" name="sort_ard_hierarchical_error_messaging_works"/>
  </testsuite>
</testsuites>
