<?xml version="1.0" encoding="UTF-8"?>
<testsuites>
  <testsuite name="apply_fmt_fun" timestamp="2025-07-09T17:26:28Z" hostname="40d0a43b3b60" tests="2" skipped="0" failures="0" errors="0" time="1.035">
    <testcase time="1.018" classname="character(0)" name="apply_fmt_fun_works"/>
    <testcase time="0.0170000000000001" classname="character(0)" name="apply_fmt_fun_works"/>
  </testsuite>
  <testsuite name="apply_fmt_fun" timestamp="2025-07-09T17:26:28Z" hostname="40d0a43b3b60" tests="1" skipped="0" failures="0" errors="0" time="0.008">
    <testcase time="0.00800000000000001" classname="character(0)" name="apply_fmt_fun_works_with_integer_specification"/>
  </testsuite>
  <testsuite name="apply_fmt_fun" timestamp="2025-07-09T17:26:28Z" hostname="40d0a43b3b60" tests="3" skipped="0" failures="0" errors="0" time="0.013">
    <testcase time="0.012" classname="character(0)" name="apply_fmt_fun_works_with_xx_specification"/>
    <testcase time="0" classname="character(0)" name="apply_fmt_fun_works_with_xx_specification"/>
    <testcase time="0.00099999999999989" classname="character(0)" name="apply_fmt_fun_works_with_xx_specification"/>
  </testsuite>
  <testsuite name="apply_fmt_fun" timestamp="2025-07-09T17:26:28Z" hostname="40d0a43b3b60" tests="1" skipped="1" failures="0" errors="0" time="0.002">
    <testcase time="0.002" classname="character(0)" name="apply_fmt_fun_error_messaging">
      <skipped message="Reason: On CRAN ('test-apply_fmt_fun.R:87:3')"/>
    </testcase>
  </testsuite>
  <testsuite name="apply_fmt_fun" timestamp="2025-07-09T17:26:28Z" hostname="40d0a43b3b60" tests="1" skipped="1" failures="0" errors="0" time="0.025">
    <testcase time="0.0250000000000001" classname="character(0)" name="apply_fmt_fun_replace_">
      <skipped message="Reason: On CRAN ('test-apply_fmt_fun.R:130:3')"/>
    </testcase>
  </testsuite>
  <testsuite name="add_calculated_row" timestamp="2025-07-09T17:26:28Z" hostname="40d0a43b3b60" tests="1" skipped="1" failures="0" errors="0" time="0.188">
    <testcase time="0.188" classname="character(0)" name="add_calculated_row_x_">
      <skipped message="Reason: On CRAN ('test-add_calculated_row.R:2:3')"/>
    </testcase>
  </testsuite>
  <testsuite name="add_calculated_row" timestamp="2025-07-09T17:26:28Z" hostname="40d0a43b3b60" tests="1" skipped="1" failures="0" errors="0" time="0.012">
    <testcase time="0.012" classname="character(0)" name="add_calculated_row_expr_messaging">
      <skipped message="Reason: On CRAN ('test-add_calculated_row.R:25:3')"/>
    </testcase>
  </testsuite>
  <testsuite name="add_calculated_row" timestamp="2025-07-09T17:26:28Z" hostname="40d0a43b3b60" tests="1" skipped="1" failures="0" errors="0" time="0.013">
    <testcase time="0.0129999999999999" classname="character(0)" name="add_calculated_row_by_messaging">
      <skipped message="Reason: On CRAN ('test-add_calculated_row.R:33:3')"/>
    </testcase>
  </testsuite>
  <testsuite name="ard_attributes" timestamp="2025-07-09T17:26:28Z" hostname="40d0a43b3b60" tests="1" skipped="1" failures="0" errors="0" time="0.05">
    <testcase time="0.0500000000000003" classname="character(0)" name="ard_attributes_works">
      <skipped message="Reason: On CRAN ('test-ard_attributes.R:5:3')"/>
    </testcase>
  </testsuite>
  <testsuite name="ard_attributes" timestamp="2025-07-09T17:26:28Z" hostname="40d0a43b3b60" tests="1" skipped="0" failures="0" errors="0" time="0.017">
    <testcase time="0.0169999999999999" classname="character(0)" name="ard_attributes_errors_when_there_is_no_dataframe"/>
  </testsuite>
  <testsuite name="ard_attributes" timestamp="2025-07-09T17:26:28Z" hostname="40d0a43b3b60" tests="1" skipped="0" failures="0" errors="0" time="0.002">
    <testcase time="0.00199999999999978" classname="character(0)" name="ard_attributes_follows_ard_structure"/>
  </testsuite>
  <testsuite name="ard_attributes" timestamp="2025-07-09T17:26:28Z" hostname="40d0a43b3b60" tests="1" skipped="1" failures="0" errors="0" time="0.002">
    <testcase time="0.00200000000000022" classname="character(0)" name="ard_attributes_requires_label_as_a_named_list">
      <skipped message="Reason: On CRAN ('test-ard_attributes.R:29:3')"/>
    </testcase>
  </testsuite>
  <testsuite name="ard_complex" timestamp="2025-07-09T17:26:29Z" hostname="40d0a43b3b60" tests="5" skipped="0" failures="0" errors="0" time="1.14">
    <testcase time="1.136" classname="character(0)" name="ard_complex_works"/>
    <testcase time="0.00099999999999989" classname="character(0)" name="ard_complex_works"/>
    <testcase time="0.00099999999999989" classname="character(0)" name="ard_complex_works"/>
    <testcase time="0.00099999999999989" classname="character(0)" name="ard_complex_works"/>
    <testcase time="0.00100000000000033" classname="character(0)" name="ard_complex_works"/>
  </testsuite>
  <testsuite name="ard_complex" timestamp="2025-07-09T17:26:29Z" hostname="40d0a43b3b60" tests="1" skipped="1" failures="0" errors="0" time="0.003">
    <testcase time="0.00299999999999967" classname="character(0)" name="ard_complex_messaging">
      <skipped message="Reason: On CRAN ('test-ard_complex.R:87:3')"/>
    </testcase>
  </testsuite>
  <testsuite name="ard_complex" timestamp="2025-07-09T17:26:29Z" hostname="40d0a43b3b60" tests="1" skipped="0" failures="0" errors="0" time="0.013">
    <testcase time="0.0129999999999999" classname="character(0)" name="ard_complex_with_grouped_data_works"/>
  </testsuite>
  <testsuite name="ard_complex" timestamp="2025-07-09T17:26:29Z" hostname="40d0a43b3b60" tests="1" skipped="0" failures="0" errors="0" time="0.002">
    <testcase time="0.00200000000000022" classname="character(0)" name="ard_complex_follows_ard_structure"/>
  </testsuite>
  <testsuite name="ard_complex" timestamp="2025-07-09T17:26:29Z" hostname="40d0a43b3b60" tests="1" skipped="1" failures="0" errors="0" time="0.001">
    <testcase time="0.00099999999999989" classname="character(0)" name="ard_complex_errors_with_incorrect_factor_columns">
      <skipped message="Reason: On CRAN ('test-ard_complex.R:130:3')"/>
    </testcase>
  </testsuite>
  <testsuite name="ard_complex" timestamp="2025-07-09T17:26:29Z" hostname="40d0a43b3b60" tests="2" skipped="0" failures="0" errors="0" time="0.016">
    <testcase time="0.0150000000000001" classname="character(0)" name="ard_complex_with_as_cards_fn_inputs"/>
    <testcase time="0.00099999999999989" classname="character(0)" name="ard_complex_with_as_cards_fn_inputs"/>
  </testsuite>
  <testsuite name="ard_categorical" timestamp="2025-07-09T17:26:41Z" hostname="40d0a43b3b60" tests="2" skipped="1" failures="0" errors="0" time="11.627">
    <testcase time="11.626" classname="character(0)" name="ard_categorical_univariate"/>
    <testcase time="0.00100000000000122" classname="character(0)" name="ard_categorical_univariate">
      <skipped message="Reason: On CRAN ('test-ard_categorical.R:6:3')"/>
    </testcase>
  </testsuite>
  <testsuite name="ard_categorical" timestamp="2025-07-09T17:26:41Z" hostname="40d0a43b3b60" tests="2" skipped="1" failures="0" errors="0" time="0.016">
    <testcase time="0.016" classname="character(0)" name="ard_categorical_univariate_specified_denomiator"/>
    <testcase time="0" classname="character(0)" name="ard_categorical_univariate_specified_denomiator">
      <skipped message="Reason: On CRAN ('test-ard_categorical.R:77:3')"/>
    </testcase>
  </testsuite>
  <testsuite name="ard_categorical" timestamp="2025-07-09T17:26:41Z" hostname="40d0a43b3b60" tests="1" skipped="1" failures="0" errors="0" time="0.011">
    <testcase time="0.0109999999999992" classname="character(0)" name="ard_categorical_fmt_fun_argument_works">
      <skipped message="Reason: On CRAN ('test-ard_categorical.R:102:3')"/>
    </testcase>
  </testsuite>
  <testsuite name="ard_categorical" timestamp="2025-07-09T17:26:41Z" hostname="40d0a43b3b60" tests="6" skipped="1" failures="0" errors="0" time="0.017">
    <testcase time="0.0139999999999993" classname="character(0)" name="ard_categorical_with_strata_and_by_arguments"/>
    <testcase time="0.00100000000000122" classname="character(0)" name="ard_categorical_with_strata_and_by_arguments"/>
    <testcase time="0" classname="character(0)" name="ard_categorical_with_strata_and_by_arguments"/>
    <testcase time="0.000999999999999446" classname="character(0)" name="ard_categorical_with_strata_and_by_arguments"/>
    <testcase time="0" classname="character(0)" name="ard_categorical_with_strata_and_by_arguments"/>
    <testcase time="0.000999999999999446" classname="character(0)" name="ard_categorical_with_strata_and_by_arguments">
      <skipped message="Reason: On CRAN ('test-ard_categorical.R:220:3')"/>
    </testcase>
  </testsuite>
  <testsuite name="ard_categorical" timestamp="2025-07-09T17:26:41Z" hostname="40d0a43b3b60" tests="1" skipped="1" failures="0" errors="0" time="0.012">
    <testcase time="0.0120000000000005" classname="character(0)" name="ard_categorical_stat_label_argument_works">
      <skipped message="Reason: On CRAN ('test-ard_categorical.R:247:3')"/>
    </testcase>
  </testsuite>
  <testsuite name="ard_categorical" timestamp="2025-07-09T17:26:41Z" hostname="40d0a43b3b60" tests="5" skipped="0" failures="0" errors="0" time="0.014">
    <testcase time="0.0109999999999992" classname="character(0)" name="ard_categorical_denominator_cell_works"/>
    <testcase time="0.00100000000000122" classname="character(0)" name="ard_categorical_denominator_cell_works"/>
    <testcase time="0.000999999999999446" classname="character(0)" name="ard_categorical_denominator_cell_works"/>
    <testcase time="0" classname="character(0)" name="ard_categorical_denominator_cell_works"/>
    <testcase time="0.000999999999999446" classname="character(0)" name="ard_categorical_denominator_cell_works"/>
  </testsuite>
  <testsuite name="ard_categorical" timestamp="2025-07-09T17:26:41Z" hostname="40d0a43b3b60" tests="7" skipped="1" failures="0" errors="0" time="0.005">
    <testcase time="0.00100000000000122" classname="character(0)" name="ard_categorical_denominator_row_works"/>
    <testcase time="0.000999999999999446" classname="character(0)" name="ard_categorical_denominator_row_works"/>
    <testcase time="0" classname="character(0)" name="ard_categorical_denominator_row_works"/>
    <testcase time="0.000999999999999446" classname="character(0)" name="ard_categorical_denominator_row_works"/>
    <testcase time="0.00100000000000122" classname="character(0)" name="ard_categorical_denominator_row_works"/>
    <testcase time="0" classname="character(0)" name="ard_categorical_denominator_row_works"/>
    <testcase time="0.000999999999999446" classname="character(0)" name="ard_categorical_denominator_row_works">
      <skipped message="Reason: On CRAN ('test-ard_categorical.R:452:3')"/>
    </testcase>
  </testsuite>
  <testsuite name="ard_categorical" timestamp="2025-07-09T17:26:41Z" hostname="40d0a43b3b60" tests="5" skipped="0" failures="0" errors="0" time="0.014">
    <testcase time="0.0109999999999992" classname="character(0)" name="ard_categorical_denominator_column_works"/>
    <testcase time="0.00100000000000122" classname="character(0)" name="ard_categorical_denominator_column_works"/>
    <testcase time="0.000999999999999446" classname="character(0)" name="ard_categorical_denominator_column_works"/>
    <testcase time="0" classname="character(0)" name="ard_categorical_denominator_column_works"/>
    <testcase time="0.000999999999999446" classname="character(0)" name="ard_categorical_denominator_column_works"/>
  </testsuite>
  <testsuite name="ard_categorical" timestamp="2025-07-09T17:26:41Z" hostname="40d0a43b3b60" tests="1" skipped="0" failures="0" errors="0" time="0.001">
    <testcase time="0.00100000000000122" classname="character(0)" name="ard_categorical_denominator_integer_works"/>
  </testsuite>
  <testsuite name="ard_categorical" timestamp="2025-07-09T17:26:41Z" hostname="40d0a43b3b60" tests="1" skipped="1" failures="0" errors="0" time="0.002">
    <testcase time="0.00199999999999889" classname="character(0)" name="ard_categorical_denominator_data_frame_with_counts_works">
      <skipped message="Reason: On CRAN ('test-ard_categorical.R:564:3')"/>
    </testcase>
  </testsuite>
  <testsuite name="ard_categorical" timestamp="2025-07-09T17:26:41Z" hostname="40d0a43b3b60" tests="2" skipped="0" failures="0" errors="0" time="0.015">
    <testcase time="0.0140000000000011" classname="character(0)" name="ard_categorical_denominator_data_frame_without_counts_works"/>
    <testcase time="0.000999999999999446" classname="character(0)" name="ard_categorical_denominator_data_frame_without_counts_works"/>
  </testsuite>
  <testsuite name="ard_categorical" timestamp="2025-07-09T17:26:41Z" hostname="40d0a43b3b60" tests="2" skipped="0" failures="0" errors="0" time="0.002">
    <testcase time="0.00200000000000067" classname="character(0)" name="ard_categorical_and_ARD_column_names"/>
    <testcase time="0" classname="character(0)" name="ard_categorical_and_ARD_column_names"/>
  </testsuite>
  <testsuite name="ard_categorical" timestamp="2025-07-09T17:26:41Z" hostname="40d0a43b3b60" tests="1" skipped="0" failures="0" errors="0" time="0.002">
    <testcase time="0.00199999999999889" classname="character(0)" name="ard_categorical_with_grouped_data_works"/>
  </testsuite>
  <testsuite name="ard_categorical" timestamp="2025-07-09T17:26:41Z" hostname="40d0a43b3b60" tests="1" skipped="1" failures="0" errors="0" time="0.002">
    <testcase time="0.00200000000000067" classname="character(0)" name="ard_categorical_and_all_NA_columns">
      <skipped message="Reason: On CRAN ('test-ard_categorical.R:700:3')"/>
    </testcase>
  </testsuite>
  <testsuite name="ard_categorical" timestamp="2025-07-09T17:26:41Z" hostname="40d0a43b3b60" tests="4" skipped="0" failures="0" errors="0" time="0.014">
    <testcase time="0.0120000000000005" classname="character(0)" name="ard_categorical_can_handle_non_syntactic_column_names"/>
    <testcase time="0" classname="character(0)" name="ard_categorical_can_handle_non_syntactic_column_names"/>
    <testcase time="0.000999999999999446" classname="character(0)" name="ard_categorical_can_handle_non_syntactic_column_names"/>
    <testcase time="0.000999999999999446" classname="character(0)" name="ard_categorical_can_handle_non_syntactic_column_names"/>
  </testsuite>
  <testsuite name="ard_categorical" timestamp="2025-07-09T17:26:41Z" hostname="40d0a43b3b60" tests="1" skipped="0" failures="0" errors="0" time="0.001">
    <testcase time="0.000999999999999446" classname="character(0)" name="ard_categorical_strata_returns_results_in_proper_order"/>
  </testsuite>
  <testsuite name="ard_categorical" timestamp="2025-07-09T17:26:41Z" hostname="40d0a43b3b60" tests="1" skipped="1" failures="0" errors="0" time="0.002">
    <testcase time="0.00200000000000067" classname="character(0)" name="ard_categorical_by_messages_about_protected_names">
      <skipped message="Reason: On CRAN ('test-ard_categorical.R:781:3')"/>
    </testcase>
  </testsuite>
  <testsuite name="ard_categorical" timestamp="2025-07-09T17:26:41Z" hostname="40d0a43b3b60" tests="15" skipped="0" failures="0" errors="0" time="0.04">
    <testcase time="0.0120000000000005" classname="character(0)" name="ard_categorical_works_when_using_generic_names_"/>
    <testcase time="0" classname="character(0)" name="ard_categorical_works_when_using_generic_names_"/>
    <testcase time="0.000999999999999446" classname="character(0)" name="ard_categorical_works_when_using_generic_names_"/>
    <testcase time="0" classname="character(0)" name="ard_categorical_works_when_using_generic_names_"/>
    <testcase time="0.000999999999999446" classname="character(0)" name="ard_categorical_works_when_using_generic_names_"/>
    <testcase time="0.00100000000000122" classname="character(0)" name="ard_categorical_works_when_using_generic_names_"/>
    <testcase time="0" classname="character(0)" name="ard_categorical_works_when_using_generic_names_"/>
    <testcase time="0.000999999999999446" classname="character(0)" name="ard_categorical_works_when_using_generic_names_"/>
    <testcase time="0" classname="character(0)" name="ard_categorical_works_when_using_generic_names_"/>
    <testcase time="0.000999999999999446" classname="character(0)" name="ard_categorical_works_when_using_generic_names_"/>
    <testcase time="0" classname="character(0)" name="ard_categorical_works_when_using_generic_names_"/>
    <testcase time="0.00100000000000122" classname="character(0)" name="ard_categorical_works_when_using_generic_names_"/>
    <testcase time="0" classname="character(0)" name="ard_categorical_works_when_using_generic_names_"/>
    <testcase time="0.020999999999999" classname="character(0)" name="ard_categorical_works_when_using_generic_names_"/>
    <testcase time="0.00100000000000122" classname="character(0)" name="ard_categorical_works_when_using_generic_names_"/>
  </testsuite>
  <testsuite name="ard_categorical" timestamp="2025-07-09T17:26:41Z" hostname="40d0a43b3b60" tests="1" skipped="1" failures="0" errors="0" time="0.002">
    <testcase time="0.00199999999999889" classname="character(0)" name="ard_categorical_by_messages_about_protected_names">
      <skipped message="Reason: On CRAN ('test-ard_categorical.R:1090:3')"/>
    </testcase>
  </testsuite>
  <testsuite name="ard_categorical" timestamp="2025-07-09T17:26:41Z" hostname="40d0a43b3b60" tests="1" skipped="0" failures="0" errors="0" time="0.012">
    <testcase time="0.0120000000000005" classname="character(0)" name="ard_categorical_follows_ard_structure"/>
  </testsuite>
  <testsuite name="ard_categorical" timestamp="2025-07-09T17:26:41Z" hostname="40d0a43b3b60" tests="2" skipped="0" failures="0" errors="0" time="0.002">
    <testcase time="0.00200000000000067" classname="character(0)" name="ard_categorical_with_hms_times"/>
    <testcase time="0" classname="character(0)" name="ard_categorical_with_hms_times"/>
  </testsuite>
  <testsuite name="ard_categorical" timestamp="2025-07-09T17:26:41Z" hostname="40d0a43b3b60" tests="1" skipped="1" failures="0" errors="0" time="0.002">
    <testcase time="0.00199999999999889" classname="character(0)" name="ard_categorical_errors_with_incomplete_factor_columns">
      <skipped message="Reason: On CRAN ('test-ard_categorical.R:1132:3')"/>
    </testcase>
  </testsuite>
  <testsuite name="ard_categorical" timestamp="2025-07-09T17:26:41Z" hostname="40d0a43b3b60" tests="13" skipped="0" failures="0" errors="0" time="0.019">
    <testcase time="0.0120000000000005" classname="character(0)" name="ard_categorical_denominator_column_with_cumulative_counts"/>
    <testcase time="0" classname="character(0)" name="ard_categorical_denominator_column_with_cumulative_counts"/>
    <testcase time="0.000999999999999446" classname="character(0)" name="ard_categorical_denominator_column_with_cumulative_counts"/>
    <testcase time="0" classname="character(0)" name="ard_categorical_denominator_column_with_cumulative_counts"/>
    <testcase time="0.00100000000000122" classname="character(0)" name="ard_categorical_denominator_column_with_cumulative_counts"/>
    <testcase time="0.000999999999999446" classname="character(0)" name="ard_categorical_denominator_column_with_cumulative_counts"/>
    <testcase time="0" classname="character(0)" name="ard_categorical_denominator_column_with_cumulative_counts"/>
    <testcase time="0.000999999999999446" classname="character(0)" name="ard_categorical_denominator_column_with_cumulative_counts"/>
    <testcase time="0" classname="character(0)" name="ard_categorical_denominator_column_with_cumulative_counts"/>
    <testcase time="0.00100000000000122" classname="character(0)" name="ard_categorical_denominator_column_with_cumulative_counts"/>
    <testcase time="0" classname="character(0)" name="ard_categorical_denominator_column_with_cumulative_counts"/>
    <testcase time="0.000999999999999446" classname="character(0)" name="ard_categorical_denominator_column_with_cumulative_counts"/>
    <testcase time="0.000999999999999446" classname="character(0)" name="ard_categorical_denominator_column_with_cumulative_counts"/>
  </testsuite>
  <testsuite name="ard_categorical" timestamp="2025-07-09T17:26:41Z" hostname="40d0a43b3b60" tests="6" skipped="0" failures="0" errors="0" time="0.004">
    <testcase time="0.000999999999999446" classname="character(0)" name="ard_categorical_denominator_row_with_cumulative_counts"/>
    <testcase time="0.00100000000000122" classname="character(0)" name="ard_categorical_denominator_row_with_cumulative_counts"/>
    <testcase time="0" classname="character(0)" name="ard_categorical_denominator_row_with_cumulative_counts"/>
    <testcase time="0.000999999999999446" classname="character(0)" name="ard_categorical_denominator_row_with_cumulative_counts"/>
    <testcase time="0" classname="character(0)" name="ard_categorical_denominator_row_with_cumulative_counts"/>
    <testcase time="0.000999999999999446" classname="character(0)" name="ard_categorical_denominator_row_with_cumulative_counts"/>
  </testsuite>
  <testsuite name="ard_categorical" timestamp="2025-07-09T17:26:41Z" hostname="40d0a43b3b60" tests="1" skipped="1" failures="0" errors="0" time="0.002">
    <testcase time="0.00200000000000067" classname="character(0)" name="ard_categorical_with_cumulative_counts_messaging">
      <skipped message="Reason: On CRAN ('test-ard_categorical.R:1373:3')"/>
    </testcase>
  </testsuite>
  <testsuite name="ard_categorical" timestamp="2025-07-09T17:26:41Z" hostname="40d0a43b3b60" tests="1" skipped="0" failures="0" errors="0" time="0.014">
    <testcase time="0.0139999999999993" classname="character(0)" name="ard_categorical_ordering_for_multiple_strata"/>
  </testsuite>
  <testsuite name="ard_dichotomous" timestamp="2025-07-09T17:26:42Z" hostname="40d0a43b3b60" tests="2" skipped="1" failures="0" errors="0" time="0.819">
    <testcase time="0.817999999999998" classname="character(0)" name="ard_dichotomous_works"/>
    <testcase time="0.00100000000000122" classname="character(0)" name="ard_dichotomous_works">
      <skipped message="Reason: On CRAN ('test-ard_dichotomous.R:11:3')"/>
    </testcase>
  </testsuite>
  <testsuite name="ard_dichotomous" timestamp="2025-07-09T17:26:42Z" hostname="40d0a43b3b60" tests="1" skipped="1" failures="0" errors="0" time="0.02">
    <testcase time="0.0199999999999996" classname="character(0)" name="ard_dichotomous_works">
      <skipped message="Reason: On CRAN ('test-ard_dichotomous.R:46:3')"/>
    </testcase>
  </testsuite>
  <testsuite name="ard_dichotomous" timestamp="2025-07-09T17:26:42Z" hostname="40d0a43b3b60" tests="1" skipped="0" failures="0" errors="0" time="0.014">
    <testcase time="0.0139999999999993" classname="character(0)" name="ard_dichotomous_with_grouped_data_works"/>
  </testsuite>
  <testsuite name="ard_dichotomous" timestamp="2025-07-09T17:26:42Z" hostname="40d0a43b3b60" tests="1" skipped="0" failures="0" errors="0" time="0.002">
    <testcase time="0.00200000000000244" classname="character(0)" name="ard_dichotomous_follows_ard_structure"/>
  </testsuite>
  <testsuite name="ard_dichotomous" timestamp="2025-07-09T17:26:42Z" hostname="40d0a43b3b60" tests="1" skipped="1" failures="0" errors="0" time="0.001">
    <testcase time="0.000999999999997669" classname="character(0)" name="ard_dichotomous_errors_with_incomplete_factor_columns">
      <skipped message="Reason: On CRAN ('test-ard_dichotomous.R:100:3')"/>
    </testcase>
  </testsuite>
  <testsuite name="ard_formals" timestamp="2025-07-09T17:26:42Z" hostname="40d0a43b3b60" tests="1" skipped="1" failures="0" errors="0" time="0.087">
    <testcase time="0.0869999999999997" classname="character(0)" name="ard_formals_works">
      <skipped message="Reason: On CRAN ('test-ard_formals.R:2:3')"/>
    </testcase>
  </testsuite>
  <testsuite name="ard_hierarchical" timestamp="2025-07-09T17:26:51Z" hostname="40d0a43b3b60" tests="2" skipped="1" failures="0" errors="0" time="8.306">
    <testcase time="8.305" classname="character(0)" name="ard_hierarchical_works_without_by_variables"/>
    <testcase time="0.000999999999997669" classname="character(0)" name="ard_hierarchical_works_without_by_variables">
      <skipped message="Reason: On CRAN ('test-ard_hierarchical.R:12:3')"/>
    </testcase>
  </testsuite>
  <testsuite name="ard_hierarchical" timestamp="2025-07-09T17:26:51Z" hostname="40d0a43b3b60" tests="2" skipped="0" failures="0" errors="0" time="0.012">
    <testcase time="0.0120000000000005" classname="character(0)" name="ard_hierarchical_works_with_by_variable"/>
    <testcase time="0" classname="character(0)" name="ard_hierarchical_works_with_by_variable"/>
  </testsuite>
  <testsuite name="ard_hierarchical" timestamp="2025-07-09T17:26:51Z" hostname="40d0a43b3b60" tests="2" skipped="0" failures="0" errors="0" time="0.003">
    <testcase time="0.00199999999999889" classname="character(0)" name="ard_hierarchical_works_with_by_variable_not_present_in_denominator_"/>
    <testcase time="0.00100000000000122" classname="character(0)" name="ard_hierarchical_works_with_by_variable_not_present_in_denominator_"/>
  </testsuite>
  <testsuite name="ard_hierarchical" timestamp="2025-07-09T17:26:51Z" hostname="40d0a43b3b60" tests="1" skipped="1" failures="0" errors="0" time="0.001">
    <testcase time="0.00100000000000122" classname="character(0)" name="ard_hierarchical_works_without_any_variables">
      <skipped message="Reason: On CRAN ('test-ard_hierarchical.R:108:3')"/>
    </testcase>
  </testsuite>
  <testsuite name="ard_hierarchical" timestamp="2025-07-09T17:26:51Z" hostname="40d0a43b3b60" tests="1" skipped="1" failures="0" errors="0" time="0.011">
    <testcase time="0.0109999999999992" classname="character(0)" name="ard_hierarchical_id_argument_works">
      <skipped message="Reason: On CRAN ('test-ard_hierarchical.R:118:3')"/>
    </testcase>
  </testsuite>
  <testsuite name="ard_hierarchical" timestamp="2025-07-09T17:26:51Z" hostname="40d0a43b3b60" tests="2" skipped="1" failures="0" errors="0" time="0.012">
    <testcase time="0.0109999999999992" classname="character(0)" name="ard_hierarchical_count_works_without_by_variables"/>
    <testcase time="0.00100000000000122" classname="character(0)" name="ard_hierarchical_count_works_without_by_variables">
      <skipped message="Reason: On CRAN ('test-ard_hierarchical.R:152:3')"/>
    </testcase>
  </testsuite>
  <testsuite name="ard_hierarchical" timestamp="2025-07-09T17:26:51Z" hostname="40d0a43b3b60" tests="2" skipped="0" failures="0" errors="0" time="0.016">
    <testcase time="0.0150000000000006" classname="character(0)" name="ard_hierarchical_count_works_with_by_variable"/>
    <testcase time="0.000999999999997669" classname="character(0)" name="ard_hierarchical_count_works_with_by_variable"/>
  </testsuite>
  <testsuite name="ard_hierarchical" timestamp="2025-07-09T17:26:51Z" hostname="40d0a43b3b60" tests="2" skipped="0" failures="0" errors="0" time="0.002">
    <testcase time="0.00200000000000244" classname="character(0)" name="ard_hierarchical_count_works_with_by_variable_not_present_in_denominator_"/>
    <testcase time="0" classname="character(0)" name="ard_hierarchical_count_works_with_by_variable_not_present_in_denominator_"/>
  </testsuite>
  <testsuite name="ard_hierarchical" timestamp="2025-07-09T17:26:51Z" hostname="40d0a43b3b60" tests="1" skipped="1" failures="0" errors="0" time="0.002">
    <testcase time="0.00199999999999889" classname="character(0)" name="ard_hierarchical_count_works_without_any_variables">
      <skipped message="Reason: On CRAN ('test-ard_hierarchical.R:254:3')"/>
    </testcase>
  </testsuite>
  <testsuite name="ard_hierarchical" timestamp="2025-07-09T17:26:51Z" hostname="40d0a43b3b60" tests="2" skipped="0" failures="0" errors="0" time="0.012">
    <testcase time="0.0120000000000005" classname="character(0)" name="ard_hierarchical_and_ard_hierarchical_count_with_grouped_data_works"/>
    <testcase time="0" classname="character(0)" name="ard_hierarchical_and_ard_hierarchical_count_with_grouped_data_works"/>
  </testsuite>
  <testsuite name="ard_hierarchical" timestamp="2025-07-09T17:26:51Z" hostname="40d0a43b3b60" tests="1" skipped="0" failures="0" errors="0" time="0.002">
    <testcase time="0.00199999999999889" classname="character(0)" name="ard_hierarchical_follows_ard_structure"/>
  </testsuite>
  <testsuite name="ard_hierarchical" timestamp="2025-07-09T17:26:51Z" hostname="40d0a43b3b60" tests="1" skipped="1" failures="0" errors="0" time="0.002">
    <testcase time="0.00199999999999889" classname="character(0)" name="ard_hierarchical_errors_with_incomplete_factor_columns">
      <skipped message="Reason: On CRAN ('test-ard_hierarchical.R:307:3')"/>
    </testcase>
  </testsuite>
  <testsuite name="ard_hierarchical" timestamp="2025-07-09T17:26:51Z" hostname="40d0a43b3b60" tests="1" skipped="1" failures="0" errors="0" time="0.011">
    <testcase time="0.0110000000000028" classname="character(0)" name="ard_hierarchical_count_errors_with_incomplete_factor_columns">
      <skipped message="Reason: On CRAN ('test-ard_hierarchical.R:330:3')"/>
    </testcase>
  </testsuite>
  <testsuite name="ard_hierarchical" timestamp="2025-07-09T17:26:51Z" hostname="40d0a43b3b60" tests="3" skipped="0" failures="0" errors="0" time="0.081">
    <testcase time="0.0789999999999971" classname="character(0)" name="ard_hierarchical_count_provides_correct_results_with_10_groups"/>
    <testcase time="0.00100000000000122" classname="character(0)" name="ard_hierarchical_count_provides_correct_results_with_10_groups"/>
    <testcase time="0.00100000000000122" classname="character(0)" name="ard_hierarchical_count_provides_correct_results_with_10_groups"/>
  </testsuite>
  <testsuite name="ard_identity" timestamp="2025-07-09T17:26:51Z" hostname="40d0a43b3b60" tests="3" skipped="0" failures="0" errors="0" time="0.201">
    <testcase time="0.199999999999999" classname="character(0)" name="ard_identity_works"/>
    <testcase time="0" classname="character(0)" name="ard_identity_works"/>
    <testcase time="0.00100000000000122" classname="character(0)" name="ard_identity_works"/>
  </testsuite>
  <testsuite name="ard_identity" timestamp="2025-07-09T17:26:51Z" hostname="40d0a43b3b60" tests="1" skipped="1" failures="0" errors="0" time="0.002">
    <testcase time="0.00199999999999889" classname="character(0)" name="ard_identity_messaging">
      <skipped message="Reason: On CRAN ('test-ard_identity.R:30:3')"/>
    </testcase>
  </testsuite>
  <testsuite name="ard_missing" timestamp="2025-07-09T17:26:51Z" hostname="40d0a43b3b60" tests="2" skipped="1" failures="0" errors="0" time="0.47">
    <testcase time="0.469999999999999" classname="character(0)" name="ard_missing_works"/>
    <testcase time="0" classname="character(0)" name="ard_missing_works">
      <skipped message="Reason: On CRAN ('test-ard_missing.R:7:3')"/>
    </testcase>
  </testsuite>
  <testsuite name="ard_missing" timestamp="2025-07-09T17:26:51Z" hostname="40d0a43b3b60" tests="1" skipped="1" failures="0" errors="0" time="0.012">
    <testcase time="0.0120000000000005" classname="character(0)" name="ard_missing_stat_label_argument_works">
      <skipped message="Reason: On CRAN ('test-ard_missing.R:31:3')"/>
    </testcase>
  </testsuite>
  <testsuite name="ard_missing" timestamp="2025-07-09T17:26:51Z" hostname="40d0a43b3b60" tests="1" skipped="0" failures="0" errors="0" time="0.017">
    <testcase time="0.0169999999999995" classname="character(0)" name="ard_missing_with_grouped_data_works"/>
  </testsuite>
  <testsuite name="ard_missing" timestamp="2025-07-09T17:26:51Z" hostname="40d0a43b3b60" tests="1" skipped="0" failures="0" errors="0" time="0.002">
    <testcase time="0.00200000000000244" classname="character(0)" name="ard_missing_follows_ard_structure"/>
  </testsuite>
  <testsuite name="ard_pairwise" timestamp="2025-07-09T17:26:52Z" hostname="40d0a43b3b60" tests="4" skipped="0" failures="0" errors="0" time="0.52">
    <testcase time="0.517999999999997" classname="character(0)" name="ard_pairwise_works"/>
    <testcase time="0.00100000000000122" classname="character(0)" name="ard_pairwise_works"/>
    <testcase time="0.00100000000000122" classname="character(0)" name="ard_pairwise_works"/>
    <testcase time="0" classname="character(0)" name="ard_pairwise_works"/>
  </testsuite>
  <testsuite name="ard_pairwise" timestamp="2025-07-09T17:26:52Z" hostname="40d0a43b3b60" tests="4" skipped="0" failures="0" errors="0" time="0.004">
    <testcase time="0.00199999999999889" classname="character(0)" name="ard_pairwise_variable_"/>
    <testcase time="0.00100000000000122" classname="character(0)" name="ard_pairwise_variable_"/>
    <testcase time="0" classname="character(0)" name="ard_pairwise_variable_"/>
    <testcase time="0.000999999999997669" classname="character(0)" name="ard_pairwise_variable_"/>
  </testsuite>
  <testsuite name="ard_pairwise" timestamp="2025-07-09T17:26:52Z" hostname="40d0a43b3b60" tests="1" skipped="1" failures="0" errors="0" time="0.002">
    <testcase time="0.00200000000000244" classname="character(0)" name="ard_pairwise_variable_messaging">
      <skipped message="Reason: On CRAN ('test-ard_pairwise.R:54:3')"/>
    </testcase>
  </testsuite>
  <testsuite name="ard_pairwise" timestamp="2025-07-09T17:26:52Z" hostname="40d0a43b3b60" tests="2" skipped="0" failures="0" errors="0" time="0.012">
    <testcase time="0.0120000000000005" classname="character(0)" name="ard_pairwise_include_"/>
    <testcase time="0" classname="character(0)" name="ard_pairwise_include_"/>
  </testsuite>
  <testsuite name="ard_pairwise" timestamp="2025-07-09T17:26:52Z" hostname="40d0a43b3b60" tests="1" skipped="1" failures="0" errors="0" time="0.002">
    <testcase time="0.00199999999999889" classname="character(0)" name="ard_pairwise_.f_messaging">
      <skipped message="Reason: On CRAN ('test-ard_pairwise.R:90:3')"/>
    </testcase>
  </testsuite>
  <testsuite name="ard_pairwise" timestamp="2025-07-09T17:26:52Z" hostname="40d0a43b3b60" tests="1" skipped="1" failures="0" errors="0" time="0.015">
    <testcase time="0.0150000000000006" classname="character(0)" name="ard_pairwise_include_messaging">
      <skipped message="Reason: On CRAN ('test-ard_pairwise.R:98:3')"/>
    </testcase>
  </testsuite>
  <testsuite name="ard_stack" timestamp="2025-07-09T17:27:00Z" hostname="40d0a43b3b60" tests="7" skipped="0" failures="0" errors="0" time="8.155">
    <testcase time="8.148" classname="character(0)" name="ard_stack_works"/>
    <testcase time="0.00399999999999778" classname="character(0)" name="ard_stack_works"/>
    <testcase time="0" classname="character(0)" name="ard_stack_works"/>
    <testcase time="0.00100000000000477" classname="character(0)" name="ard_stack_works"/>
    <testcase time="0" classname="character(0)" name="ard_stack_works"/>
    <testcase time="0.000999999999997669" classname="character(0)" name="ard_stack_works"/>
    <testcase time="0.000999999999997669" classname="character(0)" name="ard_stack_works"/>
  </testsuite>
  <testsuite name="ard_stack" timestamp="2025-07-09T17:27:00Z" hostname="40d0a43b3b60" tests="2" skipped="0" failures="0" errors="0" time="0.002">
    <testcase time="0.00100000000000477" classname="character(0)" name="ard_stack_adding_overalls"/>
    <testcase time="0.000999999999997669" classname="character(0)" name="ard_stack_adding_overalls"/>
  </testsuite>
  <testsuite name="ard_stack" timestamp="2025-07-09T17:27:00Z" hostname="40d0a43b3b60" tests="4" skipped="0" failures="0" errors="0" time="0.003">
    <testcase time="0.00200000000000244" classname="character(0)" name="ard_stack_adding_missing_attributes"/>
    <testcase time="0" classname="character(0)" name="ard_stack_adding_missing_attributes"/>
    <testcase time="0.000999999999997669" classname="character(0)" name="ard_stack_adding_missing_attributes"/>
    <testcase time="0" classname="character(0)" name="ard_stack_adding_missing_attributes"/>
  </testsuite>
  <testsuite name="ard_stack" timestamp="2025-07-09T17:27:00Z" hostname="40d0a43b3b60" tests="4" skipped="0" failures="0" errors="0" time="0.004">
    <testcase time="0.00200000000000244" classname="character(0)" name="ard_stack_.shuffle_argument"/>
    <testcase time="0.000999999999997669" classname="character(0)" name="ard_stack_.shuffle_argument"/>
    <testcase time="0" classname="character(0)" name="ard_stack_.shuffle_argument"/>
    <testcase time="0.000999999999997669" classname="character(0)" name="ard_stack_.shuffle_argument"/>
  </testsuite>
  <testsuite name="ard_stack" timestamp="2025-07-09T17:27:00Z" hostname="40d0a43b3b60" tests="1" skipped="0" failures="0" errors="0" time="0.001">
    <testcase time="0.000999999999997669" classname="character(0)" name="ard_stack_adding_total_N"/>
  </testsuite>
  <testsuite name="ard_stack" timestamp="2025-07-09T17:27:00Z" hostname="40d0a43b3b60" tests="1" skipped="0" failures="0" errors="0" time="0.002">
    <testcase time="0.00200000000000244" classname="character(0)" name="ard_stack_works_with_namespaced_functions"/>
  </testsuite>
  <testsuite name="ard_stack" timestamp="2025-07-09T17:27:00Z" hostname="40d0a43b3b60" tests="1" skipped="1" failures="0" errors="0" time="0.002">
    <testcase time="0.00200000000000244" classname="character(0)" name="ard_stack_messaging">
      <skipped message="Reason: On CRAN ('test-ard_stack.R:250:3')"/>
    </testcase>
  </testsuite>
  <testsuite name="ard_stack" timestamp="2025-07-09T17:27:00Z" hostname="40d0a43b3b60" tests="1" skipped="1" failures="0" errors="0" time="0.012">
    <testcase time="0.0120000000000005" classname="character(0)" name="ard_stack_complex_call_error">
      <skipped message="Reason: On CRAN ('test-ard_stack.R:268:3')"/>
    </testcase>
  </testsuite>
  <testsuite name="ard_stack" timestamp="2025-07-09T17:27:00Z" hostname="40d0a43b3b60" tests="1" skipped="0" failures="0" errors="0" time="0.011">
    <testcase time="0.0109999999999957" classname="character(0)" name="ard_stack_follows_ard_structure"/>
  </testsuite>
  <testsuite name="ard_stack" timestamp="2025-07-09T17:27:00Z" hostname="40d0a43b3b60" tests="1" skipped="1" failures="0" errors="0" time="0.002">
    <testcase time="0.00200000000000244" classname="character(0)" name="ard_stack_.by_messaging">
      <skipped message="Reason: On CRAN ('test-ard_stack.R:299:3')"/>
    </testcase>
  </testsuite>
  <testsuite name="ard_stack_hierarchical" timestamp="2025-07-09T17:27:08Z" hostname="40d0a43b3b60" tests="4" skipped="0" failures="0" errors="0" time="8.268">
    <testcase time="8.266" classname="character(0)" name="ard_stack_hierarchical_variables_"/>
    <testcase time="0.00100000000000477" classname="character(0)" name="ard_stack_hierarchical_variables_"/>
    <testcase time="0" classname="character(0)" name="ard_stack_hierarchical_variables_"/>
    <testcase time="0.000999999999997669" classname="character(0)" name="ard_stack_hierarchical_variables_"/>
  </testsuite>
  <testsuite name="ard_stack_hierarchical" timestamp="2025-07-09T17:27:08Z" hostname="40d0a43b3b60" tests="1" skipped="1" failures="0" errors="0" time="0.002">
    <testcase time="0.00200000000000244" classname="character(0)" name="ard_stack_hierarchical_variables_messaging_removed_obs">
      <skipped message="Reason: On CRAN ('test-ard_stack_hierarchical.R:54:3')"/>
    </testcase>
  </testsuite>
  <testsuite name="ard_stack_hierarchical" timestamp="2025-07-09T17:27:09Z" hostname="40d0a43b3b60" tests="1" skipped="1" failures="0" errors="0" time="0.012">
    <testcase time="0.0120000000000005" classname="character(0)" name="ard_stack_hierarchical_variables_messaging">
      <skipped message="Reason: On CRAN ('test-ard_stack_hierarchical.R:78:3')"/>
    </testcase>
  </testsuite>
  <testsuite name="ard_stack_hierarchical" timestamp="2025-07-09T17:27:09Z" hostname="40d0a43b3b60" tests="3" skipped="0" failures="0" errors="0" time="0.012">
    <testcase time="0.0109999999999957" classname="character(0)" name="ard_stack_hierarchical_by_"/>
    <testcase time="0.000999999999997669" classname="character(0)" name="ard_stack_hierarchical_by_"/>
    <testcase time="0" classname="character(0)" name="ard_stack_hierarchical_by_"/>
  </testsuite>
  <testsuite name="ard_stack_hierarchical" timestamp="2025-07-09T17:27:09Z" hostname="40d0a43b3b60" tests="1" skipped="1" failures="0" errors="0" time="0.002">
    <testcase time="0.00200000000000244" classname="character(0)" name="ard_stack_hierarchical_by_messaging">
      <skipped message="Reason: On CRAN ('test-ard_stack_hierarchical.R:162:3')"/>
    </testcase>
  </testsuite>
  <testsuite name="ard_stack_hierarchical" timestamp="2025-07-09T17:27:09Z" hostname="40d0a43b3b60" tests="1" skipped="1" failures="0" errors="0" time="0.014">
    <testcase time="0.0140000000000029" classname="character(0)" name="ard_stack_hierarchical_denominator_messaging">
      <skipped message="Reason: On CRAN ('test-ard_stack_hierarchical.R:191:3')"/>
    </testcase>
  </testsuite>
  <testsuite name="ard_stack_hierarchical" timestamp="2025-07-09T17:27:09Z" hostname="40d0a43b3b60" tests="4" skipped="0" failures="0" errors="0" time="0.014">
    <testcase time="0.0120000000000005" classname="character(0)" name="ard_stack_hierarchical_by_with_columns_not_in_denominator_"/>
    <testcase time="0" classname="character(0)" name="ard_stack_hierarchical_by_with_columns_not_in_denominator_"/>
    <testcase time="0.000999999999997669" classname="character(0)" name="ard_stack_hierarchical_by_with_columns_not_in_denominator_"/>
    <testcase time="0.000999999999997669" classname="character(0)" name="ard_stack_hierarchical_by_with_columns_not_in_denominator_"/>
  </testsuite>
  <testsuite name="ard_stack_hierarchical" timestamp="2025-07-09T17:27:09Z" hostname="40d0a43b3b60" tests="1" skipped="1" failures="0" errors="0" time="0.001">
    <testcase time="0.00100000000000477" classname="character(0)" name="ard_stack_hierarchical_variables_include_messaging">
      <skipped message="Reason: On CRAN ('test-ard_stack_hierarchical.R:298:3')"/>
    </testcase>
  </testsuite>
  <testsuite name="ard_stack_hierarchical" timestamp="2025-07-09T17:27:09Z" hostname="40d0a43b3b60" tests="1" skipped="1" failures="0" errors="0" time="0.012">
    <testcase time="0.0120000000000005" classname="character(0)" name="ard_stack_hierarchical_by_overall_messaging">
      <skipped message="Reason: On CRAN ('test-ard_stack_hierarchical.R:312:3')"/>
    </testcase>
  </testsuite>
  <testsuite name="ard_stack_hierarchical" timestamp="2025-07-09T17:27:09Z" hostname="40d0a43b3b60" tests="1" skipped="0" failures="0" errors="0" time="0.012">
    <testcase time="0.0120000000000005" classname="character(0)" name="ard_stack_hierarchical_statistic_"/>
  </testsuite>
  <testsuite name="ard_stack_hierarchical" timestamp="2025-07-09T17:27:09Z" hostname="40d0a43b3b60" tests="4" skipped="0" failures="0" errors="0" time="0.006">
    <testcase time="0.00399999999999778" classname="character(0)" name="ard_stack_hierarchical_count_variables_"/>
    <testcase time="0.000999999999997669" classname="character(0)" name="ard_stack_hierarchical_count_variables_"/>
    <testcase time="0" classname="character(0)" name="ard_stack_hierarchical_count_variables_"/>
    <testcase time="0.000999999999997669" classname="character(0)" name="ard_stack_hierarchical_count_variables_"/>
  </testsuite>
  <testsuite name="ard_stack_hierarchical" timestamp="2025-07-09T17:27:09Z" hostname="40d0a43b3b60" tests="4" skipped="0" failures="0" errors="0" time="0.004">
    <testcase time="0.00200000000000244" classname="character(0)" name="ard_stack_hierarchical_count_by_"/>
    <testcase time="0" classname="character(0)" name="ard_stack_hierarchical_count_by_"/>
    <testcase time="0.000999999999997669" classname="character(0)" name="ard_stack_hierarchical_count_by_"/>
    <testcase time="0.00100000000000477" classname="character(0)" name="ard_stack_hierarchical_count_by_"/>
  </testsuite>
  <testsuite name="ard_stack_hierarchical" timestamp="2025-07-09T17:27:09Z" hostname="40d0a43b3b60" tests="1" skipped="1" failures="0" errors="0" time="0.001">
    <testcase time="0.000999999999997669" classname="character(0)" name="ard_stack_hierarchical_count_denominator_messaging">
      <skipped message="Reason: On CRAN ('test-ard_stack_hierarchical.R:447:3')"/>
    </testcase>
  </testsuite>
  <testsuite name="ard_stack_hierarchical" timestamp="2025-07-09T17:27:09Z" hostname="40d0a43b3b60" tests="3" skipped="0" failures="0" errors="0" time="0.014">
    <testcase time="0.0129999999999981" classname="character(0)" name="ard_stack_hierarchical_count_denominator_univariate_tabulations"/>
    <testcase time="0" classname="character(0)" name="ard_stack_hierarchical_count_denominator_univariate_tabulations"/>
    <testcase time="0.00100000000000477" classname="character(0)" name="ard_stack_hierarchical_count_denominator_univariate_tabulations"/>
  </testsuite>
  <testsuite name="ard_stack_hierarchical" timestamp="2025-07-09T17:27:09Z" hostname="40d0a43b3b60" tests="2" skipped="0" failures="0" errors="0" time="0.002">
    <testcase time="0.00199999999999534" classname="character(0)" name="ard_stack_hierarchical_count_denominator_total_n_"/>
    <testcase time="0" classname="character(0)" name="ard_stack_hierarchical_count_denominator_total_n_"/>
  </testsuite>
  <testsuite name="ard_stack_hierarchical" timestamp="2025-07-09T17:27:09Z" hostname="40d0a43b3b60" tests="1" skipped="1" failures="0" errors="0" time="0.002">
    <testcase time="0.00200000000000244" classname="character(0)" name="ard_stack_hierarchical_count_denominator_total_n_messaging">
      <skipped message="Reason: On CRAN ('test-ard_stack_hierarchical.R:525:3')"/>
    </testcase>
  </testsuite>
  <testsuite name="ard_stack_hierarchical" timestamp="2025-07-09T17:27:09Z" hostname="40d0a43b3b60" tests="1" skipped="1" failures="0" errors="0" time="0.012">
    <testcase time="0.0120000000000005" classname="character(0)" name="ard_stack_hierarchical_count_overall_denominator_messaging">
      <skipped message="Reason: On CRAN ('test-ard_stack_hierarchical.R:536:3')"/>
    </testcase>
  </testsuite>
  <testsuite name="ard_stack_hierarchical" timestamp="2025-07-09T17:27:09Z" hostname="40d0a43b3b60" tests="2" skipped="1" failures="0" errors="0" time="0.013">
    <testcase time="0.0120000000000005" classname="character(0)" name="ard_stack_hierarchical_count_overall_"/>
    <testcase time="0.000999999999997669" classname="character(0)" name="ard_stack_hierarchical_count_overall_">
      <skipped message="Reason: On CRAN ('test-ard_stack_hierarchical.R:573:3')"/>
    </testcase>
  </testsuite>
  <testsuite name="ard_stack_hierarchical" timestamp="2025-07-09T17:27:09Z" hostname="40d0a43b3b60" tests="1" skipped="0" failures="0" errors="0" time="0.015">
    <testcase time="0.0150000000000006" classname="character(0)" name="ard_stack_hierarchical_count_over_variables_"/>
  </testsuite>
  <testsuite name="ard_stack_hierarchical" timestamp="2025-07-09T17:27:09Z" hostname="40d0a43b3b60" tests="1" skipped="1" failures="0" errors="0" time="0.002">
    <testcase time="0.00200000000000244" classname="character(0)" name="ard_stack_hierarchical_count_overall_over_variables_">
      <skipped message="Reason: On CRAN ('test-ard_stack_hierarchical.R:618:3')"/>
    </testcase>
  </testsuite>
  <testsuite name="ard_stack_hierarchical" timestamp="2025-07-09T17:27:09Z" hostname="40d0a43b3b60" tests="1" skipped="0" failures="0" errors="0" time="0.012">
    <testcase time="0.0120000000000005" classname="character(0)" name="ard_stack_hierarchical_count_attributes_"/>
  </testsuite>
  <testsuite name="ard_strata" timestamp="2025-07-09T17:27:10Z" hostname="40d0a43b3b60" tests="1" skipped="1" failures="0" errors="0" time="0.872">
    <testcase time="0.872" classname="character(0)" name="ard_strata_works">
      <skipped message="Reason: On CRAN ('test-ard_strata.R:2:3')"/>
    </testcase>
  </testsuite>
  <testsuite name="ard_strata" timestamp="2025-07-09T17:27:10Z" hostname="40d0a43b3b60" tests="2" skipped="0" failures="0" errors="0" time="0.012">
    <testcase time="0.0120000000000005" classname="character(0)" name="ard_strata_by_strata_when_both_empty"/>
    <testcase time="0" classname="character(0)" name="ard_strata_by_strata_when_both_empty"/>
  </testsuite>
  <testsuite name="ard_total_n" timestamp="2025-07-09T17:27:10Z" hostname="40d0a43b3b60" tests="1" skipped="1" failures="0" errors="0" time="0.173">
    <testcase time="0.172999999999995" classname="character(0)" name="ard_total_n_works">
      <skipped message="Reason: On CRAN ('test-ard_total_n.R:2:3')"/>
    </testcase>
  </testsuite>
  <testsuite name="ard_total_n" timestamp="2025-07-09T17:27:10Z" hostname="40d0a43b3b60" tests="1" skipped="0" failures="0" errors="0" time="0.012">
    <testcase time="0.0120000000000005" classname="character(0)" name="ard_total_n_follows_ard_structure"/>
  </testsuite>
  <testsuite name="as_card" timestamp="2025-07-09T17:27:10Z" hostname="40d0a43b3b60" tests="1" skipped="1" failures="0" errors="0" time="0.305">
    <testcase time="0.305" classname="character(0)" name="as_card_works">
      <skipped message="Reason: On CRAN ('test-as_card.R:2:3')"/>
    </testcase>
  </testsuite>
  <testsuite name="as_card" timestamp="2025-07-09T17:27:10Z" hostname="40d0a43b3b60" tests="1" skipped="0" failures="0" errors="0" time="0.012">
    <testcase time="0.0120000000000005" classname="character(0)" name="as_card_does_not_affect_card_objects"/>
  </testsuite>
  <testsuite name="as_card" timestamp="2025-07-09T17:27:10Z" hostname="40d0a43b3b60" tests="1" skipped="1" failures="0" errors="0" time="0.002">
    <testcase time="0.00200000000000244" classname="character(0)" name="as_card_error_catching_works_correctly">
      <skipped message="Reason: On CRAN ('test-as_card.R:22:3')"/>
    </testcase>
  </testsuite>
  <testsuite name="as_cards_fn" timestamp="2025-07-09T17:27:10Z" hostname="40d0a43b3b60" tests="3" skipped="0" failures="0" errors="0" time="0.059">
    <testcase time="0.0579999999999998" classname="character(0)" name="as_cards_fn_works"/>
    <testcase time="0.000999999999997669" classname="character(0)" name="as_cards_fn_works"/>
    <testcase time="0" classname="character(0)" name="as_cards_fn_works"/>
  </testsuite>
  <testsuite name="as_nested_list" timestamp="2025-07-09T17:27:11Z" hostname="40d0a43b3b60" tests="1" skipped="1" failures="0" errors="0" time="0.471">
    <testcase time="0.471000000000004" classname="character(0)" name="as_nested_list_works">
      <skipped message="Reason: On CRAN ('test-as_nested_list.R:2:3')"/>
    </testcase>
  </testsuite>
  <testsuite name="bind_ard" timestamp="2025-07-09T17:27:11Z" hostname="40d0a43b3b60" tests="1" skipped="0" failures="0" errors="0" time="0.628">
    <testcase time="0.628" classname="character(0)" name="bind_ard_works"/>
  </testsuite>
  <testsuite name="bind_ard" timestamp="2025-07-09T17:27:11Z" hostname="40d0a43b3b60" tests="1" skipped="1" failures="0" errors="0" time="0.002">
    <testcase time="0.00199999999999534" classname="character(0)" name="ARD_helpers_messaging">
      <skipped message="Reason: On CRAN ('test-bind_ard.R:14:3')"/>
    </testcase>
  </testsuite>
  <testsuite name="bind_ard" timestamp="2025-07-09T17:27:11Z" hostname="40d0a43b3b60" tests="1" skipped="1" failures="0" errors="0" time="0.015">
    <testcase time="0.0150000000000006" classname="character(0)" name="bind_ard_.order_argument_works">
      <skipped message="Reason: On CRAN ('test-bind_ard.R:28:3')"/>
    </testcase>
  </testsuite>
  <testsuite name="bind_ard" timestamp="2025-07-09T17:27:11Z" hostname="40d0a43b3b60" tests="1" skipped="0" failures="0" errors="0" time="0.012">
    <testcase time="0.0120000000000005" classname="character(0)" name="bind_ard_.quiet_"/>
  </testsuite>
  <testsuite name="bind_ard" timestamp="2025-07-09T17:27:11Z" hostname="40d0a43b3b60" tests="1" skipped="1" failures="0" errors="0" time="0.002">
    <testcase time="0.00200000000000244" classname="character(0)" name="bind_ard_.distinct_">
      <skipped message="Reason: On CRAN ('test-bind_ard.R:59:3')"/>
    </testcase>
  </testsuite>
  <testsuite name="check_ard_structure" timestamp="2025-07-09T17:27:11Z" hostname="40d0a43b3b60" tests="1" skipped="1" failures="0" errors="0" time="0.191">
    <testcase time="0.191000000000003" classname="character(0)" name="check_ard_structure_works">
      <skipped message="Reason: On CRAN ('test-check_ard_structure.R:2:3')"/>
    </testcase>
  </testsuite>
  <testsuite name="eval_capture_conditions" timestamp="2025-07-09T17:27:12Z" hostname="40d0a43b3b60" tests="1" skipped="1" failures="0" errors="0" time="0.143">
    <testcase time="0.143000000000001" classname="character(0)" name="eval_capture_conditions_works">
      <skipped message="Reason: On CRAN ('test-eval_capture_conditions.R:3:3')"/>
    </testcase>
  </testsuite>
  <testsuite name="eval_capture_conditions" timestamp="2025-07-09T17:27:12Z" hostname="40d0a43b3b60" tests="2" skipped="1" failures="0" errors="0" time="0.013">
    <testcase time="0.0119999999999933" classname="character(0)" name="captured_condition_as_message_works"/>
    <testcase time="0.00100000000000477" classname="character(0)" name="captured_condition_as_message_works">
      <skipped message="Reason: On CRAN ('test-eval_capture_conditions.R:46:3')"/>
    </testcase>
  </testsuite>
  <testsuite name="eval_capture_conditions" timestamp="2025-07-09T17:27:12Z" hostname="40d0a43b3b60" tests="2" skipped="1" failures="0" errors="0" time="0.012">
    <testcase time="0.0120000000000005" classname="character(0)" name="captured_condition_as_error_works"/>
    <testcase time="0" classname="character(0)" name="captured_condition_as_error_works">
      <skipped message="Reason: On CRAN ('test-eval_capture_conditions.R:72:3')"/>
    </testcase>
    <testcase time="0.0499999999999972" classname="character(0)" name="_unnamed_">
      <skipped message="Reason: On CRAN ('test-filter_ard_hierarchical.R:1:1')"/>
    </testcase>
  </testsuite>
  <testsuite name="get_ard_statistics" timestamp="2025-07-09T17:27:12Z" hostname="40d0a43b3b60" tests="2" skipped="2" failures="0" errors="0" time="0.183">
    <testcase time="0.133000000000003" classname="character(0)" name="get_ard_statistics_works">
      <skipped message="Reason: On CRAN ('test-get_ard_statistics.R:4:3')"/>
    </testcase>
  </testsuite>
  <testsuite name="label_round" timestamp="2025-07-09T17:27:12Z" hostname="40d0a43b3b60" tests="4" skipped="0" failures="0" errors="0" time="0.064">
    <testcase time="0.0619999999999976" classname="character(0)" name="label_round_works"/>
    <testcase time="0.000999999999997669" classname="character(0)" name="label_round_works"/>
    <testcase time="0" classname="character(0)" name="label_round_works"/>
    <testcase time="0.00100000000000477" classname="character(0)" name="label_round_works"/>
  </testsuite>
  <testsuite name="mock" timestamp="2025-07-09T17:27:13Z" hostname="40d0a43b3b60" tests="1" skipped="1" failures="0" errors="0" time="0.783">
    <testcase time="0.783000000000001" classname="character(0)" name="mock_categorical_">
      <skipped message="Reason: On CRAN ('test-mock.R:3:3')"/>
    </testcase>
  </testsuite>
  <testsuite name="mock" timestamp="2025-07-09T17:27:13Z" hostname="40d0a43b3b60" tests="1" skipped="1" failures="0" errors="0" time="0.013">
    <testcase time="0.0129999999999981" classname="character(0)" name="mock_categorical_messaging">
      <skipped message="Reason: On CRAN ('test-mock.R:14:3')"/>
    </testcase>
  </testsuite>
  <testsuite name="mock" timestamp="2025-07-09T17:27:13Z" hostname="40d0a43b3b60" tests="1" skipped="1" failures="0" errors="0" time="0.012">
    <testcase time="0.0120000000000005" classname="character(0)" name="mock_continuous_">
      <skipped message="Reason: On CRAN ('test-mock.R:26:3')"/>
    </testcase>
  </testsuite>
  <testsuite name="mock" timestamp="2025-07-09T17:27:13Z" hostname="40d0a43b3b60" tests="1" skipped="1" failures="0" errors="0" time="0.013">
    <testcase time="0.0129999999999981" classname="character(0)" name="mock_continuous_messaging">
      <skipped message="Reason: On CRAN ('test-mock.R:36:3')"/>
    </testcase>
  </testsuite>
  <testsuite name="mock" timestamp="2025-07-09T17:27:13Z" hostname="40d0a43b3b60" tests="1" skipped="1" failures="0" errors="0" time="0.017">
    <testcase time="0.017000000000003" classname="character(0)" name="mock_dichotomous_">
      <skipped message="Reason: On CRAN ('test-mock.R:47:3')"/>
    </testcase>
  </testsuite>
  <testsuite name="mock" timestamp="2025-07-09T17:27:13Z" hostname="40d0a43b3b60" tests="1" skipped="1" failures="0" errors="0" time="0.011">
    <testcase time="0.0109999999999957" classname="character(0)" name="mock_dichotomous_messaging">
      <skipped message="Reason: On CRAN ('test-mock.R:58:3')"/>
    </testcase>
  </testsuite>
  <testsuite name="mock" timestamp="2025-07-09T17:27:13Z" hostname="40d0a43b3b60" tests="1" skipped="1" failures="0" errors="0" time="0.011">
    <testcase time="0.0110000000000028" classname="character(0)" name="mock_missing_">
      <skipped message="Reason: On CRAN ('test-mock.R:69:3')"/>
    </testcase>
  </testsuite>
  <testsuite name="mock" timestamp="2025-07-09T17:27:13Z" hostname="40d0a43b3b60" tests="1" skipped="1" failures="0" errors="0" time="0.011">
    <testcase time="0.0109999999999957" classname="character(0)" name="mock_missing_messaging">
      <skipped message="Reason: On CRAN ('test-mock.R:79:3')"/>
    </testcase>
  </testsuite>
  <testsuite name="mock" timestamp="2025-07-09T17:27:13Z" hostname="40d0a43b3b60" tests="1" skipped="1" failures="0" errors="0" time="0.013">
    <testcase time="0.0130000000000052" classname="character(0)" name="mock_attributes_">
      <skipped message="Reason: On CRAN ('test-mock.R:90:3')"/>
    </testcase>
  </testsuite>
  <testsuite name="mock" timestamp="2025-07-09T17:27:13Z" hostname="40d0a43b3b60" tests="1" skipped="1" failures="0" errors="0" time="0.011">
    <testcase time="0.0109999999999957" classname="character(0)" name="mock_attributes_messaging">
      <skipped message="Reason: On CRAN ('test-mock.R:99:3')"/>
    </testcase>
  </testsuite>
  <testsuite name="mock" timestamp="2025-07-09T17:27:13Z" hostname="40d0a43b3b60" tests="1" skipped="1" failures="0" errors="0" time="0.011">
    <testcase time="0.0110000000000028" classname="character(0)" name="mock_total_n_">
      <skipped message="Reason: On CRAN ('test-mock.R:107:3')"/>
    </testcase>
  </testsuite>
  <testsuite name="nest_for_ard" timestamp="2025-07-09T17:27:13Z" hostname="40d0a43b3b60" tests="4" skipped="0" failures="0" errors="0" time="0.192">
    <testcase time="0.189999999999998" classname="character(0)" name="nest_for_ard_works"/>
    <testcase time="0.00100000000000477" classname="character(0)" name="nest_for_ard_works"/>
    <testcase time="0" classname="character(0)" name="nest_for_ard_works"/>
    <testcase time="0.000999999999997669" classname="character(0)" name="nest_for_ard_works"/>
  </testsuite>
  <testsuite name="options" timestamp="2025-07-09T17:27:13Z" hostname="40d0a43b3b60" tests="2" skipped="0" failures="0" errors="0" time="0.305">
    <testcase time="0.304000000000002" classname="character(0)" name="options_cards.round_type_"/>
    <testcase time="0.000999999999997669" classname="character(0)" name="options_cards.round_type_"/>
  </testsuite>
  <testsuite name="options" timestamp="2025-07-09T17:27:13Z" hostname="40d0a43b3b60" tests="1" skipped="1" failures="0" errors="0" time="0.002">
    <testcase time="0.00200000000000244" classname="character(0)" name="options_cards.round_type_messaging">
      <skipped message="Reason: On CRAN ('test-options.R:31:3')"/>
    </testcase>
  </testsuite>
  <testsuite name="print" timestamp="2025-07-09T17:27:13Z" hostname="40d0a43b3b60" tests="1" skipped="1" failures="0" errors="0" time="0.244">
    <testcase time="0.244" classname="character(0)" name="print.card_works">
      <skipped message="Reason: On CRAN ('test-print.R:2:3')"/>
    </testcase>
  </testsuite>
  <testsuite name="print_ard_conditions" timestamp="2025-07-09T17:27:14Z" hostname="40d0a43b3b60" tests="1" skipped="1" failures="0" errors="0" time="0.562">
    <testcase time="0.561999999999998" classname="character(0)" name="print_ard_conditions_works">
      <skipped message="Reason: On CRAN ('test-print_ard_conditions.R:3:3')"/>
    </testcase>
  </testsuite>
  <testsuite name="print_ard_conditions" timestamp="2025-07-09T17:27:14Z" hostname="40d0a43b3b60" tests="1" skipped="1" failures="0" errors="0" time="0.015">
    <testcase time="0.0150000000000006" classname="character(0)" name="print_ard_conditions_condition_type_">
      <skipped message="Reason: On CRAN ('test-print_ard_conditions.R:71:3')"/>
    </testcase>
  </testsuite>
  <testsuite name="print_ard_conditions" timestamp="2025-07-09T17:27:14Z" hostname="40d0a43b3b60" tests="1" skipped="1" failures="0" errors="0" time="0.012">
    <testcase time="0.0120000000000005" classname="character(0)" name="print_ard_conditions_no_error_when_error_warning_columns_not_present">
      <skipped message="Reason: On CRAN ('test-print_ard_conditions.R:100:3')"/>
    </testcase>
  </testsuite>
  <testsuite name="print_ard_conditions" timestamp="2025-07-09T17:27:14Z" hostname="40d0a43b3b60" tests="1" skipped="1" failures="0" errors="0" time="0.012">
    <testcase time="0.0120000000000005" classname="character(0)" name="print_ard_conditions_no_error_when_factors_are_present">
      <skipped message="Reason: On CRAN ('test-print_ard_conditions.R:131:3')"/>
    </testcase>
  </testsuite>
  <testsuite name="print_ard_conditions" timestamp="2025-07-09T17:27:14Z" hostname="40d0a43b3b60" tests="1" skipped="1" failures="0" errors="0" time="0.015">
    <testcase time="0.0150000000000006" classname="character(0)" name="print_ard_conditions_works_when_curly_brackets_appear_in_condition_message">
      <skipped message="Reason: On CRAN ('test-print_ard_conditions.R:145:3')"/>
    </testcase>
  </testsuite>
  <testsuite name="process_selectors" timestamp="2025-07-09T17:27:14Z" hostname="40d0a43b3b60" tests="3" skipped="0" failures="0" errors="0" time="0.307">
    <testcase time="0.305" classname="character(0)" name="process_selectors_works"/>
    <testcase time="0.000999999999997669" classname="character(0)" name="process_selectors_works"/>
    <testcase time="0.000999999999997669" classname="character(0)" name="process_selectors_works"/>
  </testsuite>
  <testsuite name="process_selectors" timestamp="2025-07-09T17:27:14Z" hostname="40d0a43b3b60" tests="2" skipped="0" failures="0" errors="0" time="0.002">
    <testcase time="0.00200000000000244" classname="character(0)" name="process_formula_selectors_works"/>
    <testcase time="0" classname="character(0)" name="process_formula_selectors_works"/>
  </testsuite>
  <testsuite name="process_selectors" timestamp="2025-07-09T17:27:14Z" hostname="40d0a43b3b60" tests="1" skipped="1" failures="0" errors="0" time="0.003">
    <testcase time="0.00300000000000011" classname="character(0)" name="process_formula_selectors_error_messaging">
      <skipped message="Reason: On CRAN ('test-process_selectors.R:52:3')"/>
    </testcase>
  </testsuite>
  <testsuite name="process_selectors" timestamp="2025-07-09T17:27:14Z" hostname="40d0a43b3b60" tests="3" skipped="1" failures="0" errors="0" time="0.016">
    <testcase time="0.0150000000000006" classname="character(0)" name="compute_formula_selector_selects_the_last_assignment_when_multiple_appear"/>
    <testcase time="0.000999999999997669" classname="character(0)" name="compute_formula_selector_selects_the_last_assignment_when_multiple_appear"/>
    <testcase time="0" classname="character(0)" name="compute_formula_selector_selects_the_last_assignment_when_multiple_appear">
      <skipped message="Reason: On CRAN ('test-process_selectors.R:85:3')"/>
    </testcase>
  </testsuite>
  <testsuite name="process_selectors" timestamp="2025-07-09T17:27:14Z" hostname="40d0a43b3b60" tests="1" skipped="0" failures="0" errors="0" time="0.013">
    <testcase time="0.0130000000000052" classname="character(0)" name="cards_select_deprecation_error_with_vars_"/>
  </testsuite>
  <testsuite name="rename_ard_columns" timestamp="2025-07-09T17:27:15Z" hostname="40d0a43b3b60" tests="3" skipped="0" failures="0" errors="0" time="0.616">
    <testcase time="0.614999999999995" classname="character(0)" name="rename_ard_columns_columns_"/>
    <testcase time="0.00100000000000477" classname="character(0)" name="rename_ard_columns_columns_"/>
    <testcase time="0" classname="character(0)" name="rename_ard_columns_columns_"/>
  </testsuite>
  <testsuite name="rename_ard_columns" timestamp="2025-07-09T17:27:15Z" hostname="40d0a43b3b60" tests="1" skipped="1" failures="0" errors="0" time="0.003">
    <testcase time="0.00300000000000011" classname="character(0)" name="rename_ard_columns_columns_messsaging">
      <skipped message="Reason: On CRAN ('test-rename_ard_columns.R:33:3')"/>
    </testcase>
  </testsuite>
  <testsuite name="rename_ard_columns" timestamp="2025-07-09T17:27:15Z" hostname="40d0a43b3b60" tests="1" skipped="0" failures="0" errors="0" time="0.012">
    <testcase time="0.0120000000000005" classname="character(0)" name="rename_ard_columns_unlist_lifecycle"/>
  </testsuite>
  <testsuite name="rename_ard_groups" timestamp="2025-07-09T17:27:17Z" hostname="40d0a43b3b60" tests="2" skipped="1" failures="0" errors="0" time="1.439">
    <testcase time="1.438" classname="character(0)" name="rename_ard_groups_shift_"/>
    <testcase time="0.00100000000000477" classname="character(0)" name="rename_ard_groups_shift_">
      <skipped message="Reason: On CRAN ('test-rename_ard_groups.R:10:3')"/>
    </testcase>
  </testsuite>
  <testsuite name="rename_ard_groups" timestamp="2025-07-09T17:27:17Z" hostname="40d0a43b3b60" tests="1" skipped="1" failures="0" errors="0" time="0.013">
    <testcase time="0.0129999999999981" classname="character(0)" name="rename_ard_groups_shift_messaging">
      <skipped message="Reason: On CRAN ('test-rename_ard_groups.R:19:3')"/>
    </testcase>
  </testsuite>
  <testsuite name="rename_ard_groups" timestamp="2025-07-09T17:27:17Z" hostname="40d0a43b3b60" tests="2" skipped="1" failures="0" errors="0" time="0.013">
    <testcase time="0.0120000000000005" classname="character(0)" name="rename_ard_groups_reverse_"/>
    <testcase time="0.000999999999997669" classname="character(0)" name="rename_ard_groups_reverse_">
      <skipped message="Reason: On CRAN ('test-rename_ard_groups.R:36:3')"/>
    </testcase>
  </testsuite>
  <testsuite name="replace_null_statistic" timestamp="2025-07-09T17:27:17Z" hostname="40d0a43b3b60" tests="2" skipped="0" failures="0" errors="0" time="0.11">
    <testcase time="0.109000000000002" classname="character(0)" name="replace_null_statistic_works"/>
    <testcase time="0.000999999999997669" classname="character(0)" name="replace_null_statistic_works"/>
  </testsuite>
  <testsuite name="round5" timestamp="2025-07-09T17:27:17Z" hostname="40d0a43b3b60" tests="1" skipped="1" failures="0" errors="0" time="0.068">
    <testcase time="0.0679999999999978" classname="character(0)" name="round5_works">
      <skipped message="Reason: On CRAN ('test-round5.R:2:3')"/>
    </testcase>
  </testsuite>
  <testsuite name="ard_continuous" timestamp="2025-07-09T17:27:17Z" hostname="40d0a43b3b60" tests="2" skipped="1" failures="0" errors="0" time="0.511">
    <testcase time="0.510000000000005" classname="character(0)" name="ard_continuous_works"/>
    <testcase time="0.000999999999997669" classname="character(0)" name="ard_continuous_works">
      <skipped message="Reason: On CRAN ('test-ard_continuous.R:7:3')"/>
    </testcase>
  </testsuite>
  <testsuite name="ard_continuous" timestamp="2025-07-09T17:27:17Z" hostname="40d0a43b3b60" tests="1" skipped="1" failures="0" errors="0" time="0.018">
    <testcase time="0.0180000000000007" classname="character(0)" name="ard_continuous_fmt_fun_argument_works">
      <skipped message="Reason: On CRAN ('test-ard_continuous.R:35:3')"/>
    </testcase>
  </testsuite>
  <testsuite name="ard_continuous" timestamp="2025-07-09T17:27:17Z" hostname="40d0a43b3b60" tests="1" skipped="1" failures="0" errors="0" time="0.016">
    <testcase time="0.0159999999999982" classname="character(0)" name="ard_continuous_messaging">
      <skipped message="Reason: On CRAN ('test-ard_continuous.R:86:3')"/>
    </testcase>
  </testsuite>
  <testsuite name="ard_continuous" timestamp="2025-07-09T17:27:17Z" hostname="40d0a43b3b60" tests="1" skipped="1" failures="0" errors="0" time="0.011">
    <testcase time="0.0110000000000028" classname="character(0)" name="ard_continuous_stat_label_argument_works">
      <skipped message="Reason: On CRAN ('test-ard_continuous.R:106:3')"/>
    </testcase>
  </testsuite>
  <testsuite name="ard_continuous" timestamp="2025-07-09T17:27:17Z" hostname="40d0a43b3b60" tests="2" skipped="0" failures="0" errors="0" time="0.012">
    <testcase time="0.0110000000000028" classname="character(0)" name="ard_continuous_and_ARD_column_names"/>
    <testcase time="0.000999999999997669" classname="character(0)" name="ard_continuous_and_ARD_column_names"/>
  </testsuite>
  <testsuite name="ard_continuous" timestamp="2025-07-09T17:27:17Z" hostname="40d0a43b3b60" tests="1" skipped="0" failures="0" errors="0" time="0.002">
    <testcase time="0.00200000000000244" classname="character(0)" name="ard_continuous_with_grouped_data_works"/>
  </testsuite>
  <testsuite name="ard_continuous" timestamp="2025-07-09T17:27:17Z" hostname="40d0a43b3b60" tests="1" skipped="1" failures="0" errors="0" time="0.003">
    <testcase time="0.00300000000000011" classname="character(0)" name="ard_continuous_with_dates_works_and_displays_as_expected">
      <skipped message="Reason: On CRAN ('test-ard_continuous.R:234:3')"/>
    </testcase>
  </testsuite>
  <testsuite name="ard_continuous" timestamp="2025-07-09T17:27:17Z" hostname="40d0a43b3b60" tests="1" skipped="0" failures="0" errors="0" time="0.015">
    <testcase time="0.0150000000000006" classname="character(0)" name="ard_continuous_with_empty_missing_dates_works_and_preserves_Date_class"/>
  </testsuite>
  <testsuite name="ard_continuous" timestamp="2025-07-09T17:27:17Z" hostname="40d0a43b3b60" tests="3" skipped="1" failures="0" errors="0" time="0.003">
    <testcase time="0.00199999999999534" classname="character(0)" name="ard_continuous_works_with_non_syntactic_names"/>
    <testcase time="0.00100000000000477" classname="character(0)" name="ard_continuous_works_with_non_syntactic_names"/>
    <testcase time="0" classname="character(0)" name="ard_continuous_works_with_non_syntactic_names">
      <skipped message="Reason: On CRAN ('test-ard_continuous.R:288:3')"/>
    </testcase>
  </testsuite>
  <testsuite name="ard_continuous" timestamp="2025-07-09T17:27:17Z" hostname="40d0a43b3b60" tests="19" skipped="0" failures="0" errors="0" time="0.023">
    <testcase time="0.0120000000000005" classname="character(0)" name="ard_continuous_works_when_using_generic_names_"/>
    <testcase time="0.000999999999997669" classname="character(0)" name="ard_continuous_works_when_using_generic_names_"/>
    <testcase time="0" classname="character(0)" name="ard_continuous_works_when_using_generic_names_"/>
    <testcase time="0.000999999999997669" classname="character(0)" name="ard_continuous_works_when_using_generic_names_"/>
    <testcase time="0" classname="character(0)" name="ard_continuous_works_when_using_generic_names_"/>
    <testcase time="0.00100000000000477" classname="character(0)" name="ard_continuous_works_when_using_generic_names_"/>
    <testcase time="0.000999999999997669" classname="character(0)" name="ard_continuous_works_when_using_generic_names_"/>
    <testcase time="0" classname="character(0)" name="ard_continuous_works_when_using_generic_names_"/>
    <testcase time="0.000999999999997669" classname="character(0)" name="ard_continuous_works_when_using_generic_names_"/>
    <testcase time="0" classname="character(0)" name="ard_continuous_works_when_using_generic_names_"/>
    <testcase time="0.00100000000000477" classname="character(0)" name="ard_continuous_works_when_using_generic_names_"/>
    <testcase time="0" classname="character(0)" name="ard_continuous_works_when_using_generic_names_"/>
    <testcase time="0.000999999999997669" classname="character(0)" name="ard_continuous_works_when_using_generic_names_"/>
    <testcase time="0.000999999999997669" classname="character(0)" name="ard_continuous_works_when_using_generic_names_"/>
    <testcase time="0" classname="character(0)" name="ard_continuous_works_when_using_generic_names_"/>
    <testcase time="0.000999999999997669" classname="character(0)" name="ard_continuous_works_when_using_generic_names_"/>
    <testcase time="0" classname="character(0)" name="ard_continuous_works_when_using_generic_names_"/>
    <testcase time="0.00100000000000477" classname="character(0)" name="ard_continuous_works_when_using_generic_names_"/>
    <testcase time="0.000999999999997669" classname="character(0)" name="ard_continuous_works_when_using_generic_names_"/>
  </testsuite>
  <testsuite name="ard_continuous" timestamp="2025-07-09T17:27:17Z" hostname="40d0a43b3b60" tests="1" skipped="0" failures="0" errors="0" time="0.002">
    <testcase time="0.00200000000000244" classname="character(0)" name="ard_continuous_follows_ard_structure"/>
  </testsuite>
  <testsuite name="ard_continuous" timestamp="2025-07-09T17:27:17Z" hostname="40d0a43b3b60" tests="1" skipped="1" failures="0" errors="0" time="0.002">
    <testcase time="0.00199999999999534" classname="character(0)" name="ard_continuous_errors_with_incomplete_factor_columns">
      <skipped message="Reason: On CRAN ('test-ard_continuous.R:421:3')"/>
    </testcase>
  </testsuite>
  <testsuite name="ard_continuous" timestamp="2025-07-09T17:27:17Z" hostname="40d0a43b3b60" tests="2" skipped="0" failures="0" errors="0" time="0.014">
    <testcase time="0.0130000000000052" classname="character(0)" name="ard_continuous_with_as_cards_fn_inputs"/>
    <testcase time="0.000999999999997669" classname="character(0)" name="ard_continuous_with_as_cards_fn_inputs"/>
  </testsuite>
  <testsuite name="shuffle_ard" timestamp="2025-07-09T17:27:18Z" hostname="40d0a43b3b60" tests="1" skipped="1" failures="0" errors="0" time="1.014">
    <testcase time="1.014" classname="character(0)" name="shuffle_trim_works">
      <skipped message="Reason: On CRAN ('test-shuffle_ard.R:12:3')"/>
    </testcase>
  </testsuite>
  <testsuite name="shuffle_ard" timestamp="2025-07-09T17:27:18Z" hostname="40d0a43b3b60" tests="1" skipped="0" failures="0" errors="0" time="0.013">
    <testcase time="0.0129999999999981" classname="character(0)" name="shuffle_ard_handles_protected_names"/>
  </testsuite>
  <testsuite name="shuffle_ard" timestamp="2025-07-09T17:27:18Z" hostname="40d0a43b3b60" tests="1" skipped="1" failures="0" errors="0" time="0.002">
    <testcase time="0.00200000000000244" classname="character(0)" name="shuffle_ard_notifies_user_about_warnings_errors_before_dropping">
      <skipped message="Reason: On CRAN ('test-shuffle_ard.R:72:3')"/>
    </testcase>
  </testsuite>
  <testsuite name="shuffle_ard" timestamp="2025-07-09T17:27:18Z" hostname="40d0a43b3b60" tests="1" skipped="1" failures="0" errors="0" time="0.012">
    <testcase time="0.0119999999999933" classname="character(0)" name="shuffle_ard_fills_missing_group_levels_if_the_group_is_meaningful">
      <skipped message="Reason: On CRAN ('test-shuffle_ard.R:84:3')"/>
    </testcase>
  </testsuite>
  <testsuite name="shuffle_ard" timestamp="2025-07-09T17:27:18Z" hostname="40d0a43b3b60" tests="1" skipped="0" failures="0" errors="0" time="0.015">
    <testcase time="0.0150000000000006" classname="character(0)" name="shuffle_ard_doesn_t_trim_off_NULL_NA_values"/>
  </testsuite>
  <testsuite name="shuffle_ard" timestamp="2025-07-09T17:27:18Z" hostname="40d0a43b3b60" tests="2" skipped="0" failures="0" errors="0" time="0.003">
    <testcase time="0.00300000000000011" classname="character(0)" name="shuffle_ard_coerces_all_factor_groups_variables_to_character"/>
    <testcase time="0" classname="character(0)" name="shuffle_ard_coerces_all_factor_groups_variables_to_character"/>
  </testsuite>
  <testsuite name="shuffle_ard" timestamp="2025-07-09T17:27:18Z" hostname="40d0a43b3b60" tests="1" skipped="1" failures="0" errors="0" time="0.002">
    <testcase time="0.00200000000000244" classname="character(0)" name="shuffle_ard_fills_missing_group_levels_if_the_group_is_meaningful_for_cardx_output">
      <skipped message="Reason: On CRAN ('test-shuffle_ard.R:209:3')"/>
    </testcase>
  </testsuite>
  <testsuite name="selectors" timestamp="2025-07-09T17:27:18Z" hostname="40d0a43b3b60" tests="10" skipped="0" failures="0" errors="0" time="0.023">
    <testcase time="0.0180000000000007" classname="character(0)" name="selectors_work"/>
    <testcase time="0" classname="character(0)" name="selectors_work"/>
    <testcase time="0.000999999999997669" classname="character(0)" name="selectors_work"/>
    <testcase time="0" classname="character(0)" name="selectors_work"/>
    <testcase time="0.00100000000000477" classname="character(0)" name="selectors_work"/>
    <testcase time="0.000999999999997669" classname="character(0)" name="selectors_work"/>
    <testcase time="0" classname="character(0)" name="selectors_work"/>
    <testcase time="0.000999999999997669" classname="character(0)" name="selectors_work"/>
    <testcase time="0" classname="character(0)" name="selectors_work"/>
    <testcase time="0.00100000000000477" classname="character(0)" name="selectors_work"/>
    <testcase time="0.0449999999999946" classname="character(0)" name="_unnamed_">
      <skipped message="Reason: On CRAN ('test-sort_ard_hierarchical.R:1:1')"/>
    </testcase>
  </testsuite>
  <testsuite name="tidy_ard_column_order" timestamp="2025-07-09T17:27:19Z" hostname="40d0a43b3b60" tests="2" skipped="1" failures="0" errors="0" time="0.155">
    <testcase time="0.109999999999999" classname="character(0)" name="tidy_ard_column_order_works"/>
  </testsuite>
  <testsuite name="tidy_as_ard" timestamp="2025-07-09T17:27:19Z" hostname="40d0a43b3b60" tests="1" skipped="1" failures="0" errors="0" time="0.115">
    <testcase time="0.115000000000002" classname="character(0)" name="tidy_as_ard_works">
      <skipped message="Reason: On CRAN ('test-tidy_as_ard.R:3:3')"/>
    </testcase>
  </testsuite>
  <testsuite name="tidy_ard_row_order" timestamp="2025-07-09T17:27:19Z" hostname="40d0a43b3b60" tests="1" skipped="1" failures="0" errors="0" time="0.061">
    <testcase time="0.0609999999999999" classname="character(0)" name="tidy_ard_row_order_works">
      <skipped message="Reason: On CRAN ('test-tidy_ard_row_order.R:7:3')"/>
    </testcase>
  </testsuite>
  <testsuite name="unlist_ard_columns" timestamp="2025-07-09T17:27:20Z" hostname="40d0a43b3b60" tests="3" skipped="0" failures="0" errors="0" time="0.773">
    <testcase time="0.771000000000001" classname="character(0)" name="unlist_ard_columns_"/>
    <testcase time="0.000999999999997669" classname="character(0)" name="unlist_ard_columns_"/>
    <testcase time="0.00100000000000477" classname="character(0)" name="unlist_ard_columns_"/>
  </testsuite>
  <testsuite name="unlist_ard_columns" timestamp="2025-07-09T17:27:20Z" hostname="40d0a43b3b60" tests="1" skipped="0" failures="0" errors="0" time="0.003">
    <testcase time="0.00300000000000011" classname="character(0)" name="unlist_ard_columns_messaging"/>
  </testsuite>
  <testsuite name="unlist_ard_columns" timestamp="2025-07-09T17:27:20Z" hostname="40d0a43b3b60" tests="2" skipped="0" failures="0" errors="0" time="0.004">
    <testcase time="0.00399999999999778" classname="character(0)" name="unlist_ard_columns_fct_as_chr_"/>
    <testcase time="0" classname="character(0)" name="unlist_ard_columns_fct_as_chr_"/>
  </testsuite>
  <testsuite name="update_ard" timestamp="2025-07-09T17:27:20Z" hostname="40d0a43b3b60" tests="2" skipped="1" failures="0" errors="0" time="0.111">
    <testcase time="0.109999999999999" classname="character(0)" name="update_ard_fmt_fun_"/>
    <testcase time="0.000999999999997669" classname="character(0)" name="update_ard_fmt_fun_">
      <skipped message="Reason: On CRAN ('test-update_ard.R:12:3')"/>
    </testcase>
  </testsuite>
  <testsuite name="update_ard" timestamp="2025-07-09T17:27:20Z" hostname="40d0a43b3b60" tests="1" skipped="1" failures="0" errors="0" time="0.013">
    <testcase time="0.0130000000000052" classname="character(0)" name="update_ard_fmt_fun_filter_">
      <skipped message="Reason: On CRAN ('test-update_ard.R:21:3')"/>
    </testcase>
  </testsuite>
  <testsuite name="update_ard" timestamp="2025-07-09T17:27:20Z" hostname="40d0a43b3b60" tests="1" skipped="1" failures="0" errors="0" time="0.015">
    <testcase time="0.0150000000000006" classname="character(0)" name="update_ard_fmt_fun_filter_messaging">
      <skipped message="Reason: On CRAN ('test-update_ard.R:30:3')"/>
    </testcase>
  </testsuite>
  <testsuite name="update_ard" timestamp="2025-07-09T17:27:20Z" hostname="40d0a43b3b60" tests="1" skipped="0" failures="0" errors="0" time="0.012">
    <testcase time="0.0120000000000005" classname="character(0)" name="update_ard_stat_label_"/>
  </testsuite>
  <testsuite name="update_ard" timestamp="2025-07-09T17:27:20Z" hostname="40d0a43b3b60" tests="1" skipped="1" failures="0" errors="0" time="0.002">
    <testcase time="0.00199999999999534" classname="character(0)" name="update_ard_stat_label_filter_">
      <skipped message="Reason: On CRAN ('test-update_ard.R:58:3')"/>
    </testcase>
  </testsuite>
  <testsuite name="update_ard" timestamp="2025-07-09T17:27:20Z" hostname="40d0a43b3b60" tests="1" skipped="1" failures="0" errors="0" time="0.012">
    <testcase time="0.0120000000000005" classname="character(0)" name="update_ard_stat_label_filter_messaging">
      <skipped message="Reason: On CRAN ('test-update_ard.R:66:3')"/>
    </testcase>
  </testsuite>
</testsuites>
