<?xml version="1.0" encoding="UTF-8"?>
<testsuites>
  <testsuite name="ard_attributes" timestamp="2024-02-14T17:39:02Z" hostname="75a8130a18bd" tests="1" skipped="1" failures="0" errors="0" time="0.71">
    <testcase time="0.71" classname="character(0)" name="ard_attributes_works">
      <skipped message="Reason: On CRAN ('test-ard_attributes.R:2:3')"/>
    </testcase>
  </testsuite>
  <testsuite name="apply_statistic_fmt_fn" timestamp="2024-02-14T17:39:02Z" hostname="75a8130a18bd" tests="2" skipped="0" failures="0" errors="0" time="0.215">
    <testcase time="0.214" classname="character(0)" name="apply_statistic_fmt_fn_works"/>
    <testcase time="0.00099999999999989" classname="character(0)" name="apply_statistic_fmt_fn_works"/>
  </testsuite>
  <testsuite name="apply_statistic_fmt_fn" timestamp="2024-02-14T17:39:02Z" hostname="75a8130a18bd" tests="1" skipped="0" failures="0" errors="0" time="0.022">
    <testcase time="0.022" classname="character(0)" name="apply_statistic_fmt_fn_works_with_integer_specification"/>
  </testsuite>
  <testsuite name="apply_statistic_fmt_fn" timestamp="2024-02-14T17:39:02Z" hostname="75a8130a18bd" tests="2" skipped="0" failures="0" errors="0" time="0.002">
    <testcase time="0.002" classname="character(0)" name="apply_statistic_fmt_fn_works_with_xx_specification"/>
    <testcase time="0" classname="character(0)" name="apply_statistic_fmt_fn_works_with_xx_specification"/>
  </testsuite>
  <testsuite name="apply_statistic_fmt_fn" timestamp="2024-02-14T17:39:02Z" hostname="75a8130a18bd" tests="1" skipped="1" failures="0" errors="0" time="0.001">
    <testcase time="0.00100000000000011" classname="character(0)" name="apply_statistic_fmt_fn_error_messaging">
      <skipped message="Reason: On CRAN ('test-apply_statistic_fmt_fn.R:76:3')"/>
    </testcase>
  </testsuite>
  <testsuite name="ard_complex" timestamp="2024-02-14T17:39:03Z" hostname="75a8130a18bd" tests="5" skipped="0" failures="0" errors="0" time="0.71">
    <testcase time="0.708" classname="character(0)" name="ard_complex_works"/>
    <testcase time="0.00099999999999989" classname="character(0)" name="ard_complex_works"/>
    <testcase time="0" classname="character(0)" name="ard_complex_works"/>
    <testcase time="0.00100000000000033" classname="character(0)" name="ard_complex_works"/>
    <testcase time="0" classname="character(0)" name="ard_complex_works"/>
  </testsuite>
  <testsuite name="ard_complex" timestamp="2024-02-14T17:39:03Z" hostname="75a8130a18bd" tests="1" skipped="1" failures="0" errors="0" time="0.002">
    <testcase time="0.00199999999999978" classname="character(0)" name="ard_complex_messaging">
      <skipped message="Reason: On CRAN ('test-ard_complex.R:87:3')"/>
    </testcase>
  </testsuite>
  <testsuite name="ard_complex" timestamp="2024-02-14T17:39:03Z" hostname="75a8130a18bd" tests="1" skipped="0" failures="0" errors="0" time="0.01">
    <testcase time="0.0100000000000002" classname="character(0)" name="ard_complex_with_grouped_data_works"/>
  </testsuite>
  <testsuite name="ard_continuous" timestamp="2024-02-14T17:39:06Z" hostname="75a8130a18bd" tests="2" skipped="1" failures="0" errors="0" time="2.492">
    <testcase time="2.491" classname="character(0)" name="ard_continuous_works"/>
    <testcase time="0.000999999999999446" classname="character(0)" name="ard_continuous_works">
      <skipped message="Reason: On CRAN ('test-ard_continuous.R:7:3')"/>
    </testcase>
  </testsuite>
  <testsuite name="ard_continuous" timestamp="2024-02-14T17:39:06Z" hostname="75a8130a18bd" tests="1" skipped="1" failures="0" errors="0" time="0.017">
    <testcase time="0.0170000000000003" classname="character(0)" name="ard_continuous_fmt_fn_argument_works">
      <skipped message="Reason: On CRAN ('test-ard_continuous.R:35:3')"/>
    </testcase>
  </testsuite>
  <testsuite name="ard_continuous" timestamp="2024-02-14T17:39:06Z" hostname="75a8130a18bd" tests="1" skipped="1" failures="0" errors="0" time="0.017">
    <testcase time="0.0170000000000003" classname="character(0)" name="ard_continuous_messaging">
      <skipped message="Reason: On CRAN ('test-ard_continuous.R:86:3')"/>
    </testcase>
  </testsuite>
  <testsuite name="ard_continuous" timestamp="2024-02-14T17:39:06Z" hostname="75a8130a18bd" tests="1" skipped="1" failures="0" errors="0" time="0.012">
    <testcase time="0.0119999999999996" classname="character(0)" name="ard_continuous_stat_labels_argument_works">
      <skipped message="Reason: On CRAN ('test-ard_continuous.R:106:3')"/>
    </testcase>
  </testsuite>
  <testsuite name="ard_continuous" timestamp="2024-02-14T17:39:06Z" hostname="75a8130a18bd" tests="2" skipped="0" failures="0" errors="0" time="0.01">
    <testcase time="0.00999999999999979" classname="character(0)" name="ard_continuous_and_ARD_column_names"/>
    <testcase time="0" classname="character(0)" name="ard_continuous_and_ARD_column_names"/>
  </testsuite>
  <testsuite name="ard_continuous" timestamp="2024-02-14T17:39:06Z" hostname="75a8130a18bd" tests="1" skipped="0" failures="0" errors="0" time="0.002">
    <testcase time="0.00200000000000067" classname="character(0)" name="ard_continuous_with_grouped_data_works"/>
  </testsuite>
  <testsuite name="ard_continuous" timestamp="2024-02-14T17:39:06Z" hostname="75a8130a18bd" tests="1" skipped="1" failures="0" errors="0" time="0.001">
    <testcase time="0.000999999999999446" classname="character(0)" name="ard_continuous_with_dates_works_and_displays_as_expected">
      <skipped message="Reason: On CRAN ('test-ard_continuous.R:234:3')"/>
    </testcase>
  </testsuite>
  <testsuite name="ard_continuous" timestamp="2024-02-14T17:39:06Z" hostname="75a8130a18bd" tests="1" skipped="0" failures="0" errors="0" time="0.01">
    <testcase time="0.00999999999999979" classname="character(0)" name="ard_continuous_with_empty_missing_dates_works_and_preserves_Date_class"/>
  </testsuite>
  <testsuite name="ard_dichotomous" timestamp="2024-02-14T17:39:06Z" hostname="75a8130a18bd" tests="2" skipped="1" failures="0" errors="0" time="0.506">
    <testcase time="0.505000000000001" classname="character(0)" name="ard_dichotomous_works"/>
    <testcase time="0.000999999999999446" classname="character(0)" name="ard_dichotomous_works">
      <skipped message="Reason: On CRAN ('test-ard_dichotomous.R:11:3')"/>
    </testcase>
  </testsuite>
  <testsuite name="ard_dichotomous" timestamp="2024-02-14T17:39:06Z" hostname="75a8130a18bd" tests="1" skipped="1" failures="0" errors="0" time="0.013">
    <testcase time="0.0129999999999999" classname="character(0)" name="ard_dichotomous_works">
      <skipped message="Reason: On CRAN ('test-ard_dichotomous.R:46:3')"/>
    </testcase>
  </testsuite>
  <testsuite name="ard_dichotomous" timestamp="2024-02-14T17:39:06Z" hostname="75a8130a18bd" tests="1" skipped="0" failures="0" errors="0" time="0.009">
    <testcase time="0.00900000000000034" classname="character(0)" name="ard_dichotomous_with_grouped_data_works"/>
  </testsuite>
  <testsuite name="ard_categorical" timestamp="2024-02-14T17:39:07Z" hostname="75a8130a18bd" tests="2" skipped="1" failures="0" errors="0" time="0.372">
    <testcase time="0.372" classname="character(0)" name="ard_categorical_univariate"/>
    <testcase time="0" classname="character(0)" name="ard_categorical_univariate">
      <skipped message="Reason: On CRAN ('test-ard_categorical.R:6:3')"/>
    </testcase>
  </testsuite>
  <testsuite name="ard_categorical" timestamp="2024-02-14T17:39:07Z" hostname="75a8130a18bd" tests="2" skipped="1" failures="0" errors="0" time="0.011">
    <testcase time="0.0110000000000001" classname="character(0)" name="ard_categorical_univariate_specified_denomiator"/>
    <testcase time="0" classname="character(0)" name="ard_categorical_univariate_specified_denomiator">
      <skipped message="Reason: On CRAN ('test-ard_categorical.R:77:3')"/>
    </testcase>
  </testsuite>
  <testsuite name="ard_categorical" timestamp="2024-02-14T17:39:07Z" hostname="75a8130a18bd" tests="1" skipped="1" failures="0" errors="0" time="0.013">
    <testcase time="0.0129999999999999" classname="character(0)" name="ard_continuous_fmt_fn_argument_works">
      <skipped message="Reason: On CRAN ('test-ard_categorical.R:103:3')"/>
    </testcase>
  </testsuite>
  <testsuite name="ard_categorical" timestamp="2024-02-14T17:39:07Z" hostname="75a8130a18bd" tests="6" skipped="1" failures="0" errors="0" time="0.012">
    <testcase time="0.00999999999999979" classname="character(0)" name="ard_categorical_with_strata_and_by_arguments"/>
    <testcase time="0" classname="character(0)" name="ard_categorical_with_strata_and_by_arguments"/>
    <testcase time="0.00100000000000033" classname="character(0)" name="ard_categorical_with_strata_and_by_arguments"/>
    <testcase time="0" classname="character(0)" name="ard_categorical_with_strata_and_by_arguments"/>
    <testcase time="0.000999999999999446" classname="character(0)" name="ard_categorical_with_strata_and_by_arguments"/>
    <testcase time="0" classname="character(0)" name="ard_categorical_with_strata_and_by_arguments">
      <skipped message="Reason: On CRAN ('test-ard_categorical.R:221:3')"/>
    </testcase>
  </testsuite>
  <testsuite name="ard_categorical" timestamp="2024-02-14T17:39:07Z" hostname="75a8130a18bd" tests="1" skipped="1" failures="0" errors="0" time="0.01">
    <testcase time="0.0100000000000007" classname="character(0)" name="ard_categorical_stat_labels_argument_works">
      <skipped message="Reason: On CRAN ('test-ard_categorical.R:234:3')"/>
    </testcase>
  </testsuite>
  <testsuite name="ard_categorical" timestamp="2024-02-14T17:39:07Z" hostname="75a8130a18bd" tests="5" skipped="0" failures="0" errors="0" time="0.012">
    <testcase time="0.00999999999999979" classname="character(0)" name="ard_categorical_denominator_cell_works"/>
    <testcase time="0" classname="character(0)" name="ard_categorical_denominator_cell_works"/>
    <testcase time="0.00100000000000033" classname="character(0)" name="ard_categorical_denominator_cell_works"/>
    <testcase time="0" classname="character(0)" name="ard_categorical_denominator_cell_works"/>
    <testcase time="0.000999999999999446" classname="character(0)" name="ard_categorical_denominator_cell_works"/>
  </testsuite>
  <testsuite name="ard_categorical" timestamp="2024-02-14T17:39:07Z" hostname="75a8130a18bd" tests="7" skipped="1" failures="0" errors="0" time="0.004">
    <testcase time="0.00100000000000033" classname="character(0)" name="ard_categorical_denominator_row_works"/>
    <testcase time="0" classname="character(0)" name="ard_categorical_denominator_row_works"/>
    <testcase time="0.000999999999999446" classname="character(0)" name="ard_categorical_denominator_row_works"/>
    <testcase time="0" classname="character(0)" name="ard_categorical_denominator_row_works"/>
    <testcase time="0.00100000000000033" classname="character(0)" name="ard_categorical_denominator_row_works"/>
    <testcase time="0" classname="character(0)" name="ard_categorical_denominator_row_works"/>
    <testcase time="0.00100000000000033" classname="character(0)" name="ard_categorical_denominator_row_works">
      <skipped message="Reason: On CRAN ('test-ard_categorical.R:391:3')"/>
    </testcase>
  </testsuite>
  <testsuite name="ard_categorical" timestamp="2024-02-14T17:39:07Z" hostname="75a8130a18bd" tests="5" skipped="0" failures="0" errors="0" time="0.015">
    <testcase time="0.0129999999999999" classname="character(0)" name="ard_categorical_denominator_column_works"/>
    <testcase time="0" classname="character(0)" name="ard_categorical_denominator_column_works"/>
    <testcase time="0.000999999999999446" classname="character(0)" name="ard_categorical_denominator_column_works"/>
    <testcase time="0" classname="character(0)" name="ard_categorical_denominator_column_works"/>
    <testcase time="0.00100000000000033" classname="character(0)" name="ard_categorical_denominator_column_works"/>
  </testsuite>
  <testsuite name="ard_categorical" timestamp="2024-02-14T17:39:07Z" hostname="75a8130a18bd" tests="1" skipped="0" failures="0" errors="0" time="0.001">
    <testcase time="0.00100000000000033" classname="character(0)" name="ard_categorical_denominator_integer_works"/>
  </testsuite>
  <testsuite name="ard_categorical" timestamp="2024-02-14T17:39:07Z" hostname="75a8130a18bd" tests="1" skipped="1" failures="0" errors="0" time="0.001">
    <testcase time="0.000999999999999446" classname="character(0)" name="ard_categorical_denominator_data_frame_with_counts_works">
      <skipped message="Reason: On CRAN ('test-ard_categorical.R:498:3')"/>
    </testcase>
  </testsuite>
  <testsuite name="ard_categorical" timestamp="2024-02-14T17:39:07Z" hostname="75a8130a18bd" tests="2" skipped="0" failures="0" errors="0" time="0.011">
    <testcase time="0.0100000000000007" classname="character(0)" name="ard_categorical_denominator_data_frame_without_counts_works"/>
    <testcase time="0.000999999999999446" classname="character(0)" name="ard_categorical_denominator_data_frame_without_counts_works"/>
  </testsuite>
  <testsuite name="ard_categorical" timestamp="2024-02-14T17:39:07Z" hostname="75a8130a18bd" tests="1" skipped="1" failures="0" errors="0" time="0.001">
    <testcase time="0.00100000000000033" classname="character(0)" name="ard_categorical_statistics_works_with_custom_fns">
      <skipped message="Reason: On CRAN ('test-ard_categorical.R:576:3')"/>
    </testcase>
  </testsuite>
  <testsuite name="ard_categorical" timestamp="2024-02-14T17:39:07Z" hostname="75a8130a18bd" tests="2" skipped="0" failures="0" errors="0" time="0.011">
    <testcase time="0.00999999999999979" classname="character(0)" name="ard_categorical_and_ARD_column_names"/>
    <testcase time="0.00100000000000033" classname="character(0)" name="ard_categorical_and_ARD_column_names"/>
  </testsuite>
  <testsuite name="ard_categorical" timestamp="2024-02-14T17:39:07Z" hostname="75a8130a18bd" tests="1" skipped="0" failures="0" errors="0" time="0.001">
    <testcase time="0.000999999999999446" classname="character(0)" name="ard_categorical_with_grouped_data_works"/>
  </testsuite>
  <testsuite name="ard_categorical" timestamp="2024-02-14T17:39:07Z" hostname="75a8130a18bd" tests="1" skipped="1" failures="0" errors="0" time="0.001">
    <testcase time="0.00100000000000033" classname="character(0)" name="ard_categorical_and_all_NA_columns">
      <skipped message="Reason: On CRAN ('test-ard_categorical.R:677:3')"/>
    </testcase>
  </testsuite>
  <testsuite name="ard_missing" timestamp="2024-02-14T17:39:07Z" hostname="75a8130a18bd" tests="2" skipped="1" failures="0" errors="0" time="0.343">
    <testcase time="0.342" classname="character(0)" name="ard_missing_works"/>
    <testcase time="0.00100000000000033" classname="character(0)" name="ard_missing_works">
      <skipped message="Reason: On CRAN ('test-ard_missing.R:7:3')"/>
    </testcase>
  </testsuite>
  <testsuite name="ard_missing" timestamp="2024-02-14T17:39:07Z" hostname="75a8130a18bd" tests="1" skipped="1" failures="0" errors="0" time="0.01">
    <testcase time="0.00999999999999979" classname="character(0)" name="ard_missing_stat_labels_argument_works">
      <skipped message="Reason: On CRAN ('test-ard_missing.R:31:3')"/>
    </testcase>
  </testsuite>
  <testsuite name="ard_missing" timestamp="2024-02-14T17:39:07Z" hostname="75a8130a18bd" tests="1" skipped="0" failures="0" errors="0" time="0.01">
    <testcase time="0.00999999999999979" classname="character(0)" name="ard_missing_with_grouped_data_works"/>
  </testsuite>
  <testsuite name="as_nested_list" timestamp="2024-02-14T17:39:07Z" hostname="75a8130a18bd" tests="1" skipped="1" failures="0" errors="0" time="0.46">
    <testcase time="0.46" classname="character(0)" name="as_nested_list_works">
      <skipped message="Reason: On CRAN ('test-as_nested_list.R:2:3')"/>
    </testcase>
  </testsuite>
  <testsuite name="bind_ard" timestamp="2024-02-14T17:39:08Z" hostname="75a8130a18bd" tests="1" skipped="0" failures="0" errors="0" time="0.346">
    <testcase time="0.346" classname="character(0)" name="bind_ard_works"/>
  </testsuite>
  <testsuite name="bind_ard" timestamp="2024-02-14T17:39:08Z" hostname="75a8130a18bd" tests="1" skipped="1" failures="0" errors="0" time="0.002">
    <testcase time="0.00200000000000067" classname="character(0)" name="ARD_helpers_messaging">
      <skipped message="Reason: On CRAN ('test-bind_ard.R:14:3')"/>
    </testcase>
  </testsuite>
  <testsuite name="bind_ard" timestamp="2024-02-14T17:39:08Z" hostname="75a8130a18bd" tests="1" skipped="1" failures="0" errors="0" time="0.01">
    <testcase time="0.00999999999999979" classname="character(0)" name="bind_ard_.order_argument_works">
      <skipped message="Reason: On CRAN ('test-bind_ard.R:27:3')"/>
    </testcase>
  </testsuite>
  <testsuite name="check_ard_structure" timestamp="2024-02-14T17:39:08Z" hostname="75a8130a18bd" tests="1" skipped="1" failures="0" errors="0" time="0.135">
    <testcase time="0.135" classname="character(0)" name="check_ard_structure_works">
      <skipped message="Reason: On CRAN ('test-check_ard_structure.R:2:3')"/>
    </testcase>
  </testsuite>
  <testsuite name="check_pkg_installed" timestamp="2024-02-14T17:39:08Z" hostname="75a8130a18bd" tests="15" skipped="0" failures="0" errors="0" time="0.326">
    <testcase time="0.319" classname="character(0)" name="check_pkg_installed_works"/>
    <testcase time="0.00100000000000033" classname="character(0)" name="check_pkg_installed_works"/>
    <testcase time="0" classname="character(0)" name="check_pkg_installed_works"/>
    <testcase time="0.000999999999999446" classname="character(0)" name="check_pkg_installed_works"/>
    <testcase time="0" classname="character(0)" name="check_pkg_installed_works"/>
    <testcase time="0.00100000000000033" classname="character(0)" name="check_pkg_installed_works"/>
    <testcase time="0" classname="character(0)" name="check_pkg_installed_works"/>
    <testcase time="0.00100000000000033" classname="character(0)" name="check_pkg_installed_works"/>
    <testcase time="0" classname="character(0)" name="check_pkg_installed_works"/>
    <testcase time="0.000999999999999446" classname="character(0)" name="check_pkg_installed_works"/>
    <testcase time="0" classname="character(0)" name="check_pkg_installed_works"/>
    <testcase time="0.00100000000000033" classname="character(0)" name="check_pkg_installed_works"/>
    <testcase time="0" classname="character(0)" name="check_pkg_installed_works"/>
    <testcase time="0.00100000000000033" classname="character(0)" name="check_pkg_installed_works"/>
    <testcase time="0" classname="character(0)" name="check_pkg_installed_works"/>
  </testsuite>
  <testsuite name="eval_capture_conditions" timestamp="2024-02-14T17:39:08Z" hostname="75a8130a18bd" tests="1" skipped="1" failures="0" errors="0" time="0.042">
    <testcase time="0.0419999999999998" classname="character(0)" name="eval_capture_conditions_works">
      <skipped message="Reason: On CRAN ('test-eval_capture_conditions.R:3:3')"/>
    </testcase>
  </testsuite>
  <testsuite name="get_ard_statistics" timestamp="2024-02-14T17:39:08Z" hostname="75a8130a18bd" tests="1" skipped="1" failures="0" errors="0" time="0.116">
    <testcase time="0.116" classname="character(0)" name="get_ard_statistics_works">
      <skipped message="Reason: On CRAN ('test-get_ard_statistics.R:4:3')"/>
    </testcase>
  </testsuite>
  <testsuite name="label_cards" timestamp="2024-02-14T17:39:09Z" hostname="75a8130a18bd" tests="4" skipped="0" failures="0" errors="0" time="0.065">
    <testcase time="0.0629999999999997" classname="character(0)" name="label_cards_works"/>
    <testcase time="0.00100000000000033" classname="character(0)" name="label_cards_works"/>
    <testcase time="0" classname="character(0)" name="label_cards_works"/>
    <testcase time="0.00100000000000033" classname="character(0)" name="label_cards_works"/>
  </testsuite>
  <testsuite name="nest_for_ard" timestamp="2024-02-14T17:39:09Z" hostname="75a8130a18bd" tests="3" skipped="0" failures="0" errors="0" time="0.147">
    <testcase time="0.146" classname="character(0)" name="nest_for_ard_works"/>
    <testcase time="0" classname="character(0)" name="nest_for_ard_works"/>
    <testcase time="0.000999999999999446" classname="character(0)" name="nest_for_ard_works"/>
  </testsuite>
  <testsuite name="print" timestamp="2024-02-14T17:39:09Z" hostname="75a8130a18bd" tests="1" skipped="1" failures="0" errors="0" time="0.173">
    <testcase time="0.173" classname="character(0)" name="print.card_works">
      <skipped message="Reason: On CRAN ('test-print.R:2:3')"/>
    </testcase>
  </testsuite>
  <testsuite name="print_ard_conditions" timestamp="2024-02-14T17:39:09Z" hostname="75a8130a18bd" tests="1" skipped="1" failures="0" errors="0" time="0.101">
    <testcase time="0.101000000000001" classname="character(0)" name="print_ard_conditions_works">
      <skipped message="Reason: On CRAN ('test-print_ard_conditions.R:3:3')"/>
    </testcase>
  </testsuite>
  <testsuite name="process_selectors" timestamp="2024-02-14T17:39:09Z" hostname="75a8130a18bd" tests="3" skipped="1" failures="0" errors="0" time="0.239">
    <testcase time="0.238" classname="character(0)" name="process_selectors_works"/>
    <testcase time="0.000999999999999446" classname="character(0)" name="process_selectors_works"/>
    <testcase time="0" classname="character(0)" name="process_selectors_works">
      <skipped message="Reason: On CRAN ('test-process_selectors.R:21:3')"/>
    </testcase>
  </testsuite>
  <testsuite name="process_selectors" timestamp="2024-02-14T17:39:09Z" hostname="75a8130a18bd" tests="2" skipped="0" failures="0" errors="0" time="0.011">
    <testcase time="0.011000000000001" classname="character(0)" name="process_formula_selectors_works"/>
    <testcase time="0" classname="character(0)" name="process_formula_selectors_works"/>
  </testsuite>
  <testsuite name="process_selectors" timestamp="2024-02-14T17:39:09Z" hostname="75a8130a18bd" tests="1" skipped="1" failures="0" errors="0" time="0.002">
    <testcase time="0.00199999999999889" classname="character(0)" name="process_formula_selectors_error_messaging">
      <skipped message="Reason: On CRAN ('test-process_selectors.R:52:3')"/>
    </testcase>
  </testsuite>
  <testsuite name="process_selectors" timestamp="2024-02-14T17:39:09Z" hostname="75a8130a18bd" tests="3" skipped="1" failures="0" errors="0" time="0.011">
    <testcase time="0.00999999999999979" classname="character(0)" name="compute_formula_selector_selects_the_last_assignment_when_multiple_appear"/>
    <testcase time="0" classname="character(0)" name="compute_formula_selector_selects_the_last_assignment_when_multiple_appear"/>
    <testcase time="0.00100000000000122" classname="character(0)" name="compute_formula_selector_selects_the_last_assignment_when_multiple_appear">
      <skipped message="Reason: On CRAN ('test-process_selectors.R:80:3')"/>
    </testcase>
  </testsuite>
  <testsuite name="round5" timestamp="2024-02-14T17:39:09Z" hostname="75a8130a18bd" tests="1" skipped="1" failures="0" errors="0" time="0.071">
    <testcase time="0.0709999999999997" classname="character(0)" name="round5_works">
      <skipped message="Reason: On CRAN ('test-round5.R:2:3')"/>
    </testcase>
  </testsuite>
  <testsuite name="selectors" timestamp="2024-02-14T17:39:11Z" hostname="75a8130a18bd" tests="7" skipped="0" failures="0" errors="0" time="1.295">
    <testcase time="1.291" classname="character(0)" name="selectors_work"/>
    <testcase time="0" classname="character(0)" name="selectors_work"/>
    <testcase time="0.000999999999999446" classname="character(0)" name="selectors_work"/>
    <testcase time="0.000999999999999446" classname="character(0)" name="selectors_work"/>
    <testcase time="0" classname="character(0)" name="selectors_work"/>
    <testcase time="0.00100000000000122" classname="character(0)" name="selectors_work"/>
    <testcase time="0.000999999999999446" classname="character(0)" name="selectors_work"/>
  </testsuite>
  <testsuite name="shuffle_ard" timestamp="2024-02-14T17:39:11Z" hostname="75a8130a18bd" tests="1" skipped="1" failures="0" errors="0" time="0.556">
    <testcase time="0.555999999999999" classname="character(0)" name="shuffle_trim_works">
      <skipped message="Reason: On CRAN ('test-shuffle_ard.R:9:3')"/>
    </testcase>
  </testsuite>
  <testsuite name="shuffle_ard" timestamp="2024-02-14T17:39:11Z" hostname="75a8130a18bd" tests="1" skipped="0" failures="0" errors="0" time="0.022">
    <testcase time="0.0220000000000002" classname="character(0)" name="shuffle_ard_handles_protected_names"/>
  </testsuite>
  <testsuite name="shuffle_ard" timestamp="2024-02-14T17:39:11Z" hostname="75a8130a18bd" tests="1" skipped="1" failures="0" errors="0" time="0.002">
    <testcase time="0.00200000000000067" classname="character(0)" name="shuffle_ard_notifies_user_about_warnings_errors_before_dropping">
      <skipped message="Reason: On CRAN ('test-shuffle_ard.R:68:3')"/>
    </testcase>
  </testsuite>
  <testsuite name="shuffle_ard" timestamp="2024-02-14T17:39:11Z" hostname="75a8130a18bd" tests="1" skipped="1" failures="0" errors="0" time="0.018">
    <testcase time="0.0180000000000007" classname="character(0)" name="shuffle_ard_fills_missing_group_levels_if_the_group_is_meaningful">
      <skipped message="Reason: On CRAN ('test-shuffle_ard.R:79:3')"/>
    </testcase>
  </testsuite>
  <testsuite name="tidy_as_ard" timestamp="2024-02-14T17:39:11Z" hostname="75a8130a18bd" tests="1" skipped="1" failures="0" errors="0" time="0.109">
    <testcase time="0.109" classname="character(0)" name="tidy_as_ard_works">
      <skipped message="Reason: On CRAN ('test-tidy_as_ard.R:3:3')"/>
    </testcase>
  </testsuite>
  <testsuite name="ard_hierarchical" timestamp="2024-02-14T17:39:13Z" hostname="75a8130a18bd" tests="2" skipped="1" failures="0" errors="0" time="1.33">
    <testcase time="1.33" classname="character(0)" name="ard_hierarchical_works_without_by_variables"/>
    <testcase time="0" classname="character(0)" name="ard_hierarchical_works_without_by_variables">
      <skipped message="Reason: On CRAN ('test-ard_hierarchical.R:12:3')"/>
    </testcase>
  </testsuite>
  <testsuite name="ard_hierarchical" timestamp="2024-02-14T17:39:13Z" hostname="75a8130a18bd" tests="2" skipped="0" failures="0" errors="0" time="0.011">
    <testcase time="0.00999999999999979" classname="character(0)" name="ard_hierarchical_works_with_by_variable"/>
    <testcase time="0.000999999999999446" classname="character(0)" name="ard_hierarchical_works_with_by_variable"/>
  </testsuite>
  <testsuite name="ard_hierarchical" timestamp="2024-02-14T17:39:13Z" hostname="75a8130a18bd" tests="2" skipped="0" failures="0" errors="0" time="0.002">
    <testcase time="0.000999999999999446" classname="character(0)" name="ard_hierarchical_works_with_by_variable_not_present_in_denominator_"/>
    <testcase time="0.00100000000000122" classname="character(0)" name="ard_hierarchical_works_with_by_variable_not_present_in_denominator_"/>
  </testsuite>
  <testsuite name="ard_hierarchical" timestamp="2024-02-14T17:39:13Z" hostname="75a8130a18bd" tests="1" skipped="1" failures="0" errors="0" time="0.002">
    <testcase time="0.00199999999999889" classname="character(0)" name="ard_hierarchical_works_without_any_variables">
      <skipped message="Reason: On CRAN ('test-ard_hierarchical.R:97:3')"/>
    </testcase>
  </testsuite>
  <testsuite name="ard_hierarchical" timestamp="2024-02-14T17:39:13Z" hostname="75a8130a18bd" tests="2" skipped="1" failures="0" errors="0" time="0.01">
    <testcase time="0.00900000000000034" classname="character(0)" name="ard_hierarchical_count_works_without_by_variables"/>
    <testcase time="0.000999999999999446" classname="character(0)" name="ard_hierarchical_count_works_without_by_variables">
      <skipped message="Reason: On CRAN ('test-ard_hierarchical.R:118:3')"/>
    </testcase>
  </testsuite>
  <testsuite name="ard_hierarchical" timestamp="2024-02-14T17:39:13Z" hostname="75a8130a18bd" tests="2" skipped="0" failures="0" errors="0" time="0.01">
    <testcase time="0.00900000000000034" classname="character(0)" name="ard_hierarchical_count_works_with_by_variable"/>
    <testcase time="0.000999999999999446" classname="character(0)" name="ard_hierarchical_count_works_with_by_variable"/>
  </testsuite>
  <testsuite name="ard_hierarchical" timestamp="2024-02-14T17:39:13Z" hostname="75a8130a18bd" tests="2" skipped="0" failures="0" errors="0" time="0.002">
    <testcase time="0.00100000000000122" classname="character(0)" name="ard_hierarchical_count_works_with_by_variable_not_present_in_denominator_"/>
    <testcase time="0.000999999999999446" classname="character(0)" name="ard_hierarchical_count_works_with_by_variable_not_present_in_denominator_"/>
  </testsuite>
  <testsuite name="ard_hierarchical" timestamp="2024-02-14T17:39:13Z" hostname="75a8130a18bd" tests="1" skipped="1" failures="0" errors="0" time="0.001">
    <testcase time="0.000999999999999446" classname="character(0)" name="ard_hierarchical_count_works_without_any_variables">
      <skipped message="Reason: On CRAN ('test-ard_hierarchical.R:208:3')"/>
    </testcase>
  </testsuite>
  <testsuite name="ard_hierarchical" timestamp="2024-02-14T17:39:13Z" hostname="75a8130a18bd" tests="2" skipped="0" failures="0" errors="0" time="0.013">
    <testcase time="0.0129999999999999" classname="character(0)" name="ard_hierarchical_and_ard_hierarchical_count_with_grouped_data_works"/>
    <testcase time="0" classname="character(0)" name="ard_hierarchical_and_ard_hierarchical_count_with_grouped_data_works"/>
  </testsuite>
</testsuites>
