<?xml version="1.0" encoding="UTF-8"?>
<testsuites>
  <testsuite name="add_calculated_row" timestamp="2025-08-19T04:30:59Z" hostname="5bf0934e461a" tests="2" skipped="0" failures="0" errors="0" time="1.353">
    <testcase time="1.338" classname="character(0)" name="add_calculated_row_x_"/>
    <testcase time="0.0150000000000001" classname="character(0)" name="add_calculated_row_x_"/>
  </testsuite>
  <testsuite name="add_calculated_row" timestamp="2025-08-19T04:30:59Z" hostname="5bf0934e461a" tests="1" skipped="0" failures="0" errors="0" time="0.007">
    <testcase time="0.00700000000000012" classname="character(0)" name="add_calculated_row_expr_messaging"/>
  </testsuite>
  <testsuite name="add_calculated_row" timestamp="2025-08-19T04:30:59Z" hostname="5bf0934e461a" tests="1" skipped="0" failures="0" errors="0" time="0.01">
    <testcase time="0.00999999999999979" classname="character(0)" name="add_calculated_row_by_messaging"/>
  </testsuite>
  <testsuite name="apply_fmt_fun" timestamp="2025-08-19T04:30:59Z" hostname="5bf0934e461a" tests="2" skipped="0" failures="0" errors="0" time="0.018">
    <testcase time="0.0170000000000003" classname="character(0)" name="apply_fmt_fun_works"/>
    <testcase time="0.00099999999999989" classname="character(0)" name="apply_fmt_fun_works"/>
  </testsuite>
  <testsuite name="apply_fmt_fun" timestamp="2025-08-19T04:30:59Z" hostname="5bf0934e461a" tests="1" skipped="0" failures="0" errors="0" time="0.001">
    <testcase time="0.00099999999999989" classname="character(0)" name="apply_fmt_fun_works_with_integer_specification"/>
  </testsuite>
  <testsuite name="apply_fmt_fun" timestamp="2025-08-19T04:30:59Z" hostname="5bf0934e461a" tests="3" skipped="0" failures="0" errors="0" time="0.003">
    <testcase time="0.00200000000000022" classname="character(0)" name="apply_fmt_fun_works_with_xx_specification"/>
    <testcase time="0" classname="character(0)" name="apply_fmt_fun_works_with_xx_specification"/>
    <testcase time="0.00099999999999989" classname="character(0)" name="apply_fmt_fun_works_with_xx_specification"/>
  </testsuite>
  <testsuite name="apply_fmt_fun" timestamp="2025-08-19T04:30:59Z" hostname="5bf0934e461a" tests="4" skipped="0" failures="0" errors="0" time="0.003">
    <testcase time="0.00099999999999989" classname="character(0)" name="apply_fmt_fun_error_messaging"/>
    <testcase time="0.00099999999999989" classname="character(0)" name="apply_fmt_fun_error_messaging"/>
    <testcase time="0.00100000000000033" classname="character(0)" name="apply_fmt_fun_error_messaging"/>
    <testcase time="0" classname="character(0)" name="apply_fmt_fun_error_messaging"/>
  </testsuite>
  <testsuite name="apply_fmt_fun" timestamp="2025-08-19T04:30:59Z" hostname="5bf0934e461a" tests="2" skipped="0" failures="0" errors="0" time="0.002">
    <testcase time="0.00099999999999989" classname="character(0)" name="apply_fmt_fun_replace_"/>
    <testcase time="0.00099999999999989" classname="character(0)" name="apply_fmt_fun_replace_"/>
  </testsuite>
  <testsuite name="ard_formals" timestamp="2025-08-19T04:30:59Z" hostname="5bf0934e461a" tests="2" skipped="0" failures="0" errors="0" time="0.131">
    <testcase time="0.13" classname="character(0)" name="ard_formals_works"/>
    <testcase time="0.00100000000000033" classname="character(0)" name="ard_formals_works"/>
  </testsuite>
  <testsuite name="ard_attributes" timestamp="2025-08-19T04:30:59Z" hostname="5bf0934e461a" tests="1" skipped="0" failures="0" errors="0" time="0.083">
    <testcase time="0.0829999999999997" classname="character(0)" name="ard_attributes_works"/>
  </testsuite>
  <testsuite name="ard_attributes" timestamp="2025-08-19T04:30:59Z" hostname="5bf0934e461a" tests="1" skipped="0" failures="0" errors="0" time="0.003">
    <testcase time="0.00300000000000011" classname="character(0)" name="ard_attributes_errors_when_there_is_no_dataframe"/>
  </testsuite>
  <testsuite name="ard_attributes" timestamp="2025-08-19T04:30:59Z" hostname="5bf0934e461a" tests="1" skipped="0" failures="0" errors="0" time="0.003">
    <testcase time="0.00300000000000011" classname="character(0)" name="ard_attributes_follows_ard_structure"/>
  </testsuite>
  <testsuite name="ard_attributes" timestamp="2025-08-19T04:30:59Z" hostname="5bf0934e461a" tests="1" skipped="0" failures="0" errors="0" time="0.002">
    <testcase time="0.00199999999999978" classname="character(0)" name="ard_attributes_requires_label_as_a_named_list"/>
  </testsuite>
  <testsuite name="ard_identity" timestamp="2025-08-19T04:31:00Z" hostname="5bf0934e461a" tests="3" skipped="0" failures="0" errors="0" time="0.194">
    <testcase time="0.192" classname="character(0)" name="ard_identity_works"/>
    <testcase time="0.00099999999999989" classname="character(0)" name="ard_identity_works"/>
    <testcase time="0.00099999999999989" classname="character(0)" name="ard_identity_works"/>
  </testsuite>
  <testsuite name="ard_identity" timestamp="2025-08-19T04:31:00Z" hostname="5bf0934e461a" tests="1" skipped="0" failures="0" errors="0" time="0.003">
    <testcase time="0.00300000000000011" classname="character(0)" name="ard_identity_messaging"/>
  </testsuite>
  <testsuite name="ard_missing" timestamp="2025-08-19T04:31:00Z" hostname="5bf0934e461a" tests="3" skipped="0" failures="0" errors="0" time="0.691">
    <testcase time="0.689" classname="character(0)" name="ard_missing_works"/>
    <testcase time="0.00099999999999989" classname="character(0)" name="ard_missing_works"/>
    <testcase time="0.00099999999999989" classname="character(0)" name="ard_missing_works"/>
  </testsuite>
  <testsuite name="ard_missing" timestamp="2025-08-19T04:31:00Z" hostname="5bf0934e461a" tests="3" skipped="0" failures="0" errors="0" time="0.003">
    <testcase time="0.00200000000000022" classname="character(0)" name="ard_missing_stat_label_argument_works"/>
    <testcase time="0.00099999999999989" classname="character(0)" name="ard_missing_stat_label_argument_works"/>
    <testcase time="0" classname="character(0)" name="ard_missing_stat_label_argument_works"/>
  </testsuite>
  <testsuite name="ard_missing" timestamp="2025-08-19T04:31:00Z" hostname="5bf0934e461a" tests="1" skipped="0" failures="0" errors="0" time="0.003">
    <testcase time="0.00300000000000011" classname="character(0)" name="ard_missing_with_grouped_data_works"/>
  </testsuite>
  <testsuite name="ard_missing" timestamp="2025-08-19T04:31:00Z" hostname="5bf0934e461a" tests="1" skipped="0" failures="0" errors="0" time="0.002">
    <testcase time="0.00199999999999978" classname="character(0)" name="ard_missing_follows_ard_structure"/>
  </testsuite>
  <testsuite name="ard_mvsummary" timestamp="2025-08-19T04:31:02Z" hostname="5bf0934e461a" tests="5" skipped="0" failures="0" errors="0" time="1.151">
    <testcase time="1.147" classname="character(0)" name="ard_mvsummary_works"/>
    <testcase time="0.00100000000000033" classname="character(0)" name="ard_mvsummary_works"/>
    <testcase time="0.00100000000000033" classname="character(0)" name="ard_mvsummary_works"/>
    <testcase time="0.000999999999999446" classname="character(0)" name="ard_mvsummary_works"/>
    <testcase time="0.00100000000000033" classname="character(0)" name="ard_mvsummary_works"/>
  </testsuite>
  <testsuite name="ard_mvsummary" timestamp="2025-08-19T04:31:02Z" hostname="5bf0934e461a" tests="1" skipped="0" failures="0" errors="0" time="0.003">
    <testcase time="0.00300000000000011" classname="character(0)" name="ard_mvsummary_messaging"/>
  </testsuite>
  <testsuite name="ard_mvsummary" timestamp="2025-08-19T04:31:02Z" hostname="5bf0934e461a" tests="1" skipped="0" failures="0" errors="0" time="0.003">
    <testcase time="0.00300000000000011" classname="character(0)" name="ard_mvsummary_with_grouped_data_works"/>
  </testsuite>
  <testsuite name="ard_mvsummary" timestamp="2025-08-19T04:31:02Z" hostname="5bf0934e461a" tests="1" skipped="0" failures="0" errors="0" time="0.001">
    <testcase time="0.000999999999999446" classname="character(0)" name="ard_mvsummary_follows_ard_structure"/>
  </testsuite>
  <testsuite name="ard_mvsummary" timestamp="2025-08-19T04:31:02Z" hostname="5bf0934e461a" tests="2" skipped="0" failures="0" errors="0" time="0.002">
    <testcase time="0.00200000000000067" classname="character(0)" name="ard_mvsummary_errors_with_incorrect_factor_columns"/>
    <testcase time="0" classname="character(0)" name="ard_mvsummary_errors_with_incorrect_factor_columns"/>
  </testsuite>
  <testsuite name="ard_mvsummary" timestamp="2025-08-19T04:31:02Z" hostname="5bf0934e461a" tests="2" skipped="0" failures="0" errors="0" time="0.002">
    <testcase time="0.00100000000000033" classname="character(0)" name="ard_mvsummary_with_as_cards_fn_inputs"/>
    <testcase time="0.000999999999999446" classname="character(0)" name="ard_mvsummary_with_as_cards_fn_inputs"/>
  </testsuite>
  <testsuite name="ard_pairwise" timestamp="2025-08-19T04:31:02Z" hostname="5bf0934e461a" tests="4" skipped="0" failures="0" errors="0" time="0.655">
    <testcase time="0.654000000000001" classname="character(0)" name="ard_pairwise_works"/>
    <testcase time="0" classname="character(0)" name="ard_pairwise_works"/>
    <testcase time="0.000999999999999446" classname="character(0)" name="ard_pairwise_works"/>
    <testcase time="0" classname="character(0)" name="ard_pairwise_works"/>
  </testsuite>
  <testsuite name="ard_pairwise" timestamp="2025-08-19T04:31:02Z" hostname="5bf0934e461a" tests="4" skipped="0" failures="0" errors="0" time="0.004">
    <testcase time="0.00199999999999978" classname="character(0)" name="ard_pairwise_variable_"/>
    <testcase time="0" classname="character(0)" name="ard_pairwise_variable_"/>
    <testcase time="0.00100000000000033" classname="character(0)" name="ard_pairwise_variable_"/>
    <testcase time="0.00100000000000033" classname="character(0)" name="ard_pairwise_variable_"/>
  </testsuite>
  <testsuite name="ard_pairwise" timestamp="2025-08-19T04:31:02Z" hostname="5bf0934e461a" tests="2" skipped="0" failures="0" errors="0" time="0.002">
    <testcase time="0.000999999999999446" classname="character(0)" name="ard_pairwise_variable_messaging"/>
    <testcase time="0.00100000000000033" classname="character(0)" name="ard_pairwise_variable_messaging"/>
  </testsuite>
  <testsuite name="ard_pairwise" timestamp="2025-08-19T04:31:02Z" hostname="5bf0934e461a" tests="2" skipped="0" failures="0" errors="0" time="0.002">
    <testcase time="0.00100000000000033" classname="character(0)" name="ard_pairwise_include_"/>
    <testcase time="0.000999999999999446" classname="character(0)" name="ard_pairwise_include_"/>
  </testsuite>
  <testsuite name="ard_pairwise" timestamp="2025-08-19T04:31:02Z" hostname="5bf0934e461a" tests="1" skipped="0" failures="0" errors="0" time="0.001">
    <testcase time="0.00100000000000033" classname="character(0)" name="ard_pairwise_.f_messaging"/>
  </testsuite>
  <testsuite name="ard_pairwise" timestamp="2025-08-19T04:31:02Z" hostname="5bf0934e461a" tests="2" skipped="0" failures="0" errors="0" time="0.002">
    <testcase time="0.00199999999999978" classname="character(0)" name="ard_pairwise_include_messaging"/>
    <testcase time="0" classname="character(0)" name="ard_pairwise_include_messaging"/>
  </testsuite>
  <testsuite name="ard_hierarchical" timestamp="2025-08-19T04:31:09Z" hostname="5bf0934e461a" tests="3" skipped="0" failures="0" errors="0" time="7.182">
    <testcase time="7.18" classname="character(0)" name="ard_hierarchical_works_without_by_variables"/>
    <testcase time="0.00100000000000122" classname="character(0)" name="ard_hierarchical_works_without_by_variables"/>
    <testcase time="0.000999999999999446" classname="character(0)" name="ard_hierarchical_works_without_by_variables"/>
  </testsuite>
  <testsuite name="ard_hierarchical" timestamp="2025-08-19T04:31:09Z" hostname="5bf0934e461a" tests="2" skipped="0" failures="0" errors="0" time="0.004">
    <testcase time="0.00300000000000011" classname="character(0)" name="ard_hierarchical_works_with_by_variable"/>
    <testcase time="0.000999999999999446" classname="character(0)" name="ard_hierarchical_works_with_by_variable"/>
  </testsuite>
  <testsuite name="ard_hierarchical" timestamp="2025-08-19T04:31:09Z" hostname="5bf0934e461a" tests="2" skipped="0" failures="0" errors="0" time="0.003">
    <testcase time="0.00200000000000067" classname="character(0)" name="ard_hierarchical_works_with_by_variable_not_present_in_denominator_"/>
    <testcase time="0.000999999999999446" classname="character(0)" name="ard_hierarchical_works_with_by_variable_not_present_in_denominator_"/>
  </testsuite>
  <testsuite name="ard_hierarchical" timestamp="2025-08-19T04:31:09Z" hostname="5bf0934e461a" tests="1" skipped="0" failures="0" errors="0" time="0.002">
    <testcase time="0.00200000000000067" classname="character(0)" name="ard_hierarchical_works_without_any_variables"/>
  </testsuite>
  <testsuite name="ard_hierarchical" timestamp="2025-08-19T04:31:09Z" hostname="5bf0934e461a" tests="2" skipped="0" failures="0" errors="0" time="0.002">
    <testcase time="0.00199999999999889" classname="character(0)" name="ard_hierarchical_id_argument_works"/>
    <testcase time="0" classname="character(0)" name="ard_hierarchical_id_argument_works"/>
  </testsuite>
  <testsuite name="ard_hierarchical" timestamp="2025-08-19T04:31:09Z" hostname="5bf0934e461a" tests="4" skipped="0" failures="0" errors="0" time="0.004">
    <testcase time="0.00200000000000067" classname="character(0)" name="ard_hierarchical_count_works_without_by_variables"/>
    <testcase time="0.000999999999999446" classname="character(0)" name="ard_hierarchical_count_works_without_by_variables"/>
    <testcase time="0" classname="character(0)" name="ard_hierarchical_count_works_without_by_variables"/>
    <testcase time="0.00100000000000122" classname="character(0)" name="ard_hierarchical_count_works_without_by_variables"/>
  </testsuite>
  <testsuite name="ard_hierarchical" timestamp="2025-08-19T04:31:09Z" hostname="5bf0934e461a" tests="2" skipped="0" failures="0" errors="0" time="0.002">
    <testcase time="0.000999999999999446" classname="character(0)" name="ard_hierarchical_count_works_with_by_variable"/>
    <testcase time="0.000999999999999446" classname="character(0)" name="ard_hierarchical_count_works_with_by_variable"/>
  </testsuite>
  <testsuite name="ard_hierarchical" timestamp="2025-08-19T04:31:09Z" hostname="5bf0934e461a" tests="2" skipped="0" failures="0" errors="0" time="0.002">
    <testcase time="0.00100000000000122" classname="character(0)" name="ard_hierarchical_count_works_with_by_variable_not_present_in_denominator_"/>
    <testcase time="0.000999999999999446" classname="character(0)" name="ard_hierarchical_count_works_with_by_variable_not_present_in_denominator_"/>
  </testsuite>
  <testsuite name="ard_hierarchical" timestamp="2025-08-19T04:31:09Z" hostname="5bf0934e461a" tests="1" skipped="0" failures="0" errors="0" time="0.001">
    <testcase time="0.000999999999999446" classname="character(0)" name="ard_hierarchical_count_works_without_any_variables"/>
  </testsuite>
  <testsuite name="ard_hierarchical" timestamp="2025-08-19T04:31:09Z" hostname="5bf0934e461a" tests="2" skipped="0" failures="0" errors="0" time="0.002">
    <testcase time="0.00200000000000067" classname="character(0)" name="ard_hierarchical_and_ard_hierarchical_count_with_grouped_data_works"/>
    <testcase time="0" classname="character(0)" name="ard_hierarchical_and_ard_hierarchical_count_with_grouped_data_works"/>
  </testsuite>
  <testsuite name="ard_hierarchical" timestamp="2025-08-19T04:31:09Z" hostname="5bf0934e461a" tests="1" skipped="0" failures="0" errors="0" time="0.002">
    <testcase time="0.00199999999999889" classname="character(0)" name="ard_hierarchical_follows_ard_structure"/>
  </testsuite>
  <testsuite name="ard_hierarchical" timestamp="2025-08-19T04:31:09Z" hostname="5bf0934e461a" tests="2" skipped="0" failures="0" errors="0" time="0.002">
    <testcase time="0.00100000000000122" classname="character(0)" name="ard_hierarchical_errors_with_incomplete_factor_columns"/>
    <testcase time="0.000999999999999446" classname="character(0)" name="ard_hierarchical_errors_with_incomplete_factor_columns"/>
  </testsuite>
  <testsuite name="ard_hierarchical" timestamp="2025-08-19T04:31:09Z" hostname="5bf0934e461a" tests="2" skipped="0" failures="0" errors="0" time="0.002">
    <testcase time="0.00200000000000067" classname="character(0)" name="ard_hierarchical_count_errors_with_incomplete_factor_columns"/>
    <testcase time="0" classname="character(0)" name="ard_hierarchical_count_errors_with_incomplete_factor_columns"/>
  </testsuite>
  <testsuite name="ard_hierarchical" timestamp="2025-08-19T04:31:09Z" hostname="5bf0934e461a" tests="3" skipped="0" failures="0" errors="0" time="0.003">
    <testcase time="0.00199999999999889" classname="character(0)" name="ard_hierarchical_count_provides_correct_results_with_10_groups"/>
    <testcase time="0" classname="character(0)" name="ard_hierarchical_count_provides_correct_results_with_10_groups"/>
    <testcase time="0.00100000000000122" classname="character(0)" name="ard_hierarchical_count_provides_correct_results_with_10_groups"/>
  </testsuite>
  <testsuite name="ard_stack" timestamp="2025-08-19T04:31:12Z" hostname="5bf0934e461a" tests="7" skipped="0" failures="0" errors="0" time="2.388">
    <testcase time="2.383" classname="character(0)" name="ard_stack_works"/>
    <testcase time="0.000999999999999446" classname="character(0)" name="ard_stack_works"/>
    <testcase time="0" classname="character(0)" name="ard_stack_works"/>
    <testcase time="0.00100000000000122" classname="character(0)" name="ard_stack_works"/>
    <testcase time="0.000999999999999446" classname="character(0)" name="ard_stack_works"/>
    <testcase time="0.000999999999999446" classname="character(0)" name="ard_stack_works"/>
    <testcase time="0.00100000000000122" classname="character(0)" name="ard_stack_works"/>
  </testsuite>
  <testsuite name="ard_stack" timestamp="2025-08-19T04:31:12Z" hostname="5bf0934e461a" tests="2" skipped="0" failures="0" errors="0" time="0.003">
    <testcase time="0.00199999999999889" classname="character(0)" name="ard_stack_adding_overalls"/>
    <testcase time="0.00100000000000122" classname="character(0)" name="ard_stack_adding_overalls"/>
  </testsuite>
  <testsuite name="ard_stack" timestamp="2025-08-19T04:31:12Z" hostname="5bf0934e461a" tests="4" skipped="0" failures="0" errors="0" time="0.004">
    <testcase time="0.00199999999999889" classname="character(0)" name="ard_stack_adding_missing_attributes"/>
    <testcase time="0.00100000000000122" classname="character(0)" name="ard_stack_adding_missing_attributes"/>
    <testcase time="0.000999999999999446" classname="character(0)" name="ard_stack_adding_missing_attributes"/>
    <testcase time="0" classname="character(0)" name="ard_stack_adding_missing_attributes"/>
  </testsuite>
  <testsuite name="ard_stack" timestamp="2025-08-19T04:31:12Z" hostname="5bf0934e461a" tests="6" skipped="0" failures="0" errors="0" time="0.004">
    <testcase time="0.00199999999999889" classname="character(0)" name="ard_stack_.shuffle_argument"/>
    <testcase time="0" classname="character(0)" name="ard_stack_.shuffle_argument"/>
    <testcase time="0.00100000000000122" classname="character(0)" name="ard_stack_.shuffle_argument"/>
    <testcase time="0" classname="character(0)" name="ard_stack_.shuffle_argument"/>
    <testcase time="0.000999999999999446" classname="character(0)" name="ard_stack_.shuffle_argument"/>
    <testcase time="0" classname="character(0)" name="ard_stack_.shuffle_argument"/>
  </testsuite>
  <testsuite name="ard_stack" timestamp="2025-08-19T04:31:12Z" hostname="5bf0934e461a" tests="1" skipped="0" failures="0" errors="0" time="0.002">
    <testcase time="0.00200000000000067" classname="character(0)" name="ard_stack_adding_total_N"/>
  </testsuite>
  <testsuite name="ard_stack" timestamp="2025-08-19T04:31:12Z" hostname="5bf0934e461a" tests="1" skipped="0" failures="0" errors="0" time="0.002">
    <testcase time="0.00199999999999889" classname="character(0)" name="ard_stack_works_with_namespaced_functions"/>
  </testsuite>
  <testsuite name="ard_stack" timestamp="2025-08-19T04:31:12Z" hostname="5bf0934e461a" tests="2" skipped="0" failures="0" errors="0" time="0.002">
    <testcase time="0.00100000000000122" classname="character(0)" name="ard_stack_messaging"/>
    <testcase time="0.000999999999999446" classname="character(0)" name="ard_stack_messaging"/>
  </testsuite>
  <testsuite name="ard_stack" timestamp="2025-08-19T04:31:12Z" hostname="5bf0934e461a" tests="1" skipped="0" failures="0" errors="0" time="0.001">
    <testcase time="0.000999999999999446" classname="character(0)" name="ard_stack_complex_call_error"/>
  </testsuite>
  <testsuite name="ard_stack" timestamp="2025-08-19T04:31:12Z" hostname="5bf0934e461a" tests="1" skipped="0" failures="0" errors="0" time="0.002">
    <testcase time="0.00200000000000067" classname="character(0)" name="ard_stack_follows_ard_structure"/>
  </testsuite>
  <testsuite name="ard_stack" timestamp="2025-08-19T04:31:12Z" hostname="5bf0934e461a" tests="2" skipped="0" failures="0" errors="0" time="0.002">
    <testcase time="0.000999999999999446" classname="character(0)" name="ard_stack_.by_messaging"/>
    <testcase time="0.00100000000000122" classname="character(0)" name="ard_stack_.by_messaging"/>
  </testsuite>
  <testsuite name="ard_stack" timestamp="2025-08-19T04:31:12Z" hostname="5bf0934e461a" tests="6" skipped="0" failures="0" errors="0" time="0.004">
    <testcase time="0.00199999999999889" classname="character(0)" name="ard_stack_.by_stats_argument"/>
    <testcase time="0" classname="character(0)" name="ard_stack_.by_stats_argument"/>
    <testcase time="0.000999999999999446" classname="character(0)" name="ard_stack_.by_stats_argument"/>
    <testcase time="0" classname="character(0)" name="ard_stack_.by_stats_argument"/>
    <testcase time="0.00100000000000122" classname="character(0)" name="ard_stack_.by_stats_argument"/>
    <testcase time="0" classname="character(0)" name="ard_stack_.by_stats_argument"/>
  </testsuite>
  <testsuite name="ard_strata" timestamp="2025-08-19T04:31:15Z" hostname="5bf0934e461a" tests="3" skipped="0" failures="0" errors="0" time="3.053">
    <testcase time="3.051" classname="character(0)" name="ard_strata_works"/>
    <testcase time="0.00100000000000122" classname="character(0)" name="ard_strata_works"/>
    <testcase time="0.000999999999997669" classname="character(0)" name="ard_strata_works"/>
  </testsuite>
  <testsuite name="ard_strata" timestamp="2025-08-19T04:31:15Z" hostname="5bf0934e461a" tests="2" skipped="0" failures="0" errors="0" time="0.004">
    <testcase time="0.00300000000000011" classname="character(0)" name="ard_strata_by_strata_when_both_empty"/>
    <testcase time="0.00100000000000122" classname="character(0)" name="ard_strata_by_strata_when_both_empty"/>
  </testsuite>
  <testsuite name="ard_strata" timestamp="2025-08-19T04:31:15Z" hostname="5bf0934e461a" tests="1" skipped="0" failures="0" errors="0" time="0.002">
    <testcase time="0.00199999999999889" classname="character(0)" name="nest_for_ard_retains_strata_in_nested_data"/>
  </testsuite>
  <testsuite name="ard_stack_hierarchical" timestamp="2025-08-19T04:31:22Z" hostname="5bf0934e461a" tests="4" skipped="0" failures="0" errors="0" time="7.473">
    <testcase time="7.471" classname="character(0)" name="ard_stack_hierarchical_variables_"/>
    <testcase time="0.00100000000000122" classname="character(0)" name="ard_stack_hierarchical_variables_"/>
    <testcase time="0.000999999999997669" classname="character(0)" name="ard_stack_hierarchical_variables_"/>
    <testcase time="0" classname="character(0)" name="ard_stack_hierarchical_variables_"/>
  </testsuite>
  <testsuite name="ard_stack_hierarchical" timestamp="2025-08-19T04:31:22Z" hostname="5bf0934e461a" tests="2" skipped="0" failures="0" errors="0" time="0.002">
    <testcase time="0.00200000000000244" classname="character(0)" name="ard_stack_hierarchical_variables_messaging_removed_obs"/>
    <testcase time="0" classname="character(0)" name="ard_stack_hierarchical_variables_messaging_removed_obs"/>
  </testsuite>
  <testsuite name="ard_stack_hierarchical" timestamp="2025-08-19T04:31:22Z" hostname="5bf0934e461a" tests="2" skipped="0" failures="0" errors="0" time="0.003">
    <testcase time="0.00199999999999889" classname="character(0)" name="ard_stack_hierarchical_variables_messaging"/>
    <testcase time="0.00100000000000122" classname="character(0)" name="ard_stack_hierarchical_variables_messaging"/>
  </testsuite>
  <testsuite name="ard_stack_hierarchical" timestamp="2025-08-19T04:31:22Z" hostname="5bf0934e461a" tests="3" skipped="0" failures="0" errors="0" time="0.002">
    <testcase time="0.000999999999997669" classname="character(0)" name="ard_stack_hierarchical_by_"/>
    <testcase time="0.00100000000000122" classname="character(0)" name="ard_stack_hierarchical_by_"/>
    <testcase time="0" classname="character(0)" name="ard_stack_hierarchical_by_"/>
  </testsuite>
  <testsuite name="ard_stack_hierarchical" timestamp="2025-08-19T04:31:22Z" hostname="5bf0934e461a" tests="2" skipped="0" failures="0" errors="0" time="0.003">
    <testcase time="0.00199999999999889" classname="character(0)" name="ard_stack_hierarchical_by_messaging"/>
    <testcase time="0.00100000000000122" classname="character(0)" name="ard_stack_hierarchical_by_messaging"/>
  </testsuite>
  <testsuite name="ard_stack_hierarchical" timestamp="2025-08-19T04:31:22Z" hostname="5bf0934e461a" tests="2" skipped="0" failures="0" errors="0" time="0.002">
    <testcase time="0.00100000000000122" classname="character(0)" name="ard_stack_hierarchical_denominator_messaging"/>
    <testcase time="0.000999999999997669" classname="character(0)" name="ard_stack_hierarchical_denominator_messaging"/>
  </testsuite>
  <testsuite name="ard_stack_hierarchical" timestamp="2025-08-19T04:31:22Z" hostname="5bf0934e461a" tests="4" skipped="0" failures="0" errors="0" time="0.003">
    <testcase time="0.00200000000000244" classname="character(0)" name="ard_stack_hierarchical_by_with_columns_not_in_denominator_"/>
    <testcase time="0" classname="character(0)" name="ard_stack_hierarchical_by_with_columns_not_in_denominator_"/>
    <testcase time="0.000999999999997669" classname="character(0)" name="ard_stack_hierarchical_by_with_columns_not_in_denominator_"/>
    <testcase time="0" classname="character(0)" name="ard_stack_hierarchical_by_with_columns_not_in_denominator_"/>
  </testsuite>
  <testsuite name="ard_stack_hierarchical" timestamp="2025-08-19T04:31:22Z" hostname="5bf0934e461a" tests="1" skipped="0" failures="0" errors="0" time="0.002">
    <testcase time="0.00200000000000244" classname="character(0)" name="ard_stack_hierarchical_variables_include_messaging"/>
  </testsuite>
  <testsuite name="ard_stack_hierarchical" timestamp="2025-08-19T04:31:22Z" hostname="5bf0934e461a" tests="1" skipped="0" failures="0" errors="0" time="0.002">
    <testcase time="0.00199999999999889" classname="character(0)" name="ard_stack_hierarchical_by_overall_messaging"/>
  </testsuite>
  <testsuite name="ard_stack_hierarchical" timestamp="2025-08-19T04:31:22Z" hostname="5bf0934e461a" tests="1" skipped="0" failures="0" errors="0" time="0.001">
    <testcase time="0.00100000000000122" classname="character(0)" name="ard_stack_hierarchical_statistic_"/>
  </testsuite>
  <testsuite name="ard_stack_hierarchical" timestamp="2025-08-19T04:31:22Z" hostname="5bf0934e461a" tests="3" skipped="0" failures="0" errors="0" time="0.003">
    <testcase time="0.00199999999999889" classname="character(0)" name="ard_stack_hierarchical_with_shuffle"/>
    <testcase time="0" classname="character(0)" name="ard_stack_hierarchical_with_shuffle"/>
    <testcase time="0.00100000000000122" classname="character(0)" name="ard_stack_hierarchical_with_shuffle"/>
  </testsuite>
  <testsuite name="ard_stack_hierarchical" timestamp="2025-08-19T04:31:22Z" hostname="5bf0934e461a" tests="4" skipped="0" failures="0" errors="0" time="0.003">
    <testcase time="0.00199999999999889" classname="character(0)" name="ard_stack_hierarchical_count_variables_"/>
    <testcase time="0" classname="character(0)" name="ard_stack_hierarchical_count_variables_"/>
    <testcase time="0.000999999999997669" classname="character(0)" name="ard_stack_hierarchical_count_variables_"/>
    <testcase time="0" classname="character(0)" name="ard_stack_hierarchical_count_variables_"/>
  </testsuite>
  <testsuite name="ard_stack_hierarchical" timestamp="2025-08-19T04:31:22Z" hostname="5bf0934e461a" tests="4" skipped="0" failures="0" errors="0" time="0.004">
    <testcase time="0.00200000000000244" classname="character(0)" name="ard_stack_hierarchical_count_by_"/>
    <testcase time="0.000999999999997669" classname="character(0)" name="ard_stack_hierarchical_count_by_"/>
    <testcase time="0" classname="character(0)" name="ard_stack_hierarchical_count_by_"/>
    <testcase time="0.00100000000000122" classname="character(0)" name="ard_stack_hierarchical_count_by_"/>
  </testsuite>
  <testsuite name="ard_stack_hierarchical" timestamp="2025-08-19T04:31:22Z" hostname="5bf0934e461a" tests="1" skipped="0" failures="0" errors="0" time="0.001">
    <testcase time="0.00100000000000122" classname="character(0)" name="ard_stack_hierarchical_count_denominator_messaging"/>
  </testsuite>
  <testsuite name="ard_stack_hierarchical" timestamp="2025-08-19T04:31:22Z" hostname="5bf0934e461a" tests="3" skipped="0" failures="0" errors="0" time="0.003">
    <testcase time="0.00199999999999889" classname="character(0)" name="ard_stack_hierarchical_count_denominator_univariate_tabulations"/>
    <testcase time="0.00100000000000122" classname="character(0)" name="ard_stack_hierarchical_count_denominator_univariate_tabulations"/>
    <testcase time="0" classname="character(0)" name="ard_stack_hierarchical_count_denominator_univariate_tabulations"/>
  </testsuite>
  <testsuite name="ard_stack_hierarchical" timestamp="2025-08-19T04:31:22Z" hostname="5bf0934e461a" tests="2" skipped="0" failures="0" errors="0" time="0.005">
    <testcase time="0.00499999999999901" classname="character(0)" name="ard_stack_hierarchical_count_denominator_total_n_"/>
    <testcase time="0" classname="character(0)" name="ard_stack_hierarchical_count_denominator_total_n_"/>
  </testsuite>
  <testsuite name="ard_stack_hierarchical" timestamp="2025-08-19T04:31:22Z" hostname="5bf0934e461a" tests="1" skipped="0" failures="0" errors="0" time="0.002">
    <testcase time="0.00199999999999889" classname="character(0)" name="ard_stack_hierarchical_count_denominator_total_n_messaging"/>
  </testsuite>
  <testsuite name="ard_stack_hierarchical" timestamp="2025-08-19T04:31:22Z" hostname="5bf0934e461a" tests="1" skipped="0" failures="0" errors="0" time="0.001">
    <testcase time="0.00100000000000122" classname="character(0)" name="ard_stack_hierarchical_count_overall_denominator_messaging"/>
  </testsuite>
  <testsuite name="ard_stack_hierarchical" timestamp="2025-08-19T04:31:22Z" hostname="5bf0934e461a" tests="2" skipped="0" failures="0" errors="0" time="0.003">
    <testcase time="0.00199999999999889" classname="character(0)" name="ard_stack_hierarchical_count_overall_"/>
    <testcase time="0.00100000000000122" classname="character(0)" name="ard_stack_hierarchical_count_overall_"/>
  </testsuite>
  <testsuite name="ard_stack_hierarchical" timestamp="2025-08-19T04:31:22Z" hostname="5bf0934e461a" tests="1" skipped="0" failures="0" errors="0" time="0.001">
    <testcase time="0.00100000000000122" classname="character(0)" name="ard_stack_hierarchical_count_over_variables_"/>
  </testsuite>
  <testsuite name="ard_stack_hierarchical" timestamp="2025-08-19T04:31:22Z" hostname="5bf0934e461a" tests="2" skipped="0" failures="0" errors="0" time="0.003">
    <testcase time="0.00199999999999889" classname="character(0)" name="ard_stack_hierarchical_count_overall_over_variables_"/>
    <testcase time="0.00100000000000122" classname="character(0)" name="ard_stack_hierarchical_count_overall_over_variables_"/>
  </testsuite>
  <testsuite name="ard_stack_hierarchical" timestamp="2025-08-19T04:31:22Z" hostname="5bf0934e461a" tests="1" skipped="0" failures="0" errors="0" time="0.001">
    <testcase time="0.000999999999997669" classname="character(0)" name="ard_stack_hierarchical_count_attributes_"/>
  </testsuite>
  <testsuite name="ard_stack_hierarchical" timestamp="2025-08-19T04:31:22Z" hostname="5bf0934e461a" tests="4" skipped="0" failures="0" errors="0" time="0.004">
    <testcase time="0.00200000000000244" classname="character(0)" name="ard_stack_hierarchical_by_stats_argument"/>
    <testcase time="0.000999999999997669" classname="character(0)" name="ard_stack_hierarchical_by_stats_argument"/>
    <testcase time="0" classname="character(0)" name="ard_stack_hierarchical_by_stats_argument"/>
    <testcase time="0.00100000000000122" classname="character(0)" name="ard_stack_hierarchical_by_stats_argument"/>
  </testsuite>
  <testsuite name="ard_tabulate" timestamp="2025-08-19T04:31:35Z" hostname="5bf0934e461a" tests="8" skipped="0" failures="0" errors="0" time="12.128">
    <testcase time="12.124" classname="character(0)" name="ard_tabulate_univariate"/>
    <testcase time="0.000999999999997669" classname="character(0)" name="ard_tabulate_univariate"/>
    <testcase time="0" classname="character(0)" name="ard_tabulate_univariate"/>
    <testcase time="0.000999999999997669" classname="character(0)" name="ard_tabulate_univariate"/>
    <testcase time="0.00100000000000477" classname="character(0)" name="ard_tabulate_univariate"/>
    <testcase time="0" classname="character(0)" name="ard_tabulate_univariate"/>
    <testcase time="0.000999999999997669" classname="character(0)" name="ard_tabulate_univariate"/>
    <testcase time="0" classname="character(0)" name="ard_tabulate_univariate"/>
  </testsuite>
  <testsuite name="ard_tabulate" timestamp="2025-08-19T04:31:35Z" hostname="5bf0934e461a" tests="5" skipped="0" failures="0" errors="0" time="0.02">
    <testcase time="0.0180000000000007" classname="character(0)" name="ard_tabulate_univariate_specified_denomiator"/>
    <testcase time="0" classname="character(0)" name="ard_tabulate_univariate_specified_denomiator"/>
    <testcase time="0.000999999999997669" classname="character(0)" name="ard_tabulate_univariate_specified_denomiator"/>
    <testcase time="0" classname="character(0)" name="ard_tabulate_univariate_specified_denomiator"/>
    <testcase time="0.00100000000000477" classname="character(0)" name="ard_tabulate_univariate_specified_denomiator"/>
  </testsuite>
  <testsuite name="ard_tabulate" timestamp="2025-08-19T04:31:35Z" hostname="5bf0934e461a" tests="2" skipped="0" failures="0" errors="0" time="0.002">
    <testcase time="0.00199999999999534" classname="character(0)" name="ard_tabulate_fmt_fun_argument_works"/>
    <testcase time="0" classname="character(0)" name="ard_tabulate_fmt_fun_argument_works"/>
  </testsuite>
  <testsuite name="ard_tabulate" timestamp="2025-08-19T04:31:35Z" hostname="5bf0934e461a" tests="8" skipped="0" failures="0" errors="0" time="0.005">
    <testcase time="0.00200000000000244" classname="character(0)" name="ard_tabulate_with_strata_and_by_arguments"/>
    <testcase time="0" classname="character(0)" name="ard_tabulate_with_strata_and_by_arguments"/>
    <testcase time="0.000999999999997669" classname="character(0)" name="ard_tabulate_with_strata_and_by_arguments"/>
    <testcase time="0" classname="character(0)" name="ard_tabulate_with_strata_and_by_arguments"/>
    <testcase time="0" classname="character(0)" name="ard_tabulate_with_strata_and_by_arguments"/>
    <testcase time="0.00100000000000477" classname="character(0)" name="ard_tabulate_with_strata_and_by_arguments"/>
    <testcase time="0" classname="character(0)" name="ard_tabulate_with_strata_and_by_arguments"/>
    <testcase time="0.000999999999997669" classname="character(0)" name="ard_tabulate_with_strata_and_by_arguments"/>
  </testsuite>
  <testsuite name="ard_tabulate" timestamp="2025-08-19T04:31:35Z" hostname="5bf0934e461a" tests="3" skipped="0" failures="0" errors="0" time="0.002">
    <testcase time="0.000999999999997669" classname="character(0)" name="ard_tabulate_stat_label_argument_works"/>
    <testcase time="0.00100000000000477" classname="character(0)" name="ard_tabulate_stat_label_argument_works"/>
    <testcase time="0" classname="character(0)" name="ard_tabulate_stat_label_argument_works"/>
  </testsuite>
  <testsuite name="ard_tabulate" timestamp="2025-08-19T04:31:35Z" hostname="5bf0934e461a" tests="5" skipped="0" failures="0" errors="0" time="0.004">
    <testcase time="0.00199999999999534" classname="character(0)" name="ard_tabulate_denominator_cell_works"/>
    <testcase time="0.00100000000000477" classname="character(0)" name="ard_tabulate_denominator_cell_works"/>
    <testcase time="0" classname="character(0)" name="ard_tabulate_denominator_cell_works"/>
    <testcase time="0.000999999999997669" classname="character(0)" name="ard_tabulate_denominator_cell_works"/>
    <testcase time="0" classname="character(0)" name="ard_tabulate_denominator_cell_works"/>
  </testsuite>
  <testsuite name="ard_tabulate" timestamp="2025-08-19T04:31:35Z" hostname="5bf0934e461a" tests="9" skipped="0" failures="0" errors="0" time="0.006">
    <testcase time="0.00200000000000244" classname="character(0)" name="ard_tabulate_denominator_row_works"/>
    <testcase time="0.000999999999997669" classname="character(0)" name="ard_tabulate_denominator_row_works"/>
    <testcase time="0" classname="character(0)" name="ard_tabulate_denominator_row_works"/>
    <testcase time="0.000999999999997669" classname="character(0)" name="ard_tabulate_denominator_row_works"/>
    <testcase time="0" classname="character(0)" name="ard_tabulate_denominator_row_works"/>
    <testcase time="0.00100000000000477" classname="character(0)" name="ard_tabulate_denominator_row_works"/>
    <testcase time="0" classname="character(0)" name="ard_tabulate_denominator_row_works"/>
    <testcase time="0.000999999999997669" classname="character(0)" name="ard_tabulate_denominator_row_works"/>
    <testcase time="0" classname="character(0)" name="ard_tabulate_denominator_row_works"/>
  </testsuite>
  <testsuite name="ard_tabulate" timestamp="2025-08-19T04:31:35Z" hostname="5bf0934e461a" tests="5" skipped="0" failures="0" errors="0" time="0.004">
    <testcase time="0.00200000000000244" classname="character(0)" name="ard_tabulate_denominator_column_works"/>
    <testcase time="0.000999999999997669" classname="character(0)" name="ard_tabulate_denominator_column_works"/>
    <testcase time="0" classname="character(0)" name="ard_tabulate_denominator_column_works"/>
    <testcase time="0.000999999999997669" classname="character(0)" name="ard_tabulate_denominator_column_works"/>
    <testcase time="0" classname="character(0)" name="ard_tabulate_denominator_column_works"/>
  </testsuite>
  <testsuite name="ard_tabulate" timestamp="2025-08-19T04:31:35Z" hostname="5bf0934e461a" tests="1" skipped="0" failures="0" errors="0" time="0.002">
    <testcase time="0.00200000000000244" classname="character(0)" name="ard_tabulate_denominator_integer_works"/>
  </testsuite>
  <testsuite name="ard_tabulate" timestamp="2025-08-19T04:31:35Z" hostname="5bf0934e461a" tests="3" skipped="0" failures="0" errors="0" time="0.003">
    <testcase time="0.00200000000000244" classname="character(0)" name="ard_tabulate_denominator_data_frame_with_counts_works"/>
    <testcase time="0" classname="character(0)" name="ard_tabulate_denominator_data_frame_with_counts_works"/>
    <testcase time="0.000999999999997669" classname="character(0)" name="ard_tabulate_denominator_data_frame_with_counts_works"/>
  </testsuite>
  <testsuite name="ard_tabulate" timestamp="2025-08-19T04:31:35Z" hostname="5bf0934e461a" tests="2" skipped="0" failures="0" errors="0" time="0.002">
    <testcase time="0.00200000000000244" classname="character(0)" name="ard_tabulate_denominator_data_frame_without_counts_works"/>
    <testcase time="0" classname="character(0)" name="ard_tabulate_denominator_data_frame_without_counts_works"/>
  </testsuite>
  <testsuite name="ard_tabulate" timestamp="2025-08-19T04:31:35Z" hostname="5bf0934e461a" tests="2" skipped="0" failures="0" errors="0" time="0.002">
    <testcase time="0.00199999999999534" classname="character(0)" name="ard_tabulate_and_ARD_column_names"/>
    <testcase time="0" classname="character(0)" name="ard_tabulate_and_ARD_column_names"/>
  </testsuite>
  <testsuite name="ard_tabulate" timestamp="2025-08-19T04:31:35Z" hostname="5bf0934e461a" tests="1" skipped="0" failures="0" errors="0" time="0.002">
    <testcase time="0.00200000000000244" classname="character(0)" name="ard_tabulate_with_grouped_data_works"/>
  </testsuite>
  <testsuite name="ard_tabulate" timestamp="2025-08-19T04:31:35Z" hostname="5bf0934e461a" tests="1" skipped="0" failures="0" errors="0" time="0.002">
    <testcase time="0.00200000000000244" classname="character(0)" name="ard_tabulate_and_all_NA_columns"/>
  </testsuite>
  <testsuite name="ard_tabulate" timestamp="2025-08-19T04:31:35Z" hostname="5bf0934e461a" tests="4" skipped="0" failures="0" errors="0" time="0.003">
    <testcase time="0.00199999999999534" classname="character(0)" name="ard_tabulate_can_handle_non_syntactic_column_names"/>
    <testcase time="0" classname="character(0)" name="ard_tabulate_can_handle_non_syntactic_column_names"/>
    <testcase time="0.00100000000000477" classname="character(0)" name="ard_tabulate_can_handle_non_syntactic_column_names"/>
    <testcase time="0" classname="character(0)" name="ard_tabulate_can_handle_non_syntactic_column_names"/>
  </testsuite>
  <testsuite name="ard_tabulate" timestamp="2025-08-19T04:31:35Z" hostname="5bf0934e461a" tests="1" skipped="0" failures="0" errors="0" time="0.002">
    <testcase time="0.00199999999999534" classname="character(0)" name="ard_tabulate_strata_returns_results_in_proper_order"/>
  </testsuite>
  <testsuite name="ard_tabulate" timestamp="2025-08-19T04:31:35Z" hostname="5bf0934e461a" tests="2" skipped="0" failures="0" errors="0" time="0.002">
    <testcase time="0.00200000000000244" classname="character(0)" name="ard_tabulate_by_messages_about_protected_names"/>
    <testcase time="0" classname="character(0)" name="ard_tabulate_by_messages_about_protected_names"/>
  </testsuite>
  <testsuite name="ard_tabulate" timestamp="2025-08-19T04:31:35Z" hostname="5bf0934e461a" tests="15" skipped="0" failures="0" errors="0" time="0.013">
    <testcase time="0.00200000000000244" classname="character(0)" name="ard_tabulate_works_when_using_generic_names_"/>
    <testcase time="0.000999999999997669" classname="character(0)" name="ard_tabulate_works_when_using_generic_names_"/>
    <testcase time="0" classname="character(0)" name="ard_tabulate_works_when_using_generic_names_"/>
    <testcase time="0.000999999999997669" classname="character(0)" name="ard_tabulate_works_when_using_generic_names_"/>
    <testcase time="0" classname="character(0)" name="ard_tabulate_works_when_using_generic_names_"/>
    <testcase time="0.00100000000000477" classname="character(0)" name="ard_tabulate_works_when_using_generic_names_"/>
    <testcase time="0" classname="character(0)" name="ard_tabulate_works_when_using_generic_names_"/>
    <testcase time="0.000999999999997669" classname="character(0)" name="ard_tabulate_works_when_using_generic_names_"/>
    <testcase time="0" classname="character(0)" name="ard_tabulate_works_when_using_generic_names_"/>
    <testcase time="0.000999999999997669" classname="character(0)" name="ard_tabulate_works_when_using_generic_names_"/>
    <testcase time="0.00300000000000011" classname="character(0)" name="ard_tabulate_works_when_using_generic_names_"/>
    <testcase time="0.00100000000000477" classname="character(0)" name="ard_tabulate_works_when_using_generic_names_"/>
    <testcase time="0" classname="character(0)" name="ard_tabulate_works_when_using_generic_names_"/>
    <testcase time="0.000999999999997669" classname="character(0)" name="ard_tabulate_works_when_using_generic_names_"/>
    <testcase time="0.000999999999997669" classname="character(0)" name="ard_tabulate_works_when_using_generic_names_"/>
  </testsuite>
  <testsuite name="ard_tabulate" timestamp="2025-08-19T04:31:35Z" hostname="5bf0934e461a" tests="2" skipped="0" failures="0" errors="0" time="0.002">
    <testcase time="0.00100000000000477" classname="character(0)" name="ard_tabulate_by_messages_about_protected_names"/>
    <testcase time="0.000999999999997669" classname="character(0)" name="ard_tabulate_by_messages_about_protected_names"/>
  </testsuite>
  <testsuite name="ard_tabulate" timestamp="2025-08-19T04:31:35Z" hostname="5bf0934e461a" tests="1" skipped="0" failures="0" errors="0" time="0.002">
    <testcase time="0.00200000000000244" classname="character(0)" name="ard_tabulate_follows_ard_structure"/>
  </testsuite>
  <testsuite name="ard_tabulate" timestamp="2025-08-19T04:31:35Z" hostname="5bf0934e461a" tests="2" skipped="0" failures="0" errors="0" time="0.002">
    <testcase time="0.00199999999999534" classname="character(0)" name="ard_tabulate_with_hms_times"/>
    <testcase time="0" classname="character(0)" name="ard_tabulate_with_hms_times"/>
  </testsuite>
  <testsuite name="ard_tabulate" timestamp="2025-08-19T04:31:35Z" hostname="5bf0934e461a" tests="2" skipped="0" failures="0" errors="0" time="0.002">
    <testcase time="0.00200000000000244" classname="character(0)" name="ard_tabulate_errors_with_incomplete_factor_columns"/>
    <testcase time="0" classname="character(0)" name="ard_tabulate_errors_with_incomplete_factor_columns"/>
  </testsuite>
  <testsuite name="ard_tabulate" timestamp="2025-08-19T04:31:35Z" hostname="5bf0934e461a" tests="13" skipped="0" failures="0" errors="0" time="0.009">
    <testcase time="0.00199999999999534" classname="character(0)" name="ard_tabulate_denominator_column_with_cumulative_counts"/>
    <testcase time="0.00100000000000477" classname="character(0)" name="ard_tabulate_denominator_column_with_cumulative_counts"/>
    <testcase time="0" classname="character(0)" name="ard_tabulate_denominator_column_with_cumulative_counts"/>
    <testcase time="0.000999999999997669" classname="character(0)" name="ard_tabulate_denominator_column_with_cumulative_counts"/>
    <testcase time="0" classname="character(0)" name="ard_tabulate_denominator_column_with_cumulative_counts"/>
    <testcase time="0.000999999999997669" classname="character(0)" name="ard_tabulate_denominator_column_with_cumulative_counts"/>
    <testcase time="0" classname="character(0)" name="ard_tabulate_denominator_column_with_cumulative_counts"/>
    <testcase time="0.00100000000000477" classname="character(0)" name="ard_tabulate_denominator_column_with_cumulative_counts"/>
    <testcase time="0.000999999999997669" classname="character(0)" name="ard_tabulate_denominator_column_with_cumulative_counts"/>
    <testcase time="0" classname="character(0)" name="ard_tabulate_denominator_column_with_cumulative_counts"/>
    <testcase time="0.000999999999997669" classname="character(0)" name="ard_tabulate_denominator_column_with_cumulative_counts"/>
    <testcase time="0" classname="character(0)" name="ard_tabulate_denominator_column_with_cumulative_counts"/>
    <testcase time="0.00100000000000477" classname="character(0)" name="ard_tabulate_denominator_column_with_cumulative_counts"/>
  </testsuite>
  <testsuite name="ard_tabulate" timestamp="2025-08-19T04:31:35Z" hostname="5bf0934e461a" tests="6" skipped="0" failures="0" errors="0" time="0.004">
    <testcase time="0.00199999999999534" classname="character(0)" name="ard_tabulate_denominator_row_with_cumulative_counts"/>
    <testcase time="0" classname="character(0)" name="ard_tabulate_denominator_row_with_cumulative_counts"/>
    <testcase time="0.00100000000000477" classname="character(0)" name="ard_tabulate_denominator_row_with_cumulative_counts"/>
    <testcase time="0" classname="character(0)" name="ard_tabulate_denominator_row_with_cumulative_counts"/>
    <testcase time="0.000999999999997669" classname="character(0)" name="ard_tabulate_denominator_row_with_cumulative_counts"/>
    <testcase time="0" classname="character(0)" name="ard_tabulate_denominator_row_with_cumulative_counts"/>
  </testsuite>
  <testsuite name="ard_tabulate" timestamp="2025-08-19T04:31:35Z" hostname="5bf0934e461a" tests="1" skipped="0" failures="0" errors="0" time="0.002">
    <testcase time="0.00200000000000244" classname="character(0)" name="ard_tabulate_with_cumulative_counts_messaging"/>
  </testsuite>
  <testsuite name="ard_tabulate" timestamp="2025-08-19T04:31:35Z" hostname="5bf0934e461a" tests="1" skipped="0" failures="0" errors="0" time="0.002">
    <testcase time="0.00199999999999534" classname="character(0)" name="ard_tabulate_ordering_for_multiple_strata"/>
  </testsuite>
  <testsuite name="ard_tabulate_value" timestamp="2025-08-19T04:31:36Z" hostname="5bf0934e461a" tests="5" skipped="0" failures="0" errors="0" time="1.1">
    <testcase time="1.09800000000001" classname="character(0)" name="ard_tabulate_value_works"/>
    <testcase time="0.000999999999997669" classname="character(0)" name="ard_tabulate_value_works"/>
    <testcase time="0" classname="character(0)" name="ard_tabulate_value_works"/>
    <testcase time="0.000999999999997669" classname="character(0)" name="ard_tabulate_value_works"/>
    <testcase time="0" classname="character(0)" name="ard_tabulate_value_works"/>
  </testsuite>
  <testsuite name="ard_tabulate_value" timestamp="2025-08-19T04:31:36Z" hostname="5bf0934e461a" tests="3" skipped="0" failures="0" errors="0" time="0.003">
    <testcase time="0.00200000000000244" classname="character(0)" name="ard_tabulate_value_errors_are_correct"/>
    <testcase time="0.000999999999997669" classname="character(0)" name="ard_tabulate_value_errors_are_correct"/>
    <testcase time="0" classname="character(0)" name="ard_tabulate_value_errors_are_correct"/>
  </testsuite>
  <testsuite name="ard_tabulate_value" timestamp="2025-08-19T04:31:36Z" hostname="5bf0934e461a" tests="1" skipped="0" failures="0" errors="0" time="0.002">
    <testcase time="0.00200000000000244" classname="character(0)" name="ard_tabulate_value_with_grouped_data_works"/>
  </testsuite>
  <testsuite name="ard_tabulate_value" timestamp="2025-08-19T04:31:36Z" hostname="5bf0934e461a" tests="1" skipped="0" failures="0" errors="0" time="0.002">
    <testcase time="0.00200000000000244" classname="character(0)" name="ard_tabulate_value_follows_ard_structure"/>
  </testsuite>
  <testsuite name="ard_tabulate_value" timestamp="2025-08-19T04:31:36Z" hostname="5bf0934e461a" tests="2" skipped="0" failures="0" errors="0" time="0.005">
    <testcase time="0.00499999999999545" classname="character(0)" name="ard_tabulate_value_errors_with_incomplete_factor_columns"/>
    <testcase time="0" classname="character(0)" name="ard_tabulate_value_errors_with_incomplete_factor_columns"/>
  </testsuite>
  <testsuite name="ard_total_n" timestamp="2025-08-19T04:31:36Z" hostname="5bf0934e461a" tests="2" skipped="0" failures="0" errors="0" time="0.204">
    <testcase time="0.204000000000001" classname="character(0)" name="ard_total_n_works"/>
    <testcase time="0" classname="character(0)" name="ard_total_n_works"/>
  </testsuite>
  <testsuite name="ard_total_n" timestamp="2025-08-19T04:31:36Z" hostname="5bf0934e461a" tests="1" skipped="0" failures="0" errors="0" time="0.002">
    <testcase time="0.00200000000000244" classname="character(0)" name="ard_total_n_follows_ard_structure"/>
  </testsuite>
  <testsuite name="as_card" timestamp="2025-08-19T04:31:36Z" hostname="5bf0934e461a" tests="1" skipped="0" failures="0" errors="0" time="0.345">
    <testcase time="0.344999999999999" classname="character(0)" name="as_card_works"/>
  </testsuite>
  <testsuite name="as_card" timestamp="2025-08-19T04:31:36Z" hostname="5bf0934e461a" tests="1" skipped="0" failures="0" errors="0" time="0.002">
    <testcase time="0.00200000000000244" classname="character(0)" name="as_card_does_not_affect_card_objects"/>
  </testsuite>
  <testsuite name="as_card" timestamp="2025-08-19T04:31:36Z" hostname="5bf0934e461a" tests="1" skipped="0" failures="0" errors="0" time="0.002">
    <testcase time="0.00199999999999534" classname="character(0)" name="as_card_error_catching_works_correctly"/>
  </testsuite>
  <testsuite name="as_cards_fn" timestamp="2025-08-19T04:31:36Z" hostname="5bf0934e461a" tests="3" skipped="0" failures="0" errors="0" time="0.047">
    <testcase time="0.0459999999999994" classname="character(0)" name="as_cards_fn_works"/>
    <testcase time="0.00100000000000477" classname="character(0)" name="as_cards_fn_works"/>
    <testcase time="0" classname="character(0)" name="as_cards_fn_works"/>
  </testsuite>
  <testsuite name="as_nested_list" timestamp="2025-08-19T04:31:37Z" hostname="5bf0934e461a" tests="1" skipped="0" failures="0" errors="0" time="0.463">
    <testcase time="0.462999999999994" classname="character(0)" name="as_nested_list_works"/>
  </testsuite>
  <testsuite name="bind_ard" timestamp="2025-08-19T04:31:38Z" hostname="5bf0934e461a" tests="1" skipped="0" failures="0" errors="0" time="0.843">
    <testcase time="0.843000000000004" classname="character(0)" name="bind_ard_works"/>
  </testsuite>
  <testsuite name="bind_ard" timestamp="2025-08-19T04:31:38Z" hostname="5bf0934e461a" tests="2" skipped="0" failures="0" errors="0" time="0.003">
    <testcase time="0.00200000000000244" classname="character(0)" name="ARD_helpers_messaging"/>
    <testcase time="0.000999999999997669" classname="character(0)" name="ARD_helpers_messaging"/>
  </testsuite>
  <testsuite name="bind_ard" timestamp="2025-08-19T04:31:38Z" hostname="5bf0934e461a" tests="2" skipped="0" failures="0" errors="0" time="0.002">
    <testcase time="0.00200000000000244" classname="character(0)" name="bind_ard_.order_argument_works"/>
    <testcase time="0" classname="character(0)" name="bind_ard_.order_argument_works"/>
  </testsuite>
  <testsuite name="bind_ard" timestamp="2025-08-19T04:31:38Z" hostname="5bf0934e461a" tests="1" skipped="0" failures="0" errors="0" time="0.002">
    <testcase time="0.00199999999999534" classname="character(0)" name="bind_ard_.quiet_"/>
  </testsuite>
  <testsuite name="bind_ard" timestamp="2025-08-19T04:31:38Z" hostname="5bf0934e461a" tests="1" skipped="0" failures="0" errors="0" time="0.002">
    <testcase time="0.00200000000000244" classname="character(0)" name="bind_ard_.distinct_"/>
  </testsuite>
  <testsuite name="check_ard_structure" timestamp="2025-08-19T04:31:38Z" hostname="5bf0934e461a" tests="1" skipped="0" failures="0" errors="0" time="0.193">
    <testcase time="0.192999999999998" classname="character(0)" name="check_ard_structure_works"/>
  </testsuite>
  <testsuite name="eval_capture_conditions" timestamp="2025-08-19T04:31:38Z" hostname="5bf0934e461a" tests="4" skipped="0" failures="0" errors="0" time="0.45">
    <testcase time="0.448" classname="character(0)" name="eval_capture_conditions_works"/>
    <testcase time="0.00100000000000477" classname="character(0)" name="eval_capture_conditions_works"/>
    <testcase time="0.000999999999997669" classname="character(0)" name="eval_capture_conditions_works"/>
    <testcase time="0" classname="character(0)" name="eval_capture_conditions_works"/>
  </testsuite>
  <testsuite name="eval_capture_conditions" timestamp="2025-08-19T04:31:38Z" hostname="5bf0934e461a" tests="3" skipped="0" failures="0" errors="0" time="0.003">
    <testcase time="0.00199999999999534" classname="character(0)" name="captured_condition_as_message_works"/>
    <testcase time="0.00100000000000477" classname="character(0)" name="captured_condition_as_message_works"/>
    <testcase time="0" classname="character(0)" name="captured_condition_as_message_works"/>
  </testsuite>
  <testsuite name="eval_capture_conditions" timestamp="2025-08-19T04:31:38Z" hostname="5bf0934e461a" tests="3" skipped="0" failures="0" errors="0" time="0.003">
    <testcase time="0.00199999999999534" classname="character(0)" name="captured_condition_as_error_works"/>
    <testcase time="0.00100000000000477" classname="character(0)" name="captured_condition_as_error_works"/>
    <testcase time="0" classname="character(0)" name="captured_condition_as_error_works"/>
  </testsuite>
  <testsuite name="filter_ard_hierarchical" timestamp="2025-08-19T04:31:50Z" hostname="5bf0934e461a" tests="5" skipped="0" failures="0" errors="0" time="12.15">
    <testcase time="12.146" classname="character(0)" name="filter_ard_hierarchical_works"/>
    <testcase time="0.000999999999997669" classname="character(0)" name="filter_ard_hierarchical_works"/>
    <testcase time="0.000999999999997669" classname="character(0)" name="filter_ard_hierarchical_works"/>
    <testcase time="0.00100000000000477" classname="character(0)" name="filter_ard_hierarchical_works"/>
    <testcase time="0.000999999999997669" classname="character(0)" name="filter_ard_hierarchical_works"/>
  </testsuite>
  <testsuite name="filter_ard_hierarchical" timestamp="2025-08-19T04:31:50Z" hostname="5bf0934e461a" tests="10" skipped="0" failures="0" errors="0" time="0.013">
    <testcase time="0.00399999999999778" classname="character(0)" name="filter_ard_hierarchical_works_with_non_standard_filters"/>
    <testcase time="0.00100000000000477" classname="character(0)" name="filter_ard_hierarchical_works_with_non_standard_filters"/>
    <testcase time="0.000999999999997669" classname="character(0)" name="filter_ard_hierarchical_works_with_non_standard_filters"/>
    <testcase time="0.000999999999997669" classname="character(0)" name="filter_ard_hierarchical_works_with_non_standard_filters"/>
    <testcase time="0.00100000000000477" classname="character(0)" name="filter_ard_hierarchical_works_with_non_standard_filters"/>
    <testcase time="0.000999999999997669" classname="character(0)" name="filter_ard_hierarchical_works_with_non_standard_filters"/>
    <testcase time="0.000999999999997669" classname="character(0)" name="filter_ard_hierarchical_works_with_non_standard_filters"/>
    <testcase time="0.00100000000000477" classname="character(0)" name="filter_ard_hierarchical_works_with_non_standard_filters"/>
    <testcase time="0.000999999999997669" classname="character(0)" name="filter_ard_hierarchical_works_with_non_standard_filters"/>
    <testcase time="0.000999999999997669" classname="character(0)" name="filter_ard_hierarchical_works_with_non_standard_filters"/>
  </testsuite>
  <testsuite name="filter_ard_hierarchical" timestamp="2025-08-19T04:31:50Z" hostname="5bf0934e461a" tests="18" skipped="0" failures="0" errors="0" time="0.025">
    <testcase time="0.00300000000000011" classname="character(0)" name="filter_ard_hierarchical_works_with_column_specific_filters"/>
    <testcase time="0.00100000000000477" classname="character(0)" name="filter_ard_hierarchical_works_with_column_specific_filters"/>
    <testcase time="0.00499999999999545" classname="character(0)" name="filter_ard_hierarchical_works_with_column_specific_filters"/>
    <testcase time="0.00100000000000477" classname="character(0)" name="filter_ard_hierarchical_works_with_column_specific_filters"/>
    <testcase time="0.000999999999997669" classname="character(0)" name="filter_ard_hierarchical_works_with_column_specific_filters"/>
    <testcase time="0.000999999999997669" classname="character(0)" name="filter_ard_hierarchical_works_with_column_specific_filters"/>
    <testcase time="0.00100000000000477" classname="character(0)" name="filter_ard_hierarchical_works_with_column_specific_filters"/>
    <testcase time="0.000999999999997669" classname="character(0)" name="filter_ard_hierarchical_works_with_column_specific_filters"/>
    <testcase time="0.000999999999997669" classname="character(0)" name="filter_ard_hierarchical_works_with_column_specific_filters"/>
    <testcase time="0.00100000000000477" classname="character(0)" name="filter_ard_hierarchical_works_with_column_specific_filters"/>
    <testcase time="0.000999999999997669" classname="character(0)" name="filter_ard_hierarchical_works_with_column_specific_filters"/>
    <testcase time="0.000999999999997669" classname="character(0)" name="filter_ard_hierarchical_works_with_column_specific_filters"/>
    <testcase time="0.00100000000000477" classname="character(0)" name="filter_ard_hierarchical_works_with_column_specific_filters"/>
    <testcase time="0.00199999999999534" classname="character(0)" name="filter_ard_hierarchical_works_with_column_specific_filters"/>
    <testcase time="0.00100000000000477" classname="character(0)" name="filter_ard_hierarchical_works_with_column_specific_filters"/>
    <testcase time="0.000999999999997669" classname="character(0)" name="filter_ard_hierarchical_works_with_column_specific_filters"/>
    <testcase time="0.000999999999997669" classname="character(0)" name="filter_ard_hierarchical_works_with_column_specific_filters"/>
    <testcase time="0.00100000000000477" classname="character(0)" name="filter_ard_hierarchical_works_with_column_specific_filters"/>
  </testsuite>
  <testsuite name="filter_ard_hierarchical" timestamp="2025-08-19T04:31:51Z" hostname="5bf0934e461a" tests="4" skipped="0" failures="0" errors="0" time="0.004">
    <testcase time="0.00199999999999534" classname="character(0)" name="filter_ard_hierarchical_works_with_ard_stack_hierarchical_count_results"/>
    <testcase time="0.000999999999997669" classname="character(0)" name="filter_ard_hierarchical_works_with_ard_stack_hierarchical_count_results"/>
    <testcase time="0.00100000000000477" classname="character(0)" name="filter_ard_hierarchical_works_with_ard_stack_hierarchical_count_results"/>
    <testcase time="0" classname="character(0)" name="filter_ard_hierarchical_works_with_ard_stack_hierarchical_count_results"/>
  </testsuite>
  <testsuite name="filter_ard_hierarchical" timestamp="2025-08-19T04:31:51Z" hostname="5bf0934e461a" tests="3" skipped="0" failures="0" errors="0" time="0.003">
    <testcase time="0.00199999999999534" classname="character(0)" name="filter_ard_hierarchical_returns_only_summary_rows_when_all_rows_filtered_out"/>
    <testcase time="0.00100000000000477" classname="character(0)" name="filter_ard_hierarchical_returns_only_summary_rows_when_all_rows_filtered_out"/>
    <testcase time="0" classname="character(0)" name="filter_ard_hierarchical_returns_only_summary_rows_when_all_rows_filtered_out"/>
  </testsuite>
  <testsuite name="filter_ard_hierarchical" timestamp="2025-08-19T04:31:51Z" hostname="5bf0934e461a" tests="7" skipped="0" failures="0" errors="0" time="0.006">
    <testcase time="0.00199999999999534" classname="character(0)" name="filter_ard_hierarchical_var_works"/>
    <testcase time="0.00100000000000477" classname="character(0)" name="filter_ard_hierarchical_var_works"/>
    <testcase time="0" classname="character(0)" name="filter_ard_hierarchical_var_works"/>
    <testcase time="0.000999999999997669" classname="character(0)" name="filter_ard_hierarchical_var_works"/>
    <testcase time="0" classname="character(0)" name="filter_ard_hierarchical_var_works"/>
    <testcase time="0.000999999999997669" classname="character(0)" name="filter_ard_hierarchical_var_works"/>
    <testcase time="0.00100000000000477" classname="character(0)" name="filter_ard_hierarchical_var_works"/>
  </testsuite>
  <testsuite name="filter_ard_hierarchical" timestamp="2025-08-19T04:31:51Z" hostname="5bf0934e461a" tests="10" skipped="0" failures="0" errors="0" time="0.006">
    <testcase time="0.000999999999997669" classname="character(0)" name="filter_ard_hierarchical_keep_empty_works"/>
    <testcase time="0.000999999999997669" classname="character(0)" name="filter_ard_hierarchical_keep_empty_works"/>
    <testcase time="0.00100000000000477" classname="character(0)" name="filter_ard_hierarchical_keep_empty_works"/>
    <testcase time="0" classname="character(0)" name="filter_ard_hierarchical_keep_empty_works"/>
    <testcase time="0.000999999999997669" classname="character(0)" name="filter_ard_hierarchical_keep_empty_works"/>
    <testcase time="0" classname="character(0)" name="filter_ard_hierarchical_keep_empty_works"/>
    <testcase time="0.000999999999997669" classname="character(0)" name="filter_ard_hierarchical_keep_empty_works"/>
    <testcase time="0" classname="character(0)" name="filter_ard_hierarchical_keep_empty_works"/>
    <testcase time="0.00100000000000477" classname="character(0)" name="filter_ard_hierarchical_keep_empty_works"/>
    <testcase time="0" classname="character(0)" name="filter_ard_hierarchical_keep_empty_works"/>
  </testsuite>
  <testsuite name="filter_ard_hierarchical" timestamp="2025-08-19T04:31:51Z" hostname="5bf0934e461a" tests="2" skipped="0" failures="0" errors="0" time="0.003">
    <testcase time="0.00199999999999534" classname="character(0)" name="filter_ard_hierarchical_works_with_only_one_variable_in_x"/>
    <testcase time="0.00100000000000477" classname="character(0)" name="filter_ard_hierarchical_works_with_only_one_variable_in_x"/>
  </testsuite>
  <testsuite name="filter_ard_hierarchical" timestamp="2025-08-19T04:31:51Z" hostname="5bf0934e461a" tests="1" skipped="0" failures="0" errors="0" time="0.002">
    <testcase time="0.00199999999999534" classname="character(0)" name="filter_ard_hierarchical_works_when_some_variables_not_included_in_x"/>
  </testsuite>
  <testsuite name="filter_ard_hierarchical" timestamp="2025-08-19T04:31:51Z" hostname="5bf0934e461a" tests="1" skipped="0" failures="0" errors="0" time="0.002">
    <testcase time="0.00200000000000244" classname="character(0)" name="filter_ard_hierarchical_works_with_overall_data"/>
  </testsuite>
  <testsuite name="filter_ard_hierarchical" timestamp="2025-08-19T04:31:51Z" hostname="5bf0934e461a" tests="9" skipped="0" failures="0" errors="0" time="0.006">
    <testcase time="0.00200000000000244" classname="character(0)" name="filter_ard_hierarchical_error_messaging_works"/>
    <testcase time="0" classname="character(0)" name="filter_ard_hierarchical_error_messaging_works"/>
    <testcase time="0.000999999999997669" classname="character(0)" name="filter_ard_hierarchical_error_messaging_works"/>
    <testcase time="0" classname="character(0)" name="filter_ard_hierarchical_error_messaging_works"/>
    <testcase time="0.000999999999997669" classname="character(0)" name="filter_ard_hierarchical_error_messaging_works"/>
    <testcase time="0.00100000000000477" classname="character(0)" name="filter_ard_hierarchical_error_messaging_works"/>
    <testcase time="0" classname="character(0)" name="filter_ard_hierarchical_error_messaging_works"/>
    <testcase time="0.000999999999997669" classname="character(0)" name="filter_ard_hierarchical_error_messaging_works"/>
    <testcase time="0" classname="character(0)" name="filter_ard_hierarchical_error_messaging_works"/>
  </testsuite>
  <testsuite name="get_ard_statistics" timestamp="2025-08-19T04:31:51Z" hostname="5bf0934e461a" tests="2" skipped="0" failures="0" errors="0" time="0.185">
    <testcase time="0.183999999999997" classname="character(0)" name="get_ard_statistics_works"/>
    <testcase time="0.00100000000000477" classname="character(0)" name="get_ard_statistics_works"/>
  </testsuite>
  <testsuite name="label_round" timestamp="2025-08-19T04:31:51Z" hostname="5bf0934e461a" tests="4" skipped="0" failures="0" errors="0" time="0.057">
    <testcase time="0.0539999999999949" classname="character(0)" name="label_round_works"/>
    <testcase time="0.00100000000000477" classname="character(0)" name="label_round_works"/>
    <testcase time="0.000999999999997669" classname="character(0)" name="label_round_works"/>
    <testcase time="0.000999999999997669" classname="character(0)" name="label_round_works"/>
  </testsuite>
  <testsuite name="mock" timestamp="2025-08-19T04:31:52Z" hostname="5bf0934e461a" tests="1" skipped="0" failures="0" errors="0" time="0.965">
    <testcase time="0.965000000000003" classname="character(0)" name="mock_categorical_"/>
  </testsuite>
  <testsuite name="mock" timestamp="2025-08-19T04:31:52Z" hostname="5bf0934e461a" tests="1" skipped="0" failures="0" errors="0" time="0.004">
    <testcase time="0.00399999999999778" classname="character(0)" name="mock_categorical_messaging"/>
  </testsuite>
  <testsuite name="mock" timestamp="2025-08-19T04:31:52Z" hostname="5bf0934e461a" tests="1" skipped="0" failures="0" errors="0" time="0.003">
    <testcase time="0.00300000000000011" classname="character(0)" name="mock_continuous_"/>
  </testsuite>
  <testsuite name="mock" timestamp="2025-08-19T04:31:52Z" hostname="5bf0934e461a" tests="1" skipped="0" failures="0" errors="0" time="0.002">
    <testcase time="0.00200000000000244" classname="character(0)" name="mock_continuous_messaging"/>
  </testsuite>
  <testsuite name="mock" timestamp="2025-08-19T04:31:52Z" hostname="5bf0934e461a" tests="1" skipped="0" failures="0" errors="0" time="0.002">
    <testcase time="0.00200000000000244" classname="character(0)" name="mock_dichotomous_"/>
  </testsuite>
  <testsuite name="mock" timestamp="2025-08-19T04:31:52Z" hostname="5bf0934e461a" tests="1" skipped="0" failures="0" errors="0" time="0.002">
    <testcase time="0.00199999999999534" classname="character(0)" name="mock_dichotomous_messaging"/>
  </testsuite>
  <testsuite name="mock" timestamp="2025-08-19T04:31:52Z" hostname="5bf0934e461a" tests="1" skipped="0" failures="0" errors="0" time="0.002">
    <testcase time="0.00200000000000244" classname="character(0)" name="mock_missing_"/>
  </testsuite>
  <testsuite name="mock" timestamp="2025-08-19T04:31:52Z" hostname="5bf0934e461a" tests="1" skipped="0" failures="0" errors="0" time="0.002">
    <testcase time="0.00199999999999534" classname="character(0)" name="mock_missing_messaging"/>
  </testsuite>
  <testsuite name="mock" timestamp="2025-08-19T04:31:52Z" hostname="5bf0934e461a" tests="1" skipped="0" failures="0" errors="0" time="0.002">
    <testcase time="0.00200000000000244" classname="character(0)" name="mock_attributes_"/>
  </testsuite>
  <testsuite name="mock" timestamp="2025-08-19T04:31:52Z" hostname="5bf0934e461a" tests="1" skipped="0" failures="0" errors="0" time="0.002">
    <testcase time="0.00200000000000244" classname="character(0)" name="mock_attributes_messaging"/>
  </testsuite>
  <testsuite name="mock" timestamp="2025-08-19T04:31:52Z" hostname="5bf0934e461a" tests="1" skipped="0" failures="0" errors="0" time="0.002">
    <testcase time="0.00199999999999534" classname="character(0)" name="mock_total_n_"/>
  </testsuite>
  <testsuite name="nest_for_ard" timestamp="2025-08-19T04:31:52Z" hostname="5bf0934e461a" tests="4" skipped="0" failures="0" errors="0" time="0.152">
    <testcase time="0.150000000000006" classname="character(0)" name="nest_for_ard_works"/>
    <testcase time="0.000999999999997669" classname="character(0)" name="nest_for_ard_works"/>
    <testcase time="0.000999999999997669" classname="character(0)" name="nest_for_ard_works"/>
    <testcase time="0" classname="character(0)" name="nest_for_ard_works"/>
  </testsuite>
  <testsuite name="options" timestamp="2025-08-19T04:31:52Z" hostname="5bf0934e461a" tests="2" skipped="0" failures="0" errors="0" time="0.374">
    <testcase time="0.374000000000002" classname="character(0)" name="options_cards.round_type_"/>
    <testcase time="0" classname="character(0)" name="options_cards.round_type_"/>
  </testsuite>
  <testsuite name="options" timestamp="2025-08-19T04:31:52Z" hostname="5bf0934e461a" tests="1" skipped="0" failures="0" errors="0" time="0.003">
    <testcase time="0.00300000000000011" classname="character(0)" name="options_cards.round_type_messaging"/>
  </testsuite>
  <testsuite name="print" timestamp="2025-08-19T04:31:53Z" hostname="5bf0934e461a" tests="5" skipped="0" failures="0" errors="0" time="0.682">
    <testcase time="0.679000000000002" classname="character(0)" name="print.card_works"/>
    <testcase time="0.000999999999997669" classname="character(0)" name="print.card_works"/>
    <testcase time="0.000999999999997669" classname="character(0)" name="print.card_works"/>
    <testcase time="0" classname="character(0)" name="print.card_works"/>
    <testcase time="0.00100000000000477" classname="character(0)" name="print.card_works"/>
  </testsuite>
  <testsuite name="print_ard_conditions" timestamp="2025-08-19T04:31:54Z" hostname="5bf0934e461a" tests="5" skipped="0" failures="0" errors="0" time="1.509">
    <testcase time="1.506" classname="character(0)" name="print_ard_conditions_works"/>
    <testcase time="0.000999999999997669" classname="character(0)" name="print_ard_conditions_works"/>
    <testcase time="0" classname="character(0)" name="print_ard_conditions_works"/>
    <testcase time="0.000999999999997669" classname="character(0)" name="print_ard_conditions_works"/>
    <testcase time="0.00100000000000477" classname="character(0)" name="print_ard_conditions_works"/>
  </testsuite>
  <testsuite name="print_ard_conditions" timestamp="2025-08-19T04:31:54Z" hostname="5bf0934e461a" tests="2" skipped="0" failures="0" errors="0" time="0.002">
    <testcase time="0.00199999999999534" classname="character(0)" name="print_ard_conditions_condition_type_"/>
    <testcase time="0" classname="character(0)" name="print_ard_conditions_condition_type_"/>
  </testsuite>
  <testsuite name="print_ard_conditions" timestamp="2025-08-19T04:31:54Z" hostname="5bf0934e461a" tests="1" skipped="0" failures="0" errors="0" time="0.002">
    <testcase time="0.00200000000000244" classname="character(0)" name="print_ard_conditions_no_error_when_error_warning_columns_not_present"/>
  </testsuite>
  <testsuite name="print_ard_conditions" timestamp="2025-08-19T04:31:55Z" hostname="5bf0934e461a" tests="1" skipped="0" failures="0" errors="0" time="0.005">
    <testcase time="0.00500000000000256" classname="character(0)" name="print_ard_conditions_no_error_when_factors_are_present"/>
  </testsuite>
  <testsuite name="print_ard_conditions" timestamp="2025-08-19T04:31:55Z" hostname="5bf0934e461a" tests="1" skipped="0" failures="0" errors="0" time="0.002">
    <testcase time="0.00199999999999534" classname="character(0)" name="print_ard_conditions_works_when_curly_brackets_appear_in_condition_message"/>
  </testsuite>
  <testsuite name="process_selectors" timestamp="2025-08-19T04:31:55Z" hostname="5bf0934e461a" tests="3" skipped="0" failures="0" errors="0" time="0.372">
    <testcase time="0.371000000000002" classname="character(0)" name="process_selectors_works"/>
    <testcase time="0.000999999999997669" classname="character(0)" name="process_selectors_works"/>
    <testcase time="0" classname="character(0)" name="process_selectors_works"/>
  </testsuite>
  <testsuite name="process_selectors" timestamp="2025-08-19T04:31:55Z" hostname="5bf0934e461a" tests="2" skipped="0" failures="0" errors="0" time="0.003">
    <testcase time="0.00200000000000244" classname="character(0)" name="process_formula_selectors_works"/>
    <testcase time="0.000999999999997669" classname="character(0)" name="process_formula_selectors_works"/>
  </testsuite>
  <testsuite name="process_selectors" timestamp="2025-08-19T04:31:55Z" hostname="5bf0934e461a" tests="2" skipped="0" failures="0" errors="0" time="0.003">
    <testcase time="0.00200000000000244" classname="character(0)" name="process_formula_selectors_error_messaging"/>
    <testcase time="0.000999999999997669" classname="character(0)" name="process_formula_selectors_error_messaging"/>
  </testsuite>
  <testsuite name="process_selectors" timestamp="2025-08-19T04:31:55Z" hostname="5bf0934e461a" tests="7" skipped="0" failures="0" errors="0" time="0.005">
    <testcase time="0.00200000000000244" classname="character(0)" name="compute_formula_selector_selects_the_last_assignment_when_multiple_appear"/>
    <testcase time="0" classname="character(0)" name="compute_formula_selector_selects_the_last_assignment_when_multiple_appear"/>
    <testcase time="0.000999999999997669" classname="character(0)" name="compute_formula_selector_selects_the_last_assignment_when_multiple_appear"/>
    <testcase time="0" classname="character(0)" name="compute_formula_selector_selects_the_last_assignment_when_multiple_appear"/>
    <testcase time="0.00100000000000477" classname="character(0)" name="compute_formula_selector_selects_the_last_assignment_when_multiple_appear"/>
    <testcase time="0" classname="character(0)" name="compute_formula_selector_selects_the_last_assignment_when_multiple_appear"/>
    <testcase time="0.000999999999997669" classname="character(0)" name="compute_formula_selector_selects_the_last_assignment_when_multiple_appear"/>
  </testsuite>
  <testsuite name="process_selectors" timestamp="2025-08-19T04:31:55Z" hostname="5bf0934e461a" tests="1" skipped="0" failures="0" errors="0" time="0.002">
    <testcase time="0.00199999999999534" classname="character(0)" name="cards_select_deprecation_error_with_vars_"/>
  </testsuite>
  <testsuite name="rename_ard_columns" timestamp="2025-08-19T04:31:56Z" hostname="5bf0934e461a" tests="3" skipped="0" failures="0" errors="0" time="0.712">
    <testcase time="0.710000000000001" classname="character(0)" name="rename_ard_columns_columns_"/>
    <testcase time="0.00100000000000477" classname="character(0)" name="rename_ard_columns_columns_"/>
    <testcase time="0.000999999999997669" classname="character(0)" name="rename_ard_columns_columns_"/>
  </testsuite>
  <testsuite name="rename_ard_columns" timestamp="2025-08-19T04:31:56Z" hostname="5bf0934e461a" tests="2" skipped="0" failures="0" errors="0" time="0.002">
    <testcase time="0.00200000000000244" classname="character(0)" name="rename_ard_columns_columns_messsaging"/>
    <testcase time="0" classname="character(0)" name="rename_ard_columns_columns_messsaging"/>
  </testsuite>
  <testsuite name="rename_ard_columns" timestamp="2025-08-19T04:31:56Z" hostname="5bf0934e461a" tests="1" skipped="0" failures="0" errors="0" time="0.005">
    <testcase time="0.00499999999999545" classname="character(0)" name="rename_ard_columns_unlist_lifecycle"/>
  </testsuite>
  <testsuite name="rename_ard_groups" timestamp="2025-08-19T04:31:57Z" hostname="5bf0934e461a" tests="2" skipped="0" failures="0" errors="0" time="1.395">
    <testcase time="1.39400000000001" classname="character(0)" name="rename_ard_groups_shift_"/>
    <testcase time="0.000999999999997669" classname="character(0)" name="rename_ard_groups_shift_"/>
  </testsuite>
  <testsuite name="rename_ard_groups" timestamp="2025-08-19T04:31:57Z" hostname="5bf0934e461a" tests="1" skipped="0" failures="0" errors="0" time="0.002">
    <testcase time="0.00200000000000244" classname="character(0)" name="rename_ard_groups_shift_messaging"/>
  </testsuite>
  <testsuite name="rename_ard_groups" timestamp="2025-08-19T04:31:57Z" hostname="5bf0934e461a" tests="2" skipped="0" failures="0" errors="0" time="0.003">
    <testcase time="0.00199999999999534" classname="character(0)" name="rename_ard_groups_reverse_"/>
    <testcase time="0.00100000000000477" classname="character(0)" name="rename_ard_groups_reverse_"/>
  </testsuite>
  <testsuite name="replace_null_statistic" timestamp="2025-08-19T04:31:57Z" hostname="5bf0934e461a" tests="2" skipped="0" failures="0" errors="0" time="0.091">
    <testcase time="0.0899999999999963" classname="character(0)" name="replace_null_statistic_works"/>
    <testcase time="0.000999999999997669" classname="character(0)" name="replace_null_statistic_works"/>
  </testsuite>
  <testsuite name="round5" timestamp="2025-08-19T04:31:57Z" hostname="5bf0934e461a" tests="3" skipped="0" failures="0" errors="0" time="0.168">
    <testcase time="0.167000000000002" classname="character(0)" name="round5_works"/>
    <testcase time="0.000999999999997669" classname="character(0)" name="round5_works"/>
    <testcase time="0" classname="character(0)" name="round5_works"/>
  </testsuite>
  <testsuite name="selectors" timestamp="2025-08-19T04:31:59Z" hostname="5bf0934e461a" tests="10" skipped="0" failures="0" errors="0" time="1.594">
    <testcase time="1.59" classname="character(0)" name="selectors_work"/>
    <testcase time="0" classname="character(0)" name="selectors_work"/>
    <testcase time="0.000999999999997669" classname="character(0)" name="selectors_work"/>
    <testcase time="0" classname="character(0)" name="selectors_work"/>
    <testcase time="0.00100000000000477" classname="character(0)" name="selectors_work"/>
    <testcase time="0" classname="character(0)" name="selectors_work"/>
    <testcase time="0" classname="character(0)" name="selectors_work"/>
    <testcase time="0.000999999999997669" classname="character(0)" name="selectors_work"/>
    <testcase time="0" classname="character(0)" name="selectors_work"/>
    <testcase time="0.00100000000000477" classname="character(0)" name="selectors_work"/>
  </testsuite>
  <testsuite name="ard_summary" timestamp="2025-08-19T04:32:00Z" hostname="5bf0934e461a" tests="4" skipped="0" failures="0" errors="0" time="1.418">
    <testcase time="1.415" classname="character(0)" name="ard_summary_works"/>
    <testcase time="0.000999999999997669" classname="character(0)" name="ard_summary_works"/>
    <testcase time="0.000999999999997669" classname="character(0)" name="ard_summary_works"/>
    <testcase time="0.00100000000000477" classname="character(0)" name="ard_summary_works"/>
  </testsuite>
  <testsuite name="ard_summary" timestamp="2025-08-19T04:32:00Z" hostname="5bf0934e461a" tests="3" skipped="0" failures="0" errors="0" time="0.005">
    <testcase time="0.00399999999999778" classname="character(0)" name="ard_summary_fmt_fun_argument_works"/>
    <testcase time="0" classname="character(0)" name="ard_summary_fmt_fun_argument_works"/>
    <testcase time="0.000999999999997669" classname="character(0)" name="ard_summary_fmt_fun_argument_works"/>
  </testsuite>
  <testsuite name="ard_summary" timestamp="2025-08-19T04:32:00Z" hostname="5bf0934e461a" tests="3" skipped="0" failures="0" errors="0" time="0.003">
    <testcase time="0.00200000000000244" classname="character(0)" name="ard_summary_messaging"/>
    <testcase time="0.000999999999997669" classname="character(0)" name="ard_summary_messaging"/>
    <testcase time="0" classname="character(0)" name="ard_summary_messaging"/>
  </testsuite>
  <testsuite name="ard_summary" timestamp="2025-08-19T04:32:00Z" hostname="5bf0934e461a" tests="5" skipped="0" failures="0" errors="0" time="0.005">
    <testcase time="0.00200000000000244" classname="character(0)" name="ard_summary_stat_label_argument_works"/>
    <testcase time="0.000999999999997669" classname="character(0)" name="ard_summary_stat_label_argument_works"/>
    <testcase time="0" classname="character(0)" name="ard_summary_stat_label_argument_works"/>
    <testcase time="0.00100000000000477" classname="character(0)" name="ard_summary_stat_label_argument_works"/>
    <testcase time="0.000999999999997669" classname="character(0)" name="ard_summary_stat_label_argument_works"/>
  </testsuite>
  <testsuite name="ard_summary" timestamp="2025-08-19T04:32:00Z" hostname="5bf0934e461a" tests="2" skipped="0" failures="0" errors="0" time="0.002">
    <testcase time="0.00200000000000244" classname="character(0)" name="ard_summary_and_ARD_column_names"/>
    <testcase time="0" classname="character(0)" name="ard_summary_and_ARD_column_names"/>
  </testsuite>
  <testsuite name="ard_summary" timestamp="2025-08-19T04:32:00Z" hostname="5bf0934e461a" tests="1" skipped="0" failures="0" errors="0" time="0.002">
    <testcase time="0.00199999999999534" classname="character(0)" name="ard_summary_with_grouped_data_works"/>
  </testsuite>
  <testsuite name="ard_summary" timestamp="2025-08-19T04:32:00Z" hostname="5bf0934e461a" tests="2" skipped="0" failures="0" errors="0" time="0.003">
    <testcase time="0.00200000000000244" classname="character(0)" name="ard_summary_with_dates_works_and_displays_as_expected"/>
    <testcase time="0.000999999999997669" classname="character(0)" name="ard_summary_with_dates_works_and_displays_as_expected"/>
  </testsuite>
  <testsuite name="ard_summary" timestamp="2025-08-19T04:32:00Z" hostname="5bf0934e461a" tests="1" skipped="0" failures="0" errors="0" time="0.002">
    <testcase time="0.00200000000000244" classname="character(0)" name="ard_summary_with_empty_missing_dates_works_and_preserves_Date_class"/>
  </testsuite>
  <testsuite name="ard_summary" timestamp="2025-08-19T04:32:00Z" hostname="5bf0934e461a" tests="3" skipped="0" failures="0" errors="0" time="0.003">
    <testcase time="0.00200000000000244" classname="character(0)" name="ard_summary_works_with_non_syntactic_names"/>
    <testcase time="0.000999999999997669" classname="character(0)" name="ard_summary_works_with_non_syntactic_names"/>
    <testcase time="0" classname="character(0)" name="ard_summary_works_with_non_syntactic_names"/>
  </testsuite>
  <testsuite name="ard_summary" timestamp="2025-08-19T04:32:00Z" hostname="5bf0934e461a" tests="19" skipped="0" failures="0" errors="0" time="0.014">
    <testcase time="0.00200000000000244" classname="character(0)" name="ard_summary_works_when_using_generic_names_"/>
    <testcase time="0.000999999999997669" classname="character(0)" name="ard_summary_works_when_using_generic_names_"/>
    <testcase time="0" classname="character(0)" name="ard_summary_works_when_using_generic_names_"/>
    <testcase time="0.000999999999997669" classname="character(0)" name="ard_summary_works_when_using_generic_names_"/>
    <testcase time="0" classname="character(0)" name="ard_summary_works_when_using_generic_names_"/>
    <testcase time="0.00100000000000477" classname="character(0)" name="ard_summary_works_when_using_generic_names_"/>
    <testcase time="0" classname="character(0)" name="ard_summary_works_when_using_generic_names_"/>
    <testcase time="0.000999999999997669" classname="character(0)" name="ard_summary_works_when_using_generic_names_"/>
    <testcase time="0" classname="character(0)" name="ard_summary_works_when_using_generic_names_"/>
    <testcase time="0" classname="character(0)" name="ard_summary_works_when_using_generic_names_"/>
    <testcase time="0.00100000000000477" classname="character(0)" name="ard_summary_works_when_using_generic_names_"/>
    <testcase time="0.00300000000000011" classname="character(0)" name="ard_summary_works_when_using_generic_names_"/>
    <testcase time="0" classname="character(0)" name="ard_summary_works_when_using_generic_names_"/>
    <testcase time="0.000999999999997669" classname="character(0)" name="ard_summary_works_when_using_generic_names_"/>
    <testcase time="0.000999999999997669" classname="character(0)" name="ard_summary_works_when_using_generic_names_"/>
    <testcase time="0" classname="character(0)" name="ard_summary_works_when_using_generic_names_"/>
    <testcase time="0.00100000000000477" classname="character(0)" name="ard_summary_works_when_using_generic_names_"/>
    <testcase time="0" classname="character(0)" name="ard_summary_works_when_using_generic_names_"/>
    <testcase time="0.000999999999997669" classname="character(0)" name="ard_summary_works_when_using_generic_names_"/>
  </testsuite>
  <testsuite name="ard_summary" timestamp="2025-08-19T04:32:00Z" hostname="5bf0934e461a" tests="1" skipped="0" failures="0" errors="0" time="0.002">
    <testcase time="0.00200000000000244" classname="character(0)" name="ard_summary_follows_ard_structure"/>
  </testsuite>
  <testsuite name="ard_summary" timestamp="2025-08-19T04:32:00Z" hostname="5bf0934e461a" tests="2" skipped="0" failures="0" errors="0" time="0.003">
    <testcase time="0.00199999999999534" classname="character(0)" name="ard_summary_errors_with_incomplete_factor_columns"/>
    <testcase time="0.00100000000000477" classname="character(0)" name="ard_summary_errors_with_incomplete_factor_columns"/>
  </testsuite>
  <testsuite name="ard_summary" timestamp="2025-08-19T04:32:00Z" hostname="5bf0934e461a" tests="2" skipped="0" failures="0" errors="0" time="0.002">
    <testcase time="0.00199999999999534" classname="character(0)" name="ard_summary_with_as_cards_fn_inputs"/>
    <testcase time="0" classname="character(0)" name="ard_summary_with_as_cards_fn_inputs"/>
  </testsuite>
  <testsuite name="shuffle_ard" timestamp="2025-08-19T04:32:06Z" hostname="5bf0934e461a" tests="7" skipped="0" failures="0" errors="0" time="5.374">
    <testcase time="5.37" classname="character(0)" name="shuffle_trim_works"/>
    <testcase time="0.00100000000000477" classname="character(0)" name="shuffle_trim_works"/>
    <testcase time="0" classname="character(0)" name="shuffle_trim_works"/>
    <testcase time="0.00100000000000477" classname="character(0)" name="shuffle_trim_works"/>
    <testcase time="0.000999999999990564" classname="character(0)" name="shuffle_trim_works"/>
    <testcase time="0" classname="character(0)" name="shuffle_trim_works"/>
    <testcase time="0.00100000000000477" classname="character(0)" name="shuffle_trim_works"/>
  </testsuite>
  <testsuite name="shuffle_ard" timestamp="2025-08-19T04:32:06Z" hostname="5bf0934e461a" tests="1" skipped="0" failures="0" errors="0" time="0.002">
    <testcase time="0.00199999999999534" classname="character(0)" name="shuffle_ard_handles_protected_names"/>
  </testsuite>
  <testsuite name="shuffle_ard" timestamp="2025-08-19T04:32:06Z" hostname="5bf0934e461a" tests="1" skipped="0" failures="0" errors="0" time="0.002">
    <testcase time="0.00200000000000955" classname="character(0)" name="shuffle_ard_notifies_user_about_warnings_errors_before_dropping"/>
  </testsuite>
  <testsuite name="shuffle_ard" timestamp="2025-08-19T04:32:06Z" hostname="5bf0934e461a" tests="5" skipped="0" failures="0" errors="0" time="0.004">
    <testcase time="0.00199999999999534" classname="character(0)" name="shuffle_ard_fills_missing_group_levels_if_the_group_is_meaningful"/>
    <testcase time="0.00100000000000477" classname="character(0)" name="shuffle_ard_fills_missing_group_levels_if_the_group_is_meaningful"/>
    <testcase time="0" classname="character(0)" name="shuffle_ard_fills_missing_group_levels_if_the_group_is_meaningful"/>
    <testcase time="0" classname="character(0)" name="shuffle_ard_fills_missing_group_levels_if_the_group_is_meaningful"/>
    <testcase time="0.00100000000000477" classname="character(0)" name="shuffle_ard_fills_missing_group_levels_if_the_group_is_meaningful"/>
  </testsuite>
  <testsuite name="shuffle_ard" timestamp="2025-08-19T04:32:06Z" hostname="5bf0934e461a" tests="1" skipped="0" failures="0" errors="0" time="0.002">
    <testcase time="0.00199999999999534" classname="character(0)" name="shuffle_ard_doesn_t_trim_off_NULL_NA_values"/>
  </testsuite>
  <testsuite name="shuffle_ard" timestamp="2025-08-19T04:32:06Z" hostname="5bf0934e461a" tests="2" skipped="0" failures="0" errors="0" time="0.002">
    <testcase time="0.00200000000000955" classname="character(0)" name="shuffle_ard_coerces_all_factor_groups_variables_to_character"/>
    <testcase time="0" classname="character(0)" name="shuffle_ard_coerces_all_factor_groups_variables_to_character"/>
  </testsuite>
  <testsuite name="shuffle_ard" timestamp="2025-08-19T04:32:06Z" hostname="5bf0934e461a" tests="1" skipped="0" failures="0" errors="0" time="0.003">
    <testcase time="0.00300000000000011" classname="character(0)" name="shuffle_ard_fills_missing_group_levels_if_the_group_is_meaningful_for_cardx_output"/>
  </testsuite>
  <testsuite name="shuffle_ard" timestamp="2025-08-19T04:32:06Z" hostname="5bf0934e461a" tests="4" skipped="0" failures="0" errors="0" time="0.004">
    <testcase time="0.00199999999999534" classname="character(0)" name="shuffle_ard_fills_grouping_columns_with_Overall_var_or_Any_var_"/>
    <testcase time="0" classname="character(0)" name="shuffle_ard_fills_grouping_columns_with_Overall_var_or_Any_var_"/>
    <testcase time="0.00100000000000477" classname="character(0)" name="shuffle_ard_fills_grouping_columns_with_Overall_var_or_Any_var_"/>
    <testcase time="0.000999999999990564" classname="character(0)" name="shuffle_ard_fills_grouping_columns_with_Overall_var_or_Any_var_"/>
  </testsuite>
  <testsuite name="shuffle_ard" timestamp="2025-08-19T04:32:06Z" hostname="5bf0934e461a" tests="4" skipped="0" failures="0" errors="0" time="0.003">
    <testcase time="0.00200000000000955" classname="character(0)" name="shuffle_ard_fills_with_multiple_by_columns"/>
    <testcase time="0" classname="character(0)" name="shuffle_ard_fills_with_multiple_by_columns"/>
    <testcase time="0.000999999999990564" classname="character(0)" name="shuffle_ard_fills_with_multiple_by_columns"/>
    <testcase time="0" classname="character(0)" name="shuffle_ard_fills_with_multiple_by_columns"/>
  </testsuite>
  <testsuite name="shuffle_ard" timestamp="2025-08-19T04:32:06Z" hostname="5bf0934e461a" tests="6" skipped="0" failures="0" errors="0" time="0.005">
    <testcase time="0.00300000000000011" classname="character(0)" name="shuffle_ard_messages_about_Overall_var_or_Any_var_"/>
    <testcase time="0" classname="character(0)" name="shuffle_ard_messages_about_Overall_var_or_Any_var_"/>
    <testcase time="0.00100000000000477" classname="character(0)" name="shuffle_ard_messages_about_Overall_var_or_Any_var_"/>
    <testcase time="0" classname="character(0)" name="shuffle_ard_messages_about_Overall_var_or_Any_var_"/>
    <testcase time="0.00100000000000477" classname="character(0)" name="shuffle_ard_messages_about_Overall_var_or_Any_var_"/>
    <testcase time="0" classname="character(0)" name="shuffle_ard_messages_about_Overall_var_or_Any_var_"/>
  </testsuite>
  <testsuite name="shuffle_ard" timestamp="2025-08-19T04:32:06Z" hostname="5bf0934e461a" tests="1" skipped="0" failures="0" errors="0" time="0.003">
    <testcase time="0.00300000000000011" classname="character(0)" name="shuffle_ard_preserves_the_attributes_of_a_card_object"/>
  </testsuite>
  <testsuite name="tidy_ard_column_order" timestamp="2025-08-19T04:32:06Z" hostname="5bf0934e461a" tests="1" skipped="0" failures="0" errors="0" time="0.128">
    <testcase time="0.128" classname="character(0)" name="tidy_ard_column_order_works"/>
  </testsuite>
  <testsuite name="tidy_ard_row_order" timestamp="2025-08-19T04:32:06Z" hostname="5bf0934e461a" tests="1" skipped="0" failures="0" errors="0" time="0.256">
    <testcase time="0.255999999999986" classname="character(0)" name="tidy_ard_row_order_works"/>
  </testsuite>
  <testsuite name="tidy_as_ard" timestamp="2025-08-19T04:32:06Z" hostname="5bf0934e461a" tests="4" skipped="0" failures="0" errors="0" time="0.359">
    <testcase time="0.357000000000014" classname="character(0)" name="tidy_as_ard_works"/>
    <testcase time="0.000999999999990564" classname="character(0)" name="tidy_as_ard_works"/>
    <testcase time="0" classname="character(0)" name="tidy_as_ard_works"/>
    <testcase time="0.00100000000000477" classname="character(0)" name="tidy_as_ard_works"/>
  </testsuite>
  <testsuite name="sort_ard_hierarchical" timestamp="2025-08-19T04:32:06Z" hostname="5bf0934e461a" tests="3" skipped="0" failures="0" errors="0" time="0.024">
    <testcase time="0.0219999999999914" classname="character(0)" name="sort_ard_hierarchical_works"/>
    <testcase time="0.00100000000000477" classname="character(0)" name="sort_ard_hierarchical_works"/>
    <testcase time="0.00100000000000477" classname="character(0)" name="sort_ard_hierarchical_works"/>
  </testsuite>
  <testsuite name="sort_ard_hierarchical" timestamp="2025-08-19T04:32:07Z" hostname="5bf0934e461a" tests="4" skipped="0" failures="0" errors="0" time="0.006">
    <testcase time="0.00300000000000011" classname="character(0)" name="sort_ard_hierarchical_sort_descending_works"/>
    <testcase time="0.000999999999990564" classname="character(0)" name="sort_ard_hierarchical_sort_descending_works"/>
    <testcase time="0.00100000000000477" classname="character(0)" name="sort_ard_hierarchical_sort_descending_works"/>
    <testcase time="0.00100000000000477" classname="character(0)" name="sort_ard_hierarchical_sort_descending_works"/>
  </testsuite>
  <testsuite name="sort_ard_hierarchical" timestamp="2025-08-19T04:32:07Z" hostname="5bf0934e461a" tests="4" skipped="0" failures="0" errors="0" time="0.006">
    <testcase time="0.00300000000000011" classname="character(0)" name="sort_ard_hierarchical_sort_alphanumeric_works"/>
    <testcase time="0.000999999999990564" classname="character(0)" name="sort_ard_hierarchical_sort_alphanumeric_works"/>
    <testcase time="0.00100000000000477" classname="character(0)" name="sort_ard_hierarchical_sort_alphanumeric_works"/>
    <testcase time="0.00100000000000477" classname="character(0)" name="sort_ard_hierarchical_sort_alphanumeric_works"/>
  </testsuite>
  <testsuite name="sort_ard_hierarchical" timestamp="2025-08-19T04:32:07Z" hostname="5bf0934e461a" tests="4" skipped="0" failures="0" errors="0" time="0.006">
    <testcase time="0.00399999999999068" classname="character(0)" name="sort_ard_hierarchical_sort_works_with_different_sorting_methods_for_each_variable"/>
    <testcase time="0.00100000000000477" classname="character(0)" name="sort_ard_hierarchical_sort_works_with_different_sorting_methods_for_each_variable"/>
    <testcase time="0.00100000000000477" classname="character(0)" name="sort_ard_hierarchical_sort_works_with_different_sorting_methods_for_each_variable"/>
    <testcase time="0" classname="character(0)" name="sort_ard_hierarchical_sort_works_with_different_sorting_methods_for_each_variable"/>
  </testsuite>
  <testsuite name="sort_ard_hierarchical" timestamp="2025-08-19T04:32:07Z" hostname="5bf0934e461a" tests="4" skipped="0" failures="0" errors="0" time="0.006">
    <testcase time="0.00300000000000011" classname="character(0)" name="sort_ard_hierarchical_works_when_there_is_no_overall_row_in_x"/>
    <testcase time="0.00100000000000477" classname="character(0)" name="sort_ard_hierarchical_works_when_there_is_no_overall_row_in_x"/>
    <testcase time="0.00100000000000477" classname="character(0)" name="sort_ard_hierarchical_works_when_there_is_no_overall_row_in_x"/>
    <testcase time="0.000999999999990564" classname="character(0)" name="sort_ard_hierarchical_works_when_there_is_no_overall_row_in_x"/>
  </testsuite>
  <testsuite name="sort_ard_hierarchical" timestamp="2025-08-19T04:32:07Z" hostname="5bf0934e461a" tests="5" skipped="0" failures="0" errors="0" time="0.007">
    <testcase time="0.00400000000000489" classname="character(0)" name="sort_ard_hierarchical_works_with_only_one_variable_in_x"/>
    <testcase time="0.00100000000000477" classname="character(0)" name="sort_ard_hierarchical_works_with_only_one_variable_in_x"/>
    <testcase time="0.000999999999990564" classname="character(0)" name="sort_ard_hierarchical_works_with_only_one_variable_in_x"/>
    <testcase time="0.00100000000000477" classname="character(0)" name="sort_ard_hierarchical_works_with_only_one_variable_in_x"/>
    <testcase time="0" classname="character(0)" name="sort_ard_hierarchical_works_with_only_one_variable_in_x"/>
  </testsuite>
  <testsuite name="sort_ard_hierarchical" timestamp="2025-08-19T04:32:07Z" hostname="5bf0934e461a" tests="1" skipped="0" failures="0" errors="0" time="0.002">
    <testcase time="0.00199999999999534" classname="character(0)" name="sort_ard_hierarchical_works_when_some_variables_not_included_in_x"/>
  </testsuite>
  <testsuite name="sort_ard_hierarchical" timestamp="2025-08-19T04:32:07Z" hostname="5bf0934e461a" tests="1" skipped="0" failures="0" errors="0" time="0.006">
    <testcase time="0.00600000000000023" classname="character(0)" name="sort_ard_hierarchical_works_when_sorting_using_p_instead_of_n"/>
  </testsuite>
  <testsuite name="sort_ard_hierarchical" timestamp="2025-08-19T04:32:07Z" hostname="5bf0934e461a" tests="3" skipped="0" failures="0" errors="0" time="0.003">
    <testcase time="0.00200000000000955" classname="character(0)" name="sort_ard_hierarchical_works_with_overall_data"/>
    <testcase time="0.000999999999990564" classname="character(0)" name="sort_ard_hierarchical_works_with_overall_data"/>
    <testcase time="0" classname="character(0)" name="sort_ard_hierarchical_works_with_overall_data"/>
  </testsuite>
  <testsuite name="sort_ard_hierarchical" timestamp="2025-08-19T04:32:07Z" hostname="5bf0934e461a" tests="3" skipped="0" failures="0" errors="0" time="0.003">
    <testcase time="0.00200000000000955" classname="character(0)" name="sort_ard_hierarchical_error_messaging_works"/>
    <testcase time="0.000999999999990564" classname="character(0)" name="sort_ard_hierarchical_error_messaging_works"/>
    <testcase time="0" classname="character(0)" name="sort_ard_hierarchical_error_messaging_works"/>
  </testsuite>
  <testsuite name="unlist_ard_columns" timestamp="2025-08-19T04:32:07Z" hostname="5bf0934e461a" tests="3" skipped="0" failures="0" errors="0" time="0.67">
    <testcase time="0.668000000000006" classname="character(0)" name="unlist_ard_columns_"/>
    <testcase time="0.00100000000000477" classname="character(0)" name="unlist_ard_columns_"/>
    <testcase time="0.000999999999990564" classname="character(0)" name="unlist_ard_columns_"/>
  </testsuite>
  <testsuite name="unlist_ard_columns" timestamp="2025-08-19T04:32:07Z" hostname="5bf0934e461a" tests="1" skipped="0" failures="0" errors="0" time="0.002">
    <testcase time="0.00200000000000955" classname="character(0)" name="unlist_ard_columns_messaging"/>
  </testsuite>
  <testsuite name="unlist_ard_columns" timestamp="2025-08-19T04:32:07Z" hostname="5bf0934e461a" tests="2" skipped="0" failures="0" errors="0" time="0.003">
    <testcase time="0.00199999999999534" classname="character(0)" name="unlist_ard_columns_fct_as_chr_"/>
    <testcase time="0.00100000000000477" classname="character(0)" name="unlist_ard_columns_fct_as_chr_"/>
  </testsuite>
  <testsuite name="update_ard" timestamp="2025-08-19T04:32:08Z" hostname="5bf0934e461a" tests="2" skipped="0" failures="0" errors="0" time="0.521">
    <testcase time="0.519999999999996" classname="character(0)" name="update_ard_fmt_fun_"/>
    <testcase time="0.000999999999990564" classname="character(0)" name="update_ard_fmt_fun_"/>
  </testsuite>
  <testsuite name="update_ard" timestamp="2025-08-19T04:32:08Z" hostname="5bf0934e461a" tests="1" skipped="0" failures="0" errors="0" time="0.002">
    <testcase time="0.00200000000000955" classname="character(0)" name="update_ard_fmt_fun_filter_"/>
  </testsuite>
  <testsuite name="update_ard" timestamp="2025-08-19T04:32:08Z" hostname="5bf0934e461a" tests="2" skipped="0" failures="0" errors="0" time="0.003">
    <testcase time="0.00199999999999534" classname="character(0)" name="update_ard_fmt_fun_filter_messaging"/>
    <testcase time="0.00100000000000477" classname="character(0)" name="update_ard_fmt_fun_filter_messaging"/>
  </testsuite>
  <testsuite name="update_ard" timestamp="2025-08-19T04:32:08Z" hostname="5bf0934e461a" tests="1" skipped="0" failures="0" errors="0" time="0.004">
    <testcase time="0.00399999999999068" classname="character(0)" name="update_ard_stat_label_"/>
  </testsuite>
  <testsuite name="update_ard" timestamp="2025-08-19T04:32:08Z" hostname="5bf0934e461a" tests="1" skipped="0" failures="0" errors="0" time="0.003">
    <testcase time="0.00300000000000011" classname="character(0)" name="update_ard_stat_label_filter_"/>
  </testsuite>
  <testsuite name="update_ard" timestamp="2025-08-19T04:32:08Z" hostname="5bf0934e461a" tests="2" skipped="0" failures="0" errors="0" time="0.002">
    <testcase time="0.00200000000000955" classname="character(0)" name="update_ard_stat_label_filter_messaging"/>
    <testcase time="0" classname="character(0)" name="update_ard_stat_label_filter_messaging"/>
  </testsuite>
</testsuites>
