<?xml version="1.0" encoding="UTF-8"?>
<testsuites>
  <testsuite name="add_calculated_row" timestamp="2025-08-13T17:55:09Z" hostname="bb3aa008acd7" tests="2" skipped="0" failures="0" errors="0" time="1.336">
    <testcase time="1.317" classname="character(0)" name="add_calculated_row_x_"/>
    <testcase time="0.0190000000000001" classname="character(0)" name="add_calculated_row_x_"/>
  </testsuite>
  <testsuite name="add_calculated_row" timestamp="2025-08-13T17:55:09Z" hostname="bb3aa008acd7" tests="1" skipped="0" failures="0" errors="0" time="0.007">
    <testcase time="0.00700000000000012" classname="character(0)" name="add_calculated_row_expr_messaging"/>
  </testsuite>
  <testsuite name="add_calculated_row" timestamp="2025-08-13T17:55:09Z" hostname="bb3aa008acd7" tests="1" skipped="0" failures="0" errors="0" time="0.01">
    <testcase time="0.00999999999999979" classname="character(0)" name="add_calculated_row_by_messaging"/>
  </testsuite>
  <testsuite name="apply_fmt_fun" timestamp="2025-08-13T17:55:09Z" hostname="bb3aa008acd7" tests="2" skipped="0" failures="0" errors="0" time="0.029">
    <testcase time="0.0289999999999999" classname="character(0)" name="apply_fmt_fun_works"/>
    <testcase time="0" classname="character(0)" name="apply_fmt_fun_works"/>
  </testsuite>
  <testsuite name="apply_fmt_fun" timestamp="2025-08-13T17:55:09Z" hostname="bb3aa008acd7" tests="1" skipped="0" failures="0" errors="0" time="0.002">
    <testcase time="0.00200000000000022" classname="character(0)" name="apply_fmt_fun_works_with_integer_specification"/>
  </testsuite>
  <testsuite name="apply_fmt_fun" timestamp="2025-08-13T17:55:09Z" hostname="bb3aa008acd7" tests="3" skipped="0" failures="0" errors="0" time="0.002">
    <testcase time="0.00099999999999989" classname="character(0)" name="apply_fmt_fun_works_with_xx_specification"/>
    <testcase time="0.00099999999999989" classname="character(0)" name="apply_fmt_fun_works_with_xx_specification"/>
    <testcase time="0" classname="character(0)" name="apply_fmt_fun_works_with_xx_specification"/>
  </testsuite>
  <testsuite name="apply_fmt_fun" timestamp="2025-08-13T17:55:09Z" hostname="bb3aa008acd7" tests="4" skipped="0" failures="0" errors="0" time="0.003">
    <testcase time="0.00200000000000022" classname="character(0)" name="apply_fmt_fun_error_messaging"/>
    <testcase time="0" classname="character(0)" name="apply_fmt_fun_error_messaging"/>
    <testcase time="0.00099999999999989" classname="character(0)" name="apply_fmt_fun_error_messaging"/>
    <testcase time="0" classname="character(0)" name="apply_fmt_fun_error_messaging"/>
  </testsuite>
  <testsuite name="apply_fmt_fun" timestamp="2025-08-13T17:55:09Z" hostname="bb3aa008acd7" tests="2" skipped="0" failures="0" errors="0" time="0.002">
    <testcase time="0.00200000000000022" classname="character(0)" name="apply_fmt_fun_replace_"/>
    <testcase time="0" classname="character(0)" name="apply_fmt_fun_replace_"/>
  </testsuite>
  <testsuite name="ard_attributes" timestamp="2025-08-13T17:55:09Z" hostname="bb3aa008acd7" tests="1" skipped="0" failures="0" errors="0" time="0.219">
    <testcase time="0.219" classname="character(0)" name="ard_attributes_works"/>
  </testsuite>
  <testsuite name="ard_attributes" timestamp="2025-08-13T17:55:09Z" hostname="bb3aa008acd7" tests="1" skipped="0" failures="0" errors="0" time="0.001">
    <testcase time="0.00099999999999989" classname="character(0)" name="ard_attributes_errors_when_there_is_no_dataframe"/>
  </testsuite>
  <testsuite name="ard_attributes" timestamp="2025-08-13T17:55:09Z" hostname="bb3aa008acd7" tests="1" skipped="0" failures="0" errors="0" time="0.002">
    <testcase time="0.00200000000000022" classname="character(0)" name="ard_attributes_follows_ard_structure"/>
  </testsuite>
  <testsuite name="ard_attributes" timestamp="2025-08-13T17:55:09Z" hostname="bb3aa008acd7" tests="1" skipped="0" failures="0" errors="0" time="0.002">
    <testcase time="0.00199999999999978" classname="character(0)" name="ard_attributes_requires_label_as_a_named_list"/>
  </testsuite>
  <testsuite name="ard_complex" timestamp="2025-08-13T17:55:10Z" hostname="bb3aa008acd7" tests="5" skipped="0" failures="0" errors="0" time="1.155">
    <testcase time="1.152" classname="character(0)" name="ard_complex_works"/>
    <testcase time="0.00099999999999989" classname="character(0)" name="ard_complex_works"/>
    <testcase time="0.00099999999999989" classname="character(0)" name="ard_complex_works"/>
    <testcase time="0" classname="character(0)" name="ard_complex_works"/>
    <testcase time="0.00100000000000033" classname="character(0)" name="ard_complex_works"/>
  </testsuite>
  <testsuite name="ard_complex" timestamp="2025-08-13T17:55:10Z" hostname="bb3aa008acd7" tests="1" skipped="0" failures="0" errors="0" time="0.001">
    <testcase time="0.00099999999999989" classname="character(0)" name="ard_complex_messaging"/>
  </testsuite>
  <testsuite name="ard_complex" timestamp="2025-08-13T17:55:10Z" hostname="bb3aa008acd7" tests="1" skipped="0" failures="0" errors="0" time="0.002">
    <testcase time="0.00199999999999978" classname="character(0)" name="ard_complex_with_grouped_data_works"/>
  </testsuite>
  <testsuite name="ard_complex" timestamp="2025-08-13T17:55:10Z" hostname="bb3aa008acd7" tests="1" skipped="0" failures="0" errors="0" time="0.001">
    <testcase time="0.00100000000000033" classname="character(0)" name="ard_complex_follows_ard_structure"/>
  </testsuite>
  <testsuite name="ard_complex" timestamp="2025-08-13T17:55:10Z" hostname="bb3aa008acd7" tests="2" skipped="0" failures="0" errors="0" time="0.002">
    <testcase time="0.00199999999999978" classname="character(0)" name="ard_complex_errors_with_incorrect_factor_columns"/>
    <testcase time="0" classname="character(0)" name="ard_complex_errors_with_incorrect_factor_columns"/>
  </testsuite>
  <testsuite name="ard_complex" timestamp="2025-08-13T17:55:11Z" hostname="bb3aa008acd7" tests="2" skipped="0" failures="0" errors="0" time="0.002">
    <testcase time="0.00200000000000022" classname="character(0)" name="ard_complex_with_as_cards_fn_inputs"/>
    <testcase time="0" classname="character(0)" name="ard_complex_with_as_cards_fn_inputs"/>
  </testsuite>
  <testsuite name="ard_categorical" timestamp="2025-08-13T17:55:22Z" hostname="bb3aa008acd7" tests="8" skipped="0" failures="0" errors="0" time="11.123">
    <testcase time="11.116" classname="character(0)" name="ard_categorical_univariate"/>
    <testcase time="0.000999999999999446" classname="character(0)" name="ard_categorical_univariate"/>
    <testcase time="0.00100000000000122" classname="character(0)" name="ard_categorical_univariate"/>
    <testcase time="0.000999999999999446" classname="character(0)" name="ard_categorical_univariate"/>
    <testcase time="0.000999999999999446" classname="character(0)" name="ard_categorical_univariate"/>
    <testcase time="0.00100000000000122" classname="character(0)" name="ard_categorical_univariate"/>
    <testcase time="0.000999999999999446" classname="character(0)" name="ard_categorical_univariate"/>
    <testcase time="0.000999999999999446" classname="character(0)" name="ard_categorical_univariate"/>
  </testsuite>
  <testsuite name="ard_categorical" timestamp="2025-08-13T17:55:22Z" hostname="bb3aa008acd7" tests="5" skipped="0" failures="0" errors="0" time="0.005">
    <testcase time="0.00300000000000011" classname="character(0)" name="ard_categorical_univariate_specified_denomiator"/>
    <testcase time="0.000999999999999446" classname="character(0)" name="ard_categorical_univariate_specified_denomiator"/>
    <testcase time="0.00100000000000122" classname="character(0)" name="ard_categorical_univariate_specified_denomiator"/>
    <testcase time="0" classname="character(0)" name="ard_categorical_univariate_specified_denomiator"/>
    <testcase time="0" classname="character(0)" name="ard_categorical_univariate_specified_denomiator"/>
  </testsuite>
  <testsuite name="ard_categorical" timestamp="2025-08-13T17:55:22Z" hostname="bb3aa008acd7" tests="2" skipped="0" failures="0" errors="0" time="0.003">
    <testcase time="0.00200000000000067" classname="character(0)" name="ard_categorical_fmt_fun_argument_works"/>
    <testcase time="0.000999999999999446" classname="character(0)" name="ard_categorical_fmt_fun_argument_works"/>
  </testsuite>
  <testsuite name="ard_categorical" timestamp="2025-08-13T17:55:22Z" hostname="bb3aa008acd7" tests="8" skipped="0" failures="0" errors="0" time="0.006">
    <testcase time="0.00200000000000067" classname="character(0)" name="ard_categorical_with_strata_and_by_arguments"/>
    <testcase time="0.000999999999999446" classname="character(0)" name="ard_categorical_with_strata_and_by_arguments"/>
    <testcase time="0.00100000000000122" classname="character(0)" name="ard_categorical_with_strata_and_by_arguments"/>
    <testcase time="0" classname="character(0)" name="ard_categorical_with_strata_and_by_arguments"/>
    <testcase time="0.000999999999999446" classname="character(0)" name="ard_categorical_with_strata_and_by_arguments"/>
    <testcase time="0" classname="character(0)" name="ard_categorical_with_strata_and_by_arguments"/>
    <testcase time="0.000999999999999446" classname="character(0)" name="ard_categorical_with_strata_and_by_arguments"/>
    <testcase time="0" classname="character(0)" name="ard_categorical_with_strata_and_by_arguments"/>
  </testsuite>
  <testsuite name="ard_categorical" timestamp="2025-08-13T17:55:22Z" hostname="bb3aa008acd7" tests="3" skipped="0" failures="0" errors="0" time="0.003">
    <testcase time="0.00200000000000067" classname="character(0)" name="ard_categorical_stat_label_argument_works"/>
    <testcase time="0" classname="character(0)" name="ard_categorical_stat_label_argument_works"/>
    <testcase time="0.000999999999999446" classname="character(0)" name="ard_categorical_stat_label_argument_works"/>
  </testsuite>
  <testsuite name="ard_categorical" timestamp="2025-08-13T17:55:22Z" hostname="bb3aa008acd7" tests="5" skipped="0" failures="0" errors="0" time="0.004">
    <testcase time="0.000999999999999446" classname="character(0)" name="ard_categorical_denominator_cell_works"/>
    <testcase time="0.00100000000000122" classname="character(0)" name="ard_categorical_denominator_cell_works"/>
    <testcase time="0.000999999999999446" classname="character(0)" name="ard_categorical_denominator_cell_works"/>
    <testcase time="0" classname="character(0)" name="ard_categorical_denominator_cell_works"/>
    <testcase time="0.000999999999999446" classname="character(0)" name="ard_categorical_denominator_cell_works"/>
  </testsuite>
  <testsuite name="ard_categorical" timestamp="2025-08-13T17:55:22Z" hostname="bb3aa008acd7" tests="9" skipped="0" failures="0" errors="0" time="0.005">
    <testcase time="0.00100000000000122" classname="character(0)" name="ard_categorical_denominator_row_works"/>
    <testcase time="0.000999999999999446" classname="character(0)" name="ard_categorical_denominator_row_works"/>
    <testcase time="0" classname="character(0)" name="ard_categorical_denominator_row_works"/>
    <testcase time="0.000999999999999446" classname="character(0)" name="ard_categorical_denominator_row_works"/>
    <testcase time="0" classname="character(0)" name="ard_categorical_denominator_row_works"/>
    <testcase time="0.00100000000000122" classname="character(0)" name="ard_categorical_denominator_row_works"/>
    <testcase time="0" classname="character(0)" name="ard_categorical_denominator_row_works"/>
    <testcase time="0" classname="character(0)" name="ard_categorical_denominator_row_works"/>
    <testcase time="0.000999999999999446" classname="character(0)" name="ard_categorical_denominator_row_works"/>
  </testsuite>
  <testsuite name="ard_categorical" timestamp="2025-08-13T17:55:22Z" hostname="bb3aa008acd7" tests="5" skipped="0" failures="0" errors="0" time="0.003">
    <testcase time="0.00100000000000122" classname="character(0)" name="ard_categorical_denominator_column_works"/>
    <testcase time="0.000999999999999446" classname="character(0)" name="ard_categorical_denominator_column_works"/>
    <testcase time="0" classname="character(0)" name="ard_categorical_denominator_column_works"/>
    <testcase time="0.000999999999999446" classname="character(0)" name="ard_categorical_denominator_column_works"/>
    <testcase time="0" classname="character(0)" name="ard_categorical_denominator_column_works"/>
  </testsuite>
  <testsuite name="ard_categorical" timestamp="2025-08-13T17:55:22Z" hostname="bb3aa008acd7" tests="1" skipped="0" failures="0" errors="0" time="0.002">
    <testcase time="0.00200000000000067" classname="character(0)" name="ard_categorical_denominator_integer_works"/>
  </testsuite>
  <testsuite name="ard_categorical" timestamp="2025-08-13T17:55:22Z" hostname="bb3aa008acd7" tests="3" skipped="0" failures="0" errors="0" time="0.002">
    <testcase time="0.000999999999999446" classname="character(0)" name="ard_categorical_denominator_data_frame_with_counts_works"/>
    <testcase time="0.000999999999999446" classname="character(0)" name="ard_categorical_denominator_data_frame_with_counts_works"/>
    <testcase time="0" classname="character(0)" name="ard_categorical_denominator_data_frame_with_counts_works"/>
  </testsuite>
  <testsuite name="ard_categorical" timestamp="2025-08-13T17:55:22Z" hostname="bb3aa008acd7" tests="2" skipped="0" failures="0" errors="0" time="0.002">
    <testcase time="0.00200000000000067" classname="character(0)" name="ard_categorical_denominator_data_frame_without_counts_works"/>
    <testcase time="0" classname="character(0)" name="ard_categorical_denominator_data_frame_without_counts_works"/>
  </testsuite>
  <testsuite name="ard_categorical" timestamp="2025-08-13T17:55:22Z" hostname="bb3aa008acd7" tests="2" skipped="0" failures="0" errors="0" time="0.002">
    <testcase time="0.00200000000000067" classname="character(0)" name="ard_categorical_and_ARD_column_names"/>
    <testcase time="0" classname="character(0)" name="ard_categorical_and_ARD_column_names"/>
  </testsuite>
  <testsuite name="ard_categorical" timestamp="2025-08-13T17:55:22Z" hostname="bb3aa008acd7" tests="1" skipped="0" failures="0" errors="0" time="0.002">
    <testcase time="0.00199999999999889" classname="character(0)" name="ard_categorical_with_grouped_data_works"/>
  </testsuite>
  <testsuite name="ard_categorical" timestamp="2025-08-13T17:55:22Z" hostname="bb3aa008acd7" tests="1" skipped="0" failures="0" errors="0" time="0.001">
    <testcase time="0.00100000000000122" classname="character(0)" name="ard_categorical_and_all_NA_columns"/>
  </testsuite>
  <testsuite name="ard_categorical" timestamp="2025-08-13T17:55:22Z" hostname="bb3aa008acd7" tests="4" skipped="0" failures="0" errors="0" time="0.003">
    <testcase time="0.00199999999999889" classname="character(0)" name="ard_categorical_can_handle_non_syntactic_column_names"/>
    <testcase time="0" classname="character(0)" name="ard_categorical_can_handle_non_syntactic_column_names"/>
    <testcase time="0.00100000000000122" classname="character(0)" name="ard_categorical_can_handle_non_syntactic_column_names"/>
    <testcase time="0" classname="character(0)" name="ard_categorical_can_handle_non_syntactic_column_names"/>
  </testsuite>
  <testsuite name="ard_categorical" timestamp="2025-08-13T17:55:22Z" hostname="bb3aa008acd7" tests="1" skipped="0" failures="0" errors="0" time="0.002">
    <testcase time="0.00199999999999889" classname="character(0)" name="ard_categorical_strata_returns_results_in_proper_order"/>
  </testsuite>
  <testsuite name="ard_categorical" timestamp="2025-08-13T17:55:22Z" hostname="bb3aa008acd7" tests="2" skipped="0" failures="0" errors="0" time="0.002">
    <testcase time="0.000999999999999446" classname="character(0)" name="ard_categorical_by_messages_about_protected_names"/>
    <testcase time="0.00100000000000122" classname="character(0)" name="ard_categorical_by_messages_about_protected_names"/>
  </testsuite>
  <testsuite name="ard_categorical" timestamp="2025-08-13T17:55:22Z" hostname="bb3aa008acd7" tests="15" skipped="0" failures="0" errors="0" time="0.011">
    <testcase time="0.00399999999999956" classname="character(0)" name="ard_categorical_works_when_using_generic_names_"/>
    <testcase time="0" classname="character(0)" name="ard_categorical_works_when_using_generic_names_"/>
    <testcase time="0.000999999999999446" classname="character(0)" name="ard_categorical_works_when_using_generic_names_"/>
    <testcase time="0" classname="character(0)" name="ard_categorical_works_when_using_generic_names_"/>
    <testcase time="0.00100000000000122" classname="character(0)" name="ard_categorical_works_when_using_generic_names_"/>
    <testcase time="0" classname="character(0)" name="ard_categorical_works_when_using_generic_names_"/>
    <testcase time="0.000999999999999446" classname="character(0)" name="ard_categorical_works_when_using_generic_names_"/>
    <testcase time="0.000999999999999446" classname="character(0)" name="ard_categorical_works_when_using_generic_names_"/>
    <testcase time="0" classname="character(0)" name="ard_categorical_works_when_using_generic_names_"/>
    <testcase time="0.00100000000000122" classname="character(0)" name="ard_categorical_works_when_using_generic_names_"/>
    <testcase time="0" classname="character(0)" name="ard_categorical_works_when_using_generic_names_"/>
    <testcase time="0.000999999999999446" classname="character(0)" name="ard_categorical_works_when_using_generic_names_"/>
    <testcase time="0" classname="character(0)" name="ard_categorical_works_when_using_generic_names_"/>
    <testcase time="0.000999999999999446" classname="character(0)" name="ard_categorical_works_when_using_generic_names_"/>
    <testcase time="0" classname="character(0)" name="ard_categorical_works_when_using_generic_names_"/>
  </testsuite>
  <testsuite name="ard_categorical" timestamp="2025-08-13T17:55:22Z" hostname="bb3aa008acd7" tests="2" skipped="0" failures="0" errors="0" time="0.002">
    <testcase time="0.00200000000000067" classname="character(0)" name="ard_categorical_by_messages_about_protected_names"/>
    <testcase time="0" classname="character(0)" name="ard_categorical_by_messages_about_protected_names"/>
  </testsuite>
  <testsuite name="ard_categorical" timestamp="2025-08-13T17:55:22Z" hostname="bb3aa008acd7" tests="1" skipped="0" failures="0" errors="0" time="0.002">
    <testcase time="0.00199999999999889" classname="character(0)" name="ard_categorical_follows_ard_structure"/>
  </testsuite>
  <testsuite name="ard_categorical" timestamp="2025-08-13T17:55:22Z" hostname="bb3aa008acd7" tests="2" skipped="0" failures="0" errors="0" time="0.002">
    <testcase time="0.00200000000000067" classname="character(0)" name="ard_categorical_with_hms_times"/>
    <testcase time="0" classname="character(0)" name="ard_categorical_with_hms_times"/>
  </testsuite>
  <testsuite name="ard_categorical" timestamp="2025-08-13T17:55:22Z" hostname="bb3aa008acd7" tests="2" skipped="0" failures="0" errors="0" time="0.002">
    <testcase time="0.00200000000000067" classname="character(0)" name="ard_categorical_errors_with_incomplete_factor_columns"/>
    <testcase time="0" classname="character(0)" name="ard_categorical_errors_with_incomplete_factor_columns"/>
  </testsuite>
  <testsuite name="ard_categorical" timestamp="2025-08-13T17:55:22Z" hostname="bb3aa008acd7" tests="13" skipped="0" failures="0" errors="0" time="0.008">
    <testcase time="0.00199999999999889" classname="character(0)" name="ard_categorical_denominator_column_with_cumulative_counts"/>
    <testcase time="0" classname="character(0)" name="ard_categorical_denominator_column_with_cumulative_counts"/>
    <testcase time="0.00100000000000122" classname="character(0)" name="ard_categorical_denominator_column_with_cumulative_counts"/>
    <testcase time="0" classname="character(0)" name="ard_categorical_denominator_column_with_cumulative_counts"/>
    <testcase time="0.000999999999999446" classname="character(0)" name="ard_categorical_denominator_column_with_cumulative_counts"/>
    <testcase time="0" classname="character(0)" name="ard_categorical_denominator_column_with_cumulative_counts"/>
    <testcase time="0.000999999999999446" classname="character(0)" name="ard_categorical_denominator_column_with_cumulative_counts"/>
    <testcase time="0" classname="character(0)" name="ard_categorical_denominator_column_with_cumulative_counts"/>
    <testcase time="0.00100000000000122" classname="character(0)" name="ard_categorical_denominator_column_with_cumulative_counts"/>
    <testcase time="0.000999999999999446" classname="character(0)" name="ard_categorical_denominator_column_with_cumulative_counts"/>
    <testcase time="0" classname="character(0)" name="ard_categorical_denominator_column_with_cumulative_counts"/>
    <testcase time="0.000999999999999446" classname="character(0)" name="ard_categorical_denominator_column_with_cumulative_counts"/>
    <testcase time="0" classname="character(0)" name="ard_categorical_denominator_column_with_cumulative_counts"/>
  </testsuite>
  <testsuite name="ard_categorical" timestamp="2025-08-13T17:55:22Z" hostname="bb3aa008acd7" tests="6" skipped="0" failures="0" errors="0" time="0.004">
    <testcase time="0.00200000000000067" classname="character(0)" name="ard_categorical_denominator_row_with_cumulative_counts"/>
    <testcase time="0" classname="character(0)" name="ard_categorical_denominator_row_with_cumulative_counts"/>
    <testcase time="0.000999999999999446" classname="character(0)" name="ard_categorical_denominator_row_with_cumulative_counts"/>
    <testcase time="0" classname="character(0)" name="ard_categorical_denominator_row_with_cumulative_counts"/>
    <testcase time="0.000999999999999446" classname="character(0)" name="ard_categorical_denominator_row_with_cumulative_counts"/>
    <testcase time="0" classname="character(0)" name="ard_categorical_denominator_row_with_cumulative_counts"/>
  </testsuite>
  <testsuite name="ard_categorical" timestamp="2025-08-13T17:55:22Z" hostname="bb3aa008acd7" tests="1" skipped="0" failures="0" errors="0" time="0.001">
    <testcase time="0.000999999999999446" classname="character(0)" name="ard_categorical_with_cumulative_counts_messaging"/>
  </testsuite>
  <testsuite name="ard_categorical" timestamp="2025-08-13T17:55:22Z" hostname="bb3aa008acd7" tests="1" skipped="0" failures="0" errors="0" time="0.002">
    <testcase time="0.00200000000000067" classname="character(0)" name="ard_categorical_ordering_for_multiple_strata"/>
  </testsuite>
  <testsuite name="ard_dichotomous" timestamp="2025-08-13T17:55:23Z" hostname="bb3aa008acd7" tests="6" skipped="0" failures="0" errors="0" time="1.147">
    <testcase time="1.144" classname="character(0)" name="ard_dichotomous_works"/>
    <testcase time="0.000999999999999446" classname="character(0)" name="ard_dichotomous_works"/>
    <testcase time="0" classname="character(0)" name="ard_dichotomous_works"/>
    <testcase time="0.000999999999999446" classname="character(0)" name="ard_dichotomous_works"/>
    <testcase time="0" classname="character(0)" name="ard_dichotomous_works"/>
    <testcase time="0.00100000000000122" classname="character(0)" name="ard_dichotomous_works"/>
  </testsuite>
  <testsuite name="ard_dichotomous" timestamp="2025-08-13T17:55:23Z" hostname="bb3aa008acd7" tests="3" skipped="0" failures="0" errors="0" time="0.003">
    <testcase time="0.00199999999999889" classname="character(0)" name="ard_dichotomous_errors_are_correct"/>
    <testcase time="0" classname="character(0)" name="ard_dichotomous_errors_are_correct"/>
    <testcase time="0.00100000000000122" classname="character(0)" name="ard_dichotomous_errors_are_correct"/>
  </testsuite>
  <testsuite name="ard_dichotomous" timestamp="2025-08-13T17:55:23Z" hostname="bb3aa008acd7" tests="1" skipped="0" failures="0" errors="0" time="0.003">
    <testcase time="0.00299999999999834" classname="character(0)" name="ard_dichotomous_with_grouped_data_works"/>
  </testsuite>
  <testsuite name="ard_dichotomous" timestamp="2025-08-13T17:55:23Z" hostname="bb3aa008acd7" tests="1" skipped="0" failures="0" errors="0" time="0.002">
    <testcase time="0.00200000000000067" classname="character(0)" name="ard_dichotomous_follows_ard_structure"/>
  </testsuite>
  <testsuite name="ard_dichotomous" timestamp="2025-08-13T17:55:23Z" hostname="bb3aa008acd7" tests="2" skipped="0" failures="0" errors="0" time="0.002">
    <testcase time="0.00200000000000067" classname="character(0)" name="ard_dichotomous_errors_with_incomplete_factor_columns"/>
    <testcase time="0" classname="character(0)" name="ard_dichotomous_errors_with_incomplete_factor_columns"/>
  </testsuite>
  <testsuite name="ard_formals" timestamp="2025-08-13T17:55:23Z" hostname="bb3aa008acd7" tests="2" skipped="0" failures="0" errors="0" time="0.124">
    <testcase time="0.122999999999999" classname="character(0)" name="ard_formals_works"/>
    <testcase time="0.000999999999999446" classname="character(0)" name="ard_formals_works"/>
  </testsuite>
  <testsuite name="ard_hierarchical" timestamp="2025-08-13T17:55:33Z" hostname="bb3aa008acd7" tests="3" skipped="0" failures="0" errors="0" time="9.888">
    <testcase time="9.886" classname="character(0)" name="ard_hierarchical_works_without_by_variables"/>
    <testcase time="0.00100000000000122" classname="character(0)" name="ard_hierarchical_works_without_by_variables"/>
    <testcase time="0.000999999999997669" classname="character(0)" name="ard_hierarchical_works_without_by_variables"/>
  </testsuite>
  <testsuite name="ard_hierarchical" timestamp="2025-08-13T17:55:33Z" hostname="bb3aa008acd7" tests="2" skipped="0" failures="0" errors="0" time="0.002">
    <testcase time="0.00100000000000122" classname="character(0)" name="ard_hierarchical_works_with_by_variable"/>
    <testcase time="0.00100000000000122" classname="character(0)" name="ard_hierarchical_works_with_by_variable"/>
  </testsuite>
  <testsuite name="ard_hierarchical" timestamp="2025-08-13T17:55:33Z" hostname="bb3aa008acd7" tests="2" skipped="0" failures="0" errors="0" time="0.002">
    <testcase time="0.000999999999997669" classname="character(0)" name="ard_hierarchical_works_with_by_variable_not_present_in_denominator_"/>
    <testcase time="0.00100000000000122" classname="character(0)" name="ard_hierarchical_works_with_by_variable_not_present_in_denominator_"/>
  </testsuite>
  <testsuite name="ard_hierarchical" timestamp="2025-08-13T17:55:33Z" hostname="bb3aa008acd7" tests="1" skipped="0" failures="0" errors="0" time="0.002">
    <testcase time="0.00199999999999889" classname="character(0)" name="ard_hierarchical_works_without_any_variables"/>
  </testsuite>
  <testsuite name="ard_hierarchical" timestamp="2025-08-13T17:55:33Z" hostname="bb3aa008acd7" tests="2" skipped="0" failures="0" errors="0" time="0.004">
    <testcase time="0.00300000000000011" classname="character(0)" name="ard_hierarchical_id_argument_works"/>
    <testcase time="0.00100000000000122" classname="character(0)" name="ard_hierarchical_id_argument_works"/>
  </testsuite>
  <testsuite name="ard_hierarchical" timestamp="2025-08-13T17:55:33Z" hostname="bb3aa008acd7" tests="4" skipped="0" failures="0" errors="0" time="0.003">
    <testcase time="0.00199999999999889" classname="character(0)" name="ard_hierarchical_count_works_without_by_variables"/>
    <testcase time="0" classname="character(0)" name="ard_hierarchical_count_works_without_by_variables"/>
    <testcase time="0.00100000000000122" classname="character(0)" name="ard_hierarchical_count_works_without_by_variables"/>
    <testcase time="0" classname="character(0)" name="ard_hierarchical_count_works_without_by_variables"/>
  </testsuite>
  <testsuite name="ard_hierarchical" timestamp="2025-08-13T17:55:33Z" hostname="bb3aa008acd7" tests="2" skipped="0" failures="0" errors="0" time="0.002">
    <testcase time="0.00199999999999889" classname="character(0)" name="ard_hierarchical_count_works_with_by_variable"/>
    <testcase time="0" classname="character(0)" name="ard_hierarchical_count_works_with_by_variable"/>
  </testsuite>
  <testsuite name="ard_hierarchical" timestamp="2025-08-13T17:55:33Z" hostname="bb3aa008acd7" tests="2" skipped="0" failures="0" errors="0" time="0.003">
    <testcase time="0.00199999999999889" classname="character(0)" name="ard_hierarchical_count_works_with_by_variable_not_present_in_denominator_"/>
    <testcase time="0.00100000000000122" classname="character(0)" name="ard_hierarchical_count_works_with_by_variable_not_present_in_denominator_"/>
  </testsuite>
  <testsuite name="ard_hierarchical" timestamp="2025-08-13T17:55:33Z" hostname="bb3aa008acd7" tests="1" skipped="0" failures="0" errors="0" time="0.001">
    <testcase time="0.00100000000000122" classname="character(0)" name="ard_hierarchical_count_works_without_any_variables"/>
  </testsuite>
  <testsuite name="ard_hierarchical" timestamp="2025-08-13T17:55:33Z" hostname="bb3aa008acd7" tests="2" skipped="0" failures="0" errors="0" time="0.002">
    <testcase time="0.00199999999999889" classname="character(0)" name="ard_hierarchical_and_ard_hierarchical_count_with_grouped_data_works"/>
    <testcase time="0" classname="character(0)" name="ard_hierarchical_and_ard_hierarchical_count_with_grouped_data_works"/>
  </testsuite>
  <testsuite name="ard_hierarchical" timestamp="2025-08-13T17:55:33Z" hostname="bb3aa008acd7" tests="1" skipped="0" failures="0" errors="0" time="0.002">
    <testcase time="0.00199999999999889" classname="character(0)" name="ard_hierarchical_follows_ard_structure"/>
  </testsuite>
  <testsuite name="ard_hierarchical" timestamp="2025-08-13T17:55:33Z" hostname="bb3aa008acd7" tests="2" skipped="0" failures="0" errors="0" time="0.001">
    <testcase time="0.00100000000000122" classname="character(0)" name="ard_hierarchical_errors_with_incomplete_factor_columns"/>
    <testcase time="0" classname="character(0)" name="ard_hierarchical_errors_with_incomplete_factor_columns"/>
  </testsuite>
  <testsuite name="ard_hierarchical" timestamp="2025-08-13T17:55:33Z" hostname="bb3aa008acd7" tests="2" skipped="0" failures="0" errors="0" time="0.002">
    <testcase time="0.00199999999999889" classname="character(0)" name="ard_hierarchical_count_errors_with_incomplete_factor_columns"/>
    <testcase time="0" classname="character(0)" name="ard_hierarchical_count_errors_with_incomplete_factor_columns"/>
  </testsuite>
  <testsuite name="ard_hierarchical" timestamp="2025-08-13T17:55:33Z" hostname="bb3aa008acd7" tests="3" skipped="0" failures="0" errors="0" time="0.003">
    <testcase time="0.00199999999999889" classname="character(0)" name="ard_hierarchical_count_provides_correct_results_with_10_groups"/>
    <testcase time="0" classname="character(0)" name="ard_hierarchical_count_provides_correct_results_with_10_groups"/>
    <testcase time="0.00100000000000122" classname="character(0)" name="ard_hierarchical_count_provides_correct_results_with_10_groups"/>
  </testsuite>
  <testsuite name="ard_identity" timestamp="2025-08-13T17:55:33Z" hostname="bb3aa008acd7" tests="3" skipped="0" failures="0" errors="0" time="0.193">
    <testcase time="0.192" classname="character(0)" name="ard_identity_works"/>
    <testcase time="0" classname="character(0)" name="ard_identity_works"/>
    <testcase time="0.00100000000000122" classname="character(0)" name="ard_identity_works"/>
  </testsuite>
  <testsuite name="ard_identity" timestamp="2025-08-13T17:55:33Z" hostname="bb3aa008acd7" tests="1" skipped="0" failures="0" errors="0" time="0.002">
    <testcase time="0.00199999999999889" classname="character(0)" name="ard_identity_messaging"/>
  </testsuite>
  <testsuite name="ard_missing" timestamp="2025-08-13T17:55:34Z" hostname="bb3aa008acd7" tests="3" skipped="0" failures="0" errors="0" time="0.702">
    <testcase time="0.701000000000001" classname="character(0)" name="ard_missing_works"/>
    <testcase time="0" classname="character(0)" name="ard_missing_works"/>
    <testcase time="0.000999999999997669" classname="character(0)" name="ard_missing_works"/>
  </testsuite>
  <testsuite name="ard_missing" timestamp="2025-08-13T17:55:34Z" hostname="bb3aa008acd7" tests="3" skipped="0" failures="0" errors="0" time="0.003">
    <testcase time="0.00200000000000244" classname="character(0)" name="ard_missing_stat_label_argument_works"/>
    <testcase time="0" classname="character(0)" name="ard_missing_stat_label_argument_works"/>
    <testcase time="0.000999999999997669" classname="character(0)" name="ard_missing_stat_label_argument_works"/>
  </testsuite>
  <testsuite name="ard_missing" timestamp="2025-08-13T17:55:34Z" hostname="bb3aa008acd7" tests="1" skipped="0" failures="0" errors="0" time="0.001">
    <testcase time="0.00100000000000122" classname="character(0)" name="ard_missing_with_grouped_data_works"/>
  </testsuite>
  <testsuite name="ard_missing" timestamp="2025-08-13T17:55:34Z" hostname="bb3aa008acd7" tests="1" skipped="0" failures="0" errors="0" time="0.004">
    <testcase time="0.00400000000000134" classname="character(0)" name="ard_missing_follows_ard_structure"/>
  </testsuite>
  <testsuite name="ard_pairwise" timestamp="2025-08-13T17:55:35Z" hostname="bb3aa008acd7" tests="4" skipped="0" failures="0" errors="0" time="0.69">
    <testcase time="0.687999999999999" classname="character(0)" name="ard_pairwise_works"/>
    <testcase time="0.00100000000000122" classname="character(0)" name="ard_pairwise_works"/>
    <testcase time="0" classname="character(0)" name="ard_pairwise_works"/>
    <testcase time="0.000999999999997669" classname="character(0)" name="ard_pairwise_works"/>
  </testsuite>
  <testsuite name="ard_pairwise" timestamp="2025-08-13T17:55:35Z" hostname="bb3aa008acd7" tests="4" skipped="0" failures="0" errors="0" time="0.003">
    <testcase time="0.00200000000000244" classname="character(0)" name="ard_pairwise_variable_"/>
    <testcase time="0" classname="character(0)" name="ard_pairwise_variable_"/>
    <testcase time="0.000999999999997669" classname="character(0)" name="ard_pairwise_variable_"/>
    <testcase time="0" classname="character(0)" name="ard_pairwise_variable_"/>
  </testsuite>
  <testsuite name="ard_pairwise" timestamp="2025-08-13T17:55:35Z" hostname="bb3aa008acd7" tests="2" skipped="0" failures="0" errors="0" time="0.003">
    <testcase time="0.00200000000000244" classname="character(0)" name="ard_pairwise_variable_messaging"/>
    <testcase time="0.000999999999997669" classname="character(0)" name="ard_pairwise_variable_messaging"/>
  </testsuite>
  <testsuite name="ard_pairwise" timestamp="2025-08-13T17:55:35Z" hostname="bb3aa008acd7" tests="2" skipped="0" failures="0" errors="0" time="0.002">
    <testcase time="0.00100000000000122" classname="character(0)" name="ard_pairwise_include_"/>
    <testcase time="0.00100000000000122" classname="character(0)" name="ard_pairwise_include_"/>
  </testsuite>
  <testsuite name="ard_pairwise" timestamp="2025-08-13T17:55:35Z" hostname="bb3aa008acd7" tests="1" skipped="0" failures="0" errors="0" time="0.002">
    <testcase time="0.00199999999999889" classname="character(0)" name="ard_pairwise_.f_messaging"/>
  </testsuite>
  <testsuite name="ard_pairwise" timestamp="2025-08-13T17:55:35Z" hostname="bb3aa008acd7" tests="2" skipped="0" failures="0" errors="0" time="0.002">
    <testcase time="0.00100000000000122" classname="character(0)" name="ard_pairwise_include_messaging"/>
    <testcase time="0.000999999999997669" classname="character(0)" name="ard_pairwise_include_messaging"/>
  </testsuite>
  <testsuite name="ard_stack" timestamp="2025-08-13T17:55:44Z" hostname="bb3aa008acd7" tests="7" skipped="0" failures="0" errors="0" time="9.979">
    <testcase time="9.975" classname="character(0)" name="ard_stack_works"/>
    <testcase time="0.000999999999997669" classname="character(0)" name="ard_stack_works"/>
    <testcase time="0" classname="character(0)" name="ard_stack_works"/>
    <testcase time="0.00100000000000477" classname="character(0)" name="ard_stack_works"/>
    <testcase time="0" classname="character(0)" name="ard_stack_works"/>
    <testcase time="0.000999999999997669" classname="character(0)" name="ard_stack_works"/>
    <testcase time="0.000999999999997669" classname="character(0)" name="ard_stack_works"/>
  </testsuite>
  <testsuite name="ard_stack" timestamp="2025-08-13T17:55:44Z" hostname="bb3aa008acd7" tests="2" skipped="0" failures="0" errors="0" time="0.002">
    <testcase time="0.00100000000000477" classname="character(0)" name="ard_stack_adding_overalls"/>
    <testcase time="0.000999999999997669" classname="character(0)" name="ard_stack_adding_overalls"/>
  </testsuite>
  <testsuite name="ard_stack" timestamp="2025-08-13T17:55:44Z" hostname="bb3aa008acd7" tests="4" skipped="0" failures="0" errors="0" time="0.002">
    <testcase time="0.000999999999997669" classname="character(0)" name="ard_stack_adding_missing_attributes"/>
    <testcase time="0" classname="character(0)" name="ard_stack_adding_missing_attributes"/>
    <testcase time="0.000999999999997669" classname="character(0)" name="ard_stack_adding_missing_attributes"/>
    <testcase time="0" classname="character(0)" name="ard_stack_adding_missing_attributes"/>
  </testsuite>
  <testsuite name="ard_stack" timestamp="2025-08-13T17:55:45Z" hostname="bb3aa008acd7" tests="6" skipped="0" failures="0" errors="0" time="0.005">
    <testcase time="0.00200000000000244" classname="character(0)" name="ard_stack_.shuffle_argument"/>
    <testcase time="0" classname="character(0)" name="ard_stack_.shuffle_argument"/>
    <testcase time="0.000999999999997669" classname="character(0)" name="ard_stack_.shuffle_argument"/>
    <testcase time="0" classname="character(0)" name="ard_stack_.shuffle_argument"/>
    <testcase time="0.000999999999997669" classname="character(0)" name="ard_stack_.shuffle_argument"/>
    <testcase time="0.00100000000000477" classname="character(0)" name="ard_stack_.shuffle_argument"/>
  </testsuite>
  <testsuite name="ard_stack" timestamp="2025-08-13T17:55:45Z" hostname="bb3aa008acd7" tests="1" skipped="0" failures="0" errors="0" time="0.001">
    <testcase time="0.000999999999997669" classname="character(0)" name="ard_stack_adding_total_N"/>
  </testsuite>
  <testsuite name="ard_stack" timestamp="2025-08-13T17:55:45Z" hostname="bb3aa008acd7" tests="1" skipped="0" failures="0" errors="0" time="0.002">
    <testcase time="0.00199999999999534" classname="character(0)" name="ard_stack_works_with_namespaced_functions"/>
  </testsuite>
  <testsuite name="ard_stack" timestamp="2025-08-13T17:55:45Z" hostname="bb3aa008acd7" tests="2" skipped="0" failures="0" errors="0" time="0.002">
    <testcase time="0.00200000000000244" classname="character(0)" name="ard_stack_messaging"/>
    <testcase time="0" classname="character(0)" name="ard_stack_messaging"/>
  </testsuite>
  <testsuite name="ard_stack" timestamp="2025-08-13T17:55:45Z" hostname="bb3aa008acd7" tests="1" skipped="0" failures="0" errors="0" time="0.002">
    <testcase time="0.00200000000000244" classname="character(0)" name="ard_stack_complex_call_error"/>
  </testsuite>
  <testsuite name="ard_stack" timestamp="2025-08-13T17:55:45Z" hostname="bb3aa008acd7" tests="1" skipped="0" failures="0" errors="0" time="0.002">
    <testcase time="0.00199999999999534" classname="character(0)" name="ard_stack_follows_ard_structure"/>
  </testsuite>
  <testsuite name="ard_stack" timestamp="2025-08-13T17:55:45Z" hostname="bb3aa008acd7" tests="2" skipped="0" failures="0" errors="0" time="0.002">
    <testcase time="0.00100000000000477" classname="character(0)" name="ard_stack_.by_messaging"/>
    <testcase time="0.000999999999997669" classname="character(0)" name="ard_stack_.by_messaging"/>
  </testsuite>
  <testsuite name="ard_stack" timestamp="2025-08-13T17:55:45Z" hostname="bb3aa008acd7" tests="6" skipped="0" failures="0" errors="0" time="0.004">
    <testcase time="0.000999999999997669" classname="character(0)" name="ard_stack_.by_stats_argument"/>
    <testcase time="0.00100000000000477" classname="character(0)" name="ard_stack_.by_stats_argument"/>
    <testcase time="0.000999999999997669" classname="character(0)" name="ard_stack_.by_stats_argument"/>
    <testcase time="0" classname="character(0)" name="ard_stack_.by_stats_argument"/>
    <testcase time="0.000999999999997669" classname="character(0)" name="ard_stack_.by_stats_argument"/>
    <testcase time="0" classname="character(0)" name="ard_stack_.by_stats_argument"/>
  </testsuite>
  <testsuite name="ard_continuous" timestamp="2025-08-13T17:55:56Z" hostname="bb3aa008acd7" tests="4" skipped="0" failures="0" errors="0" time="11.154">
    <testcase time="11.151" classname="character(0)" name="ard_continuous_works"/>
    <testcase time="0.000999999999997669" classname="character(0)" name="ard_continuous_works"/>
    <testcase time="0.00100000000000477" classname="character(0)" name="ard_continuous_works"/>
    <testcase time="0.000999999999997669" classname="character(0)" name="ard_continuous_works"/>
  </testsuite>
  <testsuite name="ard_continuous" timestamp="2025-08-13T17:55:56Z" hostname="bb3aa008acd7" tests="3" skipped="0" failures="0" errors="0" time="0.005">
    <testcase time="0.00300000000000011" classname="character(0)" name="ard_continuous_fmt_fun_argument_works"/>
    <testcase time="0.000999999999997669" classname="character(0)" name="ard_continuous_fmt_fun_argument_works"/>
    <testcase time="0.00100000000000477" classname="character(0)" name="ard_continuous_fmt_fun_argument_works"/>
  </testsuite>
  <testsuite name="ard_continuous" timestamp="2025-08-13T17:55:56Z" hostname="bb3aa008acd7" tests="3" skipped="0" failures="0" errors="0" time="0.004">
    <testcase time="0.00199999999999534" classname="character(0)" name="ard_continuous_messaging"/>
    <testcase time="0.00100000000000477" classname="character(0)" name="ard_continuous_messaging"/>
    <testcase time="0.000999999999997669" classname="character(0)" name="ard_continuous_messaging"/>
  </testsuite>
  <testsuite name="ard_continuous" timestamp="2025-08-13T17:55:56Z" hostname="bb3aa008acd7" tests="5" skipped="0" failures="0" errors="0" time="0.006">
    <testcase time="0.00399999999999778" classname="character(0)" name="ard_continuous_stat_label_argument_works"/>
    <testcase time="0" classname="character(0)" name="ard_continuous_stat_label_argument_works"/>
    <testcase time="0.00100000000000477" classname="character(0)" name="ard_continuous_stat_label_argument_works"/>
    <testcase time="0.000999999999997669" classname="character(0)" name="ard_continuous_stat_label_argument_works"/>
    <testcase time="0" classname="character(0)" name="ard_continuous_stat_label_argument_works"/>
  </testsuite>
  <testsuite name="ard_continuous" timestamp="2025-08-13T17:55:56Z" hostname="bb3aa008acd7" tests="2" skipped="0" failures="0" errors="0" time="0.002">
    <testcase time="0.00200000000000244" classname="character(0)" name="ard_continuous_and_ARD_column_names"/>
    <testcase time="0" classname="character(0)" name="ard_continuous_and_ARD_column_names"/>
  </testsuite>
  <testsuite name="ard_continuous" timestamp="2025-08-13T17:55:56Z" hostname="bb3aa008acd7" tests="1" skipped="0" failures="0" errors="0" time="0.002">
    <testcase time="0.00199999999999534" classname="character(0)" name="ard_continuous_with_grouped_data_works"/>
  </testsuite>
  <testsuite name="ard_continuous" timestamp="2025-08-13T17:55:56Z" hostname="bb3aa008acd7" tests="2" skipped="0" failures="0" errors="0" time="0.002">
    <testcase time="0.00200000000000244" classname="character(0)" name="ard_continuous_with_dates_works_and_displays_as_expected"/>
    <testcase time="0" classname="character(0)" name="ard_continuous_with_dates_works_and_displays_as_expected"/>
  </testsuite>
  <testsuite name="ard_continuous" timestamp="2025-08-13T17:55:56Z" hostname="bb3aa008acd7" tests="1" skipped="0" failures="0" errors="0" time="0.002">
    <testcase time="0.00200000000000244" classname="character(0)" name="ard_continuous_with_empty_missing_dates_works_and_preserves_Date_class"/>
  </testsuite>
  <testsuite name="ard_continuous" timestamp="2025-08-13T17:55:56Z" hostname="bb3aa008acd7" tests="3" skipped="0" failures="0" errors="0" time="0.003">
    <testcase time="0.00199999999999534" classname="character(0)" name="ard_continuous_works_with_non_syntactic_names"/>
    <testcase time="0" classname="character(0)" name="ard_continuous_works_with_non_syntactic_names"/>
    <testcase time="0.000999999999997669" classname="character(0)" name="ard_continuous_works_with_non_syntactic_names"/>
  </testsuite>
  <testsuite name="ard_continuous" timestamp="2025-08-13T17:55:56Z" hostname="bb3aa008acd7" tests="19" skipped="0" failures="0" errors="0" time="0.012">
    <testcase time="0.00200000000000244" classname="character(0)" name="ard_continuous_works_when_using_generic_names_"/>
    <testcase time="0" classname="character(0)" name="ard_continuous_works_when_using_generic_names_"/>
    <testcase time="0.000999999999997669" classname="character(0)" name="ard_continuous_works_when_using_generic_names_"/>
    <testcase time="0" classname="character(0)" name="ard_continuous_works_when_using_generic_names_"/>
    <testcase time="0.00100000000000477" classname="character(0)" name="ard_continuous_works_when_using_generic_names_"/>
    <testcase time="0" classname="character(0)" name="ard_continuous_works_when_using_generic_names_"/>
    <testcase time="0.000999999999997669" classname="character(0)" name="ard_continuous_works_when_using_generic_names_"/>
    <testcase time="0.000999999999997669" classname="character(0)" name="ard_continuous_works_when_using_generic_names_"/>
    <testcase time="0" classname="character(0)" name="ard_continuous_works_when_using_generic_names_"/>
    <testcase time="0.00100000000000477" classname="character(0)" name="ard_continuous_works_when_using_generic_names_"/>
    <testcase time="0" classname="character(0)" name="ard_continuous_works_when_using_generic_names_"/>
    <testcase time="0.000999999999997669" classname="character(0)" name="ard_continuous_works_when_using_generic_names_"/>
    <testcase time="0" classname="character(0)" name="ard_continuous_works_when_using_generic_names_"/>
    <testcase time="0.000999999999997669" classname="character(0)" name="ard_continuous_works_when_using_generic_names_"/>
    <testcase time="0" classname="character(0)" name="ard_continuous_works_when_using_generic_names_"/>
    <testcase time="0.00100000000000477" classname="character(0)" name="ard_continuous_works_when_using_generic_names_"/>
    <testcase time="0.000999999999997669" classname="character(0)" name="ard_continuous_works_when_using_generic_names_"/>
    <testcase time="0" classname="character(0)" name="ard_continuous_works_when_using_generic_names_"/>
    <testcase time="0.000999999999997669" classname="character(0)" name="ard_continuous_works_when_using_generic_names_"/>
  </testsuite>
  <testsuite name="ard_continuous" timestamp="2025-08-13T17:55:56Z" hostname="bb3aa008acd7" tests="1" skipped="0" failures="0" errors="0" time="0.001">
    <testcase time="0.00100000000000477" classname="character(0)" name="ard_continuous_follows_ard_structure"/>
  </testsuite>
  <testsuite name="ard_continuous" timestamp="2025-08-13T17:55:56Z" hostname="bb3aa008acd7" tests="2" skipped="0" failures="0" errors="0" time="0.003">
    <testcase time="0.00199999999999534" classname="character(0)" name="ard_continuous_errors_with_incomplete_factor_columns"/>
    <testcase time="0.00100000000000477" classname="character(0)" name="ard_continuous_errors_with_incomplete_factor_columns"/>
  </testsuite>
  <testsuite name="ard_continuous" timestamp="2025-08-13T17:55:56Z" hostname="bb3aa008acd7" tests="2" skipped="0" failures="0" errors="0" time="0.002">
    <testcase time="0.000999999999997669" classname="character(0)" name="ard_continuous_with_as_cards_fn_inputs"/>
    <testcase time="0.000999999999997669" classname="character(0)" name="ard_continuous_with_as_cards_fn_inputs"/>
  </testsuite>
  <testsuite name="ard_stack_hierarchical" timestamp="2025-08-13T17:55:57Z" hostname="bb3aa008acd7" tests="4" skipped="0" failures="0" errors="0" time="1.727">
    <testcase time="1.725" classname="character(0)" name="ard_stack_hierarchical_variables_"/>
    <testcase time="0.00100000000000477" classname="character(0)" name="ard_stack_hierarchical_variables_"/>
    <testcase time="0" classname="character(0)" name="ard_stack_hierarchical_variables_"/>
    <testcase time="0.000999999999997669" classname="character(0)" name="ard_stack_hierarchical_variables_"/>
  </testsuite>
  <testsuite name="ard_stack_hierarchical" timestamp="2025-08-13T17:55:57Z" hostname="bb3aa008acd7" tests="2" skipped="0" failures="0" errors="0" time="0.002">
    <testcase time="0.000999999999997669" classname="character(0)" name="ard_stack_hierarchical_variables_messaging_removed_obs"/>
    <testcase time="0.00100000000000477" classname="character(0)" name="ard_stack_hierarchical_variables_messaging_removed_obs"/>
  </testsuite>
  <testsuite name="ard_stack_hierarchical" timestamp="2025-08-13T17:55:57Z" hostname="bb3aa008acd7" tests="2" skipped="0" failures="0" errors="0" time="0.002">
    <testcase time="0.00199999999999534" classname="character(0)" name="ard_stack_hierarchical_variables_messaging"/>
    <testcase time="0" classname="character(0)" name="ard_stack_hierarchical_variables_messaging"/>
  </testsuite>
  <testsuite name="ard_stack_hierarchical" timestamp="2025-08-13T17:55:57Z" hostname="bb3aa008acd7" tests="3" skipped="0" failures="0" errors="0" time="0.006">
    <testcase time="0.00200000000000244" classname="character(0)" name="ard_stack_hierarchical_by_"/>
    <testcase time="0.00300000000000011" classname="character(0)" name="ard_stack_hierarchical_by_"/>
    <testcase time="0.000999999999997669" classname="character(0)" name="ard_stack_hierarchical_by_"/>
  </testsuite>
  <testsuite name="ard_stack_hierarchical" timestamp="2025-08-13T17:55:57Z" hostname="bb3aa008acd7" tests="2" skipped="0" failures="0" errors="0" time="0.002">
    <testcase time="0.00200000000000244" classname="character(0)" name="ard_stack_hierarchical_by_messaging"/>
    <testcase time="0" classname="character(0)" name="ard_stack_hierarchical_by_messaging"/>
  </testsuite>
  <testsuite name="ard_stack_hierarchical" timestamp="2025-08-13T17:55:57Z" hostname="bb3aa008acd7" tests="2" skipped="0" failures="0" errors="0" time="0.003">
    <testcase time="0.00199999999999534" classname="character(0)" name="ard_stack_hierarchical_denominator_messaging"/>
    <testcase time="0.00100000000000477" classname="character(0)" name="ard_stack_hierarchical_denominator_messaging"/>
  </testsuite>
  <testsuite name="ard_stack_hierarchical" timestamp="2025-08-13T17:55:57Z" hostname="bb3aa008acd7" tests="4" skipped="0" failures="0" errors="0" time="0.003">
    <testcase time="0.000999999999997669" classname="character(0)" name="ard_stack_hierarchical_by_with_columns_not_in_denominator_"/>
    <testcase time="0.000999999999997669" classname="character(0)" name="ard_stack_hierarchical_by_with_columns_not_in_denominator_"/>
    <testcase time="0" classname="character(0)" name="ard_stack_hierarchical_by_with_columns_not_in_denominator_"/>
    <testcase time="0.00100000000000477" classname="character(0)" name="ard_stack_hierarchical_by_with_columns_not_in_denominator_"/>
  </testsuite>
  <testsuite name="ard_stack_hierarchical" timestamp="2025-08-13T17:55:57Z" hostname="bb3aa008acd7" tests="1" skipped="0" failures="0" errors="0" time="0.002">
    <testcase time="0.00199999999999534" classname="character(0)" name="ard_stack_hierarchical_variables_include_messaging"/>
  </testsuite>
  <testsuite name="ard_stack_hierarchical" timestamp="2025-08-13T17:55:57Z" hostname="bb3aa008acd7" tests="1" skipped="0" failures="0" errors="0" time="0.001">
    <testcase time="0.00100000000000477" classname="character(0)" name="ard_stack_hierarchical_by_overall_messaging"/>
  </testsuite>
  <testsuite name="ard_stack_hierarchical" timestamp="2025-08-13T17:55:57Z" hostname="bb3aa008acd7" tests="1" skipped="0" failures="0" errors="0" time="0.002">
    <testcase time="0.00199999999999534" classname="character(0)" name="ard_stack_hierarchical_statistic_"/>
  </testsuite>
  <testsuite name="ard_stack_hierarchical" timestamp="2025-08-13T17:55:57Z" hostname="bb3aa008acd7" tests="3" skipped="0" failures="0" errors="0" time="0.003">
    <testcase time="0.00200000000000244" classname="character(0)" name="ard_stack_hierarchical_with_shuffle"/>
    <testcase time="0.000999999999997669" classname="character(0)" name="ard_stack_hierarchical_with_shuffle"/>
    <testcase time="0" classname="character(0)" name="ard_stack_hierarchical_with_shuffle"/>
  </testsuite>
  <testsuite name="ard_stack_hierarchical" timestamp="2025-08-13T17:55:57Z" hostname="bb3aa008acd7" tests="4" skipped="0" failures="0" errors="0" time="0.004">
    <testcase time="0.00200000000000244" classname="character(0)" name="ard_stack_hierarchical_count_variables_"/>
    <testcase time="0.000999999999997669" classname="character(0)" name="ard_stack_hierarchical_count_variables_"/>
    <testcase time="0" classname="character(0)" name="ard_stack_hierarchical_count_variables_"/>
    <testcase time="0.00100000000000477" classname="character(0)" name="ard_stack_hierarchical_count_variables_"/>
  </testsuite>
  <testsuite name="ard_stack_hierarchical" timestamp="2025-08-13T17:55:57Z" hostname="bb3aa008acd7" tests="4" skipped="0" failures="0" errors="0" time="0.003">
    <testcase time="0.000999999999997669" classname="character(0)" name="ard_stack_hierarchical_count_by_"/>
    <testcase time="0.000999999999997669" classname="character(0)" name="ard_stack_hierarchical_count_by_"/>
    <testcase time="0.00100000000000477" classname="character(0)" name="ard_stack_hierarchical_count_by_"/>
    <testcase time="0" classname="character(0)" name="ard_stack_hierarchical_count_by_"/>
  </testsuite>
  <testsuite name="ard_stack_hierarchical" timestamp="2025-08-13T17:55:57Z" hostname="bb3aa008acd7" tests="1" skipped="0" failures="0" errors="0" time="0.002">
    <testcase time="0.00199999999999534" classname="character(0)" name="ard_stack_hierarchical_count_denominator_messaging"/>
  </testsuite>
  <testsuite name="ard_stack_hierarchical" timestamp="2025-08-13T17:55:57Z" hostname="bb3aa008acd7" tests="3" skipped="0" failures="0" errors="0" time="0.003">
    <testcase time="0.00200000000000244" classname="character(0)" name="ard_stack_hierarchical_count_denominator_univariate_tabulations"/>
    <testcase time="0" classname="character(0)" name="ard_stack_hierarchical_count_denominator_univariate_tabulations"/>
    <testcase time="0.000999999999997669" classname="character(0)" name="ard_stack_hierarchical_count_denominator_univariate_tabulations"/>
  </testsuite>
  <testsuite name="ard_stack_hierarchical" timestamp="2025-08-13T17:55:57Z" hostname="bb3aa008acd7" tests="2" skipped="0" failures="0" errors="0" time="0.002">
    <testcase time="0.00200000000000244" classname="character(0)" name="ard_stack_hierarchical_count_denominator_total_n_"/>
    <testcase time="0" classname="character(0)" name="ard_stack_hierarchical_count_denominator_total_n_"/>
  </testsuite>
  <testsuite name="ard_stack_hierarchical" timestamp="2025-08-13T17:55:57Z" hostname="bb3aa008acd7" tests="1" skipped="0" failures="0" errors="0" time="0.002">
    <testcase time="0.00200000000000244" classname="character(0)" name="ard_stack_hierarchical_count_denominator_total_n_messaging"/>
  </testsuite>
  <testsuite name="ard_stack_hierarchical" timestamp="2025-08-13T17:55:57Z" hostname="bb3aa008acd7" tests="1" skipped="0" failures="0" errors="0" time="0.002">
    <testcase time="0.00199999999999534" classname="character(0)" name="ard_stack_hierarchical_count_overall_denominator_messaging"/>
  </testsuite>
  <testsuite name="ard_stack_hierarchical" timestamp="2025-08-13T17:55:57Z" hostname="bb3aa008acd7" tests="2" skipped="0" failures="0" errors="0" time="0.002">
    <testcase time="0.00100000000000477" classname="character(0)" name="ard_stack_hierarchical_count_overall_"/>
    <testcase time="0.000999999999997669" classname="character(0)" name="ard_stack_hierarchical_count_overall_"/>
  </testsuite>
  <testsuite name="ard_stack_hierarchical" timestamp="2025-08-13T17:55:57Z" hostname="bb3aa008acd7" tests="1" skipped="0" failures="0" errors="0" time="0.002">
    <testcase time="0.00200000000000244" classname="character(0)" name="ard_stack_hierarchical_count_over_variables_"/>
  </testsuite>
  <testsuite name="ard_stack_hierarchical" timestamp="2025-08-13T17:55:57Z" hostname="bb3aa008acd7" tests="2" skipped="0" failures="0" errors="0" time="0.002">
    <testcase time="0.00199999999999534" classname="character(0)" name="ard_stack_hierarchical_count_overall_over_variables_"/>
    <testcase time="0" classname="character(0)" name="ard_stack_hierarchical_count_overall_over_variables_"/>
  </testsuite>
  <testsuite name="ard_stack_hierarchical" timestamp="2025-08-13T17:55:57Z" hostname="bb3aa008acd7" tests="1" skipped="0" failures="0" errors="0" time="0.002">
    <testcase time="0.00200000000000244" classname="character(0)" name="ard_stack_hierarchical_count_attributes_"/>
  </testsuite>
  <testsuite name="ard_stack_hierarchical" timestamp="2025-08-13T17:55:57Z" hostname="bb3aa008acd7" tests="4" skipped="0" failures="0" errors="0" time="0.003">
    <testcase time="0.00200000000000244" classname="character(0)" name="ard_stack_hierarchical_by_stats_argument"/>
    <testcase time="0" classname="character(0)" name="ard_stack_hierarchical_by_stats_argument"/>
    <testcase time="0.000999999999997669" classname="character(0)" name="ard_stack_hierarchical_by_stats_argument"/>
    <testcase time="0" classname="character(0)" name="ard_stack_hierarchical_by_stats_argument"/>
  </testsuite>
  <testsuite name="ard_total_n" timestamp="2025-08-13T17:55:58Z" hostname="bb3aa008acd7" tests="2" skipped="0" failures="0" errors="0" time="0.206">
    <testcase time="0.204999999999998" classname="character(0)" name="ard_total_n_works"/>
    <testcase time="0.000999999999997669" classname="character(0)" name="ard_total_n_works"/>
  </testsuite>
  <testsuite name="ard_total_n" timestamp="2025-08-13T17:55:58Z" hostname="bb3aa008acd7" tests="1" skipped="0" failures="0" errors="0" time="0.002">
    <testcase time="0.00200000000000244" classname="character(0)" name="ard_total_n_follows_ard_structure"/>
  </testsuite>
  <testsuite name="as_card" timestamp="2025-08-13T17:55:58Z" hostname="bb3aa008acd7" tests="1" skipped="0" failures="0" errors="0" time="0.316">
    <testcase time="0.316000000000003" classname="character(0)" name="as_card_works"/>
  </testsuite>
  <testsuite name="as_card" timestamp="2025-08-13T17:55:58Z" hostname="bb3aa008acd7" tests="1" skipped="0" failures="0" errors="0" time="0.002">
    <testcase time="0.00199999999999534" classname="character(0)" name="as_card_does_not_affect_card_objects"/>
  </testsuite>
  <testsuite name="as_card" timestamp="2025-08-13T17:55:58Z" hostname="bb3aa008acd7" tests="1" skipped="0" failures="0" errors="0" time="0.002">
    <testcase time="0.00200000000000244" classname="character(0)" name="as_card_error_catching_works_correctly"/>
  </testsuite>
  <testsuite name="as_cards_fn" timestamp="2025-08-13T17:55:58Z" hostname="bb3aa008acd7" tests="3" skipped="0" failures="0" errors="0" time="0.043">
    <testcase time="0.0420000000000016" classname="character(0)" name="as_cards_fn_works"/>
    <testcase time="0.000999999999997669" classname="character(0)" name="as_cards_fn_works"/>
    <testcase time="0" classname="character(0)" name="as_cards_fn_works"/>
  </testsuite>
  <testsuite name="as_nested_list" timestamp="2025-08-13T17:55:59Z" hostname="bb3aa008acd7" tests="1" skipped="0" failures="0" errors="0" time="0.502">
    <testcase time="0.502000000000002" classname="character(0)" name="as_nested_list_works"/>
  </testsuite>
  <testsuite name="ard_strata" timestamp="2025-08-13T17:55:59Z" hostname="bb3aa008acd7" tests="3" skipped="0" failures="0" errors="0" time="0.264">
    <testcase time="0.262999999999998" classname="character(0)" name="ard_strata_works"/>
    <testcase time="0" classname="character(0)" name="ard_strata_works"/>
    <testcase time="0.000999999999997669" classname="character(0)" name="ard_strata_works"/>
  </testsuite>
  <testsuite name="ard_strata" timestamp="2025-08-13T17:55:59Z" hostname="bb3aa008acd7" tests="2" skipped="0" failures="0" errors="0" time="0.002">
    <testcase time="0.00200000000000244" classname="character(0)" name="ard_strata_by_strata_when_both_empty"/>
    <testcase time="0" classname="character(0)" name="ard_strata_by_strata_when_both_empty"/>
  </testsuite>
  <testsuite name="ard_strata" timestamp="2025-08-13T17:55:59Z" hostname="bb3aa008acd7" tests="1" skipped="0" failures="0" errors="0" time="0.002">
    <testcase time="0.00200000000000244" classname="character(0)" name="nest_for_ard_retains_strata_in_nested_data"/>
  </testsuite>
  <testsuite name="check_ard_structure" timestamp="2025-08-13T17:55:59Z" hostname="bb3aa008acd7" tests="1" skipped="0" failures="0" errors="0" time="0.186">
    <testcase time="0.186" classname="character(0)" name="check_ard_structure_works"/>
  </testsuite>
  <testsuite name="eval_capture_conditions" timestamp="2025-08-13T17:55:59Z" hostname="bb3aa008acd7" tests="4" skipped="0" failures="0" errors="0" time="0.424">
    <testcase time="0.421999999999997" classname="character(0)" name="eval_capture_conditions_works"/>
    <testcase time="0.00100000000000477" classname="character(0)" name="eval_capture_conditions_works"/>
    <testcase time="0" classname="character(0)" name="eval_capture_conditions_works"/>
    <testcase time="0.000999999999997669" classname="character(0)" name="eval_capture_conditions_works"/>
  </testsuite>
  <testsuite name="eval_capture_conditions" timestamp="2025-08-13T17:55:59Z" hostname="bb3aa008acd7" tests="3" skipped="0" failures="0" errors="0" time="0.003">
    <testcase time="0.00199999999999534" classname="character(0)" name="captured_condition_as_message_works"/>
    <testcase time="0.00100000000000477" classname="character(0)" name="captured_condition_as_message_works"/>
    <testcase time="0" classname="character(0)" name="captured_condition_as_message_works"/>
  </testsuite>
  <testsuite name="eval_capture_conditions" timestamp="2025-08-13T17:55:59Z" hostname="bb3aa008acd7" tests="3" skipped="0" failures="0" errors="0" time="0.003">
    <testcase time="0.00199999999999534" classname="character(0)" name="captured_condition_as_error_works"/>
    <testcase time="0.00100000000000477" classname="character(0)" name="captured_condition_as_error_works"/>
    <testcase time="0" classname="character(0)" name="captured_condition_as_error_works"/>
  </testsuite>
  <testsuite name="bind_ard" timestamp="2025-08-13T17:55:59Z" hostname="bb3aa008acd7" tests="1" skipped="0" failures="0" errors="0" time="0.031">
    <testcase time="0.0309999999999988" classname="character(0)" name="bind_ard_works"/>
  </testsuite>
  <testsuite name="bind_ard" timestamp="2025-08-13T17:55:59Z" hostname="bb3aa008acd7" tests="2" skipped="0" failures="0" errors="0" time="0.005">
    <testcase time="0.00399999999999778" classname="character(0)" name="ARD_helpers_messaging"/>
    <testcase time="0.00100000000000477" classname="character(0)" name="ARD_helpers_messaging"/>
  </testsuite>
  <testsuite name="bind_ard" timestamp="2025-08-13T17:55:59Z" hostname="bb3aa008acd7" tests="2" skipped="0" failures="0" errors="0" time="0.003">
    <testcase time="0.00199999999999534" classname="character(0)" name="bind_ard_.order_argument_works"/>
    <testcase time="0.00100000000000477" classname="character(0)" name="bind_ard_.order_argument_works"/>
  </testsuite>
  <testsuite name="bind_ard" timestamp="2025-08-13T17:55:59Z" hostname="bb3aa008acd7" tests="1" skipped="0" failures="0" errors="0" time="0.003">
    <testcase time="0.00300000000000011" classname="character(0)" name="bind_ard_.quiet_"/>
  </testsuite>
  <testsuite name="bind_ard" timestamp="2025-08-13T17:56:00Z" hostname="bb3aa008acd7" tests="1" skipped="0" failures="0" errors="0" time="0.003">
    <testcase time="0.00300000000000011" classname="character(0)" name="bind_ard_.distinct_"/>
  </testsuite>
  <testsuite name="get_ard_statistics" timestamp="2025-08-13T17:56:00Z" hostname="bb3aa008acd7" tests="2" skipped="0" failures="0" errors="0" time="0.162">
    <testcase time="0.160999999999994" classname="character(0)" name="get_ard_statistics_works"/>
    <testcase time="0.00100000000000477" classname="character(0)" name="get_ard_statistics_works"/>
  </testsuite>
  <testsuite name="label_round" timestamp="2025-08-13T17:56:00Z" hostname="bb3aa008acd7" tests="4" skipped="0" failures="0" errors="0" time="0.05">
    <testcase time="0.0479999999999947" classname="character(0)" name="label_round_works"/>
    <testcase time="0.00100000000000477" classname="character(0)" name="label_round_works"/>
    <testcase time="0.000999999999997669" classname="character(0)" name="label_round_works"/>
    <testcase time="0" classname="character(0)" name="label_round_works"/>
  </testsuite>
  <testsuite name="mock" timestamp="2025-08-13T17:56:01Z" hostname="bb3aa008acd7" tests="1" skipped="0" failures="0" errors="0" time="0.897">
    <testcase time="0.896999999999998" classname="character(0)" name="mock_categorical_"/>
  </testsuite>
  <testsuite name="mock" timestamp="2025-08-13T17:56:01Z" hostname="bb3aa008acd7" tests="1" skipped="0" failures="0" errors="0" time="0.004">
    <testcase time="0.00400000000000489" classname="character(0)" name="mock_categorical_messaging"/>
  </testsuite>
  <testsuite name="mock" timestamp="2025-08-13T17:56:01Z" hostname="bb3aa008acd7" tests="1" skipped="0" failures="0" errors="0" time="0.003">
    <testcase time="0.00300000000000011" classname="character(0)" name="mock_continuous_"/>
  </testsuite>
  <testsuite name="mock" timestamp="2025-08-13T17:56:01Z" hostname="bb3aa008acd7" tests="1" skipped="0" failures="0" errors="0" time="0.003">
    <testcase time="0.00300000000000011" classname="character(0)" name="mock_continuous_messaging"/>
  </testsuite>
  <testsuite name="mock" timestamp="2025-08-13T17:56:01Z" hostname="bb3aa008acd7" tests="1" skipped="0" failures="0" errors="0" time="0.002">
    <testcase time="0.00199999999999534" classname="character(0)" name="mock_dichotomous_"/>
  </testsuite>
  <testsuite name="mock" timestamp="2025-08-13T17:56:01Z" hostname="bb3aa008acd7" tests="1" skipped="0" failures="0" errors="0" time="0.002">
    <testcase time="0.00200000000000244" classname="character(0)" name="mock_dichotomous_messaging"/>
  </testsuite>
  <testsuite name="mock" timestamp="2025-08-13T17:56:01Z" hostname="bb3aa008acd7" tests="1" skipped="0" failures="0" errors="0" time="0.002">
    <testcase time="0.00200000000000244" classname="character(0)" name="mock_missing_"/>
  </testsuite>
  <testsuite name="mock" timestamp="2025-08-13T17:56:01Z" hostname="bb3aa008acd7" tests="1" skipped="0" failures="0" errors="0" time="0.002">
    <testcase time="0.00199999999999534" classname="character(0)" name="mock_missing_messaging"/>
  </testsuite>
  <testsuite name="mock" timestamp="2025-08-13T17:56:01Z" hostname="bb3aa008acd7" tests="1" skipped="0" failures="0" errors="0" time="0.001">
    <testcase time="0.00100000000000477" classname="character(0)" name="mock_attributes_"/>
  </testsuite>
  <testsuite name="mock" timestamp="2025-08-13T17:56:01Z" hostname="bb3aa008acd7" tests="1" skipped="0" failures="0" errors="0" time="0.005">
    <testcase time="0.00499999999999545" classname="character(0)" name="mock_attributes_messaging"/>
  </testsuite>
  <testsuite name="mock" timestamp="2025-08-13T17:56:01Z" hostname="bb3aa008acd7" tests="1" skipped="0" failures="0" errors="0" time="0.002">
    <testcase time="0.00200000000000244" classname="character(0)" name="mock_total_n_"/>
  </testsuite>
  <testsuite name="nest_for_ard" timestamp="2025-08-13T17:56:01Z" hostname="bb3aa008acd7" tests="4" skipped="0" failures="0" errors="0" time="0.148">
    <testcase time="0.146000000000001" classname="character(0)" name="nest_for_ard_works"/>
    <testcase time="0" classname="character(0)" name="nest_for_ard_works"/>
    <testcase time="0.000999999999997669" classname="character(0)" name="nest_for_ard_works"/>
    <testcase time="0.000999999999997669" classname="character(0)" name="nest_for_ard_works"/>
  </testsuite>
  <testsuite name="options" timestamp="2025-08-13T17:56:01Z" hostname="bb3aa008acd7" tests="2" skipped="0" failures="0" errors="0" time="0.286">
    <testcase time="0.286000000000001" classname="character(0)" name="options_cards.round_type_"/>
    <testcase time="0" classname="character(0)" name="options_cards.round_type_"/>
  </testsuite>
  <testsuite name="options" timestamp="2025-08-13T17:56:01Z" hostname="bb3aa008acd7" tests="1" skipped="0" failures="0" errors="0" time="0.002">
    <testcase time="0.00200000000000244" classname="character(0)" name="options_cards.round_type_messaging"/>
  </testsuite>
  <testsuite name="print" timestamp="2025-08-13T17:56:02Z" hostname="bb3aa008acd7" tests="5" skipped="0" failures="0" errors="0" time="0.676">
    <testcase time="0.673000000000002" classname="character(0)" name="print.card_works"/>
    <testcase time="0.000999999999997669" classname="character(0)" name="print.card_works"/>
    <testcase time="0" classname="character(0)" name="print.card_works"/>
    <testcase time="0.000999999999997669" classname="character(0)" name="print.card_works"/>
    <testcase time="0.00100000000000477" classname="character(0)" name="print.card_works"/>
  </testsuite>
  <testsuite name="print_ard_conditions" timestamp="2025-08-13T17:56:03Z" hostname="bb3aa008acd7" tests="5" skipped="0" failures="0" errors="0" time="1.496">
    <testcase time="1.492" classname="character(0)" name="print_ard_conditions_works"/>
    <testcase time="0.000999999999997669" classname="character(0)" name="print_ard_conditions_works"/>
    <testcase time="0.00100000000000477" classname="character(0)" name="print_ard_conditions_works"/>
    <testcase time="0.000999999999997669" classname="character(0)" name="print_ard_conditions_works"/>
    <testcase time="0.000999999999997669" classname="character(0)" name="print_ard_conditions_works"/>
  </testsuite>
  <testsuite name="print_ard_conditions" timestamp="2025-08-13T17:56:03Z" hostname="bb3aa008acd7" tests="2" skipped="0" failures="0" errors="0" time="0.004">
    <testcase time="0.00300000000000011" classname="character(0)" name="print_ard_conditions_condition_type_"/>
    <testcase time="0.00100000000000477" classname="character(0)" name="print_ard_conditions_condition_type_"/>
  </testsuite>
  <testsuite name="print_ard_conditions" timestamp="2025-08-13T17:56:03Z" hostname="bb3aa008acd7" tests="1" skipped="0" failures="0" errors="0" time="0.003">
    <testcase time="0.00300000000000011" classname="character(0)" name="print_ard_conditions_no_error_when_error_warning_columns_not_present"/>
  </testsuite>
  <testsuite name="print_ard_conditions" timestamp="2025-08-13T17:56:03Z" hostname="bb3aa008acd7" tests="1" skipped="0" failures="0" errors="0" time="0.002">
    <testcase time="0.00199999999999534" classname="character(0)" name="print_ard_conditions_no_error_when_factors_are_present"/>
  </testsuite>
  <testsuite name="print_ard_conditions" timestamp="2025-08-13T17:56:03Z" hostname="bb3aa008acd7" tests="1" skipped="0" failures="0" errors="0" time="0.002">
    <testcase time="0.00200000000000244" classname="character(0)" name="print_ard_conditions_works_when_curly_brackets_appear_in_condition_message"/>
  </testsuite>
  <testsuite name="process_selectors" timestamp="2025-08-13T17:56:04Z" hostname="bb3aa008acd7" tests="3" skipped="0" failures="0" errors="0" time="0.365">
    <testcase time="0.363" classname="character(0)" name="process_selectors_works"/>
    <testcase time="0.000999999999997669" classname="character(0)" name="process_selectors_works"/>
    <testcase time="0.00100000000000477" classname="character(0)" name="process_selectors_works"/>
  </testsuite>
  <testsuite name="process_selectors" timestamp="2025-08-13T17:56:04Z" hostname="bb3aa008acd7" tests="2" skipped="0" failures="0" errors="0" time="0.005">
    <testcase time="0.00399999999999778" classname="character(0)" name="process_formula_selectors_works"/>
    <testcase time="0.000999999999997669" classname="character(0)" name="process_formula_selectors_works"/>
  </testsuite>
  <testsuite name="process_selectors" timestamp="2025-08-13T17:56:04Z" hostname="bb3aa008acd7" tests="2" skipped="0" failures="0" errors="0" time="0.003">
    <testcase time="0.00300000000000011" classname="character(0)" name="process_formula_selectors_error_messaging"/>
    <testcase time="0" classname="character(0)" name="process_formula_selectors_error_messaging"/>
  </testsuite>
  <testsuite name="process_selectors" timestamp="2025-08-13T17:56:04Z" hostname="bb3aa008acd7" tests="7" skipped="0" failures="0" errors="0" time="0.008">
    <testcase time="0.00200000000000244" classname="character(0)" name="compute_formula_selector_selects_the_last_assignment_when_multiple_appear"/>
    <testcase time="0.00300000000000011" classname="character(0)" name="compute_formula_selector_selects_the_last_assignment_when_multiple_appear"/>
    <testcase time="0.000999999999997669" classname="character(0)" name="compute_formula_selector_selects_the_last_assignment_when_multiple_appear"/>
    <testcase time="0" classname="character(0)" name="compute_formula_selector_selects_the_last_assignment_when_multiple_appear"/>
    <testcase time="0.00100000000000477" classname="character(0)" name="compute_formula_selector_selects_the_last_assignment_when_multiple_appear"/>
    <testcase time="0" classname="character(0)" name="compute_formula_selector_selects_the_last_assignment_when_multiple_appear"/>
    <testcase time="0.000999999999997669" classname="character(0)" name="compute_formula_selector_selects_the_last_assignment_when_multiple_appear"/>
  </testsuite>
  <testsuite name="process_selectors" timestamp="2025-08-13T17:56:04Z" hostname="bb3aa008acd7" tests="1" skipped="0" failures="0" errors="0" time="0.002">
    <testcase time="0.00200000000000244" classname="character(0)" name="cards_select_deprecation_error_with_vars_"/>
  </testsuite>
  <testsuite name="rename_ard_columns" timestamp="2025-08-13T17:56:04Z" hostname="bb3aa008acd7" tests="3" skipped="0" failures="0" errors="0" time="0.701">
    <testcase time="0.698999999999998" classname="character(0)" name="rename_ard_columns_columns_"/>
    <testcase time="0.000999999999997669" classname="character(0)" name="rename_ard_columns_columns_"/>
    <testcase time="0.000999999999997669" classname="character(0)" name="rename_ard_columns_columns_"/>
  </testsuite>
  <testsuite name="rename_ard_columns" timestamp="2025-08-13T17:56:04Z" hostname="bb3aa008acd7" tests="2" skipped="0" failures="0" errors="0" time="0.005">
    <testcase time="0.00400000000000489" classname="character(0)" name="rename_ard_columns_columns_messsaging"/>
    <testcase time="0.000999999999997669" classname="character(0)" name="rename_ard_columns_columns_messsaging"/>
  </testsuite>
  <testsuite name="rename_ard_columns" timestamp="2025-08-13T17:56:04Z" hostname="bb3aa008acd7" tests="1" skipped="0" failures="0" errors="0" time="0.004">
    <testcase time="0.00399999999999778" classname="character(0)" name="rename_ard_columns_unlist_lifecycle"/>
  </testsuite>
  <testsuite name="rename_ard_groups" timestamp="2025-08-13T17:56:06Z" hostname="bb3aa008acd7" tests="2" skipped="0" failures="0" errors="0" time="1.371">
    <testcase time="1.37" classname="character(0)" name="rename_ard_groups_shift_"/>
    <testcase time="0.000999999999997669" classname="character(0)" name="rename_ard_groups_shift_"/>
  </testsuite>
  <testsuite name="rename_ard_groups" timestamp="2025-08-13T17:56:06Z" hostname="bb3aa008acd7" tests="1" skipped="0" failures="0" errors="0" time="0.003">
    <testcase time="0.00300000000000011" classname="character(0)" name="rename_ard_groups_shift_messaging"/>
  </testsuite>
  <testsuite name="rename_ard_groups" timestamp="2025-08-13T17:56:06Z" hostname="bb3aa008acd7" tests="2" skipped="0" failures="0" errors="0" time="0.005">
    <testcase time="0.00399999999999778" classname="character(0)" name="rename_ard_groups_reverse_"/>
    <testcase time="0.00100000000000477" classname="character(0)" name="rename_ard_groups_reverse_"/>
  </testsuite>
  <testsuite name="replace_null_statistic" timestamp="2025-08-13T17:56:06Z" hostname="bb3aa008acd7" tests="2" skipped="0" failures="0" errors="0" time="0.1">
    <testcase time="0.100000000000001" classname="character(0)" name="replace_null_statistic_works"/>
    <testcase time="0" classname="character(0)" name="replace_null_statistic_works"/>
  </testsuite>
  <testsuite name="round5" timestamp="2025-08-13T17:56:06Z" hostname="bb3aa008acd7" tests="3" skipped="0" failures="0" errors="0" time="0.167">
    <testcase time="0.164999999999999" classname="character(0)" name="round5_works"/>
    <testcase time="0.000999999999997669" classname="character(0)" name="round5_works"/>
    <testcase time="0.00100000000000477" classname="character(0)" name="round5_works"/>
  </testsuite>
  <testsuite name="selectors" timestamp="2025-08-13T17:56:08Z" hostname="bb3aa008acd7" tests="10" skipped="0" failures="0" errors="0" time="1.515">
    <testcase time="1.506" classname="character(0)" name="selectors_work"/>
    <testcase time="0.000999999999997669" classname="character(0)" name="selectors_work"/>
    <testcase time="0.000999999999997669" classname="character(0)" name="selectors_work"/>
    <testcase time="0.00100000000000477" classname="character(0)" name="selectors_work"/>
    <testcase time="0.000999999999997669" classname="character(0)" name="selectors_work"/>
    <testcase time="0.000999999999997669" classname="character(0)" name="selectors_work"/>
    <testcase time="0.00100000000000477" classname="character(0)" name="selectors_work"/>
    <testcase time="0.000999999999997669" classname="character(0)" name="selectors_work"/>
    <testcase time="0.000999999999997669" classname="character(0)" name="selectors_work"/>
    <testcase time="0.00100000000000477" classname="character(0)" name="selectors_work"/>
  </testsuite>
  <testsuite name="filter_ard_hierarchical" timestamp="2025-08-13T17:56:11Z" hostname="bb3aa008acd7" tests="5" skipped="0" failures="0" errors="0" time="3.676">
    <testcase time="3.672" classname="character(0)" name="filter_ard_hierarchical_works"/>
    <testcase time="0.00100000000000477" classname="character(0)" name="filter_ard_hierarchical_works"/>
    <testcase time="0.000999999999990564" classname="character(0)" name="filter_ard_hierarchical_works"/>
    <testcase time="0.00100000000000477" classname="character(0)" name="filter_ard_hierarchical_works"/>
    <testcase time="0.00100000000000477" classname="character(0)" name="filter_ard_hierarchical_works"/>
  </testsuite>
  <testsuite name="filter_ard_hierarchical" timestamp="2025-08-13T17:56:11Z" hostname="bb3aa008acd7" tests="10" skipped="0" failures="0" errors="0" time="0.012">
    <testcase time="0.00399999999999068" classname="character(0)" name="filter_ard_hierarchical_works_with_non_standard_filters"/>
    <testcase time="0.00100000000000477" classname="character(0)" name="filter_ard_hierarchical_works_with_non_standard_filters"/>
    <testcase time="0" classname="character(0)" name="filter_ard_hierarchical_works_with_non_standard_filters"/>
    <testcase time="0.00100000000000477" classname="character(0)" name="filter_ard_hierarchical_works_with_non_standard_filters"/>
    <testcase time="0.000999999999990564" classname="character(0)" name="filter_ard_hierarchical_works_with_non_standard_filters"/>
    <testcase time="0.00100000000000477" classname="character(0)" name="filter_ard_hierarchical_works_with_non_standard_filters"/>
    <testcase time="0.00100000000000477" classname="character(0)" name="filter_ard_hierarchical_works_with_non_standard_filters"/>
    <testcase time="0.000999999999990564" classname="character(0)" name="filter_ard_hierarchical_works_with_non_standard_filters"/>
    <testcase time="0.00100000000000477" classname="character(0)" name="filter_ard_hierarchical_works_with_non_standard_filters"/>
    <testcase time="0.00100000000000477" classname="character(0)" name="filter_ard_hierarchical_works_with_non_standard_filters"/>
  </testsuite>
  <testsuite name="filter_ard_hierarchical" timestamp="2025-08-13T17:56:11Z" hostname="bb3aa008acd7" tests="18" skipped="0" failures="0" errors="0" time="0.012">
    <testcase time="0.00199999999999534" classname="character(0)" name="filter_ard_hierarchical_works_with_column_specific_filters"/>
    <testcase time="0.00100000000000477" classname="character(0)" name="filter_ard_hierarchical_works_with_column_specific_filters"/>
    <testcase time="0" classname="character(0)" name="filter_ard_hierarchical_works_with_column_specific_filters"/>
    <testcase time="0.000999999999990564" classname="character(0)" name="filter_ard_hierarchical_works_with_column_specific_filters"/>
    <testcase time="0" classname="character(0)" name="filter_ard_hierarchical_works_with_column_specific_filters"/>
    <testcase time="0.00100000000000477" classname="character(0)" name="filter_ard_hierarchical_works_with_column_specific_filters"/>
    <testcase time="0" classname="character(0)" name="filter_ard_hierarchical_works_with_column_specific_filters"/>
    <testcase time="0.00100000000000477" classname="character(0)" name="filter_ard_hierarchical_works_with_column_specific_filters"/>
    <testcase time="0.000999999999990564" classname="character(0)" name="filter_ard_hierarchical_works_with_column_specific_filters"/>
    <testcase time="0" classname="character(0)" name="filter_ard_hierarchical_works_with_column_specific_filters"/>
    <testcase time="0.00100000000000477" classname="character(0)" name="filter_ard_hierarchical_works_with_column_specific_filters"/>
    <testcase time="0" classname="character(0)" name="filter_ard_hierarchical_works_with_column_specific_filters"/>
    <testcase time="0.00100000000000477" classname="character(0)" name="filter_ard_hierarchical_works_with_column_specific_filters"/>
    <testcase time="0" classname="character(0)" name="filter_ard_hierarchical_works_with_column_specific_filters"/>
    <testcase time="0.000999999999990564" classname="character(0)" name="filter_ard_hierarchical_works_with_column_specific_filters"/>
    <testcase time="0.00100000000000477" classname="character(0)" name="filter_ard_hierarchical_works_with_column_specific_filters"/>
    <testcase time="0" classname="character(0)" name="filter_ard_hierarchical_works_with_column_specific_filters"/>
    <testcase time="0.00100000000000477" classname="character(0)" name="filter_ard_hierarchical_works_with_column_specific_filters"/>
  </testsuite>
  <testsuite name="filter_ard_hierarchical" timestamp="2025-08-13T17:56:11Z" hostname="bb3aa008acd7" tests="4" skipped="0" failures="0" errors="0" time="0.003">
    <testcase time="0.00199999999999534" classname="character(0)" name="filter_ard_hierarchical_works_with_ard_stack_hierarchical_count_results"/>
    <testcase time="0" classname="character(0)" name="filter_ard_hierarchical_works_with_ard_stack_hierarchical_count_results"/>
    <testcase time="0.00100000000000477" classname="character(0)" name="filter_ard_hierarchical_works_with_ard_stack_hierarchical_count_results"/>
    <testcase time="0" classname="character(0)" name="filter_ard_hierarchical_works_with_ard_stack_hierarchical_count_results"/>
  </testsuite>
  <testsuite name="filter_ard_hierarchical" timestamp="2025-08-13T17:56:11Z" hostname="bb3aa008acd7" tests="3" skipped="0" failures="0" errors="0" time="0.003">
    <testcase time="0.00199999999999534" classname="character(0)" name="filter_ard_hierarchical_returns_only_summary_rows_when_all_rows_filtered_out"/>
    <testcase time="0.00100000000000477" classname="character(0)" name="filter_ard_hierarchical_returns_only_summary_rows_when_all_rows_filtered_out"/>
    <testcase time="0" classname="character(0)" name="filter_ard_hierarchical_returns_only_summary_rows_when_all_rows_filtered_out"/>
  </testsuite>
  <testsuite name="filter_ard_hierarchical" timestamp="2025-08-13T17:56:11Z" hostname="bb3aa008acd7" tests="7" skipped="0" failures="0" errors="0" time="0.006">
    <testcase time="0.00199999999999534" classname="character(0)" name="filter_ard_hierarchical_var_works"/>
    <testcase time="0.00100000000000477" classname="character(0)" name="filter_ard_hierarchical_var_works"/>
    <testcase time="0.000999999999990564" classname="character(0)" name="filter_ard_hierarchical_var_works"/>
    <testcase time="0" classname="character(0)" name="filter_ard_hierarchical_var_works"/>
    <testcase time="0.00100000000000477" classname="character(0)" name="filter_ard_hierarchical_var_works"/>
    <testcase time="0" classname="character(0)" name="filter_ard_hierarchical_var_works"/>
    <testcase time="0.00100000000000477" classname="character(0)" name="filter_ard_hierarchical_var_works"/>
  </testsuite>
  <testsuite name="filter_ard_hierarchical" timestamp="2025-08-13T17:56:11Z" hostname="bb3aa008acd7" tests="10" skipped="0" failures="0" errors="0" time="0.009">
    <testcase time="0.00499999999999545" classname="character(0)" name="filter_ard_hierarchical_keep_empty_works"/>
    <testcase time="0" classname="character(0)" name="filter_ard_hierarchical_keep_empty_works"/>
    <testcase time="0.00100000000000477" classname="character(0)" name="filter_ard_hierarchical_keep_empty_works"/>
    <testcase time="0" classname="character(0)" name="filter_ard_hierarchical_keep_empty_works"/>
    <testcase time="0.000999999999990564" classname="character(0)" name="filter_ard_hierarchical_keep_empty_works"/>
    <testcase time="0" classname="character(0)" name="filter_ard_hierarchical_keep_empty_works"/>
    <testcase time="0.00100000000000477" classname="character(0)" name="filter_ard_hierarchical_keep_empty_works"/>
    <testcase time="0" classname="character(0)" name="filter_ard_hierarchical_keep_empty_works"/>
    <testcase time="0.00100000000000477" classname="character(0)" name="filter_ard_hierarchical_keep_empty_works"/>
    <testcase time="0" classname="character(0)" name="filter_ard_hierarchical_keep_empty_works"/>
  </testsuite>
  <testsuite name="filter_ard_hierarchical" timestamp="2025-08-13T17:56:11Z" hostname="bb3aa008acd7" tests="2" skipped="0" failures="0" errors="0" time="0.003">
    <testcase time="0.00199999999999534" classname="character(0)" name="filter_ard_hierarchical_works_with_only_one_variable_in_x"/>
    <testcase time="0.00100000000000477" classname="character(0)" name="filter_ard_hierarchical_works_with_only_one_variable_in_x"/>
  </testsuite>
  <testsuite name="filter_ard_hierarchical" timestamp="2025-08-13T17:56:11Z" hostname="bb3aa008acd7" tests="1" skipped="0" failures="0" errors="0" time="0.002">
    <testcase time="0.00199999999999534" classname="character(0)" name="filter_ard_hierarchical_works_when_some_variables_not_included_in_x"/>
  </testsuite>
  <testsuite name="filter_ard_hierarchical" timestamp="2025-08-13T17:56:11Z" hostname="bb3aa008acd7" tests="1" skipped="0" failures="0" errors="0" time="0.002">
    <testcase time="0.00199999999999534" classname="character(0)" name="filter_ard_hierarchical_works_with_overall_data"/>
  </testsuite>
  <testsuite name="filter_ard_hierarchical" timestamp="2025-08-13T17:56:11Z" hostname="bb3aa008acd7" tests="9" skipped="0" failures="0" errors="0" time="0.006">
    <testcase time="0.00199999999999534" classname="character(0)" name="filter_ard_hierarchical_error_messaging_works"/>
    <testcase time="0.00100000000000477" classname="character(0)" name="filter_ard_hierarchical_error_messaging_works"/>
    <testcase time="0" classname="character(0)" name="filter_ard_hierarchical_error_messaging_works"/>
    <testcase time="0.00100000000000477" classname="character(0)" name="filter_ard_hierarchical_error_messaging_works"/>
    <testcase time="0" classname="character(0)" name="filter_ard_hierarchical_error_messaging_works"/>
    <testcase time="0.000999999999990564" classname="character(0)" name="filter_ard_hierarchical_error_messaging_works"/>
    <testcase time="0" classname="character(0)" name="filter_ard_hierarchical_error_messaging_works"/>
    <testcase time="0.00100000000000477" classname="character(0)" name="filter_ard_hierarchical_error_messaging_works"/>
    <testcase time="0" classname="character(0)" name="filter_ard_hierarchical_error_messaging_works"/>
  </testsuite>
  <testsuite name="shuffle_ard" timestamp="2025-08-13T17:56:14Z" hostname="bb3aa008acd7" tests="7" skipped="0" failures="0" errors="0" time="2.988">
    <testcase time="2.98400000000001" classname="character(0)" name="shuffle_trim_works"/>
    <testcase time="0.000999999999990564" classname="character(0)" name="shuffle_trim_works"/>
    <testcase time="0.00100000000000477" classname="character(0)" name="shuffle_trim_works"/>
    <testcase time="0" classname="character(0)" name="shuffle_trim_works"/>
    <testcase time="0.00100000000000477" classname="character(0)" name="shuffle_trim_works"/>
    <testcase time="0.000999999999990564" classname="character(0)" name="shuffle_trim_works"/>
    <testcase time="0" classname="character(0)" name="shuffle_trim_works"/>
  </testsuite>
  <testsuite name="shuffle_ard" timestamp="2025-08-13T17:56:14Z" hostname="bb3aa008acd7" tests="1" skipped="0" failures="0" errors="0" time="0.002">
    <testcase time="0.00200000000000955" classname="character(0)" name="shuffle_ard_handles_protected_names"/>
  </testsuite>
  <testsuite name="shuffle_ard" timestamp="2025-08-13T17:56:14Z" hostname="bb3aa008acd7" tests="1" skipped="0" failures="0" errors="0" time="0.002">
    <testcase time="0.00199999999999534" classname="character(0)" name="shuffle_ard_notifies_user_about_warnings_errors_before_dropping"/>
  </testsuite>
  <testsuite name="shuffle_ard" timestamp="2025-08-13T17:56:14Z" hostname="bb3aa008acd7" tests="5" skipped="0" failures="0" errors="0" time="0.005">
    <testcase time="0.00300000000000011" classname="character(0)" name="shuffle_ard_fills_missing_group_levels_if_the_group_is_meaningful"/>
    <testcase time="0" classname="character(0)" name="shuffle_ard_fills_missing_group_levels_if_the_group_is_meaningful"/>
    <testcase time="0.000999999999990564" classname="character(0)" name="shuffle_ard_fills_missing_group_levels_if_the_group_is_meaningful"/>
    <testcase time="0" classname="character(0)" name="shuffle_ard_fills_missing_group_levels_if_the_group_is_meaningful"/>
    <testcase time="0.00100000000000477" classname="character(0)" name="shuffle_ard_fills_missing_group_levels_if_the_group_is_meaningful"/>
  </testsuite>
  <testsuite name="shuffle_ard" timestamp="2025-08-13T17:56:14Z" hostname="bb3aa008acd7" tests="1" skipped="0" failures="0" errors="0" time="0.002">
    <testcase time="0.00199999999999534" classname="character(0)" name="shuffle_ard_doesn_t_trim_off_NULL_NA_values"/>
  </testsuite>
  <testsuite name="shuffle_ard" timestamp="2025-08-13T17:56:14Z" hostname="bb3aa008acd7" tests="2" skipped="0" failures="0" errors="0" time="0.003">
    <testcase time="0.00200000000000955" classname="character(0)" name="shuffle_ard_coerces_all_factor_groups_variables_to_character"/>
    <testcase time="0.000999999999990564" classname="character(0)" name="shuffle_ard_coerces_all_factor_groups_variables_to_character"/>
  </testsuite>
  <testsuite name="shuffle_ard" timestamp="2025-08-13T17:56:14Z" hostname="bb3aa008acd7" tests="1" skipped="0" failures="0" errors="0" time="0.002">
    <testcase time="0.00200000000000955" classname="character(0)" name="shuffle_ard_fills_missing_group_levels_if_the_group_is_meaningful_for_cardx_output"/>
  </testsuite>
  <testsuite name="shuffle_ard" timestamp="2025-08-13T17:56:14Z" hostname="bb3aa008acd7" tests="4" skipped="0" failures="0" errors="0" time="0.003">
    <testcase time="0.00199999999999534" classname="character(0)" name="shuffle_ard_fills_grouping_columns_with_Overall_var_or_Any_var_"/>
    <testcase time="0" classname="character(0)" name="shuffle_ard_fills_grouping_columns_with_Overall_var_or_Any_var_"/>
    <testcase time="0.00100000000000477" classname="character(0)" name="shuffle_ard_fills_grouping_columns_with_Overall_var_or_Any_var_"/>
    <testcase time="0" classname="character(0)" name="shuffle_ard_fills_grouping_columns_with_Overall_var_or_Any_var_"/>
  </testsuite>
  <testsuite name="shuffle_ard" timestamp="2025-08-13T17:56:14Z" hostname="bb3aa008acd7" tests="4" skipped="0" failures="0" errors="0" time="0.003">
    <testcase time="0.00200000000000955" classname="character(0)" name="shuffle_ard_fills_with_multiple_by_columns"/>
    <testcase time="0" classname="character(0)" name="shuffle_ard_fills_with_multiple_by_columns"/>
    <testcase time="0.000999999999990564" classname="character(0)" name="shuffle_ard_fills_with_multiple_by_columns"/>
    <testcase time="0" classname="character(0)" name="shuffle_ard_fills_with_multiple_by_columns"/>
  </testsuite>
  <testsuite name="shuffle_ard" timestamp="2025-08-13T17:56:14Z" hostname="bb3aa008acd7" tests="6" skipped="0" failures="0" errors="0" time="0.005">
    <testcase time="0.00300000000000011" classname="character(0)" name="shuffle_ard_messages_about_Overall_var_or_Any_var_"/>
    <testcase time="0" classname="character(0)" name="shuffle_ard_messages_about_Overall_var_or_Any_var_"/>
    <testcase time="0.00100000000000477" classname="character(0)" name="shuffle_ard_messages_about_Overall_var_or_Any_var_"/>
    <testcase time="0" classname="character(0)" name="shuffle_ard_messages_about_Overall_var_or_Any_var_"/>
    <testcase time="0.00100000000000477" classname="character(0)" name="shuffle_ard_messages_about_Overall_var_or_Any_var_"/>
    <testcase time="0" classname="character(0)" name="shuffle_ard_messages_about_Overall_var_or_Any_var_"/>
  </testsuite>
  <testsuite name="shuffle_ard" timestamp="2025-08-13T17:56:14Z" hostname="bb3aa008acd7" tests="1" skipped="0" failures="0" errors="0" time="0.002">
    <testcase time="0.00199999999999534" classname="character(0)" name="shuffle_ard_preserves_the_attributes_of_a_card_object"/>
  </testsuite>
  <testsuite name="tidy_ard_column_order" timestamp="2025-08-13T17:56:14Z" hostname="bb3aa008acd7" tests="1" skipped="0" failures="0" errors="0" time="0.123">
    <testcase time="0.123000000000005" classname="character(0)" name="tidy_ard_column_order_works"/>
  </testsuite>
  <testsuite name="tidy_ard_row_order" timestamp="2025-08-13T17:56:15Z" hostname="bb3aa008acd7" tests="1" skipped="0" failures="0" errors="0" time="0.263">
    <testcase time="0.262999999999991" classname="character(0)" name="tidy_ard_row_order_works"/>
  </testsuite>
  <testsuite name="tidy_as_ard" timestamp="2025-08-13T17:56:15Z" hostname="bb3aa008acd7" tests="4" skipped="0" failures="0" errors="0" time="0.371">
    <testcase time="0.370000000000005" classname="character(0)" name="tidy_as_ard_works"/>
    <testcase time="0" classname="character(0)" name="tidy_as_ard_works"/>
    <testcase time="0.00100000000000477" classname="character(0)" name="tidy_as_ard_works"/>
    <testcase time="0" classname="character(0)" name="tidy_as_ard_works"/>
  </testsuite>
  <testsuite name="unlist_ard_columns" timestamp="2025-08-13T17:56:16Z" hostname="bb3aa008acd7" tests="3" skipped="0" failures="0" errors="0" time="0.727">
    <testcase time="0.725999999999999" classname="character(0)" name="unlist_ard_columns_"/>
    <testcase time="0" classname="character(0)" name="unlist_ard_columns_"/>
    <testcase time="0.000999999999990564" classname="character(0)" name="unlist_ard_columns_"/>
  </testsuite>
  <testsuite name="unlist_ard_columns" timestamp="2025-08-13T17:56:16Z" hostname="bb3aa008acd7" tests="1" skipped="0" failures="0" errors="0" time="0.002">
    <testcase time="0.00200000000000955" classname="character(0)" name="unlist_ard_columns_messaging"/>
  </testsuite>
  <testsuite name="unlist_ard_columns" timestamp="2025-08-13T17:56:16Z" hostname="bb3aa008acd7" tests="2" skipped="0" failures="0" errors="0" time="0.003">
    <testcase time="0.00199999999999534" classname="character(0)" name="unlist_ard_columns_fct_as_chr_"/>
    <testcase time="0.00100000000000477" classname="character(0)" name="unlist_ard_columns_fct_as_chr_"/>
  </testsuite>
  <testsuite name="update_ard" timestamp="2025-08-13T17:56:17Z" hostname="bb3aa008acd7" tests="2" skipped="0" failures="0" errors="0" time="1.273">
    <testcase time="1.27199999999999" classname="character(0)" name="update_ard_fmt_fun_"/>
    <testcase time="0.00100000000000477" classname="character(0)" name="update_ard_fmt_fun_"/>
  </testsuite>
  <testsuite name="update_ard" timestamp="2025-08-13T17:56:17Z" hostname="bb3aa008acd7" tests="1" skipped="0" failures="0" errors="0" time="0.002">
    <testcase time="0.00199999999999534" classname="character(0)" name="update_ard_fmt_fun_filter_"/>
  </testsuite>
  <testsuite name="update_ard" timestamp="2025-08-13T17:56:17Z" hostname="bb3aa008acd7" tests="2" skipped="0" failures="0" errors="0" time="0.003">
    <testcase time="0.00200000000000955" classname="character(0)" name="update_ard_fmt_fun_filter_messaging"/>
    <testcase time="0.000999999999990564" classname="character(0)" name="update_ard_fmt_fun_filter_messaging"/>
  </testsuite>
  <testsuite name="update_ard" timestamp="2025-08-13T17:56:17Z" hostname="bb3aa008acd7" tests="1" skipped="0" failures="0" errors="0" time="0.002">
    <testcase time="0.00200000000000955" classname="character(0)" name="update_ard_stat_label_"/>
  </testsuite>
  <testsuite name="update_ard" timestamp="2025-08-13T17:56:17Z" hostname="bb3aa008acd7" tests="1" skipped="0" failures="0" errors="0" time="0.002">
    <testcase time="0.00199999999999534" classname="character(0)" name="update_ard_stat_label_filter_"/>
  </testsuite>
  <testsuite name="update_ard" timestamp="2025-08-13T17:56:17Z" hostname="bb3aa008acd7" tests="2" skipped="0" failures="0" errors="0" time="0.003">
    <testcase time="0.00300000000000011" classname="character(0)" name="update_ard_stat_label_filter_messaging"/>
    <testcase time="0" classname="character(0)" name="update_ard_stat_label_filter_messaging"/>
  </testsuite>
  <testsuite name="sort_ard_hierarchical" timestamp="2025-08-13T17:56:17Z" hostname="bb3aa008acd7" tests="3" skipped="0" failures="0" errors="0" time="0.444">
    <testcase time="0.442999999999998" classname="character(0)" name="sort_ard_hierarchical_works"/>
    <testcase time="0" classname="character(0)" name="sort_ard_hierarchical_works"/>
    <testcase time="0.00100000000000477" classname="character(0)" name="sort_ard_hierarchical_works"/>
  </testsuite>
  <testsuite name="sort_ard_hierarchical" timestamp="2025-08-13T17:56:17Z" hostname="bb3aa008acd7" tests="4" skipped="0" failures="0" errors="0" time="0.003">
    <testcase time="0.00199999999999534" classname="character(0)" name="sort_ard_hierarchical_sort_descending_works"/>
    <testcase time="0" classname="character(0)" name="sort_ard_hierarchical_sort_descending_works"/>
    <testcase time="0.00100000000000477" classname="character(0)" name="sort_ard_hierarchical_sort_descending_works"/>
    <testcase time="0" classname="character(0)" name="sort_ard_hierarchical_sort_descending_works"/>
  </testsuite>
  <testsuite name="sort_ard_hierarchical" timestamp="2025-08-13T17:56:17Z" hostname="bb3aa008acd7" tests="4" skipped="0" failures="0" errors="0" time="0.004">
    <testcase time="0.00300000000000011" classname="character(0)" name="sort_ard_hierarchical_sort_alphanumeric_works"/>
    <testcase time="0" classname="character(0)" name="sort_ard_hierarchical_sort_alphanumeric_works"/>
    <testcase time="0.00100000000000477" classname="character(0)" name="sort_ard_hierarchical_sort_alphanumeric_works"/>
    <testcase time="0" classname="character(0)" name="sort_ard_hierarchical_sort_alphanumeric_works"/>
  </testsuite>
  <testsuite name="sort_ard_hierarchical" timestamp="2025-08-13T17:56:17Z" hostname="bb3aa008acd7" tests="4" skipped="0" failures="0" errors="0" time="0.004">
    <testcase time="0.00199999999999534" classname="character(0)" name="sort_ard_hierarchical_sort_works_with_different_sorting_methods_for_each_variable"/>
    <testcase time="0.00100000000000477" classname="character(0)" name="sort_ard_hierarchical_sort_works_with_different_sorting_methods_for_each_variable"/>
    <testcase time="0" classname="character(0)" name="sort_ard_hierarchical_sort_works_with_different_sorting_methods_for_each_variable"/>
    <testcase time="0.000999999999990564" classname="character(0)" name="sort_ard_hierarchical_sort_works_with_different_sorting_methods_for_each_variable"/>
  </testsuite>
  <testsuite name="sort_ard_hierarchical" timestamp="2025-08-13T17:56:17Z" hostname="bb3aa008acd7" tests="4" skipped="0" failures="0" errors="0" time="0.004">
    <testcase time="0.00199999999999534" classname="character(0)" name="sort_ard_hierarchical_works_when_there_is_no_overall_row_in_x"/>
    <testcase time="0.00100000000000477" classname="character(0)" name="sort_ard_hierarchical_works_when_there_is_no_overall_row_in_x"/>
    <testcase time="0" classname="character(0)" name="sort_ard_hierarchical_works_when_there_is_no_overall_row_in_x"/>
    <testcase time="0.00100000000000477" classname="character(0)" name="sort_ard_hierarchical_works_when_there_is_no_overall_row_in_x"/>
  </testsuite>
  <testsuite name="sort_ard_hierarchical" timestamp="2025-08-13T17:56:17Z" hostname="bb3aa008acd7" tests="5" skipped="0" failures="0" errors="0" time="0.004">
    <testcase time="0.00199999999999534" classname="character(0)" name="sort_ard_hierarchical_works_with_only_one_variable_in_x"/>
    <testcase time="0" classname="character(0)" name="sort_ard_hierarchical_works_with_only_one_variable_in_x"/>
    <testcase time="0.00100000000000477" classname="character(0)" name="sort_ard_hierarchical_works_with_only_one_variable_in_x"/>
    <testcase time="0.000999999999990564" classname="character(0)" name="sort_ard_hierarchical_works_with_only_one_variable_in_x"/>
    <testcase time="0" classname="character(0)" name="sort_ard_hierarchical_works_with_only_one_variable_in_x"/>
  </testsuite>
  <testsuite name="sort_ard_hierarchical" timestamp="2025-08-13T17:56:18Z" hostname="bb3aa008acd7" tests="1" skipped="0" failures="0" errors="0" time="0.002">
    <testcase time="0.00200000000000955" classname="character(0)" name="sort_ard_hierarchical_works_when_some_variables_not_included_in_x"/>
  </testsuite>
  <testsuite name="sort_ard_hierarchical" timestamp="2025-08-13T17:56:18Z" hostname="bb3aa008acd7" tests="1" skipped="0" failures="0" errors="0" time="0.002">
    <testcase time="0.00199999999999534" classname="character(0)" name="sort_ard_hierarchical_works_when_sorting_using_p_instead_of_n"/>
  </testsuite>
  <testsuite name="sort_ard_hierarchical" timestamp="2025-08-13T17:56:18Z" hostname="bb3aa008acd7" tests="3" skipped="0" failures="0" errors="0" time="0.006">
    <testcase time="0.00199999999999534" classname="character(0)" name="sort_ard_hierarchical_works_with_overall_data"/>
    <testcase time="0.00300000000000011" classname="character(0)" name="sort_ard_hierarchical_works_with_overall_data"/>
    <testcase time="0.00100000000000477" classname="character(0)" name="sort_ard_hierarchical_works_with_overall_data"/>
  </testsuite>
  <testsuite name="sort_ard_hierarchical" timestamp="2025-08-13T17:56:18Z" hostname="bb3aa008acd7" tests="3" skipped="0" failures="0" errors="0" time="0.003">
    <testcase time="0.00199999999999534" classname="character(0)" name="sort_ard_hierarchical_error_messaging_works"/>
    <testcase time="0.00100000000000477" classname="character(0)" name="sort_ard_hierarchical_error_messaging_works"/>
    <testcase time="0" classname="character(0)" name="sort_ard_hierarchical_error_messaging_works"/>
  </testsuite>
</testsuites>
