<?xml version="1.0" encoding="UTF-8"?>
<testsuites>
  <testsuite name="ard_attributes" timestamp="2024-06-12T16:53:13Z" hostname="012e94c69b69" tests="1" skipped="1" failures="0" errors="0" time="0.694">
    <testcase time="0.694" classname="character(0)" name="ard_attributes_works">
      <skipped message="Reason: On CRAN ('test-ard_attributes.R:2:3')"/>
    </testcase>
  </testsuite>
  <testsuite name="ard_attributes" timestamp="2024-06-12T16:53:13Z" hostname="012e94c69b69" tests="1" skipped="0" failures="0" errors="0" time="0.042">
    <testcase time="0.042" classname="character(0)" name="ard_attributes_errors_when_there_is_no_dataframe"/>
  </testsuite>
  <testsuite name="apply_fmt_fn" timestamp="2024-06-12T16:53:13Z" hostname="012e94c69b69" tests="2" skipped="0" failures="0" errors="0" time="0.041">
    <testcase time="0.0409999999999999" classname="character(0)" name="apply_fmt_fn_works"/>
    <testcase time="0" classname="character(0)" name="apply_fmt_fn_works"/>
  </testsuite>
  <testsuite name="apply_fmt_fn" timestamp="2024-06-12T16:53:13Z" hostname="012e94c69b69" tests="1" skipped="0" failures="0" errors="0" time="0.002">
    <testcase time="0.002" classname="character(0)" name="apply_fmt_fn_works_with_integer_specification"/>
  </testsuite>
  <testsuite name="apply_fmt_fn" timestamp="2024-06-12T16:53:13Z" hostname="012e94c69b69" tests="2" skipped="0" failures="0" errors="0" time="0.003">
    <testcase time="0.002" classname="character(0)" name="apply_fmt_fn_works_with_xx_specification"/>
    <testcase time="0.00100000000000011" classname="character(0)" name="apply_fmt_fn_works_with_xx_specification"/>
  </testsuite>
  <testsuite name="apply_fmt_fn" timestamp="2024-06-12T16:53:13Z" hostname="012e94c69b69" tests="1" skipped="1" failures="0" errors="0" time="0.002">
    <testcase time="0.002" classname="character(0)" name="apply_fmt_fn_error_messaging">
      <skipped message="Reason: On CRAN ('test-apply_fmt_fn.R:76:3')"/>
    </testcase>
  </testsuite>
  <testsuite name="ard_complex" timestamp="2024-06-12T16:53:14Z" hostname="012e94c69b69" tests="5" skipped="0" failures="0" errors="0" time="0.63">
    <testcase time="0.628" classname="character(0)" name="ard_complex_works"/>
    <testcase time="0.00099999999999989" classname="character(0)" name="ard_complex_works"/>
    <testcase time="0" classname="character(0)" name="ard_complex_works"/>
    <testcase time="0" classname="character(0)" name="ard_complex_works"/>
    <testcase time="0.00100000000000033" classname="character(0)" name="ard_complex_works"/>
  </testsuite>
  <testsuite name="ard_complex" timestamp="2024-06-12T16:53:14Z" hostname="012e94c69b69" tests="1" skipped="1" failures="0" errors="0" time="0.001">
    <testcase time="0.00099999999999989" classname="character(0)" name="ard_complex_messaging">
      <skipped message="Reason: On CRAN ('test-ard_complex.R:87:3')"/>
    </testcase>
  </testsuite>
  <testsuite name="ard_complex" timestamp="2024-06-12T16:53:14Z" hostname="012e94c69b69" tests="1" skipped="0" failures="0" errors="0" time="0.01">
    <testcase time="0.00999999999999979" classname="character(0)" name="ard_complex_with_grouped_data_works"/>
  </testsuite>
  <testsuite name="ard_continuous" timestamp="2024-06-12T16:53:17Z" hostname="012e94c69b69" tests="2" skipped="1" failures="0" errors="0" time="2.417">
    <testcase time="2.416" classname="character(0)" name="ard_continuous_works"/>
    <testcase time="0.000999999999999446" classname="character(0)" name="ard_continuous_works">
      <skipped message="Reason: On CRAN ('test-ard_continuous.R:7:3')"/>
    </testcase>
  </testsuite>
  <testsuite name="ard_continuous" timestamp="2024-06-12T16:53:17Z" hostname="012e94c69b69" tests="1" skipped="1" failures="0" errors="0" time="0.018">
    <testcase time="0.0180000000000007" classname="character(0)" name="ard_continuous_fmt_fn_argument_works">
      <skipped message="Reason: On CRAN ('test-ard_continuous.R:35:3')"/>
    </testcase>
  </testsuite>
  <testsuite name="ard_continuous" timestamp="2024-06-12T16:53:17Z" hostname="012e94c69b69" tests="1" skipped="1" failures="0" errors="0" time="0.016">
    <testcase time="0.016" classname="character(0)" name="ard_continuous_messaging">
      <skipped message="Reason: On CRAN ('test-ard_continuous.R:86:3')"/>
    </testcase>
  </testsuite>
  <testsuite name="ard_continuous" timestamp="2024-06-12T16:53:17Z" hostname="012e94c69b69" tests="1" skipped="1" failures="0" errors="0" time="0.012">
    <testcase time="0.0119999999999996" classname="character(0)" name="ard_continuous_stat_label_argument_works">
      <skipped message="Reason: On CRAN ('test-ard_continuous.R:106:3')"/>
    </testcase>
  </testsuite>
  <testsuite name="ard_continuous" timestamp="2024-06-12T16:53:17Z" hostname="012e94c69b69" tests="2" skipped="0" failures="0" errors="0" time="0.01">
    <testcase time="0.00900000000000034" classname="character(0)" name="ard_continuous_and_ARD_column_names"/>
    <testcase time="0.000999999999999446" classname="character(0)" name="ard_continuous_and_ARD_column_names"/>
  </testsuite>
  <testsuite name="ard_continuous" timestamp="2024-06-12T16:53:17Z" hostname="012e94c69b69" tests="1" skipped="0" failures="0" errors="0" time="0.001">
    <testcase time="0.00100000000000033" classname="character(0)" name="ard_continuous_with_grouped_data_works"/>
  </testsuite>
  <testsuite name="ard_continuous" timestamp="2024-06-12T16:53:17Z" hostname="012e94c69b69" tests="1" skipped="1" failures="0" errors="0" time="0.001">
    <testcase time="0.00100000000000033" classname="character(0)" name="ard_continuous_with_dates_works_and_displays_as_expected">
      <skipped message="Reason: On CRAN ('test-ard_continuous.R:234:3')"/>
    </testcase>
  </testsuite>
  <testsuite name="ard_continuous" timestamp="2024-06-12T16:53:17Z" hostname="012e94c69b69" tests="1" skipped="0" failures="0" errors="0" time="0.01">
    <testcase time="0.00999999999999979" classname="character(0)" name="ard_continuous_with_empty_missing_dates_works_and_preserves_Date_class"/>
  </testsuite>
  <testsuite name="ard_continuous" timestamp="2024-06-12T16:53:17Z" hostname="012e94c69b69" tests="3" skipped="1" failures="0" errors="0" time="0.002">
    <testcase time="0.000999999999999446" classname="character(0)" name="ard_continuous_works_with_non_syntactic_names"/>
    <testcase time="0" classname="character(0)" name="ard_continuous_works_with_non_syntactic_names"/>
    <testcase time="0.00100000000000033" classname="character(0)" name="ard_continuous_works_with_non_syntactic_names">
      <skipped message="Reason: On CRAN ('test-ard_continuous.R:288:3')"/>
    </testcase>
  </testsuite>
  <testsuite name="ard_dichotomous" timestamp="2024-06-12T16:53:17Z" hostname="012e94c69b69" tests="2" skipped="1" failures="0" errors="0" time="0.541">
    <testcase time="0.54" classname="character(0)" name="ard_dichotomous_works"/>
    <testcase time="0.00100000000000033" classname="character(0)" name="ard_dichotomous_works">
      <skipped message="Reason: On CRAN ('test-ard_dichotomous.R:11:3')"/>
    </testcase>
  </testsuite>
  <testsuite name="ard_dichotomous" timestamp="2024-06-12T16:53:17Z" hostname="012e94c69b69" tests="1" skipped="1" failures="0" errors="0" time="0.021">
    <testcase time="0.0209999999999999" classname="character(0)" name="ard_dichotomous_works">
      <skipped message="Reason: On CRAN ('test-ard_dichotomous.R:46:3')"/>
    </testcase>
  </testsuite>
  <testsuite name="ard_dichotomous" timestamp="2024-06-12T16:53:17Z" hostname="012e94c69b69" tests="1" skipped="0" failures="0" errors="0" time="0.015">
    <testcase time="0.0149999999999997" classname="character(0)" name="ard_dichotomous_with_grouped_data_works"/>
  </testsuite>
  <testsuite name="ard_categorical" timestamp="2024-06-12T16:53:18Z" hostname="012e94c69b69" tests="2" skipped="1" failures="0" errors="0" time="0.658">
    <testcase time="0.658" classname="character(0)" name="ard_categorical_univariate"/>
    <testcase time="0" classname="character(0)" name="ard_categorical_univariate">
      <skipped message="Reason: On CRAN ('test-ard_categorical.R:6:3')"/>
    </testcase>
  </testsuite>
  <testsuite name="ard_categorical" timestamp="2024-06-12T16:53:18Z" hostname="012e94c69b69" tests="2" skipped="1" failures="0" errors="0" time="0.011">
    <testcase time="0.00999999999999979" classname="character(0)" name="ard_categorical_univariate_specified_denomiator"/>
    <testcase time="0.00100000000000033" classname="character(0)" name="ard_categorical_univariate_specified_denomiator">
      <skipped message="Reason: On CRAN ('test-ard_categorical.R:77:3')"/>
    </testcase>
  </testsuite>
  <testsuite name="ard_categorical" timestamp="2024-06-12T16:53:18Z" hostname="012e94c69b69" tests="1" skipped="1" failures="0" errors="0" time="0.012">
    <testcase time="0.0119999999999996" classname="character(0)" name="ard_continuous_fmt_fn_argument_works">
      <skipped message="Reason: On CRAN ('test-ard_categorical.R:103:3')"/>
    </testcase>
  </testsuite>
  <testsuite name="ard_categorical" timestamp="2024-06-12T16:53:18Z" hostname="012e94c69b69" tests="6" skipped="1" failures="0" errors="0" time="0.012">
    <testcase time="0.00900000000000034" classname="character(0)" name="ard_categorical_with_strata_and_by_arguments"/>
    <testcase time="0.000999999999999446" classname="character(0)" name="ard_categorical_with_strata_and_by_arguments"/>
    <testcase time="0" classname="character(0)" name="ard_categorical_with_strata_and_by_arguments"/>
    <testcase time="0.00100000000000033" classname="character(0)" name="ard_categorical_with_strata_and_by_arguments"/>
    <testcase time="0" classname="character(0)" name="ard_categorical_with_strata_and_by_arguments"/>
    <testcase time="0.00100000000000033" classname="character(0)" name="ard_categorical_with_strata_and_by_arguments">
      <skipped message="Reason: On CRAN ('test-ard_categorical.R:221:3')"/>
    </testcase>
  </testsuite>
  <testsuite name="ard_categorical" timestamp="2024-06-12T16:53:18Z" hostname="012e94c69b69" tests="1" skipped="1" failures="0" errors="0" time="0.009">
    <testcase time="0.00899999999999945" classname="character(0)" name="ard_categorical_stat_label_argument_works">
      <skipped message="Reason: On CRAN ('test-ard_categorical.R:234:3')"/>
    </testcase>
  </testsuite>
  <testsuite name="ard_categorical" timestamp="2024-06-12T16:53:18Z" hostname="012e94c69b69" tests="5" skipped="0" failures="0" errors="0" time="0.011">
    <testcase time="0.00900000000000034" classname="character(0)" name="ard_categorical_denominator_cell_works"/>
    <testcase time="0.000999999999999446" classname="character(0)" name="ard_categorical_denominator_cell_works"/>
    <testcase time="0" classname="character(0)" name="ard_categorical_denominator_cell_works"/>
    <testcase time="0.00100000000000033" classname="character(0)" name="ard_categorical_denominator_cell_works"/>
    <testcase time="0" classname="character(0)" name="ard_categorical_denominator_cell_works"/>
  </testsuite>
  <testsuite name="ard_categorical" timestamp="2024-06-12T16:53:18Z" hostname="012e94c69b69" tests="7" skipped="1" failures="0" errors="0" time="0.004">
    <testcase time="0.00100000000000033" classname="character(0)" name="ard_categorical_denominator_row_works"/>
    <testcase time="0.000999999999999446" classname="character(0)" name="ard_categorical_denominator_row_works"/>
    <testcase time="0" classname="character(0)" name="ard_categorical_denominator_row_works"/>
    <testcase time="0.00100000000000033" classname="character(0)" name="ard_categorical_denominator_row_works"/>
    <testcase time="0" classname="character(0)" name="ard_categorical_denominator_row_works"/>
    <testcase time="0.00100000000000033" classname="character(0)" name="ard_categorical_denominator_row_works"/>
    <testcase time="0" classname="character(0)" name="ard_categorical_denominator_row_works">
      <skipped message="Reason: On CRAN ('test-ard_categorical.R:391:3')"/>
    </testcase>
  </testsuite>
  <testsuite name="ard_categorical" timestamp="2024-06-12T16:53:18Z" hostname="012e94c69b69" tests="5" skipped="0" failures="0" errors="0" time="0.014">
    <testcase time="0.0119999999999996" classname="character(0)" name="ard_categorical_denominator_column_works"/>
    <testcase time="0" classname="character(0)" name="ard_categorical_denominator_column_works"/>
    <testcase time="0.00100000000000033" classname="character(0)" name="ard_categorical_denominator_column_works"/>
    <testcase time="0" classname="character(0)" name="ard_categorical_denominator_column_works"/>
    <testcase time="0.000999999999999446" classname="character(0)" name="ard_categorical_denominator_column_works"/>
  </testsuite>
  <testsuite name="ard_categorical" timestamp="2024-06-12T16:53:18Z" hostname="012e94c69b69" tests="1" skipped="0" failures="0" errors="0" time="0.001">
    <testcase time="0.00100000000000033" classname="character(0)" name="ard_categorical_denominator_integer_works"/>
  </testsuite>
  <testsuite name="ard_categorical" timestamp="2024-06-12T16:53:18Z" hostname="012e94c69b69" tests="1" skipped="1" failures="0" errors="0" time="0.002">
    <testcase time="0.00199999999999978" classname="character(0)" name="ard_categorical_denominator_data_frame_with_counts_works">
      <skipped message="Reason: On CRAN ('test-ard_categorical.R:498:3')"/>
    </testcase>
  </testsuite>
  <testsuite name="ard_categorical" timestamp="2024-06-12T16:53:18Z" hostname="012e94c69b69" tests="2" skipped="0" failures="0" errors="0" time="0.009">
    <testcase time="0.00900000000000034" classname="character(0)" name="ard_categorical_denominator_data_frame_without_counts_works"/>
    <testcase time="0" classname="character(0)" name="ard_categorical_denominator_data_frame_without_counts_works"/>
  </testsuite>
  <testsuite name="ard_categorical" timestamp="2024-06-12T16:53:18Z" hostname="012e94c69b69" tests="2" skipped="0" failures="0" errors="0" time="0.002">
    <testcase time="0.00199999999999978" classname="character(0)" name="ard_categorical_and_ARD_column_names"/>
    <testcase time="0" classname="character(0)" name="ard_categorical_and_ARD_column_names"/>
  </testsuite>
  <testsuite name="ard_categorical" timestamp="2024-06-12T16:53:18Z" hostname="012e94c69b69" tests="1" skipped="0" failures="0" errors="0" time="0.002">
    <testcase time="0.00199999999999978" classname="character(0)" name="ard_categorical_with_grouped_data_works"/>
  </testsuite>
  <testsuite name="ard_categorical" timestamp="2024-06-12T16:53:18Z" hostname="012e94c69b69" tests="1" skipped="1" failures="0" errors="0" time="0.001">
    <testcase time="0.00100000000000033" classname="character(0)" name="ard_categorical_and_all_NA_columns">
      <skipped message="Reason: On CRAN ('test-ard_categorical.R:632:3')"/>
    </testcase>
  </testsuite>
  <testsuite name="ard_categorical" timestamp="2024-06-12T16:53:18Z" hostname="012e94c69b69" tests="4" skipped="0" failures="0" errors="0" time="0.011">
    <testcase time="0.00900000000000034" classname="character(0)" name="ard_categorical_can_handle_non_syntactic_column_names"/>
    <testcase time="0.000999999999999446" classname="character(0)" name="ard_categorical_can_handle_non_syntactic_column_names"/>
    <testcase time="0" classname="character(0)" name="ard_categorical_can_handle_non_syntactic_column_names"/>
    <testcase time="0.00100000000000033" classname="character(0)" name="ard_categorical_can_handle_non_syntactic_column_names"/>
  </testsuite>
  <testsuite name="ard_categorical" timestamp="2024-06-12T16:53:18Z" hostname="012e94c69b69" tests="1" skipped="0" failures="0" errors="0" time="0.001">
    <testcase time="0.000999999999999446" classname="character(0)" name="ard_categorical_strata_returns_results_in_proper_order"/>
  </testsuite>
  <testsuite name="ard_missing" timestamp="2024-06-12T16:53:18Z" hostname="012e94c69b69" tests="2" skipped="1" failures="0" errors="0" time="0.314">
    <testcase time="0.314" classname="character(0)" name="ard_missing_works"/>
    <testcase time="0" classname="character(0)" name="ard_missing_works">
      <skipped message="Reason: On CRAN ('test-ard_missing.R:7:3')"/>
    </testcase>
  </testsuite>
  <testsuite name="ard_missing" timestamp="2024-06-12T16:53:18Z" hostname="012e94c69b69" tests="1" skipped="1" failures="0" errors="0" time="0.01">
    <testcase time="0.0100000000000007" classname="character(0)" name="ard_missing_stat_label_argument_works">
      <skipped message="Reason: On CRAN ('test-ard_missing.R:31:3')"/>
    </testcase>
  </testsuite>
  <testsuite name="ard_missing" timestamp="2024-06-12T16:53:18Z" hostname="012e94c69b69" tests="1" skipped="0" failures="0" errors="0" time="0.01">
    <testcase time="0.00999999999999979" classname="character(0)" name="ard_missing_with_grouped_data_works"/>
  </testsuite>
  <testsuite name="ard_stack" timestamp="2024-06-12T16:53:22Z" hostname="012e94c69b69" tests="7" skipped="0" failures="0" errors="0" time="3.776">
    <testcase time="3.773" classname="character(0)" name="ard_stack_works"/>
    <testcase time="0" classname="character(0)" name="ard_stack_works"/>
    <testcase time="0.000999999999999446" classname="character(0)" name="ard_stack_works"/>
    <testcase time="0" classname="character(0)" name="ard_stack_works"/>
    <testcase time="0.000999999999999446" classname="character(0)" name="ard_stack_works"/>
    <testcase time="0" classname="character(0)" name="ard_stack_works"/>
    <testcase time="0.00100000000000122" classname="character(0)" name="ard_stack_works"/>
  </testsuite>
  <testsuite name="ard_stack" timestamp="2024-06-12T16:53:22Z" hostname="012e94c69b69" tests="2" skipped="0" failures="0" errors="0" time="0.002">
    <testcase time="0.000999999999999446" classname="character(0)" name="ard_stack_adding_overalls"/>
    <testcase time="0.000999999999999446" classname="character(0)" name="ard_stack_adding_overalls"/>
  </testsuite>
  <testsuite name="ard_stack" timestamp="2024-06-12T16:53:22Z" hostname="012e94c69b69" tests="4" skipped="0" failures="0" errors="0" time="0.003">
    <testcase time="0.00100000000000122" classname="character(0)" name="ard_stack_adding_missing_attributes"/>
    <testcase time="0.000999999999999446" classname="character(0)" name="ard_stack_adding_missing_attributes"/>
    <testcase time="0" classname="character(0)" name="ard_stack_adding_missing_attributes"/>
    <testcase time="0.000999999999999446" classname="character(0)" name="ard_stack_adding_missing_attributes"/>
  </testsuite>
  <testsuite name="ard_stack" timestamp="2024-06-12T16:53:22Z" hostname="012e94c69b69" tests="2" skipped="0" failures="0" errors="0" time="0.002">
    <testcase time="0.000999999999999446" classname="character(0)" name="ard_stack_.shuffle_argument"/>
    <testcase time="0.00100000000000122" classname="character(0)" name="ard_stack_.shuffle_argument"/>
  </testsuite>
  <testsuite name="ard_stack" timestamp="2024-06-12T16:53:22Z" hostname="012e94c69b69" tests="1" skipped="0" failures="0" errors="0" time="0.001">
    <testcase time="0.000999999999999446" classname="character(0)" name="ard_stack_works_with_namespaced_functions"/>
  </testsuite>
  <testsuite name="ard_stack" timestamp="2024-06-12T16:53:22Z" hostname="012e94c69b69" tests="1" skipped="1" failures="0" errors="0" time="0.001">
    <testcase time="0.000999999999999446" classname="character(0)" name="ard_stack_messaging">
      <skipped message="Reason: On CRAN ('test-ard_stack.R:208:3')"/>
    </testcase>
  </testsuite>
  <testsuite name="ard_stack" timestamp="2024-06-12T16:53:22Z" hostname="012e94c69b69" tests="1" skipped="1" failures="0" errors="0" time="0.01">
    <testcase time="0.0100000000000016" classname="character(0)" name="ard_stack_complex_call_error">
      <skipped message="Reason: On CRAN ('test-ard_stack.R:219:3')"/>
    </testcase>
  </testsuite>
  <testsuite name="as_nested_list" timestamp="2024-06-12T16:53:22Z" hostname="012e94c69b69" tests="1" skipped="1" failures="0" errors="0" time="0.364">
    <testcase time="0.363999999999999" classname="character(0)" name="as_nested_list_works">
      <skipped message="Reason: On CRAN ('test-as_nested_list.R:2:3')"/>
    </testcase>
  </testsuite>
  <testsuite name="bind_ard" timestamp="2024-06-12T16:53:23Z" hostname="012e94c69b69" tests="1" skipped="0" failures="0" errors="0" time="0.336">
    <testcase time="0.336" classname="character(0)" name="bind_ard_works"/>
  </testsuite>
  <testsuite name="bind_ard" timestamp="2024-06-12T16:53:23Z" hostname="012e94c69b69" tests="1" skipped="1" failures="0" errors="0" time="0.002">
    <testcase time="0.00200000000000067" classname="character(0)" name="ARD_helpers_messaging">
      <skipped message="Reason: On CRAN ('test-bind_ard.R:14:3')"/>
    </testcase>
  </testsuite>
  <testsuite name="bind_ard" timestamp="2024-06-12T16:53:23Z" hostname="012e94c69b69" tests="1" skipped="1" failures="0" errors="0" time="0.01">
    <testcase time="0.00999999999999979" classname="character(0)" name="bind_ard_.order_argument_works">
      <skipped message="Reason: On CRAN ('test-bind_ard.R:27:3')"/>
    </testcase>
  </testsuite>
  <testsuite name="check_ard_structure" timestamp="2024-06-12T16:53:23Z" hostname="012e94c69b69" tests="1" skipped="1" failures="0" errors="0" time="0.141">
    <testcase time="0.141" classname="character(0)" name="check_ard_structure_works">
      <skipped message="Reason: On CRAN ('test-check_ard_structure.R:2:3')"/>
    </testcase>
  </testsuite>
  <testsuite name="check_pkg_installed" timestamp="2024-06-12T16:53:23Z" hostname="012e94c69b69" tests="13" skipped="1" failures="0" errors="0" time="0.279">
    <testcase time="0.273" classname="character(0)" name="check_pkg_installed_works"/>
    <testcase time="0" classname="character(0)" name="check_pkg_installed_works"/>
    <testcase time="0.000999999999999446" classname="character(0)" name="check_pkg_installed_works"/>
    <testcase time="0" classname="character(0)" name="check_pkg_installed_works"/>
    <testcase time="0.000999999999999446" classname="character(0)" name="check_pkg_installed_works"/>
    <testcase time="0" classname="character(0)" name="check_pkg_installed_works"/>
    <testcase time="0.00100000000000122" classname="character(0)" name="check_pkg_installed_works"/>
    <testcase time="0" classname="character(0)" name="check_pkg_installed_works"/>
    <testcase time="0.000999999999999446" classname="character(0)" name="check_pkg_installed_works"/>
    <testcase time="0" classname="character(0)" name="check_pkg_installed_works"/>
    <testcase time="0.000999999999999446" classname="character(0)" name="check_pkg_installed_works"/>
    <testcase time="0" classname="character(0)" name="check_pkg_installed_works"/>
    <testcase time="0.00100000000000122" classname="character(0)" name="check_pkg_installed_works">
      <skipped message="Reason: On CRAN ('test-check_pkg_installed.R:58:3')"/>
    </testcase>
  </testsuite>
  <testsuite name="eval_capture_conditions" timestamp="2024-06-12T16:53:23Z" hostname="012e94c69b69" tests="1" skipped="1" failures="0" errors="0" time="0.054">
    <testcase time="0.0540000000000003" classname="character(0)" name="eval_capture_conditions_works">
      <skipped message="Reason: On CRAN ('test-eval_capture_conditions.R:3:3')"/>
    </testcase>
  </testsuite>
  <testsuite name="get_ard_statistics" timestamp="2024-06-12T16:53:23Z" hostname="012e94c69b69" tests="1" skipped="1" failures="0" errors="0" time="0.114">
    <testcase time="0.113999999999999" classname="character(0)" name="get_ard_statistics_works">
      <skipped message="Reason: On CRAN ('test-get_ard_statistics.R:4:3')"/>
    </testcase>
  </testsuite>
  <testsuite name="label_cards" timestamp="2024-06-12T16:53:23Z" hostname="012e94c69b69" tests="4" skipped="0" failures="0" errors="0" time="0.062">
    <testcase time="0.0600000000000005" classname="character(0)" name="label_cards_works"/>
    <testcase time="0.000999999999999446" classname="character(0)" name="label_cards_works"/>
    <testcase time="0" classname="character(0)" name="label_cards_works"/>
    <testcase time="0.000999999999999446" classname="character(0)" name="label_cards_works"/>
  </testsuite>
  <testsuite name="nest_for_ard" timestamp="2024-06-12T16:53:24Z" hostname="012e94c69b69" tests="3" skipped="0" failures="0" errors="0" time="0.128">
    <testcase time="0.127000000000001" classname="character(0)" name="nest_for_ard_works"/>
    <testcase time="0" classname="character(0)" name="nest_for_ard_works"/>
    <testcase time="0.000999999999999446" classname="character(0)" name="nest_for_ard_works"/>
  </testsuite>
  <testsuite name="print" timestamp="2024-06-12T16:53:24Z" hostname="012e94c69b69" tests="1" skipped="1" failures="0" errors="0" time="0.16">
    <testcase time="0.16" classname="character(0)" name="print.card_works">
      <skipped message="Reason: On CRAN ('test-print.R:2:3')"/>
    </testcase>
  </testsuite>
  <testsuite name="print_ard_conditions" timestamp="2024-06-12T16:53:24Z" hostname="012e94c69b69" tests="1" skipped="1" failures="0" errors="0" time="0.157">
    <testcase time="0.157" classname="character(0)" name="print_ard_conditions_works">
      <skipped message="Reason: On CRAN ('test-print_ard_conditions.R:3:3')"/>
    </testcase>
  </testsuite>
  <testsuite name="print_ard_conditions" timestamp="2024-06-12T16:53:24Z" hostname="012e94c69b69" tests="1" skipped="1" failures="0" errors="0" time="0.013">
    <testcase time="0.0129999999999999" classname="character(0)" name="print_ard_conditions_no_error_when_error_warning_columns_not_present">
      <skipped message="Reason: On CRAN ('test-print_ard_conditions.R:70:3')"/>
    </testcase>
  </testsuite>
  <testsuite name="process_selectors" timestamp="2024-06-12T16:53:24Z" hostname="012e94c69b69" tests="3" skipped="0" failures="0" errors="0" time="0.306">
    <testcase time="0.305000000000001" classname="character(0)" name="process_selectors_works"/>
    <testcase time="0" classname="character(0)" name="process_selectors_works"/>
    <testcase time="0.000999999999999446" classname="character(0)" name="process_selectors_works"/>
  </testsuite>
  <testsuite name="process_selectors" timestamp="2024-06-12T16:53:24Z" hostname="012e94c69b69" tests="2" skipped="0" failures="0" errors="0" time="0.002">
    <testcase time="0.00199999999999889" classname="character(0)" name="process_formula_selectors_works"/>
    <testcase time="0" classname="character(0)" name="process_formula_selectors_works"/>
  </testsuite>
  <testsuite name="process_selectors" timestamp="2024-06-12T16:53:24Z" hostname="012e94c69b69" tests="1" skipped="1" failures="0" errors="0" time="0.002">
    <testcase time="0.00200000000000067" classname="character(0)" name="process_formula_selectors_error_messaging">
      <skipped message="Reason: On CRAN ('test-process_selectors.R:52:3')"/>
    </testcase>
  </testsuite>
  <testsuite name="process_selectors" timestamp="2024-06-12T16:53:24Z" hostname="012e94c69b69" tests="3" skipped="1" failures="0" errors="0" time="0.01">
    <testcase time="0.00900000000000034" classname="character(0)" name="compute_formula_selector_selects_the_last_assignment_when_multiple_appear"/>
    <testcase time="0.000999999999999446" classname="character(0)" name="compute_formula_selector_selects_the_last_assignment_when_multiple_appear"/>
    <testcase time="0" classname="character(0)" name="compute_formula_selector_selects_the_last_assignment_when_multiple_appear">
      <skipped message="Reason: On CRAN ('test-process_selectors.R:85:3')"/>
    </testcase>
  </testsuite>
  <testsuite name="process_selectors" timestamp="2024-06-12T16:53:24Z" hostname="012e94c69b69" tests="1" skipped="0" failures="0" errors="0" time="0.013">
    <testcase time="0.0129999999999999" classname="character(0)" name="cards_select_deprecation_error_with_vars_"/>
  </testsuite>
  <testsuite name="replace_null_statistic" timestamp="2024-06-12T16:53:24Z" hostname="012e94c69b69" tests="2" skipped="0" failures="0" errors="0" time="0.075">
    <testcase time="0.0739999999999998" classname="character(0)" name="replace_null_statistic_works"/>
    <testcase time="0.00100000000000122" classname="character(0)" name="replace_null_statistic_works"/>
  </testsuite>
  <testsuite name="round5" timestamp="2024-06-12T16:53:24Z" hostname="012e94c69b69" tests="1" skipped="1" failures="0" errors="0" time="0.063">
    <testcase time="0.0629999999999988" classname="character(0)" name="round5_works">
      <skipped message="Reason: On CRAN ('test-round5.R:2:3')"/>
    </testcase>
  </testsuite>
  <testsuite name="ard_hierarchical" timestamp="2024-06-12T16:53:24Z" hostname="012e94c69b69" tests="2" skipped="1" failures="0" errors="0" time="0.061">
    <testcase time="0.0600000000000005" classname="character(0)" name="ard_hierarchical_works_without_by_variables"/>
    <testcase time="0.000999999999999446" classname="character(0)" name="ard_hierarchical_works_without_by_variables">
      <skipped message="Reason: On CRAN ('test-ard_hierarchical.R:12:3')"/>
    </testcase>
  </testsuite>
  <testsuite name="ard_hierarchical" timestamp="2024-06-12T16:53:24Z" hostname="012e94c69b69" tests="2" skipped="0" failures="0" errors="0" time="0.018">
    <testcase time="0.0170000000000012" classname="character(0)" name="ard_hierarchical_works_with_by_variable"/>
    <testcase time="0.000999999999999446" classname="character(0)" name="ard_hierarchical_works_with_by_variable"/>
  </testsuite>
  <testsuite name="ard_hierarchical" timestamp="2024-06-12T16:53:24Z" hostname="012e94c69b69" tests="2" skipped="0" failures="0" errors="0" time="0.008">
    <testcase time="0.00699999999999967" classname="character(0)" name="ard_hierarchical_works_with_by_variable_not_present_in_denominator_"/>
    <testcase time="0.000999999999999446" classname="character(0)" name="ard_hierarchical_works_with_by_variable_not_present_in_denominator_"/>
  </testsuite>
  <testsuite name="ard_hierarchical" timestamp="2024-06-12T16:53:24Z" hostname="012e94c69b69" tests="1" skipped="1" failures="0" errors="0" time="0.002">
    <testcase time="0.00200000000000067" classname="character(0)" name="ard_hierarchical_works_without_any_variables">
      <skipped message="Reason: On CRAN ('test-ard_hierarchical.R:97:3')"/>
    </testcase>
  </testsuite>
  <testsuite name="ard_hierarchical" timestamp="2024-06-12T16:53:24Z" hostname="012e94c69b69" tests="1" skipped="1" failures="0" errors="0" time="0.016">
    <testcase time="0.016" classname="character(0)" name="ard_hierarchical_id_argument_works">
      <skipped message="Reason: On CRAN ('test-ard_hierarchical.R:107:3')"/>
    </testcase>
  </testsuite>
  <testsuite name="ard_hierarchical" timestamp="2024-06-12T16:53:24Z" hostname="012e94c69b69" tests="2" skipped="1" failures="0" errors="0" time="0.018">
    <testcase time="0.0169999999999995" classname="character(0)" name="ard_hierarchical_count_works_without_by_variables"/>
    <testcase time="0.00100000000000122" classname="character(0)" name="ard_hierarchical_count_works_without_by_variables">
      <skipped message="Reason: On CRAN ('test-ard_hierarchical.R:141:3')"/>
    </testcase>
  </testsuite>
  <testsuite name="ard_hierarchical" timestamp="2024-06-12T16:53:25Z" hostname="012e94c69b69" tests="2" skipped="0" failures="0" errors="0" time="0.018">
    <testcase time="0.0169999999999995" classname="character(0)" name="ard_hierarchical_count_works_with_by_variable"/>
    <testcase time="0.000999999999999446" classname="character(0)" name="ard_hierarchical_count_works_with_by_variable"/>
  </testsuite>
  <testsuite name="ard_hierarchical" timestamp="2024-06-12T16:53:25Z" hostname="012e94c69b69" tests="2" skipped="0" failures="0" errors="0" time="0.003">
    <testcase time="0.00200000000000067" classname="character(0)" name="ard_hierarchical_count_works_with_by_variable_not_present_in_denominator_"/>
    <testcase time="0.000999999999999446" classname="character(0)" name="ard_hierarchical_count_works_with_by_variable_not_present_in_denominator_"/>
  </testsuite>
  <testsuite name="ard_hierarchical" timestamp="2024-06-12T16:53:25Z" hostname="012e94c69b69" tests="1" skipped="1" failures="0" errors="0" time="0.003">
    <testcase time="0.00300000000000011" classname="character(0)" name="ard_hierarchical_count_works_without_any_variables">
      <skipped message="Reason: On CRAN ('test-ard_hierarchical.R:231:3')"/>
    </testcase>
  </testsuite>
  <testsuite name="ard_hierarchical" timestamp="2024-06-12T16:53:25Z" hostname="012e94c69b69" tests="2" skipped="0" failures="0" errors="0" time="0.022">
    <testcase time="0.0210000000000008" classname="character(0)" name="ard_hierarchical_and_ard_hierarchical_count_with_grouped_data_works"/>
    <testcase time="0.000999999999999446" classname="character(0)" name="ard_hierarchical_and_ard_hierarchical_count_with_grouped_data_works"/>
  </testsuite>
  <testsuite name="shift_ard_columns" timestamp="2024-06-12T16:53:25Z" hostname="012e94c69b69" tests="2" skipped="1" failures="0" errors="0" time="0.326">
    <testcase time="0.324999999999999" classname="character(0)" name="rename_ard_columns_works"/>
    <testcase time="0.00100000000000122" classname="character(0)" name="rename_ard_columns_works">
      <skipped message="Reason: On CRAN ('test-shift_ard_columns.R:9:3')"/>
    </testcase>
  </testsuite>
  <testsuite name="shuffle_ard" timestamp="2024-06-12T16:53:26Z" hostname="012e94c69b69" tests="1" skipped="1" failures="0" errors="0" time="0.729">
    <testcase time="0.728999999999999" classname="character(0)" name="shuffle_trim_works">
      <skipped message="Reason: On CRAN ('test-shuffle_ard.R:9:3')"/>
    </testcase>
  </testsuite>
  <testsuite name="shuffle_ard" timestamp="2024-06-12T16:53:26Z" hostname="012e94c69b69" tests="1" skipped="0" failures="0" errors="0" time="0.01">
    <testcase time="0.00999999999999979" classname="character(0)" name="shuffle_ard_handles_protected_names"/>
  </testsuite>
  <testsuite name="shuffle_ard" timestamp="2024-06-12T16:53:26Z" hostname="012e94c69b69" tests="1" skipped="1" failures="0" errors="0" time="0.005">
    <testcase time="0.00500000000000078" classname="character(0)" name="shuffle_ard_notifies_user_about_warnings_errors_before_dropping">
      <skipped message="Reason: On CRAN ('test-shuffle_ard.R:68:3')"/>
    </testcase>
  </testsuite>
  <testsuite name="shuffle_ard" timestamp="2024-06-12T16:53:26Z" hostname="012e94c69b69" tests="1" skipped="1" failures="0" errors="0" time="0.009">
    <testcase time="0.00900000000000034" classname="character(0)" name="shuffle_ard_fills_missing_group_levels_if_the_group_is_meaningful">
      <skipped message="Reason: On CRAN ('test-shuffle_ard.R:79:3')"/>
    </testcase>
  </testsuite>
  <testsuite name="shuffle_ard" timestamp="2024-06-12T16:53:26Z" hostname="012e94c69b69" tests="2" skipped="0" failures="0" errors="0" time="0.01">
    <testcase time="0.00999999999999979" classname="character(0)" name="shuffle_ard_doesn_t_trim_off_NULL_NA_values"/>
    <testcase time="0" classname="character(0)" name="shuffle_ard_doesn_t_trim_off_NULL_NA_values"/>
  </testsuite>
  <testsuite name="shuffle_ard" timestamp="2024-06-12T16:53:26Z" hostname="012e94c69b69" tests="1" skipped="0" failures="0" errors="0" time="0.002">
    <testcase time="0.00199999999999889" classname="character(0)" name="shuffle_ard_trims_statistics_with_length_1"/>
  </testsuite>
  <testsuite name="shuffle_ard" timestamp="2024-06-12T16:53:26Z" hostname="012e94c69b69" tests="2" skipped="0" failures="0" errors="0" time="0.002">
    <testcase time="0.00100000000000122" classname="character(0)" name="shuffle_ard_coerces_all_factor_groups_variables_to_character"/>
    <testcase time="0.000999999999999446" classname="character(0)" name="shuffle_ard_coerces_all_factor_groups_variables_to_character"/>
  </testsuite>
  <testsuite name="selectors" timestamp="2024-06-12T16:53:26Z" hostname="012e94c69b69" tests="7" skipped="0" failures="0" errors="0" time="0.03">
    <testcase time="0.0259999999999998" classname="character(0)" name="selectors_work"/>
    <testcase time="0.00100000000000122" classname="character(0)" name="selectors_work"/>
    <testcase time="0.000999999999999446" classname="character(0)" name="selectors_work"/>
    <testcase time="0.000999999999999446" classname="character(0)" name="selectors_work"/>
    <testcase time="0" classname="character(0)" name="selectors_work"/>
    <testcase time="0" classname="character(0)" name="selectors_work"/>
    <testcase time="0.00100000000000122" classname="character(0)" name="selectors_work"/>
  </testsuite>
  <testsuite name="tidy_as_ard" timestamp="2024-06-12T16:53:26Z" hostname="012e94c69b69" tests="1" skipped="1" failures="0" errors="0" time="0.074">
    <testcase time="0.0739999999999998" classname="character(0)" name="tidy_as_ard_works">
      <skipped message="Reason: On CRAN ('test-tidy_as_ard.R:3:3')"/>
    </testcase>
  </testsuite>
</testsuites>
