<?xml version="1.0" encoding="UTF-8"?>
<testsuites>
  <testsuite name="add_calculated_row" timestamp="2025-10-02T17:15:44Z" hostname="fa4d5f75c183" tests="2" skipped="0" failures="0" errors="0" time="1.35">
    <testcase time="1.332" classname="character(0)" name="add_calculated_row_x_"/>
    <testcase time="0.0179999999999998" classname="character(0)" name="add_calculated_row_x_"/>
  </testsuite>
  <testsuite name="add_calculated_row" timestamp="2025-10-02T17:15:44Z" hostname="fa4d5f75c183" tests="1" skipped="0" failures="0" errors="0" time="0.007">
    <testcase time="0.00700000000000012" classname="character(0)" name="add_calculated_row_expr_messaging"/>
  </testsuite>
  <testsuite name="add_calculated_row" timestamp="2025-10-02T17:15:44Z" hostname="fa4d5f75c183" tests="1" skipped="0" failures="0" errors="0" time="0.01">
    <testcase time="0.00999999999999979" classname="character(0)" name="add_calculated_row_by_messaging"/>
  </testsuite>
  <testsuite name="apply_fmt_fun" timestamp="2025-10-02T17:15:44Z" hostname="fa4d5f75c183" tests="2" skipped="0" failures="0" errors="0" time="0.049">
    <testcase time="0.0490000000000004" classname="character(0)" name="apply_fmt_fun_works"/>
    <testcase time="0" classname="character(0)" name="apply_fmt_fun_works"/>
  </testsuite>
  <testsuite name="apply_fmt_fun" timestamp="2025-10-02T17:15:44Z" hostname="fa4d5f75c183" tests="1" skipped="0" failures="0" errors="0" time="0.002">
    <testcase time="0.00199999999999978" classname="character(0)" name="apply_fmt_fun_works_with_integer_specification"/>
  </testsuite>
  <testsuite name="apply_fmt_fun" timestamp="2025-10-02T17:15:44Z" hostname="fa4d5f75c183" tests="3" skipped="0" failures="0" errors="0" time="0.002">
    <testcase time="0.00099999999999989" classname="character(0)" name="apply_fmt_fun_works_with_xx_specification"/>
    <testcase time="0.00100000000000033" classname="character(0)" name="apply_fmt_fun_works_with_xx_specification"/>
    <testcase time="0" classname="character(0)" name="apply_fmt_fun_works_with_xx_specification"/>
  </testsuite>
  <testsuite name="apply_fmt_fun" timestamp="2025-10-02T17:15:44Z" hostname="fa4d5f75c183" tests="4" skipped="0" failures="0" errors="0" time="0.003">
    <testcase time="0.00199999999999978" classname="character(0)" name="apply_fmt_fun_error_messaging"/>
    <testcase time="0" classname="character(0)" name="apply_fmt_fun_error_messaging"/>
    <testcase time="0.00099999999999989" classname="character(0)" name="apply_fmt_fun_error_messaging"/>
    <testcase time="0" classname="character(0)" name="apply_fmt_fun_error_messaging"/>
  </testsuite>
  <testsuite name="apply_fmt_fun" timestamp="2025-10-02T17:15:44Z" hostname="fa4d5f75c183" tests="2" skipped="0" failures="0" errors="0" time="0.002">
    <testcase time="0.00200000000000022" classname="character(0)" name="apply_fmt_fun_replace_"/>
    <testcase time="0" classname="character(0)" name="apply_fmt_fun_replace_"/>
  </testsuite>
  <testsuite name="ard_formals" timestamp="2025-10-02T17:15:44Z" hostname="fa4d5f75c183" tests="2" skipped="0" failures="0" errors="0" time="0.131">
    <testcase time="0.131" classname="character(0)" name="ard_formals_works"/>
    <testcase time="0" classname="character(0)" name="ard_formals_works"/>
  </testsuite>
  <testsuite name="ard_attributes" timestamp="2025-10-02T17:15:44Z" hostname="fa4d5f75c183" tests="1" skipped="0" failures="0" errors="0" time="0.061">
    <testcase time="0.0609999999999999" classname="character(0)" name="ard_attributes_works"/>
  </testsuite>
  <testsuite name="ard_attributes" timestamp="2025-10-02T17:15:44Z" hostname="fa4d5f75c183" tests="1" skipped="0" failures="0" errors="0" time="0.002">
    <testcase time="0.00199999999999978" classname="character(0)" name="ard_attributes_errors_when_there_is_no_dataframe"/>
  </testsuite>
  <testsuite name="ard_attributes" timestamp="2025-10-02T17:15:44Z" hostname="fa4d5f75c183" tests="1" skipped="0" failures="0" errors="0" time="0.002">
    <testcase time="0.00200000000000022" classname="character(0)" name="ard_attributes_follows_ard_structure"/>
  </testsuite>
  <testsuite name="ard_attributes" timestamp="2025-10-02T17:15:44Z" hostname="fa4d5f75c183" tests="1" skipped="0" failures="0" errors="0" time="0.002">
    <testcase time="0.00199999999999978" classname="character(0)" name="ard_attributes_requires_label_as_a_named_list"/>
  </testsuite>
  <testsuite name="ard_identity" timestamp="2025-10-02T17:15:44Z" hostname="fa4d5f75c183" tests="3" skipped="0" failures="0" errors="0" time="0.21">
    <testcase time="0.209" classname="character(0)" name="ard_identity_works"/>
    <testcase time="0" classname="character(0)" name="ard_identity_works"/>
    <testcase time="0.00099999999999989" classname="character(0)" name="ard_identity_works"/>
  </testsuite>
  <testsuite name="ard_identity" timestamp="2025-10-02T17:15:44Z" hostname="fa4d5f75c183" tests="1" skipped="0" failures="0" errors="0" time="0.001">
    <testcase time="0.00099999999999989" classname="character(0)" name="ard_identity_messaging"/>
  </testsuite>
  <testsuite name="ard_missing" timestamp="2025-10-02T17:15:45Z" hostname="fa4d5f75c183" tests="3" skipped="0" failures="0" errors="0" time="0.721">
    <testcase time="0.719" classname="character(0)" name="ard_missing_works"/>
    <testcase time="0.00099999999999989" classname="character(0)" name="ard_missing_works"/>
    <testcase time="0.00099999999999989" classname="character(0)" name="ard_missing_works"/>
  </testsuite>
  <testsuite name="ard_missing" timestamp="2025-10-02T17:15:45Z" hostname="fa4d5f75c183" tests="3" skipped="0" failures="0" errors="0" time="0.004">
    <testcase time="0.00200000000000022" classname="character(0)" name="ard_missing_stat_label_argument_works"/>
    <testcase time="0.00099999999999989" classname="character(0)" name="ard_missing_stat_label_argument_works"/>
    <testcase time="0.00099999999999989" classname="character(0)" name="ard_missing_stat_label_argument_works"/>
  </testsuite>
  <testsuite name="ard_missing" timestamp="2025-10-02T17:15:45Z" hostname="fa4d5f75c183" tests="1" skipped="0" failures="0" errors="0" time="0.003">
    <testcase time="0.00300000000000011" classname="character(0)" name="ard_missing_with_grouped_data_works"/>
  </testsuite>
  <testsuite name="ard_missing" timestamp="2025-10-02T17:15:45Z" hostname="fa4d5f75c183" tests="1" skipped="0" failures="0" errors="0" time="0.002">
    <testcase time="0.00200000000000022" classname="character(0)" name="ard_missing_follows_ard_structure"/>
  </testsuite>
  <testsuite name="ard_mvsummary" timestamp="2025-10-02T17:15:46Z" hostname="fa4d5f75c183" tests="5" skipped="0" failures="0" errors="0" time="1.201">
    <testcase time="1.197" classname="character(0)" name="ard_mvsummary_works"/>
    <testcase time="0.00100000000000033" classname="character(0)" name="ard_mvsummary_works"/>
    <testcase time="0.000999999999999446" classname="character(0)" name="ard_mvsummary_works"/>
    <testcase time="0.00100000000000033" classname="character(0)" name="ard_mvsummary_works"/>
    <testcase time="0.00100000000000033" classname="character(0)" name="ard_mvsummary_works"/>
  </testsuite>
  <testsuite name="ard_mvsummary" timestamp="2025-10-02T17:15:46Z" hostname="fa4d5f75c183" tests="1" skipped="0" failures="0" errors="0" time="0.003">
    <testcase time="0.00300000000000011" classname="character(0)" name="ard_mvsummary_messaging"/>
  </testsuite>
  <testsuite name="ard_mvsummary" timestamp="2025-10-02T17:15:46Z" hostname="fa4d5f75c183" tests="1" skipped="0" failures="0" errors="0" time="0.002">
    <testcase time="0.00199999999999978" classname="character(0)" name="ard_mvsummary_with_grouped_data_works"/>
  </testsuite>
  <testsuite name="ard_mvsummary" timestamp="2025-10-02T17:15:46Z" hostname="fa4d5f75c183" tests="1" skipped="0" failures="0" errors="0" time="0.002">
    <testcase time="0.00199999999999978" classname="character(0)" name="ard_mvsummary_follows_ard_structure"/>
  </testsuite>
  <testsuite name="ard_mvsummary" timestamp="2025-10-02T17:15:46Z" hostname="fa4d5f75c183" tests="2" skipped="0" failures="0" errors="0" time="0.002">
    <testcase time="0.00100000000000033" classname="character(0)" name="ard_mvsummary_errors_with_incorrect_factor_columns"/>
    <testcase time="0.000999999999999446" classname="character(0)" name="ard_mvsummary_errors_with_incorrect_factor_columns"/>
  </testsuite>
  <testsuite name="ard_mvsummary" timestamp="2025-10-02T17:15:46Z" hostname="fa4d5f75c183" tests="2" skipped="0" failures="0" errors="0" time="0.002">
    <testcase time="0.00100000000000033" classname="character(0)" name="ard_mvsummary_with_as_cards_fn_inputs"/>
    <testcase time="0.00100000000000033" classname="character(0)" name="ard_mvsummary_with_as_cards_fn_inputs"/>
  </testsuite>
  <testsuite name="ard_pairwise" timestamp="2025-10-02T17:15:47Z" hostname="fa4d5f75c183" tests="4" skipped="0" failures="0" errors="0" time="0.678">
    <testcase time="0.675999999999999" classname="character(0)" name="ard_pairwise_works"/>
    <testcase time="0.00100000000000033" classname="character(0)" name="ard_pairwise_works"/>
    <testcase time="0" classname="character(0)" name="ard_pairwise_works"/>
    <testcase time="0.00100000000000033" classname="character(0)" name="ard_pairwise_works"/>
  </testsuite>
  <testsuite name="ard_pairwise" timestamp="2025-10-02T17:15:47Z" hostname="fa4d5f75c183" tests="4" skipped="0" failures="0" errors="0" time="0.003">
    <testcase time="0.00199999999999978" classname="character(0)" name="ard_pairwise_variable_"/>
    <testcase time="0" classname="character(0)" name="ard_pairwise_variable_"/>
    <testcase time="0.00100000000000033" classname="character(0)" name="ard_pairwise_variable_"/>
    <testcase time="0" classname="character(0)" name="ard_pairwise_variable_"/>
  </testsuite>
  <testsuite name="ard_pairwise" timestamp="2025-10-02T17:15:47Z" hostname="fa4d5f75c183" tests="2" skipped="0" failures="0" errors="0" time="0.002">
    <testcase time="0.00199999999999978" classname="character(0)" name="ard_pairwise_variable_messaging"/>
    <testcase time="0" classname="character(0)" name="ard_pairwise_variable_messaging"/>
  </testsuite>
  <testsuite name="ard_pairwise" timestamp="2025-10-02T17:15:47Z" hostname="fa4d5f75c183" tests="2" skipped="0" failures="0" errors="0" time="0.003">
    <testcase time="0.00199999999999978" classname="character(0)" name="ard_pairwise_include_"/>
    <testcase time="0.00100000000000033" classname="character(0)" name="ard_pairwise_include_"/>
  </testsuite>
  <testsuite name="ard_pairwise" timestamp="2025-10-02T17:15:47Z" hostname="fa4d5f75c183" tests="1" skipped="0" failures="0" errors="0" time="0.001">
    <testcase time="0.000999999999999446" classname="character(0)" name="ard_pairwise_.f_messaging"/>
  </testsuite>
  <testsuite name="ard_pairwise" timestamp="2025-10-02T17:15:47Z" hostname="fa4d5f75c183" tests="2" skipped="0" failures="0" errors="0" time="0.002">
    <testcase time="0.00200000000000067" classname="character(0)" name="ard_pairwise_include_messaging"/>
    <testcase time="0" classname="character(0)" name="ard_pairwise_include_messaging"/>
  </testsuite>
  <testsuite name="ard_hierarchical" timestamp="2025-10-02T17:15:54Z" hostname="fa4d5f75c183" tests="3" skipped="0" failures="0" errors="0" time="7.155">
    <testcase time="7.153" classname="character(0)" name="ard_hierarchical_works_without_by_variables"/>
    <testcase time="0.000999999999999446" classname="character(0)" name="ard_hierarchical_works_without_by_variables"/>
    <testcase time="0.000999999999999446" classname="character(0)" name="ard_hierarchical_works_without_by_variables"/>
  </testsuite>
  <testsuite name="ard_hierarchical" timestamp="2025-10-02T17:15:54Z" hostname="fa4d5f75c183" tests="2" skipped="0" failures="0" errors="0" time="0.004">
    <testcase time="0.00300000000000011" classname="character(0)" name="ard_hierarchical_works_with_by_variable"/>
    <testcase time="0.000999999999999446" classname="character(0)" name="ard_hierarchical_works_with_by_variable"/>
  </testsuite>
  <testsuite name="ard_hierarchical" timestamp="2025-10-02T17:15:54Z" hostname="fa4d5f75c183" tests="2" skipped="0" failures="0" errors="0" time="0.003">
    <testcase time="0.00200000000000067" classname="character(0)" name="ard_hierarchical_works_with_by_variable_not_present_in_denominator_"/>
    <testcase time="0.000999999999999446" classname="character(0)" name="ard_hierarchical_works_with_by_variable_not_present_in_denominator_"/>
  </testsuite>
  <testsuite name="ard_hierarchical" timestamp="2025-10-02T17:15:54Z" hostname="fa4d5f75c183" tests="1" skipped="0" failures="0" errors="0" time="0.003">
    <testcase time="0.00300000000000011" classname="character(0)" name="ard_hierarchical_works_without_any_variables"/>
  </testsuite>
  <testsuite name="ard_hierarchical" timestamp="2025-10-02T17:15:54Z" hostname="fa4d5f75c183" tests="2" skipped="0" failures="0" errors="0" time="0.004">
    <testcase time="0.00300000000000011" classname="character(0)" name="ard_hierarchical_id_argument_works"/>
    <testcase time="0.00100000000000122" classname="character(0)" name="ard_hierarchical_id_argument_works"/>
  </testsuite>
  <testsuite name="ard_hierarchical" timestamp="2025-10-02T17:15:54Z" hostname="fa4d5f75c183" tests="4" skipped="0" failures="0" errors="0" time="0.003">
    <testcase time="0.000999999999999446" classname="character(0)" name="ard_hierarchical_count_works_without_by_variables"/>
    <testcase time="0.000999999999999446" classname="character(0)" name="ard_hierarchical_count_works_without_by_variables"/>
    <testcase time="0" classname="character(0)" name="ard_hierarchical_count_works_without_by_variables"/>
    <testcase time="0.00100000000000122" classname="character(0)" name="ard_hierarchical_count_works_without_by_variables"/>
  </testsuite>
  <testsuite name="ard_hierarchical" timestamp="2025-10-02T17:15:54Z" hostname="fa4d5f75c183" tests="2" skipped="0" failures="0" errors="0" time="0.002">
    <testcase time="0.000999999999999446" classname="character(0)" name="ard_hierarchical_count_works_with_by_variable"/>
    <testcase time="0.000999999999999446" classname="character(0)" name="ard_hierarchical_count_works_with_by_variable"/>
  </testsuite>
  <testsuite name="ard_hierarchical" timestamp="2025-10-02T17:15:54Z" hostname="fa4d5f75c183" tests="2" skipped="0" failures="0" errors="0" time="0.002">
    <testcase time="0.00200000000000067" classname="character(0)" name="ard_hierarchical_count_works_with_by_variable_not_present_in_denominator_"/>
    <testcase time="0" classname="character(0)" name="ard_hierarchical_count_works_with_by_variable_not_present_in_denominator_"/>
  </testsuite>
  <testsuite name="ard_hierarchical" timestamp="2025-10-02T17:15:54Z" hostname="fa4d5f75c183" tests="1" skipped="0" failures="0" errors="0" time="0.002">
    <testcase time="0.00199999999999889" classname="character(0)" name="ard_hierarchical_count_works_without_any_variables"/>
  </testsuite>
  <testsuite name="ard_hierarchical" timestamp="2025-10-02T17:15:54Z" hostname="fa4d5f75c183" tests="2" skipped="0" failures="0" errors="0" time="0.002">
    <testcase time="0.00100000000000122" classname="character(0)" name="ard_hierarchical_and_ard_hierarchical_count_with_grouped_data_works"/>
    <testcase time="0.000999999999999446" classname="character(0)" name="ard_hierarchical_and_ard_hierarchical_count_with_grouped_data_works"/>
  </testsuite>
  <testsuite name="ard_hierarchical" timestamp="2025-10-02T17:15:54Z" hostname="fa4d5f75c183" tests="1" skipped="0" failures="0" errors="0" time="0.001">
    <testcase time="0.000999999999999446" classname="character(0)" name="ard_hierarchical_follows_ard_structure"/>
  </testsuite>
  <testsuite name="ard_hierarchical" timestamp="2025-10-02T17:15:54Z" hostname="fa4d5f75c183" tests="2" skipped="0" failures="0" errors="0" time="0.002">
    <testcase time="0.00200000000000067" classname="character(0)" name="ard_hierarchical_errors_with_incomplete_factor_columns"/>
    <testcase time="0" classname="character(0)" name="ard_hierarchical_errors_with_incomplete_factor_columns"/>
  </testsuite>
  <testsuite name="ard_hierarchical" timestamp="2025-10-02T17:15:54Z" hostname="fa4d5f75c183" tests="2" skipped="0" failures="0" errors="0" time="0.002">
    <testcase time="0.00200000000000067" classname="character(0)" name="ard_hierarchical_count_errors_with_incomplete_factor_columns"/>
    <testcase time="0" classname="character(0)" name="ard_hierarchical_count_errors_with_incomplete_factor_columns"/>
  </testsuite>
  <testsuite name="ard_hierarchical" timestamp="2025-10-02T17:15:54Z" hostname="fa4d5f75c183" tests="3" skipped="0" failures="0" errors="0" time="0.003">
    <testcase time="0.00199999999999889" classname="character(0)" name="ard_hierarchical_count_provides_correct_results_with_10_groups"/>
    <testcase time="0.00100000000000122" classname="character(0)" name="ard_hierarchical_count_provides_correct_results_with_10_groups"/>
    <testcase time="0" classname="character(0)" name="ard_hierarchical_count_provides_correct_results_with_10_groups"/>
  </testsuite>
  <testsuite name="ard_stack" timestamp="2025-10-02T17:15:57Z" hostname="fa4d5f75c183" tests="7" skipped="0" failures="0" errors="0" time="2.681">
    <testcase time="2.675" classname="character(0)" name="ard_stack_works"/>
    <testcase time="0.000999999999999446" classname="character(0)" name="ard_stack_works"/>
    <testcase time="0.00100000000000122" classname="character(0)" name="ard_stack_works"/>
    <testcase time="0.000999999999999446" classname="character(0)" name="ard_stack_works"/>
    <testcase time="0.000999999999999446" classname="character(0)" name="ard_stack_works"/>
    <testcase time="0.00100000000000122" classname="character(0)" name="ard_stack_works"/>
    <testcase time="0.000999999999999446" classname="character(0)" name="ard_stack_works"/>
  </testsuite>
  <testsuite name="ard_stack" timestamp="2025-10-02T17:15:57Z" hostname="fa4d5f75c183" tests="2" skipped="0" failures="0" errors="0" time="0.003">
    <testcase time="0.00300000000000011" classname="character(0)" name="ard_stack_adding_overalls"/>
    <testcase time="0" classname="character(0)" name="ard_stack_adding_overalls"/>
  </testsuite>
  <testsuite name="ard_stack" timestamp="2025-10-02T17:15:57Z" hostname="fa4d5f75c183" tests="4" skipped="0" failures="0" errors="0" time="0.004">
    <testcase time="0.00200000000000067" classname="character(0)" name="ard_stack_adding_missing_attributes"/>
    <testcase time="0.000999999999999446" classname="character(0)" name="ard_stack_adding_missing_attributes"/>
    <testcase time="0" classname="character(0)" name="ard_stack_adding_missing_attributes"/>
    <testcase time="0.000999999999999446" classname="character(0)" name="ard_stack_adding_missing_attributes"/>
  </testsuite>
  <testsuite name="ard_stack" timestamp="2025-10-02T17:15:57Z" hostname="fa4d5f75c183" tests="6" skipped="0" failures="0" errors="0" time="0.004">
    <testcase time="0.00100000000000122" classname="character(0)" name="ard_stack_.shuffle_argument"/>
    <testcase time="0.000999999999999446" classname="character(0)" name="ard_stack_.shuffle_argument"/>
    <testcase time="0.000999999999999446" classname="character(0)" name="ard_stack_.shuffle_argument"/>
    <testcase time="0" classname="character(0)" name="ard_stack_.shuffle_argument"/>
    <testcase time="0.000999999999999446" classname="character(0)" name="ard_stack_.shuffle_argument"/>
    <testcase time="0" classname="character(0)" name="ard_stack_.shuffle_argument"/>
  </testsuite>
  <testsuite name="ard_stack" timestamp="2025-10-02T17:15:57Z" hostname="fa4d5f75c183" tests="1" skipped="0" failures="0" errors="0" time="0.002">
    <testcase time="0.00200000000000067" classname="character(0)" name="ard_stack_adding_total_N"/>
  </testsuite>
  <testsuite name="ard_stack" timestamp="2025-10-02T17:15:57Z" hostname="fa4d5f75c183" tests="1" skipped="0" failures="0" errors="0" time="0.001">
    <testcase time="0.000999999999999446" classname="character(0)" name="ard_stack_works_with_namespaced_functions"/>
  </testsuite>
  <testsuite name="ard_stack" timestamp="2025-10-02T17:15:57Z" hostname="fa4d5f75c183" tests="2" skipped="0" failures="0" errors="0" time="0.003">
    <testcase time="0.00200000000000067" classname="character(0)" name="ard_stack_messaging"/>
    <testcase time="0.000999999999999446" classname="character(0)" name="ard_stack_messaging"/>
  </testsuite>
  <testsuite name="ard_stack" timestamp="2025-10-02T17:15:57Z" hostname="fa4d5f75c183" tests="1" skipped="0" failures="0" errors="0" time="0.001">
    <testcase time="0.00100000000000122" classname="character(0)" name="ard_stack_complex_call_error"/>
  </testsuite>
  <testsuite name="ard_stack" timestamp="2025-10-02T17:15:57Z" hostname="fa4d5f75c183" tests="1" skipped="0" failures="0" errors="0" time="0.002">
    <testcase time="0.00199999999999889" classname="character(0)" name="ard_stack_follows_ard_structure"/>
  </testsuite>
  <testsuite name="ard_stack" timestamp="2025-10-02T17:15:57Z" hostname="fa4d5f75c183" tests="2" skipped="0" failures="0" errors="0" time="0.002">
    <testcase time="0.00100000000000122" classname="character(0)" name="ard_stack_.by_messaging"/>
    <testcase time="0.000999999999999446" classname="character(0)" name="ard_stack_.by_messaging"/>
  </testsuite>
  <testsuite name="ard_stack" timestamp="2025-10-02T17:15:57Z" hostname="fa4d5f75c183" tests="6" skipped="0" failures="0" errors="0" time="0.004">
    <testcase time="0.00200000000000067" classname="character(0)" name="ard_stack_.by_stats_argument"/>
    <testcase time="0" classname="character(0)" name="ard_stack_.by_stats_argument"/>
    <testcase time="0.000999999999999446" classname="character(0)" name="ard_stack_.by_stats_argument"/>
    <testcase time="0" classname="character(0)" name="ard_stack_.by_stats_argument"/>
    <testcase time="0.000999999999999446" classname="character(0)" name="ard_stack_.by_stats_argument"/>
    <testcase time="0" classname="character(0)" name="ard_stack_.by_stats_argument"/>
  </testsuite>
  <testsuite name="ard_strata" timestamp="2025-10-02T17:16:00Z" hostname="fa4d5f75c183" tests="3" skipped="0" failures="0" errors="0" time="3.289">
    <testcase time="3.287" classname="character(0)" name="ard_strata_works"/>
    <testcase time="0.00100000000000122" classname="character(0)" name="ard_strata_works"/>
    <testcase time="0.00100000000000122" classname="character(0)" name="ard_strata_works"/>
  </testsuite>
  <testsuite name="ard_strata" timestamp="2025-10-02T17:16:00Z" hostname="fa4d5f75c183" tests="2" skipped="0" failures="0" errors="0" time="0.003">
    <testcase time="0.00199999999999889" classname="character(0)" name="ard_strata_by_strata_when_both_empty"/>
    <testcase time="0.00100000000000122" classname="character(0)" name="ard_strata_by_strata_when_both_empty"/>
  </testsuite>
  <testsuite name="ard_strata" timestamp="2025-10-02T17:16:00Z" hostname="fa4d5f75c183" tests="1" skipped="0" failures="0" errors="0" time="0.003">
    <testcase time="0.00300000000000011" classname="character(0)" name="ard_strata_computes_stats_for_parameter_specific_strata"/>
  </testsuite>
  <testsuite name="ard_stack_hierarchical" timestamp="2025-10-02T17:16:07Z" hostname="fa4d5f75c183" tests="4" skipped="0" failures="0" errors="0" time="6.634">
    <testcase time="6.633" classname="character(0)" name="ard_stack_hierarchical_variables_"/>
    <testcase time="0" classname="character(0)" name="ard_stack_hierarchical_variables_"/>
    <testcase time="0.00100000000000122" classname="character(0)" name="ard_stack_hierarchical_variables_"/>
    <testcase time="0" classname="character(0)" name="ard_stack_hierarchical_variables_"/>
  </testsuite>
  <testsuite name="ard_stack_hierarchical" timestamp="2025-10-02T17:16:07Z" hostname="fa4d5f75c183" tests="2" skipped="0" failures="0" errors="0" time="0.003">
    <testcase time="0.00199999999999889" classname="character(0)" name="ard_stack_hierarchical_variables_messaging_removed_obs"/>
    <testcase time="0.00100000000000122" classname="character(0)" name="ard_stack_hierarchical_variables_messaging_removed_obs"/>
  </testsuite>
  <testsuite name="ard_stack_hierarchical" timestamp="2025-10-02T17:16:07Z" hostname="fa4d5f75c183" tests="2" skipped="0" failures="0" errors="0" time="0.002">
    <testcase time="0.000999999999997669" classname="character(0)" name="ard_stack_hierarchical_variables_messaging"/>
    <testcase time="0.00100000000000122" classname="character(0)" name="ard_stack_hierarchical_variables_messaging"/>
  </testsuite>
  <testsuite name="ard_stack_hierarchical" timestamp="2025-10-02T17:16:07Z" hostname="fa4d5f75c183" tests="3" skipped="0" failures="0" errors="0" time="0.003">
    <testcase time="0.00199999999999889" classname="character(0)" name="ard_stack_hierarchical_by_"/>
    <testcase time="0" classname="character(0)" name="ard_stack_hierarchical_by_"/>
    <testcase time="0.00100000000000122" classname="character(0)" name="ard_stack_hierarchical_by_"/>
  </testsuite>
  <testsuite name="ard_stack_hierarchical" timestamp="2025-10-02T17:16:07Z" hostname="fa4d5f75c183" tests="2" skipped="0" failures="0" errors="0" time="0.002">
    <testcase time="0.00199999999999889" classname="character(0)" name="ard_stack_hierarchical_by_messaging"/>
    <testcase time="0" classname="character(0)" name="ard_stack_hierarchical_by_messaging"/>
  </testsuite>
  <testsuite name="ard_stack_hierarchical" timestamp="2025-10-02T17:16:07Z" hostname="fa4d5f75c183" tests="3" skipped="0" failures="0" errors="0" time="0.003">
    <testcase time="0.00199999999999889" classname="character(0)" name="ard_stack_hierarchical_denominator_messaging"/>
    <testcase time="0" classname="character(0)" name="ard_stack_hierarchical_denominator_messaging"/>
    <testcase time="0.00100000000000122" classname="character(0)" name="ard_stack_hierarchical_denominator_messaging"/>
  </testsuite>
  <testsuite name="ard_stack_hierarchical" timestamp="2025-10-02T17:16:07Z" hostname="fa4d5f75c183" tests="4" skipped="0" failures="0" errors="0" time="0.003">
    <testcase time="0.00199999999999889" classname="character(0)" name="ard_stack_hierarchical_by_with_columns_not_in_denominator_"/>
    <testcase time="0" classname="character(0)" name="ard_stack_hierarchical_by_with_columns_not_in_denominator_"/>
    <testcase time="0.00100000000000122" classname="character(0)" name="ard_stack_hierarchical_by_with_columns_not_in_denominator_"/>
    <testcase time="0" classname="character(0)" name="ard_stack_hierarchical_by_with_columns_not_in_denominator_"/>
  </testsuite>
  <testsuite name="ard_stack_hierarchical" timestamp="2025-10-02T17:16:07Z" hostname="fa4d5f75c183" tests="1" skipped="0" failures="0" errors="0" time="0.002">
    <testcase time="0.00199999999999889" classname="character(0)" name="ard_stack_hierarchical_variables_include_messaging"/>
  </testsuite>
  <testsuite name="ard_stack_hierarchical" timestamp="2025-10-02T17:16:07Z" hostname="fa4d5f75c183" tests="1" skipped="0" failures="0" errors="0" time="0.002">
    <testcase time="0.00200000000000244" classname="character(0)" name="ard_stack_hierarchical_by_overall_messaging"/>
  </testsuite>
  <testsuite name="ard_stack_hierarchical" timestamp="2025-10-02T17:16:07Z" hostname="fa4d5f75c183" tests="1" skipped="0" failures="0" errors="0" time="0.001">
    <testcase time="0.000999999999997669" classname="character(0)" name="ard_stack_hierarchical_statistic_"/>
  </testsuite>
  <testsuite name="ard_stack_hierarchical" timestamp="2025-10-02T17:16:07Z" hostname="fa4d5f75c183" tests="3" skipped="0" failures="0" errors="0" time="0.003">
    <testcase time="0.00200000000000244" classname="character(0)" name="ard_stack_hierarchical_with_shuffle"/>
    <testcase time="0.000999999999997669" classname="character(0)" name="ard_stack_hierarchical_with_shuffle"/>
    <testcase time="0" classname="character(0)" name="ard_stack_hierarchical_with_shuffle"/>
  </testsuite>
  <testsuite name="ard_stack_hierarchical" timestamp="2025-10-02T17:16:07Z" hostname="fa4d5f75c183" tests="4" skipped="0" failures="0" errors="0" time="0.003">
    <testcase time="0.00200000000000244" classname="character(0)" name="ard_stack_hierarchical_count_variables_"/>
    <testcase time="0" classname="character(0)" name="ard_stack_hierarchical_count_variables_"/>
    <testcase time="0.000999999999997669" classname="character(0)" name="ard_stack_hierarchical_count_variables_"/>
    <testcase time="0" classname="character(0)" name="ard_stack_hierarchical_count_variables_"/>
  </testsuite>
  <testsuite name="ard_stack_hierarchical" timestamp="2025-10-02T17:16:07Z" hostname="fa4d5f75c183" tests="4" skipped="0" failures="0" errors="0" time="0.004">
    <testcase time="0.00200000000000244" classname="character(0)" name="ard_stack_hierarchical_count_by_"/>
    <testcase time="0.000999999999997669" classname="character(0)" name="ard_stack_hierarchical_count_by_"/>
    <testcase time="0" classname="character(0)" name="ard_stack_hierarchical_count_by_"/>
    <testcase time="0.00100000000000122" classname="character(0)" name="ard_stack_hierarchical_count_by_"/>
  </testsuite>
  <testsuite name="ard_stack_hierarchical" timestamp="2025-10-02T17:16:07Z" hostname="fa4d5f75c183" tests="1" skipped="0" failures="0" errors="0" time="0.001">
    <testcase time="0.00100000000000122" classname="character(0)" name="ard_stack_hierarchical_count_denominator_messaging"/>
  </testsuite>
  <testsuite name="ard_stack_hierarchical" timestamp="2025-10-02T17:16:07Z" hostname="fa4d5f75c183" tests="3" skipped="0" failures="0" errors="0" time="0.006">
    <testcase time="0.00199999999999889" classname="character(0)" name="ard_stack_hierarchical_count_denominator_univariate_tabulations"/>
    <testcase time="0.00100000000000122" classname="character(0)" name="ard_stack_hierarchical_count_denominator_univariate_tabulations"/>
    <testcase time="0.00299999999999656" classname="character(0)" name="ard_stack_hierarchical_count_denominator_univariate_tabulations"/>
  </testsuite>
  <testsuite name="ard_stack_hierarchical" timestamp="2025-10-02T17:16:07Z" hostname="fa4d5f75c183" tests="2" skipped="0" failures="0" errors="0" time="0.002">
    <testcase time="0.00100000000000122" classname="character(0)" name="ard_stack_hierarchical_count_denominator_total_n_"/>
    <testcase time="0.00100000000000122" classname="character(0)" name="ard_stack_hierarchical_count_denominator_total_n_"/>
  </testsuite>
  <testsuite name="ard_stack_hierarchical" timestamp="2025-10-02T17:16:07Z" hostname="fa4d5f75c183" tests="1" skipped="0" failures="0" errors="0" time="0.002">
    <testcase time="0.00199999999999889" classname="character(0)" name="ard_stack_hierarchical_count_denominator_total_n_messaging"/>
  </testsuite>
  <testsuite name="ard_stack_hierarchical" timestamp="2025-10-02T17:16:07Z" hostname="fa4d5f75c183" tests="1" skipped="0" failures="0" errors="0" time="0.001">
    <testcase time="0.00100000000000122" classname="character(0)" name="ard_stack_hierarchical_count_overall_denominator_messaging"/>
  </testsuite>
  <testsuite name="ard_stack_hierarchical" timestamp="2025-10-02T17:16:07Z" hostname="fa4d5f75c183" tests="2" skipped="0" failures="0" errors="0" time="0.002">
    <testcase time="0.00199999999999889" classname="character(0)" name="ard_stack_hierarchical_count_overall_"/>
    <testcase time="0" classname="character(0)" name="ard_stack_hierarchical_count_overall_"/>
  </testsuite>
  <testsuite name="ard_stack_hierarchical" timestamp="2025-10-02T17:16:07Z" hostname="fa4d5f75c183" tests="1" skipped="0" failures="0" errors="0" time="0.002">
    <testcase time="0.00199999999999889" classname="character(0)" name="ard_stack_hierarchical_count_over_variables_"/>
  </testsuite>
  <testsuite name="ard_stack_hierarchical" timestamp="2025-10-02T17:16:07Z" hostname="fa4d5f75c183" tests="2" skipped="0" failures="0" errors="0" time="0.002">
    <testcase time="0.00200000000000244" classname="character(0)" name="ard_stack_hierarchical_count_overall_over_variables_"/>
    <testcase time="0" classname="character(0)" name="ard_stack_hierarchical_count_overall_over_variables_"/>
  </testsuite>
  <testsuite name="ard_stack_hierarchical" timestamp="2025-10-02T17:16:07Z" hostname="fa4d5f75c183" tests="1" skipped="0" failures="0" errors="0" time="0.002">
    <testcase time="0.00199999999999889" classname="character(0)" name="ard_stack_hierarchical_count_attributes_"/>
  </testsuite>
  <testsuite name="ard_stack_hierarchical" timestamp="2025-10-02T17:16:07Z" hostname="fa4d5f75c183" tests="4" skipped="0" failures="0" errors="0" time="0.004">
    <testcase time="0.00199999999999889" classname="character(0)" name="ard_stack_hierarchical_by_stats_argument"/>
    <testcase time="0" classname="character(0)" name="ard_stack_hierarchical_by_stats_argument"/>
    <testcase time="0.00100000000000122" classname="character(0)" name="ard_stack_hierarchical_by_stats_argument"/>
    <testcase time="0.00100000000000122" classname="character(0)" name="ard_stack_hierarchical_by_stats_argument"/>
  </testsuite>
  <testsuite name="ard_tabulate" timestamp="2025-10-02T17:16:19Z" hostname="fa4d5f75c183" tests="8" skipped="0" failures="0" errors="0" time="12.074">
    <testcase time="12.067" classname="character(0)" name="ard_tabulate_univariate"/>
    <testcase time="0.00100000000000477" classname="character(0)" name="ard_tabulate_univariate"/>
    <testcase time="0.000999999999997669" classname="character(0)" name="ard_tabulate_univariate"/>
    <testcase time="0.000999999999997669" classname="character(0)" name="ard_tabulate_univariate"/>
    <testcase time="0.00100000000000477" classname="character(0)" name="ard_tabulate_univariate"/>
    <testcase time="0.000999999999997669" classname="character(0)" name="ard_tabulate_univariate"/>
    <testcase time="0.000999999999997669" classname="character(0)" name="ard_tabulate_univariate"/>
    <testcase time="0.00100000000000477" classname="character(0)" name="ard_tabulate_univariate"/>
  </testsuite>
  <testsuite name="ard_tabulate" timestamp="2025-10-02T17:16:19Z" hostname="fa4d5f75c183" tests="5" skipped="0" failures="0" errors="0" time="0.023">
    <testcase time="0.0210000000000008" classname="character(0)" name="ard_tabulate_univariate_specified_denomiator"/>
    <testcase time="0" classname="character(0)" name="ard_tabulate_univariate_specified_denomiator"/>
    <testcase time="0.000999999999997669" classname="character(0)" name="ard_tabulate_univariate_specified_denomiator"/>
    <testcase time="0" classname="character(0)" name="ard_tabulate_univariate_specified_denomiator"/>
    <testcase time="0.000999999999997669" classname="character(0)" name="ard_tabulate_univariate_specified_denomiator"/>
  </testsuite>
  <testsuite name="ard_tabulate" timestamp="2025-10-02T17:16:19Z" hostname="fa4d5f75c183" tests="2" skipped="0" failures="0" errors="0" time="0.002">
    <testcase time="0.00200000000000244" classname="character(0)" name="ard_tabulate_fmt_fun_argument_works"/>
    <testcase time="0" classname="character(0)" name="ard_tabulate_fmt_fun_argument_works"/>
  </testsuite>
  <testsuite name="ard_tabulate" timestamp="2025-10-02T17:16:19Z" hostname="fa4d5f75c183" tests="8" skipped="0" failures="0" errors="0" time="0.006">
    <testcase time="0.00199999999999534" classname="character(0)" name="ard_tabulate_with_strata_and_by_arguments"/>
    <testcase time="0.00100000000000477" classname="character(0)" name="ard_tabulate_with_strata_and_by_arguments"/>
    <testcase time="0" classname="character(0)" name="ard_tabulate_with_strata_and_by_arguments"/>
    <testcase time="0.000999999999997669" classname="character(0)" name="ard_tabulate_with_strata_and_by_arguments"/>
    <testcase time="0" classname="character(0)" name="ard_tabulate_with_strata_and_by_arguments"/>
    <testcase time="0.000999999999997669" classname="character(0)" name="ard_tabulate_with_strata_and_by_arguments"/>
    <testcase time="0" classname="character(0)" name="ard_tabulate_with_strata_and_by_arguments"/>
    <testcase time="0.00100000000000477" classname="character(0)" name="ard_tabulate_with_strata_and_by_arguments"/>
  </testsuite>
  <testsuite name="ard_tabulate" timestamp="2025-10-02T17:16:19Z" hostname="fa4d5f75c183" tests="3" skipped="0" failures="0" errors="0" time="0.003">
    <testcase time="0.00199999999999534" classname="character(0)" name="ard_tabulate_stat_label_argument_works"/>
    <testcase time="0" classname="character(0)" name="ard_tabulate_stat_label_argument_works"/>
    <testcase time="0.00100000000000477" classname="character(0)" name="ard_tabulate_stat_label_argument_works"/>
  </testsuite>
  <testsuite name="ard_tabulate" timestamp="2025-10-02T17:16:19Z" hostname="fa4d5f75c183" tests="5" skipped="0" failures="0" errors="0" time="0.004">
    <testcase time="0.00199999999999534" classname="character(0)" name="ard_tabulate_denominator_cell_works"/>
    <testcase time="0" classname="character(0)" name="ard_tabulate_denominator_cell_works"/>
    <testcase time="0.00100000000000477" classname="character(0)" name="ard_tabulate_denominator_cell_works"/>
    <testcase time="0" classname="character(0)" name="ard_tabulate_denominator_cell_works"/>
    <testcase time="0.000999999999997669" classname="character(0)" name="ard_tabulate_denominator_cell_works"/>
  </testsuite>
  <testsuite name="ard_tabulate" timestamp="2025-10-02T17:16:19Z" hostname="fa4d5f75c183" tests="9" skipped="0" failures="0" errors="0" time="0.006">
    <testcase time="0.00200000000000244" classname="character(0)" name="ard_tabulate_denominator_row_works"/>
    <testcase time="0" classname="character(0)" name="ard_tabulate_denominator_row_works"/>
    <testcase time="0.000999999999997669" classname="character(0)" name="ard_tabulate_denominator_row_works"/>
    <testcase time="0" classname="character(0)" name="ard_tabulate_denominator_row_works"/>
    <testcase time="0.000999999999997669" classname="character(0)" name="ard_tabulate_denominator_row_works"/>
    <testcase time="0.00100000000000477" classname="character(0)" name="ard_tabulate_denominator_row_works"/>
    <testcase time="0" classname="character(0)" name="ard_tabulate_denominator_row_works"/>
    <testcase time="0.000999999999997669" classname="character(0)" name="ard_tabulate_denominator_row_works"/>
    <testcase time="0" classname="character(0)" name="ard_tabulate_denominator_row_works"/>
  </testsuite>
  <testsuite name="ard_tabulate" timestamp="2025-10-02T17:16:19Z" hostname="fa4d5f75c183" tests="5" skipped="0" failures="0" errors="0" time="0.004">
    <testcase time="0.00200000000000244" classname="character(0)" name="ard_tabulate_denominator_column_works"/>
    <testcase time="0.000999999999997669" classname="character(0)" name="ard_tabulate_denominator_column_works"/>
    <testcase time="0" classname="character(0)" name="ard_tabulate_denominator_column_works"/>
    <testcase time="0.000999999999997669" classname="character(0)" name="ard_tabulate_denominator_column_works"/>
    <testcase time="0" classname="character(0)" name="ard_tabulate_denominator_column_works"/>
  </testsuite>
  <testsuite name="ard_tabulate" timestamp="2025-10-02T17:16:19Z" hostname="fa4d5f75c183" tests="1" skipped="0" failures="0" errors="0" time="0.002">
    <testcase time="0.00200000000000244" classname="character(0)" name="ard_tabulate_denominator_integer_works"/>
  </testsuite>
  <testsuite name="ard_tabulate" timestamp="2025-10-02T17:16:19Z" hostname="fa4d5f75c183" tests="3" skipped="0" failures="0" errors="0" time="0.003">
    <testcase time="0.00200000000000244" classname="character(0)" name="ard_tabulate_denominator_data_frame_with_counts_works"/>
    <testcase time="0" classname="character(0)" name="ard_tabulate_denominator_data_frame_with_counts_works"/>
    <testcase time="0.000999999999997669" classname="character(0)" name="ard_tabulate_denominator_data_frame_with_counts_works"/>
  </testsuite>
  <testsuite name="ard_tabulate" timestamp="2025-10-02T17:16:19Z" hostname="fa4d5f75c183" tests="2" skipped="0" failures="0" errors="0" time="0.002">
    <testcase time="0.00200000000000244" classname="character(0)" name="ard_tabulate_denominator_data_frame_without_counts_works"/>
    <testcase time="0" classname="character(0)" name="ard_tabulate_denominator_data_frame_without_counts_works"/>
  </testsuite>
  <testsuite name="ard_tabulate" timestamp="2025-10-02T17:16:19Z" hostname="fa4d5f75c183" tests="2" skipped="0" failures="0" errors="0" time="0.003">
    <testcase time="0.00199999999999534" classname="character(0)" name="ard_tabulate_and_ARD_column_names"/>
    <testcase time="0.00100000000000477" classname="character(0)" name="ard_tabulate_and_ARD_column_names"/>
  </testsuite>
  <testsuite name="ard_tabulate" timestamp="2025-10-02T17:16:19Z" hostname="fa4d5f75c183" tests="1" skipped="0" failures="0" errors="0" time="0.001">
    <testcase time="0.000999999999997669" classname="character(0)" name="ard_tabulate_with_grouped_data_works"/>
  </testsuite>
  <testsuite name="ard_tabulate" timestamp="2025-10-02T17:16:19Z" hostname="fa4d5f75c183" tests="1" skipped="0" failures="0" errors="0" time="0.002">
    <testcase time="0.00200000000000244" classname="character(0)" name="ard_tabulate_and_all_NA_columns"/>
  </testsuite>
  <testsuite name="ard_tabulate" timestamp="2025-10-02T17:16:19Z" hostname="fa4d5f75c183" tests="4" skipped="0" failures="0" errors="0" time="0.004">
    <testcase time="0.00199999999999534" classname="character(0)" name="ard_tabulate_can_handle_non_syntactic_column_names"/>
    <testcase time="0.00100000000000477" classname="character(0)" name="ard_tabulate_can_handle_non_syntactic_column_names"/>
    <testcase time="0" classname="character(0)" name="ard_tabulate_can_handle_non_syntactic_column_names"/>
    <testcase time="0.000999999999997669" classname="character(0)" name="ard_tabulate_can_handle_non_syntactic_column_names"/>
  </testsuite>
  <testsuite name="ard_tabulate" timestamp="2025-10-02T17:16:19Z" hostname="fa4d5f75c183" tests="1" skipped="0" failures="0" errors="0" time="0.002">
    <testcase time="0.00200000000000244" classname="character(0)" name="ard_tabulate_strata_returns_results_in_proper_order"/>
  </testsuite>
  <testsuite name="ard_tabulate" timestamp="2025-10-02T17:16:19Z" hostname="fa4d5f75c183" tests="2" skipped="0" failures="0" errors="0" time="0.002">
    <testcase time="0.000999999999997669" classname="character(0)" name="ard_tabulate_by_messages_about_protected_names"/>
    <testcase time="0.000999999999997669" classname="character(0)" name="ard_tabulate_by_messages_about_protected_names"/>
  </testsuite>
  <testsuite name="ard_tabulate" timestamp="2025-10-02T17:16:19Z" hostname="fa4d5f75c183" tests="15" skipped="0" failures="0" errors="0" time="0.012">
    <testcase time="0.00200000000000244" classname="character(0)" name="ard_tabulate_works_when_using_generic_names_"/>
    <testcase time="0" classname="character(0)" name="ard_tabulate_works_when_using_generic_names_"/>
    <testcase time="0.000999999999997669" classname="character(0)" name="ard_tabulate_works_when_using_generic_names_"/>
    <testcase time="0" classname="character(0)" name="ard_tabulate_works_when_using_generic_names_"/>
    <testcase time="0" classname="character(0)" name="ard_tabulate_works_when_using_generic_names_"/>
    <testcase time="0.000999999999997669" classname="character(0)" name="ard_tabulate_works_when_using_generic_names_"/>
    <testcase time="0" classname="character(0)" name="ard_tabulate_works_when_using_generic_names_"/>
    <testcase time="0.000999999999997669" classname="character(0)" name="ard_tabulate_works_when_using_generic_names_"/>
    <testcase time="0" classname="character(0)" name="ard_tabulate_works_when_using_generic_names_"/>
    <testcase time="0.00300000000000011" classname="character(0)" name="ard_tabulate_works_when_using_generic_names_"/>
    <testcase time="0.00100000000000477" classname="character(0)" name="ard_tabulate_works_when_using_generic_names_"/>
    <testcase time="0.000999999999997669" classname="character(0)" name="ard_tabulate_works_when_using_generic_names_"/>
    <testcase time="0" classname="character(0)" name="ard_tabulate_works_when_using_generic_names_"/>
    <testcase time="0.000999999999997669" classname="character(0)" name="ard_tabulate_works_when_using_generic_names_"/>
    <testcase time="0.00100000000000477" classname="character(0)" name="ard_tabulate_works_when_using_generic_names_"/>
  </testsuite>
  <testsuite name="ard_tabulate" timestamp="2025-10-02T17:16:19Z" hostname="fa4d5f75c183" tests="2" skipped="0" failures="0" errors="0" time="0.002">
    <testcase time="0.00199999999999534" classname="character(0)" name="ard_tabulate_by_messages_about_protected_names"/>
    <testcase time="0" classname="character(0)" name="ard_tabulate_by_messages_about_protected_names"/>
  </testsuite>
  <testsuite name="ard_tabulate" timestamp="2025-10-02T17:16:19Z" hostname="fa4d5f75c183" tests="1" skipped="0" failures="0" errors="0" time="0.002">
    <testcase time="0.00200000000000244" classname="character(0)" name="ard_tabulate_follows_ard_structure"/>
  </testsuite>
  <testsuite name="ard_tabulate" timestamp="2025-10-02T17:16:19Z" hostname="fa4d5f75c183" tests="2" skipped="0" failures="0" errors="0" time="0.002">
    <testcase time="0.00199999999999534" classname="character(0)" name="ard_tabulate_with_hms_times"/>
    <testcase time="0" classname="character(0)" name="ard_tabulate_with_hms_times"/>
  </testsuite>
  <testsuite name="ard_tabulate" timestamp="2025-10-02T17:16:19Z" hostname="fa4d5f75c183" tests="2" skipped="0" failures="0" errors="0" time="0.003">
    <testcase time="0.00200000000000244" classname="character(0)" name="ard_tabulate_errors_with_incomplete_factor_columns"/>
    <testcase time="0.000999999999997669" classname="character(0)" name="ard_tabulate_errors_with_incomplete_factor_columns"/>
  </testsuite>
  <testsuite name="ard_tabulate" timestamp="2025-10-02T17:16:19Z" hostname="fa4d5f75c183" tests="13" skipped="0" failures="0" errors="0" time="0.008">
    <testcase time="0.00200000000000244" classname="character(0)" name="ard_tabulate_denominator_column_with_cumulative_counts"/>
    <testcase time="0" classname="character(0)" name="ard_tabulate_denominator_column_with_cumulative_counts"/>
    <testcase time="0.000999999999997669" classname="character(0)" name="ard_tabulate_denominator_column_with_cumulative_counts"/>
    <testcase time="0" classname="character(0)" name="ard_tabulate_denominator_column_with_cumulative_counts"/>
    <testcase time="0.00100000000000477" classname="character(0)" name="ard_tabulate_denominator_column_with_cumulative_counts"/>
    <testcase time="0" classname="character(0)" name="ard_tabulate_denominator_column_with_cumulative_counts"/>
    <testcase time="0.000999999999997669" classname="character(0)" name="ard_tabulate_denominator_column_with_cumulative_counts"/>
    <testcase time="0.000999999999997669" classname="character(0)" name="ard_tabulate_denominator_column_with_cumulative_counts"/>
    <testcase time="0" classname="character(0)" name="ard_tabulate_denominator_column_with_cumulative_counts"/>
    <testcase time="0.00100000000000477" classname="character(0)" name="ard_tabulate_denominator_column_with_cumulative_counts"/>
    <testcase time="0" classname="character(0)" name="ard_tabulate_denominator_column_with_cumulative_counts"/>
    <testcase time="0.000999999999997669" classname="character(0)" name="ard_tabulate_denominator_column_with_cumulative_counts"/>
    <testcase time="0" classname="character(0)" name="ard_tabulate_denominator_column_with_cumulative_counts"/>
  </testsuite>
  <testsuite name="ard_tabulate" timestamp="2025-10-02T17:16:19Z" hostname="fa4d5f75c183" tests="6" skipped="0" failures="0" errors="0" time="0.004">
    <testcase time="0.00200000000000244" classname="character(0)" name="ard_tabulate_denominator_row_with_cumulative_counts"/>
    <testcase time="0.000999999999997669" classname="character(0)" name="ard_tabulate_denominator_row_with_cumulative_counts"/>
    <testcase time="0" classname="character(0)" name="ard_tabulate_denominator_row_with_cumulative_counts"/>
    <testcase time="0.000999999999997669" classname="character(0)" name="ard_tabulate_denominator_row_with_cumulative_counts"/>
    <testcase time="0" classname="character(0)" name="ard_tabulate_denominator_row_with_cumulative_counts"/>
    <testcase time="0" classname="character(0)" name="ard_tabulate_denominator_row_with_cumulative_counts"/>
  </testsuite>
  <testsuite name="ard_tabulate" timestamp="2025-10-02T17:16:19Z" hostname="fa4d5f75c183" tests="1" skipped="0" failures="0" errors="0" time="0.002">
    <testcase time="0.00199999999999534" classname="character(0)" name="ard_tabulate_with_cumulative_counts_messaging"/>
  </testsuite>
  <testsuite name="ard_tabulate" timestamp="2025-10-02T17:16:19Z" hostname="fa4d5f75c183" tests="1" skipped="0" failures="0" errors="0" time="0.002">
    <testcase time="0.00200000000000244" classname="character(0)" name="ard_tabulate_ordering_for_multiple_strata"/>
  </testsuite>
  <testsuite name="ard_tabulate_value" timestamp="2025-10-02T17:16:20Z" hostname="fa4d5f75c183" tests="5" skipped="0" failures="0" errors="0" time="1.139">
    <testcase time="1.135" classname="character(0)" name="ard_tabulate_value_works"/>
    <testcase time="0.00100000000000477" classname="character(0)" name="ard_tabulate_value_works"/>
    <testcase time="0.000999999999997669" classname="character(0)" name="ard_tabulate_value_works"/>
    <testcase time="0.000999999999997669" classname="character(0)" name="ard_tabulate_value_works"/>
    <testcase time="0.00100000000000477" classname="character(0)" name="ard_tabulate_value_works"/>
  </testsuite>
  <testsuite name="ard_tabulate_value" timestamp="2025-10-02T17:16:20Z" hostname="fa4d5f75c183" tests="3" skipped="0" failures="0" errors="0" time="0.006">
    <testcase time="0.00399999999999778" classname="character(0)" name="ard_tabulate_value_errors_are_correct"/>
    <testcase time="0.000999999999997669" classname="character(0)" name="ard_tabulate_value_errors_are_correct"/>
    <testcase time="0.00100000000000477" classname="character(0)" name="ard_tabulate_value_errors_are_correct"/>
  </testsuite>
  <testsuite name="ard_tabulate_value" timestamp="2025-10-02T17:16:20Z" hostname="fa4d5f75c183" tests="1" skipped="0" failures="0" errors="0" time="0.003">
    <testcase time="0.00300000000000011" classname="character(0)" name="ard_tabulate_value_with_grouped_data_works"/>
  </testsuite>
  <testsuite name="ard_tabulate_value" timestamp="2025-10-02T17:16:20Z" hostname="fa4d5f75c183" tests="1" skipped="0" failures="0" errors="0" time="0.005">
    <testcase time="0.00499999999999545" classname="character(0)" name="ard_tabulate_value_follows_ard_structure"/>
  </testsuite>
  <testsuite name="ard_tabulate_value" timestamp="2025-10-02T17:16:20Z" hostname="fa4d5f75c183" tests="2" skipped="0" failures="0" errors="0" time="0.003">
    <testcase time="0.00200000000000244" classname="character(0)" name="ard_tabulate_value_errors_with_incomplete_factor_columns"/>
    <testcase time="0.000999999999997669" classname="character(0)" name="ard_tabulate_value_errors_with_incomplete_factor_columns"/>
  </testsuite>
  <testsuite name="ard_total_n" timestamp="2025-10-02T17:16:20Z" hostname="fa4d5f75c183" tests="2" skipped="0" failures="0" errors="0" time="0.22">
    <testcase time="0.218000000000004" classname="character(0)" name="ard_total_n_works"/>
    <testcase time="0.00199999999999534" classname="character(0)" name="ard_total_n_works"/>
  </testsuite>
  <testsuite name="ard_total_n" timestamp="2025-10-02T17:16:20Z" hostname="fa4d5f75c183" tests="1" skipped="0" failures="0" errors="0" time="0.003">
    <testcase time="0.00300000000000011" classname="character(0)" name="ard_total_n_follows_ard_structure"/>
  </testsuite>
  <testsuite name="as_card" timestamp="2025-10-02T17:16:21Z" hostname="fa4d5f75c183" tests="1" skipped="0" failures="0" errors="0" time="0.336">
    <testcase time="0.336000000000006" classname="character(0)" name="as_card_works"/>
  </testsuite>
  <testsuite name="as_card" timestamp="2025-10-02T17:16:21Z" hostname="fa4d5f75c183" tests="1" skipped="0" failures="0" errors="0" time="0.004">
    <testcase time="0.00399999999999778" classname="character(0)" name="as_card_does_not_affect_card_objects"/>
  </testsuite>
  <testsuite name="as_card" timestamp="2025-10-02T17:16:21Z" hostname="fa4d5f75c183" tests="1" skipped="0" failures="0" errors="0" time="0.003">
    <testcase time="0.00300000000000011" classname="character(0)" name="as_card_error_catching_works_correctly"/>
  </testsuite>
  <testsuite name="as_cards_fn" timestamp="2025-10-02T17:16:21Z" hostname="fa4d5f75c183" tests="3" skipped="0" failures="0" errors="0" time="0.054">
    <testcase time="0.0519999999999996" classname="character(0)" name="as_cards_fn_works"/>
    <testcase time="0.000999999999997669" classname="character(0)" name="as_cards_fn_works"/>
    <testcase time="0.00100000000000477" classname="character(0)" name="as_cards_fn_works"/>
  </testsuite>
  <testsuite name="as_nested_list" timestamp="2025-10-02T17:16:21Z" hostname="fa4d5f75c183" tests="1" skipped="0" failures="0" errors="0" time="0.49">
    <testcase time="0.489999999999995" classname="character(0)" name="as_nested_list_works"/>
  </testsuite>
  <testsuite name="bind_ard" timestamp="2025-10-02T17:16:22Z" hostname="fa4d5f75c183" tests="1" skipped="0" failures="0" errors="0" time="0.864">
    <testcase time="0.864000000000004" classname="character(0)" name="bind_ard_works"/>
  </testsuite>
  <testsuite name="bind_ard" timestamp="2025-10-02T17:16:22Z" hostname="fa4d5f75c183" tests="2" skipped="0" failures="0" errors="0" time="0.005">
    <testcase time="0.00399999999999778" classname="character(0)" name="ARD_helpers_messaging"/>
    <testcase time="0.000999999999997669" classname="character(0)" name="ARD_helpers_messaging"/>
  </testsuite>
  <testsuite name="bind_ard" timestamp="2025-10-02T17:16:22Z" hostname="fa4d5f75c183" tests="2" skipped="0" failures="0" errors="0" time="0.004">
    <testcase time="0.00300000000000011" classname="character(0)" name="bind_ard_.order_argument_works"/>
    <testcase time="0.00100000000000477" classname="character(0)" name="bind_ard_.order_argument_works"/>
  </testsuite>
  <testsuite name="bind_ard" timestamp="2025-10-02T17:16:22Z" hostname="fa4d5f75c183" tests="1" skipped="0" failures="0" errors="0" time="0.002">
    <testcase time="0.00199999999999534" classname="character(0)" name="bind_ard_.quiet_"/>
  </testsuite>
  <testsuite name="bind_ard" timestamp="2025-10-02T17:16:22Z" hostname="fa4d5f75c183" tests="1" skipped="0" failures="0" errors="0" time="0.001">
    <testcase time="0.00100000000000477" classname="character(0)" name="bind_ard_.distinct_"/>
  </testsuite>
  <testsuite name="check_ard_structure" timestamp="2025-10-02T17:16:22Z" hostname="fa4d5f75c183" tests="1" skipped="0" failures="0" errors="0" time="0.201">
    <testcase time="0.201000000000001" classname="character(0)" name="check_ard_structure_works"/>
  </testsuite>
  <testsuite name="eval_capture_conditions" timestamp="2025-10-02T17:16:23Z" hostname="fa4d5f75c183" tests="4" skipped="0" failures="0" errors="0" time="0.452">
    <testcase time="0.448999999999998" classname="character(0)" name="eval_capture_conditions_works"/>
    <testcase time="0.000999999999997669" classname="character(0)" name="eval_capture_conditions_works"/>
    <testcase time="0.000999999999997669" classname="character(0)" name="eval_capture_conditions_works"/>
    <testcase time="0.00100000000000477" classname="character(0)" name="eval_capture_conditions_works"/>
  </testsuite>
  <testsuite name="eval_capture_conditions" timestamp="2025-10-02T17:16:23Z" hostname="fa4d5f75c183" tests="3" skipped="0" failures="0" errors="0" time="0.006">
    <testcase time="0.00399999999999778" classname="character(0)" name="captured_condition_as_message_works"/>
    <testcase time="0.000999999999997669" classname="character(0)" name="captured_condition_as_message_works"/>
    <testcase time="0.00100000000000477" classname="character(0)" name="captured_condition_as_message_works"/>
  </testsuite>
  <testsuite name="eval_capture_conditions" timestamp="2025-10-02T17:16:23Z" hostname="fa4d5f75c183" tests="3" skipped="0" failures="0" errors="0" time="0.004">
    <testcase time="0.00300000000000011" classname="character(0)" name="captured_condition_as_error_works"/>
    <testcase time="0" classname="character(0)" name="captured_condition_as_error_works"/>
    <testcase time="0.000999999999997669" classname="character(0)" name="captured_condition_as_error_works"/>
  </testsuite>
  <testsuite name="filter_ard_hierarchical" timestamp="2025-10-02T17:16:34Z" hostname="fa4d5f75c183" tests="5" skipped="0" failures="0" errors="0" time="10.69">
    <testcase time="10.686" classname="character(0)" name="filter_ard_hierarchical_works"/>
    <testcase time="0.000999999999997669" classname="character(0)" name="filter_ard_hierarchical_works"/>
    <testcase time="0.00100000000000477" classname="character(0)" name="filter_ard_hierarchical_works"/>
    <testcase time="0.000999999999997669" classname="character(0)" name="filter_ard_hierarchical_works"/>
    <testcase time="0.000999999999997669" classname="character(0)" name="filter_ard_hierarchical_works"/>
  </testsuite>
  <testsuite name="filter_ard_hierarchical" timestamp="2025-10-02T17:16:34Z" hostname="fa4d5f75c183" tests="10" skipped="0" failures="0" errors="0" time="0.008">
    <testcase time="0.00300000000000011" classname="character(0)" name="filter_ard_hierarchical_works_with_non_standard_filters"/>
    <testcase time="0" classname="character(0)" name="filter_ard_hierarchical_works_with_non_standard_filters"/>
    <testcase time="0.00100000000000477" classname="character(0)" name="filter_ard_hierarchical_works_with_non_standard_filters"/>
    <testcase time="0.000999999999997669" classname="character(0)" name="filter_ard_hierarchical_works_with_non_standard_filters"/>
    <testcase time="0" classname="character(0)" name="filter_ard_hierarchical_works_with_non_standard_filters"/>
    <testcase time="0.000999999999997669" classname="character(0)" name="filter_ard_hierarchical_works_with_non_standard_filters"/>
    <testcase time="0" classname="character(0)" name="filter_ard_hierarchical_works_with_non_standard_filters"/>
    <testcase time="0.00100000000000477" classname="character(0)" name="filter_ard_hierarchical_works_with_non_standard_filters"/>
    <testcase time="0" classname="character(0)" name="filter_ard_hierarchical_works_with_non_standard_filters"/>
    <testcase time="0.000999999999997669" classname="character(0)" name="filter_ard_hierarchical_works_with_non_standard_filters"/>
  </testsuite>
  <testsuite name="filter_ard_hierarchical" timestamp="2025-10-02T17:16:34Z" hostname="fa4d5f75c183" tests="18" skipped="0" failures="0" errors="0" time="0.014">
    <testcase time="0.00200000000000244" classname="character(0)" name="filter_ard_hierarchical_works_with_column_specific_filters"/>
    <testcase time="0.000999999999997669" classname="character(0)" name="filter_ard_hierarchical_works_with_column_specific_filters"/>
    <testcase time="0" classname="character(0)" name="filter_ard_hierarchical_works_with_column_specific_filters"/>
    <testcase time="0.000999999999997669" classname="character(0)" name="filter_ard_hierarchical_works_with_column_specific_filters"/>
    <testcase time="0" classname="character(0)" name="filter_ard_hierarchical_works_with_column_specific_filters"/>
    <testcase time="0.00400000000000489" classname="character(0)" name="filter_ard_hierarchical_works_with_column_specific_filters"/>
    <testcase time="0" classname="character(0)" name="filter_ard_hierarchical_works_with_column_specific_filters"/>
    <testcase time="0.000999999999997669" classname="character(0)" name="filter_ard_hierarchical_works_with_column_specific_filters"/>
    <testcase time="0.000999999999997669" classname="character(0)" name="filter_ard_hierarchical_works_with_column_specific_filters"/>
    <testcase time="0" classname="character(0)" name="filter_ard_hierarchical_works_with_column_specific_filters"/>
    <testcase time="0.00100000000000477" classname="character(0)" name="filter_ard_hierarchical_works_with_column_specific_filters"/>
    <testcase time="0" classname="character(0)" name="filter_ard_hierarchical_works_with_column_specific_filters"/>
    <testcase time="0.000999999999997669" classname="character(0)" name="filter_ard_hierarchical_works_with_column_specific_filters"/>
    <testcase time="0.000999999999997669" classname="character(0)" name="filter_ard_hierarchical_works_with_column_specific_filters"/>
    <testcase time="0" classname="character(0)" name="filter_ard_hierarchical_works_with_column_specific_filters"/>
    <testcase time="0.00100000000000477" classname="character(0)" name="filter_ard_hierarchical_works_with_column_specific_filters"/>
    <testcase time="0" classname="character(0)" name="filter_ard_hierarchical_works_with_column_specific_filters"/>
    <testcase time="0" classname="character(0)" name="filter_ard_hierarchical_works_with_column_specific_filters"/>
  </testsuite>
  <testsuite name="filter_ard_hierarchical" timestamp="2025-10-02T17:16:34Z" hostname="fa4d5f75c183" tests="4" skipped="0" failures="0" errors="0" time="0.004">
    <testcase time="0.00200000000000244" classname="character(0)" name="filter_ard_hierarchical_works_with_ard_stack_hierarchical_count_results"/>
    <testcase time="0.000999999999997669" classname="character(0)" name="filter_ard_hierarchical_works_with_ard_stack_hierarchical_count_results"/>
    <testcase time="0" classname="character(0)" name="filter_ard_hierarchical_works_with_ard_stack_hierarchical_count_results"/>
    <testcase time="0.000999999999997669" classname="character(0)" name="filter_ard_hierarchical_works_with_ard_stack_hierarchical_count_results"/>
  </testsuite>
  <testsuite name="filter_ard_hierarchical" timestamp="2025-10-02T17:16:34Z" hostname="fa4d5f75c183" tests="3" skipped="0" failures="0" errors="0" time="0.003">
    <testcase time="0.00200000000000244" classname="character(0)" name="filter_ard_hierarchical_returns_only_summary_rows_when_all_rows_filtered_out"/>
    <testcase time="0" classname="character(0)" name="filter_ard_hierarchical_returns_only_summary_rows_when_all_rows_filtered_out"/>
    <testcase time="0.000999999999997669" classname="character(0)" name="filter_ard_hierarchical_returns_only_summary_rows_when_all_rows_filtered_out"/>
  </testsuite>
  <testsuite name="filter_ard_hierarchical" timestamp="2025-10-02T17:16:34Z" hostname="fa4d5f75c183" tests="7" skipped="0" failures="0" errors="0" time="0.005">
    <testcase time="0.00200000000000244" classname="character(0)" name="filter_ard_hierarchical_var_works"/>
    <testcase time="0.000999999999997669" classname="character(0)" name="filter_ard_hierarchical_var_works"/>
    <testcase time="0" classname="character(0)" name="filter_ard_hierarchical_var_works"/>
    <testcase time="0.00100000000000477" classname="character(0)" name="filter_ard_hierarchical_var_works"/>
    <testcase time="0" classname="character(0)" name="filter_ard_hierarchical_var_works"/>
    <testcase time="0.000999999999997669" classname="character(0)" name="filter_ard_hierarchical_var_works"/>
    <testcase time="0" classname="character(0)" name="filter_ard_hierarchical_var_works"/>
  </testsuite>
  <testsuite name="filter_ard_hierarchical" timestamp="2025-10-02T17:16:34Z" hostname="fa4d5f75c183" tests="10" skipped="0" failures="0" errors="0" time="0.007">
    <testcase time="0.00200000000000244" classname="character(0)" name="filter_ard_hierarchical_keep_empty_works"/>
    <testcase time="0.000999999999997669" classname="character(0)" name="filter_ard_hierarchical_keep_empty_works"/>
    <testcase time="0.000999999999997669" classname="character(0)" name="filter_ard_hierarchical_keep_empty_works"/>
    <testcase time="0" classname="character(0)" name="filter_ard_hierarchical_keep_empty_works"/>
    <testcase time="0.00100000000000477" classname="character(0)" name="filter_ard_hierarchical_keep_empty_works"/>
    <testcase time="0" classname="character(0)" name="filter_ard_hierarchical_keep_empty_works"/>
    <testcase time="0.000999999999997669" classname="character(0)" name="filter_ard_hierarchical_keep_empty_works"/>
    <testcase time="0" classname="character(0)" name="filter_ard_hierarchical_keep_empty_works"/>
    <testcase time="0.000999999999997669" classname="character(0)" name="filter_ard_hierarchical_keep_empty_works"/>
    <testcase time="0" classname="character(0)" name="filter_ard_hierarchical_keep_empty_works"/>
  </testsuite>
  <testsuite name="filter_ard_hierarchical" timestamp="2025-10-02T17:16:34Z" hostname="fa4d5f75c183" tests="2" skipped="0" failures="0" errors="0" time="0.003">
    <testcase time="0.00200000000000244" classname="character(0)" name="filter_ard_hierarchical_works_with_only_one_variable_in_x"/>
    <testcase time="0.000999999999997669" classname="character(0)" name="filter_ard_hierarchical_works_with_only_one_variable_in_x"/>
  </testsuite>
  <testsuite name="filter_ard_hierarchical" timestamp="2025-10-02T17:16:34Z" hostname="fa4d5f75c183" tests="1" skipped="0" failures="0" errors="0" time="0.002">
    <testcase time="0.00200000000000244" classname="character(0)" name="filter_ard_hierarchical_works_when_some_variables_not_included_in_x"/>
  </testsuite>
  <testsuite name="filter_ard_hierarchical" timestamp="2025-10-02T17:16:34Z" hostname="fa4d5f75c183" tests="1" skipped="0" failures="0" errors="0" time="0.002">
    <testcase time="0.00200000000000244" classname="character(0)" name="filter_ard_hierarchical_works_with_overall_data"/>
  </testsuite>
  <testsuite name="filter_ard_hierarchical" timestamp="2025-10-02T17:16:34Z" hostname="fa4d5f75c183" tests="9" skipped="0" failures="0" errors="0" time="0.007">
    <testcase time="0.00199999999999534" classname="character(0)" name="filter_ard_hierarchical_error_messaging_works"/>
    <testcase time="0.00100000000000477" classname="character(0)" name="filter_ard_hierarchical_error_messaging_works"/>
    <testcase time="0" classname="character(0)" name="filter_ard_hierarchical_error_messaging_works"/>
    <testcase time="0.000999999999997669" classname="character(0)" name="filter_ard_hierarchical_error_messaging_works"/>
    <testcase time="0" classname="character(0)" name="filter_ard_hierarchical_error_messaging_works"/>
    <testcase time="0.000999999999997669" classname="character(0)" name="filter_ard_hierarchical_error_messaging_works"/>
    <testcase time="0" classname="character(0)" name="filter_ard_hierarchical_error_messaging_works"/>
    <testcase time="0.000999999999997669" classname="character(0)" name="filter_ard_hierarchical_error_messaging_works"/>
    <testcase time="0.00100000000000477" classname="character(0)" name="filter_ard_hierarchical_error_messaging_works"/>
  </testsuite>
  <testsuite name="get_ard_statistics" timestamp="2025-10-02T17:16:34Z" hostname="fa4d5f75c183" tests="2" skipped="0" failures="0" errors="0" time="0.178">
    <testcase time="0.176000000000002" classname="character(0)" name="get_ard_statistics_works"/>
    <testcase time="0.00199999999999534" classname="character(0)" name="get_ard_statistics_works"/>
  </testsuite>
  <testsuite name="label_round" timestamp="2025-10-02T17:16:34Z" hostname="fa4d5f75c183" tests="4" skipped="0" failures="0" errors="0" time="0.057">
    <testcase time="0.054000000000002" classname="character(0)" name="label_round_works"/>
    <testcase time="0.000999999999997669" classname="character(0)" name="label_round_works"/>
    <testcase time="0.00100000000000477" classname="character(0)" name="label_round_works"/>
    <testcase time="0.000999999999997669" classname="character(0)" name="label_round_works"/>
  </testsuite>
  <testsuite name="mock" timestamp="2025-10-02T17:16:35Z" hostname="fa4d5f75c183" tests="1" skipped="0" failures="0" errors="0" time="0.962">
    <testcase time="0.961999999999996" classname="character(0)" name="mock_categorical_"/>
  </testsuite>
  <testsuite name="mock" timestamp="2025-10-02T17:16:35Z" hostname="fa4d5f75c183" tests="1" skipped="0" failures="0" errors="0" time="0.004">
    <testcase time="0.00400000000000489" classname="character(0)" name="mock_categorical_messaging"/>
  </testsuite>
  <testsuite name="mock" timestamp="2025-10-02T17:16:35Z" hostname="fa4d5f75c183" tests="1" skipped="0" failures="0" errors="0" time="0.003">
    <testcase time="0.00300000000000011" classname="character(0)" name="mock_continuous_"/>
  </testsuite>
  <testsuite name="mock" timestamp="2025-10-02T17:16:35Z" hostname="fa4d5f75c183" tests="1" skipped="0" failures="0" errors="0" time="0.002">
    <testcase time="0.00199999999999534" classname="character(0)" name="mock_continuous_messaging"/>
  </testsuite>
  <testsuite name="mock" timestamp="2025-10-02T17:16:35Z" hostname="fa4d5f75c183" tests="1" skipped="0" failures="0" errors="0" time="0.002">
    <testcase time="0.00200000000000244" classname="character(0)" name="mock_dichotomous_"/>
  </testsuite>
  <testsuite name="mock" timestamp="2025-10-02T17:16:35Z" hostname="fa4d5f75c183" tests="1" skipped="0" failures="0" errors="0" time="0.002">
    <testcase time="0.00200000000000244" classname="character(0)" name="mock_dichotomous_messaging"/>
  </testsuite>
  <testsuite name="mock" timestamp="2025-10-02T17:16:35Z" hostname="fa4d5f75c183" tests="1" skipped="0" failures="0" errors="0" time="0.002">
    <testcase time="0.00199999999999534" classname="character(0)" name="mock_missing_"/>
  </testsuite>
  <testsuite name="mock" timestamp="2025-10-02T17:16:35Z" hostname="fa4d5f75c183" tests="1" skipped="0" failures="0" errors="0" time="0.002">
    <testcase time="0.00200000000000244" classname="character(0)" name="mock_missing_messaging"/>
  </testsuite>
  <testsuite name="mock" timestamp="2025-10-02T17:16:35Z" hostname="fa4d5f75c183" tests="1" skipped="0" failures="0" errors="0" time="0.002">
    <testcase time="0.00200000000000244" classname="character(0)" name="mock_attributes_"/>
  </testsuite>
  <testsuite name="mock" timestamp="2025-10-02T17:16:35Z" hostname="fa4d5f75c183" tests="1" skipped="0" failures="0" errors="0" time="0.002">
    <testcase time="0.00199999999999534" classname="character(0)" name="mock_attributes_messaging"/>
  </testsuite>
  <testsuite name="mock" timestamp="2025-10-02T17:16:35Z" hostname="fa4d5f75c183" tests="1" skipped="0" failures="0" errors="0" time="0.002">
    <testcase time="0.00200000000000244" classname="character(0)" name="mock_total_n_"/>
  </testsuite>
  <testsuite name="nest_for_ard" timestamp="2025-10-02T17:16:35Z" hostname="fa4d5f75c183" tests="4" skipped="0" failures="0" errors="0" time="0.161">
    <testcase time="0.158999999999999" classname="character(0)" name="nest_for_ard_works"/>
    <testcase time="0.000999999999997669" classname="character(0)" name="nest_for_ard_works"/>
    <testcase time="0" classname="character(0)" name="nest_for_ard_works"/>
    <testcase time="0.00100000000000477" classname="character(0)" name="nest_for_ard_works"/>
  </testsuite>
  <testsuite name="options" timestamp="2025-10-02T17:16:35Z" hostname="fa4d5f75c183" tests="2" skipped="0" failures="0" errors="0" time="0.381">
    <testcase time="0.379999999999995" classname="character(0)" name="options_cards.round_type_"/>
    <testcase time="0.00100000000000477" classname="character(0)" name="options_cards.round_type_"/>
  </testsuite>
  <testsuite name="options" timestamp="2025-10-02T17:16:35Z" hostname="fa4d5f75c183" tests="1" skipped="0" failures="0" errors="0" time="0.002">
    <testcase time="0.00199999999999534" classname="character(0)" name="options_cards.round_type_messaging"/>
  </testsuite>
  <testsuite name="print" timestamp="2025-10-02T17:16:36Z" hostname="fa4d5f75c183" tests="5" skipped="0" failures="0" errors="0" time="0.682">
    <testcase time="0.68" classname="character(0)" name="print.card_works"/>
    <testcase time="0" classname="character(0)" name="print.card_works"/>
    <testcase time="0.00100000000000477" classname="character(0)" name="print.card_works"/>
    <testcase time="0" classname="character(0)" name="print.card_works"/>
    <testcase time="0.000999999999997669" classname="character(0)" name="print.card_works"/>
  </testsuite>
  <testsuite name="print_ard_conditions" timestamp="2025-10-02T17:16:38Z" hostname="fa4d5f75c183" tests="5" skipped="0" failures="0" errors="0" time="1.512">
    <testcase time="1.51" classname="character(0)" name="print_ard_conditions_works"/>
    <testcase time="0.00100000000000477" classname="character(0)" name="print_ard_conditions_works"/>
    <testcase time="0" classname="character(0)" name="print_ard_conditions_works"/>
    <testcase time="0.000999999999997669" classname="character(0)" name="print_ard_conditions_works"/>
    <testcase time="0" classname="character(0)" name="print_ard_conditions_works"/>
  </testsuite>
  <testsuite name="print_ard_conditions" timestamp="2025-10-02T17:16:38Z" hostname="fa4d5f75c183" tests="2" skipped="0" failures="0" errors="0" time="0.003">
    <testcase time="0.00200000000000244" classname="character(0)" name="print_ard_conditions_condition_type_"/>
    <testcase time="0.000999999999997669" classname="character(0)" name="print_ard_conditions_condition_type_"/>
  </testsuite>
  <testsuite name="print_ard_conditions" timestamp="2025-10-02T17:16:38Z" hostname="fa4d5f75c183" tests="1" skipped="0" failures="0" errors="0" time="0.002">
    <testcase time="0.00200000000000244" classname="character(0)" name="print_ard_conditions_no_error_when_error_warning_columns_not_present"/>
  </testsuite>
  <testsuite name="print_ard_conditions" timestamp="2025-10-02T17:16:38Z" hostname="fa4d5f75c183" tests="1" skipped="0" failures="0" errors="0" time="0.005">
    <testcase time="0.00499999999999545" classname="character(0)" name="print_ard_conditions_no_error_when_factors_are_present"/>
  </testsuite>
  <testsuite name="print_ard_conditions" timestamp="2025-10-02T17:16:38Z" hostname="fa4d5f75c183" tests="1" skipped="0" failures="0" errors="0" time="0.002">
    <testcase time="0.00200000000000244" classname="character(0)" name="print_ard_conditions_works_when_curly_brackets_appear_in_condition_message"/>
  </testsuite>
  <testsuite name="process_selectors" timestamp="2025-10-02T17:16:38Z" hostname="fa4d5f75c183" tests="3" skipped="0" failures="0" errors="0" time="0.375">
    <testcase time="0.372999999999998" classname="character(0)" name="process_selectors_works"/>
    <testcase time="0.00100000000000477" classname="character(0)" name="process_selectors_works"/>
    <testcase time="0.000999999999997669" classname="character(0)" name="process_selectors_works"/>
  </testsuite>
  <testsuite name="process_selectors" timestamp="2025-10-02T17:16:38Z" hostname="fa4d5f75c183" tests="2" skipped="0" failures="0" errors="0" time="0.002">
    <testcase time="0.00200000000000244" classname="character(0)" name="process_formula_selectors_works"/>
    <testcase time="0" classname="character(0)" name="process_formula_selectors_works"/>
  </testsuite>
  <testsuite name="process_selectors" timestamp="2025-10-02T17:16:38Z" hostname="fa4d5f75c183" tests="2" skipped="0" failures="0" errors="0" time="0.003">
    <testcase time="0.00199999999999534" classname="character(0)" name="process_formula_selectors_error_messaging"/>
    <testcase time="0.00100000000000477" classname="character(0)" name="process_formula_selectors_error_messaging"/>
  </testsuite>
  <testsuite name="process_selectors" timestamp="2025-10-02T17:16:38Z" hostname="fa4d5f75c183" tests="7" skipped="0" failures="0" errors="0" time="0.005">
    <testcase time="0.00199999999999534" classname="character(0)" name="compute_formula_selector_selects_the_last_assignment_when_multiple_appear"/>
    <testcase time="0.00100000000000477" classname="character(0)" name="compute_formula_selector_selects_the_last_assignment_when_multiple_appear"/>
    <testcase time="0" classname="character(0)" name="compute_formula_selector_selects_the_last_assignment_when_multiple_appear"/>
    <testcase time="0.000999999999997669" classname="character(0)" name="compute_formula_selector_selects_the_last_assignment_when_multiple_appear"/>
    <testcase time="0" classname="character(0)" name="compute_formula_selector_selects_the_last_assignment_when_multiple_appear"/>
    <testcase time="0.000999999999997669" classname="character(0)" name="compute_formula_selector_selects_the_last_assignment_when_multiple_appear"/>
    <testcase time="0" classname="character(0)" name="compute_formula_selector_selects_the_last_assignment_when_multiple_appear"/>
  </testsuite>
  <testsuite name="process_selectors" timestamp="2025-10-02T17:16:38Z" hostname="fa4d5f75c183" tests="1" skipped="0" failures="0" errors="0" time="0.002">
    <testcase time="0.00200000000000244" classname="character(0)" name="cards_select_deprecation_error_with_vars_"/>
  </testsuite>
  <testsuite name="rename_ard_columns" timestamp="2025-10-02T17:16:39Z" hostname="fa4d5f75c183" tests="3" skipped="0" failures="0" errors="0" time="0.713">
    <testcase time="0.711999999999996" classname="character(0)" name="rename_ard_columns_columns_"/>
    <testcase time="0.00100000000000477" classname="character(0)" name="rename_ard_columns_columns_"/>
    <testcase time="0" classname="character(0)" name="rename_ard_columns_columns_"/>
  </testsuite>
  <testsuite name="rename_ard_columns" timestamp="2025-10-02T17:16:39Z" hostname="fa4d5f75c183" tests="2" skipped="0" failures="0" errors="0" time="0.003">
    <testcase time="0.00199999999999534" classname="character(0)" name="rename_ard_columns_columns_messsaging"/>
    <testcase time="0.00100000000000477" classname="character(0)" name="rename_ard_columns_columns_messsaging"/>
  </testsuite>
  <testsuite name="rename_ard_columns" timestamp="2025-10-02T17:16:39Z" hostname="fa4d5f75c183" tests="1" skipped="0" failures="0" errors="0" time="0.004">
    <testcase time="0.00399999999999778" classname="character(0)" name="rename_ard_columns_unlist_lifecycle"/>
  </testsuite>
  <testsuite name="rename_ard_groups" timestamp="2025-10-02T17:16:40Z" hostname="fa4d5f75c183" tests="2" skipped="0" failures="0" errors="0" time="1.4">
    <testcase time="1.4" classname="character(0)" name="rename_ard_groups_shift_"/>
    <testcase time="0" classname="character(0)" name="rename_ard_groups_shift_"/>
  </testsuite>
  <testsuite name="rename_ard_groups" timestamp="2025-10-02T17:16:40Z" hostname="fa4d5f75c183" tests="1" skipped="0" failures="0" errors="0" time="0.002">
    <testcase time="0.00200000000000244" classname="character(0)" name="rename_ard_groups_shift_messaging"/>
  </testsuite>
  <testsuite name="rename_ard_groups" timestamp="2025-10-02T17:16:40Z" hostname="fa4d5f75c183" tests="2" skipped="0" failures="0" errors="0" time="0.003">
    <testcase time="0.00200000000000244" classname="character(0)" name="rename_ard_groups_reverse_"/>
    <testcase time="0.000999999999997669" classname="character(0)" name="rename_ard_groups_reverse_"/>
  </testsuite>
  <testsuite name="replace_null_statistic" timestamp="2025-10-02T17:16:40Z" hostname="fa4d5f75c183" tests="2" skipped="0" failures="0" errors="0" time="0.089">
    <testcase time="0.0889999999999986" classname="character(0)" name="replace_null_statistic_works"/>
    <testcase time="0" classname="character(0)" name="replace_null_statistic_works"/>
  </testsuite>
  <testsuite name="round5" timestamp="2025-10-02T17:16:40Z" hostname="fa4d5f75c183" tests="3" skipped="0" failures="0" errors="0" time="0.167">
    <testcase time="0.166000000000004" classname="character(0)" name="round5_works"/>
    <testcase time="0" classname="character(0)" name="round5_works"/>
    <testcase time="0.000999999999997669" classname="character(0)" name="round5_works"/>
  </testsuite>
  <testsuite name="selectors" timestamp="2025-10-02T17:16:42Z" hostname="fa4d5f75c183" tests="10" skipped="0" failures="0" errors="0" time="1.575">
    <testcase time="1.57" classname="character(0)" name="selectors_work"/>
    <testcase time="0" classname="character(0)" name="selectors_work"/>
    <testcase time="0.000999999999997669" classname="character(0)" name="selectors_work"/>
    <testcase time="0" classname="character(0)" name="selectors_work"/>
    <testcase time="0.00100000000000477" classname="character(0)" name="selectors_work"/>
    <testcase time="0.000999999999997669" classname="character(0)" name="selectors_work"/>
    <testcase time="0" classname="character(0)" name="selectors_work"/>
    <testcase time="0.000999999999997669" classname="character(0)" name="selectors_work"/>
    <testcase time="0" classname="character(0)" name="selectors_work"/>
    <testcase time="0.00100000000000477" classname="character(0)" name="selectors_work"/>
  </testsuite>
  <testsuite name="ard_summary" timestamp="2025-10-02T17:16:48Z" hostname="fa4d5f75c183" tests="4" skipped="0" failures="0" errors="0" time="5.774">
    <testcase time="5.771" classname="character(0)" name="ard_summary_works"/>
    <testcase time="0.000999999999990564" classname="character(0)" name="ard_summary_works"/>
    <testcase time="0.00100000000000477" classname="character(0)" name="ard_summary_works"/>
    <testcase time="0.00100000000000477" classname="character(0)" name="ard_summary_works"/>
  </testsuite>
  <testsuite name="ard_summary" timestamp="2025-10-02T17:16:48Z" hostname="fa4d5f75c183" tests="3" skipped="0" failures="0" errors="0" time="0.006">
    <testcase time="0.00399999999999068" classname="character(0)" name="ard_summary_fmt_fun_argument_works"/>
    <testcase time="0.00100000000000477" classname="character(0)" name="ard_summary_fmt_fun_argument_works"/>
    <testcase time="0.00100000000000477" classname="character(0)" name="ard_summary_fmt_fun_argument_works"/>
  </testsuite>
  <testsuite name="ard_summary" timestamp="2025-10-02T17:16:48Z" hostname="fa4d5f75c183" tests="3" skipped="0" failures="0" errors="0" time="0.006">
    <testcase time="0.00399999999999068" classname="character(0)" name="ard_summary_messaging"/>
    <testcase time="0.00100000000000477" classname="character(0)" name="ard_summary_messaging"/>
    <testcase time="0.00100000000000477" classname="character(0)" name="ard_summary_messaging"/>
  </testsuite>
  <testsuite name="ard_summary" timestamp="2025-10-02T17:16:48Z" hostname="fa4d5f75c183" tests="5" skipped="0" failures="0" errors="0" time="0.004">
    <testcase time="0.00199999999999534" classname="character(0)" name="ard_summary_stat_label_argument_works"/>
    <testcase time="0" classname="character(0)" name="ard_summary_stat_label_argument_works"/>
    <testcase time="0.00100000000000477" classname="character(0)" name="ard_summary_stat_label_argument_works"/>
    <testcase time="0.000999999999990564" classname="character(0)" name="ard_summary_stat_label_argument_works"/>
    <testcase time="0" classname="character(0)" name="ard_summary_stat_label_argument_works"/>
  </testsuite>
  <testsuite name="ard_summary" timestamp="2025-10-02T17:16:48Z" hostname="fa4d5f75c183" tests="2" skipped="0" failures="0" errors="0" time="0.006">
    <testcase time="0.00500000000000966" classname="character(0)" name="ard_summary_and_ARD_column_names"/>
    <testcase time="0.000999999999990564" classname="character(0)" name="ard_summary_and_ARD_column_names"/>
  </testsuite>
  <testsuite name="ard_summary" timestamp="2025-10-02T17:16:48Z" hostname="fa4d5f75c183" tests="1" skipped="0" failures="0" errors="0" time="0.002">
    <testcase time="0.00200000000000955" classname="character(0)" name="ard_summary_with_grouped_data_works"/>
  </testsuite>
  <testsuite name="ard_summary" timestamp="2025-10-02T17:16:48Z" hostname="fa4d5f75c183" tests="2" skipped="0" failures="0" errors="0" time="0.002">
    <testcase time="0.00199999999999534" classname="character(0)" name="ard_summary_with_dates_works_and_displays_as_expected"/>
    <testcase time="0" classname="character(0)" name="ard_summary_with_dates_works_and_displays_as_expected"/>
  </testsuite>
  <testsuite name="ard_summary" timestamp="2025-10-02T17:16:48Z" hostname="fa4d5f75c183" tests="1" skipped="0" failures="0" errors="0" time="0.003">
    <testcase time="0.00300000000000011" classname="character(0)" name="ard_summary_with_empty_missing_dates_works_and_preserves_Date_class"/>
  </testsuite>
  <testsuite name="ard_summary" timestamp="2025-10-02T17:16:48Z" hostname="fa4d5f75c183" tests="3" skipped="0" failures="0" errors="0" time="0.003">
    <testcase time="0.00199999999999534" classname="character(0)" name="ard_summary_works_with_non_syntactic_names"/>
    <testcase time="0" classname="character(0)" name="ard_summary_works_with_non_syntactic_names"/>
    <testcase time="0.00100000000000477" classname="character(0)" name="ard_summary_works_with_non_syntactic_names"/>
  </testsuite>
  <testsuite name="ard_summary" timestamp="2025-10-02T17:16:48Z" hostname="fa4d5f75c183" tests="19" skipped="0" failures="0" errors="0" time="0.013">
    <testcase time="0.00199999999999534" classname="character(0)" name="ard_summary_works_when_using_generic_names_"/>
    <testcase time="0.00100000000000477" classname="character(0)" name="ard_summary_works_when_using_generic_names_"/>
    <testcase time="0" classname="character(0)" name="ard_summary_works_when_using_generic_names_"/>
    <testcase time="0.00100000000000477" classname="character(0)" name="ard_summary_works_when_using_generic_names_"/>
    <testcase time="0" classname="character(0)" name="ard_summary_works_when_using_generic_names_"/>
    <testcase time="0.000999999999990564" classname="character(0)" name="ard_summary_works_when_using_generic_names_"/>
    <testcase time="0" classname="character(0)" name="ard_summary_works_when_using_generic_names_"/>
    <testcase time="0.00100000000000477" classname="character(0)" name="ard_summary_works_when_using_generic_names_"/>
    <testcase time="0.00100000000000477" classname="character(0)" name="ard_summary_works_when_using_generic_names_"/>
    <testcase time="0" classname="character(0)" name="ard_summary_works_when_using_generic_names_"/>
    <testcase time="0.000999999999990564" classname="character(0)" name="ard_summary_works_when_using_generic_names_"/>
    <testcase time="0" classname="character(0)" name="ard_summary_works_when_using_generic_names_"/>
    <testcase time="0.00100000000000477" classname="character(0)" name="ard_summary_works_when_using_generic_names_"/>
    <testcase time="0.00100000000000477" classname="character(0)" name="ard_summary_works_when_using_generic_names_"/>
    <testcase time="0" classname="character(0)" name="ard_summary_works_when_using_generic_names_"/>
    <testcase time="0.000999999999990564" classname="character(0)" name="ard_summary_works_when_using_generic_names_"/>
    <testcase time="0" classname="character(0)" name="ard_summary_works_when_using_generic_names_"/>
    <testcase time="0.00100000000000477" classname="character(0)" name="ard_summary_works_when_using_generic_names_"/>
    <testcase time="0.00100000000000477" classname="character(0)" name="ard_summary_works_when_using_generic_names_"/>
  </testsuite>
  <testsuite name="ard_summary" timestamp="2025-10-02T17:16:48Z" hostname="fa4d5f75c183" tests="1" skipped="0" failures="0" errors="0" time="0.002">
    <testcase time="0.00199999999999534" classname="character(0)" name="ard_summary_follows_ard_structure"/>
  </testsuite>
  <testsuite name="ard_summary" timestamp="2025-10-02T17:16:48Z" hostname="fa4d5f75c183" tests="2" skipped="0" failures="0" errors="0" time="0.003">
    <testcase time="0.00199999999999534" classname="character(0)" name="ard_summary_errors_with_incomplete_factor_columns"/>
    <testcase time="0.00100000000000477" classname="character(0)" name="ard_summary_errors_with_incomplete_factor_columns"/>
  </testsuite>
  <testsuite name="ard_summary" timestamp="2025-10-02T17:16:48Z" hostname="fa4d5f75c183" tests="2" skipped="0" failures="0" errors="0" time="0.002">
    <testcase time="0.00199999999999534" classname="character(0)" name="ard_summary_with_as_cards_fn_inputs"/>
    <testcase time="0" classname="character(0)" name="ard_summary_with_as_cards_fn_inputs"/>
  </testsuite>
  <testsuite name="shuffle_ard" timestamp="2025-10-02T17:16:48Z" hostname="fa4d5f75c183" tests="7" skipped="0" failures="0" errors="0" time="0.653">
    <testcase time="0.647000000000006" classname="character(0)" name="shuffle_trim_works"/>
    <testcase time="0.000999999999990564" classname="character(0)" name="shuffle_trim_works"/>
    <testcase time="0.00100000000000477" classname="character(0)" name="shuffle_trim_works"/>
    <testcase time="0.00100000000000477" classname="character(0)" name="shuffle_trim_works"/>
    <testcase time="0.000999999999990564" classname="character(0)" name="shuffle_trim_works"/>
    <testcase time="0.00100000000000477" classname="character(0)" name="shuffle_trim_works"/>
    <testcase time="0.00100000000000477" classname="character(0)" name="shuffle_trim_works"/>
  </testsuite>
  <testsuite name="shuffle_ard" timestamp="2025-10-02T17:16:48Z" hostname="fa4d5f75c183" tests="1" skipped="0" failures="0" errors="0" time="0.003">
    <testcase time="0.00300000000000011" classname="character(0)" name="shuffle_ard_handles_protected_names"/>
  </testsuite>
  <testsuite name="shuffle_ard" timestamp="2025-10-02T17:16:48Z" hostname="fa4d5f75c183" tests="1" skipped="0" failures="0" errors="0" time="0.002">
    <testcase time="0.00199999999999534" classname="character(0)" name="shuffle_ard_notifies_user_about_warnings_errors_before_dropping"/>
  </testsuite>
  <testsuite name="shuffle_ard" timestamp="2025-10-02T17:16:48Z" hostname="fa4d5f75c183" tests="5" skipped="0" failures="0" errors="0" time="0.007">
    <testcase time="0.00199999999999534" classname="character(0)" name="shuffle_ard_fills_missing_group_levels_if_the_group_is_meaningful"/>
    <testcase time="0.00300000000000011" classname="character(0)" name="shuffle_ard_fills_missing_group_levels_if_the_group_is_meaningful"/>
    <testcase time="0.00100000000000477" classname="character(0)" name="shuffle_ard_fills_missing_group_levels_if_the_group_is_meaningful"/>
    <testcase time="0.00100000000000477" classname="character(0)" name="shuffle_ard_fills_missing_group_levels_if_the_group_is_meaningful"/>
    <testcase time="0" classname="character(0)" name="shuffle_ard_fills_missing_group_levels_if_the_group_is_meaningful"/>
  </testsuite>
  <testsuite name="shuffle_ard" timestamp="2025-10-02T17:16:48Z" hostname="fa4d5f75c183" tests="1" skipped="0" failures="0" errors="0" time="0.002">
    <testcase time="0.00199999999999534" classname="character(0)" name="shuffle_ard_doesn_t_trim_off_NULL_NA_values"/>
  </testsuite>
  <testsuite name="shuffle_ard" timestamp="2025-10-02T17:16:48Z" hostname="fa4d5f75c183" tests="2" skipped="0" failures="0" errors="0" time="0.003">
    <testcase time="0.00199999999999534" classname="character(0)" name="shuffle_ard_coerces_all_factor_groups_variables_to_character"/>
    <testcase time="0.00100000000000477" classname="character(0)" name="shuffle_ard_coerces_all_factor_groups_variables_to_character"/>
  </testsuite>
  <testsuite name="shuffle_ard" timestamp="2025-10-02T17:16:48Z" hostname="fa4d5f75c183" tests="1" skipped="0" failures="0" errors="0" time="0.002">
    <testcase time="0.00199999999999534" classname="character(0)" name="shuffle_ard_fills_missing_group_levels_if_the_group_is_meaningful_for_cardx_output"/>
  </testsuite>
  <testsuite name="shuffle_ard" timestamp="2025-10-02T17:16:48Z" hostname="fa4d5f75c183" tests="4" skipped="0" failures="0" errors="0" time="0.004">
    <testcase time="0.00200000000000955" classname="character(0)" name="shuffle_ard_fills_grouping_columns_with_Overall_var_or_Any_var_"/>
    <testcase time="0.000999999999990564" classname="character(0)" name="shuffle_ard_fills_grouping_columns_with_Overall_var_or_Any_var_"/>
    <testcase time="0" classname="character(0)" name="shuffle_ard_fills_grouping_columns_with_Overall_var_or_Any_var_"/>
    <testcase time="0.00100000000000477" classname="character(0)" name="shuffle_ard_fills_grouping_columns_with_Overall_var_or_Any_var_"/>
  </testsuite>
  <testsuite name="shuffle_ard" timestamp="2025-10-02T17:16:48Z" hostname="fa4d5f75c183" tests="4" skipped="0" failures="0" errors="0" time="0.004">
    <testcase time="0.00199999999999534" classname="character(0)" name="shuffle_ard_fills_with_multiple_by_columns"/>
    <testcase time="0.00100000000000477" classname="character(0)" name="shuffle_ard_fills_with_multiple_by_columns"/>
    <testcase time="0" classname="character(0)" name="shuffle_ard_fills_with_multiple_by_columns"/>
    <testcase time="0.00100000000000477" classname="character(0)" name="shuffle_ard_fills_with_multiple_by_columns"/>
  </testsuite>
  <testsuite name="shuffle_ard" timestamp="2025-10-02T17:16:48Z" hostname="fa4d5f75c183" tests="6" skipped="0" failures="0" errors="0" time="0.005">
    <testcase time="0.00199999999999534" classname="character(0)" name="shuffle_ard_messages_about_Overall_var_or_Any_var_"/>
    <testcase time="0.00100000000000477" classname="character(0)" name="shuffle_ard_messages_about_Overall_var_or_Any_var_"/>
    <testcase time="0" classname="character(0)" name="shuffle_ard_messages_about_Overall_var_or_Any_var_"/>
    <testcase time="0.000999999999990564" classname="character(0)" name="shuffle_ard_messages_about_Overall_var_or_Any_var_"/>
    <testcase time="0" classname="character(0)" name="shuffle_ard_messages_about_Overall_var_or_Any_var_"/>
    <testcase time="0.00100000000000477" classname="character(0)" name="shuffle_ard_messages_about_Overall_var_or_Any_var_"/>
  </testsuite>
  <testsuite name="shuffle_ard" timestamp="2025-10-02T17:16:48Z" hostname="fa4d5f75c183" tests="1" skipped="0" failures="0" errors="0" time="0.002">
    <testcase time="0.00199999999999534" classname="character(0)" name="shuffle_ard_preserves_the_attributes_of_a_card_object"/>
  </testsuite>
  <testsuite name="tidy_ard_column_order" timestamp="2025-10-02T17:16:49Z" hostname="fa4d5f75c183" tests="1" skipped="0" failures="0" errors="0" time="0.122">
    <testcase time="0.122" classname="character(0)" name="tidy_ard_column_order_works"/>
  </testsuite>
  <testsuite name="tidy_ard_row_order" timestamp="2025-10-02T17:16:49Z" hostname="fa4d5f75c183" tests="1" skipped="0" failures="0" errors="0" time="0.26">
    <testcase time="0.260000000000005" classname="character(0)" name="tidy_ard_row_order_works"/>
  </testsuite>
  <testsuite name="tidy_as_ard" timestamp="2025-10-02T17:16:49Z" hostname="fa4d5f75c183" tests="4" skipped="0" failures="0" errors="0" time="0.361">
    <testcase time="0.358999999999995" classname="character(0)" name="tidy_as_ard_works"/>
    <testcase time="0.00100000000000477" classname="character(0)" name="tidy_as_ard_works"/>
    <testcase time="0" classname="character(0)" name="tidy_as_ard_works"/>
    <testcase time="0.00100000000000477" classname="character(0)" name="tidy_as_ard_works"/>
  </testsuite>
  <testsuite name="unlist_ard_columns" timestamp="2025-10-02T17:16:50Z" hostname="fa4d5f75c183" tests="3" skipped="0" failures="0" errors="0" time="0.726">
    <testcase time="0.724999999999994" classname="character(0)" name="unlist_ard_columns_"/>
    <testcase time="0" classname="character(0)" name="unlist_ard_columns_"/>
    <testcase time="0.00100000000000477" classname="character(0)" name="unlist_ard_columns_"/>
  </testsuite>
  <testsuite name="unlist_ard_columns" timestamp="2025-10-02T17:16:50Z" hostname="fa4d5f75c183" tests="1" skipped="0" failures="0" errors="0" time="0.002">
    <testcase time="0.00199999999999534" classname="character(0)" name="unlist_ard_columns_messaging"/>
  </testsuite>
  <testsuite name="unlist_ard_columns" timestamp="2025-10-02T17:16:50Z" hostname="fa4d5f75c183" tests="2" skipped="0" failures="0" errors="0" time="0.003">
    <testcase time="0.00199999999999534" classname="character(0)" name="unlist_ard_columns_fct_as_chr_"/>
    <testcase time="0.00100000000000477" classname="character(0)" name="unlist_ard_columns_fct_as_chr_"/>
  </testsuite>
  <testsuite name="update_ard" timestamp="2025-10-02T17:16:51Z" hostname="fa4d5f75c183" tests="2" skipped="0" failures="0" errors="0" time="1.251">
    <testcase time="1.248" classname="character(0)" name="update_ard_fmt_fun_"/>
    <testcase time="0.00300000000000011" classname="character(0)" name="update_ard_fmt_fun_"/>
  </testsuite>
  <testsuite name="update_ard" timestamp="2025-10-02T17:16:51Z" hostname="fa4d5f75c183" tests="1" skipped="0" failures="0" errors="0" time="0.003">
    <testcase time="0.00300000000000011" classname="character(0)" name="update_ard_fmt_fun_filter_"/>
  </testsuite>
  <testsuite name="update_ard" timestamp="2025-10-02T17:16:51Z" hostname="fa4d5f75c183" tests="2" skipped="0" failures="0" errors="0" time="0.003">
    <testcase time="0.00199999999999534" classname="character(0)" name="update_ard_fmt_fun_filter_messaging"/>
    <testcase time="0.00100000000000477" classname="character(0)" name="update_ard_fmt_fun_filter_messaging"/>
  </testsuite>
  <testsuite name="update_ard" timestamp="2025-10-02T17:16:51Z" hostname="fa4d5f75c183" tests="1" skipped="0" failures="0" errors="0" time="0.002">
    <testcase time="0.00199999999999534" classname="character(0)" name="update_ard_stat_label_"/>
  </testsuite>
  <testsuite name="update_ard" timestamp="2025-10-02T17:16:51Z" hostname="fa4d5f75c183" tests="1" skipped="0" failures="0" errors="0" time="0.002">
    <testcase time="0.00199999999999534" classname="character(0)" name="update_ard_stat_label_filter_"/>
  </testsuite>
  <testsuite name="update_ard" timestamp="2025-10-02T17:16:51Z" hostname="fa4d5f75c183" tests="2" skipped="0" failures="0" errors="0" time="0.003">
    <testcase time="0.00300000000000011" classname="character(0)" name="update_ard_stat_label_filter_messaging"/>
    <testcase time="0" classname="character(0)" name="update_ard_stat_label_filter_messaging"/>
  </testsuite>
  <testsuite name="sort_ard_hierarchical" timestamp="2025-10-02T17:16:53Z" hostname="fa4d5f75c183" tests="3" skipped="0" failures="0" errors="0" time="1.979">
    <testcase time="1.97800000000001" classname="character(0)" name="sort_ard_hierarchical_works"/>
    <testcase time="0" classname="character(0)" name="sort_ard_hierarchical_works"/>
    <testcase time="0.000999999999990564" classname="character(0)" name="sort_ard_hierarchical_works"/>
  </testsuite>
  <testsuite name="sort_ard_hierarchical" timestamp="2025-10-02T17:16:53Z" hostname="fa4d5f75c183" tests="4" skipped="0" failures="0" errors="0" time="0.003">
    <testcase time="0.00200000000000955" classname="character(0)" name="sort_ard_hierarchical_sort_descending_works"/>
    <testcase time="0" classname="character(0)" name="sort_ard_hierarchical_sort_descending_works"/>
    <testcase time="0" classname="character(0)" name="sort_ard_hierarchical_sort_descending_works"/>
    <testcase time="0.00100000000000477" classname="character(0)" name="sort_ard_hierarchical_sort_descending_works"/>
  </testsuite>
  <testsuite name="sort_ard_hierarchical" timestamp="2025-10-02T17:16:53Z" hostname="fa4d5f75c183" tests="4" skipped="0" failures="0" errors="0" time="0.003">
    <testcase time="0.00199999999999534" classname="character(0)" name="sort_ard_hierarchical_sort_alphanumeric_works"/>
    <testcase time="0" classname="character(0)" name="sort_ard_hierarchical_sort_alphanumeric_works"/>
    <testcase time="0.00100000000000477" classname="character(0)" name="sort_ard_hierarchical_sort_alphanumeric_works"/>
    <testcase time="0" classname="character(0)" name="sort_ard_hierarchical_sort_alphanumeric_works"/>
  </testsuite>
  <testsuite name="sort_ard_hierarchical" timestamp="2025-10-02T17:16:53Z" hostname="fa4d5f75c183" tests="4" skipped="0" failures="0" errors="0" time="0.004">
    <testcase time="0.00300000000000011" classname="character(0)" name="sort_ard_hierarchical_sort_works_with_different_sorting_methods_for_each_variable"/>
    <testcase time="0" classname="character(0)" name="sort_ard_hierarchical_sort_works_with_different_sorting_methods_for_each_variable"/>
    <testcase time="0.00100000000000477" classname="character(0)" name="sort_ard_hierarchical_sort_works_with_different_sorting_methods_for_each_variable"/>
    <testcase time="0" classname="character(0)" name="sort_ard_hierarchical_sort_works_with_different_sorting_methods_for_each_variable"/>
  </testsuite>
  <testsuite name="sort_ard_hierarchical" timestamp="2025-10-02T17:16:53Z" hostname="fa4d5f75c183" tests="4" skipped="0" failures="0" errors="0" time="0.004">
    <testcase time="0.00300000000000011" classname="character(0)" name="sort_ard_hierarchical_works_when_there_is_no_overall_row_in_x"/>
    <testcase time="0" classname="character(0)" name="sort_ard_hierarchical_works_when_there_is_no_overall_row_in_x"/>
    <testcase time="0.000999999999990564" classname="character(0)" name="sort_ard_hierarchical_works_when_there_is_no_overall_row_in_x"/>
    <testcase time="0" classname="character(0)" name="sort_ard_hierarchical_works_when_there_is_no_overall_row_in_x"/>
  </testsuite>
  <testsuite name="sort_ard_hierarchical" timestamp="2025-10-02T17:16:53Z" hostname="fa4d5f75c183" tests="5" skipped="0" failures="0" errors="0" time="0.005">
    <testcase time="0.00200000000000955" classname="character(0)" name="sort_ard_hierarchical_works_with_only_one_variable_in_x"/>
    <testcase time="0.000999999999990564" classname="character(0)" name="sort_ard_hierarchical_works_with_only_one_variable_in_x"/>
    <testcase time="0" classname="character(0)" name="sort_ard_hierarchical_works_with_only_one_variable_in_x"/>
    <testcase time="0.00100000000000477" classname="character(0)" name="sort_ard_hierarchical_works_with_only_one_variable_in_x"/>
    <testcase time="0.00100000000000477" classname="character(0)" name="sort_ard_hierarchical_works_with_only_one_variable_in_x"/>
  </testsuite>
  <testsuite name="sort_ard_hierarchical" timestamp="2025-10-02T17:16:53Z" hostname="fa4d5f75c183" tests="1" skipped="0" failures="0" errors="0" time="0.002">
    <testcase time="0.00199999999999534" classname="character(0)" name="sort_ard_hierarchical_works_when_some_variables_not_included_in_x"/>
  </testsuite>
  <testsuite name="sort_ard_hierarchical" timestamp="2025-10-02T17:16:53Z" hostname="fa4d5f75c183" tests="1" skipped="0" failures="0" errors="0" time="0.005">
    <testcase time="0.00499999999999545" classname="character(0)" name="sort_ard_hierarchical_works_when_sorting_using_p_instead_of_n"/>
  </testsuite>
  <testsuite name="sort_ard_hierarchical" timestamp="2025-10-02T17:16:53Z" hostname="fa4d5f75c183" tests="3" skipped="0" failures="0" errors="0" time="0.003">
    <testcase time="0.00200000000000955" classname="character(0)" name="sort_ard_hierarchical_works_with_overall_data"/>
    <testcase time="0" classname="character(0)" name="sort_ard_hierarchical_works_with_overall_data"/>
    <testcase time="0.000999999999990564" classname="character(0)" name="sort_ard_hierarchical_works_with_overall_data"/>
  </testsuite>
  <testsuite name="sort_ard_hierarchical" timestamp="2025-10-02T17:16:53Z" hostname="fa4d5f75c183" tests="3" skipped="0" failures="0" errors="0" time="0.003">
    <testcase time="0.00200000000000955" classname="character(0)" name="sort_ard_hierarchical_error_messaging_works"/>
    <testcase time="0.000999999999990564" classname="character(0)" name="sort_ard_hierarchical_error_messaging_works"/>
    <testcase time="0" classname="character(0)" name="sort_ard_hierarchical_error_messaging_works"/>
  </testsuite>
</testsuites>
