<?xml version="1.0" encoding="UTF-8"?>
<testsuites>
  <testsuite name="apply_fmt_fn" timestamp="2024-11-25T21:48:26Z" hostname="4d694c1fd536" tests="2" skipped="0" failures="0" errors="0" time="0.954">
    <testcase time="0.927" classname="character(0)" name="apply_fmt_fn_works"/>
    <testcase time="0.0269999999999999" classname="character(0)" name="apply_fmt_fn_works"/>
  </testsuite>
  <testsuite name="apply_fmt_fn" timestamp="2024-11-25T21:48:26Z" hostname="4d694c1fd536" tests="1" skipped="0" failures="0" errors="0" time="0.008">
    <testcase time="0.00800000000000001" classname="character(0)" name="apply_fmt_fn_works_with_integer_specification"/>
  </testsuite>
  <testsuite name="apply_fmt_fn" timestamp="2024-11-25T21:48:26Z" hostname="4d694c1fd536" tests="2" skipped="0" failures="0" errors="0" time="0.008">
    <testcase time="0.0069999999999999" classname="character(0)" name="apply_fmt_fn_works_with_xx_specification"/>
    <testcase time="0.00100000000000011" classname="character(0)" name="apply_fmt_fn_works_with_xx_specification"/>
  </testsuite>
  <testsuite name="apply_fmt_fn" timestamp="2024-11-25T21:48:26Z" hostname="4d694c1fd536" tests="1" skipped="1" failures="0" errors="0" time="0.001">
    <testcase time="0.00099999999999989" classname="character(0)" name="apply_fmt_fn_error_messaging">
      <skipped message="Reason: On CRAN ('test-apply_fmt_fn.R:76:3')"/>
    </testcase>
  </testsuite>
  <testsuite name="apply_fmt_fn" timestamp="2024-11-25T21:48:26Z" hostname="4d694c1fd536" tests="1" skipped="1" failures="0" errors="0" time="0.025">
    <testcase time="0.0250000000000001" classname="character(0)" name="apply_fmt_fn_replace_">
      <skipped message="Reason: On CRAN ('test-apply_fmt_fn.R:119:3')"/>
    </testcase>
  </testsuite>
  <testsuite name="add_calculated_row" timestamp="2024-11-25T21:48:26Z" hostname="4d694c1fd536" tests="1" skipped="1" failures="0" errors="0" time="0.114">
    <testcase time="0.114" classname="character(0)" name="add_calculated_row_x_">
      <skipped message="Reason: On CRAN ('test-add_calculated_row.R:2:3')"/>
    </testcase>
  </testsuite>
  <testsuite name="add_calculated_row" timestamp="2024-11-25T21:48:26Z" hostname="4d694c1fd536" tests="1" skipped="1" failures="0" errors="0" time="0.02">
    <testcase time="0.02" classname="character(0)" name="add_calculated_row_expr_messaging">
      <skipped message="Reason: On CRAN ('test-add_calculated_row.R:25:3')"/>
    </testcase>
  </testsuite>
  <testsuite name="add_calculated_row" timestamp="2024-11-25T21:48:26Z" hostname="4d694c1fd536" tests="1" skipped="1" failures="0" errors="0" time="0.016">
    <testcase time="0.016" classname="character(0)" name="add_calculated_row_by_messaging">
      <skipped message="Reason: On CRAN ('test-add_calculated_row.R:33:3')"/>
    </testcase>
  </testsuite>
  <testsuite name="ard_attributes" timestamp="2024-11-25T21:48:26Z" hostname="4d694c1fd536" tests="1" skipped="1" failures="0" errors="0" time="0.135">
    <testcase time="0.135" classname="character(0)" name="ard_attributes_works">
      <skipped message="Reason: On CRAN ('test-ard_attributes.R:5:3')"/>
    </testcase>
  </testsuite>
  <testsuite name="ard_attributes" timestamp="2024-11-25T21:48:26Z" hostname="4d694c1fd536" tests="1" skipped="0" failures="0" errors="0" time="0.009">
    <testcase time="0.0089999999999999" classname="character(0)" name="ard_attributes_errors_when_there_is_no_dataframe"/>
  </testsuite>
  <testsuite name="ard_attributes" timestamp="2024-11-25T21:48:26Z" hostname="4d694c1fd536" tests="1" skipped="0" failures="0" errors="0" time="0.002">
    <testcase time="0.00200000000000022" classname="character(0)" name="ard_attributes_follows_ard_structure"/>
  </testsuite>
  <testsuite name="ard_attributes" timestamp="2024-11-25T21:48:26Z" hostname="4d694c1fd536" tests="1" skipped="1" failures="0" errors="0" time="0.001">
    <testcase time="0.00099999999999989" classname="character(0)" name="ard_attributes_requires_label_as_a_named_list">
      <skipped message="Reason: On CRAN ('test-ard_attributes.R:29:3')"/>
    </testcase>
  </testsuite>
  <testsuite name="ard_complex" timestamp="2024-11-25T21:48:27Z" hostname="4d694c1fd536" tests="5" skipped="0" failures="0" errors="0" time="0.791">
    <testcase time="0.789" classname="character(0)" name="ard_complex_works"/>
    <testcase time="0" classname="character(0)" name="ard_complex_works"/>
    <testcase time="0.00099999999999989" classname="character(0)" name="ard_complex_works"/>
    <testcase time="0" classname="character(0)" name="ard_complex_works"/>
    <testcase time="0.00099999999999989" classname="character(0)" name="ard_complex_works"/>
  </testsuite>
  <testsuite name="ard_complex" timestamp="2024-11-25T21:48:27Z" hostname="4d694c1fd536" tests="1" skipped="1" failures="0" errors="0" time="0.001">
    <testcase time="0.00100000000000033" classname="character(0)" name="ard_complex_messaging">
      <skipped message="Reason: On CRAN ('test-ard_complex.R:87:3')"/>
    </testcase>
  </testsuite>
  <testsuite name="ard_complex" timestamp="2024-11-25T21:48:27Z" hostname="4d694c1fd536" tests="1" skipped="0" failures="0" errors="0" time="0.013">
    <testcase time="0.0129999999999999" classname="character(0)" name="ard_complex_with_grouped_data_works"/>
  </testsuite>
  <testsuite name="ard_complex" timestamp="2024-11-25T21:48:27Z" hostname="4d694c1fd536" tests="1" skipped="0" failures="0" errors="0" time="0.001">
    <testcase time="0.00099999999999989" classname="character(0)" name="ard_complex_follows_ard_structure"/>
  </testsuite>
  <testsuite name="ard_complex" timestamp="2024-11-25T21:48:27Z" hostname="4d694c1fd536" tests="1" skipped="1" failures="0" errors="0" time="0.001">
    <testcase time="0.00099999999999989" classname="character(0)" name="ard_complex_errors_with_incorrect_factor_columns">
      <skipped message="Reason: On CRAN ('test-ard_complex.R:130:3')"/>
    </testcase>
  </testsuite>
  <testsuite name="ard_categorical" timestamp="2024-11-25T21:48:35Z" hostname="4d694c1fd536" tests="2" skipped="1" failures="0" errors="0" time="7.849">
    <testcase time="7.848" classname="character(0)" name="ard_categorical_univariate"/>
    <testcase time="0.000999999999999446" classname="character(0)" name="ard_categorical_univariate">
      <skipped message="Reason: On CRAN ('test-ard_categorical.R:6:3')"/>
    </testcase>
  </testsuite>
  <testsuite name="ard_categorical" timestamp="2024-11-25T21:48:35Z" hostname="4d694c1fd536" tests="2" skipped="1" failures="0" errors="0" time="0.01">
    <testcase time="0.00999999999999979" classname="character(0)" name="ard_categorical_univariate_specified_denomiator"/>
    <testcase time="0" classname="character(0)" name="ard_categorical_univariate_specified_denomiator">
      <skipped message="Reason: On CRAN ('test-ard_categorical.R:77:3')"/>
    </testcase>
  </testsuite>
  <testsuite name="ard_categorical" timestamp="2024-11-25T21:48:35Z" hostname="4d694c1fd536" tests="1" skipped="1" failures="0" errors="0" time="0.01">
    <testcase time="0.00999999999999979" classname="character(0)" name="ard_continuous_fmt_fn_argument_works">
      <skipped message="Reason: On CRAN ('test-ard_categorical.R:103:3')"/>
    </testcase>
  </testsuite>
  <testsuite name="ard_categorical" timestamp="2024-11-25T21:48:35Z" hostname="4d694c1fd536" tests="6" skipped="1" failures="0" errors="0" time="0.012">
    <testcase time="0.00900000000000034" classname="character(0)" name="ard_categorical_with_strata_and_by_arguments"/>
    <testcase time="0.000999999999999446" classname="character(0)" name="ard_categorical_with_strata_and_by_arguments"/>
    <testcase time="0" classname="character(0)" name="ard_categorical_with_strata_and_by_arguments"/>
    <testcase time="0.00100000000000122" classname="character(0)" name="ard_categorical_with_strata_and_by_arguments"/>
    <testcase time="0" classname="character(0)" name="ard_categorical_with_strata_and_by_arguments"/>
    <testcase time="0.000999999999999446" classname="character(0)" name="ard_categorical_with_strata_and_by_arguments">
      <skipped message="Reason: On CRAN ('test-ard_categorical.R:221:3')"/>
    </testcase>
  </testsuite>
  <testsuite name="ard_categorical" timestamp="2024-11-25T21:48:35Z" hostname="4d694c1fd536" tests="1" skipped="1" failures="0" errors="0" time="0.009">
    <testcase time="0.00900000000000034" classname="character(0)" name="ard_categorical_stat_label_argument_works">
      <skipped message="Reason: On CRAN ('test-ard_categorical.R:245:3')"/>
    </testcase>
  </testsuite>
  <testsuite name="ard_categorical" timestamp="2024-11-25T21:48:35Z" hostname="4d694c1fd536" tests="5" skipped="0" failures="0" errors="0" time="0.014">
    <testcase time="0.0120000000000005" classname="character(0)" name="ard_categorical_denominator_cell_works"/>
    <testcase time="0.000999999999999446" classname="character(0)" name="ard_categorical_denominator_cell_works"/>
    <testcase time="0" classname="character(0)" name="ard_categorical_denominator_cell_works"/>
    <testcase time="0.000999999999999446" classname="character(0)" name="ard_categorical_denominator_cell_works"/>
    <testcase time="0" classname="character(0)" name="ard_categorical_denominator_cell_works"/>
  </testsuite>
  <testsuite name="ard_categorical" timestamp="2024-11-25T21:48:35Z" hostname="4d694c1fd536" tests="7" skipped="1" failures="0" errors="0" time="0.004">
    <testcase time="0.00200000000000067" classname="character(0)" name="ard_categorical_denominator_row_works"/>
    <testcase time="0" classname="character(0)" name="ard_categorical_denominator_row_works"/>
    <testcase time="0.000999999999999446" classname="character(0)" name="ard_categorical_denominator_row_works"/>
    <testcase time="0" classname="character(0)" name="ard_categorical_denominator_row_works"/>
    <testcase time="0.000999999999999446" classname="character(0)" name="ard_categorical_denominator_row_works"/>
    <testcase time="0" classname="character(0)" name="ard_categorical_denominator_row_works"/>
    <testcase time="0" classname="character(0)" name="ard_categorical_denominator_row_works">
      <skipped message="Reason: On CRAN ('test-ard_categorical.R:402:3')"/>
    </testcase>
  </testsuite>
  <testsuite name="ard_categorical" timestamp="2024-11-25T21:48:35Z" hostname="4d694c1fd536" tests="5" skipped="0" failures="0" errors="0" time="0.012">
    <testcase time="0.0100000000000016" classname="character(0)" name="ard_categorical_denominator_column_works"/>
    <testcase time="0.000999999999999446" classname="character(0)" name="ard_categorical_denominator_column_works"/>
    <testcase time="0" classname="character(0)" name="ard_categorical_denominator_column_works"/>
    <testcase time="0.000999999999999446" classname="character(0)" name="ard_categorical_denominator_column_works"/>
    <testcase time="0" classname="character(0)" name="ard_categorical_denominator_column_works"/>
  </testsuite>
  <testsuite name="ard_categorical" timestamp="2024-11-25T21:48:35Z" hostname="4d694c1fd536" tests="1" skipped="0" failures="0" errors="0" time="0.001">
    <testcase time="0.00100000000000122" classname="character(0)" name="ard_categorical_denominator_integer_works"/>
  </testsuite>
  <testsuite name="ard_categorical" timestamp="2024-11-25T21:48:35Z" hostname="4d694c1fd536" tests="1" skipped="1" failures="0" errors="0" time="0.002">
    <testcase time="0.00199999999999889" classname="character(0)" name="ard_categorical_denominator_data_frame_with_counts_works">
      <skipped message="Reason: On CRAN ('test-ard_categorical.R:509:3')"/>
    </testcase>
  </testsuite>
  <testsuite name="ard_categorical" timestamp="2024-11-25T21:48:35Z" hostname="4d694c1fd536" tests="2" skipped="0" failures="0" errors="0" time="0.01">
    <testcase time="0.00900000000000034" classname="character(0)" name="ard_categorical_denominator_data_frame_without_counts_works"/>
    <testcase time="0.000999999999999446" classname="character(0)" name="ard_categorical_denominator_data_frame_without_counts_works"/>
  </testsuite>
  <testsuite name="ard_categorical" timestamp="2024-11-25T21:48:35Z" hostname="4d694c1fd536" tests="2" skipped="0" failures="0" errors="0" time="0.002">
    <testcase time="0.00100000000000122" classname="character(0)" name="ard_categorical_and_ARD_column_names"/>
    <testcase time="0.000999999999999446" classname="character(0)" name="ard_categorical_and_ARD_column_names"/>
  </testsuite>
  <testsuite name="ard_categorical" timestamp="2024-11-25T21:48:35Z" hostname="4d694c1fd536" tests="1" skipped="0" failures="0" errors="0" time="0.001">
    <testcase time="0.000999999999999446" classname="character(0)" name="ard_categorical_with_grouped_data_works"/>
  </testsuite>
  <testsuite name="ard_categorical" timestamp="2024-11-25T21:48:35Z" hostname="4d694c1fd536" tests="1" skipped="1" failures="0" errors="0" time="0.001">
    <testcase time="0.000999999999999446" classname="character(0)" name="ard_categorical_and_all_NA_columns">
      <skipped message="Reason: On CRAN ('test-ard_categorical.R:643:3')"/>
    </testcase>
  </testsuite>
  <testsuite name="ard_categorical" timestamp="2024-11-25T21:48:35Z" hostname="4d694c1fd536" tests="4" skipped="0" failures="0" errors="0" time="0.014">
    <testcase time="0.0120000000000005" classname="character(0)" name="ard_categorical_can_handle_non_syntactic_column_names"/>
    <testcase time="0.00100000000000122" classname="character(0)" name="ard_categorical_can_handle_non_syntactic_column_names"/>
    <testcase time="0" classname="character(0)" name="ard_categorical_can_handle_non_syntactic_column_names"/>
    <testcase time="0.000999999999999446" classname="character(0)" name="ard_categorical_can_handle_non_syntactic_column_names"/>
  </testsuite>
  <testsuite name="ard_categorical" timestamp="2024-11-25T21:48:35Z" hostname="4d694c1fd536" tests="1" skipped="0" failures="0" errors="0" time="0.001">
    <testcase time="0.000999999999999446" classname="character(0)" name="ard_categorical_strata_returns_results_in_proper_order"/>
  </testsuite>
  <testsuite name="ard_categorical" timestamp="2024-11-25T21:48:35Z" hostname="4d694c1fd536" tests="1" skipped="1" failures="0" errors="0" time="0.002">
    <testcase time="0.00200000000000067" classname="character(0)" name="ard_categorical_by_messages_about_protected_names">
      <skipped message="Reason: On CRAN ('test-ard_categorical.R:723:3')"/>
    </testcase>
  </testsuite>
  <testsuite name="ard_categorical" timestamp="2024-11-25T21:48:35Z" hostname="4d694c1fd536" tests="15" skipped="0" failures="0" errors="0" time="0.016">
    <testcase time="0.00900000000000034" classname="character(0)" name="ard_categorical_works_when_using_generic_names_"/>
    <testcase time="0.000999999999999446" classname="character(0)" name="ard_categorical_works_when_using_generic_names_"/>
    <testcase time="0" classname="character(0)" name="ard_categorical_works_when_using_generic_names_"/>
    <testcase time="0.000999999999999446" classname="character(0)" name="ard_categorical_works_when_using_generic_names_"/>
    <testcase time="0" classname="character(0)" name="ard_categorical_works_when_using_generic_names_"/>
    <testcase time="0.00100000000000122" classname="character(0)" name="ard_categorical_works_when_using_generic_names_"/>
    <testcase time="0" classname="character(0)" name="ard_categorical_works_when_using_generic_names_"/>
    <testcase time="0.000999999999999446" classname="character(0)" name="ard_categorical_works_when_using_generic_names_"/>
    <testcase time="0" classname="character(0)" name="ard_categorical_works_when_using_generic_names_"/>
    <testcase time="0.000999999999999446" classname="character(0)" name="ard_categorical_works_when_using_generic_names_"/>
    <testcase time="0" classname="character(0)" name="ard_categorical_works_when_using_generic_names_"/>
    <testcase time="0.000999999999999446" classname="character(0)" name="ard_categorical_works_when_using_generic_names_"/>
    <testcase time="0" classname="character(0)" name="ard_categorical_works_when_using_generic_names_"/>
    <testcase time="0.00100000000000122" classname="character(0)" name="ard_categorical_works_when_using_generic_names_"/>
    <testcase time="0" classname="character(0)" name="ard_categorical_works_when_using_generic_names_"/>
  </testsuite>
  <testsuite name="ard_categorical" timestamp="2024-11-25T21:48:35Z" hostname="4d694c1fd536" tests="1" skipped="1" failures="0" errors="0" time="0.002">
    <testcase time="0.00199999999999889" classname="character(0)" name="ard_categorical_by_messages_about_protected_names">
      <skipped message="Reason: On CRAN ('test-ard_categorical.R:832:3')"/>
    </testcase>
  </testsuite>
  <testsuite name="ard_categorical" timestamp="2024-11-25T21:48:35Z" hostname="4d694c1fd536" tests="1" skipped="0" failures="0" errors="0" time="0.009">
    <testcase time="0.00900000000000034" classname="character(0)" name="ard_categorical_follows_ard_structure"/>
  </testsuite>
  <testsuite name="ard_categorical" timestamp="2024-11-25T21:48:35Z" hostname="4d694c1fd536" tests="2" skipped="0" failures="0" errors="0" time="0.002">
    <testcase time="0.00200000000000067" classname="character(0)" name="ard_categorical_with_hms_times"/>
    <testcase time="0" classname="character(0)" name="ard_categorical_with_hms_times"/>
  </testsuite>
  <testsuite name="ard_categorical" timestamp="2024-11-25T21:48:35Z" hostname="4d694c1fd536" tests="1" skipped="1" failures="0" errors="0" time="0.002">
    <testcase time="0.00199999999999889" classname="character(0)" name="ard_categorical_errors_with_incomplete_factor_columns">
      <skipped message="Reason: On CRAN ('test-ard_categorical.R:874:3')"/>
    </testcase>
  </testsuite>
  <testsuite name="ard_dichotomous" timestamp="2024-11-25T21:48:36Z" hostname="4d694c1fd536" tests="2" skipped="1" failures="0" errors="0" time="0.604">
    <testcase time="0.604000000000001" classname="character(0)" name="ard_dichotomous_works"/>
    <testcase time="0" classname="character(0)" name="ard_dichotomous_works">
      <skipped message="Reason: On CRAN ('test-ard_dichotomous.R:11:3')"/>
    </testcase>
  </testsuite>
  <testsuite name="ard_dichotomous" timestamp="2024-11-25T21:48:36Z" hostname="4d694c1fd536" tests="1" skipped="1" failures="0" errors="0" time="0.01">
    <testcase time="0.00999999999999979" classname="character(0)" name="ard_dichotomous_works">
      <skipped message="Reason: On CRAN ('test-ard_dichotomous.R:46:3')"/>
    </testcase>
  </testsuite>
  <testsuite name="ard_dichotomous" timestamp="2024-11-25T21:48:36Z" hostname="4d694c1fd536" tests="1" skipped="0" failures="0" errors="0" time="0.009">
    <testcase time="0.00900000000000034" classname="character(0)" name="ard_dichotomous_with_grouped_data_works"/>
  </testsuite>
  <testsuite name="ard_dichotomous" timestamp="2024-11-25T21:48:36Z" hostname="4d694c1fd536" tests="1" skipped="0" failures="0" errors="0" time="0.002">
    <testcase time="0.00200000000000067" classname="character(0)" name="ard_dichotomous_follows_ard_structure"/>
  </testsuite>
  <testsuite name="ard_dichotomous" timestamp="2024-11-25T21:48:36Z" hostname="4d694c1fd536" tests="1" skipped="1" failures="0" errors="0" time="0.001">
    <testcase time="0.000999999999999446" classname="character(0)" name="ard_dichotomous_errors_with_incomplete_factor_columns">
      <skipped message="Reason: On CRAN ('test-ard_dichotomous.R:100:3')"/>
    </testcase>
  </testsuite>
  <testsuite name="ard_hierarchical" timestamp="2024-11-25T21:48:44Z" hostname="4d694c1fd536" tests="2" skipped="1" failures="0" errors="0" time="7.904">
    <testcase time="7.904" classname="character(0)" name="ard_hierarchical_works_without_by_variables"/>
    <testcase time="0" classname="character(0)" name="ard_hierarchical_works_without_by_variables">
      <skipped message="Reason: On CRAN ('test-ard_hierarchical.R:12:3')"/>
    </testcase>
  </testsuite>
  <testsuite name="ard_hierarchical" timestamp="2024-11-25T21:48:44Z" hostname="4d694c1fd536" tests="2" skipped="0" failures="0" errors="0" time="0.011">
    <testcase time="0.0100000000000016" classname="character(0)" name="ard_hierarchical_works_with_by_variable"/>
    <testcase time="0.000999999999997669" classname="character(0)" name="ard_hierarchical_works_with_by_variable"/>
  </testsuite>
  <testsuite name="ard_hierarchical" timestamp="2024-11-25T21:48:44Z" hostname="4d694c1fd536" tests="2" skipped="0" failures="0" errors="0" time="0.002">
    <testcase time="0.00100000000000122" classname="character(0)" name="ard_hierarchical_works_with_by_variable_not_present_in_denominator_"/>
    <testcase time="0.00100000000000122" classname="character(0)" name="ard_hierarchical_works_with_by_variable_not_present_in_denominator_"/>
  </testsuite>
  <testsuite name="ard_hierarchical" timestamp="2024-11-25T21:48:44Z" hostname="4d694c1fd536" tests="1" skipped="1" failures="0" errors="0" time="0.001">
    <testcase time="0.000999999999997669" classname="character(0)" name="ard_hierarchical_works_without_any_variables">
      <skipped message="Reason: On CRAN ('test-ard_hierarchical.R:97:3')"/>
    </testcase>
  </testsuite>
  <testsuite name="ard_hierarchical" timestamp="2024-11-25T21:48:44Z" hostname="4d694c1fd536" tests="1" skipped="1" failures="0" errors="0" time="0.013">
    <testcase time="0.0130000000000017" classname="character(0)" name="ard_hierarchical_id_argument_works">
      <skipped message="Reason: On CRAN ('test-ard_hierarchical.R:107:3')"/>
    </testcase>
  </testsuite>
  <testsuite name="ard_hierarchical" timestamp="2024-11-25T21:48:44Z" hostname="4d694c1fd536" tests="2" skipped="1" failures="0" errors="0" time="0.011">
    <testcase time="0.00999999999999801" classname="character(0)" name="ard_hierarchical_count_works_without_by_variables"/>
    <testcase time="0.00100000000000122" classname="character(0)" name="ard_hierarchical_count_works_without_by_variables">
      <skipped message="Reason: On CRAN ('test-ard_hierarchical.R:141:3')"/>
    </testcase>
  </testsuite>
  <testsuite name="ard_hierarchical" timestamp="2024-11-25T21:48:44Z" hostname="4d694c1fd536" tests="2" skipped="0" failures="0" errors="0" time="0.01">
    <testcase time="0.00900000000000034" classname="character(0)" name="ard_hierarchical_count_works_with_by_variable"/>
    <testcase time="0.00100000000000122" classname="character(0)" name="ard_hierarchical_count_works_with_by_variable"/>
  </testsuite>
  <testsuite name="ard_hierarchical" timestamp="2024-11-25T21:48:44Z" hostname="4d694c1fd536" tests="2" skipped="0" failures="0" errors="0" time="0.002">
    <testcase time="0.000999999999997669" classname="character(0)" name="ard_hierarchical_count_works_with_by_variable_not_present_in_denominator_"/>
    <testcase time="0.00100000000000122" classname="character(0)" name="ard_hierarchical_count_works_with_by_variable_not_present_in_denominator_"/>
  </testsuite>
  <testsuite name="ard_hierarchical" timestamp="2024-11-25T21:48:44Z" hostname="4d694c1fd536" tests="1" skipped="1" failures="0" errors="0" time="0.001">
    <testcase time="0.00100000000000122" classname="character(0)" name="ard_hierarchical_count_works_without_any_variables">
      <skipped message="Reason: On CRAN ('test-ard_hierarchical.R:234:3')"/>
    </testcase>
  </testsuite>
  <testsuite name="ard_hierarchical" timestamp="2024-11-25T21:48:44Z" hostname="4d694c1fd536" tests="2" skipped="0" failures="0" errors="0" time="0.011">
    <testcase time="0.00999999999999801" classname="character(0)" name="ard_hierarchical_and_ard_hierarchical_count_with_grouped_data_works"/>
    <testcase time="0.00100000000000122" classname="character(0)" name="ard_hierarchical_and_ard_hierarchical_count_with_grouped_data_works"/>
  </testsuite>
  <testsuite name="ard_hierarchical" timestamp="2024-11-25T21:48:44Z" hostname="4d694c1fd536" tests="1" skipped="0" failures="0" errors="0" time="0.001">
    <testcase time="0.000999999999997669" classname="character(0)" name="ard_hierarchical_follows_ard_structure"/>
  </testsuite>
  <testsuite name="ard_hierarchical" timestamp="2024-11-25T21:48:44Z" hostname="4d694c1fd536" tests="1" skipped="1" failures="0" errors="0" time="0.002">
    <testcase time="0.00200000000000244" classname="character(0)" name="ard_hierarchical_errors_with_incomplete_factor_columns">
      <skipped message="Reason: On CRAN ('test-ard_hierarchical.R:287:3')"/>
    </testcase>
  </testsuite>
  <testsuite name="ard_hierarchical" timestamp="2024-11-25T21:48:44Z" hostname="4d694c1fd536" tests="1" skipped="1" failures="0" errors="0" time="0.012">
    <testcase time="0.0120000000000005" classname="character(0)" name="ard_hierarchical_count_errors_with_incomplete_factor_columns">
      <skipped message="Reason: On CRAN ('test-ard_hierarchical.R:310:3')"/>
    </testcase>
  </testsuite>
  <testsuite name="ard_hierarchical" timestamp="2024-11-25T21:48:44Z" hostname="4d694c1fd536" tests="3" skipped="0" failures="0" errors="0" time="0.011">
    <testcase time="0.00999999999999801" classname="character(0)" name="ard_hierarchical_count_provides_correct_results_with_10_groups"/>
    <testcase time="0.00100000000000122" classname="character(0)" name="ard_hierarchical_count_provides_correct_results_with_10_groups"/>
    <testcase time="0" classname="character(0)" name="ard_hierarchical_count_provides_correct_results_with_10_groups"/>
  </testsuite>
  <testsuite name="ard_missing" timestamp="2024-11-25T21:48:44Z" hostname="4d694c1fd536" tests="2" skipped="1" failures="0" errors="0" time="0.364">
    <testcase time="0.363" classname="character(0)" name="ard_missing_works"/>
    <testcase time="0.00100000000000122" classname="character(0)" name="ard_missing_works">
      <skipped message="Reason: On CRAN ('test-ard_missing.R:7:3')"/>
    </testcase>
  </testsuite>
  <testsuite name="ard_missing" timestamp="2024-11-25T21:48:44Z" hostname="4d694c1fd536" tests="1" skipped="1" failures="0" errors="0" time="0.01">
    <testcase time="0.00999999999999801" classname="character(0)" name="ard_missing_stat_label_argument_works">
      <skipped message="Reason: On CRAN ('test-ard_missing.R:31:3')"/>
    </testcase>
  </testsuite>
  <testsuite name="ard_missing" timestamp="2024-11-25T21:48:44Z" hostname="4d694c1fd536" tests="1" skipped="0" failures="0" errors="0" time="0.013">
    <testcase time="0.0130000000000017" classname="character(0)" name="ard_missing_with_grouped_data_works"/>
  </testsuite>
  <testsuite name="ard_missing" timestamp="2024-11-25T21:48:44Z" hostname="4d694c1fd536" tests="1" skipped="0" failures="0" errors="0" time="0.002">
    <testcase time="0.00199999999999889" classname="character(0)" name="ard_missing_follows_ard_structure"/>
  </testsuite>
  <testsuite name="ard_pairwise" timestamp="2024-11-25T21:48:44Z" hostname="4d694c1fd536" tests="4" skipped="0" failures="0" errors="0" time="0.424">
    <testcase time="0.423000000000002" classname="character(0)" name="ard_pairwise_works"/>
    <testcase time="0" classname="character(0)" name="ard_pairwise_works"/>
    <testcase time="0.000999999999997669" classname="character(0)" name="ard_pairwise_works"/>
    <testcase time="0" classname="character(0)" name="ard_pairwise_works"/>
  </testsuite>
  <testsuite name="ard_pairwise" timestamp="2024-11-25T21:48:44Z" hostname="4d694c1fd536" tests="4" skipped="0" failures="0" errors="0" time="0.003">
    <testcase time="0.00199999999999889" classname="character(0)" name="ard_pairwise_variable_"/>
    <testcase time="0" classname="character(0)" name="ard_pairwise_variable_"/>
    <testcase time="0.00100000000000122" classname="character(0)" name="ard_pairwise_variable_"/>
    <testcase time="0" classname="character(0)" name="ard_pairwise_variable_"/>
  </testsuite>
  <testsuite name="ard_pairwise" timestamp="2024-11-25T21:48:44Z" hostname="4d694c1fd536" tests="1" skipped="1" failures="0" errors="0" time="0.002">
    <testcase time="0.00199999999999889" classname="character(0)" name="ard_pairwise_variable_messaging">
      <skipped message="Reason: On CRAN ('test-ard_pairwise.R:54:3')"/>
    </testcase>
  </testsuite>
  <testsuite name="ard_pairwise" timestamp="2024-11-25T21:48:44Z" hostname="4d694c1fd536" tests="2" skipped="0" failures="0" errors="0" time="0.01">
    <testcase time="0.0100000000000016" classname="character(0)" name="ard_pairwise_include_"/>
    <testcase time="0" classname="character(0)" name="ard_pairwise_include_"/>
  </testsuite>
  <testsuite name="ard_pairwise" timestamp="2024-11-25T21:48:44Z" hostname="4d694c1fd536" tests="1" skipped="1" failures="0" errors="0" time="0.002">
    <testcase time="0.00199999999999889" classname="character(0)" name="ard_pairwise_.f_messaging">
      <skipped message="Reason: On CRAN ('test-ard_pairwise.R:90:3')"/>
    </testcase>
  </testsuite>
  <testsuite name="ard_pairwise" timestamp="2024-11-25T21:48:44Z" hostname="4d694c1fd536" tests="1" skipped="1" failures="0" errors="0" time="0.012">
    <testcase time="0.0120000000000005" classname="character(0)" name="ard_pairwise_include_messaging">
      <skipped message="Reason: On CRAN ('test-ard_pairwise.R:98:3')"/>
    </testcase>
  </testsuite>
  <testsuite name="ard_stack" timestamp="2024-11-25T21:48:49Z" hostname="4d694c1fd536" tests="7" skipped="0" failures="0" errors="0" time="5.04">
    <testcase time="5.037" classname="character(0)" name="ard_stack_works"/>
    <testcase time="0.00100000000000122" classname="character(0)" name="ard_stack_works"/>
    <testcase time="0" classname="character(0)" name="ard_stack_works"/>
    <testcase time="0.000999999999997669" classname="character(0)" name="ard_stack_works"/>
    <testcase time="0" classname="character(0)" name="ard_stack_works"/>
    <testcase time="0.00100000000000122" classname="character(0)" name="ard_stack_works"/>
    <testcase time="0" classname="character(0)" name="ard_stack_works"/>
  </testsuite>
  <testsuite name="ard_stack" timestamp="2024-11-25T21:48:49Z" hostname="4d694c1fd536" tests="2" skipped="0" failures="0" errors="0" time="0.002">
    <testcase time="0.00199999999999889" classname="character(0)" name="ard_stack_adding_overalls"/>
    <testcase time="0" classname="character(0)" name="ard_stack_adding_overalls"/>
  </testsuite>
  <testsuite name="ard_stack" timestamp="2024-11-25T21:48:49Z" hostname="4d694c1fd536" tests="4" skipped="0" failures="0" errors="0" time="0.004">
    <testcase time="0.00200000000000244" classname="character(0)" name="ard_stack_adding_missing_attributes"/>
    <testcase time="0.000999999999997669" classname="character(0)" name="ard_stack_adding_missing_attributes"/>
    <testcase time="0" classname="character(0)" name="ard_stack_adding_missing_attributes"/>
    <testcase time="0.00100000000000122" classname="character(0)" name="ard_stack_adding_missing_attributes"/>
  </testsuite>
  <testsuite name="ard_stack" timestamp="2024-11-25T21:48:49Z" hostname="4d694c1fd536" tests="4" skipped="0" failures="0" errors="0" time="0.006">
    <testcase time="0.00400000000000134" classname="character(0)" name="ard_stack_.shuffle_argument"/>
    <testcase time="0.000999999999997669" classname="character(0)" name="ard_stack_.shuffle_argument"/>
    <testcase time="0.00100000000000122" classname="character(0)" name="ard_stack_.shuffle_argument"/>
    <testcase time="0" classname="character(0)" name="ard_stack_.shuffle_argument"/>
  </testsuite>
  <testsuite name="ard_stack" timestamp="2024-11-25T21:48:49Z" hostname="4d694c1fd536" tests="1" skipped="0" failures="0" errors="0" time="0.002">
    <testcase time="0.00199999999999889" classname="character(0)" name="ard_stack_adding_total_N"/>
  </testsuite>
  <testsuite name="ard_stack" timestamp="2024-11-25T21:48:49Z" hostname="4d694c1fd536" tests="1" skipped="0" failures="0" errors="0" time="0.001">
    <testcase time="0.00100000000000122" classname="character(0)" name="ard_stack_works_with_namespaced_functions"/>
  </testsuite>
  <testsuite name="ard_stack" timestamp="2024-11-25T21:48:49Z" hostname="4d694c1fd536" tests="1" skipped="1" failures="0" errors="0" time="0.002">
    <testcase time="0.00199999999999889" classname="character(0)" name="ard_stack_messaging">
      <skipped message="Reason: On CRAN ('test-ard_stack.R:251:3')"/>
    </testcase>
  </testsuite>
  <testsuite name="ard_stack" timestamp="2024-11-25T21:48:50Z" hostname="4d694c1fd536" tests="1" skipped="1" failures="0" errors="0" time="0.01">
    <testcase time="0.0100000000000016" classname="character(0)" name="ard_stack_complex_call_error">
      <skipped message="Reason: On CRAN ('test-ard_stack.R:269:3')"/>
    </testcase>
  </testsuite>
  <testsuite name="ard_stack" timestamp="2024-11-25T21:48:50Z" hostname="4d694c1fd536" tests="1" skipped="0" failures="0" errors="0" time="0.01">
    <testcase time="0.00999999999999801" classname="character(0)" name="ard_stack_follows_ard_structure"/>
  </testsuite>
  <testsuite name="ard_stack" timestamp="2024-11-25T21:48:50Z" hostname="4d694c1fd536" tests="1" skipped="1" failures="0" errors="0" time="0.001">
    <testcase time="0.00100000000000122" classname="character(0)" name="ard_stack_.by_messaging">
      <skipped message="Reason: On CRAN ('test-ard_stack.R:300:3')"/>
    </testcase>
  </testsuite>
  <testsuite name="ard_continuous" timestamp="2024-11-25T21:48:52Z" hostname="4d694c1fd536" tests="2" skipped="1" failures="0" errors="0" time="2.856">
    <testcase time="2.855" classname="character(0)" name="ard_continuous_works"/>
    <testcase time="0.00100000000000122" classname="character(0)" name="ard_continuous_works">
      <skipped message="Reason: On CRAN ('test-ard_continuous.R:7:3')"/>
    </testcase>
  </testsuite>
  <testsuite name="ard_continuous" timestamp="2024-11-25T21:48:52Z" hostname="4d694c1fd536" tests="1" skipped="1" failures="0" errors="0" time="0.017">
    <testcase time="0.0169999999999995" classname="character(0)" name="ard_continuous_fmt_fn_argument_works">
      <skipped message="Reason: On CRAN ('test-ard_continuous.R:35:3')"/>
    </testcase>
  </testsuite>
  <testsuite name="ard_continuous" timestamp="2024-11-25T21:48:52Z" hostname="4d694c1fd536" tests="1" skipped="1" failures="0" errors="0" time="0.016">
    <testcase time="0.0159999999999982" classname="character(0)" name="ard_continuous_messaging">
      <skipped message="Reason: On CRAN ('test-ard_continuous.R:86:3')"/>
    </testcase>
  </testsuite>
  <testsuite name="ard_continuous" timestamp="2024-11-25T21:48:52Z" hostname="4d694c1fd536" tests="1" skipped="1" failures="0" errors="0" time="0.019">
    <testcase time="0.0190000000000019" classname="character(0)" name="ard_continuous_stat_label_argument_works">
      <skipped message="Reason: On CRAN ('test-ard_continuous.R:106:3')"/>
    </testcase>
  </testsuite>
  <testsuite name="ard_continuous" timestamp="2024-11-25T21:48:52Z" hostname="4d694c1fd536" tests="2" skipped="0" failures="0" errors="0" time="0.014">
    <testcase time="0.0139999999999993" classname="character(0)" name="ard_continuous_and_ARD_column_names"/>
    <testcase time="0" classname="character(0)" name="ard_continuous_and_ARD_column_names"/>
  </testsuite>
  <testsuite name="ard_continuous" timestamp="2024-11-25T21:48:52Z" hostname="4d694c1fd536" tests="1" skipped="0" failures="0" errors="0" time="0.002">
    <testcase time="0.00199999999999889" classname="character(0)" name="ard_continuous_with_grouped_data_works"/>
  </testsuite>
  <testsuite name="ard_continuous" timestamp="2024-11-25T21:48:52Z" hostname="4d694c1fd536" tests="1" skipped="1" failures="0" errors="0" time="0.001">
    <testcase time="0.00100000000000122" classname="character(0)" name="ard_continuous_with_dates_works_and_displays_as_expected">
      <skipped message="Reason: On CRAN ('test-ard_continuous.R:234:3')"/>
    </testcase>
  </testsuite>
  <testsuite name="ard_continuous" timestamp="2024-11-25T21:48:52Z" hostname="4d694c1fd536" tests="1" skipped="0" failures="0" errors="0" time="0.01">
    <testcase time="0.00999999999999801" classname="character(0)" name="ard_continuous_with_empty_missing_dates_works_and_preserves_Date_class"/>
  </testsuite>
  <testsuite name="ard_continuous" timestamp="2024-11-25T21:48:52Z" hostname="4d694c1fd536" tests="3" skipped="1" failures="0" errors="0" time="0.003">
    <testcase time="0.00200000000000244" classname="character(0)" name="ard_continuous_works_with_non_syntactic_names"/>
    <testcase time="0" classname="character(0)" name="ard_continuous_works_with_non_syntactic_names"/>
    <testcase time="0.000999999999997669" classname="character(0)" name="ard_continuous_works_with_non_syntactic_names">
      <skipped message="Reason: On CRAN ('test-ard_continuous.R:288:3')"/>
    </testcase>
  </testsuite>
  <testsuite name="ard_continuous" timestamp="2024-11-25T21:48:52Z" hostname="4d694c1fd536" tests="19" skipped="0" failures="0" errors="0" time="0.023">
    <testcase time="0.0140000000000029" classname="character(0)" name="ard_continuous_works_when_using_generic_names_"/>
    <testcase time="0.000999999999997669" classname="character(0)" name="ard_continuous_works_when_using_generic_names_"/>
    <testcase time="0" classname="character(0)" name="ard_continuous_works_when_using_generic_names_"/>
    <testcase time="0.00100000000000122" classname="character(0)" name="ard_continuous_works_when_using_generic_names_"/>
    <testcase time="0" classname="character(0)" name="ard_continuous_works_when_using_generic_names_"/>
    <testcase time="0.00100000000000122" classname="character(0)" name="ard_continuous_works_when_using_generic_names_"/>
    <testcase time="0" classname="character(0)" name="ard_continuous_works_when_using_generic_names_"/>
    <testcase time="0.000999999999997669" classname="character(0)" name="ard_continuous_works_when_using_generic_names_"/>
    <testcase time="0" classname="character(0)" name="ard_continuous_works_when_using_generic_names_"/>
    <testcase time="0.00100000000000122" classname="character(0)" name="ard_continuous_works_when_using_generic_names_"/>
    <testcase time="0" classname="character(0)" name="ard_continuous_works_when_using_generic_names_"/>
    <testcase time="0.00100000000000122" classname="character(0)" name="ard_continuous_works_when_using_generic_names_"/>
    <testcase time="0" classname="character(0)" name="ard_continuous_works_when_using_generic_names_"/>
    <testcase time="0.000999999999997669" classname="character(0)" name="ard_continuous_works_when_using_generic_names_"/>
    <testcase time="0" classname="character(0)" name="ard_continuous_works_when_using_generic_names_"/>
    <testcase time="0.00100000000000122" classname="character(0)" name="ard_continuous_works_when_using_generic_names_"/>
    <testcase time="0" classname="character(0)" name="ard_continuous_works_when_using_generic_names_"/>
    <testcase time="0.000999999999997669" classname="character(0)" name="ard_continuous_works_when_using_generic_names_"/>
    <testcase time="0" classname="character(0)" name="ard_continuous_works_when_using_generic_names_"/>
  </testsuite>
  <testsuite name="ard_continuous" timestamp="2024-11-25T21:48:52Z" hostname="4d694c1fd536" tests="1" skipped="0" failures="0" errors="0" time="0.002">
    <testcase time="0.00200000000000244" classname="character(0)" name="ard_continuous_follows_ard_structure"/>
  </testsuite>
  <testsuite name="ard_continuous" timestamp="2024-11-25T21:48:52Z" hostname="4d694c1fd536" tests="1" skipped="1" failures="0" errors="0" time="0.002">
    <testcase time="0.00199999999999889" classname="character(0)" name="ard_continuous_errors_with_incomplete_factor_columns">
      <skipped message="Reason: On CRAN ('test-ard_continuous.R:421:3')"/>
    </testcase>
  </testsuite>
  <testsuite name="ard_strata" timestamp="2024-11-25T21:48:53Z" hostname="4d694c1fd536" tests="1" skipped="1" failures="0" errors="0" time="0.524">
    <testcase time="0.524000000000001" classname="character(0)" name="ard_strata_works">
      <skipped message="Reason: On CRAN ('test-ard_strata.R:2:3')"/>
    </testcase>
  </testsuite>
  <testsuite name="ard_strata" timestamp="2024-11-25T21:48:53Z" hostname="4d694c1fd536" tests="2" skipped="0" failures="0" errors="0" time="0.011">
    <testcase time="0.00999999999999801" classname="character(0)" name="ard_strata_by_strata_when_both_empty"/>
    <testcase time="0.00100000000000122" classname="character(0)" name="ard_strata_by_strata_when_both_empty"/>
  </testsuite>
  <testsuite name="ard_total_n" timestamp="2024-11-25T21:48:53Z" hostname="4d694c1fd536" tests="1" skipped="1" failures="0" errors="0" time="0.159">
    <testcase time="0.158999999999999" classname="character(0)" name="ard_total_n_works">
      <skipped message="Reason: On CRAN ('test-ard_total_n.R:2:3')"/>
    </testcase>
  </testsuite>
  <testsuite name="ard_total_n" timestamp="2024-11-25T21:48:53Z" hostname="4d694c1fd536" tests="1" skipped="0" failures="0" errors="0" time="0.01">
    <testcase time="0.0100000000000016" classname="character(0)" name="ard_total_n_follows_ard_structure"/>
  </testsuite>
  <testsuite name="as_card" timestamp="2024-11-25T21:48:53Z" hostname="4d694c1fd536" tests="1" skipped="1" failures="0" errors="0" time="0.21">
    <testcase time="0.210000000000001" classname="character(0)" name="as_card_works">
      <skipped message="Reason: On CRAN ('test-as_card.R:2:3')"/>
    </testcase>
  </testsuite>
  <testsuite name="as_card" timestamp="2024-11-25T21:48:53Z" hostname="4d694c1fd536" tests="1" skipped="0" failures="0" errors="0" time="0.01">
    <testcase time="0.00999999999999801" classname="character(0)" name="as_card_does_not_affect_card_objects"/>
  </testsuite>
  <testsuite name="as_card" timestamp="2024-11-25T21:48:53Z" hostname="4d694c1fd536" tests="1" skipped="1" failures="0" errors="0" time="0.002">
    <testcase time="0.00200000000000244" classname="character(0)" name="as_card_error_catching_works_correctly">
      <skipped message="Reason: On CRAN ('test-as_card.R:22:3')"/>
    </testcase>
  </testsuite>
  <testsuite name="as_nested_list" timestamp="2024-11-25T21:48:54Z" hostname="4d694c1fd536" tests="1" skipped="1" failures="0" errors="0" time="0.368">
    <testcase time="0.367999999999999" classname="character(0)" name="as_nested_list_works">
      <skipped message="Reason: On CRAN ('test-as_nested_list.R:2:3')"/>
    </testcase>
  </testsuite>
  <testsuite name="bind_ard" timestamp="2024-11-25T21:48:54Z" hostname="4d694c1fd536" tests="1" skipped="0" failures="0" errors="0" time="0.485">
    <testcase time="0.484999999999999" classname="character(0)" name="bind_ard_works"/>
  </testsuite>
  <testsuite name="bind_ard" timestamp="2024-11-25T21:48:54Z" hostname="4d694c1fd536" tests="1" skipped="1" failures="0" errors="0" time="0.002">
    <testcase time="0.00199999999999889" classname="character(0)" name="ARD_helpers_messaging">
      <skipped message="Reason: On CRAN ('test-bind_ard.R:14:3')"/>
    </testcase>
  </testsuite>
  <testsuite name="bind_ard" timestamp="2024-11-25T21:48:54Z" hostname="4d694c1fd536" tests="1" skipped="1" failures="0" errors="0" time="0.01">
    <testcase time="0.0100000000000016" classname="character(0)" name="bind_ard_.order_argument_works">
      <skipped message="Reason: On CRAN ('test-bind_ard.R:27:3')"/>
    </testcase>
  </testsuite>
  <testsuite name="bind_ard" timestamp="2024-11-25T21:48:54Z" hostname="4d694c1fd536" tests="1" skipped="0" failures="0" errors="0" time="0.012">
    <testcase time="0.0120000000000005" classname="character(0)" name="bind_ard_.quiet_"/>
  </testsuite>
  <testsuite name="bind_ard" timestamp="2024-11-25T21:48:54Z" hostname="4d694c1fd536" tests="1" skipped="1" failures="0" errors="0" time="0.002">
    <testcase time="0.00199999999999889" classname="character(0)" name="bind_ard_.distinct_">
      <skipped message="Reason: On CRAN ('test-bind_ard.R:58:3')"/>
    </testcase>
  </testsuite>
  <testsuite name="check_ard_structure" timestamp="2024-11-25T21:48:54Z" hostname="4d694c1fd536" tests="1" skipped="1" failures="0" errors="0" time="0.156">
    <testcase time="0.156000000000002" classname="character(0)" name="check_ard_structure_works">
      <skipped message="Reason: On CRAN ('test-check_ard_structure.R:2:3')"/>
    </testcase>
  </testsuite>
  <testsuite name="eval_capture_conditions" timestamp="2024-11-25T21:48:55Z" hostname="4d694c1fd536" tests="1" skipped="1" failures="0" errors="0" time="0.132">
    <testcase time="0.131999999999998" classname="character(0)" name="eval_capture_conditions_works">
      <skipped message="Reason: On CRAN ('test-eval_capture_conditions.R:3:3')"/>
    </testcase>
  </testsuite>
  <testsuite name="eval_capture_conditions" timestamp="2024-11-25T21:48:55Z" hostname="4d694c1fd536" tests="2" skipped="1" failures="0" errors="0" time="0.013">
    <testcase time="0.0130000000000017" classname="character(0)" name="captured_condition_as_message_works"/>
    <testcase time="0" classname="character(0)" name="captured_condition_as_message_works">
      <skipped message="Reason: On CRAN ('test-eval_capture_conditions.R:46:3')"/>
    </testcase>
  </testsuite>
  <testsuite name="eval_capture_conditions" timestamp="2024-11-25T21:48:55Z" hostname="4d694c1fd536" tests="2" skipped="1" failures="0" errors="0" time="0.01">
    <testcase time="0.00999999999999801" classname="character(0)" name="captured_condition_as_error_works"/>
    <testcase time="0" classname="character(0)" name="captured_condition_as_error_works">
      <skipped message="Reason: On CRAN ('test-eval_capture_conditions.R:72:3')"/>
    </testcase>
  </testsuite>
  <testsuite name="get_ard_statistics" timestamp="2024-11-25T21:48:55Z" hostname="4d694c1fd536" tests="1" skipped="1" failures="0" errors="0" time="0.108">
    <testcase time="0.108000000000001" classname="character(0)" name="get_ard_statistics_works">
      <skipped message="Reason: On CRAN ('test-get_ard_statistics.R:4:3')"/>
    </testcase>
  </testsuite>
  <testsuite name="label_cards" timestamp="2024-11-25T21:48:55Z" hostname="4d694c1fd536" tests="4" skipped="0" failures="0" errors="0" time="0.06">
    <testcase time="0.0590000000000011" classname="character(0)" name="label_cards_works"/>
    <testcase time="0" classname="character(0)" name="label_cards_works"/>
    <testcase time="0.000999999999997669" classname="character(0)" name="label_cards_works"/>
    <testcase time="0" classname="character(0)" name="label_cards_works"/>
  </testsuite>
  <testsuite name="ard_stack_hierarchical" timestamp="2024-11-25T21:48:55Z" hostname="4d694c1fd536" tests="4" skipped="0" failures="0" errors="0" time="0.698">
    <testcase time="0.695" classname="character(0)" name="ard_stack_hierarchical_variables_"/>
    <testcase time="0.00100000000000122" classname="character(0)" name="ard_stack_hierarchical_variables_"/>
    <testcase time="0.00100000000000122" classname="character(0)" name="ard_stack_hierarchical_variables_"/>
    <testcase time="0.000999999999997669" classname="character(0)" name="ard_stack_hierarchical_variables_"/>
  </testsuite>
  <testsuite name="ard_stack_hierarchical" timestamp="2024-11-25T21:48:55Z" hostname="4d694c1fd536" tests="1" skipped="1" failures="0" errors="0" time="0.003">
    <testcase time="0.00300000000000011" classname="character(0)" name="ard_stack_hierarchical_variables_messaging_removed_obs">
      <skipped message="Reason: On CRAN ('test-ard_stack_hierarchical.R:51:3')"/>
    </testcase>
  </testsuite>
  <testsuite name="ard_stack_hierarchical" timestamp="2024-11-25T21:48:55Z" hostname="4d694c1fd536" tests="1" skipped="1" failures="0" errors="0" time="0.017">
    <testcase time="0.0169999999999995" classname="character(0)" name="ard_stack_hierarchical_variables_messaging">
      <skipped message="Reason: On CRAN ('test-ard_stack_hierarchical.R:77:3')"/>
    </testcase>
  </testsuite>
  <testsuite name="ard_stack_hierarchical" timestamp="2024-11-25T21:48:55Z" hostname="4d694c1fd536" tests="3" skipped="0" failures="0" errors="0" time="0.023">
    <testcase time="0.022000000000002" classname="character(0)" name="ard_stack_hierarchical_by_"/>
    <testcase time="0" classname="character(0)" name="ard_stack_hierarchical_by_"/>
    <testcase time="0.00100000000000122" classname="character(0)" name="ard_stack_hierarchical_by_"/>
  </testsuite>
  <testsuite name="ard_stack_hierarchical" timestamp="2024-11-25T21:48:56Z" hostname="4d694c1fd536" tests="1" skipped="1" failures="0" errors="0" time="0.003">
    <testcase time="0.00300000000000011" classname="character(0)" name="ard_stack_hierarchical_by_messaging">
      <skipped message="Reason: On CRAN ('test-ard_stack_hierarchical.R:143:3')"/>
    </testcase>
  </testsuite>
  <testsuite name="ard_stack_hierarchical" timestamp="2024-11-25T21:48:56Z" hostname="4d694c1fd536" tests="1" skipped="1" failures="0" errors="0" time="0.016">
    <testcase time="0.0159999999999982" classname="character(0)" name="ard_stack_hierarchical_denominator_messaging">
      <skipped message="Reason: On CRAN ('test-ard_stack_hierarchical.R:157:3')"/>
    </testcase>
  </testsuite>
  <testsuite name="ard_stack_hierarchical" timestamp="2024-11-25T21:48:56Z" hostname="4d694c1fd536" tests="4" skipped="0" failures="0" errors="0" time="0.014">
    <testcase time="0.0130000000000017" classname="character(0)" name="ard_stack_hierarchical_by_with_columns_not_in_denominator_"/>
    <testcase time="0" classname="character(0)" name="ard_stack_hierarchical_by_with_columns_not_in_denominator_"/>
    <testcase time="0.000999999999997669" classname="character(0)" name="ard_stack_hierarchical_by_with_columns_not_in_denominator_"/>
    <testcase time="0" classname="character(0)" name="ard_stack_hierarchical_by_with_columns_not_in_denominator_"/>
  </testsuite>
  <testsuite name="ard_stack_hierarchical" timestamp="2024-11-25T21:48:56Z" hostname="4d694c1fd536" tests="1" skipped="1" failures="0" errors="0" time="0.002">
    <testcase time="0.00199999999999889" classname="character(0)" name="ard_stack_hierarchical_variables_include_messaging">
      <skipped message="Reason: On CRAN ('test-ard_stack_hierarchical.R:242:3')"/>
    </testcase>
  </testsuite>
  <testsuite name="ard_stack_hierarchical" timestamp="2024-11-25T21:48:56Z" hostname="4d694c1fd536" tests="1" skipped="1" failures="0" errors="0" time="0.01">
    <testcase time="0.0100000000000016" classname="character(0)" name="ard_stack_hierarchical_by_overall_messaging">
      <skipped message="Reason: On CRAN ('test-ard_stack_hierarchical.R:256:3')"/>
    </testcase>
  </testsuite>
  <testsuite name="ard_stack_hierarchical" timestamp="2024-11-25T21:48:56Z" hostname="4d694c1fd536" tests="1" skipped="0" failures="0" errors="0" time="0.012">
    <testcase time="0.0120000000000005" classname="character(0)" name="ard_stack_hierarchical_statistic_"/>
  </testsuite>
  <testsuite name="ard_stack_hierarchical" timestamp="2024-11-25T21:48:56Z" hostname="4d694c1fd536" tests="4" skipped="0" failures="0" errors="0" time="0.004">
    <testcase time="0.00199999999999889" classname="character(0)" name="ard_stack_hierarchical_count_variables_"/>
    <testcase time="0.00100000000000122" classname="character(0)" name="ard_stack_hierarchical_count_variables_"/>
    <testcase time="0" classname="character(0)" name="ard_stack_hierarchical_count_variables_"/>
    <testcase time="0.00100000000000122" classname="character(0)" name="ard_stack_hierarchical_count_variables_"/>
  </testsuite>
  <testsuite name="ard_stack_hierarchical" timestamp="2024-11-25T21:48:56Z" hostname="4d694c1fd536" tests="4" skipped="0" failures="0" errors="0" time="0.003">
    <testcase time="0.000999999999997669" classname="character(0)" name="ard_stack_hierarchical_count_by_"/>
    <testcase time="0.00100000000000122" classname="character(0)" name="ard_stack_hierarchical_count_by_"/>
    <testcase time="0" classname="character(0)" name="ard_stack_hierarchical_count_by_"/>
    <testcase time="0.00100000000000122" classname="character(0)" name="ard_stack_hierarchical_count_by_"/>
  </testsuite>
  <testsuite name="ard_stack_hierarchical" timestamp="2024-11-25T21:48:56Z" hostname="4d694c1fd536" tests="1" skipped="1" failures="0" errors="0" time="0.001">
    <testcase time="0.000999999999997669" classname="character(0)" name="ard_stack_hierarchical_count_denominator_messaging">
      <skipped message="Reason: On CRAN ('test-ard_stack_hierarchical.R:350:3')"/>
    </testcase>
  </testsuite>
  <testsuite name="ard_stack_hierarchical" timestamp="2024-11-25T21:48:56Z" hostname="4d694c1fd536" tests="3" skipped="0" failures="0" errors="0" time="0.011">
    <testcase time="0.0100000000000016" classname="character(0)" name="ard_stack_hierarchical_count_denominator_univariate_tabulations"/>
    <testcase time="0" classname="character(0)" name="ard_stack_hierarchical_count_denominator_univariate_tabulations"/>
    <testcase time="0.000999999999997669" classname="character(0)" name="ard_stack_hierarchical_count_denominator_univariate_tabulations"/>
  </testsuite>
  <testsuite name="ard_stack_hierarchical" timestamp="2024-11-25T21:48:56Z" hostname="4d694c1fd536" tests="2" skipped="0" failures="0" errors="0" time="0.002">
    <testcase time="0.00100000000000122" classname="character(0)" name="ard_stack_hierarchical_count_denominator_total_n_"/>
    <testcase time="0.00100000000000122" classname="character(0)" name="ard_stack_hierarchical_count_denominator_total_n_"/>
  </testsuite>
  <testsuite name="ard_stack_hierarchical" timestamp="2024-11-25T21:48:56Z" hostname="4d694c1fd536" tests="1" skipped="1" failures="0" errors="0" time="0.002">
    <testcase time="0.00199999999999889" classname="character(0)" name="ard_stack_hierarchical_count_denominator_total_n_messaging">
      <skipped message="Reason: On CRAN ('test-ard_stack_hierarchical.R:425:3')"/>
    </testcase>
  </testsuite>
  <testsuite name="ard_stack_hierarchical" timestamp="2024-11-25T21:48:56Z" hostname="4d694c1fd536" tests="1" skipped="1" failures="0" errors="0" time="0.009">
    <testcase time="0.00900000000000034" classname="character(0)" name="ard_stack_hierarchical_count_overall_denominator_messaging">
      <skipped message="Reason: On CRAN ('test-ard_stack_hierarchical.R:436:3')"/>
    </testcase>
  </testsuite>
  <testsuite name="ard_stack_hierarchical" timestamp="2024-11-25T21:48:56Z" hostname="4d694c1fd536" tests="2" skipped="1" failures="0" errors="0" time="0.013">
    <testcase time="0.0129999999999981" classname="character(0)" name="ard_stack_hierarchical_count_overall_"/>
    <testcase time="0" classname="character(0)" name="ard_stack_hierarchical_count_overall_">
      <skipped message="Reason: On CRAN ('test-ard_stack_hierarchical.R:471:3')"/>
    </testcase>
  </testsuite>
  <testsuite name="ard_stack_hierarchical" timestamp="2024-11-25T21:48:56Z" hostname="4d694c1fd536" tests="1" skipped="0" failures="0" errors="0" time="0.009">
    <testcase time="0.00900000000000034" classname="character(0)" name="ard_stack_hierarchical_count_over_variables_"/>
  </testsuite>
  <testsuite name="ard_stack_hierarchical" timestamp="2024-11-25T21:48:56Z" hostname="4d694c1fd536" tests="1" skipped="1" failures="0" errors="0" time="0.002">
    <testcase time="0.00200000000000244" classname="character(0)" name="ard_stack_hierarchical_count_overall_over_variables_">
      <skipped message="Reason: On CRAN ('test-ard_stack_hierarchical.R:509:3')"/>
    </testcase>
  </testsuite>
  <testsuite name="ard_stack_hierarchical" timestamp="2024-11-25T21:48:56Z" hostname="4d694c1fd536" tests="1" skipped="0" failures="0" errors="0" time="0.009">
    <testcase time="0.00900000000000034" classname="character(0)" name="ard_stack_hierarchical_count_attributes_"/>
  </testsuite>
  <testsuite name="mock" timestamp="2024-11-25T21:48:56Z" hostname="4d694c1fd536" tests="1" skipped="1" failures="0" errors="0" time="0.012">
    <testcase time="0.0119999999999969" classname="character(0)" name="mock_categorical_">
      <skipped message="Reason: On CRAN ('test-mock.R:3:3')"/>
    </testcase>
  </testsuite>
  <testsuite name="mock" timestamp="2024-11-25T21:48:56Z" hostname="4d694c1fd536" tests="1" skipped="1" failures="0" errors="0" time="0.016">
    <testcase time="0.0160000000000018" classname="character(0)" name="mock_categorical_messaging">
      <skipped message="Reason: On CRAN ('test-mock.R:14:3')"/>
    </testcase>
  </testsuite>
  <testsuite name="mock" timestamp="2024-11-25T21:48:56Z" hostname="4d694c1fd536" tests="1" skipped="1" failures="0" errors="0" time="0.018">
    <testcase time="0.0180000000000007" classname="character(0)" name="mock_continuous_">
      <skipped message="Reason: On CRAN ('test-mock.R:26:3')"/>
    </testcase>
  </testsuite>
  <testsuite name="mock" timestamp="2024-11-25T21:48:56Z" hostname="4d694c1fd536" tests="1" skipped="1" failures="0" errors="0" time="0.009">
    <testcase time="0.00900000000000034" classname="character(0)" name="mock_continuous_messaging">
      <skipped message="Reason: On CRAN ('test-mock.R:36:3')"/>
    </testcase>
  </testsuite>
  <testsuite name="mock" timestamp="2024-11-25T21:48:56Z" hostname="4d694c1fd536" tests="1" skipped="1" failures="0" errors="0" time="0.01">
    <testcase time="0.00999999999999801" classname="character(0)" name="mock_dichotomous_">
      <skipped message="Reason: On CRAN ('test-mock.R:47:3')"/>
    </testcase>
  </testsuite>
  <testsuite name="mock" timestamp="2024-11-25T21:48:56Z" hostname="4d694c1fd536" tests="1" skipped="1" failures="0" errors="0" time="0.009">
    <testcase time="0.00900000000000034" classname="character(0)" name="mock_dichotomous_messaging">
      <skipped message="Reason: On CRAN ('test-mock.R:58:3')"/>
    </testcase>
  </testsuite>
  <testsuite name="mock" timestamp="2024-11-25T21:48:56Z" hostname="4d694c1fd536" tests="1" skipped="1" failures="0" errors="0" time="0.012">
    <testcase time="0.0120000000000005" classname="character(0)" name="mock_missing_">
      <skipped message="Reason: On CRAN ('test-mock.R:69:3')"/>
    </testcase>
  </testsuite>
  <testsuite name="mock" timestamp="2024-11-25T21:48:56Z" hostname="4d694c1fd536" tests="1" skipped="1" failures="0" errors="0" time="0.01">
    <testcase time="0.0100000000000016" classname="character(0)" name="mock_missing_messaging">
      <skipped message="Reason: On CRAN ('test-mock.R:79:3')"/>
    </testcase>
  </testsuite>
  <testsuite name="mock" timestamp="2024-11-25T21:48:56Z" hostname="4d694c1fd536" tests="1" skipped="1" failures="0" errors="0" time="0.009">
    <testcase time="0.00899999999999679" classname="character(0)" name="mock_attributes_">
      <skipped message="Reason: On CRAN ('test-mock.R:90:3')"/>
    </testcase>
  </testsuite>
  <testsuite name="mock" timestamp="2024-11-25T21:48:56Z" hostname="4d694c1fd536" tests="1" skipped="1" failures="0" errors="0" time="0.009">
    <testcase time="0.00900000000000034" classname="character(0)" name="mock_attributes_messaging">
      <skipped message="Reason: On CRAN ('test-mock.R:99:3')"/>
    </testcase>
  </testsuite>
  <testsuite name="mock" timestamp="2024-11-25T21:48:56Z" hostname="4d694c1fd536" tests="1" skipped="1" failures="0" errors="0" time="0.01">
    <testcase time="0.0100000000000016" classname="character(0)" name="mock_total_n_">
      <skipped message="Reason: On CRAN ('test-mock.R:107:3')"/>
    </testcase>
  </testsuite>
  <testsuite name="nest_for_ard" timestamp="2024-11-25T21:48:56Z" hostname="4d694c1fd536" tests="3" skipped="0" failures="0" errors="0" time="0.022">
    <testcase time="0.0210000000000008" classname="character(0)" name="nest_for_ard_works"/>
    <testcase time="0.000999999999997669" classname="character(0)" name="nest_for_ard_works"/>
    <testcase time="0" classname="character(0)" name="nest_for_ard_works"/>
  </testsuite>
  <testsuite name="print" timestamp="2024-11-25T21:48:56Z" hostname="4d694c1fd536" tests="1" skipped="1" failures="0" errors="0" time="0.158">
    <testcase time="0.158000000000001" classname="character(0)" name="print.card_works">
      <skipped message="Reason: On CRAN ('test-print.R:2:3')"/>
    </testcase>
  </testsuite>
  <testsuite name="print_ard_conditions" timestamp="2024-11-25T21:48:56Z" hostname="4d694c1fd536" tests="1" skipped="1" failures="0" errors="0" time="0.167">
    <testcase time="0.167000000000002" classname="character(0)" name="print_ard_conditions_works">
      <skipped message="Reason: On CRAN ('test-print_ard_conditions.R:3:3')"/>
    </testcase>
  </testsuite>
  <testsuite name="print_ard_conditions" timestamp="2024-11-25T21:48:56Z" hostname="4d694c1fd536" tests="1" skipped="1" failures="0" errors="0" time="0.017">
    <testcase time="0.0169999999999995" classname="character(0)" name="print_ard_conditions_no_error_when_error_warning_columns_not_present">
      <skipped message="Reason: On CRAN ('test-print_ard_conditions.R:70:3')"/>
    </testcase>
  </testsuite>
  <testsuite name="print_ard_conditions" timestamp="2024-11-25T21:48:56Z" hostname="4d694c1fd536" tests="1" skipped="1" failures="0" errors="0" time="0.016">
    <testcase time="0.0159999999999982" classname="character(0)" name="print_ard_conditions_no_error_when_factors_are_present">
      <skipped message="Reason: On CRAN ('test-print_ard_conditions.R:101:3')"/>
    </testcase>
  </testsuite>
  <testsuite name="print_ard_conditions" timestamp="2024-11-25T21:48:56Z" hostname="4d694c1fd536" tests="1" skipped="1" failures="0" errors="0" time="0.017">
    <testcase time="0.0169999999999995" classname="character(0)" name="print_ard_conditions_works_when_curly_brackets_appear_in_condition_message">
      <skipped message="Reason: On CRAN ('test-print_ard_conditions.R:115:3')"/>
    </testcase>
  </testsuite>
  <testsuite name="process_selectors" timestamp="2024-11-25T21:48:56Z" hostname="4d694c1fd536" tests="3" skipped="0" failures="0" errors="0" time="0.1">
    <testcase time="0.097999999999999" classname="character(0)" name="process_selectors_works"/>
    <testcase time="0.00100000000000477" classname="character(0)" name="process_selectors_works"/>
    <testcase time="0.000999999999997669" classname="character(0)" name="process_selectors_works"/>
  </testsuite>
  <testsuite name="process_selectors" timestamp="2024-11-25T21:48:56Z" hostname="4d694c1fd536" tests="2" skipped="0" failures="0" errors="0" time="0.004">
    <testcase time="0.00300000000000011" classname="character(0)" name="process_formula_selectors_works"/>
    <testcase time="0.000999999999997669" classname="character(0)" name="process_formula_selectors_works"/>
  </testsuite>
  <testsuite name="process_selectors" timestamp="2024-11-25T21:48:56Z" hostname="4d694c1fd536" tests="1" skipped="1" failures="0" errors="0" time="0.003">
    <testcase time="0.00300000000000011" classname="character(0)" name="process_formula_selectors_error_messaging">
      <skipped message="Reason: On CRAN ('test-process_selectors.R:52:3')"/>
    </testcase>
  </testsuite>
  <testsuite name="process_selectors" timestamp="2024-11-25T21:48:56Z" hostname="4d694c1fd536" tests="3" skipped="1" failures="0" errors="0" time="0.017">
    <testcase time="0.0159999999999982" classname="character(0)" name="compute_formula_selector_selects_the_last_assignment_when_multiple_appear"/>
    <testcase time="0.000999999999997669" classname="character(0)" name="compute_formula_selector_selects_the_last_assignment_when_multiple_appear"/>
    <testcase time="0" classname="character(0)" name="compute_formula_selector_selects_the_last_assignment_when_multiple_appear">
      <skipped message="Reason: On CRAN ('test-process_selectors.R:85:3')"/>
    </testcase>
  </testsuite>
  <testsuite name="process_selectors" timestamp="2024-11-25T21:48:56Z" hostname="4d694c1fd536" tests="1" skipped="0" failures="0" errors="0" time="0.01">
    <testcase time="0.00999999999999801" classname="character(0)" name="cards_select_deprecation_error_with_vars_"/>
  </testsuite>
  <testsuite name="replace_null_statistic" timestamp="2024-11-25T21:48:56Z" hostname="4d694c1fd536" tests="2" skipped="0" failures="0" errors="0" time="0.077">
    <testcase time="0.0760000000000005" classname="character(0)" name="replace_null_statistic_works"/>
    <testcase time="0.00100000000000477" classname="character(0)" name="replace_null_statistic_works"/>
  </testsuite>
  <testsuite name="round5" timestamp="2024-11-25T21:48:56Z" hostname="4d694c1fd536" tests="1" skipped="1" failures="0" errors="0" time="0.065">
    <testcase time="0.0649999999999977" classname="character(0)" name="round5_works">
      <skipped message="Reason: On CRAN ('test-round5.R:2:3')"/>
    </testcase>
  </testsuite>
  <testsuite name="rename_ard_columns" timestamp="2024-11-25T21:48:57Z" hostname="4d694c1fd536" tests="1" skipped="0" failures="0" errors="0" time="0.127">
    <testcase time="0.127000000000002" classname="character(0)" name="rename_ard_columns_columns_"/>
  </testsuite>
  <testsuite name="rename_ard_columns" timestamp="2024-11-25T21:48:57Z" hostname="4d694c1fd536" tests="1" skipped="1" failures="0" errors="0" time="0.003">
    <testcase time="0.00300000000000011" classname="character(0)" name="rename_ard_columns_unlist_">
      <skipped message="Reason: On CRAN ('test-rename_ard_columns.R:13:3')"/>
    </testcase>
  </testsuite>
  <testsuite name="rename_ard_columns" timestamp="2024-11-25T21:48:57Z" hostname="4d694c1fd536" tests="1" skipped="1" failures="0" errors="0" time="0.018">
    <testcase time="0.0180000000000007" classname="character(0)" name="rename_ard_columns_unlist_messaging">
      <skipped message="Reason: On CRAN ('test-rename_ard_columns.R:22:3')"/>
    </testcase>
  </testsuite>
  <testsuite name="shift_ard_columns" timestamp="2024-11-25T21:48:57Z" hostname="4d694c1fd536" tests="2" skipped="1" failures="0" errors="0" time="0.359">
    <testcase time="0.357999999999997" classname="character(0)" name="rename_ard_columns_works"/>
    <testcase time="0.000999999999997669" classname="character(0)" name="rename_ard_columns_works">
      <skipped message="Reason: On CRAN ('test-shift_ard_columns.R:9:3')"/>
    </testcase>
  </testsuite>
  <testsuite name="shuffle_ard" timestamp="2024-11-25T21:48:58Z" hostname="4d694c1fd536" tests="1" skipped="1" failures="0" errors="0" time="0.826">
    <testcase time="0.826000000000001" classname="character(0)" name="shuffle_trim_works">
      <skipped message="Reason: On CRAN ('test-shuffle_ard.R:9:3')"/>
    </testcase>
  </testsuite>
  <testsuite name="shuffle_ard" timestamp="2024-11-25T21:48:58Z" hostname="4d694c1fd536" tests="1" skipped="0" failures="0" errors="0" time="0.019">
    <testcase time="0.0189999999999984" classname="character(0)" name="shuffle_ard_handles_protected_names"/>
  </testsuite>
  <testsuite name="shuffle_ard" timestamp="2024-11-25T21:48:58Z" hostname="4d694c1fd536" tests="1" skipped="1" failures="0" errors="0" time="0.003">
    <testcase time="0.00300000000000011" classname="character(0)" name="shuffle_ard_notifies_user_about_warnings_errors_before_dropping">
      <skipped message="Reason: On CRAN ('test-shuffle_ard.R:68:3')"/>
    </testcase>
  </testsuite>
  <testsuite name="shuffle_ard" timestamp="2024-11-25T21:48:58Z" hostname="4d694c1fd536" tests="1" skipped="1" failures="0" errors="0" time="0.024">
    <testcase time="0.0240000000000009" classname="character(0)" name="shuffle_ard_fills_missing_group_levels_if_the_group_is_meaningful">
      <skipped message="Reason: On CRAN ('test-shuffle_ard.R:79:3')"/>
    </testcase>
  </testsuite>
  <testsuite name="shuffle_ard" timestamp="2024-11-25T21:48:58Z" hostname="4d694c1fd536" tests="2" skipped="0" failures="0" errors="0" time="0.019">
    <testcase time="0.0180000000000007" classname="character(0)" name="shuffle_ard_doesn_t_trim_off_NULL_NA_values"/>
    <testcase time="0.00100000000000477" classname="character(0)" name="shuffle_ard_doesn_t_trim_off_NULL_NA_values"/>
  </testsuite>
  <testsuite name="shuffle_ard" timestamp="2024-11-25T21:48:58Z" hostname="4d694c1fd536" tests="1" skipped="0" failures="0" errors="0" time="0.003">
    <testcase time="0.00300000000000011" classname="character(0)" name="shuffle_ard_trims_statistics_with_length_1"/>
  </testsuite>
  <testsuite name="shuffle_ard" timestamp="2024-11-25T21:48:58Z" hostname="4d694c1fd536" tests="2" skipped="0" failures="0" errors="0" time="0.004">
    <testcase time="0.00300000000000011" classname="character(0)" name="shuffle_ard_coerces_all_factor_groups_variables_to_character"/>
    <testcase time="0.000999999999997669" classname="character(0)" name="shuffle_ard_coerces_all_factor_groups_variables_to_character"/>
  </testsuite>
  <testsuite name="shuffle_ard" timestamp="2024-11-25T21:48:58Z" hostname="4d694c1fd536" tests="1" skipped="1" failures="0" errors="0" time="0.004">
    <testcase time="0.00399999999999778" classname="character(0)" name="shuffle_ard_fills_missing_group_levels_if_the_group_is_meaningful_for_cardx_output">
      <skipped message="Reason: On CRAN ('test-shuffle_ard.R:198:3')"/>
    </testcase>
  </testsuite>
  <testsuite name="selectors" timestamp="2024-11-25T21:48:58Z" hostname="4d694c1fd536" tests="10" skipped="0" failures="0" errors="0" time="0.051">
    <testcase time="0.0459999999999994" classname="character(0)" name="selectors_work"/>
    <testcase time="0.00100000000000477" classname="character(0)" name="selectors_work"/>
    <testcase time="0" classname="character(0)" name="selectors_work"/>
    <testcase time="0.000999999999997669" classname="character(0)" name="selectors_work"/>
    <testcase time="0" classname="character(0)" name="selectors_work"/>
    <testcase time="0.000999999999997669" classname="character(0)" name="selectors_work"/>
    <testcase time="0" classname="character(0)" name="selectors_work"/>
    <testcase time="0.00100000000000477" classname="character(0)" name="selectors_work"/>
    <testcase time="0" classname="character(0)" name="selectors_work"/>
    <testcase time="0.000999999999997669" classname="character(0)" name="selectors_work"/>
  </testsuite>
  <testsuite name="tidy_ard_column_order" timestamp="2024-11-25T21:48:58Z" hostname="4d694c1fd536" tests="1" skipped="0" failures="0" errors="0" time="0.074">
    <testcase time="0.0739999999999981" classname="character(0)" name="tidy_ard_column_order_works"/>
  </testsuite>
  <testsuite name="tidy_as_ard" timestamp="2024-11-25T21:48:58Z" hostname="4d694c1fd536" tests="1" skipped="1" failures="0" errors="0" time="0.035">
    <testcase time="0.0350000000000037" classname="character(0)" name="tidy_as_ard_works">
      <skipped message="Reason: On CRAN ('test-tidy_as_ard.R:3:3')"/>
    </testcase>
  </testsuite>
  <testsuite name="update_ard" timestamp="2024-11-25T21:48:59Z" hostname="4d694c1fd536" tests="2" skipped="1" failures="0" errors="0" time="0.599">
    <testcase time="0.597999999999999" classname="character(0)" name="update_ard_fmt_fn_"/>
    <testcase time="0.000999999999997669" classname="character(0)" name="update_ard_fmt_fn_">
      <skipped message="Reason: On CRAN ('test-update_ard.R:12:3')"/>
    </testcase>
  </testsuite>
  <testsuite name="update_ard" timestamp="2024-11-25T21:48:59Z" hostname="4d694c1fd536" tests="1" skipped="1" failures="0" errors="0" time="0.01">
    <testcase time="0.00999999999999801" classname="character(0)" name="update_ard_fmt_fn_filter_">
      <skipped message="Reason: On CRAN ('test-update_ard.R:21:3')"/>
    </testcase>
  </testsuite>
  <testsuite name="update_ard" timestamp="2024-11-25T21:48:59Z" hostname="4d694c1fd536" tests="1" skipped="1" failures="0" errors="0" time="0.013">
    <testcase time="0.0130000000000052" classname="character(0)" name="update_ard_fmt_fn_filter_messaging">
      <skipped message="Reason: On CRAN ('test-update_ard.R:30:3')"/>
    </testcase>
  </testsuite>
  <testsuite name="update_ard" timestamp="2024-11-25T21:48:59Z" hostname="4d694c1fd536" tests="1" skipped="0" failures="0" errors="0" time="0.009">
    <testcase time="0.00900000000000034" classname="character(0)" name="update_ard_stat_label_"/>
  </testsuite>
  <testsuite name="update_ard" timestamp="2024-11-25T21:48:59Z" hostname="4d694c1fd536" tests="1" skipped="1" failures="0" errors="0" time="0.002">
    <testcase time="0.00199999999999534" classname="character(0)" name="update_ard_stat_label_filter_">
      <skipped message="Reason: On CRAN ('test-update_ard.R:58:3')"/>
    </testcase>
  </testsuite>
  <testsuite name="update_ard" timestamp="2024-11-25T21:48:59Z" hostname="4d694c1fd536" tests="1" skipped="1" failures="0" errors="0" time="0.01">
    <testcase time="0.0100000000000051" classname="character(0)" name="update_ard_stat_label_filter_messaging">
      <skipped message="Reason: On CRAN ('test-update_ard.R:66:3')"/>
    </testcase>
  </testsuite>
</testsuites>
