<?xml version="1.0" encoding="UTF-8"?>
<testsuites>
  <testsuite name="add_calculated_row" timestamp="2024-11-26T05:06:08Z" hostname="2cd6238c7897" tests="2" skipped="0" failures="0" errors="0" time="1.181">
    <testcase time="1.167" classname="character(0)" name="add_calculated_row_x_"/>
    <testcase time="0.014" classname="character(0)" name="add_calculated_row_x_"/>
  </testsuite>
  <testsuite name="add_calculated_row" timestamp="2024-11-26T05:06:08Z" hostname="2cd6238c7897" tests="1" skipped="0" failures="0" errors="0" time="0.008">
    <testcase time="0.00800000000000001" classname="character(0)" name="add_calculated_row_expr_messaging"/>
  </testsuite>
  <testsuite name="add_calculated_row" timestamp="2024-11-26T05:06:08Z" hostname="2cd6238c7897" tests="1" skipped="0" failures="0" errors="0" time="0.007">
    <testcase time="0.0069999999999999" classname="character(0)" name="add_calculated_row_by_messaging"/>
  </testsuite>
  <testsuite name="apply_fmt_fn" timestamp="2024-11-26T05:06:08Z" hostname="2cd6238c7897" tests="2" skipped="0" failures="0" errors="0" time="0.246">
    <testcase time="0.245" classname="character(0)" name="apply_fmt_fn_works"/>
    <testcase time="0.00099999999999989" classname="character(0)" name="apply_fmt_fn_works"/>
  </testsuite>
  <testsuite name="apply_fmt_fn" timestamp="2024-11-26T05:06:08Z" hostname="2cd6238c7897" tests="1" skipped="0" failures="0" errors="0" time="0.001">
    <testcase time="0.00099999999999989" classname="character(0)" name="apply_fmt_fn_works_with_integer_specification"/>
  </testsuite>
  <testsuite name="apply_fmt_fn" timestamp="2024-11-26T05:06:08Z" hostname="2cd6238c7897" tests="2" skipped="0" failures="0" errors="0" time="0.002">
    <testcase time="0.00100000000000033" classname="character(0)" name="apply_fmt_fn_works_with_xx_specification"/>
    <testcase time="0.00099999999999989" classname="character(0)" name="apply_fmt_fn_works_with_xx_specification"/>
  </testsuite>
  <testsuite name="apply_fmt_fn" timestamp="2024-11-26T05:06:08Z" hostname="2cd6238c7897" tests="4" skipped="0" failures="0" errors="0" time="0.002">
    <testcase time="0.00099999999999989" classname="character(0)" name="apply_fmt_fn_error_messaging"/>
    <testcase time="0" classname="character(0)" name="apply_fmt_fn_error_messaging"/>
    <testcase time="0.00099999999999989" classname="character(0)" name="apply_fmt_fn_error_messaging"/>
    <testcase time="0" classname="character(0)" name="apply_fmt_fn_error_messaging"/>
  </testsuite>
  <testsuite name="apply_fmt_fn" timestamp="2024-11-26T05:06:08Z" hostname="2cd6238c7897" tests="2" skipped="0" failures="0" errors="0" time="0.002">
    <testcase time="0.00200000000000022" classname="character(0)" name="apply_fmt_fn_replace_"/>
    <testcase time="0" classname="character(0)" name="apply_fmt_fn_replace_"/>
  </testsuite>
  <testsuite name="ard_attributes" timestamp="2024-11-26T05:06:08Z" hostname="2cd6238c7897" tests="1" skipped="0" failures="0" errors="0" time="0.003">
    <testcase time="0.00300000000000011" classname="character(0)" name="ard_attributes_works"/>
  </testsuite>
  <testsuite name="ard_attributes" timestamp="2024-11-26T05:06:08Z" hostname="2cd6238c7897" tests="1" skipped="0" failures="0" errors="0" time="0.001">
    <testcase time="0.00099999999999989" classname="character(0)" name="ard_attributes_errors_when_there_is_no_dataframe"/>
  </testsuite>
  <testsuite name="ard_attributes" timestamp="2024-11-26T05:06:08Z" hostname="2cd6238c7897" tests="1" skipped="0" failures="0" errors="0" time="0.001">
    <testcase time="0.00099999999999989" classname="character(0)" name="ard_attributes_follows_ard_structure"/>
  </testsuite>
  <testsuite name="ard_attributes" timestamp="2024-11-26T05:06:08Z" hostname="2cd6238c7897" tests="1" skipped="0" failures="0" errors="0" time="0.002">
    <testcase time="0.00200000000000022" classname="character(0)" name="ard_attributes_requires_label_as_a_named_list"/>
  </testsuite>
  <testsuite name="ard_complex" timestamp="2024-11-26T05:06:09Z" hostname="2cd6238c7897" tests="5" skipped="0" failures="0" errors="0" time="0.884">
    <testcase time="0.882" classname="character(0)" name="ard_complex_works"/>
    <testcase time="0.00100000000000033" classname="character(0)" name="ard_complex_works"/>
    <testcase time="0" classname="character(0)" name="ard_complex_works"/>
    <testcase time="0.00099999999999989" classname="character(0)" name="ard_complex_works"/>
    <testcase time="0" classname="character(0)" name="ard_complex_works"/>
  </testsuite>
  <testsuite name="ard_complex" timestamp="2024-11-26T05:06:09Z" hostname="2cd6238c7897" tests="1" skipped="0" failures="0" errors="0" time="0.002">
    <testcase time="0.00199999999999978" classname="character(0)" name="ard_complex_messaging"/>
  </testsuite>
  <testsuite name="ard_complex" timestamp="2024-11-26T05:06:09Z" hostname="2cd6238c7897" tests="1" skipped="0" failures="0" errors="0" time="0.001">
    <testcase time="0.00100000000000033" classname="character(0)" name="ard_complex_with_grouped_data_works"/>
  </testsuite>
  <testsuite name="ard_complex" timestamp="2024-11-26T05:06:09Z" hostname="2cd6238c7897" tests="1" skipped="0" failures="0" errors="0" time="0.001">
    <testcase time="0.00099999999999989" classname="character(0)" name="ard_complex_follows_ard_structure"/>
  </testsuite>
  <testsuite name="ard_complex" timestamp="2024-11-26T05:06:09Z" hostname="2cd6238c7897" tests="2" skipped="0" failures="0" errors="0" time="0.002">
    <testcase time="0.00099999999999989" classname="character(0)" name="ard_complex_errors_with_incorrect_factor_columns"/>
    <testcase time="0.00099999999999989" classname="character(0)" name="ard_complex_errors_with_incorrect_factor_columns"/>
  </testsuite>
  <testsuite name="ard_categorical" timestamp="2024-11-26T05:06:18Z" hostname="2cd6238c7897" tests="8" skipped="0" failures="0" errors="0" time="8.896">
    <testcase time="8.892" classname="character(0)" name="ard_categorical_univariate"/>
    <testcase time="0.00100000000000122" classname="character(0)" name="ard_categorical_univariate"/>
    <testcase time="0" classname="character(0)" name="ard_categorical_univariate"/>
    <testcase time="0.000999999999999446" classname="character(0)" name="ard_categorical_univariate"/>
    <testcase time="0" classname="character(0)" name="ard_categorical_univariate"/>
    <testcase time="0.000999999999999446" classname="character(0)" name="ard_categorical_univariate"/>
    <testcase time="0" classname="character(0)" name="ard_categorical_univariate"/>
    <testcase time="0.00100000000000122" classname="character(0)" name="ard_categorical_univariate"/>
  </testsuite>
  <testsuite name="ard_categorical" timestamp="2024-11-26T05:06:18Z" hostname="2cd6238c7897" tests="5" skipped="0" failures="0" errors="0" time="0.003">
    <testcase time="0.000999999999999446" classname="character(0)" name="ard_categorical_univariate_specified_denomiator"/>
    <testcase time="0.000999999999999446" classname="character(0)" name="ard_categorical_univariate_specified_denomiator"/>
    <testcase time="0" classname="character(0)" name="ard_categorical_univariate_specified_denomiator"/>
    <testcase time="0.000999999999999446" classname="character(0)" name="ard_categorical_univariate_specified_denomiator"/>
    <testcase time="0" classname="character(0)" name="ard_categorical_univariate_specified_denomiator"/>
  </testsuite>
  <testsuite name="ard_categorical" timestamp="2024-11-26T05:06:18Z" hostname="2cd6238c7897" tests="2" skipped="0" failures="0" errors="0" time="0.002">
    <testcase time="0.00200000000000067" classname="character(0)" name="ard_continuous_fmt_fn_argument_works"/>
    <testcase time="0" classname="character(0)" name="ard_continuous_fmt_fn_argument_works"/>
  </testsuite>
  <testsuite name="ard_categorical" timestamp="2024-11-26T05:06:18Z" hostname="2cd6238c7897" tests="8" skipped="0" failures="0" errors="0" time="0.005">
    <testcase time="0.000999999999999446" classname="character(0)" name="ard_categorical_with_strata_and_by_arguments"/>
    <testcase time="0.00100000000000122" classname="character(0)" name="ard_categorical_with_strata_and_by_arguments"/>
    <testcase time="0" classname="character(0)" name="ard_categorical_with_strata_and_by_arguments"/>
    <testcase time="0.000999999999999446" classname="character(0)" name="ard_categorical_with_strata_and_by_arguments"/>
    <testcase time="0" classname="character(0)" name="ard_categorical_with_strata_and_by_arguments"/>
    <testcase time="0.000999999999999446" classname="character(0)" name="ard_categorical_with_strata_and_by_arguments"/>
    <testcase time="0" classname="character(0)" name="ard_categorical_with_strata_and_by_arguments"/>
    <testcase time="0.00100000000000122" classname="character(0)" name="ard_categorical_with_strata_and_by_arguments"/>
  </testsuite>
  <testsuite name="ard_categorical" timestamp="2024-11-26T05:06:18Z" hostname="2cd6238c7897" tests="3" skipped="0" failures="0" errors="0" time="0.002">
    <testcase time="0.000999999999999446" classname="character(0)" name="ard_categorical_stat_label_argument_works"/>
    <testcase time="0.000999999999999446" classname="character(0)" name="ard_categorical_stat_label_argument_works"/>
    <testcase time="0" classname="character(0)" name="ard_categorical_stat_label_argument_works"/>
  </testsuite>
  <testsuite name="ard_categorical" timestamp="2024-11-26T05:06:18Z" hostname="2cd6238c7897" tests="5" skipped="0" failures="0" errors="0" time="0.003">
    <testcase time="0.00100000000000122" classname="character(0)" name="ard_categorical_denominator_cell_works"/>
    <testcase time="0.000999999999999446" classname="character(0)" name="ard_categorical_denominator_cell_works"/>
    <testcase time="0" classname="character(0)" name="ard_categorical_denominator_cell_works"/>
    <testcase time="0.000999999999999446" classname="character(0)" name="ard_categorical_denominator_cell_works"/>
    <testcase time="0" classname="character(0)" name="ard_categorical_denominator_cell_works"/>
  </testsuite>
  <testsuite name="ard_categorical" timestamp="2024-11-26T05:06:18Z" hostname="2cd6238c7897" tests="9" skipped="0" failures="0" errors="0" time="0.006">
    <testcase time="0.00200000000000067" classname="character(0)" name="ard_categorical_denominator_row_works"/>
    <testcase time="0" classname="character(0)" name="ard_categorical_denominator_row_works"/>
    <testcase time="0.000999999999999446" classname="character(0)" name="ard_categorical_denominator_row_works"/>
    <testcase time="0" classname="character(0)" name="ard_categorical_denominator_row_works"/>
    <testcase time="0.000999999999999446" classname="character(0)" name="ard_categorical_denominator_row_works"/>
    <testcase time="0" classname="character(0)" name="ard_categorical_denominator_row_works"/>
    <testcase time="0.00100000000000122" classname="character(0)" name="ard_categorical_denominator_row_works"/>
    <testcase time="0" classname="character(0)" name="ard_categorical_denominator_row_works"/>
    <testcase time="0.000999999999999446" classname="character(0)" name="ard_categorical_denominator_row_works"/>
  </testsuite>
  <testsuite name="ard_categorical" timestamp="2024-11-26T05:06:18Z" hostname="2cd6238c7897" tests="5" skipped="0" failures="0" errors="0" time="0.003">
    <testcase time="0.000999999999999446" classname="character(0)" name="ard_categorical_denominator_column_works"/>
    <testcase time="0" classname="character(0)" name="ard_categorical_denominator_column_works"/>
    <testcase time="0.00100000000000122" classname="character(0)" name="ard_categorical_denominator_column_works"/>
    <testcase time="0" classname="character(0)" name="ard_categorical_denominator_column_works"/>
    <testcase time="0.000999999999999446" classname="character(0)" name="ard_categorical_denominator_column_works"/>
  </testsuite>
  <testsuite name="ard_categorical" timestamp="2024-11-26T05:06:18Z" hostname="2cd6238c7897" tests="1" skipped="0" failures="0" errors="0" time="0.001">
    <testcase time="0.000999999999999446" classname="character(0)" name="ard_categorical_denominator_integer_works"/>
  </testsuite>
  <testsuite name="ard_categorical" timestamp="2024-11-26T05:06:18Z" hostname="2cd6238c7897" tests="3" skipped="0" failures="0" errors="0" time="0.002">
    <testcase time="0.00100000000000122" classname="character(0)" name="ard_categorical_denominator_data_frame_with_counts_works"/>
    <testcase time="0.000999999999999446" classname="character(0)" name="ard_categorical_denominator_data_frame_with_counts_works"/>
    <testcase time="0" classname="character(0)" name="ard_categorical_denominator_data_frame_with_counts_works"/>
  </testsuite>
  <testsuite name="ard_categorical" timestamp="2024-11-26T05:06:18Z" hostname="2cd6238c7897" tests="2" skipped="0" failures="0" errors="0" time="0.002">
    <testcase time="0.00200000000000067" classname="character(0)" name="ard_categorical_denominator_data_frame_without_counts_works"/>
    <testcase time="0" classname="character(0)" name="ard_categorical_denominator_data_frame_without_counts_works"/>
  </testsuite>
  <testsuite name="ard_categorical" timestamp="2024-11-26T05:06:18Z" hostname="2cd6238c7897" tests="2" skipped="0" failures="0" errors="0" time="0.002">
    <testcase time="0.00199999999999889" classname="character(0)" name="ard_categorical_and_ARD_column_names"/>
    <testcase time="0" classname="character(0)" name="ard_categorical_and_ARD_column_names"/>
  </testsuite>
  <testsuite name="ard_categorical" timestamp="2024-11-26T05:06:18Z" hostname="2cd6238c7897" tests="1" skipped="0" failures="0" errors="0" time="0.001">
    <testcase time="0.00100000000000122" classname="character(0)" name="ard_categorical_with_grouped_data_works"/>
  </testsuite>
  <testsuite name="ard_categorical" timestamp="2024-11-26T05:06:18Z" hostname="2cd6238c7897" tests="1" skipped="0" failures="0" errors="0" time="0.002">
    <testcase time="0.00199999999999889" classname="character(0)" name="ard_categorical_and_all_NA_columns"/>
  </testsuite>
  <testsuite name="ard_categorical" timestamp="2024-11-26T05:06:18Z" hostname="2cd6238c7897" tests="4" skipped="0" failures="0" errors="0" time="0.002">
    <testcase time="0.000999999999999446" classname="character(0)" name="ard_categorical_can_handle_non_syntactic_column_names"/>
    <testcase time="0.00100000000000122" classname="character(0)" name="ard_categorical_can_handle_non_syntactic_column_names"/>
    <testcase time="0" classname="character(0)" name="ard_categorical_can_handle_non_syntactic_column_names"/>
    <testcase time="0" classname="character(0)" name="ard_categorical_can_handle_non_syntactic_column_names"/>
  </testsuite>
  <testsuite name="ard_categorical" timestamp="2024-11-26T05:06:18Z" hostname="2cd6238c7897" tests="1" skipped="0" failures="0" errors="0" time="0.004">
    <testcase time="0.00399999999999956" classname="character(0)" name="ard_categorical_strata_returns_results_in_proper_order"/>
  </testsuite>
  <testsuite name="ard_categorical" timestamp="2024-11-26T05:06:18Z" hostname="2cd6238c7897" tests="2" skipped="0" failures="0" errors="0" time="0.002">
    <testcase time="0.00200000000000067" classname="character(0)" name="ard_categorical_by_messages_about_protected_names"/>
    <testcase time="0" classname="character(0)" name="ard_categorical_by_messages_about_protected_names"/>
  </testsuite>
  <testsuite name="ard_categorical" timestamp="2024-11-26T05:06:18Z" hostname="2cd6238c7897" tests="15" skipped="0" failures="0" errors="0" time="0.008">
    <testcase time="0.000999999999999446" classname="character(0)" name="ard_categorical_works_when_using_generic_names_"/>
    <testcase time="0.000999999999999446" classname="character(0)" name="ard_categorical_works_when_using_generic_names_"/>
    <testcase time="0" classname="character(0)" name="ard_categorical_works_when_using_generic_names_"/>
    <testcase time="0.00100000000000122" classname="character(0)" name="ard_categorical_works_when_using_generic_names_"/>
    <testcase time="0" classname="character(0)" name="ard_categorical_works_when_using_generic_names_"/>
    <testcase time="0.000999999999999446" classname="character(0)" name="ard_categorical_works_when_using_generic_names_"/>
    <testcase time="0" classname="character(0)" name="ard_categorical_works_when_using_generic_names_"/>
    <testcase time="0.000999999999999446" classname="character(0)" name="ard_categorical_works_when_using_generic_names_"/>
    <testcase time="0" classname="character(0)" name="ard_categorical_works_when_using_generic_names_"/>
    <testcase time="0.00100000000000122" classname="character(0)" name="ard_categorical_works_when_using_generic_names_"/>
    <testcase time="0" classname="character(0)" name="ard_categorical_works_when_using_generic_names_"/>
    <testcase time="0.000999999999999446" classname="character(0)" name="ard_categorical_works_when_using_generic_names_"/>
    <testcase time="0" classname="character(0)" name="ard_categorical_works_when_using_generic_names_"/>
    <testcase time="0.000999999999999446" classname="character(0)" name="ard_categorical_works_when_using_generic_names_"/>
    <testcase time="0" classname="character(0)" name="ard_categorical_works_when_using_generic_names_"/>
  </testsuite>
  <testsuite name="ard_categorical" timestamp="2024-11-26T05:06:18Z" hostname="2cd6238c7897" tests="2" skipped="0" failures="0" errors="0" time="0.002">
    <testcase time="0.00200000000000067" classname="character(0)" name="ard_categorical_by_messages_about_protected_names"/>
    <testcase time="0" classname="character(0)" name="ard_categorical_by_messages_about_protected_names"/>
  </testsuite>
  <testsuite name="ard_categorical" timestamp="2024-11-26T05:06:18Z" hostname="2cd6238c7897" tests="1" skipped="0" failures="0" errors="0" time="0.002">
    <testcase time="0.00199999999999889" classname="character(0)" name="ard_categorical_follows_ard_structure"/>
  </testsuite>
  <testsuite name="ard_categorical" timestamp="2024-11-26T05:06:18Z" hostname="2cd6238c7897" tests="2" skipped="0" failures="0" errors="0" time="0.002">
    <testcase time="0.00100000000000122" classname="character(0)" name="ard_categorical_with_hms_times"/>
    <testcase time="0.000999999999999446" classname="character(0)" name="ard_categorical_with_hms_times"/>
  </testsuite>
  <testsuite name="ard_categorical" timestamp="2024-11-26T05:06:18Z" hostname="2cd6238c7897" tests="2" skipped="0" failures="0" errors="0" time="0.001">
    <testcase time="0.000999999999999446" classname="character(0)" name="ard_categorical_errors_with_incomplete_factor_columns"/>
    <testcase time="0" classname="character(0)" name="ard_categorical_errors_with_incomplete_factor_columns"/>
  </testsuite>
  <testsuite name="ard_dichotomous" timestamp="2024-11-26T05:06:19Z" hostname="2cd6238c7897" tests="5" skipped="0" failures="0" errors="0" time="1.061">
    <testcase time="1.059" classname="character(0)" name="ard_dichotomous_works"/>
    <testcase time="0" classname="character(0)" name="ard_dichotomous_works"/>
    <testcase time="0.000999999999999446" classname="character(0)" name="ard_dichotomous_works"/>
    <testcase time="0" classname="character(0)" name="ard_dichotomous_works"/>
    <testcase time="0.000999999999999446" classname="character(0)" name="ard_dichotomous_works"/>
  </testsuite>
  <testsuite name="ard_dichotomous" timestamp="2024-11-26T05:06:19Z" hostname="2cd6238c7897" tests="3" skipped="0" failures="0" errors="0" time="0.002">
    <testcase time="0.00100000000000122" classname="character(0)" name="ard_dichotomous_works"/>
    <testcase time="0.000999999999999446" classname="character(0)" name="ard_dichotomous_works"/>
    <testcase time="0" classname="character(0)" name="ard_dichotomous_works"/>
  </testsuite>
  <testsuite name="ard_dichotomous" timestamp="2024-11-26T05:06:19Z" hostname="2cd6238c7897" tests="1" skipped="0" failures="0" errors="0" time="0.002">
    <testcase time="0.00200000000000067" classname="character(0)" name="ard_dichotomous_with_grouped_data_works"/>
  </testsuite>
  <testsuite name="ard_dichotomous" timestamp="2024-11-26T05:06:19Z" hostname="2cd6238c7897" tests="1" skipped="0" failures="0" errors="0" time="0.001">
    <testcase time="0.000999999999999446" classname="character(0)" name="ard_dichotomous_follows_ard_structure"/>
  </testsuite>
  <testsuite name="ard_dichotomous" timestamp="2024-11-26T05:06:19Z" hostname="2cd6238c7897" tests="2" skipped="0" failures="0" errors="0" time="0.002">
    <testcase time="0.000999999999999446" classname="character(0)" name="ard_dichotomous_errors_with_incomplete_factor_columns"/>
    <testcase time="0.00100000000000122" classname="character(0)" name="ard_dichotomous_errors_with_incomplete_factor_columns"/>
  </testsuite>
  <testsuite name="ard_hierarchical" timestamp="2024-11-26T05:06:29Z" hostname="2cd6238c7897" tests="3" skipped="0" failures="0" errors="0" time="9.452">
    <testcase time="9.451" classname="character(0)" name="ard_hierarchical_works_without_by_variables"/>
    <testcase time="0" classname="character(0)" name="ard_hierarchical_works_without_by_variables"/>
    <testcase time="0.00100000000000122" classname="character(0)" name="ard_hierarchical_works_without_by_variables"/>
  </testsuite>
  <testsuite name="ard_hierarchical" timestamp="2024-11-26T05:06:29Z" hostname="2cd6238c7897" tests="2" skipped="0" failures="0" errors="0" time="0.002">
    <testcase time="0.000999999999997669" classname="character(0)" name="ard_hierarchical_works_with_by_variable"/>
    <testcase time="0.00100000000000122" classname="character(0)" name="ard_hierarchical_works_with_by_variable"/>
  </testsuite>
  <testsuite name="ard_hierarchical" timestamp="2024-11-26T05:06:29Z" hostname="2cd6238c7897" tests="2" skipped="0" failures="0" errors="0" time="0.002">
    <testcase time="0.00100000000000122" classname="character(0)" name="ard_hierarchical_works_with_by_variable_not_present_in_denominator_"/>
    <testcase time="0.000999999999997669" classname="character(0)" name="ard_hierarchical_works_with_by_variable_not_present_in_denominator_"/>
  </testsuite>
  <testsuite name="ard_hierarchical" timestamp="2024-11-26T05:06:29Z" hostname="2cd6238c7897" tests="1" skipped="0" failures="0" errors="0" time="0.001">
    <testcase time="0.00100000000000122" classname="character(0)" name="ard_hierarchical_works_without_any_variables"/>
  </testsuite>
  <testsuite name="ard_hierarchical" timestamp="2024-11-26T05:06:29Z" hostname="2cd6238c7897" tests="2" skipped="0" failures="0" errors="0" time="0.002">
    <testcase time="0.00199999999999889" classname="character(0)" name="ard_hierarchical_id_argument_works"/>
    <testcase time="0" classname="character(0)" name="ard_hierarchical_id_argument_works"/>
  </testsuite>
  <testsuite name="ard_hierarchical" timestamp="2024-11-26T05:06:29Z" hostname="2cd6238c7897" tests="4" skipped="0" failures="0" errors="0" time="0.003">
    <testcase time="0.00200000000000244" classname="character(0)" name="ard_hierarchical_count_works_without_by_variables"/>
    <testcase time="0" classname="character(0)" name="ard_hierarchical_count_works_without_by_variables"/>
    <testcase time="0.000999999999997669" classname="character(0)" name="ard_hierarchical_count_works_without_by_variables"/>
    <testcase time="0" classname="character(0)" name="ard_hierarchical_count_works_without_by_variables"/>
  </testsuite>
  <testsuite name="ard_hierarchical" timestamp="2024-11-26T05:06:29Z" hostname="2cd6238c7897" tests="2" skipped="0" failures="0" errors="0" time="0.001">
    <testcase time="0.00100000000000122" classname="character(0)" name="ard_hierarchical_count_works_with_by_variable"/>
    <testcase time="0" classname="character(0)" name="ard_hierarchical_count_works_with_by_variable"/>
  </testsuite>
  <testsuite name="ard_hierarchical" timestamp="2024-11-26T05:06:29Z" hostname="2cd6238c7897" tests="2" skipped="0" failures="0" errors="0" time="0.002">
    <testcase time="0.000999999999997669" classname="character(0)" name="ard_hierarchical_count_works_with_by_variable_not_present_in_denominator_"/>
    <testcase time="0.00100000000000122" classname="character(0)" name="ard_hierarchical_count_works_with_by_variable_not_present_in_denominator_"/>
  </testsuite>
  <testsuite name="ard_hierarchical" timestamp="2024-11-26T05:06:29Z" hostname="2cd6238c7897" tests="1" skipped="0" failures="0" errors="0" time="0.001">
    <testcase time="0.00100000000000122" classname="character(0)" name="ard_hierarchical_count_works_without_any_variables"/>
  </testsuite>
  <testsuite name="ard_hierarchical" timestamp="2024-11-26T05:06:29Z" hostname="2cd6238c7897" tests="2" skipped="0" failures="0" errors="0" time="0.002">
    <testcase time="0.00199999999999889" classname="character(0)" name="ard_hierarchical_and_ard_hierarchical_count_with_grouped_data_works"/>
    <testcase time="0" classname="character(0)" name="ard_hierarchical_and_ard_hierarchical_count_with_grouped_data_works"/>
  </testsuite>
  <testsuite name="ard_hierarchical" timestamp="2024-11-26T05:06:29Z" hostname="2cd6238c7897" tests="1" skipped="0" failures="0" errors="0" time="0.002">
    <testcase time="0.00199999999999889" classname="character(0)" name="ard_hierarchical_follows_ard_structure"/>
  </testsuite>
  <testsuite name="ard_hierarchical" timestamp="2024-11-26T05:06:29Z" hostname="2cd6238c7897" tests="2" skipped="0" failures="0" errors="0" time="0.002">
    <testcase time="0.00100000000000122" classname="character(0)" name="ard_hierarchical_errors_with_incomplete_factor_columns"/>
    <testcase time="0.00100000000000122" classname="character(0)" name="ard_hierarchical_errors_with_incomplete_factor_columns"/>
  </testsuite>
  <testsuite name="ard_hierarchical" timestamp="2024-11-26T05:06:29Z" hostname="2cd6238c7897" tests="2" skipped="0" failures="0" errors="0" time="0.002">
    <testcase time="0.000999999999997669" classname="character(0)" name="ard_hierarchical_count_errors_with_incomplete_factor_columns"/>
    <testcase time="0.00100000000000122" classname="character(0)" name="ard_hierarchical_count_errors_with_incomplete_factor_columns"/>
  </testsuite>
  <testsuite name="ard_hierarchical" timestamp="2024-11-26T05:06:29Z" hostname="2cd6238c7897" tests="3" skipped="0" failures="0" errors="0" time="0.002">
    <testcase time="0.00100000000000122" classname="character(0)" name="ard_hierarchical_count_provides_correct_results_with_10_groups"/>
    <testcase time="0" classname="character(0)" name="ard_hierarchical_count_provides_correct_results_with_10_groups"/>
    <testcase time="0.000999999999997669" classname="character(0)" name="ard_hierarchical_count_provides_correct_results_with_10_groups"/>
  </testsuite>
  <testsuite name="ard_missing" timestamp="2024-11-26T05:06:29Z" hostname="2cd6238c7897" tests="3" skipped="0" failures="0" errors="0" time="0.643">
    <testcase time="0.641999999999999" classname="character(0)" name="ard_missing_works"/>
    <testcase time="0.00100000000000122" classname="character(0)" name="ard_missing_works"/>
    <testcase time="0" classname="character(0)" name="ard_missing_works"/>
  </testsuite>
  <testsuite name="ard_missing" timestamp="2024-11-26T05:06:29Z" hostname="2cd6238c7897" tests="3" skipped="0" failures="0" errors="0" time="0.003">
    <testcase time="0.00199999999999889" classname="character(0)" name="ard_missing_stat_label_argument_works"/>
    <testcase time="0" classname="character(0)" name="ard_missing_stat_label_argument_works"/>
    <testcase time="0.00100000000000122" classname="character(0)" name="ard_missing_stat_label_argument_works"/>
  </testsuite>
  <testsuite name="ard_missing" timestamp="2024-11-26T05:06:29Z" hostname="2cd6238c7897" tests="1" skipped="0" failures="0" errors="0" time="0.001">
    <testcase time="0.00100000000000122" classname="character(0)" name="ard_missing_with_grouped_data_works"/>
  </testsuite>
  <testsuite name="ard_missing" timestamp="2024-11-26T05:06:29Z" hostname="2cd6238c7897" tests="1" skipped="0" failures="0" errors="0" time="0.002">
    <testcase time="0.00199999999999889" classname="character(0)" name="ard_missing_follows_ard_structure"/>
  </testsuite>
  <testsuite name="ard_pairwise" timestamp="2024-11-26T05:06:30Z" hostname="2cd6238c7897" tests="4" skipped="0" failures="0" errors="0" time="0.645">
    <testcase time="0.643999999999998" classname="character(0)" name="ard_pairwise_works"/>
    <testcase time="0" classname="character(0)" name="ard_pairwise_works"/>
    <testcase time="0.00100000000000122" classname="character(0)" name="ard_pairwise_works"/>
    <testcase time="0" classname="character(0)" name="ard_pairwise_works"/>
  </testsuite>
  <testsuite name="ard_pairwise" timestamp="2024-11-26T05:06:30Z" hostname="2cd6238c7897" tests="4" skipped="0" failures="0" errors="0" time="0.003">
    <testcase time="0.00199999999999889" classname="character(0)" name="ard_pairwise_variable_"/>
    <testcase time="0" classname="character(0)" name="ard_pairwise_variable_"/>
    <testcase time="0.00100000000000122" classname="character(0)" name="ard_pairwise_variable_"/>
    <testcase time="0" classname="character(0)" name="ard_pairwise_variable_"/>
  </testsuite>
  <testsuite name="ard_pairwise" timestamp="2024-11-26T05:06:30Z" hostname="2cd6238c7897" tests="2" skipped="0" failures="0" errors="0" time="0.002">
    <testcase time="0.00199999999999889" classname="character(0)" name="ard_pairwise_variable_messaging"/>
    <testcase time="0" classname="character(0)" name="ard_pairwise_variable_messaging"/>
  </testsuite>
  <testsuite name="ard_pairwise" timestamp="2024-11-26T05:06:30Z" hostname="2cd6238c7897" tests="2" skipped="0" failures="0" errors="0" time="0.002">
    <testcase time="0.00200000000000244" classname="character(0)" name="ard_pairwise_include_"/>
    <testcase time="0" classname="character(0)" name="ard_pairwise_include_"/>
  </testsuite>
  <testsuite name="ard_pairwise" timestamp="2024-11-26T05:06:30Z" hostname="2cd6238c7897" tests="1" skipped="0" failures="0" errors="0" time="0.002">
    <testcase time="0.00199999999999889" classname="character(0)" name="ard_pairwise_.f_messaging"/>
  </testsuite>
  <testsuite name="ard_pairwise" timestamp="2024-11-26T05:06:30Z" hostname="2cd6238c7897" tests="2" skipped="0" failures="0" errors="0" time="0.002">
    <testcase time="0.00100000000000122" classname="character(0)" name="ard_pairwise_include_messaging"/>
    <testcase time="0.000999999999997669" classname="character(0)" name="ard_pairwise_include_messaging"/>
  </testsuite>
  <testsuite name="ard_continuous" timestamp="2024-11-26T05:06:35Z" hostname="2cd6238c7897" tests="4" skipped="0" failures="0" errors="0" time="4.85">
    <testcase time="4.847" classname="character(0)" name="ard_continuous_works"/>
    <testcase time="0.00100000000000122" classname="character(0)" name="ard_continuous_works"/>
    <testcase time="0.000999999999997669" classname="character(0)" name="ard_continuous_works"/>
    <testcase time="0.00100000000000122" classname="character(0)" name="ard_continuous_works"/>
  </testsuite>
  <testsuite name="ard_continuous" timestamp="2024-11-26T05:06:35Z" hostname="2cd6238c7897" tests="3" skipped="0" failures="0" errors="0" time="0.004">
    <testcase time="0.00199999999999889" classname="character(0)" name="ard_continuous_fmt_fn_argument_works"/>
    <testcase time="0.00100000000000122" classname="character(0)" name="ard_continuous_fmt_fn_argument_works"/>
    <testcase time="0.00100000000000122" classname="character(0)" name="ard_continuous_fmt_fn_argument_works"/>
  </testsuite>
  <testsuite name="ard_continuous" timestamp="2024-11-26T05:06:35Z" hostname="2cd6238c7897" tests="3" skipped="0" failures="0" errors="0" time="0.004">
    <testcase time="0.00300000000000011" classname="character(0)" name="ard_continuous_messaging"/>
    <testcase time="0.000999999999997669" classname="character(0)" name="ard_continuous_messaging"/>
    <testcase time="0" classname="character(0)" name="ard_continuous_messaging"/>
  </testsuite>
  <testsuite name="ard_continuous" timestamp="2024-11-26T05:06:35Z" hostname="2cd6238c7897" tests="5" skipped="0" failures="0" errors="0" time="0.007">
    <testcase time="0.00300000000000011" classname="character(0)" name="ard_continuous_stat_label_argument_works"/>
    <testcase time="0.00100000000000122" classname="character(0)" name="ard_continuous_stat_label_argument_works"/>
    <testcase time="0.000999999999997669" classname="character(0)" name="ard_continuous_stat_label_argument_works"/>
    <testcase time="0.00100000000000122" classname="character(0)" name="ard_continuous_stat_label_argument_works"/>
    <testcase time="0.00100000000000122" classname="character(0)" name="ard_continuous_stat_label_argument_works"/>
  </testsuite>
  <testsuite name="ard_continuous" timestamp="2024-11-26T05:06:35Z" hostname="2cd6238c7897" tests="2" skipped="0" failures="0" errors="0" time="0.003">
    <testcase time="0.00199999999999889" classname="character(0)" name="ard_continuous_and_ARD_column_names"/>
    <testcase time="0.00100000000000122" classname="character(0)" name="ard_continuous_and_ARD_column_names"/>
  </testsuite>
  <testsuite name="ard_continuous" timestamp="2024-11-26T05:06:35Z" hostname="2cd6238c7897" tests="1" skipped="0" failures="0" errors="0" time="0.003">
    <testcase time="0.00300000000000011" classname="character(0)" name="ard_continuous_with_grouped_data_works"/>
  </testsuite>
  <testsuite name="ard_continuous" timestamp="2024-11-26T05:06:35Z" hostname="2cd6238c7897" tests="2" skipped="0" failures="0" errors="0" time="0.003">
    <testcase time="0.00300000000000011" classname="character(0)" name="ard_continuous_with_dates_works_and_displays_as_expected"/>
    <testcase time="0" classname="character(0)" name="ard_continuous_with_dates_works_and_displays_as_expected"/>
  </testsuite>
  <testsuite name="ard_continuous" timestamp="2024-11-26T05:06:35Z" hostname="2cd6238c7897" tests="1" skipped="0" failures="0" errors="0" time="0.003">
    <testcase time="0.00300000000000011" classname="character(0)" name="ard_continuous_with_empty_missing_dates_works_and_preserves_Date_class"/>
  </testsuite>
  <testsuite name="ard_continuous" timestamp="2024-11-26T05:06:35Z" hostname="2cd6238c7897" tests="3" skipped="0" failures="0" errors="0" time="0.004">
    <testcase time="0.00300000000000011" classname="character(0)" name="ard_continuous_works_with_non_syntactic_names"/>
    <testcase time="0.000999999999997669" classname="character(0)" name="ard_continuous_works_with_non_syntactic_names"/>
    <testcase time="0" classname="character(0)" name="ard_continuous_works_with_non_syntactic_names"/>
  </testsuite>
  <testsuite name="ard_continuous" timestamp="2024-11-26T05:06:35Z" hostname="2cd6238c7897" tests="19" skipped="0" failures="0" errors="0" time="0.018">
    <testcase time="0.00300000000000011" classname="character(0)" name="ard_continuous_works_when_using_generic_names_"/>
    <testcase time="0.00100000000000122" classname="character(0)" name="ard_continuous_works_when_using_generic_names_"/>
    <testcase time="0.00100000000000122" classname="character(0)" name="ard_continuous_works_when_using_generic_names_"/>
    <testcase time="0.000999999999997669" classname="character(0)" name="ard_continuous_works_when_using_generic_names_"/>
    <testcase time="0" classname="character(0)" name="ard_continuous_works_when_using_generic_names_"/>
    <testcase time="0" classname="character(0)" name="ard_continuous_works_when_using_generic_names_"/>
    <testcase time="0.00100000000000122" classname="character(0)" name="ard_continuous_works_when_using_generic_names_"/>
    <testcase time="0.000999999999997669" classname="character(0)" name="ard_continuous_works_when_using_generic_names_"/>
    <testcase time="0.00100000000000122" classname="character(0)" name="ard_continuous_works_when_using_generic_names_"/>
    <testcase time="0.00100000000000122" classname="character(0)" name="ard_continuous_works_when_using_generic_names_"/>
    <testcase time="0.000999999999997669" classname="character(0)" name="ard_continuous_works_when_using_generic_names_"/>
    <testcase time="0.00100000000000122" classname="character(0)" name="ard_continuous_works_when_using_generic_names_"/>
    <testcase time="0.000999999999997669" classname="character(0)" name="ard_continuous_works_when_using_generic_names_"/>
    <testcase time="0.00100000000000122" classname="character(0)" name="ard_continuous_works_when_using_generic_names_"/>
    <testcase time="0.00100000000000122" classname="character(0)" name="ard_continuous_works_when_using_generic_names_"/>
    <testcase time="0.000999999999997669" classname="character(0)" name="ard_continuous_works_when_using_generic_names_"/>
    <testcase time="0" classname="character(0)" name="ard_continuous_works_when_using_generic_names_"/>
    <testcase time="0.00100000000000122" classname="character(0)" name="ard_continuous_works_when_using_generic_names_"/>
    <testcase time="0.00100000000000122" classname="character(0)" name="ard_continuous_works_when_using_generic_names_"/>
  </testsuite>
  <testsuite name="ard_continuous" timestamp="2024-11-26T05:06:35Z" hostname="2cd6238c7897" tests="1" skipped="0" failures="0" errors="0" time="0.003">
    <testcase time="0.00300000000000011" classname="character(0)" name="ard_continuous_follows_ard_structure"/>
  </testsuite>
  <testsuite name="ard_continuous" timestamp="2024-11-26T05:06:35Z" hostname="2cd6238c7897" tests="2" skipped="0" failures="0" errors="0" time="0.004">
    <testcase time="0.00300000000000011" classname="character(0)" name="ard_continuous_errors_with_incomplete_factor_columns"/>
    <testcase time="0.000999999999997669" classname="character(0)" name="ard_continuous_errors_with_incomplete_factor_columns"/>
  </testsuite>
  <testsuite name="ard_stack" timestamp="2024-11-26T05:06:35Z" hostname="2cd6238c7897" tests="7" skipped="0" failures="0" errors="0" time="0.535">
    <testcase time="0.532" classname="character(0)" name="ard_stack_works"/>
    <testcase time="0" classname="character(0)" name="ard_stack_works"/>
    <testcase time="0.00100000000000122" classname="character(0)" name="ard_stack_works"/>
    <testcase time="0" classname="character(0)" name="ard_stack_works"/>
    <testcase time="0.00100000000000122" classname="character(0)" name="ard_stack_works"/>
    <testcase time="0" classname="character(0)" name="ard_stack_works"/>
    <testcase time="0.000999999999997669" classname="character(0)" name="ard_stack_works"/>
  </testsuite>
  <testsuite name="ard_stack" timestamp="2024-11-26T05:06:35Z" hostname="2cd6238c7897" tests="2" skipped="0" failures="0" errors="0" time="0.002">
    <testcase time="0.00200000000000244" classname="character(0)" name="ard_stack_adding_overalls"/>
    <testcase time="0" classname="character(0)" name="ard_stack_adding_overalls"/>
  </testsuite>
  <testsuite name="ard_stack" timestamp="2024-11-26T05:06:35Z" hostname="2cd6238c7897" tests="4" skipped="0" failures="0" errors="0" time="0.003">
    <testcase time="0.00199999999999889" classname="character(0)" name="ard_stack_adding_missing_attributes"/>
    <testcase time="0" classname="character(0)" name="ard_stack_adding_missing_attributes"/>
    <testcase time="0.00100000000000122" classname="character(0)" name="ard_stack_adding_missing_attributes"/>
    <testcase time="0" classname="character(0)" name="ard_stack_adding_missing_attributes"/>
  </testsuite>
  <testsuite name="ard_stack" timestamp="2024-11-26T05:06:35Z" hostname="2cd6238c7897" tests="4" skipped="0" failures="0" errors="0" time="0.003">
    <testcase time="0.00199999999999889" classname="character(0)" name="ard_stack_.shuffle_argument"/>
    <testcase time="0" classname="character(0)" name="ard_stack_.shuffle_argument"/>
    <testcase time="0.00100000000000122" classname="character(0)" name="ard_stack_.shuffle_argument"/>
    <testcase time="0" classname="character(0)" name="ard_stack_.shuffle_argument"/>
  </testsuite>
  <testsuite name="ard_stack" timestamp="2024-11-26T05:06:35Z" hostname="2cd6238c7897" tests="1" skipped="0" failures="0" errors="0" time="0.002">
    <testcase time="0.00199999999999889" classname="character(0)" name="ard_stack_adding_total_N"/>
  </testsuite>
  <testsuite name="ard_stack" timestamp="2024-11-26T05:06:35Z" hostname="2cd6238c7897" tests="1" skipped="0" failures="0" errors="0" time="0.002">
    <testcase time="0.00199999999999889" classname="character(0)" name="ard_stack_works_with_namespaced_functions"/>
  </testsuite>
  <testsuite name="ard_stack" timestamp="2024-11-26T05:06:35Z" hostname="2cd6238c7897" tests="2" skipped="0" failures="0" errors="0" time="0.002">
    <testcase time="0.00100000000000122" classname="character(0)" name="ard_stack_messaging"/>
    <testcase time="0.000999999999997669" classname="character(0)" name="ard_stack_messaging"/>
  </testsuite>
  <testsuite name="ard_stack" timestamp="2024-11-26T05:06:35Z" hostname="2cd6238c7897" tests="1" skipped="0" failures="0" errors="0" time="0.001">
    <testcase time="0.00100000000000122" classname="character(0)" name="ard_stack_complex_call_error"/>
  </testsuite>
  <testsuite name="ard_stack" timestamp="2024-11-26T05:06:35Z" hostname="2cd6238c7897" tests="1" skipped="0" failures="0" errors="0" time="0.002">
    <testcase time="0.00199999999999889" classname="character(0)" name="ard_stack_follows_ard_structure"/>
  </testsuite>
  <testsuite name="ard_stack" timestamp="2024-11-26T05:06:35Z" hostname="2cd6238c7897" tests="2" skipped="0" failures="0" errors="0" time="0.002">
    <testcase time="0.00100000000000122" classname="character(0)" name="ard_stack_.by_messaging"/>
    <testcase time="0.00100000000000122" classname="character(0)" name="ard_stack_.by_messaging"/>
  </testsuite>
  <testsuite name="ard_strata" timestamp="2024-11-26T05:06:37Z" hostname="2cd6238c7897" tests="3" skipped="0" failures="0" errors="0" time="1.892">
    <testcase time="1.891" classname="character(0)" name="ard_strata_works"/>
    <testcase time="0.00100000000000122" classname="character(0)" name="ard_strata_works"/>
    <testcase time="0" classname="character(0)" name="ard_strata_works"/>
  </testsuite>
  <testsuite name="ard_strata" timestamp="2024-11-26T05:06:37Z" hostname="2cd6238c7897" tests="2" skipped="0" failures="0" errors="0" time="0.002">
    <testcase time="0.00199999999999889" classname="character(0)" name="ard_strata_by_strata_when_both_empty"/>
    <testcase time="0" classname="character(0)" name="ard_strata_by_strata_when_both_empty"/>
  </testsuite>
  <testsuite name="ard_total_n" timestamp="2024-11-26T05:06:37Z" hostname="2cd6238c7897" tests="2" skipped="0" failures="0" errors="0" time="0.168">
    <testcase time="0.167999999999999" classname="character(0)" name="ard_total_n_works"/>
    <testcase time="0" classname="character(0)" name="ard_total_n_works"/>
  </testsuite>
  <testsuite name="ard_total_n" timestamp="2024-11-26T05:06:37Z" hostname="2cd6238c7897" tests="1" skipped="0" failures="0" errors="0" time="0.002">
    <testcase time="0.00199999999999889" classname="character(0)" name="ard_total_n_follows_ard_structure"/>
  </testsuite>
  <testsuite name="as_card" timestamp="2024-11-26T05:06:38Z" hostname="2cd6238c7897" tests="1" skipped="0" failures="0" errors="0" time="0.24">
    <testcase time="0.240000000000002" classname="character(0)" name="as_card_works"/>
  </testsuite>
  <testsuite name="as_card" timestamp="2024-11-26T05:06:38Z" hostname="2cd6238c7897" tests="1" skipped="0" failures="0" errors="0" time="0.002">
    <testcase time="0.00199999999999889" classname="character(0)" name="as_card_does_not_affect_card_objects"/>
  </testsuite>
  <testsuite name="as_card" timestamp="2024-11-26T05:06:38Z" hostname="2cd6238c7897" tests="1" skipped="0" failures="0" errors="0" time="0.002">
    <testcase time="0.00199999999999889" classname="character(0)" name="as_card_error_catching_works_correctly"/>
  </testsuite>
  <testsuite name="as_nested_list" timestamp="2024-11-26T05:06:38Z" hostname="2cd6238c7897" tests="1" skipped="0" failures="0" errors="0" time="0.387">
    <testcase time="0.387" classname="character(0)" name="as_nested_list_works"/>
  </testsuite>
  <testsuite name="bind_ard" timestamp="2024-11-26T05:06:39Z" hostname="2cd6238c7897" tests="1" skipped="0" failures="0" errors="0" time="0.707">
    <testcase time="0.707000000000001" classname="character(0)" name="bind_ard_works"/>
  </testsuite>
  <testsuite name="bind_ard" timestamp="2024-11-26T05:06:39Z" hostname="2cd6238c7897" tests="2" skipped="0" failures="0" errors="0" time="0.02">
    <testcase time="0.0189999999999984" classname="character(0)" name="ARD_helpers_messaging"/>
    <testcase time="0.00100000000000477" classname="character(0)" name="ARD_helpers_messaging"/>
  </testsuite>
  <testsuite name="bind_ard" timestamp="2024-11-26T05:06:39Z" hostname="2cd6238c7897" tests="2" skipped="0" failures="0" errors="0" time="0.002">
    <testcase time="0.00199999999999534" classname="character(0)" name="bind_ard_.order_argument_works"/>
    <testcase time="0" classname="character(0)" name="bind_ard_.order_argument_works"/>
  </testsuite>
  <testsuite name="bind_ard" timestamp="2024-11-26T05:06:39Z" hostname="2cd6238c7897" tests="1" skipped="0" failures="0" errors="0" time="0.002">
    <testcase time="0.00200000000000244" classname="character(0)" name="bind_ard_.quiet_"/>
  </testsuite>
  <testsuite name="bind_ard" timestamp="2024-11-26T05:06:39Z" hostname="2cd6238c7897" tests="1" skipped="0" failures="0" errors="0" time="0.001">
    <testcase time="0.000999999999997669" classname="character(0)" name="bind_ard_.distinct_"/>
  </testsuite>
  <testsuite name="check_ard_structure" timestamp="2024-11-26T05:06:39Z" hostname="2cd6238c7897" tests="1" skipped="0" failures="0" errors="0" time="0.155">
    <testcase time="0.155000000000001" classname="character(0)" name="check_ard_structure_works"/>
  </testsuite>
  <testsuite name="eval_capture_conditions" timestamp="2024-11-26T05:06:39Z" hostname="2cd6238c7897" tests="4" skipped="0" failures="0" errors="0" time="0.424">
    <testcase time="0.422000000000004" classname="character(0)" name="eval_capture_conditions_works"/>
    <testcase time="0" classname="character(0)" name="eval_capture_conditions_works"/>
    <testcase time="0.000999999999997669" classname="character(0)" name="eval_capture_conditions_works"/>
    <testcase time="0.000999999999997669" classname="character(0)" name="eval_capture_conditions_works"/>
  </testsuite>
  <testsuite name="eval_capture_conditions" timestamp="2024-11-26T05:06:39Z" hostname="2cd6238c7897" tests="3" skipped="0" failures="0" errors="0" time="0.002">
    <testcase time="0.00100000000000477" classname="character(0)" name="captured_condition_as_message_works"/>
    <testcase time="0.000999999999997669" classname="character(0)" name="captured_condition_as_message_works"/>
    <testcase time="0" classname="character(0)" name="captured_condition_as_message_works"/>
  </testsuite>
  <testsuite name="eval_capture_conditions" timestamp="2024-11-26T05:06:39Z" hostname="2cd6238c7897" tests="3" skipped="0" failures="0" errors="0" time="0.003">
    <testcase time="0.00200000000000244" classname="character(0)" name="captured_condition_as_error_works"/>
    <testcase time="0" classname="character(0)" name="captured_condition_as_error_works"/>
    <testcase time="0.000999999999997669" classname="character(0)" name="captured_condition_as_error_works"/>
  </testsuite>
  <testsuite name="get_ard_statistics" timestamp="2024-11-26T05:06:40Z" hostname="2cd6238c7897" tests="2" skipped="0" failures="0" errors="0" time="0.154">
    <testcase time="0.152999999999999" classname="character(0)" name="get_ard_statistics_works"/>
    <testcase time="0.000999999999997669" classname="character(0)" name="get_ard_statistics_works"/>
  </testsuite>
  <testsuite name="label_cards" timestamp="2024-11-26T05:06:40Z" hostname="2cd6238c7897" tests="4" skipped="0" failures="0" errors="0" time="0.055">
    <testcase time="0.054000000000002" classname="character(0)" name="label_cards_works"/>
    <testcase time="0" classname="character(0)" name="label_cards_works"/>
    <testcase time="0.000999999999997669" classname="character(0)" name="label_cards_works"/>
    <testcase time="0" classname="character(0)" name="label_cards_works"/>
  </testsuite>
  <testsuite name="mock" timestamp="2024-11-26T05:06:41Z" hostname="2cd6238c7897" tests="1" skipped="0" failures="0" errors="0" time="0.932">
    <testcase time="0.932000000000002" classname="character(0)" name="mock_categorical_"/>
  </testsuite>
  <testsuite name="mock" timestamp="2024-11-26T05:06:41Z" hostname="2cd6238c7897" tests="1" skipped="0" failures="0" errors="0" time="0.002">
    <testcase time="0.00200000000000244" classname="character(0)" name="mock_categorical_messaging"/>
  </testsuite>
  <testsuite name="mock" timestamp="2024-11-26T05:06:41Z" hostname="2cd6238c7897" tests="1" skipped="0" failures="0" errors="0" time="0.002">
    <testcase time="0.00199999999999534" classname="character(0)" name="mock_continuous_"/>
  </testsuite>
  <testsuite name="mock" timestamp="2024-11-26T05:06:41Z" hostname="2cd6238c7897" tests="1" skipped="0" failures="0" errors="0" time="0.002">
    <testcase time="0.00200000000000244" classname="character(0)" name="mock_continuous_messaging"/>
  </testsuite>
  <testsuite name="mock" timestamp="2024-11-26T05:06:41Z" hostname="2cd6238c7897" tests="1" skipped="0" failures="0" errors="0" time="0.001">
    <testcase time="0.000999999999997669" classname="character(0)" name="mock_dichotomous_"/>
  </testsuite>
  <testsuite name="mock" timestamp="2024-11-26T05:06:41Z" hostname="2cd6238c7897" tests="1" skipped="0" failures="0" errors="0" time="0.002">
    <testcase time="0.00200000000000244" classname="character(0)" name="mock_dichotomous_messaging"/>
  </testsuite>
  <testsuite name="mock" timestamp="2024-11-26T05:06:41Z" hostname="2cd6238c7897" tests="1" skipped="0" failures="0" errors="0" time="0.001">
    <testcase time="0.000999999999997669" classname="character(0)" name="mock_missing_"/>
  </testsuite>
  <testsuite name="mock" timestamp="2024-11-26T05:06:41Z" hostname="2cd6238c7897" tests="1" skipped="0" failures="0" errors="0" time="0.002">
    <testcase time="0.00200000000000244" classname="character(0)" name="mock_missing_messaging"/>
  </testsuite>
  <testsuite name="mock" timestamp="2024-11-26T05:06:41Z" hostname="2cd6238c7897" tests="1" skipped="0" failures="0" errors="0" time="0.002">
    <testcase time="0.00200000000000244" classname="character(0)" name="mock_attributes_"/>
  </testsuite>
  <testsuite name="mock" timestamp="2024-11-26T05:06:41Z" hostname="2cd6238c7897" tests="1" skipped="0" failures="0" errors="0" time="0.001">
    <testcase time="0.000999999999997669" classname="character(0)" name="mock_attributes_messaging"/>
  </testsuite>
  <testsuite name="mock" timestamp="2024-11-26T05:06:41Z" hostname="2cd6238c7897" tests="1" skipped="0" failures="0" errors="0" time="0.002">
    <testcase time="0.00200000000000244" classname="character(0)" name="mock_total_n_"/>
  </testsuite>
  <testsuite name="nest_for_ard" timestamp="2024-11-26T05:06:41Z" hostname="2cd6238c7897" tests="3" skipped="0" failures="0" errors="0" time="0.132">
    <testcase time="0.131" classname="character(0)" name="nest_for_ard_works"/>
    <testcase time="0" classname="character(0)" name="nest_for_ard_works"/>
    <testcase time="0.000999999999997669" classname="character(0)" name="nest_for_ard_works"/>
  </testsuite>
  <testsuite name="ard_stack_hierarchical" timestamp="2024-11-26T05:06:41Z" hostname="2cd6238c7897" tests="4" skipped="0" failures="0" errors="0" time="0.379">
    <testcase time="0.377000000000002" classname="character(0)" name="ard_stack_hierarchical_variables_"/>
    <testcase time="0.000999999999997669" classname="character(0)" name="ard_stack_hierarchical_variables_"/>
    <testcase time="0" classname="character(0)" name="ard_stack_hierarchical_variables_"/>
    <testcase time="0.000999999999997669" classname="character(0)" name="ard_stack_hierarchical_variables_"/>
  </testsuite>
  <testsuite name="ard_stack_hierarchical" timestamp="2024-11-26T05:06:41Z" hostname="2cd6238c7897" tests="2" skipped="0" failures="0" errors="0" time="0.002">
    <testcase time="0.00200000000000244" classname="character(0)" name="ard_stack_hierarchical_variables_messaging_removed_obs"/>
    <testcase time="0" classname="character(0)" name="ard_stack_hierarchical_variables_messaging_removed_obs"/>
  </testsuite>
  <testsuite name="ard_stack_hierarchical" timestamp="2024-11-26T05:06:41Z" hostname="2cd6238c7897" tests="2" skipped="0" failures="0" errors="0" time="0.002">
    <testcase time="0.00200000000000244" classname="character(0)" name="ard_stack_hierarchical_variables_messaging"/>
    <testcase time="0" classname="character(0)" name="ard_stack_hierarchical_variables_messaging"/>
  </testsuite>
  <testsuite name="ard_stack_hierarchical" timestamp="2024-11-26T05:06:41Z" hostname="2cd6238c7897" tests="3" skipped="0" failures="0" errors="0" time="0.003">
    <testcase time="0.00199999999999534" classname="character(0)" name="ard_stack_hierarchical_by_"/>
    <testcase time="0.00100000000000477" classname="character(0)" name="ard_stack_hierarchical_by_"/>
    <testcase time="0" classname="character(0)" name="ard_stack_hierarchical_by_"/>
  </testsuite>
  <testsuite name="ard_stack_hierarchical" timestamp="2024-11-26T05:06:41Z" hostname="2cd6238c7897" tests="1" skipped="0" failures="0" errors="0" time="0.002">
    <testcase time="0.00199999999999534" classname="character(0)" name="ard_stack_hierarchical_by_messaging"/>
  </testsuite>
  <testsuite name="ard_stack_hierarchical" timestamp="2024-11-26T05:06:41Z" hostname="2cd6238c7897" tests="2" skipped="0" failures="0" errors="0" time="0.002">
    <testcase time="0.00100000000000477" classname="character(0)" name="ard_stack_hierarchical_denominator_messaging"/>
    <testcase time="0.000999999999997669" classname="character(0)" name="ard_stack_hierarchical_denominator_messaging"/>
  </testsuite>
  <testsuite name="ard_stack_hierarchical" timestamp="2024-11-26T05:06:41Z" hostname="2cd6238c7897" tests="4" skipped="0" failures="0" errors="0" time="0.003">
    <testcase time="0.00200000000000244" classname="character(0)" name="ard_stack_hierarchical_by_with_columns_not_in_denominator_"/>
    <testcase time="0" classname="character(0)" name="ard_stack_hierarchical_by_with_columns_not_in_denominator_"/>
    <testcase time="0.000999999999997669" classname="character(0)" name="ard_stack_hierarchical_by_with_columns_not_in_denominator_"/>
    <testcase time="0" classname="character(0)" name="ard_stack_hierarchical_by_with_columns_not_in_denominator_"/>
  </testsuite>
  <testsuite name="ard_stack_hierarchical" timestamp="2024-11-26T05:06:41Z" hostname="2cd6238c7897" tests="1" skipped="0" failures="0" errors="0" time="0.002">
    <testcase time="0.00200000000000244" classname="character(0)" name="ard_stack_hierarchical_variables_include_messaging"/>
  </testsuite>
  <testsuite name="ard_stack_hierarchical" timestamp="2024-11-26T05:06:41Z" hostname="2cd6238c7897" tests="1" skipped="0" failures="0" errors="0" time="0.002">
    <testcase time="0.00199999999999534" classname="character(0)" name="ard_stack_hierarchical_by_overall_messaging"/>
  </testsuite>
  <testsuite name="ard_stack_hierarchical" timestamp="2024-11-26T05:06:41Z" hostname="2cd6238c7897" tests="1" skipped="0" failures="0" errors="0" time="0.001">
    <testcase time="0.00100000000000477" classname="character(0)" name="ard_stack_hierarchical_statistic_"/>
  </testsuite>
  <testsuite name="ard_stack_hierarchical" timestamp="2024-11-26T05:06:41Z" hostname="2cd6238c7897" tests="4" skipped="0" failures="0" errors="0" time="0.003">
    <testcase time="0.00199999999999534" classname="character(0)" name="ard_stack_hierarchical_count_variables_"/>
    <testcase time="0" classname="character(0)" name="ard_stack_hierarchical_count_variables_"/>
    <testcase time="0.000999999999997669" classname="character(0)" name="ard_stack_hierarchical_count_variables_"/>
    <testcase time="0" classname="character(0)" name="ard_stack_hierarchical_count_variables_"/>
  </testsuite>
  <testsuite name="ard_stack_hierarchical" timestamp="2024-11-26T05:06:41Z" hostname="2cd6238c7897" tests="4" skipped="0" failures="0" errors="0" time="0.002">
    <testcase time="0.00200000000000244" classname="character(0)" name="ard_stack_hierarchical_count_by_"/>
    <testcase time="0" classname="character(0)" name="ard_stack_hierarchical_count_by_"/>
    <testcase time="0" classname="character(0)" name="ard_stack_hierarchical_count_by_"/>
    <testcase time="0" classname="character(0)" name="ard_stack_hierarchical_count_by_"/>
  </testsuite>
  <testsuite name="ard_stack_hierarchical" timestamp="2024-11-26T05:06:41Z" hostname="2cd6238c7897" tests="1" skipped="0" failures="0" errors="0" time="0.002">
    <testcase time="0.00200000000000244" classname="character(0)" name="ard_stack_hierarchical_count_denominator_messaging"/>
  </testsuite>
  <testsuite name="ard_stack_hierarchical" timestamp="2024-11-26T05:06:41Z" hostname="2cd6238c7897" tests="3" skipped="0" failures="0" errors="0" time="0.003">
    <testcase time="0.00200000000000244" classname="character(0)" name="ard_stack_hierarchical_count_denominator_univariate_tabulations"/>
    <testcase time="0" classname="character(0)" name="ard_stack_hierarchical_count_denominator_univariate_tabulations"/>
    <testcase time="0.000999999999997669" classname="character(0)" name="ard_stack_hierarchical_count_denominator_univariate_tabulations"/>
  </testsuite>
  <testsuite name="ard_stack_hierarchical" timestamp="2024-11-26T05:06:41Z" hostname="2cd6238c7897" tests="2" skipped="0" failures="0" errors="0" time="0.002">
    <testcase time="0.00200000000000244" classname="character(0)" name="ard_stack_hierarchical_count_denominator_total_n_"/>
    <testcase time="0" classname="character(0)" name="ard_stack_hierarchical_count_denominator_total_n_"/>
  </testsuite>
  <testsuite name="ard_stack_hierarchical" timestamp="2024-11-26T05:06:41Z" hostname="2cd6238c7897" tests="1" skipped="0" failures="0" errors="0" time="0.002">
    <testcase time="0.00199999999999534" classname="character(0)" name="ard_stack_hierarchical_count_denominator_total_n_messaging"/>
  </testsuite>
  <testsuite name="ard_stack_hierarchical" timestamp="2024-11-26T05:06:41Z" hostname="2cd6238c7897" tests="1" skipped="0" failures="0" errors="0" time="0.002">
    <testcase time="0.00200000000000244" classname="character(0)" name="ard_stack_hierarchical_count_overall_denominator_messaging"/>
  </testsuite>
  <testsuite name="ard_stack_hierarchical" timestamp="2024-11-26T05:06:41Z" hostname="2cd6238c7897" tests="2" skipped="0" failures="0" errors="0" time="0.002">
    <testcase time="0.00200000000000244" classname="character(0)" name="ard_stack_hierarchical_count_overall_"/>
    <testcase time="0" classname="character(0)" name="ard_stack_hierarchical_count_overall_"/>
  </testsuite>
  <testsuite name="ard_stack_hierarchical" timestamp="2024-11-26T05:06:41Z" hostname="2cd6238c7897" tests="1" skipped="0" failures="0" errors="0" time="0.002">
    <testcase time="0.00199999999999534" classname="character(0)" name="ard_stack_hierarchical_count_over_variables_"/>
  </testsuite>
  <testsuite name="ard_stack_hierarchical" timestamp="2024-11-26T05:06:41Z" hostname="2cd6238c7897" tests="1" skipped="0" failures="0" errors="0" time="0.004">
    <testcase time="0.00400000000000489" classname="character(0)" name="ard_stack_hierarchical_count_overall_over_variables_"/>
  </testsuite>
  <testsuite name="ard_stack_hierarchical" timestamp="2024-11-26T05:06:41Z" hostname="2cd6238c7897" tests="1" skipped="0" failures="0" errors="0" time="0.002">
    <testcase time="0.00199999999999534" classname="character(0)" name="ard_stack_hierarchical_count_attributes_"/>
  </testsuite>
  <testsuite name="print" timestamp="2024-11-26T05:06:41Z" hostname="2cd6238c7897" tests="5" skipped="0" failures="0" errors="0" time="0.133">
    <testcase time="0.129000000000005" classname="character(0)" name="print.card_works"/>
    <testcase time="0.000999999999997669" classname="character(0)" name="print.card_works"/>
    <testcase time="0.000999999999997669" classname="character(0)" name="print.card_works"/>
    <testcase time="0.00100000000000477" classname="character(0)" name="print.card_works"/>
    <testcase time="0.000999999999997669" classname="character(0)" name="print.card_works"/>
  </testsuite>
  <testsuite name="process_selectors" timestamp="2024-11-26T05:06:42Z" hostname="2cd6238c7897" tests="3" skipped="0" failures="0" errors="0" time="0.371">
    <testcase time="0.369" classname="character(0)" name="process_selectors_works"/>
    <testcase time="0.000999999999997669" classname="character(0)" name="process_selectors_works"/>
    <testcase time="0.00100000000000477" classname="character(0)" name="process_selectors_works"/>
  </testsuite>
  <testsuite name="process_selectors" timestamp="2024-11-26T05:06:42Z" hostname="2cd6238c7897" tests="2" skipped="0" failures="0" errors="0" time="0.004">
    <testcase time="0.00300000000000011" classname="character(0)" name="process_formula_selectors_works"/>
    <testcase time="0.000999999999997669" classname="character(0)" name="process_formula_selectors_works"/>
  </testsuite>
  <testsuite name="process_selectors" timestamp="2024-11-26T05:06:42Z" hostname="2cd6238c7897" tests="2" skipped="0" failures="0" errors="0" time="0.003">
    <testcase time="0.00300000000000011" classname="character(0)" name="process_formula_selectors_error_messaging"/>
    <testcase time="0" classname="character(0)" name="process_formula_selectors_error_messaging"/>
  </testsuite>
  <testsuite name="process_selectors" timestamp="2024-11-26T05:06:42Z" hostname="2cd6238c7897" tests="7" skipped="0" failures="0" errors="0" time="0.008">
    <testcase time="0.00300000000000011" classname="character(0)" name="compute_formula_selector_selects_the_last_assignment_when_multiple_appear"/>
    <testcase time="0.000999999999997669" classname="character(0)" name="compute_formula_selector_selects_the_last_assignment_when_multiple_appear"/>
    <testcase time="0.00100000000000477" classname="character(0)" name="compute_formula_selector_selects_the_last_assignment_when_multiple_appear"/>
    <testcase time="0.000999999999997669" classname="character(0)" name="compute_formula_selector_selects_the_last_assignment_when_multiple_appear"/>
    <testcase time="0" classname="character(0)" name="compute_formula_selector_selects_the_last_assignment_when_multiple_appear"/>
    <testcase time="0.000999999999997669" classname="character(0)" name="compute_formula_selector_selects_the_last_assignment_when_multiple_appear"/>
    <testcase time="0.00100000000000477" classname="character(0)" name="compute_formula_selector_selects_the_last_assignment_when_multiple_appear"/>
  </testsuite>
  <testsuite name="process_selectors" timestamp="2024-11-26T05:06:42Z" hostname="2cd6238c7897" tests="1" skipped="0" failures="0" errors="0" time="0.003">
    <testcase time="0.00300000000000011" classname="character(0)" name="cards_select_deprecation_error_with_vars_"/>
  </testsuite>
  <testsuite name="rename_ard_columns" timestamp="2024-11-26T05:06:42Z" hostname="2cd6238c7897" tests="1" skipped="0" failures="0" errors="0" time="0.554">
    <testcase time="0.553999999999995" classname="character(0)" name="rename_ard_columns_columns_"/>
  </testsuite>
  <testsuite name="rename_ard_columns" timestamp="2024-11-26T05:06:42Z" hostname="2cd6238c7897" tests="1" skipped="0" failures="0" errors="0" time="0.004">
    <testcase time="0.00400000000000489" classname="character(0)" name="rename_ard_columns_unlist_"/>
  </testsuite>
  <testsuite name="rename_ard_columns" timestamp="2024-11-26T05:06:42Z" hostname="2cd6238c7897" tests="2" skipped="0" failures="0" errors="0" time="0.003">
    <testcase time="0.00300000000000011" classname="character(0)" name="rename_ard_columns_unlist_messaging"/>
    <testcase time="0" classname="character(0)" name="rename_ard_columns_unlist_messaging"/>
  </testsuite>
  <testsuite name="print_ard_conditions" timestamp="2024-11-26T05:06:42Z" hostname="2cd6238c7897" tests="5" skipped="0" failures="0" errors="0" time="0.038">
    <testcase time="0.0349999999999966" classname="character(0)" name="print_ard_conditions_works"/>
    <testcase time="0.000999999999997669" classname="character(0)" name="print_ard_conditions_works"/>
    <testcase time="0" classname="character(0)" name="print_ard_conditions_works"/>
    <testcase time="0.00100000000000477" classname="character(0)" name="print_ard_conditions_works"/>
    <testcase time="0.000999999999997669" classname="character(0)" name="print_ard_conditions_works"/>
  </testsuite>
  <testsuite name="print_ard_conditions" timestamp="2024-11-26T05:06:42Z" hostname="2cd6238c7897" tests="1" skipped="0" failures="0" errors="0" time="0.003">
    <testcase time="0.00300000000000011" classname="character(0)" name="print_ard_conditions_no_error_when_error_warning_columns_not_present"/>
  </testsuite>
  <testsuite name="print_ard_conditions" timestamp="2024-11-26T05:06:42Z" hostname="2cd6238c7897" tests="1" skipped="0" failures="0" errors="0" time="0.003">
    <testcase time="0.00300000000000011" classname="character(0)" name="print_ard_conditions_no_error_when_factors_are_present"/>
  </testsuite>
  <testsuite name="print_ard_conditions" timestamp="2024-11-26T05:06:42Z" hostname="2cd6238c7897" tests="1" skipped="0" failures="0" errors="0" time="0.002">
    <testcase time="0.00200000000000244" classname="character(0)" name="print_ard_conditions_works_when_curly_brackets_appear_in_condition_message"/>
  </testsuite>
  <testsuite name="replace_null_statistic" timestamp="2024-11-26T05:06:42Z" hostname="2cd6238c7897" tests="2" skipped="0" failures="0" errors="0" time="0.037">
    <testcase time="0.0359999999999943" classname="character(0)" name="replace_null_statistic_works"/>
    <testcase time="0.00100000000000477" classname="character(0)" name="replace_null_statistic_works"/>
  </testsuite>
  <testsuite name="round5" timestamp="2024-11-26T05:06:42Z" hostname="2cd6238c7897" tests="3" skipped="0" failures="0" errors="0" time="0.132">
    <testcase time="0.131" classname="character(0)" name="round5_works"/>
    <testcase time="0" classname="character(0)" name="round5_works"/>
    <testcase time="0.000999999999997669" classname="character(0)" name="round5_works"/>
  </testsuite>
  <testsuite name="selectors" timestamp="2024-11-26T05:06:44Z" hostname="2cd6238c7897" tests="10" skipped="0" failures="0" errors="0" time="1.262">
    <testcase time="1.255" classname="character(0)" name="selectors_work"/>
    <testcase time="0.000999999999997669" classname="character(0)" name="selectors_work"/>
    <testcase time="0.000999999999997669" classname="character(0)" name="selectors_work"/>
    <testcase time="0.00100000000000477" classname="character(0)" name="selectors_work"/>
    <testcase time="0.000999999999997669" classname="character(0)" name="selectors_work"/>
    <testcase time="0.000999999999997669" classname="character(0)" name="selectors_work"/>
    <testcase time="0.00100000000000477" classname="character(0)" name="selectors_work"/>
    <testcase time="0" classname="character(0)" name="selectors_work"/>
    <testcase time="0.000999999999997669" classname="character(0)" name="selectors_work"/>
    <testcase time="0" classname="character(0)" name="selectors_work"/>
  </testsuite>
  <testsuite name="shift_ard_columns" timestamp="2024-11-26T05:06:44Z" hostname="2cd6238c7897" tests="7" skipped="0" failures="0" errors="0" time="0.247">
    <testcase time="0.244" classname="character(0)" name="rename_ard_columns_works"/>
    <testcase time="0" classname="character(0)" name="rename_ard_columns_works"/>
    <testcase time="0.000999999999997669" classname="character(0)" name="rename_ard_columns_works"/>
    <testcase time="0" classname="character(0)" name="rename_ard_columns_works"/>
    <testcase time="0.00100000000000477" classname="character(0)" name="rename_ard_columns_works"/>
    <testcase time="0" classname="character(0)" name="rename_ard_columns_works"/>
    <testcase time="0.000999999999997669" classname="character(0)" name="rename_ard_columns_works"/>
  </testsuite>
  <testsuite name="tidy_ard_column_order" timestamp="2024-11-26T05:06:44Z" hostname="2cd6238c7897" tests="1" skipped="0" failures="0" errors="0" time="0.11">
    <testcase time="0.109999999999999" classname="character(0)" name="tidy_ard_column_order_works"/>
  </testsuite>
  <testsuite name="tidy_as_ard" timestamp="2024-11-26T05:06:44Z" hostname="2cd6238c7897" tests="4" skipped="0" failures="0" errors="0" time="0.319">
    <testcase time="0.317" classname="character(0)" name="tidy_as_ard_works"/>
    <testcase time="0.000999999999997669" classname="character(0)" name="tidy_as_ard_works"/>
    <testcase time="0" classname="character(0)" name="tidy_as_ard_works"/>
    <testcase time="0.00100000000000477" classname="character(0)" name="tidy_as_ard_works"/>
  </testsuite>
  <testsuite name="update_ard" timestamp="2024-11-26T05:06:45Z" hostname="2cd6238c7897" tests="2" skipped="0" failures="0" errors="0" time="1.012">
    <testcase time="1.011" classname="character(0)" name="update_ard_fmt_fn_"/>
    <testcase time="0.00100000000000477" classname="character(0)" name="update_ard_fmt_fn_"/>
  </testsuite>
  <testsuite name="update_ard" timestamp="2024-11-26T05:06:45Z" hostname="2cd6238c7897" tests="1" skipped="0" failures="0" errors="0" time="0.002">
    <testcase time="0.00199999999999534" classname="character(0)" name="update_ard_fmt_fn_filter_"/>
  </testsuite>
  <testsuite name="update_ard" timestamp="2024-11-26T05:06:45Z" hostname="2cd6238c7897" tests="2" skipped="0" failures="0" errors="0" time="0.002">
    <testcase time="0.00100000000000477" classname="character(0)" name="update_ard_fmt_fn_filter_messaging"/>
    <testcase time="0.000999999999997669" classname="character(0)" name="update_ard_fmt_fn_filter_messaging"/>
  </testsuite>
  <testsuite name="update_ard" timestamp="2024-11-26T05:06:45Z" hostname="2cd6238c7897" tests="1" skipped="0" failures="0" errors="0" time="0.002">
    <testcase time="0.00200000000000244" classname="character(0)" name="update_ard_stat_label_"/>
  </testsuite>
  <testsuite name="update_ard" timestamp="2024-11-26T05:06:45Z" hostname="2cd6238c7897" tests="1" skipped="0" failures="0" errors="0" time="0.002">
    <testcase time="0.00199999999999534" classname="character(0)" name="update_ard_stat_label_filter_"/>
  </testsuite>
  <testsuite name="update_ard" timestamp="2024-11-26T05:06:45Z" hostname="2cd6238c7897" tests="2" skipped="0" failures="0" errors="0" time="0.002">
    <testcase time="0.00200000000000244" classname="character(0)" name="update_ard_stat_label_filter_messaging"/>
    <testcase time="0" classname="character(0)" name="update_ard_stat_label_filter_messaging"/>
  </testsuite>
  <testsuite name="shuffle_ard" timestamp="2024-11-26T05:06:46Z" hostname="2cd6238c7897" tests="7" skipped="0" failures="0" errors="0" time="0.436">
    <testcase time="0.433999999999997" classname="character(0)" name="shuffle_trim_works"/>
    <testcase time="0" classname="character(0)" name="shuffle_trim_works"/>
    <testcase time="0.00100000000000477" classname="character(0)" name="shuffle_trim_works"/>
    <testcase time="0" classname="character(0)" name="shuffle_trim_works"/>
    <testcase time="0.000999999999997669" classname="character(0)" name="shuffle_trim_works"/>
    <testcase time="0" classname="character(0)" name="shuffle_trim_works"/>
    <testcase time="0" classname="character(0)" name="shuffle_trim_works"/>
  </testsuite>
  <testsuite name="shuffle_ard" timestamp="2024-11-26T05:06:46Z" hostname="2cd6238c7897" tests="1" skipped="0" failures="0" errors="0" time="0.001">
    <testcase time="0.00100000000000477" classname="character(0)" name="shuffle_ard_handles_protected_names"/>
  </testsuite>
  <testsuite name="shuffle_ard" timestamp="2024-11-26T05:06:46Z" hostname="2cd6238c7897" tests="1" skipped="0" failures="0" errors="0" time="0.002">
    <testcase time="0.00199999999999534" classname="character(0)" name="shuffle_ard_notifies_user_about_warnings_errors_before_dropping"/>
  </testsuite>
  <testsuite name="shuffle_ard" timestamp="2024-11-26T05:06:46Z" hostname="2cd6238c7897" tests="3" skipped="0" failures="0" errors="0" time="0.003">
    <testcase time="0.00200000000000244" classname="character(0)" name="shuffle_ard_fills_missing_group_levels_if_the_group_is_meaningful"/>
    <testcase time="0.000999999999997669" classname="character(0)" name="shuffle_ard_fills_missing_group_levels_if_the_group_is_meaningful"/>
    <testcase time="0" classname="character(0)" name="shuffle_ard_fills_missing_group_levels_if_the_group_is_meaningful"/>
  </testsuite>
  <testsuite name="shuffle_ard" timestamp="2024-11-26T05:06:46Z" hostname="2cd6238c7897" tests="2" skipped="0" failures="0" errors="0" time="0.002">
    <testcase time="0.00200000000000244" classname="character(0)" name="shuffle_ard_doesn_t_trim_off_NULL_NA_values"/>
    <testcase time="0" classname="character(0)" name="shuffle_ard_doesn_t_trim_off_NULL_NA_values"/>
  </testsuite>
  <testsuite name="shuffle_ard" timestamp="2024-11-26T05:06:46Z" hostname="2cd6238c7897" tests="1" skipped="0" failures="0" errors="0" time="0.002">
    <testcase time="0.00200000000000244" classname="character(0)" name="shuffle_ard_trims_statistics_with_length_1"/>
  </testsuite>
  <testsuite name="shuffle_ard" timestamp="2024-11-26T05:06:46Z" hostname="2cd6238c7897" tests="2" skipped="0" failures="0" errors="0" time="0.002">
    <testcase time="0.00199999999999534" classname="character(0)" name="shuffle_ard_coerces_all_factor_groups_variables_to_character"/>
    <testcase time="0" classname="character(0)" name="shuffle_ard_coerces_all_factor_groups_variables_to_character"/>
  </testsuite>
  <testsuite name="shuffle_ard" timestamp="2024-11-26T05:06:46Z" hostname="2cd6238c7897" tests="1" skipped="0" failures="0" errors="0" time="0.002">
    <testcase time="0.00200000000000244" classname="character(0)" name="shuffle_ard_fills_missing_group_levels_if_the_group_is_meaningful_for_cardx_output"/>
  </testsuite>
</testsuites>
