<?xml version="1.0" encoding="UTF-8"?>
<testsuites>
  <testsuite name="add_calculated_row" timestamp="2025-07-25T19:48:36Z" hostname="25971ef20d53" tests="2" skipped="0" failures="0" errors="0" time="1.347">
    <testcase time="1.332" classname="character(0)" name="add_calculated_row_x_"/>
    <testcase time="0.0150000000000001" classname="character(0)" name="add_calculated_row_x_"/>
  </testsuite>
  <testsuite name="add_calculated_row" timestamp="2025-07-25T19:48:36Z" hostname="25971ef20d53" tests="1" skipped="0" failures="0" errors="0" time="0.007">
    <testcase time="0.00699999999999967" classname="character(0)" name="add_calculated_row_expr_messaging"/>
  </testsuite>
  <testsuite name="add_calculated_row" timestamp="2025-07-25T19:48:36Z" hostname="25971ef20d53" tests="1" skipped="0" failures="0" errors="0" time="0.01">
    <testcase time="0.0100000000000002" classname="character(0)" name="add_calculated_row_by_messaging"/>
  </testsuite>
  <testsuite name="apply_fmt_fun" timestamp="2025-07-25T19:48:36Z" hostname="25971ef20d53" tests="2" skipped="0" failures="0" errors="0" time="0.018">
    <testcase time="0.0179999999999998" classname="character(0)" name="apply_fmt_fun_works"/>
    <testcase time="0" classname="character(0)" name="apply_fmt_fun_works"/>
  </testsuite>
  <testsuite name="apply_fmt_fun" timestamp="2025-07-25T19:48:36Z" hostname="25971ef20d53" tests="1" skipped="0" failures="0" errors="0" time="0.002">
    <testcase time="0.00200000000000022" classname="character(0)" name="apply_fmt_fun_works_with_integer_specification"/>
  </testsuite>
  <testsuite name="apply_fmt_fun" timestamp="2025-07-25T19:48:36Z" hostname="25971ef20d53" tests="3" skipped="0" failures="0" errors="0" time="0.002">
    <testcase time="0.00099999999999989" classname="character(0)" name="apply_fmt_fun_works_with_xx_specification"/>
    <testcase time="0.00099999999999989" classname="character(0)" name="apply_fmt_fun_works_with_xx_specification"/>
    <testcase time="0" classname="character(0)" name="apply_fmt_fun_works_with_xx_specification"/>
  </testsuite>
  <testsuite name="apply_fmt_fun" timestamp="2025-07-25T19:48:36Z" hostname="25971ef20d53" tests="4" skipped="0" failures="0" errors="0" time="0.003">
    <testcase time="0.00200000000000022" classname="character(0)" name="apply_fmt_fun_error_messaging"/>
    <testcase time="0" classname="character(0)" name="apply_fmt_fun_error_messaging"/>
    <testcase time="0.00099999999999989" classname="character(0)" name="apply_fmt_fun_error_messaging"/>
    <testcase time="0" classname="character(0)" name="apply_fmt_fun_error_messaging"/>
  </testsuite>
  <testsuite name="apply_fmt_fun" timestamp="2025-07-25T19:48:36Z" hostname="25971ef20d53" tests="2" skipped="0" failures="0" errors="0" time="0.002">
    <testcase time="0.00200000000000022" classname="character(0)" name="apply_fmt_fun_replace_"/>
    <testcase time="0" classname="character(0)" name="apply_fmt_fun_replace_"/>
  </testsuite>
  <testsuite name="ard_attributes" timestamp="2025-07-25T19:48:36Z" hostname="25971ef20d53" tests="1" skipped="0" failures="0" errors="0" time="0.224">
    <testcase time="0.224" classname="character(0)" name="ard_attributes_works"/>
  </testsuite>
  <testsuite name="ard_attributes" timestamp="2025-07-25T19:48:36Z" hostname="25971ef20d53" tests="1" skipped="0" failures="0" errors="0" time="0.003">
    <testcase time="0.00300000000000011" classname="character(0)" name="ard_attributes_errors_when_there_is_no_dataframe"/>
  </testsuite>
  <testsuite name="ard_attributes" timestamp="2025-07-25T19:48:36Z" hostname="25971ef20d53" tests="1" skipped="0" failures="0" errors="0" time="0.002">
    <testcase time="0.00199999999999978" classname="character(0)" name="ard_attributes_follows_ard_structure"/>
  </testsuite>
  <testsuite name="ard_attributes" timestamp="2025-07-25T19:48:36Z" hostname="25971ef20d53" tests="1" skipped="0" failures="0" errors="0" time="0.003">
    <testcase time="0.00300000000000011" classname="character(0)" name="ard_attributes_requires_label_as_a_named_list"/>
  </testsuite>
  <testsuite name="ard_complex" timestamp="2025-07-25T19:48:37Z" hostname="25971ef20d53" tests="5" skipped="0" failures="0" errors="0" time="1.158">
    <testcase time="1.155" classname="character(0)" name="ard_complex_works"/>
    <testcase time="0.00099999999999989" classname="character(0)" name="ard_complex_works"/>
    <testcase time="0.00099999999999989" classname="character(0)" name="ard_complex_works"/>
    <testcase time="0" classname="character(0)" name="ard_complex_works"/>
    <testcase time="0.00099999999999989" classname="character(0)" name="ard_complex_works"/>
  </testsuite>
  <testsuite name="ard_complex" timestamp="2025-07-25T19:48:38Z" hostname="25971ef20d53" tests="1" skipped="0" failures="0" errors="0" time="0.001">
    <testcase time="0.00100000000000033" classname="character(0)" name="ard_complex_messaging"/>
  </testsuite>
  <testsuite name="ard_complex" timestamp="2025-07-25T19:48:38Z" hostname="25971ef20d53" tests="1" skipped="0" failures="0" errors="0" time="0.002">
    <testcase time="0.00199999999999978" classname="character(0)" name="ard_complex_with_grouped_data_works"/>
  </testsuite>
  <testsuite name="ard_complex" timestamp="2025-07-25T19:48:38Z" hostname="25971ef20d53" tests="1" skipped="0" failures="0" errors="0" time="0.001">
    <testcase time="0.00099999999999989" classname="character(0)" name="ard_complex_follows_ard_structure"/>
  </testsuite>
  <testsuite name="ard_complex" timestamp="2025-07-25T19:48:38Z" hostname="25971ef20d53" tests="2" skipped="0" failures="0" errors="0" time="0.002">
    <testcase time="0.00200000000000022" classname="character(0)" name="ard_complex_errors_with_incorrect_factor_columns"/>
    <testcase time="0" classname="character(0)" name="ard_complex_errors_with_incorrect_factor_columns"/>
  </testsuite>
  <testsuite name="ard_complex" timestamp="2025-07-25T19:48:38Z" hostname="25971ef20d53" tests="2" skipped="0" failures="0" errors="0" time="0.002">
    <testcase time="0.00199999999999978" classname="character(0)" name="ard_complex_with_as_cards_fn_inputs"/>
    <testcase time="0" classname="character(0)" name="ard_complex_with_as_cards_fn_inputs"/>
  </testsuite>
  <testsuite name="ard_categorical" timestamp="2025-07-25T19:48:49Z" hostname="25971ef20d53" tests="8" skipped="0" failures="0" errors="0" time="11.118">
    <testcase time="11.111" classname="character(0)" name="ard_categorical_univariate"/>
    <testcase time="0.000999999999999446" classname="character(0)" name="ard_categorical_univariate"/>
    <testcase time="0.000999999999999446" classname="character(0)" name="ard_categorical_univariate"/>
    <testcase time="0.00100000000000122" classname="character(0)" name="ard_categorical_univariate"/>
    <testcase time="0.000999999999999446" classname="character(0)" name="ard_categorical_univariate"/>
    <testcase time="0.000999999999999446" classname="character(0)" name="ard_categorical_univariate"/>
    <testcase time="0.00100000000000122" classname="character(0)" name="ard_categorical_univariate"/>
    <testcase time="0.000999999999999446" classname="character(0)" name="ard_categorical_univariate"/>
  </testsuite>
  <testsuite name="ard_categorical" timestamp="2025-07-25T19:48:49Z" hostname="25971ef20d53" tests="5" skipped="0" failures="0" errors="0" time="0.006">
    <testcase time="0.00200000000000067" classname="character(0)" name="ard_categorical_univariate_specified_denomiator"/>
    <testcase time="0.000999999999999446" classname="character(0)" name="ard_categorical_univariate_specified_denomiator"/>
    <testcase time="0.000999999999999446" classname="character(0)" name="ard_categorical_univariate_specified_denomiator"/>
    <testcase time="0.00100000000000122" classname="character(0)" name="ard_categorical_univariate_specified_denomiator"/>
    <testcase time="0.000999999999999446" classname="character(0)" name="ard_categorical_univariate_specified_denomiator"/>
  </testsuite>
  <testsuite name="ard_categorical" timestamp="2025-07-25T19:48:49Z" hostname="25971ef20d53" tests="2" skipped="0" failures="0" errors="0" time="0.002">
    <testcase time="0.000999999999999446" classname="character(0)" name="ard_categorical_fmt_fun_argument_works"/>
    <testcase time="0.00100000000000122" classname="character(0)" name="ard_categorical_fmt_fun_argument_works"/>
  </testsuite>
  <testsuite name="ard_categorical" timestamp="2025-07-25T19:48:49Z" hostname="25971ef20d53" tests="8" skipped="0" failures="0" errors="0" time="0.005">
    <testcase time="0.000999999999999446" classname="character(0)" name="ard_categorical_with_strata_and_by_arguments"/>
    <testcase time="0.000999999999999446" classname="character(0)" name="ard_categorical_with_strata_and_by_arguments"/>
    <testcase time="0" classname="character(0)" name="ard_categorical_with_strata_and_by_arguments"/>
    <testcase time="0.000999999999999446" classname="character(0)" name="ard_categorical_with_strata_and_by_arguments"/>
    <testcase time="0" classname="character(0)" name="ard_categorical_with_strata_and_by_arguments"/>
    <testcase time="0.00100000000000122" classname="character(0)" name="ard_categorical_with_strata_and_by_arguments"/>
    <testcase time="0" classname="character(0)" name="ard_categorical_with_strata_and_by_arguments"/>
    <testcase time="0.000999999999999446" classname="character(0)" name="ard_categorical_with_strata_and_by_arguments"/>
  </testsuite>
  <testsuite name="ard_categorical" timestamp="2025-07-25T19:48:49Z" hostname="25971ef20d53" tests="3" skipped="0" failures="0" errors="0" time="0.002">
    <testcase time="0.000999999999999446" classname="character(0)" name="ard_categorical_stat_label_argument_works"/>
    <testcase time="0.00100000000000122" classname="character(0)" name="ard_categorical_stat_label_argument_works"/>
    <testcase time="0" classname="character(0)" name="ard_categorical_stat_label_argument_works"/>
  </testsuite>
  <testsuite name="ard_categorical" timestamp="2025-07-25T19:48:49Z" hostname="25971ef20d53" tests="5" skipped="0" failures="0" errors="0" time="0.003">
    <testcase time="0.000999999999999446" classname="character(0)" name="ard_categorical_denominator_cell_works"/>
    <testcase time="0.00100000000000122" classname="character(0)" name="ard_categorical_denominator_cell_works"/>
    <testcase time="0" classname="character(0)" name="ard_categorical_denominator_cell_works"/>
    <testcase time="0.000999999999999446" classname="character(0)" name="ard_categorical_denominator_cell_works"/>
    <testcase time="0" classname="character(0)" name="ard_categorical_denominator_cell_works"/>
  </testsuite>
  <testsuite name="ard_categorical" timestamp="2025-07-25T19:48:49Z" hostname="25971ef20d53" tests="9" skipped="0" failures="0" errors="0" time="0.006">
    <testcase time="0.00200000000000067" classname="character(0)" name="ard_categorical_denominator_row_works"/>
    <testcase time="0" classname="character(0)" name="ard_categorical_denominator_row_works"/>
    <testcase time="0.000999999999999446" classname="character(0)" name="ard_categorical_denominator_row_works"/>
    <testcase time="0" classname="character(0)" name="ard_categorical_denominator_row_works"/>
    <testcase time="0.000999999999999446" classname="character(0)" name="ard_categorical_denominator_row_works"/>
    <testcase time="0" classname="character(0)" name="ard_categorical_denominator_row_works"/>
    <testcase time="0.00100000000000122" classname="character(0)" name="ard_categorical_denominator_row_works"/>
    <testcase time="0" classname="character(0)" name="ard_categorical_denominator_row_works"/>
    <testcase time="0.000999999999999446" classname="character(0)" name="ard_categorical_denominator_row_works"/>
  </testsuite>
  <testsuite name="ard_categorical" timestamp="2025-07-25T19:48:49Z" hostname="25971ef20d53" tests="5" skipped="0" failures="0" errors="0" time="0.004">
    <testcase time="0.000999999999999446" classname="character(0)" name="ard_categorical_denominator_column_works"/>
    <testcase time="0.000999999999999446" classname="character(0)" name="ard_categorical_denominator_column_works"/>
    <testcase time="0.00100000000000122" classname="character(0)" name="ard_categorical_denominator_column_works"/>
    <testcase time="0" classname="character(0)" name="ard_categorical_denominator_column_works"/>
    <testcase time="0.000999999999999446" classname="character(0)" name="ard_categorical_denominator_column_works"/>
  </testsuite>
  <testsuite name="ard_categorical" timestamp="2025-07-25T19:48:49Z" hostname="25971ef20d53" tests="1" skipped="0" failures="0" errors="0" time="0.001">
    <testcase time="0.000999999999999446" classname="character(0)" name="ard_categorical_denominator_integer_works"/>
  </testsuite>
  <testsuite name="ard_categorical" timestamp="2025-07-25T19:48:49Z" hostname="25971ef20d53" tests="3" skipped="0" failures="0" errors="0" time="0.003">
    <testcase time="0.00200000000000067" classname="character(0)" name="ard_categorical_denominator_data_frame_with_counts_works"/>
    <testcase time="0" classname="character(0)" name="ard_categorical_denominator_data_frame_with_counts_works"/>
    <testcase time="0.000999999999999446" classname="character(0)" name="ard_categorical_denominator_data_frame_with_counts_works"/>
  </testsuite>
  <testsuite name="ard_categorical" timestamp="2025-07-25T19:48:49Z" hostname="25971ef20d53" tests="2" skipped="0" failures="0" errors="0" time="0.002">
    <testcase time="0.00100000000000122" classname="character(0)" name="ard_categorical_denominator_data_frame_without_counts_works"/>
    <testcase time="0.000999999999999446" classname="character(0)" name="ard_categorical_denominator_data_frame_without_counts_works"/>
  </testsuite>
  <testsuite name="ard_categorical" timestamp="2025-07-25T19:48:49Z" hostname="25971ef20d53" tests="2" skipped="0" failures="0" errors="0" time="0.002">
    <testcase time="0.000999999999999446" classname="character(0)" name="ard_categorical_and_ARD_column_names"/>
    <testcase time="0.00100000000000122" classname="character(0)" name="ard_categorical_and_ARD_column_names"/>
  </testsuite>
  <testsuite name="ard_categorical" timestamp="2025-07-25T19:48:49Z" hostname="25971ef20d53" tests="1" skipped="0" failures="0" errors="0" time="0.001">
    <testcase time="0.000999999999999446" classname="character(0)" name="ard_categorical_with_grouped_data_works"/>
  </testsuite>
  <testsuite name="ard_categorical" timestamp="2025-07-25T19:48:49Z" hostname="25971ef20d53" tests="1" skipped="0" failures="0" errors="0" time="0.002">
    <testcase time="0.00200000000000067" classname="character(0)" name="ard_categorical_and_all_NA_columns"/>
  </testsuite>
  <testsuite name="ard_categorical" timestamp="2025-07-25T19:48:49Z" hostname="25971ef20d53" tests="4" skipped="0" failures="0" errors="0" time="0.003">
    <testcase time="0.000999999999999446" classname="character(0)" name="ard_categorical_can_handle_non_syntactic_column_names"/>
    <testcase time="0.000999999999999446" classname="character(0)" name="ard_categorical_can_handle_non_syntactic_column_names"/>
    <testcase time="0" classname="character(0)" name="ard_categorical_can_handle_non_syntactic_column_names"/>
    <testcase time="0.000999999999999446" classname="character(0)" name="ard_categorical_can_handle_non_syntactic_column_names"/>
  </testsuite>
  <testsuite name="ard_categorical" timestamp="2025-07-25T19:48:49Z" hostname="25971ef20d53" tests="1" skipped="0" failures="0" errors="0" time="0.001">
    <testcase time="0.00100000000000122" classname="character(0)" name="ard_categorical_strata_returns_results_in_proper_order"/>
  </testsuite>
  <testsuite name="ard_categorical" timestamp="2025-07-25T19:48:49Z" hostname="25971ef20d53" tests="2" skipped="0" failures="0" errors="0" time="0.001">
    <testcase time="0.000999999999999446" classname="character(0)" name="ard_categorical_by_messages_about_protected_names"/>
    <testcase time="0" classname="character(0)" name="ard_categorical_by_messages_about_protected_names"/>
  </testsuite>
  <testsuite name="ard_categorical" timestamp="2025-07-25T19:48:49Z" hostname="25971ef20d53" tests="15" skipped="0" failures="0" errors="0" time="0.011">
    <testcase time="0.00300000000000011" classname="character(0)" name="ard_categorical_works_when_using_generic_names_"/>
    <testcase time="0.000999999999999446" classname="character(0)" name="ard_categorical_works_when_using_generic_names_"/>
    <testcase time="0" classname="character(0)" name="ard_categorical_works_when_using_generic_names_"/>
    <testcase time="0.000999999999999446" classname="character(0)" name="ard_categorical_works_when_using_generic_names_"/>
    <testcase time="0.00100000000000122" classname="character(0)" name="ard_categorical_works_when_using_generic_names_"/>
    <testcase time="0" classname="character(0)" name="ard_categorical_works_when_using_generic_names_"/>
    <testcase time="0.000999999999999446" classname="character(0)" name="ard_categorical_works_when_using_generic_names_"/>
    <testcase time="0" classname="character(0)" name="ard_categorical_works_when_using_generic_names_"/>
    <testcase time="0.000999999999999446" classname="character(0)" name="ard_categorical_works_when_using_generic_names_"/>
    <testcase time="0" classname="character(0)" name="ard_categorical_works_when_using_generic_names_"/>
    <testcase time="0.00100000000000122" classname="character(0)" name="ard_categorical_works_when_using_generic_names_"/>
    <testcase time="0" classname="character(0)" name="ard_categorical_works_when_using_generic_names_"/>
    <testcase time="0.000999999999999446" classname="character(0)" name="ard_categorical_works_when_using_generic_names_"/>
    <testcase time="0" classname="character(0)" name="ard_categorical_works_when_using_generic_names_"/>
    <testcase time="0.000999999999999446" classname="character(0)" name="ard_categorical_works_when_using_generic_names_"/>
  </testsuite>
  <testsuite name="ard_categorical" timestamp="2025-07-25T19:48:49Z" hostname="25971ef20d53" tests="2" skipped="0" failures="0" errors="0" time="0.002">
    <testcase time="0.00200000000000067" classname="character(0)" name="ard_categorical_by_messages_about_protected_names"/>
    <testcase time="0" classname="character(0)" name="ard_categorical_by_messages_about_protected_names"/>
  </testsuite>
  <testsuite name="ard_categorical" timestamp="2025-07-25T19:48:49Z" hostname="25971ef20d53" tests="1" skipped="0" failures="0" errors="0" time="0.002">
    <testcase time="0.00199999999999889" classname="character(0)" name="ard_categorical_follows_ard_structure"/>
  </testsuite>
  <testsuite name="ard_categorical" timestamp="2025-07-25T19:48:49Z" hostname="25971ef20d53" tests="2" skipped="0" failures="0" errors="0" time="0.002">
    <testcase time="0.00100000000000122" classname="character(0)" name="ard_categorical_with_hms_times"/>
    <testcase time="0.000999999999999446" classname="character(0)" name="ard_categorical_with_hms_times"/>
  </testsuite>
  <testsuite name="ard_categorical" timestamp="2025-07-25T19:48:49Z" hostname="25971ef20d53" tests="2" skipped="0" failures="0" errors="0" time="0.002">
    <testcase time="0.000999999999999446" classname="character(0)" name="ard_categorical_errors_with_incomplete_factor_columns"/>
    <testcase time="0.00100000000000122" classname="character(0)" name="ard_categorical_errors_with_incomplete_factor_columns"/>
  </testsuite>
  <testsuite name="ard_categorical" timestamp="2025-07-25T19:48:49Z" hostname="25971ef20d53" tests="13" skipped="0" failures="0" errors="0" time="0.008">
    <testcase time="0.000999999999999446" classname="character(0)" name="ard_categorical_denominator_column_with_cumulative_counts"/>
    <testcase time="0.000999999999999446" classname="character(0)" name="ard_categorical_denominator_column_with_cumulative_counts"/>
    <testcase time="0.00100000000000122" classname="character(0)" name="ard_categorical_denominator_column_with_cumulative_counts"/>
    <testcase time="0" classname="character(0)" name="ard_categorical_denominator_column_with_cumulative_counts"/>
    <testcase time="0.000999999999999446" classname="character(0)" name="ard_categorical_denominator_column_with_cumulative_counts"/>
    <testcase time="0" classname="character(0)" name="ard_categorical_denominator_column_with_cumulative_counts"/>
    <testcase time="0.000999999999999446" classname="character(0)" name="ard_categorical_denominator_column_with_cumulative_counts"/>
    <testcase time="0" classname="character(0)" name="ard_categorical_denominator_column_with_cumulative_counts"/>
    <testcase time="0.00100000000000122" classname="character(0)" name="ard_categorical_denominator_column_with_cumulative_counts"/>
    <testcase time="0" classname="character(0)" name="ard_categorical_denominator_column_with_cumulative_counts"/>
    <testcase time="0.000999999999999446" classname="character(0)" name="ard_categorical_denominator_column_with_cumulative_counts"/>
    <testcase time="0" classname="character(0)" name="ard_categorical_denominator_column_with_cumulative_counts"/>
    <testcase time="0.000999999999999446" classname="character(0)" name="ard_categorical_denominator_column_with_cumulative_counts"/>
  </testsuite>
  <testsuite name="ard_categorical" timestamp="2025-07-25T19:48:49Z" hostname="25971ef20d53" tests="6" skipped="0" failures="0" errors="0" time="0.004">
    <testcase time="0.00200000000000067" classname="character(0)" name="ard_categorical_denominator_row_with_cumulative_counts"/>
    <testcase time="0" classname="character(0)" name="ard_categorical_denominator_row_with_cumulative_counts"/>
    <testcase time="0.000999999999999446" classname="character(0)" name="ard_categorical_denominator_row_with_cumulative_counts"/>
    <testcase time="0" classname="character(0)" name="ard_categorical_denominator_row_with_cumulative_counts"/>
    <testcase time="0.000999999999999446" classname="character(0)" name="ard_categorical_denominator_row_with_cumulative_counts"/>
    <testcase time="0" classname="character(0)" name="ard_categorical_denominator_row_with_cumulative_counts"/>
  </testsuite>
  <testsuite name="ard_categorical" timestamp="2025-07-25T19:48:49Z" hostname="25971ef20d53" tests="1" skipped="0" failures="0" errors="0" time="0.002">
    <testcase time="0.00200000000000067" classname="character(0)" name="ard_categorical_with_cumulative_counts_messaging"/>
  </testsuite>
  <testsuite name="ard_categorical" timestamp="2025-07-25T19:48:49Z" hostname="25971ef20d53" tests="1" skipped="0" failures="0" errors="0" time="0.001">
    <testcase time="0.000999999999999446" classname="character(0)" name="ard_categorical_ordering_for_multiple_strata"/>
  </testsuite>
  <testsuite name="ard_dichotomous" timestamp="2025-07-25T19:48:50Z" hostname="25971ef20d53" tests="5" skipped="0" failures="0" errors="0" time="1.154">
    <testcase time="1.15" classname="character(0)" name="ard_dichotomous_works"/>
    <testcase time="0.000999999999999446" classname="character(0)" name="ard_dichotomous_works"/>
    <testcase time="0.00100000000000122" classname="character(0)" name="ard_dichotomous_works"/>
    <testcase time="0.000999999999999446" classname="character(0)" name="ard_dichotomous_works"/>
    <testcase time="0.000999999999999446" classname="character(0)" name="ard_dichotomous_works"/>
  </testsuite>
  <testsuite name="ard_dichotomous" timestamp="2025-07-25T19:48:50Z" hostname="25971ef20d53" tests="3" skipped="0" failures="0" errors="0" time="0.005">
    <testcase time="0.00300000000000011" classname="character(0)" name="ard_dichotomous_works"/>
    <testcase time="0.00100000000000122" classname="character(0)" name="ard_dichotomous_works"/>
    <testcase time="0.000999999999999446" classname="character(0)" name="ard_dichotomous_works"/>
  </testsuite>
  <testsuite name="ard_dichotomous" timestamp="2025-07-25T19:48:50Z" hostname="25971ef20d53" tests="1" skipped="0" failures="0" errors="0" time="0.002">
    <testcase time="0.00200000000000067" classname="character(0)" name="ard_dichotomous_with_grouped_data_works"/>
  </testsuite>
  <testsuite name="ard_dichotomous" timestamp="2025-07-25T19:48:50Z" hostname="25971ef20d53" tests="1" skipped="0" failures="0" errors="0" time="0.005">
    <testcase time="0.00499999999999901" classname="character(0)" name="ard_dichotomous_follows_ard_structure"/>
  </testsuite>
  <testsuite name="ard_dichotomous" timestamp="2025-07-25T19:48:50Z" hostname="25971ef20d53" tests="2" skipped="0" failures="0" errors="0" time="0.002">
    <testcase time="0.00200000000000067" classname="character(0)" name="ard_dichotomous_errors_with_incomplete_factor_columns"/>
    <testcase time="0" classname="character(0)" name="ard_dichotomous_errors_with_incomplete_factor_columns"/>
  </testsuite>
  <testsuite name="ard_formals" timestamp="2025-07-25T19:48:50Z" hostname="25971ef20d53" tests="2" skipped="0" failures="0" errors="0" time="0.133">
    <testcase time="0.132" classname="character(0)" name="ard_formals_works"/>
    <testcase time="0.000999999999999446" classname="character(0)" name="ard_formals_works"/>
  </testsuite>
  <testsuite name="ard_hierarchical" timestamp="2025-07-25T19:49:00Z" hostname="25971ef20d53" tests="3" skipped="0" failures="0" errors="0" time="9.793">
    <testcase time="9.791" classname="character(0)" name="ard_hierarchical_works_without_by_variables"/>
    <testcase time="0.000999999999997669" classname="character(0)" name="ard_hierarchical_works_without_by_variables"/>
    <testcase time="0.00100000000000122" classname="character(0)" name="ard_hierarchical_works_without_by_variables"/>
  </testsuite>
  <testsuite name="ard_hierarchical" timestamp="2025-07-25T19:49:00Z" hostname="25971ef20d53" tests="2" skipped="0" failures="0" errors="0" time="0.003">
    <testcase time="0.00199999999999889" classname="character(0)" name="ard_hierarchical_works_with_by_variable"/>
    <testcase time="0.00100000000000122" classname="character(0)" name="ard_hierarchical_works_with_by_variable"/>
  </testsuite>
  <testsuite name="ard_hierarchical" timestamp="2025-07-25T19:49:00Z" hostname="25971ef20d53" tests="2" skipped="0" failures="0" errors="0" time="0.003">
    <testcase time="0.00300000000000011" classname="character(0)" name="ard_hierarchical_works_with_by_variable_not_present_in_denominator_"/>
    <testcase time="0" classname="character(0)" name="ard_hierarchical_works_with_by_variable_not_present_in_denominator_"/>
  </testsuite>
  <testsuite name="ard_hierarchical" timestamp="2025-07-25T19:49:00Z" hostname="25971ef20d53" tests="1" skipped="0" failures="0" errors="0" time="0.002">
    <testcase time="0.00199999999999889" classname="character(0)" name="ard_hierarchical_works_without_any_variables"/>
  </testsuite>
  <testsuite name="ard_hierarchical" timestamp="2025-07-25T19:49:00Z" hostname="25971ef20d53" tests="2" skipped="0" failures="0" errors="0" time="0.004">
    <testcase time="0.00400000000000134" classname="character(0)" name="ard_hierarchical_id_argument_works"/>
    <testcase time="0" classname="character(0)" name="ard_hierarchical_id_argument_works"/>
  </testsuite>
  <testsuite name="ard_hierarchical" timestamp="2025-07-25T19:49:00Z" hostname="25971ef20d53" tests="4" skipped="0" failures="0" errors="0" time="0.004">
    <testcase time="0.00199999999999889" classname="character(0)" name="ard_hierarchical_count_works_without_by_variables"/>
    <testcase time="0" classname="character(0)" name="ard_hierarchical_count_works_without_by_variables"/>
    <testcase time="0.00100000000000122" classname="character(0)" name="ard_hierarchical_count_works_without_by_variables"/>
    <testcase time="0.00100000000000122" classname="character(0)" name="ard_hierarchical_count_works_without_by_variables"/>
  </testsuite>
  <testsuite name="ard_hierarchical" timestamp="2025-07-25T19:49:00Z" hostname="25971ef20d53" tests="2" skipped="0" failures="0" errors="0" time="0.002">
    <testcase time="0.000999999999997669" classname="character(0)" name="ard_hierarchical_count_works_with_by_variable"/>
    <testcase time="0.00100000000000122" classname="character(0)" name="ard_hierarchical_count_works_with_by_variable"/>
  </testsuite>
  <testsuite name="ard_hierarchical" timestamp="2025-07-25T19:49:00Z" hostname="25971ef20d53" tests="2" skipped="0" failures="0" errors="0" time="0.002">
    <testcase time="0.00100000000000122" classname="character(0)" name="ard_hierarchical_count_works_with_by_variable_not_present_in_denominator_"/>
    <testcase time="0.000999999999997669" classname="character(0)" name="ard_hierarchical_count_works_with_by_variable_not_present_in_denominator_"/>
  </testsuite>
  <testsuite name="ard_hierarchical" timestamp="2025-07-25T19:49:00Z" hostname="25971ef20d53" tests="1" skipped="0" failures="0" errors="0" time="0.001">
    <testcase time="0.00100000000000122" classname="character(0)" name="ard_hierarchical_count_works_without_any_variables"/>
  </testsuite>
  <testsuite name="ard_hierarchical" timestamp="2025-07-25T19:49:00Z" hostname="25971ef20d53" tests="2" skipped="0" failures="0" errors="0" time="0.002">
    <testcase time="0.00199999999999889" classname="character(0)" name="ard_hierarchical_and_ard_hierarchical_count_with_grouped_data_works"/>
    <testcase time="0" classname="character(0)" name="ard_hierarchical_and_ard_hierarchical_count_with_grouped_data_works"/>
  </testsuite>
  <testsuite name="ard_hierarchical" timestamp="2025-07-25T19:49:00Z" hostname="25971ef20d53" tests="1" skipped="0" failures="0" errors="0" time="0.002">
    <testcase time="0.00199999999999889" classname="character(0)" name="ard_hierarchical_follows_ard_structure"/>
  </testsuite>
  <testsuite name="ard_hierarchical" timestamp="2025-07-25T19:49:00Z" hostname="25971ef20d53" tests="2" skipped="0" failures="0" errors="0" time="0.002">
    <testcase time="0.00200000000000244" classname="character(0)" name="ard_hierarchical_errors_with_incomplete_factor_columns"/>
    <testcase time="0" classname="character(0)" name="ard_hierarchical_errors_with_incomplete_factor_columns"/>
  </testsuite>
  <testsuite name="ard_hierarchical" timestamp="2025-07-25T19:49:00Z" hostname="25971ef20d53" tests="2" skipped="0" failures="0" errors="0" time="0.002">
    <testcase time="0.00199999999999889" classname="character(0)" name="ard_hierarchical_count_errors_with_incomplete_factor_columns"/>
    <testcase time="0" classname="character(0)" name="ard_hierarchical_count_errors_with_incomplete_factor_columns"/>
  </testsuite>
  <testsuite name="ard_hierarchical" timestamp="2025-07-25T19:49:00Z" hostname="25971ef20d53" tests="3" skipped="0" failures="0" errors="0" time="0.003">
    <testcase time="0.00199999999999889" classname="character(0)" name="ard_hierarchical_count_provides_correct_results_with_10_groups"/>
    <testcase time="0" classname="character(0)" name="ard_hierarchical_count_provides_correct_results_with_10_groups"/>
    <testcase time="0.00100000000000122" classname="character(0)" name="ard_hierarchical_count_provides_correct_results_with_10_groups"/>
  </testsuite>
  <testsuite name="ard_identity" timestamp="2025-07-25T19:49:00Z" hostname="25971ef20d53" tests="3" skipped="0" failures="0" errors="0" time="0.209">
    <testcase time="0.207000000000001" classname="character(0)" name="ard_identity_works"/>
    <testcase time="0.000999999999997669" classname="character(0)" name="ard_identity_works"/>
    <testcase time="0.00100000000000122" classname="character(0)" name="ard_identity_works"/>
  </testsuite>
  <testsuite name="ard_identity" timestamp="2025-07-25T19:49:00Z" hostname="25971ef20d53" tests="1" skipped="0" failures="0" errors="0" time="0.003">
    <testcase time="0.00300000000000011" classname="character(0)" name="ard_identity_messaging"/>
  </testsuite>
  <testsuite name="ard_missing" timestamp="2025-07-25T19:49:01Z" hostname="25971ef20d53" tests="3" skipped="0" failures="0" errors="0" time="0.717">
    <testcase time="0.715" classname="character(0)" name="ard_missing_works"/>
    <testcase time="0.00100000000000122" classname="character(0)" name="ard_missing_works"/>
    <testcase time="0.000999999999997669" classname="character(0)" name="ard_missing_works"/>
  </testsuite>
  <testsuite name="ard_missing" timestamp="2025-07-25T19:49:01Z" hostname="25971ef20d53" tests="3" skipped="0" failures="0" errors="0" time="0.005">
    <testcase time="0.00300000000000011" classname="character(0)" name="ard_missing_stat_label_argument_works"/>
    <testcase time="0.00100000000000122" classname="character(0)" name="ard_missing_stat_label_argument_works"/>
    <testcase time="0.00100000000000122" classname="character(0)" name="ard_missing_stat_label_argument_works"/>
  </testsuite>
  <testsuite name="ard_missing" timestamp="2025-07-25T19:49:01Z" hostname="25971ef20d53" tests="1" skipped="0" failures="0" errors="0" time="0.003">
    <testcase time="0.00300000000000011" classname="character(0)" name="ard_missing_with_grouped_data_works"/>
  </testsuite>
  <testsuite name="ard_missing" timestamp="2025-07-25T19:49:01Z" hostname="25971ef20d53" tests="1" skipped="0" failures="0" errors="0" time="0.003">
    <testcase time="0.00300000000000011" classname="character(0)" name="ard_missing_follows_ard_structure"/>
  </testsuite>
  <testsuite name="ard_pairwise" timestamp="2025-07-25T19:49:01Z" hostname="25971ef20d53" tests="4" skipped="0" failures="0" errors="0" time="0.698">
    <testcase time="0.695" classname="character(0)" name="ard_pairwise_works"/>
    <testcase time="0.000999999999997669" classname="character(0)" name="ard_pairwise_works"/>
    <testcase time="0.00100000000000122" classname="character(0)" name="ard_pairwise_works"/>
    <testcase time="0.00100000000000122" classname="character(0)" name="ard_pairwise_works"/>
  </testsuite>
  <testsuite name="ard_pairwise" timestamp="2025-07-25T19:49:01Z" hostname="25971ef20d53" tests="4" skipped="0" failures="0" errors="0" time="0.006">
    <testcase time="0.00300000000000011" classname="character(0)" name="ard_pairwise_variable_"/>
    <testcase time="0.000999999999997669" classname="character(0)" name="ard_pairwise_variable_"/>
    <testcase time="0.00100000000000122" classname="character(0)" name="ard_pairwise_variable_"/>
    <testcase time="0.00100000000000122" classname="character(0)" name="ard_pairwise_variable_"/>
  </testsuite>
  <testsuite name="ard_pairwise" timestamp="2025-07-25T19:49:01Z" hostname="25971ef20d53" tests="2" skipped="0" failures="0" errors="0" time="0.004">
    <testcase time="0.00299999999999656" classname="character(0)" name="ard_pairwise_variable_messaging"/>
    <testcase time="0.00100000000000122" classname="character(0)" name="ard_pairwise_variable_messaging"/>
  </testsuite>
  <testsuite name="ard_pairwise" timestamp="2025-07-25T19:49:01Z" hostname="25971ef20d53" tests="2" skipped="0" failures="0" errors="0" time="0.004">
    <testcase time="0.00300000000000011" classname="character(0)" name="ard_pairwise_include_"/>
    <testcase time="0.00100000000000122" classname="character(0)" name="ard_pairwise_include_"/>
  </testsuite>
  <testsuite name="ard_pairwise" timestamp="2025-07-25T19:49:01Z" hostname="25971ef20d53" tests="1" skipped="0" failures="0" errors="0" time="0.003">
    <testcase time="0.00300000000000011" classname="character(0)" name="ard_pairwise_.f_messaging"/>
  </testsuite>
  <testsuite name="ard_pairwise" timestamp="2025-07-25T19:49:01Z" hostname="25971ef20d53" tests="2" skipped="0" failures="0" errors="0" time="0.003">
    <testcase time="0.00199999999999889" classname="character(0)" name="ard_pairwise_include_messaging"/>
    <testcase time="0.00100000000000122" classname="character(0)" name="ard_pairwise_include_messaging"/>
  </testsuite>
  <testsuite name="ard_stack" timestamp="2025-07-25T19:49:12Z" hostname="25971ef20d53" tests="7" skipped="0" failures="0" errors="0" time="10.398">
    <testcase time="10.396" classname="character(0)" name="ard_stack_works"/>
    <testcase time="0" classname="character(0)" name="ard_stack_works"/>
    <testcase time="0.000999999999997669" classname="character(0)" name="ard_stack_works"/>
    <testcase time="0" classname="character(0)" name="ard_stack_works"/>
    <testcase time="0.000999999999997669" classname="character(0)" name="ard_stack_works"/>
    <testcase time="0" classname="character(0)" name="ard_stack_works"/>
    <testcase time="0" classname="character(0)" name="ard_stack_works"/>
  </testsuite>
  <testsuite name="ard_stack" timestamp="2025-07-25T19:49:12Z" hostname="25971ef20d53" tests="2" skipped="0" failures="0" errors="0" time="0.002">
    <testcase time="0.00199999999999534" classname="character(0)" name="ard_stack_adding_overalls"/>
    <testcase time="0" classname="character(0)" name="ard_stack_adding_overalls"/>
  </testsuite>
  <testsuite name="ard_stack" timestamp="2025-07-25T19:49:12Z" hostname="25971ef20d53" tests="4" skipped="0" failures="0" errors="0" time="0.004">
    <testcase time="0.00200000000000244" classname="character(0)" name="ard_stack_adding_missing_attributes"/>
    <testcase time="0.000999999999997669" classname="character(0)" name="ard_stack_adding_missing_attributes"/>
    <testcase time="0" classname="character(0)" name="ard_stack_adding_missing_attributes"/>
    <testcase time="0.00100000000000477" classname="character(0)" name="ard_stack_adding_missing_attributes"/>
  </testsuite>
  <testsuite name="ard_stack" timestamp="2025-07-25T19:49:12Z" hostname="25971ef20d53" tests="4" skipped="0" failures="0" errors="0" time="0.003">
    <testcase time="0.00199999999999534" classname="character(0)" name="ard_stack_.shuffle_argument"/>
    <testcase time="0" classname="character(0)" name="ard_stack_.shuffle_argument"/>
    <testcase time="0.00100000000000477" classname="character(0)" name="ard_stack_.shuffle_argument"/>
    <testcase time="0" classname="character(0)" name="ard_stack_.shuffle_argument"/>
  </testsuite>
  <testsuite name="ard_stack" timestamp="2025-07-25T19:49:12Z" hostname="25971ef20d53" tests="1" skipped="0" failures="0" errors="0" time="0.002">
    <testcase time="0.00199999999999534" classname="character(0)" name="ard_stack_adding_total_N"/>
  </testsuite>
  <testsuite name="ard_stack" timestamp="2025-07-25T19:49:12Z" hostname="25971ef20d53" tests="1" skipped="0" failures="0" errors="0" time="0.002">
    <testcase time="0.00200000000000244" classname="character(0)" name="ard_stack_works_with_namespaced_functions"/>
  </testsuite>
  <testsuite name="ard_stack" timestamp="2025-07-25T19:49:12Z" hostname="25971ef20d53" tests="2" skipped="0" failures="0" errors="0" time="0.002">
    <testcase time="0.00200000000000244" classname="character(0)" name="ard_stack_messaging"/>
    <testcase time="0" classname="character(0)" name="ard_stack_messaging"/>
  </testsuite>
  <testsuite name="ard_stack" timestamp="2025-07-25T19:49:12Z" hostname="25971ef20d53" tests="1" skipped="0" failures="0" errors="0" time="0.002">
    <testcase time="0.00199999999999534" classname="character(0)" name="ard_stack_complex_call_error"/>
  </testsuite>
  <testsuite name="ard_stack" timestamp="2025-07-25T19:49:12Z" hostname="25971ef20d53" tests="1" skipped="0" failures="0" errors="0" time="0.001">
    <testcase time="0.00100000000000477" classname="character(0)" name="ard_stack_follows_ard_structure"/>
  </testsuite>
  <testsuite name="ard_stack" timestamp="2025-07-25T19:49:12Z" hostname="25971ef20d53" tests="2" skipped="0" failures="0" errors="0" time="0.003">
    <testcase time="0.00199999999999534" classname="character(0)" name="ard_stack_.by_messaging"/>
    <testcase time="0.00100000000000477" classname="character(0)" name="ard_stack_.by_messaging"/>
  </testsuite>
  <testsuite name="ard_stack" timestamp="2025-07-25T19:49:12Z" hostname="25971ef20d53" tests="6" skipped="0" failures="1" errors="0" time="0.044">
    <testcase time="0.000999999999997669" classname="character(0)" name="ard_stack_.by_stats_argument"/>
    <testcase time="0.000999999999997669" classname="character(0)" name="ard_stack_.by_stats_argument"/>
    <testcase time="0" classname="character(0)" name="ard_stack_.by_stats_argument"/>
    <testcase time="0" classname="character(0)" name="ard_stack_.by_stats_argument">
      <failure type="failure" message="`ard_test` (`actual`) not equal to bind_ard(...) (`expected`). ('test-ard_stack.R:361:3')">`ard_test` (`actual`) not equal to bind_ard(...) (`expected`).

`actual` is length 13
`expected` is length 11

    names(actual)    | names(expected)     
[1] "group1"         | "group1"         [1]
[2] "group1_level"   | "group1_level"   [2]
[3] "group2"         -                     
[4] "group2_level"   -                     
[5] "variable"       | "variable"       [3]
[6] "variable_level" | "variable_level" [4]
[7] "context"        | "context"        [5]

     attr(actual, 'row.names') | attr(expected, 'row.names')     
[46] 46                        | 46                          [46]
[47] 47                        | 47                          [47]
[48] 48                        | 48                          [48]
[49] 49                        -                                 
[50] 50                        -                                 
[51] 51                        -                                 
[52] 52                        -                                 
[53] 53                        -                                 
[54] 54                        -                                 
[55] 55                        -                                 
[56] 56                        -                                 
[57] 57                        -                                 
[58] 58                        -                                 
[59] 59                        -                                 
[60] 60                        -                                 
[61] 61                        -                                 
[62] 62                        -                                 
[63] 63                        -                                 
[64] 64                        -                                 
[65] 65                        -                                 
[66] 66                        -                                 
[67] 67                        -                                 
[68] 68                        -                                 
[69] 69                        -                                 
[70] 70                        -                                 
[71] 71                        -                                 
[72] 72                        -                                 
[73] 73                        -                                 
[74] 74                        -                                 
[75] 75                        -                                 
[76] 76                        -                                 
[77] 77                        -                                 
[78] 78                        -                                 
[79] 79                        -                                 
[80] 80                        -                                 
[81] 81                        -                                 

     actual$group1 | expected$group1     
 [1] "am"          - "cyl"           [1] 
 [2] "am"          - "cyl"           [2] 
 [3] "am"          - "cyl"           [3] 
 [4] "am"          - "cyl"           [4] 
 [5] "am"          - "cyl"           [5] 
 [6] "am"          - "cyl"           [6] 
 [7] "am"          - "cyl"           [7] 
 [8] "am"          - "cyl"           [8] 
 [9] "am"          - "cyl"           [9] 
[10] "am"          - "cyl"           [10]
[11] "am"          - "cyl"           [11]
[12] "am"          - "cyl"           [12]
[13] "am"          - "cyl"           [13]
[14] "am"          - "cyl"           [14]
[15] "am"          - "cyl"           [15]
[16] "am"          - "cyl"           [16]
[17] "am"          - "cyl"           [17]
[18] "am"          - "cyl"           [18]
[19] "am"          - "cyl"           [19]
[20] "am"          - "cyl"           [20]
[21] "am"          - "cyl"           [21]
[22] "am"          - "cyl"           [22]
[23] "am"          - "cyl"           [23]
[24] "am"          - "cyl"           [24]
[25] "am"          - "cyl"           [25]
[26] "am"          - "cyl"           [26]
[27] "am"          - "cyl"           [27]
[28] "am"          - "cyl"           [28]
[29] "am"          - "cyl"           [29]
[30] "am"          - "cyl"           [30]
[31] "am"          - "cyl"           [31]
[32] "am"          - "cyl"           [32]
[33] "am"          - "cyl"           [33]
[34] "am"          -                     
[35] "am"          -                     
[36] "am"          -                     
[37] "am"          -                     
[38] "am"          -                     
[39] "am"          -                     
[40] "am"          -                     
[41] "am"          -                     
[42] "am"          -                     
[43] "am"          -                     
[44] "am"          -                     
[45] "am"          -                     
[46] "am"          -                     
[47] "am"          -                     
[48] "am"          -                     
[49] "am"          -                     
[50] "am"          -                     
[51] "am"          -                     
[52] "am"          -                     
[53] "am"          -                     
[54] "am"          -                     
[55] "am"          -                     
[56] "am"          -                     
[57] "am"          -                     
[58] "am"          -                     
[59] "am"          -                     
[60] "am"          -                     
[61] "am"          -                     
[62] "am"          -                     
[63] "am"          -                     
[64] "am"          -                     
[65] "am"          -                     
[66] "am"          -                     
[67] NA            | NA              [34]
[68] NA            | NA              [35]
[69] NA            | NA              [36]

`actual$group1_level` is length 81
`expected$group1_level` is length 48

  `actual$group1_level[[1]]`: 0.0
`expected$group1_level[[1]]`: 4.0

  `actual$group1_level[[2]]`: 0.0
`expected$group1_level[[2]]`: 4.0

  `actual$group1_level[[3]]`: 0.0
`expected$group1_level[[3]]`: 4.0

  `actual$group1_level[[4]]`: 0.0
`expected$group1_level[[4]]`: 4.0

  `actual$group1_level[[5]]`: 0.0
`expected$group1_level[[5]]`: 4.0

  `actual$group1_level[[6]]`: 0.0
`expected$group1_level[[6]]`: 4.0

  `actual$group1_level[[7]]`: 0.0
`expected$group1_level[[7]]`: 4.0

  `actual$group1_level[[8]]`: 0.0
`expected$group1_level[[8]]`: 4.0

  `actual$group1_level[[9]]`: 0.0
`expected$group1_level[[9]]`: 4.0

  `actual$group1_level[[10]]`: 0.0
`expected$group1_level[[10]]`: 4.0

  `actual$group1_level[[11]]`: 0.0
`expected$group1_level[[11]]`: 4.0

  `actual$group1_level[[12]]`: 0.0
`expected$group1_level[[12]]`: 6.0

  `actual$group1_level[[13]]`: 0.0
`expected$group1_level[[13]]`: 6.0

  `actual$group1_level[[14]]`: 0.0
`expected$group1_level[[14]]`: 6.0

  `actual$group1_level[[15]]`: 0.0
`expected$group1_level[[15]]`: 6.0

  `actual$group1_level[[16]]`: 0.0
`expected$group1_level[[16]]`: 6.0

  `actual$group1_level[[17]]`: 0.0
`expected$group1_level[[17]]`: 6.0

  `actual$group1_level[[18]]`: 0.0
`expected$group1_level[[18]]`: 6.0

  `actual$group1_level[[19]]`: 0.0
`expected$group1_level[[19]]`: 6.0

  `actual$group1_level[[20]]`: 0.0
`expected$group1_level[[20]]`: 6.0

  `actual$group1_level[[21]]`: 0.0
`expected$group1_level[[21]]`: 6.0

  `actual$group1_level[[22]]`: 0.0
`expected$group1_level[[22]]`: 6.0

  `actual$group1_level[[23]]`: 0.0
`expected$group1_level[[23]]`: 8.0

  `actual$group1_level[[24]]`: 0.0
`expected$group1_level[[24]]`: 8.0

  `actual$group1_level[[25]]`: 0.0
`expected$group1_level[[25]]`: 8.0

  `actual$group1_level[[26]]`: 0.0
`expected$group1_level[[26]]`: 8.0

  `actual$group1_level[[27]]`: 0.0
`expected$group1_level[[27]]`: 8.0

  `actual$group1_level[[28]]`: 0.0
`expected$group1_level[[28]]`: 8.0

  `actual$group1_level[[29]]`: 0.0
`expected$group1_level[[29]]`: 8.0

  `actual$group1_level[[30]]`: 0.0
`expected$group1_level[[30]]`: 8.0

  `actual$group1_level[[31]]`: 0.0
`expected$group1_level[[31]]`: 8.0

  `actual$group1_level[[32]]`: 0.0
`expected$group1_level[[32]]`: 8.0

  `actual$group1_level[[33]]`: 0.0
`expected$group1_level[[33]]`: 8.0

`actual$group1_level[[34]]` is a double vector (1)
`expected$group1_level[[34]]` is NULL

`actual$group1_level[[35]]` is a double vector (1)
`expected$group1_level[[35]]` is NULL

`actual$group1_level[[36]]` is a double vector (1)
`expected$group1_level[[36]]` is NULL

`actual$group1_level[[37]]` is a double vector (1)
`expected$group1_level[[37]]` is NULL

`actual$group1_level[[38]]` is a double vector (1)
`expected$group1_level[[38]]` is NULL

`actual$group1_level[[39]]` is a double vector (1)
`expected$group1_level[[39]]` is NULL

`actual$group1_level[[40]]` is a double vector (1)
`expected$group1_level[[40]]` is NULL

`actual$group1_level[[41]]` is a double vector (1)
`expected$group1_level[[41]]` is NULL

`actual$group1_level[[42]]` is a double vector (1)
`expected$group1_level[[42]]` is NULL

`actual$group1_level[[43]]` is a double vector (1)
`expected$group1_level[[43]]` is NULL

`actual$group1_level[[44]]` is a double vector (1)
`expected$group1_level[[44]]` is NULL

`actual$group1_level[[45]]` is a double vector (1)
`expected$group1_level[[45]]` is NULL

`actual$group1_level[[46]]` is a double vector (1)
`expected$group1_level[[46]]` is NULL

`actual$group1_level[[47]]` is a double vector (1)
`expected$group1_level[[47]]` is NULL

`actual$group1_level[[48]]` is a double vector (1)
`expected$group1_level[[48]]` is NULL

`actual$group1_level[[49]]` is a double vector (1)
`expected$group1_level[[49]]` is absent

`actual$group1_level[[50]]` is a double vector (1)
`expected$group1_level[[50]]` is absent

`actual$group1_level[[51]]` is a double vector (1)
`expected$group1_level[[51]]` is absent

`actual$group1_level[[52]]` is a double vector (1)
`expected$group1_level[[52]]` is absent

`actual$group1_level[[53]]` is a double vector (1)
`expected$group1_level[[53]]` is absent

`actual$group1_level[[54]]` is a double vector (1)
`expected$group1_level[[54]]` is absent

`actual$group1_level[[55]]` is a double vector (1)
`expected$group1_level[[55]]` is absent

`actual$group1_level[[56]]` is a double vector (1)
`expected$group1_level[[56]]` is absent

`actual$group1_level[[57]]` is a double vector (1)
`expected$group1_level[[57]]` is absent

`actual$group1_level[[58]]` is a double vector (1)
`expected$group1_level[[58]]` is absent

`actual$group1_level[[59]]` is a double vector (1)
`expected$group1_level[[59]]` is absent

`actual$group1_level[[60]]` is a double vector (1)
`expected$group1_level[[60]]` is absent

`actual$group1_level[[61]]` is a double vector (1)
`expected$group1_level[[61]]` is absent

`actual$group1_level[[62]]` is a double vector (1)
`expected$group1_level[[62]]` is absent

`actual$group1_level[[63]]` is a double vector (1)
`expected$group1_level[[63]]` is absent

`actual$group1_level[[64]]` is a double vector (1)
`expected$group1_level[[64]]` is absent

`actual$group1_level[[65]]` is a double vector (1)
`expected$group1_level[[65]]` is absent

`actual$group1_level[[66]]` is a double vector (1)
`expected$group1_level[[66]]` is absent

`actual$group1_level[[67]]` is NULL
`expected$group1_level[[67]]` is absent

`actual$group1_level[[68]]` is NULL
`expected$group1_level[[68]]` is absent

`actual$group1_level[[69]]` is NULL
`expected$group1_level[[69]]` is absent

`actual$group1_level[[70]]` is NULL
`expected$group1_level[[70]]` is absent

`actual$group1_level[[71]]` is NULL
`expected$group1_level[[71]]` is absent

`actual$group1_level[[72]]` is NULL
`expected$group1_level[[72]]` is absent

`actual$group1_level[[73]]` is NULL
`expected$group1_level[[73]]` is absent

`actual$group1_level[[74]]` is NULL
`expected$group1_level[[74]]` is absent

`actual$group1_level[[75]]` is NULL
`expected$group1_level[[75]]` is absent

`actual$group1_level[[76]]` is NULL
`expected$group1_level[[76]]` is absent

`actual$group1_level[[77]]` is NULL
`expected$group1_level[[77]]` is absent

`actual$group1_level[[78]]` is NULL
`expected$group1_level[[78]]` is absent

`actual$group1_level[[79]]` is NULL
`expected$group1_level[[79]]` is absent

`actual$group1_level[[80]]` is NULL
`expected$group1_level[[80]]` is absent

`actual$group1_level[[81]]` is NULL
`expected$group1_level[[81]]` is absent

`actual$group2` is a character vector ('cyl', 'cyl', 'cyl', 'cyl', 'cyl', ...)
`expected$group2` is absent

`actual$group2_level` is a list
`expected$group2_level` is absent

     actual$variable | expected$variable     
[31] "vs"            | "vs"              [31]
[32] "vs"            | "vs"              [32]
[33] "vs"            | "vs"              [33]
[34] "mpg"           -                       
[35] "mpg"           -                       
[36] "mpg"           -                       
[37] "mpg"           -                       
[38] "mpg"           -                       
[39] "mpg"           -                       
[40] "mpg"           -                       
[41] "mpg"           -                       
[42] "vs"            -                       
[43] "vs"            -                       
[44] "vs"            -                       
[45] "mpg"           -                       
[46] "mpg"           -                       
[47] "mpg"           -                       
[48] "mpg"           -                       
[49] "mpg"           -                       
[50] "mpg"           -                       
[51] "mpg"           -                       
[52] "mpg"           -                       
[53] "vs"            -                       
[54] "vs"            -                       
[55] "vs"            -                       
[56] "mpg"           -                       
[57] "mpg"           -                       
[58] "mpg"           -                       
[59] "mpg"           -                       
[60] "mpg"           -                       
[61] "mpg"           -                       
[62] "mpg"           -                       
[63] "mpg"           -                       
[64] "vs"            -                       
[65] "vs"            -                       
[66] "vs"            -                       
[67] "am"            | "am"              [34]
[68] "am"            | "am"              [35]
[69] "am"            | "am"              [36]

`actual$variable_level` is length 81
`expected$variable_level` is length 48

`actual$variable_level[[34]]` is NULL
`expected$variable_level[[34]]` is a double vector (0)

`actual$variable_level[[35]]` is NULL
`expected$variable_level[[35]]` is a double vector (0)

`actual$variable_level[[36]]` is NULL
`expected$variable_level[[36]]` is a double vector (0)

`actual$variable_level[[37]]` is NULL
`expected$variable_level[[37]]` is a double vector (1)

`actual$variable_level[[38]]` is NULL
`expected$variable_level[[38]]` is a double vector (1)

`actual$variable_level[[39]]` is NULL
`expected$variable_level[[39]]` is a double vector (1)

`actual$variable_level[[40]]` is NULL
`expected$variable_level[[40]]` is a double vector (4)

`actual$variable_level[[41]]` is NULL
`expected$variable_level[[41]]` is a double vector (4)

  `actual$variable_level[[42]]`: 1.0
`expected$variable_level[[42]]`: 4.0

  `actual$variable_level[[43]]`: 1.0
`expected$variable_level[[43]]`: 6.0

  `actual$variable_level[[44]]`: 1.0
`expected$variable_level[[44]]`: 6.0

`actual$variable_level[[45]]` is NULL
`expected$variable_level[[45]]` is a double vector (6)

`actual$variable_level[[46]]` is NULL
`expected$variable_level[[46]]` is a double vector (8)

`actual$variable_level[[47]]` is NULL
`expected$variable_level[[47]]` is a double vector (8)

`actual$variable_level[[48]]` is NULL
`expected$variable_level[[48]]` is a double vector (8)

`actual$variable_level[[49]]` is NULL
`expected$variable_level[[49]]` is absent

`actual$variable_level[[50]]` is NULL
`expected$variable_level[[50]]` is absent

`actual$variable_level[[51]]` is NULL
`expected$variable_level[[51]]` is absent

`actual$variable_level[[52]]` is NULL
`expected$variable_level[[52]]` is absent

`actual$variable_level[[53]]` is a double vector (1)
`expected$variable_level[[53]]` is absent

`actual$variable_level[[54]]` is a double vector (1)
`expected$variable_level[[54]]` is absent

`actual$variable_level[[55]]` is a double vector (1)
`expected$variable_level[[55]]` is absent

`actual$variable_level[[56]]` is NULL
`expected$variable_level[[56]]` is absent

`actual$variable_level[[57]]` is NULL
`expected$variable_level[[57]]` is absent

`actual$variable_level[[58]]` is NULL
`expected$variable_level[[58]]` is absent

`actual$variable_level[[59]]` is NULL
`expected$variable_level[[59]]` is absent

`actual$variable_level[[60]]` is NULL
`expected$variable_level[[60]]` is absent

`actual$variable_level[[61]]` is NULL
`expected$variable_level[[61]]` is absent

`actual$variable_level[[62]]` is NULL
`expected$variable_level[[62]]` is absent

`actual$variable_level[[63]]` is NULL
`expected$variable_level[[63]]` is absent

`actual$variable_level[[64]]` is a double vector (1)
`expected$variable_level[[64]]` is absent

`actual$variable_level[[65]]` is a double vector (1)
`expected$variable_level[[65]]` is absent

`actual$variable_level[[66]]` is a double vector (1)
`expected$variable_level[[66]]` is absent

`actual$variable_level[[67]]` is a double vector (0)
`expected$variable_level[[67]]` is absent

`actual$variable_level[[68]]` is a double vector (0)
`expected$variable_level[[68]]` is absent

`actual$variable_level[[69]]` is a double vector (0)
`expected$variable_level[[69]]` is absent

`actual$variable_level[[70]]` is a double vector (1)
`expected$variable_level[[70]]` is absent

`actual$variable_level[[71]]` is a double vector (1)
`expected$variable_level[[71]]` is absent

`actual$variable_level[[72]]` is a double vector (1)
`expected$variable_level[[72]]` is absent

`actual$variable_level[[73]]` is a double vector (4)
`expected$variable_level[[73]]` is absent

`actual$variable_level[[74]]` is a double vector (4)
`expected$variable_level[[74]]` is absent

`actual$variable_level[[75]]` is a double vector (4)
`expected$variable_level[[75]]` is absent

`actual$variable_level[[76]]` is a double vector (6)
`expected$variable_level[[76]]` is absent

`actual$variable_level[[77]]` is a double vector (6)
`expected$variable_level[[77]]` is absent

`actual$variable_level[[78]]` is a double vector (6)
`expected$variable_level[[78]]` is absent

`actual$variable_level[[79]]` is a double vector (8)
`expected$variable_level[[79]]` is absent

`actual$variable_level[[80]]` is a double vector (8)
`expected$variable_level[[80]]` is absent

`actual$variable_level[[81]]` is a double vector (8)
`expected$variable_level[[81]]` is absent

     actual$context | expected$context     
[31] "dichotomous"  | "dichotomous"    [31]
[32] "dichotomous"  | "dichotomous"    [32]
[33] "dichotomous"  | "dichotomous"    [33]
[34] "continuous"   -                      
[35] "continuous"   -                      
[36] "continuous"   -                      
[37] "continuous"   -                      
[38] "continuous"   -                      
[39] "continuous"   -                      
[40] "continuous"   -                      
[41] "continuous"   -                      
[42] "dichotomous"  -                      
[43] "dichotomous"  -                      
[44] "dichotomous"  -                      
[45] "continuous"   -                      
[46] "continuous"   -                      
[47] "continuous"   -                      
[48] "continuous"   -                      
[49] "continuous"   -                      
[50] "continuous"   -                      
[51] "continuous"   -                      
[52] "continuous"   -                      
[53] "dichotomous"  -                      
[54] "dichotomous"  -                      
[55] "dichotomous"  -                      
[56] "continuous"   -                      
[57] "continuous"   -                      
[58] "continuous"   -                      
[59] "continuous"   -                      
[60] "continuous"   -                      
[61] "continuous"   -                      
[62] "continuous"   -                      
[63] "continuous"   -                      
[64] "dichotomous"  -                      
[65] "dichotomous"  -                      
[66] "dichotomous"  -                      
[67] "categorical"  | "categorical"    [34]
[68] "categorical"  | "categorical"    [35]
[69] "categorical"  | "categorical"    [36]

     actual$stat_name | expected$stat_name     
[31] "n"              | "n"                [31]
[32] "N"              | "N"                [32]
[33] "p"              | "p"                [33]
[34] "N"              -                        
[35] "mean"           -                        
[36] "sd"             -                        
[37] "median"         -                        
[38] "p25"            -                        
[39] "p75"            -                        
[40] "min"            -                        
[41] "max"            -                        
[42] "n"              | "n"                [34]
[43] "N"              | "N"                [35]
[44] "p"              | "p"                [36]
[45] "N"              -                        
[46] "mean"           -                        
[47] "sd"             -                        
[48] "median"         -                        
[49] "p25"            -                        
[50] "p75"            -                        
[51] "min"            -                        
[52] "max"            -                        
[53] "n"              | "n"                [37]
[54] "N"              | "N"                [38]
[55] "p"              | "p"                [39]
[56] "N"              -                        
[57] "mean"           -                        
[58] "sd"             -                        
[59] "median"         -                        
[60] "p25"            -                        
[61] "p75"            -                        
[62] "min"            -                        
[63] "max"            -                        
[64] "n"              -                        
[65] "N"              -                        
[66] "p"              -                        
[67] "n"              -                        
[68] "N"              -                        
[69] "p"              -                        
[70] "n"              -                        
[71] "N"              -                        
[72] "p"              -                        
[73] "n"              | "n"                [40]
[74] "N"              | "N"                [41]
[75] "p"              | "p"                [42]

     actual$stat_label | expected$stat_label     
[31] "n"               | "n"                 [31]
[32] "N"               | "N"                 [32]
[33] "%"               | "%"                 [33]
[34] "N"               -                         
[35] "Mean"            -                         
[36] "SD"              -                         
[37] "Median"          -                         
[38] "Q1"              -                         
[39] "Q3"              -                         
[40] "Min"             -                         
[41] "Max"             -                         
[42] "n"               | "n"                 [34]
[43] "N"               | "N"                 [35]
[44] "%"               | "%"                 [36]
[45] "N"               -                         
[46] "Mean"            -                         
[47] "SD"              -                         
[48] "Median"          -                         
[49] "Q1"              -                         
[50] "Q3"              -                         
[51] "Min"             -                         
[52] "Max"             -                         
[53] "n"               | "n"                 [37]
[54] "N"               | "N"                 [38]
[55] "%"               | "%"                 [39]
[56] "N"               -                         
[57] "Mean"            -                         
[58] "SD"              -                         
[59] "Median"          -                         
[60] "Q1"              -                         
[61] "Q3"              -                         
[62] "Min"             -                         
[63] "Max"             -                         
[64] "n"               -                         
[65] "N"               -                         
[66] "%"               -                         
[67] "n"               -                         
[68] "N"               -                         
[69] "%"               -                         
[70] "n"               -                         
[71] "N"               -                         
[72] "%"               -                         
[73] "n"               | "n"                 [40]
[74] "N"               | "N"                 [41]
[75] "%"               | "%"                 [42]

`actual$stat` is length 81
`expected$stat` is length 48

  `actual$stat[[1]]`:  3
`expected$stat[[1]]`: 11

  `actual$stat[[2]]`: 22.9
`expected$stat[[2]]`: 26.7

  `actual$stat[[3]]`: 1.5
`expected$stat[[3]]`: 4.5

  `actual$stat[[4]]`: 22.8
`expected$stat[[4]]`: 26.0

  `actual$stat[[5]]`: 21.5
`expected$stat[[5]]`: 22.8

  `actual$stat[[6]]`: 24.4
`expected$stat[[6]]`: 30.4

  `actual$stat[[7]]`: 21.50
`expected$stat[[7]]`: 21.40

  `actual$stat[[8]]`: 24.4
`expected$stat[[8]]`: 33.9

  `actual$stat[[9]]`:  3
`expected$stat[[9]]`: 10

  `actual$stat[[10]]`:  3
`expected$stat[[10]]`: 11

  `actual$stat[[11]]`: 1.000
`expected$stat[[11]]`: 0.909

  `actual$stat[[12]]`: 4
`expected$stat[[12]]`: 7

  `actual$stat[[13]]`: 19.12
`expected$stat[[13]]`: 19.74

  `actual$stat[[14]]`: 1.63
`expected$stat[[14]]`: 1.45

  `actual$stat[[15]]`: 18.6
`expected$stat[[15]]`: 19.7

  `actual$stat[[16]]`: 17.95
`expected$stat[[16]]`: 18.10

  `actual$stat[[17]]`: 20.30
`expected$stat[[17]]`: 21.00

  `actual$stat[[21]]`: 4
`expected$stat[[21]]`: 7

  `actual$stat[[22]]`: 1.00
`expected$stat[[22]]`: 0.57

  `actual$stat[[23]]`: 12
`expected$stat[[23]]`: 14

  `actual$stat[[24]]`: 15.050
`expected$stat[[24]]`: 15.100

  `actual$stat[[25]]`: 2.77
`expected$stat[[25]]`: 2.56

  `actual$stat[[27]]`: 13.80
`expected$stat[[27]]`: 14.30

  `actual$stat[[28]]`: 16.85
`expected$stat[[28]]`: 16.40

  `actual$stat[[32]]`: 12
`expected$stat[[32]]`: 14

  `actual$stat[[34]]`:  8
`expected$stat[[34]]`: 19

  `actual$stat[[35]]`: 28.1
`expected$stat[[35]]`: 32.0

  `actual$stat[[36]]`: 4.5
`expected$stat[[36]]`: 0.6

  `actual$stat[[37]]`: 28.9
`expected$stat[[37]]`: 13.0

  `actual$stat[[38]]`: 24.4
`expected$stat[[38]]`: 32.0

  `actual$stat[[39]]`: 31.4
`expected$stat[[39]]`:  0.4

  `actual$stat[[40]]`: 21.4
`expected$stat[[40]]`: 11.0

  `actual$stat[[41]]`: 33.9
`expected$stat[[41]]`: 32.0

  `actual$stat[[42]]`: 7.0
`expected$stat[[42]]`: 0.3

  `actual$stat[[43]]`: 8
`expected$stat[[43]]`: 7

  `actual$stat[[44]]`:  0.9
`expected$stat[[44]]`: 32.0

  `actual$stat[[45]]`: 3.0
`expected$stat[[45]]`: 0.2

  `actual$stat[[46]]`: 20.6
`expected$stat[[46]]`: 14.0

  `actual$stat[[47]]`:  0.8
`expected$stat[[47]]`: 32.0

  `actual$stat[[48]]`: 21.0
`expected$stat[[48]]`:  0.4

`actual$stat[[49]]` is a double vector (19.7)
`expected$stat[[49]]` is absent

`actual$stat[[50]]` is a double vector (21)
`expected$stat[[50]]` is absent

`actual$stat[[51]]` is a double vector (19.7)
`expected$stat[[51]]` is absent

`actual$stat[[52]]` is a double vector (21)
`expected$stat[[52]]` is absent

`actual$stat[[53]]` is an integer vector (0)
`expected$stat[[53]]` is absent

`actual$stat[[54]]` is an integer vector (3)
`expected$stat[[54]]` is absent

`actual$stat[[55]]` is a double vector (0)
`expected$stat[[55]]` is absent

`actual$stat[[56]]` is an integer vector (2)
`expected$stat[[56]]` is absent

`actual$stat[[57]]` is a double vector (15.4)
`expected$stat[[57]]` is absent

`actual$stat[[58]]` is a double vector (0.565685424949239)
`expected$stat[[58]]` is absent

`actual$stat[[59]]` is a double vector (15.4)
`expected$stat[[59]]` is absent

`actual$stat[[60]]` is a double vector (15)
`expected$stat[[60]]` is absent

`actual$stat[[61]]` is a double vector (15.8)
`expected$stat[[61]]` is absent

`actual$stat[[62]]` is a double vector (15)
`expected$stat[[62]]` is absent

`actual$stat[[63]]` is a double vector (15.8)
`expected$stat[[63]]` is absent

`actual$stat[[64]]` is an integer vector (0)
`expected$stat[[64]]` is absent

`actual$stat[[65]]` is an integer vector (2)
`expected$stat[[65]]` is absent

`actual$stat[[66]]` is a double vector (0)
`expected$stat[[66]]` is absent

`actual$stat[[67]]` is an integer vector (19)
`expected$stat[[67]]` is absent

`actual$stat[[68]]` is an integer vector (32)
`expected$stat[[68]]` is absent

`actual$stat[[69]]` is a double vector (0.59375)
`expected$stat[[69]]` is absent

`actual$stat[[70]]` is an integer vector (13)
`expected$stat[[70]]` is absent

`actual$stat[[71]]` is an integer vector (32)
`expected$stat[[71]]` is absent

`actual$stat[[72]]` is a double vector (0.40625)
`expected$stat[[72]]` is absent

`actual$stat[[73]]` is an integer vector (11)
`expected$stat[[73]]` is absent

`actual$stat[[74]]` is an integer vector (32)
`expected$stat[[74]]` is absent

`actual$stat[[75]]` is a double vector (0.34375)
`expected$stat[[75]]` is absent

`actual$stat[[76]]` is an integer vector (7)
`expected$stat[[76]]` is absent

`actual$stat[[77]]` is an integer vector (32)
`expected$stat[[77]]` is absent

`actual$stat[[78]]` is a double vector (0.21875)
`expected$stat[[78]]` is absent

`actual$stat[[79]]` is an integer vector (14)
`expected$stat[[79]]` is absent

`actual$stat[[80]]` is an integer vector (32)
`expected$stat[[80]]` is absent

`actual$stat[[81]]` is a double vector (0.4375)
`expected$stat[[81]]` is absent

`actual$fmt_fun` is length 81
`expected$fmt_fun` is length 48

  `actual$fmt_fun[[35]]`: 1
`expected$fmt_fun[[35]]`: 0

`actual$fmt_fun[[36]]` is an integer vector (1)
`expected$fmt_fun[[36]]` is a function

  `actual$fmt_fun[[37]]`: 1
`expected$fmt_fun[[37]]`: 0

  `actual$fmt_fun[[38]]`: 1
`expected$fmt_fun[[38]]`: 0

`actual$fmt_fun[[39]]` is an integer vector (1)
`expected$fmt_fun[[39]]` is a function

  `actual$fmt_fun[[40]]`: 1
`expected$fmt_fun[[40]]`: 0

  `actual$fmt_fun[[41]]`: 1
`expected$fmt_fun[[41]]`: 0

`actual$fmt_fun[[42]]` is an integer vector (0)
`expected$fmt_fun[[42]]` is a function

`actual$fmt_fun[[44]]` is a function
`expected$fmt_fun[[44]]` is an integer vector (0)

`actual$fmt_fun[[45]]` is an integer vector (0)
`expected$fmt_fun[[45]]` is a function

  `actual$fmt_fun[[46]]`: 1
`expected$fmt_fun[[46]]`: 0

  `actual$fmt_fun[[47]]`: 1
`expected$fmt_fun[[47]]`: 0

`actual$fmt_fun[[48]]` is an integer vector (1)
`expected$fmt_fun[[48]]` is a function

`actual$fmt_fun[[49]]` is an integer vector (1)
`expected$fmt_fun[[49]]` is absent

`actual$fmt_fun[[50]]` is an integer vector (1)
`expected$fmt_fun[[50]]` is absent

`actual$fmt_fun[[51]]` is an integer vector (1)
`expected$fmt_fun[[51]]` is absent

`actual$fmt_fun[[52]]` is an integer vector (1)
`expected$fmt_fun[[52]]` is absent

`actual$fmt_fun[[53]]` is an integer vector (0)
`expected$fmt_fun[[53]]` is absent

`actual$fmt_fun[[54]]` is an integer vector (0)
`expected$fmt_fun[[54]]` is absent

`actual$fmt_fun[[55]]` is a function
`expected$fmt_fun[[55]]` is absent

`actual$fmt_fun[[56]]` is an integer vector (0)
`expected$fmt_fun[[56]]` is absent

`actual$fmt_fun[[57]]` is an integer vector (1)
`expected$fmt_fun[[57]]` is absent

`actual$fmt_fun[[58]]` is an integer vector (1)
`expected$fmt_fun[[58]]` is absent

`actual$fmt_fun[[59]]` is an integer vector (1)
`expected$fmt_fun[[59]]` is absent

`actual$fmt_fun[[60]]` is an integer vector (1)
`expected$fmt_fun[[60]]` is absent

`actual$fmt_fun[[61]]` is an integer vector (1)
`expected$fmt_fun[[61]]` is absent

`actual$fmt_fun[[62]]` is an integer vector (1)
`expected$fmt_fun[[62]]` is absent

`actual$fmt_fun[[63]]` is an integer vector (1)
`expected$fmt_fun[[63]]` is absent

`actual$fmt_fun[[64]]` is an integer vector (0)
`expected$fmt_fun[[64]]` is absent

`actual$fmt_fun[[65]]` is an integer vector (0)
`expected$fmt_fun[[65]]` is absent

`actual$fmt_fun[[66]]` is a function
`expected$fmt_fun[[66]]` is absent

`actual$fmt_fun[[67]]` is an integer vector (0)
`expected$fmt_fun[[67]]` is absent

`actual$fmt_fun[[68]]` is an integer vector (0)
`expected$fmt_fun[[68]]` is absent

`actual$fmt_fun[[69]]` is a function
`expected$fmt_fun[[69]]` is absent

`actual$fmt_fun[[70]]` is an integer vector (0)
`expected$fmt_fun[[70]]` is absent

`actual$fmt_fun[[71]]` is an integer vector (0)
`expected$fmt_fun[[71]]` is absent

`actual$fmt_fun[[72]]` is a function
`expected$fmt_fun[[72]]` is absent

`actual$fmt_fun[[73]]` is an integer vector (0)
`expected$fmt_fun[[73]]` is absent

`actual$fmt_fun[[74]]` is an integer vector (0)
`expected$fmt_fun[[74]]` is absent

`actual$fmt_fun[[75]]` is a function
`expected$fmt_fun[[75]]` is absent

`actual$fmt_fun[[76]]` is an integer vector (0)
`expected$fmt_fun[[76]]` is absent

`actual$fmt_fun[[77]]` is an integer vector (0)
`expected$fmt_fun[[77]]` is absent

`actual$fmt_fun[[78]]` is a function
`expected$fmt_fun[[78]]` is absent

`actual$fmt_fun[[79]]` is an integer vector (0)
`expected$fmt_fun[[79]]` is absent

`actual$fmt_fun[[80]]` is an integer vector (0)
`expected$fmt_fun[[80]]` is absent

`actual$fmt_fun[[81]]` is a function
`expected$fmt_fun[[81]]` is absent

`actual$warning` is length 81
`expected$warning` is length 48

`actual$warning[[49]]` is NULL
`expected$warning[[49]]` is absent

`actual$warning[[50]]` is NULL
`expected$warning[[50]]` is absent

`actual$warning[[51]]` is NULL
`expected$warning[[51]]` is absent

`actual$warning[[52]]` is NULL
`expected$warning[[52]]` is absent

`actual$warning[[53]]` is NULL
`expected$warning[[53]]` is absent

`actual$warning[[54]]` is NULL
`expected$warning[[54]]` is absent

`actual$warning[[55]]` is NULL
`expected$warning[[55]]` is absent

`actual$warning[[56]]` is NULL
`expected$warning[[56]]` is absent

`actual$warning[[57]]` is NULL
`expected$warning[[57]]` is absent

`actual$warning[[58]]` is NULL
`expected$warning[[58]]` is absent

`actual$warning[[59]]` is NULL
`expected$warning[[59]]` is absent

`actual$warning[[60]]` is NULL
`expected$warning[[60]]` is absent

`actual$warning[[61]]` is NULL
`expected$warning[[61]]` is absent

`actual$warning[[62]]` is NULL
`expected$warning[[62]]` is absent

`actual$warning[[63]]` is NULL
`expected$warning[[63]]` is absent

`actual$warning[[64]]` is NULL
`expected$warning[[64]]` is absent

`actual$warning[[65]]` is NULL
`expected$warning[[65]]` is absent

`actual$warning[[66]]` is NULL
`expected$warning[[66]]` is absent

`actual$warning[[67]]` is NULL
`expected$warning[[67]]` is absent

`actual$warning[[68]]` is NULL
`expected$warning[[68]]` is absent

`actual$warning[[69]]` is NULL
`expected$warning[[69]]` is absent

`actual$warning[[70]]` is NULL
`expected$warning[[70]]` is absent

`actual$warning[[71]]` is NULL
`expected$warning[[71]]` is absent

`actual$warning[[72]]` is NULL
`expected$warning[[72]]` is absent

`actual$warning[[73]]` is NULL
`expected$warning[[73]]` is absent

`actual$warning[[74]]` is NULL
`expected$warning[[74]]` is absent

`actual$warning[[75]]` is NULL
`expected$warning[[75]]` is absent

`actual$warning[[76]]` is NULL
`expected$warning[[76]]` is absent

`actual$warning[[77]]` is NULL
`expected$warning[[77]]` is absent

`actual$warning[[78]]` is NULL
`expected$warning[[78]]` is absent

`actual$warning[[79]]` is NULL
`expected$warning[[79]]` is absent

`actual$warning[[80]]` is NULL
`expected$warning[[80]]` is absent

`actual$warning[[81]]` is NULL
`expected$warning[[81]]` is absent

`actual$error` is length 81
`expected$error` is length 48

`actual$error[[49]]` is NULL
`expected$error[[49]]` is absent

`actual$error[[50]]` is NULL
`expected$error[[50]]` is absent

`actual$error[[51]]` is NULL
`expected$error[[51]]` is absent

`actual$error[[52]]` is NULL
`expected$error[[52]]` is absent

`actual$error[[53]]` is NULL
`expected$error[[53]]` is absent

`actual$error[[54]]` is NULL
`expected$error[[54]]` is absent

`actual$error[[55]]` is NULL
`expected$error[[55]]` is absent

`actual$error[[56]]` is NULL
`expected$error[[56]]` is absent

`actual$error[[57]]` is NULL
`expected$error[[57]]` is absent

`actual$error[[58]]` is NULL
`expected$error[[58]]` is absent

`actual$error[[59]]` is NULL
`expected$error[[59]]` is absent

`actual$error[[60]]` is NULL
`expected$error[[60]]` is absent

`actual$error[[61]]` is NULL
`expected$error[[61]]` is absent

`actual$error[[62]]` is NULL
`expected$error[[62]]` is absent

`actual$error[[63]]` is NULL
`expected$error[[63]]` is absent

`actual$error[[64]]` is NULL
`expected$error[[64]]` is absent

`actual$error[[65]]` is NULL
`expected$error[[65]]` is absent

`actual$error[[66]]` is NULL
`expected$error[[66]]` is absent

`actual$error[[67]]` is NULL
`expected$error[[67]]` is absent

`actual$error[[68]]` is NULL
`expected$error[[68]]` is absent

`actual$error[[69]]` is NULL
`expected$error[[69]]` is absent

`actual$error[[70]]` is NULL
`expected$error[[70]]` is absent

`actual$error[[71]]` is NULL
`expected$error[[71]]` is absent

`actual$error[[72]]` is NULL
`expected$error[[72]]` is absent

`actual$error[[73]]` is NULL
`expected$error[[73]]` is absent

`actual$error[[74]]` is NULL
`expected$error[[74]]` is absent

`actual$error[[75]]` is NULL
`expected$error[[75]]` is absent

`actual$error[[76]]` is NULL
`expected$error[[76]]` is absent

`actual$error[[77]]` is NULL
`expected$error[[77]]` is absent

`actual$error[[78]]` is NULL
`expected$error[[78]]` is absent

`actual$error[[79]]` is NULL
`expected$error[[79]]` is absent

`actual$error[[80]]` is NULL
`expected$error[[80]]` is absent

`actual$error[[81]]` is NULL
`expected$error[[81]]` is absent</failure>
    </testcase>
    <testcase time="0.0409999999999968" classname="character(0)" name="ard_stack_.by_stats_argument"/>
    <testcase time="0.000999999999997669" classname="character(0)" name="ard_stack_.by_stats_argument"/>
  </testsuite>
  <testsuite name="ard_continuous" timestamp="2025-07-25T19:49:23Z" hostname="25971ef20d53" tests="4" skipped="0" failures="0" errors="0" time="10.753">
    <testcase time="10.75" classname="character(0)" name="ard_continuous_works"/>
    <testcase time="0.00100000000000477" classname="character(0)" name="ard_continuous_works"/>
    <testcase time="0.000999999999997669" classname="character(0)" name="ard_continuous_works"/>
    <testcase time="0.000999999999997669" classname="character(0)" name="ard_continuous_works"/>
  </testsuite>
  <testsuite name="ard_continuous" timestamp="2025-07-25T19:49:23Z" hostname="25971ef20d53" tests="3" skipped="0" failures="0" errors="0" time="0.005">
    <testcase time="0.00400000000000489" classname="character(0)" name="ard_continuous_fmt_fun_argument_works"/>
    <testcase time="0.000999999999997669" classname="character(0)" name="ard_continuous_fmt_fun_argument_works"/>
    <testcase time="0" classname="character(0)" name="ard_continuous_fmt_fun_argument_works"/>
  </testsuite>
  <testsuite name="ard_continuous" timestamp="2025-07-25T19:49:23Z" hostname="25971ef20d53" tests="3" skipped="0" failures="0" errors="0" time="0.003">
    <testcase time="0.00100000000000477" classname="character(0)" name="ard_continuous_messaging"/>
    <testcase time="0.000999999999997669" classname="character(0)" name="ard_continuous_messaging"/>
    <testcase time="0.000999999999997669" classname="character(0)" name="ard_continuous_messaging"/>
  </testsuite>
  <testsuite name="ard_continuous" timestamp="2025-07-25T19:49:23Z" hostname="25971ef20d53" tests="5" skipped="0" failures="0" errors="0" time="0.004">
    <testcase time="0.00100000000000477" classname="character(0)" name="ard_continuous_stat_label_argument_works"/>
    <testcase time="0.000999999999997669" classname="character(0)" name="ard_continuous_stat_label_argument_works"/>
    <testcase time="0.000999999999997669" classname="character(0)" name="ard_continuous_stat_label_argument_works"/>
    <testcase time="0" classname="character(0)" name="ard_continuous_stat_label_argument_works"/>
    <testcase time="0.00100000000000477" classname="character(0)" name="ard_continuous_stat_label_argument_works"/>
  </testsuite>
  <testsuite name="ard_continuous" timestamp="2025-07-25T19:49:23Z" hostname="25971ef20d53" tests="2" skipped="0" failures="0" errors="0" time="0.002">
    <testcase time="0.000999999999997669" classname="character(0)" name="ard_continuous_and_ARD_column_names"/>
    <testcase time="0.000999999999997669" classname="character(0)" name="ard_continuous_and_ARD_column_names"/>
  </testsuite>
  <testsuite name="ard_continuous" timestamp="2025-07-25T19:49:23Z" hostname="25971ef20d53" tests="1" skipped="0" failures="0" errors="0" time="0.002">
    <testcase time="0.00200000000000244" classname="character(0)" name="ard_continuous_with_grouped_data_works"/>
  </testsuite>
  <testsuite name="ard_continuous" timestamp="2025-07-25T19:49:23Z" hostname="25971ef20d53" tests="2" skipped="0" failures="0" errors="0" time="0.002">
    <testcase time="0.000999999999997669" classname="character(0)" name="ard_continuous_with_dates_works_and_displays_as_expected"/>
    <testcase time="0.00100000000000477" classname="character(0)" name="ard_continuous_with_dates_works_and_displays_as_expected"/>
  </testsuite>
  <testsuite name="ard_continuous" timestamp="2025-07-25T19:49:23Z" hostname="25971ef20d53" tests="1" skipped="0" failures="0" errors="0" time="0.002">
    <testcase time="0.00199999999999534" classname="character(0)" name="ard_continuous_with_empty_missing_dates_works_and_preserves_Date_class"/>
  </testsuite>
  <testsuite name="ard_continuous" timestamp="2025-07-25T19:49:23Z" hostname="25971ef20d53" tests="3" skipped="0" failures="0" errors="0" time="0.002">
    <testcase time="0.00100000000000477" classname="character(0)" name="ard_continuous_works_with_non_syntactic_names"/>
    <testcase time="0.000999999999997669" classname="character(0)" name="ard_continuous_works_with_non_syntactic_names"/>
    <testcase time="0" classname="character(0)" name="ard_continuous_works_with_non_syntactic_names"/>
  </testsuite>
  <testsuite name="ard_continuous" timestamp="2025-07-25T19:49:23Z" hostname="25971ef20d53" tests="19" skipped="0" failures="0" errors="0" time="0.012">
    <testcase time="0.00200000000000244" classname="character(0)" name="ard_continuous_works_when_using_generic_names_"/>
    <testcase time="0.000999999999997669" classname="character(0)" name="ard_continuous_works_when_using_generic_names_"/>
    <testcase time="0" classname="character(0)" name="ard_continuous_works_when_using_generic_names_"/>
    <testcase time="0.000999999999997669" classname="character(0)" name="ard_continuous_works_when_using_generic_names_"/>
    <testcase time="0" classname="character(0)" name="ard_continuous_works_when_using_generic_names_"/>
    <testcase time="0.00100000000000477" classname="character(0)" name="ard_continuous_works_when_using_generic_names_"/>
    <testcase time="0" classname="character(0)" name="ard_continuous_works_when_using_generic_names_"/>
    <testcase time="0.000999999999997669" classname="character(0)" name="ard_continuous_works_when_using_generic_names_"/>
    <testcase time="0" classname="character(0)" name="ard_continuous_works_when_using_generic_names_"/>
    <testcase time="0.000999999999997669" classname="character(0)" name="ard_continuous_works_when_using_generic_names_"/>
    <testcase time="0.00100000000000477" classname="character(0)" name="ard_continuous_works_when_using_generic_names_"/>
    <testcase time="0" classname="character(0)" name="ard_continuous_works_when_using_generic_names_"/>
    <testcase time="0.000999999999997669" classname="character(0)" name="ard_continuous_works_when_using_generic_names_"/>
    <testcase time="0" classname="character(0)" name="ard_continuous_works_when_using_generic_names_"/>
    <testcase time="0.000999999999997669" classname="character(0)" name="ard_continuous_works_when_using_generic_names_"/>
    <testcase time="0" classname="character(0)" name="ard_continuous_works_when_using_generic_names_"/>
    <testcase time="0.00100000000000477" classname="character(0)" name="ard_continuous_works_when_using_generic_names_"/>
    <testcase time="0.000999999999997669" classname="character(0)" name="ard_continuous_works_when_using_generic_names_"/>
    <testcase time="0" classname="character(0)" name="ard_continuous_works_when_using_generic_names_"/>
  </testsuite>
  <testsuite name="ard_continuous" timestamp="2025-07-25T19:49:23Z" hostname="25971ef20d53" tests="1" skipped="0" failures="0" errors="0" time="0.002">
    <testcase time="0.00200000000000244" classname="character(0)" name="ard_continuous_follows_ard_structure"/>
  </testsuite>
  <testsuite name="ard_continuous" timestamp="2025-07-25T19:49:23Z" hostname="25971ef20d53" tests="2" skipped="0" failures="0" errors="0" time="0.005">
    <testcase time="0.00199999999999534" classname="character(0)" name="ard_continuous_errors_with_incomplete_factor_columns"/>
    <testcase time="0.00300000000000011" classname="character(0)" name="ard_continuous_errors_with_incomplete_factor_columns"/>
  </testsuite>
  <testsuite name="ard_continuous" timestamp="2025-07-25T19:49:23Z" hostname="25971ef20d53" tests="2" skipped="0" failures="0" errors="0" time="0.002">
    <testcase time="0.00200000000000244" classname="character(0)" name="ard_continuous_with_as_cards_fn_inputs"/>
    <testcase time="0" classname="character(0)" name="ard_continuous_with_as_cards_fn_inputs"/>
  </testsuite>
  <testsuite name="ard_stack_hierarchical" timestamp="2025-07-25T19:49:24Z" hostname="25971ef20d53" tests="4" skipped="0" failures="0" errors="0" time="1.216">
    <testcase time="1.213" classname="character(0)" name="ard_stack_hierarchical_variables_"/>
    <testcase time="0.000999999999997669" classname="character(0)" name="ard_stack_hierarchical_variables_"/>
    <testcase time="0.000999999999997669" classname="character(0)" name="ard_stack_hierarchical_variables_"/>
    <testcase time="0.00100000000000477" classname="character(0)" name="ard_stack_hierarchical_variables_"/>
  </testsuite>
  <testsuite name="ard_stack_hierarchical" timestamp="2025-07-25T19:49:24Z" hostname="25971ef20d53" tests="2" skipped="0" failures="0" errors="0" time="0.004">
    <testcase time="0.00399999999999778" classname="character(0)" name="ard_stack_hierarchical_variables_messaging_removed_obs"/>
    <testcase time="0" classname="character(0)" name="ard_stack_hierarchical_variables_messaging_removed_obs"/>
  </testsuite>
  <testsuite name="ard_stack_hierarchical" timestamp="2025-07-25T19:49:24Z" hostname="25971ef20d53" tests="2" skipped="0" failures="0" errors="0" time="0.002">
    <testcase time="0.00200000000000244" classname="character(0)" name="ard_stack_hierarchical_variables_messaging"/>
    <testcase time="0" classname="character(0)" name="ard_stack_hierarchical_variables_messaging"/>
  </testsuite>
  <testsuite name="ard_stack_hierarchical" timestamp="2025-07-25T19:49:24Z" hostname="25971ef20d53" tests="3" skipped="0" failures="0" errors="0" time="0.003">
    <testcase time="0.00200000000000244" classname="character(0)" name="ard_stack_hierarchical_by_"/>
    <testcase time="0.000999999999997669" classname="character(0)" name="ard_stack_hierarchical_by_"/>
    <testcase time="0" classname="character(0)" name="ard_stack_hierarchical_by_"/>
  </testsuite>
  <testsuite name="ard_stack_hierarchical" timestamp="2025-07-25T19:49:24Z" hostname="25971ef20d53" tests="2" skipped="0" failures="0" errors="0" time="0.003">
    <testcase time="0.00200000000000244" classname="character(0)" name="ard_stack_hierarchical_by_messaging"/>
    <testcase time="0.000999999999997669" classname="character(0)" name="ard_stack_hierarchical_by_messaging"/>
  </testsuite>
  <testsuite name="ard_stack_hierarchical" timestamp="2025-07-25T19:49:24Z" hostname="25971ef20d53" tests="2" skipped="0" failures="0" errors="0" time="0.002">
    <testcase time="0.00200000000000244" classname="character(0)" name="ard_stack_hierarchical_denominator_messaging"/>
    <testcase time="0" classname="character(0)" name="ard_stack_hierarchical_denominator_messaging"/>
  </testsuite>
  <testsuite name="ard_stack_hierarchical" timestamp="2025-07-25T19:49:24Z" hostname="25971ef20d53" tests="4" skipped="0" failures="0" errors="0" time="0.003">
    <testcase time="0.00199999999999534" classname="character(0)" name="ard_stack_hierarchical_by_with_columns_not_in_denominator_"/>
    <testcase time="0" classname="character(0)" name="ard_stack_hierarchical_by_with_columns_not_in_denominator_"/>
    <testcase time="0.00100000000000477" classname="character(0)" name="ard_stack_hierarchical_by_with_columns_not_in_denominator_"/>
    <testcase time="0" classname="character(0)" name="ard_stack_hierarchical_by_with_columns_not_in_denominator_"/>
  </testsuite>
  <testsuite name="ard_stack_hierarchical" timestamp="2025-07-25T19:49:24Z" hostname="25971ef20d53" tests="1" skipped="0" failures="0" errors="0" time="0.001">
    <testcase time="0.000999999999997669" classname="character(0)" name="ard_stack_hierarchical_variables_include_messaging"/>
  </testsuite>
  <testsuite name="ard_stack_hierarchical" timestamp="2025-07-25T19:49:24Z" hostname="25971ef20d53" tests="1" skipped="0" failures="0" errors="0" time="0.002">
    <testcase time="0.00200000000000244" classname="character(0)" name="ard_stack_hierarchical_by_overall_messaging"/>
  </testsuite>
  <testsuite name="ard_stack_hierarchical" timestamp="2025-07-25T19:49:24Z" hostname="25971ef20d53" tests="1" skipped="0" failures="0" errors="0" time="0.002">
    <testcase time="0.00200000000000244" classname="character(0)" name="ard_stack_hierarchical_statistic_"/>
  </testsuite>
  <testsuite name="ard_stack_hierarchical" timestamp="2025-07-25T19:49:24Z" hostname="25971ef20d53" tests="4" skipped="0" failures="0" errors="0" time="0.003">
    <testcase time="0.00199999999999534" classname="character(0)" name="ard_stack_hierarchical_count_variables_"/>
    <testcase time="0" classname="character(0)" name="ard_stack_hierarchical_count_variables_"/>
    <testcase time="0.00100000000000477" classname="character(0)" name="ard_stack_hierarchical_count_variables_"/>
    <testcase time="0" classname="character(0)" name="ard_stack_hierarchical_count_variables_"/>
  </testsuite>
  <testsuite name="ard_stack_hierarchical" timestamp="2025-07-25T19:49:24Z" hostname="25971ef20d53" tests="4" skipped="0" failures="0" errors="0" time="0.004">
    <testcase time="0.00199999999999534" classname="character(0)" name="ard_stack_hierarchical_count_by_"/>
    <testcase time="0.00100000000000477" classname="character(0)" name="ard_stack_hierarchical_count_by_"/>
    <testcase time="0" classname="character(0)" name="ard_stack_hierarchical_count_by_"/>
    <testcase time="0.000999999999997669" classname="character(0)" name="ard_stack_hierarchical_count_by_"/>
  </testsuite>
  <testsuite name="ard_stack_hierarchical" timestamp="2025-07-25T19:49:24Z" hostname="25971ef20d53" tests="1" skipped="0" failures="0" errors="0" time="0.002">
    <testcase time="0.00200000000000244" classname="character(0)" name="ard_stack_hierarchical_count_denominator_messaging"/>
  </testsuite>
  <testsuite name="ard_stack_hierarchical" timestamp="2025-07-25T19:49:24Z" hostname="25971ef20d53" tests="3" skipped="0" failures="0" errors="0" time="0.003">
    <testcase time="0.000999999999997669" classname="character(0)" name="ard_stack_hierarchical_count_denominator_univariate_tabulations"/>
    <testcase time="0.000999999999997669" classname="character(0)" name="ard_stack_hierarchical_count_denominator_univariate_tabulations"/>
    <testcase time="0.00100000000000477" classname="character(0)" name="ard_stack_hierarchical_count_denominator_univariate_tabulations"/>
  </testsuite>
  <testsuite name="ard_stack_hierarchical" timestamp="2025-07-25T19:49:24Z" hostname="25971ef20d53" tests="2" skipped="0" failures="0" errors="0" time="0.005">
    <testcase time="0.00399999999999778" classname="character(0)" name="ard_stack_hierarchical_count_denominator_total_n_"/>
    <testcase time="0.000999999999997669" classname="character(0)" name="ard_stack_hierarchical_count_denominator_total_n_"/>
  </testsuite>
  <testsuite name="ard_stack_hierarchical" timestamp="2025-07-25T19:49:24Z" hostname="25971ef20d53" tests="1" skipped="0" failures="0" errors="0" time="0.002">
    <testcase time="0.00200000000000244" classname="character(0)" name="ard_stack_hierarchical_count_denominator_total_n_messaging"/>
  </testsuite>
  <testsuite name="ard_stack_hierarchical" timestamp="2025-07-25T19:49:24Z" hostname="25971ef20d53" tests="1" skipped="0" failures="0" errors="0" time="0.001">
    <testcase time="0.000999999999997669" classname="character(0)" name="ard_stack_hierarchical_count_overall_denominator_messaging"/>
  </testsuite>
  <testsuite name="ard_stack_hierarchical" timestamp="2025-07-25T19:49:24Z" hostname="25971ef20d53" tests="2" skipped="0" failures="0" errors="0" time="0.003">
    <testcase time="0.00200000000000244" classname="character(0)" name="ard_stack_hierarchical_count_overall_"/>
    <testcase time="0.000999999999997669" classname="character(0)" name="ard_stack_hierarchical_count_overall_"/>
  </testsuite>
  <testsuite name="ard_stack_hierarchical" timestamp="2025-07-25T19:49:24Z" hostname="25971ef20d53" tests="1" skipped="0" failures="0" errors="0" time="0.002">
    <testcase time="0.00200000000000244" classname="character(0)" name="ard_stack_hierarchical_count_over_variables_"/>
  </testsuite>
  <testsuite name="ard_stack_hierarchical" timestamp="2025-07-25T19:49:24Z" hostname="25971ef20d53" tests="2" skipped="0" failures="0" errors="0" time="0.002">
    <testcase time="0.000999999999997669" classname="character(0)" name="ard_stack_hierarchical_count_overall_over_variables_"/>
    <testcase time="0.000999999999997669" classname="character(0)" name="ard_stack_hierarchical_count_overall_over_variables_"/>
  </testsuite>
  <testsuite name="ard_stack_hierarchical" timestamp="2025-07-25T19:49:24Z" hostname="25971ef20d53" tests="1" skipped="0" failures="0" errors="0" time="0.002">
    <testcase time="0.00200000000000244" classname="character(0)" name="ard_stack_hierarchical_count_attributes_"/>
  </testsuite>
  <testsuite name="ard_stack_hierarchical" timestamp="2025-07-25T19:49:24Z" hostname="25971ef20d53" tests="4" skipped="0" failures="0" errors="0" time="0.003">
    <testcase time="0.00200000000000244" classname="character(0)" name="ard_stack_hierarchical_by_stats_argument"/>
    <testcase time="0" classname="character(0)" name="ard_stack_hierarchical_by_stats_argument"/>
    <testcase time="0.000999999999997669" classname="character(0)" name="ard_stack_hierarchical_by_stats_argument"/>
    <testcase time="0" classname="character(0)" name="ard_stack_hierarchical_by_stats_argument"/>
  </testsuite>
  <testsuite name="ard_total_n" timestamp="2025-07-25T19:49:24Z" hostname="25971ef20d53" tests="2" skipped="0" failures="0" errors="0" time="0.207">
    <testcase time="0.206000000000003" classname="character(0)" name="ard_total_n_works"/>
    <testcase time="0.000999999999997669" classname="character(0)" name="ard_total_n_works"/>
  </testsuite>
  <testsuite name="ard_total_n" timestamp="2025-07-25T19:49:24Z" hostname="25971ef20d53" tests="1" skipped="0" failures="0" errors="0" time="0.002">
    <testcase time="0.00200000000000244" classname="character(0)" name="ard_total_n_follows_ard_structure"/>
  </testsuite>
  <testsuite name="as_card" timestamp="2025-07-25T19:49:25Z" hostname="25971ef20d53" tests="1" skipped="0" failures="0" errors="0" time="0.32">
    <testcase time="0.32" classname="character(0)" name="as_card_works"/>
  </testsuite>
  <testsuite name="as_card" timestamp="2025-07-25T19:49:25Z" hostname="25971ef20d53" tests="1" skipped="0" failures="0" errors="0" time="0.002">
    <testcase time="0.00199999999999534" classname="character(0)" name="as_card_does_not_affect_card_objects"/>
  </testsuite>
  <testsuite name="as_card" timestamp="2025-07-25T19:49:25Z" hostname="25971ef20d53" tests="1" skipped="0" failures="0" errors="0" time="0.002">
    <testcase time="0.00200000000000244" classname="character(0)" name="as_card_error_catching_works_correctly"/>
  </testsuite>
  <testsuite name="as_cards_fn" timestamp="2025-07-25T19:49:25Z" hostname="25971ef20d53" tests="3" skipped="0" failures="0" errors="0" time="0.047">
    <testcase time="0.0429999999999993" classname="character(0)" name="as_cards_fn_works"/>
    <testcase time="0" classname="character(0)" name="as_cards_fn_works"/>
    <testcase time="0.00399999999999778" classname="character(0)" name="as_cards_fn_works"/>
  </testsuite>
  <testsuite name="as_nested_list" timestamp="2025-07-25T19:49:25Z" hostname="25971ef20d53" tests="1" skipped="0" failures="0" errors="0" time="0.474">
    <testcase time="0.474000000000004" classname="character(0)" name="as_nested_list_works"/>
  </testsuite>
  <testsuite name="ard_strata" timestamp="2025-07-25T19:49:26Z" hostname="25971ef20d53" tests="3" skipped="0" failures="0" errors="0" time="0.779">
    <testcase time="0.777000000000001" classname="character(0)" name="ard_strata_works"/>
    <testcase time="0.000999999999997669" classname="character(0)" name="ard_strata_works"/>
    <testcase time="0.000999999999997669" classname="character(0)" name="ard_strata_works"/>
  </testsuite>
  <testsuite name="ard_strata" timestamp="2025-07-25T19:49:26Z" hostname="25971ef20d53" tests="2" skipped="0" failures="0" errors="0" time="0.002">
    <testcase time="0.00200000000000244" classname="character(0)" name="ard_strata_by_strata_when_both_empty"/>
    <testcase time="0" classname="character(0)" name="ard_strata_by_strata_when_both_empty"/>
  </testsuite>
  <testsuite name="bind_ard" timestamp="2025-07-25T19:49:26Z" hostname="25971ef20d53" tests="1" skipped="0" failures="0" errors="0" time="0.068">
    <testcase time="0.0679999999999978" classname="character(0)" name="bind_ard_works"/>
  </testsuite>
  <testsuite name="bind_ard" timestamp="2025-07-25T19:49:26Z" hostname="25971ef20d53" tests="2" skipped="0" failures="0" errors="0" time="0.004">
    <testcase time="0.00300000000000011" classname="character(0)" name="ARD_helpers_messaging"/>
    <testcase time="0.00100000000000477" classname="character(0)" name="ARD_helpers_messaging"/>
  </testsuite>
  <testsuite name="bind_ard" timestamp="2025-07-25T19:49:26Z" hostname="25971ef20d53" tests="2" skipped="0" failures="0" errors="0" time="0.005">
    <testcase time="0.00399999999999778" classname="character(0)" name="bind_ard_.order_argument_works"/>
    <testcase time="0.000999999999997669" classname="character(0)" name="bind_ard_.order_argument_works"/>
  </testsuite>
  <testsuite name="bind_ard" timestamp="2025-07-25T19:49:26Z" hostname="25971ef20d53" tests="1" skipped="0" failures="0" errors="0" time="0.003">
    <testcase time="0.00300000000000011" classname="character(0)" name="bind_ard_.quiet_"/>
  </testsuite>
  <testsuite name="bind_ard" timestamp="2025-07-25T19:49:26Z" hostname="25971ef20d53" tests="1" skipped="0" failures="0" errors="0" time="0.002">
    <testcase time="0.00200000000000244" classname="character(0)" name="bind_ard_.distinct_"/>
  </testsuite>
  <testsuite name="check_ard_structure" timestamp="2025-07-25T19:49:26Z" hostname="25971ef20d53" tests="1" skipped="0" failures="0" errors="0" time="0.122">
    <testcase time="0.122" classname="character(0)" name="check_ard_structure_works"/>
  </testsuite>
  <testsuite name="eval_capture_conditions" timestamp="2025-07-25T19:49:26Z" hostname="25971ef20d53" tests="4" skipped="0" failures="0" errors="0" time="0.318">
    <testcase time="0.316000000000003" classname="character(0)" name="eval_capture_conditions_works"/>
    <testcase time="0.000999999999997669" classname="character(0)" name="eval_capture_conditions_works"/>
    <testcase time="0" classname="character(0)" name="eval_capture_conditions_works"/>
    <testcase time="0.000999999999997669" classname="character(0)" name="eval_capture_conditions_works"/>
  </testsuite>
  <testsuite name="eval_capture_conditions" timestamp="2025-07-25T19:49:26Z" hostname="25971ef20d53" tests="3" skipped="0" failures="0" errors="0" time="0.006">
    <testcase time="0.00399999999999778" classname="character(0)" name="captured_condition_as_message_works"/>
    <testcase time="0.00100000000000477" classname="character(0)" name="captured_condition_as_message_works"/>
    <testcase time="0.000999999999997669" classname="character(0)" name="captured_condition_as_message_works"/>
  </testsuite>
  <testsuite name="eval_capture_conditions" timestamp="2025-07-25T19:49:26Z" hostname="25971ef20d53" tests="3" skipped="0" failures="0" errors="0" time="0.005">
    <testcase time="0.00300000000000011" classname="character(0)" name="captured_condition_as_error_works"/>
    <testcase time="0.000999999999997669" classname="character(0)" name="captured_condition_as_error_works"/>
    <testcase time="0.00100000000000477" classname="character(0)" name="captured_condition_as_error_works"/>
  </testsuite>
  <testsuite name="get_ard_statistics" timestamp="2025-07-25T19:49:27Z" hostname="25971ef20d53" tests="2" skipped="0" failures="0" errors="0" time="0.172">
    <testcase time="0.170999999999999" classname="character(0)" name="get_ard_statistics_works"/>
    <testcase time="0.000999999999997669" classname="character(0)" name="get_ard_statistics_works"/>
  </testsuite>
  <testsuite name="label_round" timestamp="2025-07-25T19:49:27Z" hostname="25971ef20d53" tests="4" skipped="0" failures="0" errors="0" time="0.049">
    <testcase time="0.0480000000000018" classname="character(0)" name="label_round_works"/>
    <testcase time="0" classname="character(0)" name="label_round_works"/>
    <testcase time="0.000999999999997669" classname="character(0)" name="label_round_works"/>
    <testcase time="0" classname="character(0)" name="label_round_works"/>
  </testsuite>
  <testsuite name="mock" timestamp="2025-07-25T19:49:28Z" hostname="25971ef20d53" tests="1" skipped="0" failures="0" errors="0" time="1.024">
    <testcase time="1.024" classname="character(0)" name="mock_categorical_"/>
  </testsuite>
  <testsuite name="mock" timestamp="2025-07-25T19:49:28Z" hostname="25971ef20d53" tests="1" skipped="0" failures="0" errors="0" time="0.002">
    <testcase time="0.00200000000000244" classname="character(0)" name="mock_categorical_messaging"/>
  </testsuite>
  <testsuite name="mock" timestamp="2025-07-25T19:49:28Z" hostname="25971ef20d53" tests="1" skipped="0" failures="0" errors="0" time="0.002">
    <testcase time="0.00199999999999534" classname="character(0)" name="mock_continuous_"/>
  </testsuite>
  <testsuite name="mock" timestamp="2025-07-25T19:49:28Z" hostname="25971ef20d53" tests="1" skipped="0" failures="0" errors="0" time="0.002">
    <testcase time="0.00200000000000244" classname="character(0)" name="mock_continuous_messaging"/>
  </testsuite>
  <testsuite name="mock" timestamp="2025-07-25T19:49:28Z" hostname="25971ef20d53" tests="1" skipped="0" failures="0" errors="0" time="0.002">
    <testcase time="0.00200000000000244" classname="character(0)" name="mock_dichotomous_"/>
  </testsuite>
  <testsuite name="mock" timestamp="2025-07-25T19:49:28Z" hostname="25971ef20d53" tests="1" skipped="0" failures="0" errors="0" time="0.002">
    <testcase time="0.00199999999999534" classname="character(0)" name="mock_dichotomous_messaging"/>
  </testsuite>
  <testsuite name="mock" timestamp="2025-07-25T19:49:28Z" hostname="25971ef20d53" tests="1" skipped="0" failures="0" errors="0" time="0.002">
    <testcase time="0.00200000000000244" classname="character(0)" name="mock_missing_"/>
  </testsuite>
  <testsuite name="mock" timestamp="2025-07-25T19:49:28Z" hostname="25971ef20d53" tests="1" skipped="0" failures="0" errors="0" time="0.002">
    <testcase time="0.00200000000000244" classname="character(0)" name="mock_missing_messaging"/>
  </testsuite>
  <testsuite name="mock" timestamp="2025-07-25T19:49:28Z" hostname="25971ef20d53" tests="1" skipped="0" failures="0" errors="0" time="0.002">
    <testcase time="0.00199999999999534" classname="character(0)" name="mock_attributes_"/>
  </testsuite>
  <testsuite name="mock" timestamp="2025-07-25T19:49:28Z" hostname="25971ef20d53" tests="1" skipped="0" failures="0" errors="0" time="0.002">
    <testcase time="0.00200000000000244" classname="character(0)" name="mock_attributes_messaging"/>
  </testsuite>
  <testsuite name="mock" timestamp="2025-07-25T19:49:28Z" hostname="25971ef20d53" tests="1" skipped="0" failures="0" errors="0" time="0.002">
    <testcase time="0.00200000000000244" classname="character(0)" name="mock_total_n_"/>
  </testsuite>
  <testsuite name="nest_for_ard" timestamp="2025-07-25T19:49:28Z" hostname="25971ef20d53" tests="4" skipped="0" failures="0" errors="0" time="0.152">
    <testcase time="0.147999999999996" classname="character(0)" name="nest_for_ard_works"/>
    <testcase time="0.00100000000000477" classname="character(0)" name="nest_for_ard_works"/>
    <testcase time="0" classname="character(0)" name="nest_for_ard_works"/>
    <testcase time="0.00300000000000011" classname="character(0)" name="nest_for_ard_works"/>
  </testsuite>
  <testsuite name="options" timestamp="2025-07-25T19:49:28Z" hostname="25971ef20d53" tests="2" skipped="0" failures="0" errors="0" time="0.281">
    <testcase time="0.280999999999999" classname="character(0)" name="options_cards.round_type_"/>
    <testcase time="0" classname="character(0)" name="options_cards.round_type_"/>
  </testsuite>
  <testsuite name="options" timestamp="2025-07-25T19:49:28Z" hostname="25971ef20d53" tests="1" skipped="0" failures="0" errors="0" time="0.002">
    <testcase time="0.00199999999999534" classname="character(0)" name="options_cards.round_type_messaging"/>
  </testsuite>
  <testsuite name="print" timestamp="2025-07-25T19:49:29Z" hostname="25971ef20d53" tests="5" skipped="0" failures="0" errors="0" time="0.679">
    <testcase time="0.676000000000002" classname="character(0)" name="print.card_works"/>
    <testcase time="0.000999999999997669" classname="character(0)" name="print.card_works"/>
    <testcase time="0" classname="character(0)" name="print.card_works"/>
    <testcase time="0.00100000000000477" classname="character(0)" name="print.card_works"/>
    <testcase time="0.000999999999997669" classname="character(0)" name="print.card_works"/>
  </testsuite>
  <testsuite name="print_ard_conditions" timestamp="2025-07-25T19:49:30Z" hostname="25971ef20d53" tests="5" skipped="0" failures="0" errors="0" time="1.503">
    <testcase time="1.501" classname="character(0)" name="print_ard_conditions_works"/>
    <testcase time="0.00100000000000477" classname="character(0)" name="print_ard_conditions_works"/>
    <testcase time="0" classname="character(0)" name="print_ard_conditions_works"/>
    <testcase time="0.000999999999997669" classname="character(0)" name="print_ard_conditions_works"/>
    <testcase time="0" classname="character(0)" name="print_ard_conditions_works"/>
  </testsuite>
  <testsuite name="print_ard_conditions" timestamp="2025-07-25T19:49:30Z" hostname="25971ef20d53" tests="2" skipped="0" failures="0" errors="0" time="0.006">
    <testcase time="0.00300000000000011" classname="character(0)" name="print_ard_conditions_condition_type_"/>
    <testcase time="0.00300000000000011" classname="character(0)" name="print_ard_conditions_condition_type_"/>
  </testsuite>
  <testsuite name="print_ard_conditions" timestamp="2025-07-25T19:49:30Z" hostname="25971ef20d53" tests="1" skipped="0" failures="0" errors="0" time="0.002">
    <testcase time="0.00200000000000244" classname="character(0)" name="print_ard_conditions_no_error_when_error_warning_columns_not_present"/>
  </testsuite>
  <testsuite name="print_ard_conditions" timestamp="2025-07-25T19:49:30Z" hostname="25971ef20d53" tests="1" skipped="0" failures="0" errors="0" time="0.002">
    <testcase time="0.00199999999999534" classname="character(0)" name="print_ard_conditions_no_error_when_factors_are_present"/>
  </testsuite>
  <testsuite name="print_ard_conditions" timestamp="2025-07-25T19:49:30Z" hostname="25971ef20d53" tests="1" skipped="0" failures="0" errors="0" time="0.002">
    <testcase time="0.00200000000000244" classname="character(0)" name="print_ard_conditions_works_when_curly_brackets_appear_in_condition_message"/>
  </testsuite>
  <testsuite name="process_selectors" timestamp="2025-07-25T19:49:31Z" hostname="25971ef20d53" tests="3" skipped="0" failures="0" errors="0" time="0.373">
    <testcase time="0.372" classname="character(0)" name="process_selectors_works"/>
    <testcase time="0" classname="character(0)" name="process_selectors_works"/>
    <testcase time="0.000999999999997669" classname="character(0)" name="process_selectors_works"/>
  </testsuite>
  <testsuite name="process_selectors" timestamp="2025-07-25T19:49:31Z" hostname="25971ef20d53" tests="2" skipped="0" failures="0" errors="0" time="0.003">
    <testcase time="0.00200000000000244" classname="character(0)" name="process_formula_selectors_works"/>
    <testcase time="0.000999999999997669" classname="character(0)" name="process_formula_selectors_works"/>
  </testsuite>
  <testsuite name="process_selectors" timestamp="2025-07-25T19:49:31Z" hostname="25971ef20d53" tests="2" skipped="0" failures="0" errors="0" time="0.002">
    <testcase time="0.00200000000000244" classname="character(0)" name="process_formula_selectors_error_messaging"/>
    <testcase time="0" classname="character(0)" name="process_formula_selectors_error_messaging"/>
  </testsuite>
  <testsuite name="process_selectors" timestamp="2025-07-25T19:49:31Z" hostname="25971ef20d53" tests="7" skipped="0" failures="0" errors="0" time="0.006">
    <testcase time="0.00300000000000011" classname="character(0)" name="compute_formula_selector_selects_the_last_assignment_when_multiple_appear"/>
    <testcase time="0" classname="character(0)" name="compute_formula_selector_selects_the_last_assignment_when_multiple_appear"/>
    <testcase time="0.000999999999997669" classname="character(0)" name="compute_formula_selector_selects_the_last_assignment_when_multiple_appear"/>
    <testcase time="0" classname="character(0)" name="compute_formula_selector_selects_the_last_assignment_when_multiple_appear"/>
    <testcase time="0.00100000000000477" classname="character(0)" name="compute_formula_selector_selects_the_last_assignment_when_multiple_appear"/>
    <testcase time="0" classname="character(0)" name="compute_formula_selector_selects_the_last_assignment_when_multiple_appear"/>
    <testcase time="0.000999999999997669" classname="character(0)" name="compute_formula_selector_selects_the_last_assignment_when_multiple_appear"/>
  </testsuite>
  <testsuite name="process_selectors" timestamp="2025-07-25T19:49:31Z" hostname="25971ef20d53" tests="1" skipped="0" failures="0" errors="0" time="0.002">
    <testcase time="0.00200000000000244" classname="character(0)" name="cards_select_deprecation_error_with_vars_"/>
  </testsuite>
  <testsuite name="rename_ard_columns" timestamp="2025-07-25T19:49:31Z" hostname="25971ef20d53" tests="3" skipped="0" failures="0" errors="0" time="0.703">
    <testcase time="0.701000000000001" classname="character(0)" name="rename_ard_columns_columns_"/>
    <testcase time="0.000999999999997669" classname="character(0)" name="rename_ard_columns_columns_"/>
    <testcase time="0.000999999999997669" classname="character(0)" name="rename_ard_columns_columns_"/>
  </testsuite>
  <testsuite name="rename_ard_columns" timestamp="2025-07-25T19:49:31Z" hostname="25971ef20d53" tests="2" skipped="0" failures="0" errors="0" time="0.002">
    <testcase time="0.00200000000000244" classname="character(0)" name="rename_ard_columns_columns_messsaging"/>
    <testcase time="0" classname="character(0)" name="rename_ard_columns_columns_messsaging"/>
  </testsuite>
  <testsuite name="rename_ard_columns" timestamp="2025-07-25T19:49:31Z" hostname="25971ef20d53" tests="1" skipped="0" failures="0" errors="0" time="0.002">
    <testcase time="0.00200000000000244" classname="character(0)" name="rename_ard_columns_unlist_lifecycle"/>
  </testsuite>
  <testsuite name="rename_ard_groups" timestamp="2025-07-25T19:49:33Z" hostname="25971ef20d53" tests="2" skipped="0" failures="0" errors="0" time="1.376">
    <testcase time="1.376" classname="character(0)" name="rename_ard_groups_shift_"/>
    <testcase time="0" classname="character(0)" name="rename_ard_groups_shift_"/>
  </testsuite>
  <testsuite name="rename_ard_groups" timestamp="2025-07-25T19:49:33Z" hostname="25971ef20d53" tests="1" skipped="0" failures="0" errors="0" time="0.003">
    <testcase time="0.00300000000000011" classname="character(0)" name="rename_ard_groups_shift_messaging"/>
  </testsuite>
  <testsuite name="rename_ard_groups" timestamp="2025-07-25T19:49:33Z" hostname="25971ef20d53" tests="2" skipped="0" failures="0" errors="0" time="0.002">
    <testcase time="0.00200000000000244" classname="character(0)" name="rename_ard_groups_reverse_"/>
    <testcase time="0" classname="character(0)" name="rename_ard_groups_reverse_"/>
  </testsuite>
  <testsuite name="replace_null_statistic" timestamp="2025-07-25T19:49:33Z" hostname="25971ef20d53" tests="2" skipped="0" failures="0" errors="0" time="0.086">
    <testcase time="0.0849999999999937" classname="character(0)" name="replace_null_statistic_works"/>
    <testcase time="0.00100000000000477" classname="character(0)" name="replace_null_statistic_works"/>
  </testsuite>
  <testsuite name="round5" timestamp="2025-07-25T19:49:33Z" hostname="25971ef20d53" tests="3" skipped="0" failures="0" errors="0" time="0.163">
    <testcase time="0.161999999999999" classname="character(0)" name="round5_works"/>
    <testcase time="0" classname="character(0)" name="round5_works"/>
    <testcase time="0.000999999999997669" classname="character(0)" name="round5_works"/>
  </testsuite>
  <testsuite name="selectors" timestamp="2025-07-25T19:49:35Z" hostname="25971ef20d53" tests="10" skipped="0" failures="0" errors="0" time="1.518">
    <testcase time="1.513" classname="character(0)" name="selectors_work"/>
    <testcase time="0.00100000000000477" classname="character(0)" name="selectors_work"/>
    <testcase time="0" classname="character(0)" name="selectors_work"/>
    <testcase time="0.000999999999997669" classname="character(0)" name="selectors_work"/>
    <testcase time="0" classname="character(0)" name="selectors_work"/>
    <testcase time="0.000999999999997669" classname="character(0)" name="selectors_work"/>
    <testcase time="0" classname="character(0)" name="selectors_work"/>
    <testcase time="0.00100000000000477" classname="character(0)" name="selectors_work"/>
    <testcase time="0.000999999999997669" classname="character(0)" name="selectors_work"/>
    <testcase time="0" classname="character(0)" name="selectors_work"/>
  </testsuite>
  <testsuite name="filter_ard_hierarchical" timestamp="2025-07-25T19:49:37Z" hostname="25971ef20d53" tests="5" skipped="0" failures="0" errors="0" time="2.433">
    <testcase time="2.43" classname="character(0)" name="filter_ard_hierarchical_works"/>
    <testcase time="0.000999999999997669" classname="character(0)" name="filter_ard_hierarchical_works"/>
    <testcase time="0.000999999999997669" classname="character(0)" name="filter_ard_hierarchical_works"/>
    <testcase time="0" classname="character(0)" name="filter_ard_hierarchical_works"/>
    <testcase time="0.00100000000000477" classname="character(0)" name="filter_ard_hierarchical_works"/>
  </testsuite>
  <testsuite name="filter_ard_hierarchical" timestamp="2025-07-25T19:49:37Z" hostname="25971ef20d53" tests="10" skipped="0" failures="0" errors="0" time="0.009">
    <testcase time="0.00300000000000011" classname="character(0)" name="filter_ard_hierarchical_works_with_non_standard_filters"/>
    <testcase time="0.000999999999997669" classname="character(0)" name="filter_ard_hierarchical_works_with_non_standard_filters"/>
    <testcase time="0.000999999999997669" classname="character(0)" name="filter_ard_hierarchical_works_with_non_standard_filters"/>
    <testcase time="0.00100000000000477" classname="character(0)" name="filter_ard_hierarchical_works_with_non_standard_filters"/>
    <testcase time="0.000999999999997669" classname="character(0)" name="filter_ard_hierarchical_works_with_non_standard_filters"/>
    <testcase time="0" classname="character(0)" name="filter_ard_hierarchical_works_with_non_standard_filters"/>
    <testcase time="0.000999999999997669" classname="character(0)" name="filter_ard_hierarchical_works_with_non_standard_filters"/>
    <testcase time="0" classname="character(0)" name="filter_ard_hierarchical_works_with_non_standard_filters"/>
    <testcase time="0.00100000000000477" classname="character(0)" name="filter_ard_hierarchical_works_with_non_standard_filters"/>
    <testcase time="0" classname="character(0)" name="filter_ard_hierarchical_works_with_non_standard_filters"/>
  </testsuite>
  <testsuite name="filter_ard_hierarchical" timestamp="2025-07-25T19:49:37Z" hostname="25971ef20d53" tests="18" skipped="0" failures="0" errors="0" time="0.012">
    <testcase time="0.00300000000000011" classname="character(0)" name="filter_ard_hierarchical_works_with_column_specific_filters"/>
    <testcase time="0" classname="character(0)" name="filter_ard_hierarchical_works_with_column_specific_filters"/>
    <testcase time="0.000999999999997669" classname="character(0)" name="filter_ard_hierarchical_works_with_column_specific_filters"/>
    <testcase time="0" classname="character(0)" name="filter_ard_hierarchical_works_with_column_specific_filters"/>
    <testcase time="0.000999999999997669" classname="character(0)" name="filter_ard_hierarchical_works_with_column_specific_filters"/>
    <testcase time="0" classname="character(0)" name="filter_ard_hierarchical_works_with_column_specific_filters"/>
    <testcase time="0.00100000000000477" classname="character(0)" name="filter_ard_hierarchical_works_with_column_specific_filters"/>
    <testcase time="0" classname="character(0)" name="filter_ard_hierarchical_works_with_column_specific_filters"/>
    <testcase time="0.000999999999997669" classname="character(0)" name="filter_ard_hierarchical_works_with_column_specific_filters"/>
    <testcase time="0" classname="character(0)" name="filter_ard_hierarchical_works_with_column_specific_filters"/>
    <testcase time="0.000999999999997669" classname="character(0)" name="filter_ard_hierarchical_works_with_column_specific_filters"/>
    <testcase time="0.00100000000000477" classname="character(0)" name="filter_ard_hierarchical_works_with_column_specific_filters"/>
    <testcase time="0" classname="character(0)" name="filter_ard_hierarchical_works_with_column_specific_filters"/>
    <testcase time="0.000999999999997669" classname="character(0)" name="filter_ard_hierarchical_works_with_column_specific_filters"/>
    <testcase time="0" classname="character(0)" name="filter_ard_hierarchical_works_with_column_specific_filters"/>
    <testcase time="0.000999999999997669" classname="character(0)" name="filter_ard_hierarchical_works_with_column_specific_filters"/>
    <testcase time="0" classname="character(0)" name="filter_ard_hierarchical_works_with_column_specific_filters"/>
    <testcase time="0.00100000000000477" classname="character(0)" name="filter_ard_hierarchical_works_with_column_specific_filters"/>
  </testsuite>
  <testsuite name="filter_ard_hierarchical" timestamp="2025-07-25T19:49:37Z" hostname="25971ef20d53" tests="4" skipped="0" failures="0" errors="0" time="0.004">
    <testcase time="0.00199999999999534" classname="character(0)" name="filter_ard_hierarchical_works_with_ard_stack_hierarchical_count_results"/>
    <testcase time="0.00100000000000477" classname="character(0)" name="filter_ard_hierarchical_works_with_ard_stack_hierarchical_count_results"/>
    <testcase time="0" classname="character(0)" name="filter_ard_hierarchical_works_with_ard_stack_hierarchical_count_results"/>
    <testcase time="0.000999999999997669" classname="character(0)" name="filter_ard_hierarchical_works_with_ard_stack_hierarchical_count_results"/>
  </testsuite>
  <testsuite name="filter_ard_hierarchical" timestamp="2025-07-25T19:49:37Z" hostname="25971ef20d53" tests="3" skipped="0" failures="0" errors="0" time="0.003">
    <testcase time="0.00200000000000244" classname="character(0)" name="filter_ard_hierarchical_returns_only_summary_rows_when_all_rows_filtered_out"/>
    <testcase time="0" classname="character(0)" name="filter_ard_hierarchical_returns_only_summary_rows_when_all_rows_filtered_out"/>
    <testcase time="0.000999999999997669" classname="character(0)" name="filter_ard_hierarchical_returns_only_summary_rows_when_all_rows_filtered_out"/>
  </testsuite>
  <testsuite name="filter_ard_hierarchical" timestamp="2025-07-25T19:49:37Z" hostname="25971ef20d53" tests="7" skipped="0" failures="0" errors="0" time="0.005">
    <testcase time="0.00200000000000244" classname="character(0)" name="filter_ard_hierarchical_var_works"/>
    <testcase time="0.000999999999997669" classname="character(0)" name="filter_ard_hierarchical_var_works"/>
    <testcase time="0" classname="character(0)" name="filter_ard_hierarchical_var_works"/>
    <testcase time="0.000999999999997669" classname="character(0)" name="filter_ard_hierarchical_var_works"/>
    <testcase time="0" classname="character(0)" name="filter_ard_hierarchical_var_works"/>
    <testcase time="0.00100000000000477" classname="character(0)" name="filter_ard_hierarchical_var_works"/>
    <testcase time="0" classname="character(0)" name="filter_ard_hierarchical_var_works"/>
  </testsuite>
  <testsuite name="filter_ard_hierarchical" timestamp="2025-07-25T19:49:37Z" hostname="25971ef20d53" tests="10" skipped="0" failures="0" errors="0" time="0.007">
    <testcase time="0.00199999999999534" classname="character(0)" name="filter_ard_hierarchical_keep_empty_works"/>
    <testcase time="0.00100000000000477" classname="character(0)" name="filter_ard_hierarchical_keep_empty_works"/>
    <testcase time="0.000999999999997669" classname="character(0)" name="filter_ard_hierarchical_keep_empty_works"/>
    <testcase time="0" classname="character(0)" name="filter_ard_hierarchical_keep_empty_works"/>
    <testcase time="0.000999999999997669" classname="character(0)" name="filter_ard_hierarchical_keep_empty_works"/>
    <testcase time="0" classname="character(0)" name="filter_ard_hierarchical_keep_empty_works"/>
    <testcase time="0.00100000000000477" classname="character(0)" name="filter_ard_hierarchical_keep_empty_works"/>
    <testcase time="0" classname="character(0)" name="filter_ard_hierarchical_keep_empty_works"/>
    <testcase time="0.000999999999997669" classname="character(0)" name="filter_ard_hierarchical_keep_empty_works"/>
    <testcase time="0" classname="character(0)" name="filter_ard_hierarchical_keep_empty_works"/>
  </testsuite>
  <testsuite name="filter_ard_hierarchical" timestamp="2025-07-25T19:49:37Z" hostname="25971ef20d53" tests="2" skipped="0" failures="0" errors="0" time="0.003">
    <testcase time="0.00200000000000244" classname="character(0)" name="filter_ard_hierarchical_works_with_only_one_variable_in_x"/>
    <testcase time="0.000999999999997669" classname="character(0)" name="filter_ard_hierarchical_works_with_only_one_variable_in_x"/>
  </testsuite>
  <testsuite name="filter_ard_hierarchical" timestamp="2025-07-25T19:49:37Z" hostname="25971ef20d53" tests="1" skipped="0" failures="0" errors="0" time="0.003">
    <testcase time="0.00300000000000011" classname="character(0)" name="filter_ard_hierarchical_works_when_some_variables_not_included_in_x"/>
  </testsuite>
  <testsuite name="filter_ard_hierarchical" timestamp="2025-07-25T19:49:37Z" hostname="25971ef20d53" tests="1" skipped="0" failures="0" errors="0" time="0.002">
    <testcase time="0.00200000000000244" classname="character(0)" name="filter_ard_hierarchical_works_with_overall_data"/>
  </testsuite>
  <testsuite name="filter_ard_hierarchical" timestamp="2025-07-25T19:49:37Z" hostname="25971ef20d53" tests="9" skipped="0" failures="0" errors="0" time="0.009">
    <testcase time="0.00399999999999778" classname="character(0)" name="filter_ard_hierarchical_error_messaging_works"/>
    <testcase time="0.000999999999997669" classname="character(0)" name="filter_ard_hierarchical_error_messaging_works"/>
    <testcase time="0" classname="character(0)" name="filter_ard_hierarchical_error_messaging_works"/>
    <testcase time="0.000999999999997669" classname="character(0)" name="filter_ard_hierarchical_error_messaging_works"/>
    <testcase time="0" classname="character(0)" name="filter_ard_hierarchical_error_messaging_works"/>
    <testcase time="0.00100000000000477" classname="character(0)" name="filter_ard_hierarchical_error_messaging_works"/>
    <testcase time="0.000999999999997669" classname="character(0)" name="filter_ard_hierarchical_error_messaging_works"/>
    <testcase time="0" classname="character(0)" name="filter_ard_hierarchical_error_messaging_works"/>
    <testcase time="0.000999999999997669" classname="character(0)" name="filter_ard_hierarchical_error_messaging_works"/>
  </testsuite>
  <testsuite name="shuffle_ard" timestamp="2025-07-25T19:49:41Z" hostname="25971ef20d53" tests="7" skipped="0" failures="0" errors="0" time="4.229">
    <testcase time="4.219" classname="character(0)" name="shuffle_trim_works"/>
    <testcase time="0.00100000000000477" classname="character(0)" name="shuffle_trim_works"/>
    <testcase time="0.000999999999990564" classname="character(0)" name="shuffle_trim_works"/>
    <testcase time="0.00500000000000966" classname="character(0)" name="shuffle_trim_works"/>
    <testcase time="0.000999999999990564" classname="character(0)" name="shuffle_trim_works"/>
    <testcase time="0.00100000000000477" classname="character(0)" name="shuffle_trim_works"/>
    <testcase time="0.00100000000000477" classname="character(0)" name="shuffle_trim_works"/>
  </testsuite>
  <testsuite name="shuffle_ard" timestamp="2025-07-25T19:49:41Z" hostname="25971ef20d53" tests="1" skipped="0" failures="0" errors="0" time="0.003">
    <testcase time="0.00300000000000011" classname="character(0)" name="shuffle_ard_handles_protected_names"/>
  </testsuite>
  <testsuite name="shuffle_ard" timestamp="2025-07-25T19:49:41Z" hostname="25971ef20d53" tests="1" skipped="0" failures="0" errors="0" time="0.002">
    <testcase time="0.00199999999999534" classname="character(0)" name="shuffle_ard_notifies_user_about_warnings_errors_before_dropping"/>
  </testsuite>
  <testsuite name="shuffle_ard" timestamp="2025-07-25T19:49:41Z" hostname="25971ef20d53" tests="5" skipped="0" failures="0" errors="0" time="0.005">
    <testcase time="0.00199999999999534" classname="character(0)" name="shuffle_ard_fills_missing_group_levels_if_the_group_is_meaningful"/>
    <testcase time="0.00100000000000477" classname="character(0)" name="shuffle_ard_fills_missing_group_levels_if_the_group_is_meaningful"/>
    <testcase time="0" classname="character(0)" name="shuffle_ard_fills_missing_group_levels_if_the_group_is_meaningful"/>
    <testcase time="0.00100000000000477" classname="character(0)" name="shuffle_ard_fills_missing_group_levels_if_the_group_is_meaningful"/>
    <testcase time="0.000999999999990564" classname="character(0)" name="shuffle_ard_fills_missing_group_levels_if_the_group_is_meaningful"/>
  </testsuite>
  <testsuite name="shuffle_ard" timestamp="2025-07-25T19:49:41Z" hostname="25971ef20d53" tests="1" skipped="0" failures="0" errors="0" time="0.002">
    <testcase time="0.00200000000000955" classname="character(0)" name="shuffle_ard_doesn_t_trim_off_NULL_NA_values"/>
  </testsuite>
  <testsuite name="shuffle_ard" timestamp="2025-07-25T19:49:41Z" hostname="25971ef20d53" tests="2" skipped="0" failures="0" errors="0" time="0.002">
    <testcase time="0.00199999999999534" classname="character(0)" name="shuffle_ard_coerces_all_factor_groups_variables_to_character"/>
    <testcase time="0" classname="character(0)" name="shuffle_ard_coerces_all_factor_groups_variables_to_character"/>
  </testsuite>
  <testsuite name="shuffle_ard" timestamp="2025-07-25T19:49:41Z" hostname="25971ef20d53" tests="1" skipped="0" failures="0" errors="0" time="0.002">
    <testcase time="0.00199999999999534" classname="character(0)" name="shuffle_ard_fills_missing_group_levels_if_the_group_is_meaningful_for_cardx_output"/>
  </testsuite>
  <testsuite name="shuffle_ard" timestamp="2025-07-25T19:49:41Z" hostname="25971ef20d53" tests="4" skipped="0" failures="0" errors="0" time="0.004">
    <testcase time="0.00200000000000955" classname="character(0)" name="shuffle_ard_fills_grouping_columns_with_Overall_var_or_Any_var_"/>
    <testcase time="0.000999999999990564" classname="character(0)" name="shuffle_ard_fills_grouping_columns_with_Overall_var_or_Any_var_"/>
    <testcase time="0.00100000000000477" classname="character(0)" name="shuffle_ard_fills_grouping_columns_with_Overall_var_or_Any_var_"/>
    <testcase time="0" classname="character(0)" name="shuffle_ard_fills_grouping_columns_with_Overall_var_or_Any_var_"/>
  </testsuite>
  <testsuite name="shuffle_ard" timestamp="2025-07-25T19:49:41Z" hostname="25971ef20d53" tests="4" skipped="0" failures="0" errors="0" time="0.004">
    <testcase time="0.00199999999999534" classname="character(0)" name="shuffle_ard_fills_with_multiple_by_columns"/>
    <testcase time="0.00100000000000477" classname="character(0)" name="shuffle_ard_fills_with_multiple_by_columns"/>
    <testcase time="0" classname="character(0)" name="shuffle_ard_fills_with_multiple_by_columns"/>
    <testcase time="0.00100000000000477" classname="character(0)" name="shuffle_ard_fills_with_multiple_by_columns"/>
  </testsuite>
  <testsuite name="shuffle_ard" timestamp="2025-07-25T19:49:41Z" hostname="25971ef20d53" tests="6" skipped="0" failures="0" errors="0" time="0.005">
    <testcase time="0.00199999999999534" classname="character(0)" name="shuffle_ard_messages_about_Overall_var_or_Any_var_"/>
    <testcase time="0.00100000000000477" classname="character(0)" name="shuffle_ard_messages_about_Overall_var_or_Any_var_"/>
    <testcase time="0" classname="character(0)" name="shuffle_ard_messages_about_Overall_var_or_Any_var_"/>
    <testcase time="0.000999999999990564" classname="character(0)" name="shuffle_ard_messages_about_Overall_var_or_Any_var_"/>
    <testcase time="0" classname="character(0)" name="shuffle_ard_messages_about_Overall_var_or_Any_var_"/>
    <testcase time="0.00100000000000477" classname="character(0)" name="shuffle_ard_messages_about_Overall_var_or_Any_var_"/>
  </testsuite>
  <testsuite name="shuffle_ard" timestamp="2025-07-25T19:49:41Z" hostname="25971ef20d53" tests="1" skipped="0" failures="0" errors="0" time="0.002">
    <testcase time="0.00199999999999534" classname="character(0)" name="shuffle_ard_preserves_the_attributes_of_a_card_object"/>
  </testsuite>
  <testsuite name="tidy_ard_column_order" timestamp="2025-07-25T19:49:41Z" hostname="25971ef20d53" tests="1" skipped="0" failures="0" errors="0" time="0.126">
    <testcase time="0.126000000000005" classname="character(0)" name="tidy_ard_column_order_works"/>
  </testsuite>
  <testsuite name="tidy_ard_row_order" timestamp="2025-07-25T19:49:42Z" hostname="25971ef20d53" tests="1" skipped="0" failures="0" errors="0" time="0.268">
    <testcase time="0.268000000000001" classname="character(0)" name="tidy_ard_row_order_works"/>
  </testsuite>
  <testsuite name="tidy_as_ard" timestamp="2025-07-25T19:49:42Z" hostname="25971ef20d53" tests="4" skipped="0" failures="0" errors="0" time="0.37">
    <testcase time="0.367999999999995" classname="character(0)" name="tidy_as_ard_works"/>
    <testcase time="0" classname="character(0)" name="tidy_as_ard_works"/>
    <testcase time="0.00100000000000477" classname="character(0)" name="tidy_as_ard_works"/>
    <testcase time="0.00100000000000477" classname="character(0)" name="tidy_as_ard_works"/>
  </testsuite>
  <testsuite name="sort_ard_hierarchical" timestamp="2025-07-25T19:49:42Z" hostname="25971ef20d53" tests="3" skipped="0" failures="0" errors="0" time="0.143">
    <testcase time="0.140999999999991" classname="character(0)" name="sort_ard_hierarchical_works"/>
    <testcase time="0.00100000000000477" classname="character(0)" name="sort_ard_hierarchical_works"/>
    <testcase time="0.000999999999990564" classname="character(0)" name="sort_ard_hierarchical_works"/>
  </testsuite>
  <testsuite name="sort_ard_hierarchical" timestamp="2025-07-25T19:49:42Z" hostname="25971ef20d53" tests="4" skipped="0" failures="0" errors="0" time="0.005">
    <testcase time="0.00300000000000011" classname="character(0)" name="sort_ard_hierarchical_sort_descending_works"/>
    <testcase time="0" classname="character(0)" name="sort_ard_hierarchical_sort_descending_works"/>
    <testcase time="0.00100000000000477" classname="character(0)" name="sort_ard_hierarchical_sort_descending_works"/>
    <testcase time="0.000999999999990564" classname="character(0)" name="sort_ard_hierarchical_sort_descending_works"/>
  </testsuite>
  <testsuite name="sort_ard_hierarchical" timestamp="2025-07-25T19:49:42Z" hostname="25971ef20d53" tests="4" skipped="0" failures="0" errors="0" time="0.005">
    <testcase time="0.00300000000000011" classname="character(0)" name="sort_ard_hierarchical_sort_alphanumeric_works"/>
    <testcase time="0.00100000000000477" classname="character(0)" name="sort_ard_hierarchical_sort_alphanumeric_works"/>
    <testcase time="0" classname="character(0)" name="sort_ard_hierarchical_sort_alphanumeric_works"/>
    <testcase time="0.00100000000000477" classname="character(0)" name="sort_ard_hierarchical_sort_alphanumeric_works"/>
  </testsuite>
  <testsuite name="sort_ard_hierarchical" timestamp="2025-07-25T19:49:42Z" hostname="25971ef20d53" tests="4" skipped="0" failures="0" errors="0" time="0.004">
    <testcase time="0.00199999999999534" classname="character(0)" name="sort_ard_hierarchical_works_when_there_is_no_overall_row_in_x"/>
    <testcase time="0.00100000000000477" classname="character(0)" name="sort_ard_hierarchical_works_when_there_is_no_overall_row_in_x"/>
    <testcase time="0" classname="character(0)" name="sort_ard_hierarchical_works_when_there_is_no_overall_row_in_x"/>
    <testcase time="0.000999999999990564" classname="character(0)" name="sort_ard_hierarchical_works_when_there_is_no_overall_row_in_x"/>
  </testsuite>
  <testsuite name="sort_ard_hierarchical" timestamp="2025-07-25T19:49:42Z" hostname="25971ef20d53" tests="4" skipped="0" failures="0" errors="0" time="0.003">
    <testcase time="0.00200000000000955" classname="character(0)" name="sort_ard_hierarchical_works_with_only_one_variable_in_x"/>
    <testcase time="0" classname="character(0)" name="sort_ard_hierarchical_works_with_only_one_variable_in_x"/>
    <testcase time="0.000999999999990564" classname="character(0)" name="sort_ard_hierarchical_works_with_only_one_variable_in_x"/>
    <testcase time="0" classname="character(0)" name="sort_ard_hierarchical_works_with_only_one_variable_in_x"/>
  </testsuite>
  <testsuite name="sort_ard_hierarchical" timestamp="2025-07-25T19:49:42Z" hostname="25971ef20d53" tests="1" skipped="0" failures="0" errors="0" time="0.003">
    <testcase time="0.00300000000000011" classname="character(0)" name="sort_ard_hierarchical_works_when_some_variables_not_included_in_x"/>
  </testsuite>
  <testsuite name="sort_ard_hierarchical" timestamp="2025-07-25T19:49:42Z" hostname="25971ef20d53" tests="1" skipped="0" failures="0" errors="0" time="0.002">
    <testcase time="0.00200000000000955" classname="character(0)" name="sort_ard_hierarchical_works_when_sorting_using_p_instead_of_n"/>
  </testsuite>
  <testsuite name="sort_ard_hierarchical" timestamp="2025-07-25T19:49:42Z" hostname="25971ef20d53" tests="3" skipped="0" failures="0" errors="0" time="0.003">
    <testcase time="0.00199999999999534" classname="character(0)" name="sort_ard_hierarchical_works_with_overall_data"/>
    <testcase time="0" classname="character(0)" name="sort_ard_hierarchical_works_with_overall_data"/>
    <testcase time="0.00100000000000477" classname="character(0)" name="sort_ard_hierarchical_works_with_overall_data"/>
  </testsuite>
  <testsuite name="sort_ard_hierarchical" timestamp="2025-07-25T19:49:42Z" hostname="25971ef20d53" tests="3" skipped="0" failures="0" errors="0" time="0.006">
    <testcase time="0.00499999999999545" classname="character(0)" name="sort_ard_hierarchical_error_messaging_works"/>
    <testcase time="0.00100000000000477" classname="character(0)" name="sort_ard_hierarchical_error_messaging_works"/>
    <testcase time="0" classname="character(0)" name="sort_ard_hierarchical_error_messaging_works"/>
  </testsuite>
  <testsuite name="unlist_ard_columns" timestamp="2025-07-25T19:49:43Z" hostname="25971ef20d53" tests="3" skipped="0" failures="0" errors="0" time="0.56">
    <testcase time="0.557999999999993" classname="character(0)" name="unlist_ard_columns_"/>
    <testcase time="0.00100000000000477" classname="character(0)" name="unlist_ard_columns_"/>
    <testcase time="0.000999999999990564" classname="character(0)" name="unlist_ard_columns_"/>
  </testsuite>
  <testsuite name="unlist_ard_columns" timestamp="2025-07-25T19:49:43Z" hostname="25971ef20d53" tests="1" skipped="0" failures="0" errors="0" time="0.004">
    <testcase time="0.00400000000000489" classname="character(0)" name="unlist_ard_columns_messaging"/>
  </testsuite>
  <testsuite name="unlist_ard_columns" timestamp="2025-07-25T19:49:43Z" hostname="25971ef20d53" tests="2" skipped="0" failures="0" errors="0" time="0.005">
    <testcase time="0.00400000000000489" classname="character(0)" name="unlist_ard_columns_fct_as_chr_"/>
    <testcase time="0.000999999999990564" classname="character(0)" name="unlist_ard_columns_fct_as_chr_"/>
  </testsuite>
  <testsuite name="update_ard" timestamp="2025-07-25T19:49:43Z" hostname="25971ef20d53" tests="2" skipped="0" failures="0" errors="0" time="0.651">
    <testcase time="0.65100000000001" classname="character(0)" name="update_ard_fmt_fun_"/>
    <testcase time="0" classname="character(0)" name="update_ard_fmt_fun_"/>
  </testsuite>
  <testsuite name="update_ard" timestamp="2025-07-25T19:49:43Z" hostname="25971ef20d53" tests="1" skipped="0" failures="0" errors="0" time="0.002">
    <testcase time="0.00199999999999534" classname="character(0)" name="update_ard_fmt_fun_filter_"/>
  </testsuite>
  <testsuite name="update_ard" timestamp="2025-07-25T19:49:43Z" hostname="25971ef20d53" tests="2" skipped="0" failures="0" errors="0" time="0.003">
    <testcase time="0.00300000000000011" classname="character(0)" name="update_ard_fmt_fun_filter_messaging"/>
    <testcase time="0" classname="character(0)" name="update_ard_fmt_fun_filter_messaging"/>
  </testsuite>
  <testsuite name="update_ard" timestamp="2025-07-25T19:49:43Z" hostname="25971ef20d53" tests="1" skipped="0" failures="0" errors="0" time="0.002">
    <testcase time="0.00199999999999534" classname="character(0)" name="update_ard_stat_label_"/>
  </testsuite>
  <testsuite name="update_ard" timestamp="2025-07-25T19:49:43Z" hostname="25971ef20d53" tests="1" skipped="0" failures="0" errors="0" time="0.002">
    <testcase time="0.00200000000000955" classname="character(0)" name="update_ard_stat_label_filter_"/>
  </testsuite>
  <testsuite name="update_ard" timestamp="2025-07-25T19:49:43Z" hostname="25971ef20d53" tests="2" skipped="0" failures="0" errors="0" time="0.003">
    <testcase time="0.00300000000000011" classname="character(0)" name="update_ard_stat_label_filter_messaging"/>
    <testcase time="0" classname="character(0)" name="update_ard_stat_label_filter_messaging"/>
  </testsuite>
</testsuites>
