<?xml version="1.0" encoding="UTF-8"?>
<testsuites>
  <testsuite name="add_calculated_row" timestamp="2025-03-24T18:09:21Z" hostname="4c5f8ebabfcb" tests="2" skipped="0" failures="0" errors="0" time="1.468">
    <testcase time="1.447" classname="character(0)" name="add_calculated_row_x_"/>
    <testcase time="0.0209999999999999" classname="character(0)" name="add_calculated_row_x_"/>
  </testsuite>
  <testsuite name="add_calculated_row" timestamp="2025-03-24T18:09:21Z" hostname="4c5f8ebabfcb" tests="1" skipped="0" failures="0" errors="0" time="0.007">
    <testcase time="0.00700000000000012" classname="character(0)" name="add_calculated_row_expr_messaging"/>
  </testsuite>
  <testsuite name="add_calculated_row" timestamp="2025-03-24T18:09:21Z" hostname="4c5f8ebabfcb" tests="1" skipped="0" failures="0" errors="0" time="0.007">
    <testcase time="0.00699999999999967" classname="character(0)" name="add_calculated_row_by_messaging"/>
  </testsuite>
  <testsuite name="apply_fmt_fn" timestamp="2025-03-24T18:09:21Z" hostname="4c5f8ebabfcb" tests="2" skipped="0" failures="0" errors="0" time="0.014">
    <testcase time="0.0140000000000002" classname="character(0)" name="apply_fmt_fn_works"/>
    <testcase time="0" classname="character(0)" name="apply_fmt_fn_works"/>
  </testsuite>
  <testsuite name="apply_fmt_fn" timestamp="2025-03-24T18:09:21Z" hostname="4c5f8ebabfcb" tests="1" skipped="0" failures="0" errors="0" time="0.001">
    <testcase time="0.00099999999999989" classname="character(0)" name="apply_fmt_fn_works_with_integer_specification"/>
  </testsuite>
  <testsuite name="apply_fmt_fn" timestamp="2025-03-24T18:09:21Z" hostname="4c5f8ebabfcb" tests="3" skipped="0" failures="0" errors="0" time="0.006">
    <testcase time="0.00499999999999989" classname="character(0)" name="apply_fmt_fn_works_with_xx_specification"/>
    <testcase time="0" classname="character(0)" name="apply_fmt_fn_works_with_xx_specification"/>
    <testcase time="0.00100000000000033" classname="character(0)" name="apply_fmt_fn_works_with_xx_specification"/>
  </testsuite>
  <testsuite name="apply_fmt_fn" timestamp="2025-03-24T18:09:21Z" hostname="4c5f8ebabfcb" tests="4" skipped="0" failures="0" errors="0" time="0.002">
    <testcase time="0.00099999999999989" classname="character(0)" name="apply_fmt_fn_error_messaging"/>
    <testcase time="0" classname="character(0)" name="apply_fmt_fn_error_messaging"/>
    <testcase time="0.00099999999999989" classname="character(0)" name="apply_fmt_fn_error_messaging"/>
    <testcase time="0" classname="character(0)" name="apply_fmt_fn_error_messaging"/>
  </testsuite>
  <testsuite name="apply_fmt_fn" timestamp="2025-03-24T18:09:21Z" hostname="4c5f8ebabfcb" tests="2" skipped="0" failures="0" errors="0" time="0.002">
    <testcase time="0.00200000000000022" classname="character(0)" name="apply_fmt_fn_replace_"/>
    <testcase time="0" classname="character(0)" name="apply_fmt_fn_replace_"/>
  </testsuite>
  <testsuite name="ard_attributes" timestamp="2025-03-24T18:09:21Z" hostname="4c5f8ebabfcb" tests="1" skipped="0" failures="0" errors="0" time="0.244">
    <testcase time="0.244" classname="character(0)" name="ard_attributes_works"/>
  </testsuite>
  <testsuite name="ard_attributes" timestamp="2025-03-24T18:09:21Z" hostname="4c5f8ebabfcb" tests="1" skipped="0" failures="0" errors="0" time="0.003">
    <testcase time="0.00300000000000011" classname="character(0)" name="ard_attributes_errors_when_there_is_no_dataframe"/>
  </testsuite>
  <testsuite name="ard_attributes" timestamp="2025-03-24T18:09:21Z" hostname="4c5f8ebabfcb" tests="1" skipped="0" failures="0" errors="0" time="0.002">
    <testcase time="0.00199999999999978" classname="character(0)" name="ard_attributes_follows_ard_structure"/>
  </testsuite>
  <testsuite name="ard_attributes" timestamp="2025-03-24T18:09:21Z" hostname="4c5f8ebabfcb" tests="1" skipped="0" failures="0" errors="0" time="0.002">
    <testcase time="0.00200000000000022" classname="character(0)" name="ard_attributes_requires_label_as_a_named_list"/>
  </testsuite>
  <testsuite name="ard_complex" timestamp="2025-03-24T18:09:23Z" hostname="4c5f8ebabfcb" tests="5" skipped="0" failures="0" errors="0" time="1.289">
    <testcase time="1.286" classname="character(0)" name="ard_complex_works"/>
    <testcase time="0.00099999999999989" classname="character(0)" name="ard_complex_works"/>
    <testcase time="0.00099999999999989" classname="character(0)" name="ard_complex_works"/>
    <testcase time="0.00100000000000033" classname="character(0)" name="ard_complex_works"/>
    <testcase time="0" classname="character(0)" name="ard_complex_works"/>
  </testsuite>
  <testsuite name="ard_complex" timestamp="2025-03-24T18:09:23Z" hostname="4c5f8ebabfcb" tests="1" skipped="0" failures="0" errors="0" time="0.006">
    <testcase time="0.00599999999999978" classname="character(0)" name="ard_complex_messaging"/>
  </testsuite>
  <testsuite name="ard_complex" timestamp="2025-03-24T18:09:23Z" hostname="4c5f8ebabfcb" tests="1" skipped="0" failures="0" errors="0" time="0.002">
    <testcase time="0.00200000000000022" classname="character(0)" name="ard_complex_with_grouped_data_works"/>
  </testsuite>
  <testsuite name="ard_complex" timestamp="2025-03-24T18:09:23Z" hostname="4c5f8ebabfcb" tests="1" skipped="0" failures="0" errors="0" time="0.002">
    <testcase time="0.00199999999999978" classname="character(0)" name="ard_complex_follows_ard_structure"/>
  </testsuite>
  <testsuite name="ard_complex" timestamp="2025-03-24T18:09:23Z" hostname="4c5f8ebabfcb" tests="2" skipped="0" failures="0" errors="0" time="0.002">
    <testcase time="0.00200000000000022" classname="character(0)" name="ard_complex_errors_with_incorrect_factor_columns"/>
    <testcase time="0" classname="character(0)" name="ard_complex_errors_with_incorrect_factor_columns"/>
  </testsuite>
  <testsuite name="ard_complex" timestamp="2025-03-24T18:09:23Z" hostname="4c5f8ebabfcb" tests="2" skipped="0" failures="0" errors="0" time="0.002">
    <testcase time="0.00199999999999978" classname="character(0)" name="ard_complex_with_as_cards_fn_inputs"/>
    <testcase time="0" classname="character(0)" name="ard_complex_with_as_cards_fn_inputs"/>
  </testsuite>
  <testsuite name="ard_categorical" timestamp="2025-03-24T18:09:34Z" hostname="4c5f8ebabfcb" tests="8" skipped="0" failures="0" errors="0" time="11.567">
    <testcase time="11.56" classname="character(0)" name="ard_categorical_univariate"/>
    <testcase time="0.000999999999999446" classname="character(0)" name="ard_categorical_univariate"/>
    <testcase time="0.000999999999999446" classname="character(0)" name="ard_categorical_univariate"/>
    <testcase time="0.00100000000000122" classname="character(0)" name="ard_categorical_univariate"/>
    <testcase time="0.000999999999999446" classname="character(0)" name="ard_categorical_univariate"/>
    <testcase time="0.000999999999999446" classname="character(0)" name="ard_categorical_univariate"/>
    <testcase time="0.00100000000000122" classname="character(0)" name="ard_categorical_univariate"/>
    <testcase time="0.000999999999999446" classname="character(0)" name="ard_categorical_univariate"/>
  </testsuite>
  <testsuite name="ard_categorical" timestamp="2025-03-24T18:09:34Z" hostname="4c5f8ebabfcb" tests="5" skipped="0" failures="0" errors="0" time="0.006">
    <testcase time="0.00199999999999889" classname="character(0)" name="ard_categorical_univariate_specified_denomiator"/>
    <testcase time="0.00100000000000122" classname="character(0)" name="ard_categorical_univariate_specified_denomiator"/>
    <testcase time="0.000999999999999446" classname="character(0)" name="ard_categorical_univariate_specified_denomiator"/>
    <testcase time="0.000999999999999446" classname="character(0)" name="ard_categorical_univariate_specified_denomiator"/>
    <testcase time="0.00100000000000122" classname="character(0)" name="ard_categorical_univariate_specified_denomiator"/>
  </testsuite>
  <testsuite name="ard_categorical" timestamp="2025-03-24T18:09:34Z" hostname="4c5f8ebabfcb" tests="2" skipped="0" failures="0" errors="0" time="0.003">
    <testcase time="0.00199999999999889" classname="character(0)" name="ard_continuous_fmt_fn_argument_works"/>
    <testcase time="0.00100000000000122" classname="character(0)" name="ard_continuous_fmt_fn_argument_works"/>
  </testsuite>
  <testsuite name="ard_categorical" timestamp="2025-03-24T18:09:34Z" hostname="4c5f8ebabfcb" tests="8" skipped="0" failures="0" errors="0" time="0.003">
    <testcase time="0.000999999999999446" classname="character(0)" name="ard_categorical_with_strata_and_by_arguments"/>
    <testcase time="0" classname="character(0)" name="ard_categorical_with_strata_and_by_arguments"/>
    <testcase time="0" classname="character(0)" name="ard_categorical_with_strata_and_by_arguments"/>
    <testcase time="0" classname="character(0)" name="ard_categorical_with_strata_and_by_arguments"/>
    <testcase time="0" classname="character(0)" name="ard_categorical_with_strata_and_by_arguments"/>
    <testcase time="0.000999999999999446" classname="character(0)" name="ard_categorical_with_strata_and_by_arguments"/>
    <testcase time="0" classname="character(0)" name="ard_categorical_with_strata_and_by_arguments"/>
    <testcase time="0.000999999999999446" classname="character(0)" name="ard_categorical_with_strata_and_by_arguments"/>
  </testsuite>
  <testsuite name="ard_categorical" timestamp="2025-03-24T18:09:34Z" hostname="4c5f8ebabfcb" tests="3" skipped="0" failures="0" errors="0" time="0.002">
    <testcase time="0.00100000000000122" classname="character(0)" name="ard_categorical_stat_label_argument_works"/>
    <testcase time="0.000999999999999446" classname="character(0)" name="ard_categorical_stat_label_argument_works"/>
    <testcase time="0" classname="character(0)" name="ard_categorical_stat_label_argument_works"/>
  </testsuite>
  <testsuite name="ard_categorical" timestamp="2025-03-24T18:09:34Z" hostname="4c5f8ebabfcb" tests="5" skipped="0" failures="0" errors="0" time="0.004">
    <testcase time="0.00199999999999889" classname="character(0)" name="ard_categorical_denominator_cell_works"/>
    <testcase time="0" classname="character(0)" name="ard_categorical_denominator_cell_works"/>
    <testcase time="0.00100000000000122" classname="character(0)" name="ard_categorical_denominator_cell_works"/>
    <testcase time="0" classname="character(0)" name="ard_categorical_denominator_cell_works"/>
    <testcase time="0.000999999999999446" classname="character(0)" name="ard_categorical_denominator_cell_works"/>
  </testsuite>
  <testsuite name="ard_categorical" timestamp="2025-03-24T18:09:34Z" hostname="4c5f8ebabfcb" tests="9" skipped="0" failures="0" errors="0" time="0.009">
    <testcase time="0.00399999999999956" classname="character(0)" name="ard_categorical_denominator_row_works"/>
    <testcase time="0.00100000000000122" classname="character(0)" name="ard_categorical_denominator_row_works"/>
    <testcase time="0.000999999999999446" classname="character(0)" name="ard_categorical_denominator_row_works"/>
    <testcase time="0" classname="character(0)" name="ard_categorical_denominator_row_works"/>
    <testcase time="0.000999999999999446" classname="character(0)" name="ard_categorical_denominator_row_works"/>
    <testcase time="0" classname="character(0)" name="ard_categorical_denominator_row_works"/>
    <testcase time="0.00100000000000122" classname="character(0)" name="ard_categorical_denominator_row_works"/>
    <testcase time="0" classname="character(0)" name="ard_categorical_denominator_row_works"/>
    <testcase time="0.000999999999999446" classname="character(0)" name="ard_categorical_denominator_row_works"/>
  </testsuite>
  <testsuite name="ard_categorical" timestamp="2025-03-24T18:09:34Z" hostname="4c5f8ebabfcb" tests="5" skipped="0" failures="0" errors="0" time="0.003">
    <testcase time="0.000999999999999446" classname="character(0)" name="ard_categorical_denominator_column_works"/>
    <testcase time="0.00100000000000122" classname="character(0)" name="ard_categorical_denominator_column_works"/>
    <testcase time="0" classname="character(0)" name="ard_categorical_denominator_column_works"/>
    <testcase time="0.000999999999999446" classname="character(0)" name="ard_categorical_denominator_column_works"/>
    <testcase time="0" classname="character(0)" name="ard_categorical_denominator_column_works"/>
  </testsuite>
  <testsuite name="ard_categorical" timestamp="2025-03-24T18:09:34Z" hostname="4c5f8ebabfcb" tests="1" skipped="0" failures="0" errors="0" time="0.002">
    <testcase time="0.00199999999999889" classname="character(0)" name="ard_categorical_denominator_integer_works"/>
  </testsuite>
  <testsuite name="ard_categorical" timestamp="2025-03-24T18:09:34Z" hostname="4c5f8ebabfcb" tests="3" skipped="0" failures="0" errors="0" time="0.003">
    <testcase time="0.00200000000000067" classname="character(0)" name="ard_categorical_denominator_data_frame_with_counts_works"/>
    <testcase time="0" classname="character(0)" name="ard_categorical_denominator_data_frame_with_counts_works"/>
    <testcase time="0.000999999999999446" classname="character(0)" name="ard_categorical_denominator_data_frame_with_counts_works"/>
  </testsuite>
  <testsuite name="ard_categorical" timestamp="2025-03-24T18:09:34Z" hostname="4c5f8ebabfcb" tests="2" skipped="0" failures="0" errors="0" time="0.002">
    <testcase time="0.00100000000000122" classname="character(0)" name="ard_categorical_denominator_data_frame_without_counts_works"/>
    <testcase time="0.000999999999999446" classname="character(0)" name="ard_categorical_denominator_data_frame_without_counts_works"/>
  </testsuite>
  <testsuite name="ard_categorical" timestamp="2025-03-24T18:09:34Z" hostname="4c5f8ebabfcb" tests="2" skipped="0" failures="0" errors="0" time="0.002">
    <testcase time="0.000999999999999446" classname="character(0)" name="ard_categorical_and_ARD_column_names"/>
    <testcase time="0.00100000000000122" classname="character(0)" name="ard_categorical_and_ARD_column_names"/>
  </testsuite>
  <testsuite name="ard_categorical" timestamp="2025-03-24T18:09:34Z" hostname="4c5f8ebabfcb" tests="1" skipped="0" failures="0" errors="0" time="0.001">
    <testcase time="0.000999999999999446" classname="character(0)" name="ard_categorical_with_grouped_data_works"/>
  </testsuite>
  <testsuite name="ard_categorical" timestamp="2025-03-24T18:09:34Z" hostname="4c5f8ebabfcb" tests="1" skipped="0" failures="0" errors="0" time="0.002">
    <testcase time="0.00200000000000067" classname="character(0)" name="ard_categorical_and_all_NA_columns"/>
  </testsuite>
  <testsuite name="ard_categorical" timestamp="2025-03-24T18:09:34Z" hostname="4c5f8ebabfcb" tests="4" skipped="0" failures="0" errors="0" time="0.003">
    <testcase time="0.000999999999999446" classname="character(0)" name="ard_categorical_can_handle_non_syntactic_column_names"/>
    <testcase time="0.000999999999999446" classname="character(0)" name="ard_categorical_can_handle_non_syntactic_column_names"/>
    <testcase time="0" classname="character(0)" name="ard_categorical_can_handle_non_syntactic_column_names"/>
    <testcase time="0.00100000000000122" classname="character(0)" name="ard_categorical_can_handle_non_syntactic_column_names"/>
  </testsuite>
  <testsuite name="ard_categorical" timestamp="2025-03-24T18:09:34Z" hostname="4c5f8ebabfcb" tests="1" skipped="0" failures="0" errors="0" time="0.001">
    <testcase time="0.000999999999999446" classname="character(0)" name="ard_categorical_strata_returns_results_in_proper_order"/>
  </testsuite>
  <testsuite name="ard_categorical" timestamp="2025-03-24T18:09:34Z" hostname="4c5f8ebabfcb" tests="2" skipped="0" failures="0" errors="0" time="0.002">
    <testcase time="0.000999999999999446" classname="character(0)" name="ard_categorical_by_messages_about_protected_names"/>
    <testcase time="0.000999999999999446" classname="character(0)" name="ard_categorical_by_messages_about_protected_names"/>
  </testsuite>
  <testsuite name="ard_categorical" timestamp="2025-03-24T18:09:34Z" hostname="4c5f8ebabfcb" tests="15" skipped="0" failures="0" errors="0" time="0.009">
    <testcase time="0.00100000000000122" classname="character(0)" name="ard_categorical_works_when_using_generic_names_"/>
    <testcase time="0.000999999999999446" classname="character(0)" name="ard_categorical_works_when_using_generic_names_"/>
    <testcase time="0" classname="character(0)" name="ard_categorical_works_when_using_generic_names_"/>
    <testcase time="0.000999999999999446" classname="character(0)" name="ard_categorical_works_when_using_generic_names_"/>
    <testcase time="0" classname="character(0)" name="ard_categorical_works_when_using_generic_names_"/>
    <testcase time="0.00100000000000122" classname="character(0)" name="ard_categorical_works_when_using_generic_names_"/>
    <testcase time="0" classname="character(0)" name="ard_categorical_works_when_using_generic_names_"/>
    <testcase time="0.000999999999999446" classname="character(0)" name="ard_categorical_works_when_using_generic_names_"/>
    <testcase time="0" classname="character(0)" name="ard_categorical_works_when_using_generic_names_"/>
    <testcase time="0.000999999999999446" classname="character(0)" name="ard_categorical_works_when_using_generic_names_"/>
    <testcase time="0" classname="character(0)" name="ard_categorical_works_when_using_generic_names_"/>
    <testcase time="0.00100000000000122" classname="character(0)" name="ard_categorical_works_when_using_generic_names_"/>
    <testcase time="0" classname="character(0)" name="ard_categorical_works_when_using_generic_names_"/>
    <testcase time="0.000999999999999446" classname="character(0)" name="ard_categorical_works_when_using_generic_names_"/>
    <testcase time="0.000999999999999446" classname="character(0)" name="ard_categorical_works_when_using_generic_names_"/>
  </testsuite>
  <testsuite name="ard_categorical" timestamp="2025-03-24T18:09:34Z" hostname="4c5f8ebabfcb" tests="2" skipped="0" failures="0" errors="0" time="0.002">
    <testcase time="0.00100000000000122" classname="character(0)" name="ard_categorical_by_messages_about_protected_names"/>
    <testcase time="0.000999999999999446" classname="character(0)" name="ard_categorical_by_messages_about_protected_names"/>
  </testsuite>
  <testsuite name="ard_categorical" timestamp="2025-03-24T18:09:34Z" hostname="4c5f8ebabfcb" tests="1" skipped="0" failures="0" errors="0" time="0.001">
    <testcase time="0.000999999999999446" classname="character(0)" name="ard_categorical_follows_ard_structure"/>
  </testsuite>
  <testsuite name="ard_categorical" timestamp="2025-03-24T18:09:34Z" hostname="4c5f8ebabfcb" tests="2" skipped="0" failures="0" errors="0" time="0.002">
    <testcase time="0.00200000000000067" classname="character(0)" name="ard_categorical_with_hms_times"/>
    <testcase time="0" classname="character(0)" name="ard_categorical_with_hms_times"/>
  </testsuite>
  <testsuite name="ard_categorical" timestamp="2025-03-24T18:09:34Z" hostname="4c5f8ebabfcb" tests="2" skipped="0" failures="0" errors="0" time="0.002">
    <testcase time="0.00199999999999889" classname="character(0)" name="ard_categorical_errors_with_incomplete_factor_columns"/>
    <testcase time="0" classname="character(0)" name="ard_categorical_errors_with_incomplete_factor_columns"/>
  </testsuite>
  <testsuite name="ard_categorical" timestamp="2025-03-24T18:09:34Z" hostname="4c5f8ebabfcb" tests="13" skipped="0" failures="0" errors="0" time="0.006">
    <testcase time="0.00200000000000067" classname="character(0)" name="ard_categorical_denominator_column_with_cumulative_counts"/>
    <testcase time="0" classname="character(0)" name="ard_categorical_denominator_column_with_cumulative_counts"/>
    <testcase time="0.000999999999999446" classname="character(0)" name="ard_categorical_denominator_column_with_cumulative_counts"/>
    <testcase time="0" classname="character(0)" name="ard_categorical_denominator_column_with_cumulative_counts"/>
    <testcase time="0.00100000000000122" classname="character(0)" name="ard_categorical_denominator_column_with_cumulative_counts"/>
    <testcase time="0" classname="character(0)" name="ard_categorical_denominator_column_with_cumulative_counts"/>
    <testcase time="0.000999999999999446" classname="character(0)" name="ard_categorical_denominator_column_with_cumulative_counts"/>
    <testcase time="0" classname="character(0)" name="ard_categorical_denominator_column_with_cumulative_counts"/>
    <testcase time="0" classname="character(0)" name="ard_categorical_denominator_column_with_cumulative_counts"/>
    <testcase time="0" classname="character(0)" name="ard_categorical_denominator_column_with_cumulative_counts"/>
    <testcase time="0" classname="character(0)" name="ard_categorical_denominator_column_with_cumulative_counts"/>
    <testcase time="0.00100000000000122" classname="character(0)" name="ard_categorical_denominator_column_with_cumulative_counts"/>
    <testcase time="0" classname="character(0)" name="ard_categorical_denominator_column_with_cumulative_counts"/>
  </testsuite>
  <testsuite name="ard_categorical" timestamp="2025-03-24T18:09:34Z" hostname="4c5f8ebabfcb" tests="6" skipped="0" failures="0" errors="0" time="0.004">
    <testcase time="0.00199999999999889" classname="character(0)" name="ard_categorical_denominator_row_with_cumulative_counts"/>
    <testcase time="0" classname="character(0)" name="ard_categorical_denominator_row_with_cumulative_counts"/>
    <testcase time="0.00100000000000122" classname="character(0)" name="ard_categorical_denominator_row_with_cumulative_counts"/>
    <testcase time="0" classname="character(0)" name="ard_categorical_denominator_row_with_cumulative_counts"/>
    <testcase time="0.000999999999999446" classname="character(0)" name="ard_categorical_denominator_row_with_cumulative_counts"/>
    <testcase time="0" classname="character(0)" name="ard_categorical_denominator_row_with_cumulative_counts"/>
  </testsuite>
  <testsuite name="ard_categorical" timestamp="2025-03-24T18:09:34Z" hostname="4c5f8ebabfcb" tests="1" skipped="0" failures="0" errors="0" time="0.002">
    <testcase time="0.00200000000000067" classname="character(0)" name="ard_categorical_with_cumulative_counts_messaging"/>
  </testsuite>
  <testsuite name="ard_categorical" timestamp="2025-03-24T18:09:34Z" hostname="4c5f8ebabfcb" tests="1" skipped="0" failures="0" errors="0" time="0.001">
    <testcase time="0.000999999999999446" classname="character(0)" name="ard_categorical_ordering_for_multiple_strata"/>
  </testsuite>
  <testsuite name="ard_dichotomous" timestamp="2025-03-24T18:09:36Z" hostname="4c5f8ebabfcb" tests="5" skipped="0" failures="0" errors="0" time="1.32">
    <testcase time="1.318" classname="character(0)" name="ard_dichotomous_works"/>
    <testcase time="0" classname="character(0)" name="ard_dichotomous_works"/>
    <testcase time="0.000999999999997669" classname="character(0)" name="ard_dichotomous_works"/>
    <testcase time="0" classname="character(0)" name="ard_dichotomous_works"/>
    <testcase time="0.00100000000000122" classname="character(0)" name="ard_dichotomous_works"/>
  </testsuite>
  <testsuite name="ard_dichotomous" timestamp="2025-03-24T18:09:36Z" hostname="4c5f8ebabfcb" tests="3" skipped="0" failures="0" errors="0" time="0.002">
    <testcase time="0.000999999999997669" classname="character(0)" name="ard_dichotomous_works"/>
    <testcase time="0.00100000000000122" classname="character(0)" name="ard_dichotomous_works"/>
    <testcase time="0" classname="character(0)" name="ard_dichotomous_works"/>
  </testsuite>
  <testsuite name="ard_dichotomous" timestamp="2025-03-24T18:09:36Z" hostname="4c5f8ebabfcb" tests="1" skipped="0" failures="0" errors="0" time="0.002">
    <testcase time="0.00199999999999889" classname="character(0)" name="ard_dichotomous_with_grouped_data_works"/>
  </testsuite>
  <testsuite name="ard_dichotomous" timestamp="2025-03-24T18:09:36Z" hostname="4c5f8ebabfcb" tests="1" skipped="0" failures="0" errors="0" time="0.001">
    <testcase time="0.00100000000000122" classname="character(0)" name="ard_dichotomous_follows_ard_structure"/>
  </testsuite>
  <testsuite name="ard_dichotomous" timestamp="2025-03-24T18:09:36Z" hostname="4c5f8ebabfcb" tests="2" skipped="0" failures="0" errors="0" time="0.002">
    <testcase time="0.00199999999999889" classname="character(0)" name="ard_dichotomous_errors_with_incomplete_factor_columns"/>
    <testcase time="0" classname="character(0)" name="ard_dichotomous_errors_with_incomplete_factor_columns"/>
  </testsuite>
  <testsuite name="ard_hierarchical" timestamp="2025-03-24T18:09:46Z" hostname="4c5f8ebabfcb" tests="3" skipped="0" failures="0" errors="0" time="10.091">
    <testcase time="10.09" classname="character(0)" name="ard_hierarchical_works_without_by_variables"/>
    <testcase time="0.000999999999997669" classname="character(0)" name="ard_hierarchical_works_without_by_variables"/>
    <testcase time="0" classname="character(0)" name="ard_hierarchical_works_without_by_variables"/>
  </testsuite>
  <testsuite name="ard_hierarchical" timestamp="2025-03-24T18:09:46Z" hostname="4c5f8ebabfcb" tests="2" skipped="0" failures="0" errors="0" time="0.005">
    <testcase time="0.00499999999999901" classname="character(0)" name="ard_hierarchical_works_with_by_variable"/>
    <testcase time="0" classname="character(0)" name="ard_hierarchical_works_with_by_variable"/>
  </testsuite>
  <testsuite name="ard_hierarchical" timestamp="2025-03-24T18:09:46Z" hostname="4c5f8ebabfcb" tests="2" skipped="0" failures="0" errors="0" time="0.003">
    <testcase time="0.00200000000000244" classname="character(0)" name="ard_hierarchical_works_with_by_variable_not_present_in_denominator_"/>
    <testcase time="0.000999999999997669" classname="character(0)" name="ard_hierarchical_works_with_by_variable_not_present_in_denominator_"/>
  </testsuite>
  <testsuite name="ard_hierarchical" timestamp="2025-03-24T18:09:46Z" hostname="4c5f8ebabfcb" tests="1" skipped="0" failures="0" errors="0" time="0.001">
    <testcase time="0.00100000000000122" classname="character(0)" name="ard_hierarchical_works_without_any_variables"/>
  </testsuite>
  <testsuite name="ard_hierarchical" timestamp="2025-03-24T18:09:46Z" hostname="4c5f8ebabfcb" tests="2" skipped="0" failures="0" errors="0" time="0.002">
    <testcase time="0.00199999999999889" classname="character(0)" name="ard_hierarchical_id_argument_works"/>
    <testcase time="0" classname="character(0)" name="ard_hierarchical_id_argument_works"/>
  </testsuite>
  <testsuite name="ard_hierarchical" timestamp="2025-03-24T18:09:46Z" hostname="4c5f8ebabfcb" tests="4" skipped="0" failures="0" errors="0" time="0.003">
    <testcase time="0.00200000000000244" classname="character(0)" name="ard_hierarchical_count_works_without_by_variables"/>
    <testcase time="0" classname="character(0)" name="ard_hierarchical_count_works_without_by_variables"/>
    <testcase time="0.000999999999997669" classname="character(0)" name="ard_hierarchical_count_works_without_by_variables"/>
    <testcase time="0" classname="character(0)" name="ard_hierarchical_count_works_without_by_variables"/>
  </testsuite>
  <testsuite name="ard_hierarchical" timestamp="2025-03-24T18:09:46Z" hostname="4c5f8ebabfcb" tests="2" skipped="0" failures="0" errors="0" time="0.002">
    <testcase time="0.00200000000000244" classname="character(0)" name="ard_hierarchical_count_works_with_by_variable"/>
    <testcase time="0" classname="character(0)" name="ard_hierarchical_count_works_with_by_variable"/>
  </testsuite>
  <testsuite name="ard_hierarchical" timestamp="2025-03-24T18:09:46Z" hostname="4c5f8ebabfcb" tests="2" skipped="0" failures="0" errors="0" time="0.002">
    <testcase time="0.00199999999999889" classname="character(0)" name="ard_hierarchical_count_works_with_by_variable_not_present_in_denominator_"/>
    <testcase time="0" classname="character(0)" name="ard_hierarchical_count_works_with_by_variable_not_present_in_denominator_"/>
  </testsuite>
  <testsuite name="ard_hierarchical" timestamp="2025-03-24T18:09:46Z" hostname="4c5f8ebabfcb" tests="1" skipped="0" failures="0" errors="0" time="0.002">
    <testcase time="0.00199999999999889" classname="character(0)" name="ard_hierarchical_count_works_without_any_variables"/>
  </testsuite>
  <testsuite name="ard_hierarchical" timestamp="2025-03-24T18:09:46Z" hostname="4c5f8ebabfcb" tests="2" skipped="0" failures="0" errors="0" time="0.002">
    <testcase time="0.00100000000000122" classname="character(0)" name="ard_hierarchical_and_ard_hierarchical_count_with_grouped_data_works"/>
    <testcase time="0.00100000000000122" classname="character(0)" name="ard_hierarchical_and_ard_hierarchical_count_with_grouped_data_works"/>
  </testsuite>
  <testsuite name="ard_hierarchical" timestamp="2025-03-24T18:09:46Z" hostname="4c5f8ebabfcb" tests="1" skipped="0" failures="0" errors="0" time="0.001">
    <testcase time="0.000999999999997669" classname="character(0)" name="ard_hierarchical_follows_ard_structure"/>
  </testsuite>
  <testsuite name="ard_hierarchical" timestamp="2025-03-24T18:09:46Z" hostname="4c5f8ebabfcb" tests="2" skipped="0" failures="0" errors="0" time="0.002">
    <testcase time="0.00200000000000244" classname="character(0)" name="ard_hierarchical_errors_with_incomplete_factor_columns"/>
    <testcase time="0" classname="character(0)" name="ard_hierarchical_errors_with_incomplete_factor_columns"/>
  </testsuite>
  <testsuite name="ard_hierarchical" timestamp="2025-03-24T18:09:46Z" hostname="4c5f8ebabfcb" tests="2" skipped="0" failures="0" errors="0" time="0.002">
    <testcase time="0.00199999999999889" classname="character(0)" name="ard_hierarchical_count_errors_with_incomplete_factor_columns"/>
    <testcase time="0" classname="character(0)" name="ard_hierarchical_count_errors_with_incomplete_factor_columns"/>
  </testsuite>
  <testsuite name="ard_hierarchical" timestamp="2025-03-24T18:09:46Z" hostname="4c5f8ebabfcb" tests="3" skipped="0" failures="0" errors="0" time="0.003">
    <testcase time="0.00199999999999889" classname="character(0)" name="ard_hierarchical_count_provides_correct_results_with_10_groups"/>
    <testcase time="0" classname="character(0)" name="ard_hierarchical_count_provides_correct_results_with_10_groups"/>
    <testcase time="0.00100000000000122" classname="character(0)" name="ard_hierarchical_count_provides_correct_results_with_10_groups"/>
  </testsuite>
  <testsuite name="ard_missing" timestamp="2025-03-24T18:09:47Z" hostname="4c5f8ebabfcb" tests="3" skipped="0" failures="0" errors="0" time="0.751">
    <testcase time="0.75" classname="character(0)" name="ard_missing_works"/>
    <testcase time="0.00100000000000122" classname="character(0)" name="ard_missing_works"/>
    <testcase time="0" classname="character(0)" name="ard_missing_works"/>
  </testsuite>
  <testsuite name="ard_missing" timestamp="2025-03-24T18:09:47Z" hostname="4c5f8ebabfcb" tests="3" skipped="0" failures="0" errors="0" time="0.003">
    <testcase time="0.00199999999999889" classname="character(0)" name="ard_missing_stat_label_argument_works"/>
    <testcase time="0.000999999999997669" classname="character(0)" name="ard_missing_stat_label_argument_works"/>
    <testcase time="0" classname="character(0)" name="ard_missing_stat_label_argument_works"/>
  </testsuite>
  <testsuite name="ard_missing" timestamp="2025-03-24T18:09:47Z" hostname="4c5f8ebabfcb" tests="1" skipped="0" failures="0" errors="0" time="0.002">
    <testcase time="0.00200000000000244" classname="character(0)" name="ard_missing_with_grouped_data_works"/>
  </testsuite>
  <testsuite name="ard_missing" timestamp="2025-03-24T18:09:47Z" hostname="4c5f8ebabfcb" tests="1" skipped="0" failures="0" errors="0" time="0.001">
    <testcase time="0.000999999999997669" classname="character(0)" name="ard_missing_follows_ard_structure"/>
  </testsuite>
  <testsuite name="ard_pairwise" timestamp="2025-03-24T18:09:47Z" hostname="4c5f8ebabfcb" tests="4" skipped="0" failures="0" errors="0" time="0.753">
    <testcase time="0.752000000000002" classname="character(0)" name="ard_pairwise_works"/>
    <testcase time="0" classname="character(0)" name="ard_pairwise_works"/>
    <testcase time="0" classname="character(0)" name="ard_pairwise_works"/>
    <testcase time="0.00100000000000122" classname="character(0)" name="ard_pairwise_works"/>
  </testsuite>
  <testsuite name="ard_pairwise" timestamp="2025-03-24T18:09:47Z" hostname="4c5f8ebabfcb" tests="4" skipped="0" failures="0" errors="0" time="0.003">
    <testcase time="0.00100000000000122" classname="character(0)" name="ard_pairwise_variable_"/>
    <testcase time="0.000999999999997669" classname="character(0)" name="ard_pairwise_variable_"/>
    <testcase time="0" classname="character(0)" name="ard_pairwise_variable_"/>
    <testcase time="0.00100000000000122" classname="character(0)" name="ard_pairwise_variable_"/>
  </testsuite>
  <testsuite name="ard_pairwise" timestamp="2025-03-24T18:09:47Z" hostname="4c5f8ebabfcb" tests="2" skipped="0" failures="0" errors="0" time="0.001">
    <testcase time="0.00100000000000122" classname="character(0)" name="ard_pairwise_variable_messaging"/>
    <testcase time="0" classname="character(0)" name="ard_pairwise_variable_messaging"/>
  </testsuite>
  <testsuite name="ard_pairwise" timestamp="2025-03-24T18:09:47Z" hostname="4c5f8ebabfcb" tests="2" skipped="0" failures="0" errors="0" time="0.002">
    <testcase time="0.00200000000000244" classname="character(0)" name="ard_pairwise_include_"/>
    <testcase time="0" classname="character(0)" name="ard_pairwise_include_"/>
  </testsuite>
  <testsuite name="ard_pairwise" timestamp="2025-03-24T18:09:47Z" hostname="4c5f8ebabfcb" tests="1" skipped="0" failures="0" errors="0" time="0.002">
    <testcase time="0.00199999999999889" classname="character(0)" name="ard_pairwise_.f_messaging"/>
  </testsuite>
  <testsuite name="ard_pairwise" timestamp="2025-03-24T18:09:47Z" hostname="4c5f8ebabfcb" tests="2" skipped="0" failures="0" errors="0" time="0.002">
    <testcase time="0.00100000000000122" classname="character(0)" name="ard_pairwise_include_messaging"/>
    <testcase time="0.000999999999997669" classname="character(0)" name="ard_pairwise_include_messaging"/>
  </testsuite>
  <testsuite name="ard_stack" timestamp="2025-03-24T18:09:55Z" hostname="4c5f8ebabfcb" tests="7" skipped="0" failures="0" errors="0" time="8.064">
    <testcase time="8.059" classname="character(0)" name="ard_stack_works"/>
    <testcase time="0.000999999999997669" classname="character(0)" name="ard_stack_works"/>
    <testcase time="0.00100000000000477" classname="character(0)" name="ard_stack_works"/>
    <testcase time="0.000999999999997669" classname="character(0)" name="ard_stack_works"/>
    <testcase time="0" classname="character(0)" name="ard_stack_works"/>
    <testcase time="0.000999999999997669" classname="character(0)" name="ard_stack_works"/>
    <testcase time="0.00100000000000477" classname="character(0)" name="ard_stack_works"/>
  </testsuite>
  <testsuite name="ard_stack" timestamp="2025-03-24T18:09:55Z" hostname="4c5f8ebabfcb" tests="2" skipped="0" failures="0" errors="0" time="0.004">
    <testcase time="0.00300000000000011" classname="character(0)" name="ard_stack_adding_overalls"/>
    <testcase time="0.000999999999997669" classname="character(0)" name="ard_stack_adding_overalls"/>
  </testsuite>
  <testsuite name="ard_stack" timestamp="2025-03-24T18:09:55Z" hostname="4c5f8ebabfcb" tests="4" skipped="0" failures="0" errors="0" time="0.003">
    <testcase time="0.00200000000000244" classname="character(0)" name="ard_stack_adding_missing_attributes"/>
    <testcase time="0" classname="character(0)" name="ard_stack_adding_missing_attributes"/>
    <testcase time="0.000999999999997669" classname="character(0)" name="ard_stack_adding_missing_attributes"/>
    <testcase time="0" classname="character(0)" name="ard_stack_adding_missing_attributes"/>
  </testsuite>
  <testsuite name="ard_stack" timestamp="2025-03-24T18:09:55Z" hostname="4c5f8ebabfcb" tests="4" skipped="0" failures="0" errors="0" time="0.006">
    <testcase time="0.00500000000000256" classname="character(0)" name="ard_stack_.shuffle_argument"/>
    <testcase time="0" classname="character(0)" name="ard_stack_.shuffle_argument"/>
    <testcase time="0.000999999999997669" classname="character(0)" name="ard_stack_.shuffle_argument"/>
    <testcase time="0" classname="character(0)" name="ard_stack_.shuffle_argument"/>
  </testsuite>
  <testsuite name="ard_stack" timestamp="2025-03-24T18:09:55Z" hostname="4c5f8ebabfcb" tests="1" skipped="0" failures="0" errors="0" time="0.002">
    <testcase time="0.00200000000000244" classname="character(0)" name="ard_stack_adding_total_N"/>
  </testsuite>
  <testsuite name="ard_stack" timestamp="2025-03-24T18:09:55Z" hostname="4c5f8ebabfcb" tests="1" skipped="0" failures="0" errors="0" time="0.002">
    <testcase time="0.00199999999999534" classname="character(0)" name="ard_stack_works_with_namespaced_functions"/>
  </testsuite>
  <testsuite name="ard_stack" timestamp="2025-03-24T18:09:55Z" hostname="4c5f8ebabfcb" tests="2" skipped="0" failures="0" errors="0" time="0.002">
    <testcase time="0.00100000000000477" classname="character(0)" name="ard_stack_messaging"/>
    <testcase time="0.000999999999997669" classname="character(0)" name="ard_stack_messaging"/>
  </testsuite>
  <testsuite name="ard_stack" timestamp="2025-03-24T18:09:55Z" hostname="4c5f8ebabfcb" tests="1" skipped="0" failures="0" errors="0" time="0.001">
    <testcase time="0.000999999999997669" classname="character(0)" name="ard_stack_complex_call_error"/>
  </testsuite>
  <testsuite name="ard_stack" timestamp="2025-03-24T18:09:55Z" hostname="4c5f8ebabfcb" tests="1" skipped="0" failures="0" errors="0" time="0.002">
    <testcase time="0.00200000000000244" classname="character(0)" name="ard_stack_follows_ard_structure"/>
  </testsuite>
  <testsuite name="ard_stack" timestamp="2025-03-24T18:09:55Z" hostname="4c5f8ebabfcb" tests="2" skipped="0" failures="0" errors="0" time="0.002">
    <testcase time="0.00200000000000244" classname="character(0)" name="ard_stack_.by_messaging"/>
    <testcase time="0" classname="character(0)" name="ard_stack_.by_messaging"/>
  </testsuite>
  <testsuite name="ard_stack_hierarchical" timestamp="2025-03-24T18:10:03Z" hostname="4c5f8ebabfcb" tests="4" skipped="0" failures="0" errors="0" time="7.647">
    <testcase time="7.64599999999999" classname="character(0)" name="ard_stack_hierarchical_variables_"/>
    <testcase time="0.000999999999997669" classname="character(0)" name="ard_stack_hierarchical_variables_"/>
    <testcase time="0" classname="character(0)" name="ard_stack_hierarchical_variables_"/>
    <testcase time="0" classname="character(0)" name="ard_stack_hierarchical_variables_"/>
  </testsuite>
  <testsuite name="ard_stack_hierarchical" timestamp="2025-03-24T18:10:03Z" hostname="4c5f8ebabfcb" tests="2" skipped="0" failures="0" errors="0" time="0.005">
    <testcase time="0.00400000000000489" classname="character(0)" name="ard_stack_hierarchical_variables_messaging_removed_obs"/>
    <testcase time="0.000999999999997669" classname="character(0)" name="ard_stack_hierarchical_variables_messaging_removed_obs"/>
  </testsuite>
  <testsuite name="ard_stack_hierarchical" timestamp="2025-03-24T18:10:03Z" hostname="4c5f8ebabfcb" tests="2" skipped="0" failures="0" errors="0" time="0.004">
    <testcase time="0.00300000000000011" classname="character(0)" name="ard_stack_hierarchical_variables_messaging"/>
    <testcase time="0.000999999999997669" classname="character(0)" name="ard_stack_hierarchical_variables_messaging"/>
  </testsuite>
  <testsuite name="ard_stack_hierarchical" timestamp="2025-03-24T18:10:03Z" hostname="4c5f8ebabfcb" tests="3" skipped="0" failures="0" errors="0" time="0.002">
    <testcase time="0.00100000000000477" classname="character(0)" name="ard_stack_hierarchical_by_"/>
    <testcase time="0" classname="character(0)" name="ard_stack_hierarchical_by_"/>
    <testcase time="0.000999999999997669" classname="character(0)" name="ard_stack_hierarchical_by_"/>
  </testsuite>
  <testsuite name="ard_stack_hierarchical" timestamp="2025-03-24T18:10:03Z" hostname="4c5f8ebabfcb" tests="1" skipped="0" failures="0" errors="0" time="0.001">
    <testcase time="0.00100000000000477" classname="character(0)" name="ard_stack_hierarchical_by_messaging"/>
  </testsuite>
  <testsuite name="ard_stack_hierarchical" timestamp="2025-03-24T18:10:03Z" hostname="4c5f8ebabfcb" tests="2" skipped="0" failures="0" errors="0" time="0.003">
    <testcase time="0.00199999999999534" classname="character(0)" name="ard_stack_hierarchical_denominator_messaging"/>
    <testcase time="0.00100000000000477" classname="character(0)" name="ard_stack_hierarchical_denominator_messaging"/>
  </testsuite>
  <testsuite name="ard_stack_hierarchical" timestamp="2025-03-24T18:10:03Z" hostname="4c5f8ebabfcb" tests="4" skipped="0" failures="1" errors="0" time="0.003">
    <testcase time="0.000999999999997669" classname="character(0)" name="ard_stack_hierarchical_by_with_columns_not_in_denominator_"/>
    <testcase time="0.000999999999997669" classname="character(0)" name="ard_stack_hierarchical_by_with_columns_not_in_denominator_"/>
    <testcase time="0.00100000000000477" classname="character(0)" name="ard_stack_hierarchical_by_with_columns_not_in_denominator_"/>
    <testcase time="0" classname="character(0)" name="ard_stack_hierarchical_by_with_columns_not_in_denominator_">
      <failure type="failure" message="rename_ard_columns(dplyr::filter(ard, variable == &quot;AESOC&quot;)) (`actual`) not equal to rename_ard_columns(...) (`expected`). ('test-ard_stack_hierarchical.R:226:3')">rename_ard_columns(dplyr::filter(ard, variable == "AESOC")) (`actual`) not equal to rename_ard_columns(...) (`expected`).

`actual` is length 11
`expected` is length 10

`actual[[4]]` is a list
`expected[[4]]` is a character vector ('hierarchical', 'hierarchical', 'hierarchical', 'hierarchical', 'hierarchical', ...)

     actual[[5]]    | expected[[5]]     
 [1] "hierarchical" - "n"           [1] 
 [2] "hierarchical" - "N"           [2] 
 [3] "hierarchical" - "p"           [3] 
 [4] "hierarchical" - "n"           [4] 
 [5] "hierarchical" - "N"           [5] 
 [6] "hierarchical" - "p"           [6] 
 [7] "hierarchical" - "n"           [7] 
 [8] "hierarchical" - "N"           [8] 
 [9] "hierarchical" - "p"           [9] 
[10] "hierarchical" - "n"           [10]
[11] "hierarchical" - "N"           [11]
[12] "hierarchical" - "p"           [12]
[13] "hierarchical" - "n"           [13]
[14] "hierarchical" - "N"           [14]
[15] "hierarchical" - "p"           [15]
[16] "hierarchical" - "n"           [16]
[17] "hierarchical" - "N"           [17]
[18] "hierarchical" - "p"           [18]
[19] "hierarchical" - "n"           [19]
[20] "hierarchical" - "N"           [20]
[21] "hierarchical" - "p"           [21]
[22] "hierarchical" - "n"           [22]
[23] "hierarchical" - "N"           [23]
[24] "hierarchical" - "p"           [24]
[25] "hierarchical" - "n"           [25]
[26] "hierarchical" - "N"           [26]
[27] "hierarchical" - "p"           [27]
[28] "hierarchical" - "n"           [28]
[29] "hierarchical" - "N"           [29]
[30] "hierarchical" - "p"           [30]
[31] "hierarchical" - "n"           [31]
[32] "hierarchical" - "N"           [32]
[33] "hierarchical" - "p"           [33]
[34] "hierarchical" - "n"           [34]
[35] "hierarchical" - "N"           [35]
[36] "hierarchical" - "p"           [36]

     actual[[6]] | expected[[6]]     
 [1] "n"         | "n"           [1] 
 [2] "N"         | "N"           [2] 
 [3] "p"         - "%"           [3] 
 [4] "n"         | "n"           [4] 
 [5] "N"         | "N"           [5] 
 [6] "p"         - "%"           [6] 
 [7] "n"         | "n"           [7] 
 [8] "N"         | "N"           [8] 
 [9] "p"         - "%"           [9] 
[10] "n"         | "n"           [10]
[11] "N"         | "N"           [11]
[12] "p"         - "%"           [12]
[13] "n"         | "n"           [13]
[14] "N"         | "N"           [14]
[15] "p"         - "%"           [15]
[16] "n"         | "n"           [16]
[17] "N"         | "N"           [17]
[18] "p"         - "%"           [18]
[19] "n"         | "n"           [19]
[20] "N"         | "N"           [20]
[21] "p"         - "%"           [21]
[22] "n"         | "n"           [22]
[23] "N"         | "N"           [23]
[24] "p"         - "%"           [24]
[25] "n"         | "n"           [25]
[26] "N"         | "N"           [26]
[27] "p"         - "%"           [27]
[28] "n"         | "n"           [28]
[29] "N"         | "N"           [29]
[30] "p"         - "%"           [30]
[31] "n"         | "n"           [31]
[32] "N"         | "N"           [32]
[33] "p"         - "%"           [33]
[34] "n"         | "n"           [34]
[35] "N"         | "N"           [35]
[36] "p"         - "%"           [36]

`actual[[7]]` is a character vector ('n', 'N', '%', 'n', 'N', ...)
`expected[[7]]` is a list

  `actual[[8]][[1]]`: 1
`expected[[8]][[1]]`: 0

  `actual[[8]][[2]]`: 86
`expected[[8]][[2]]`:  0

`actual[[8]][[3]]` is a double vector (0.0116279069767442)
`expected[[8]][[3]]` is a function

  `actual[[8]][[5]]`: 86
`expected[[8]][[5]]`:  0

`actual[[8]][[6]]` is a double vector (0)
`expected[[8]][[6]]` is a function

  `actual[[8]][[8]]`: 86
`expected[[8]][[8]]`:  0

`actual[[8]][[9]]` is a double vector (0)
`expected[[8]][[9]]` is a function

  `actual[[8]][[11]]`: 86
`expected[[8]][[11]]`:  0

`actual[[8]][[12]]` is a double vector (0)
`expected[[8]][[12]]` is a function

  `actual[[8]][[13]]`: 1
`expected[[8]][[13]]`: 0

  `actual[[8]][[14]]`: 84
`expected[[8]][[14]]`:  0

`actual[[8]][[15]]` is a double vector (0.0119047619047619)
`expected[[8]][[15]]` is a function

  `actual[[8]][[17]]`: 84
`expected[[8]][[17]]`:  0

`actual[[8]][[18]]` is a double vector (0)
`expected[[8]][[18]]` is a function

  `actual[[8]][[20]]`: 84
`expected[[8]][[20]]`:  0

`actual[[8]][[21]]` is a double vector (0)
`expected[[8]][[21]]` is a function

  `actual[[8]][[23]]`: 84
`expected[[8]][[23]]`:  0

`actual[[8]][[24]]` is a double vector (0)
`expected[[8]][[24]]` is a function

  `actual[[8]][[26]]`: 84
`expected[[8]][[26]]`:  0

`actual[[8]][[27]]` is a double vector (0)
`expected[[8]][[27]]` is a function

  `actual[[8]][[29]]`: 84
`expected[[8]][[29]]`:  0

`actual[[8]][[30]]` is a double vector (0)
`expected[[8]][[30]]` is a function

  `actual[[8]][[32]]`: 84
`expected[[8]][[32]]`:  0

`actual[[8]][[33]]` is a double vector (0)
`expected[[8]][[33]]` is a function

  `actual[[8]][[34]]`: 1
`expected[[8]][[34]]`: 0

  `actual[[8]][[35]]`: 84
`expected[[8]][[35]]`:  0

`actual[[8]][[36]]` is a double vector (0.0119047619047619)
`expected[[8]][[36]]` is a function

`actual[[9]][[1]]` is an integer vector (0)
`expected[[9]][[1]]` is NULL

`actual[[9]][[2]]` is an integer vector (0)
`expected[[9]][[2]]` is NULL

`actual[[9]][[3]]` is a function
`expected[[9]][[3]]` is NULL

`actual[[9]][[4]]` is an integer vector (0)
`expected[[9]][[4]]` is NULL

`actual[[9]][[5]]` is an integer vector (0)
`expected[[9]][[5]]` is NULL

`actual[[9]][[6]]` is a function
`expected[[9]][[6]]` is NULL

`actual[[9]][[7]]` is an integer vector (0)
`expected[[9]][[7]]` is NULL

`actual[[9]][[8]]` is an integer vector (0)
`expected[[9]][[8]]` is NULL

`actual[[9]][[9]]` is a function
`expected[[9]][[9]]` is NULL

`actual[[9]][[10]]` is an integer vector (0)
`expected[[9]][[10]]` is NULL

`actual[[9]][[11]]` is an integer vector (0)
`expected[[9]][[11]]` is NULL

`actual[[9]][[12]]` is a function
`expected[[9]][[12]]` is NULL

`actual[[9]][[13]]` is an integer vector (0)
`expected[[9]][[13]]` is NULL

`actual[[9]][[14]]` is an integer vector (0)
`expected[[9]][[14]]` is NULL

`actual[[9]][[15]]` is a function
`expected[[9]][[15]]` is NULL

`actual[[9]][[16]]` is an integer vector (0)
`expected[[9]][[16]]` is NULL

`actual[[9]][[17]]` is an integer vector (0)
`expected[[9]][[17]]` is NULL

`actual[[9]][[18]]` is a function
`expected[[9]][[18]]` is NULL

`actual[[9]][[19]]` is an integer vector (0)
`expected[[9]][[19]]` is NULL

`actual[[9]][[20]]` is an integer vector (0)
`expected[[9]][[20]]` is NULL

`actual[[9]][[21]]` is a function
`expected[[9]][[21]]` is NULL

`actual[[9]][[22]]` is an integer vector (0)
`expected[[9]][[22]]` is NULL

`actual[[9]][[23]]` is an integer vector (0)
`expected[[9]][[23]]` is NULL

`actual[[9]][[24]]` is a function
`expected[[9]][[24]]` is NULL

`actual[[9]][[25]]` is an integer vector (0)
`expected[[9]][[25]]` is NULL

`actual[[9]][[26]]` is an integer vector (0)
`expected[[9]][[26]]` is NULL

`actual[[9]][[27]]` is a function
`expected[[9]][[27]]` is NULL

`actual[[9]][[28]]` is an integer vector (0)
`expected[[9]][[28]]` is NULL

`actual[[9]][[29]]` is an integer vector (0)
`expected[[9]][[29]]` is NULL

`actual[[9]][[30]]` is a function
`expected[[9]][[30]]` is NULL

`actual[[9]][[31]]` is an integer vector (0)
`expected[[9]][[31]]` is NULL

`actual[[9]][[32]]` is an integer vector (0)
`expected[[9]][[32]]` is NULL

`actual[[9]][[33]]` is a function
`expected[[9]][[33]]` is NULL

`actual[[9]][[34]]` is an integer vector (0)
`expected[[9]][[34]]` is NULL

`actual[[9]][[35]]` is an integer vector (0)
`expected[[9]][[35]]` is NULL

`actual[[9]][[36]]` is a function
`expected[[9]][[36]]` is NULL

`actual[[11]]` is a list
`expected[[11]]` is absent</failure>
    </testcase>
  </testsuite>
  <testsuite name="ard_stack_hierarchical" timestamp="2025-03-24T18:10:03Z" hostname="4c5f8ebabfcb" tests="1" skipped="0" failures="0" errors="0" time="0.025">
    <testcase time="0.0249999999999986" classname="character(0)" name="ard_stack_hierarchical_variables_include_messaging"/>
  </testsuite>
  <testsuite name="ard_stack_hierarchical" timestamp="2025-03-24T18:10:03Z" hostname="4c5f8ebabfcb" tests="1" skipped="0" failures="0" errors="0" time="0.001">
    <testcase time="0.000999999999997669" classname="character(0)" name="ard_stack_hierarchical_by_overall_messaging"/>
  </testsuite>
  <testsuite name="ard_stack_hierarchical" timestamp="2025-03-24T18:10:03Z" hostname="4c5f8ebabfcb" tests="1" skipped="0" failures="0" errors="0" time="0.002">
    <testcase time="0.00200000000000244" classname="character(0)" name="ard_stack_hierarchical_statistic_"/>
  </testsuite>
  <testsuite name="ard_stack_hierarchical" timestamp="2025-03-24T18:10:03Z" hostname="4c5f8ebabfcb" tests="4" skipped="0" failures="0" errors="0" time="0.003">
    <testcase time="0.00200000000000244" classname="character(0)" name="ard_stack_hierarchical_count_variables_"/>
    <testcase time="0" classname="character(0)" name="ard_stack_hierarchical_count_variables_"/>
    <testcase time="0.000999999999997669" classname="character(0)" name="ard_stack_hierarchical_count_variables_"/>
    <testcase time="0" classname="character(0)" name="ard_stack_hierarchical_count_variables_"/>
  </testsuite>
  <testsuite name="ard_stack_hierarchical" timestamp="2025-03-24T18:10:03Z" hostname="4c5f8ebabfcb" tests="4" skipped="0" failures="0" errors="0" time="0.023">
    <testcase time="0.0219999999999985" classname="character(0)" name="ard_stack_hierarchical_count_by_"/>
    <testcase time="0" classname="character(0)" name="ard_stack_hierarchical_count_by_"/>
    <testcase time="0.000999999999997669" classname="character(0)" name="ard_stack_hierarchical_count_by_"/>
    <testcase time="0" classname="character(0)" name="ard_stack_hierarchical_count_by_"/>
  </testsuite>
  <testsuite name="ard_stack_hierarchical" timestamp="2025-03-24T18:10:03Z" hostname="4c5f8ebabfcb" tests="1" skipped="0" failures="0" errors="0" time="0.002">
    <testcase time="0.00200000000000244" classname="character(0)" name="ard_stack_hierarchical_count_denominator_messaging"/>
  </testsuite>
  <testsuite name="ard_stack_hierarchical" timestamp="2025-03-24T18:10:03Z" hostname="4c5f8ebabfcb" tests="3" skipped="0" failures="0" errors="0" time="0.003">
    <testcase time="0.00200000000000244" classname="character(0)" name="ard_stack_hierarchical_count_denominator_univariate_tabulations"/>
    <testcase time="0" classname="character(0)" name="ard_stack_hierarchical_count_denominator_univariate_tabulations"/>
    <testcase time="0.000999999999997669" classname="character(0)" name="ard_stack_hierarchical_count_denominator_univariate_tabulations"/>
  </testsuite>
  <testsuite name="ard_stack_hierarchical" timestamp="2025-03-24T18:10:03Z" hostname="4c5f8ebabfcb" tests="2" skipped="0" failures="0" errors="0" time="0.002">
    <testcase time="0.000999999999997669" classname="character(0)" name="ard_stack_hierarchical_count_denominator_total_n_"/>
    <testcase time="0.00100000000000477" classname="character(0)" name="ard_stack_hierarchical_count_denominator_total_n_"/>
  </testsuite>
  <testsuite name="ard_stack_hierarchical" timestamp="2025-03-24T18:10:03Z" hostname="4c5f8ebabfcb" tests="1" skipped="0" failures="0" errors="0" time="0.002">
    <testcase time="0.00199999999999534" classname="character(0)" name="ard_stack_hierarchical_count_denominator_total_n_messaging"/>
  </testsuite>
  <testsuite name="ard_stack_hierarchical" timestamp="2025-03-24T18:10:03Z" hostname="4c5f8ebabfcb" tests="1" skipped="0" failures="0" errors="0" time="0.001">
    <testcase time="0.00100000000000477" classname="character(0)" name="ard_stack_hierarchical_count_overall_denominator_messaging"/>
  </testsuite>
  <testsuite name="ard_stack_hierarchical" timestamp="2025-03-24T18:10:03Z" hostname="4c5f8ebabfcb" tests="2" skipped="0" failures="0" errors="0" time="0.002">
    <testcase time="0.00199999999999534" classname="character(0)" name="ard_stack_hierarchical_count_overall_"/>
    <testcase time="0" classname="character(0)" name="ard_stack_hierarchical_count_overall_"/>
  </testsuite>
  <testsuite name="ard_stack_hierarchical" timestamp="2025-03-24T18:10:03Z" hostname="4c5f8ebabfcb" tests="1" skipped="0" failures="0" errors="0" time="0.002">
    <testcase time="0.00200000000000244" classname="character(0)" name="ard_stack_hierarchical_count_over_variables_"/>
  </testsuite>
  <testsuite name="ard_stack_hierarchical" timestamp="2025-03-24T18:10:03Z" hostname="4c5f8ebabfcb" tests="1" skipped="0" failures="0" errors="0" time="0.002">
    <testcase time="0.00200000000000244" classname="character(0)" name="ard_stack_hierarchical_count_overall_over_variables_"/>
  </testsuite>
  <testsuite name="ard_stack_hierarchical" timestamp="2025-03-24T18:10:03Z" hostname="4c5f8ebabfcb" tests="1" skipped="0" failures="0" errors="0" time="0.002">
    <testcase time="0.00199999999999534" classname="character(0)" name="ard_stack_hierarchical_count_attributes_"/>
  </testsuite>
  <testsuite name="ard_strata" timestamp="2025-03-24T18:10:06Z" hostname="4c5f8ebabfcb" tests="3" skipped="0" failures="0" errors="0" time="3.28">
    <testcase time="3.278" classname="character(0)" name="ard_strata_works"/>
    <testcase time="0.00100000000000477" classname="character(0)" name="ard_strata_works"/>
    <testcase time="0.000999999999997669" classname="character(0)" name="ard_strata_works"/>
  </testsuite>
  <testsuite name="ard_strata" timestamp="2025-03-24T18:10:06Z" hostname="4c5f8ebabfcb" tests="2" skipped="0" failures="0" errors="0" time="0.004">
    <testcase time="0.00300000000000011" classname="character(0)" name="ard_strata_by_strata_when_both_empty"/>
    <testcase time="0.000999999999997669" classname="character(0)" name="ard_strata_by_strata_when_both_empty"/>
  </testsuite>
  <testsuite name="ard_total_n" timestamp="2025-03-24T18:10:07Z" hostname="4c5f8ebabfcb" tests="2" skipped="0" failures="0" errors="0" time="0.221">
    <testcase time="0.220000000000006" classname="character(0)" name="ard_total_n_works"/>
    <testcase time="0.000999999999997669" classname="character(0)" name="ard_total_n_works"/>
  </testsuite>
  <testsuite name="ard_total_n" timestamp="2025-03-24T18:10:07Z" hostname="4c5f8ebabfcb" tests="1" skipped="0" failures="0" errors="0" time="0.002">
    <testcase time="0.00200000000000244" classname="character(0)" name="ard_total_n_follows_ard_structure"/>
  </testsuite>
  <testsuite name="as_card" timestamp="2025-03-24T18:10:07Z" hostname="4c5f8ebabfcb" tests="1" skipped="0" failures="0" errors="0" time="0.328">
    <testcase time="0.327999999999996" classname="character(0)" name="as_card_works"/>
  </testsuite>
  <testsuite name="as_card" timestamp="2025-03-24T18:10:07Z" hostname="4c5f8ebabfcb" tests="1" skipped="0" failures="0" errors="0" time="0.002">
    <testcase time="0.00200000000000244" classname="character(0)" name="as_card_does_not_affect_card_objects"/>
  </testsuite>
  <testsuite name="as_card" timestamp="2025-03-24T18:10:07Z" hostname="4c5f8ebabfcb" tests="1" skipped="0" failures="0" errors="0" time="0.001">
    <testcase time="0.000999999999997669" classname="character(0)" name="as_card_error_catching_works_correctly"/>
  </testsuite>
  <testsuite name="as_cards_fn" timestamp="2025-03-24T18:10:07Z" hostname="4c5f8ebabfcb" tests="3" skipped="0" failures="0" errors="0" time="0.046">
    <testcase time="0.0450000000000017" classname="character(0)" name="as_cards_fn_works"/>
    <testcase time="0" classname="character(0)" name="as_cards_fn_works"/>
    <testcase time="0.000999999999997669" classname="character(0)" name="as_cards_fn_works"/>
  </testsuite>
  <testsuite name="as_nested_list" timestamp="2025-03-24T18:10:08Z" hostname="4c5f8ebabfcb" tests="1" skipped="0" failures="0" errors="0" time="0.474">
    <testcase time="0.474000000000004" classname="character(0)" name="as_nested_list_works"/>
  </testsuite>
  <testsuite name="bind_ard" timestamp="2025-03-24T18:10:08Z" hostname="4c5f8ebabfcb" tests="1" skipped="0" failures="0" errors="0" time="0.844">
    <testcase time="0.844000000000001" classname="character(0)" name="bind_ard_works"/>
  </testsuite>
  <testsuite name="bind_ard" timestamp="2025-03-24T18:10:08Z" hostname="4c5f8ebabfcb" tests="2" skipped="0" failures="0" errors="0" time="0.002">
    <testcase time="0.00199999999999534" classname="character(0)" name="ARD_helpers_messaging"/>
    <testcase time="0" classname="character(0)" name="ARD_helpers_messaging"/>
  </testsuite>
  <testsuite name="bind_ard" timestamp="2025-03-24T18:10:08Z" hostname="4c5f8ebabfcb" tests="2" skipped="0" failures="0" errors="0" time="0.002">
    <testcase time="0.00200000000000244" classname="character(0)" name="bind_ard_.order_argument_works"/>
    <testcase time="0" classname="character(0)" name="bind_ard_.order_argument_works"/>
  </testsuite>
  <testsuite name="bind_ard" timestamp="2025-03-24T18:10:08Z" hostname="4c5f8ebabfcb" tests="1" skipped="0" failures="0" errors="0" time="0.002">
    <testcase time="0.00200000000000244" classname="character(0)" name="bind_ard_.quiet_"/>
  </testsuite>
  <testsuite name="bind_ard" timestamp="2025-03-24T18:10:08Z" hostname="4c5f8ebabfcb" tests="1" skipped="0" failures="0" errors="0" time="0.002">
    <testcase time="0.00199999999999534" classname="character(0)" name="bind_ard_.distinct_"/>
  </testsuite>
  <testsuite name="check_ard_structure" timestamp="2025-03-24T18:10:09Z" hostname="4c5f8ebabfcb" tests="1" skipped="0" failures="0" errors="0" time="0.186">
    <testcase time="0.186" classname="character(0)" name="check_ard_structure_works"/>
  </testsuite>
  <testsuite name="eval_capture_conditions" timestamp="2025-03-24T18:10:09Z" hostname="4c5f8ebabfcb" tests="4" skipped="0" failures="0" errors="0" time="0.45">
    <testcase time="0.448" classname="character(0)" name="eval_capture_conditions_works"/>
    <testcase time="0.000999999999997669" classname="character(0)" name="eval_capture_conditions_works"/>
    <testcase time="0.00100000000000477" classname="character(0)" name="eval_capture_conditions_works"/>
    <testcase time="0" classname="character(0)" name="eval_capture_conditions_works"/>
  </testsuite>
  <testsuite name="eval_capture_conditions" timestamp="2025-03-24T18:10:09Z" hostname="4c5f8ebabfcb" tests="3" skipped="0" failures="0" errors="0" time="0.003">
    <testcase time="0.00199999999999534" classname="character(0)" name="captured_condition_as_message_works"/>
    <testcase time="0.00100000000000477" classname="character(0)" name="captured_condition_as_message_works"/>
    <testcase time="0" classname="character(0)" name="captured_condition_as_message_works"/>
  </testsuite>
  <testsuite name="eval_capture_conditions" timestamp="2025-03-24T18:10:09Z" hostname="4c5f8ebabfcb" tests="3" skipped="0" failures="0" errors="0" time="0.003">
    <testcase time="0.00199999999999534" classname="character(0)" name="captured_condition_as_error_works"/>
    <testcase time="0" classname="character(0)" name="captured_condition_as_error_works"/>
    <testcase time="0.00100000000000477" classname="character(0)" name="captured_condition_as_error_works"/>
  </testsuite>
  <testsuite name="ard_continuous" timestamp="2025-03-24T18:10:12Z" hostname="4c5f8ebabfcb" tests="4" skipped="0" failures="0" errors="0" time="2.819">
    <testcase time="2.816" classname="character(0)" name="ard_continuous_works"/>
    <testcase time="0.00100000000000477" classname="character(0)" name="ard_continuous_works"/>
    <testcase time="0.000999999999997669" classname="character(0)" name="ard_continuous_works"/>
    <testcase time="0.000999999999997669" classname="character(0)" name="ard_continuous_works"/>
  </testsuite>
  <testsuite name="ard_continuous" timestamp="2025-03-24T18:10:12Z" hostname="4c5f8ebabfcb" tests="3" skipped="0" failures="0" errors="0" time="0.004">
    <testcase time="0.00300000000000011" classname="character(0)" name="ard_continuous_fmt_fn_argument_works"/>
    <testcase time="0.00100000000000477" classname="character(0)" name="ard_continuous_fmt_fn_argument_works"/>
    <testcase time="0" classname="character(0)" name="ard_continuous_fmt_fn_argument_works"/>
  </testsuite>
  <testsuite name="ard_continuous" timestamp="2025-03-24T18:10:12Z" hostname="4c5f8ebabfcb" tests="3" skipped="0" failures="0" errors="0" time="0.007">
    <testcase time="0.00600000000000023" classname="character(0)" name="ard_continuous_messaging"/>
    <testcase time="0" classname="character(0)" name="ard_continuous_messaging"/>
    <testcase time="0.000999999999997669" classname="character(0)" name="ard_continuous_messaging"/>
  </testsuite>
  <testsuite name="ard_continuous" timestamp="2025-03-24T18:10:12Z" hostname="4c5f8ebabfcb" tests="5" skipped="0" failures="0" errors="0" time="0.004">
    <testcase time="0.00200000000000244" classname="character(0)" name="ard_continuous_stat_label_argument_works"/>
    <testcase time="0" classname="character(0)" name="ard_continuous_stat_label_argument_works"/>
    <testcase time="0.000999999999997669" classname="character(0)" name="ard_continuous_stat_label_argument_works"/>
    <testcase time="0" classname="character(0)" name="ard_continuous_stat_label_argument_works"/>
    <testcase time="0.000999999999997669" classname="character(0)" name="ard_continuous_stat_label_argument_works"/>
  </testsuite>
  <testsuite name="ard_continuous" timestamp="2025-03-24T18:10:12Z" hostname="4c5f8ebabfcb" tests="2" skipped="0" failures="0" errors="0" time="0.002">
    <testcase time="0.00200000000000244" classname="character(0)" name="ard_continuous_and_ARD_column_names"/>
    <testcase time="0" classname="character(0)" name="ard_continuous_and_ARD_column_names"/>
  </testsuite>
  <testsuite name="ard_continuous" timestamp="2025-03-24T18:10:12Z" hostname="4c5f8ebabfcb" tests="1" skipped="0" failures="0" errors="0" time="0.002">
    <testcase time="0.00200000000000244" classname="character(0)" name="ard_continuous_with_grouped_data_works"/>
  </testsuite>
  <testsuite name="ard_continuous" timestamp="2025-03-24T18:10:12Z" hostname="4c5f8ebabfcb" tests="2" skipped="0" failures="0" errors="0" time="0.002">
    <testcase time="0.00199999999999534" classname="character(0)" name="ard_continuous_with_dates_works_and_displays_as_expected"/>
    <testcase time="0" classname="character(0)" name="ard_continuous_with_dates_works_and_displays_as_expected"/>
  </testsuite>
  <testsuite name="ard_continuous" timestamp="2025-03-24T18:10:12Z" hostname="4c5f8ebabfcb" tests="1" skipped="0" failures="0" errors="0" time="0.002">
    <testcase time="0.00200000000000244" classname="character(0)" name="ard_continuous_with_empty_missing_dates_works_and_preserves_Date_class"/>
  </testsuite>
  <testsuite name="ard_continuous" timestamp="2025-03-24T18:10:12Z" hostname="4c5f8ebabfcb" tests="3" skipped="0" failures="0" errors="0" time="0.003">
    <testcase time="0.00200000000000244" classname="character(0)" name="ard_continuous_works_with_non_syntactic_names"/>
    <testcase time="0.000999999999997669" classname="character(0)" name="ard_continuous_works_with_non_syntactic_names"/>
    <testcase time="0" classname="character(0)" name="ard_continuous_works_with_non_syntactic_names"/>
  </testsuite>
  <testsuite name="ard_continuous" timestamp="2025-03-24T18:10:12Z" hostname="4c5f8ebabfcb" tests="19" skipped="0" failures="0" errors="0" time="0.011">
    <testcase time="0.00200000000000244" classname="character(0)" name="ard_continuous_works_when_using_generic_names_"/>
    <testcase time="0" classname="character(0)" name="ard_continuous_works_when_using_generic_names_"/>
    <testcase time="0.000999999999997669" classname="character(0)" name="ard_continuous_works_when_using_generic_names_"/>
    <testcase time="0" classname="character(0)" name="ard_continuous_works_when_using_generic_names_"/>
    <testcase time="0.000999999999997669" classname="character(0)" name="ard_continuous_works_when_using_generic_names_"/>
    <testcase time="0" classname="character(0)" name="ard_continuous_works_when_using_generic_names_"/>
    <testcase time="0.00100000000000477" classname="character(0)" name="ard_continuous_works_when_using_generic_names_"/>
    <testcase time="0" classname="character(0)" name="ard_continuous_works_when_using_generic_names_"/>
    <testcase time="0.000999999999997669" classname="character(0)" name="ard_continuous_works_when_using_generic_names_"/>
    <testcase time="0" classname="character(0)" name="ard_continuous_works_when_using_generic_names_"/>
    <testcase time="0.000999999999997669" classname="character(0)" name="ard_continuous_works_when_using_generic_names_"/>
    <testcase time="0" classname="character(0)" name="ard_continuous_works_when_using_generic_names_"/>
    <testcase time="0.00100000000000477" classname="character(0)" name="ard_continuous_works_when_using_generic_names_"/>
    <testcase time="0.000999999999997669" classname="character(0)" name="ard_continuous_works_when_using_generic_names_"/>
    <testcase time="0" classname="character(0)" name="ard_continuous_works_when_using_generic_names_"/>
    <testcase time="0.000999999999997669" classname="character(0)" name="ard_continuous_works_when_using_generic_names_"/>
    <testcase time="0" classname="character(0)" name="ard_continuous_works_when_using_generic_names_"/>
    <testcase time="0.00100000000000477" classname="character(0)" name="ard_continuous_works_when_using_generic_names_"/>
    <testcase time="0" classname="character(0)" name="ard_continuous_works_when_using_generic_names_"/>
  </testsuite>
  <testsuite name="ard_continuous" timestamp="2025-03-24T18:10:12Z" hostname="4c5f8ebabfcb" tests="1" skipped="0" failures="0" errors="0" time="0.002">
    <testcase time="0.00199999999999534" classname="character(0)" name="ard_continuous_follows_ard_structure"/>
  </testsuite>
  <testsuite name="ard_continuous" timestamp="2025-03-24T18:10:12Z" hostname="4c5f8ebabfcb" tests="2" skipped="0" failures="0" errors="0" time="0.002">
    <testcase time="0.00200000000000244" classname="character(0)" name="ard_continuous_errors_with_incomplete_factor_columns"/>
    <testcase time="0" classname="character(0)" name="ard_continuous_errors_with_incomplete_factor_columns"/>
  </testsuite>
  <testsuite name="ard_continuous" timestamp="2025-03-24T18:10:12Z" hostname="4c5f8ebabfcb" tests="2" skipped="0" failures="0" errors="0" time="0.003">
    <testcase time="0.00199999999999534" classname="character(0)" name="ard_continuous_with_as_cards_fn_inputs"/>
    <testcase time="0.00100000000000477" classname="character(0)" name="ard_continuous_with_as_cards_fn_inputs"/>
  </testsuite>
  <testsuite name="get_ard_statistics" timestamp="2025-03-24T18:10:12Z" hostname="4c5f8ebabfcb" tests="2" skipped="0" failures="0" errors="0" time="0.178">
    <testcase time="0.177" classname="character(0)" name="get_ard_statistics_works"/>
    <testcase time="0.000999999999997669" classname="character(0)" name="get_ard_statistics_works"/>
  </testsuite>
  <testsuite name="label_round" timestamp="2025-03-24T18:10:12Z" hostname="4c5f8ebabfcb" tests="4" skipped="0" failures="0" errors="0" time="0.06">
    <testcase time="0.0570000000000022" classname="character(0)" name="label_round_works"/>
    <testcase time="0.000999999999997669" classname="character(0)" name="label_round_works"/>
    <testcase time="0.00100000000000477" classname="character(0)" name="label_round_works"/>
    <testcase time="0.000999999999997669" classname="character(0)" name="label_round_works"/>
  </testsuite>
  <testsuite name="mock" timestamp="2025-03-24T18:10:13Z" hostname="4c5f8ebabfcb" tests="1" skipped="0" failures="0" errors="0" time="1.01">
    <testcase time="1.01" classname="character(0)" name="mock_categorical_"/>
  </testsuite>
  <testsuite name="mock" timestamp="2025-03-24T18:10:13Z" hostname="4c5f8ebabfcb" tests="1" skipped="0" failures="0" errors="0" time="0.003">
    <testcase time="0.00300000000000011" classname="character(0)" name="mock_categorical_messaging"/>
  </testsuite>
  <testsuite name="mock" timestamp="2025-03-24T18:10:13Z" hostname="4c5f8ebabfcb" tests="1" skipped="0" failures="0" errors="0" time="0.003">
    <testcase time="0.00300000000000011" classname="character(0)" name="mock_continuous_"/>
  </testsuite>
  <testsuite name="mock" timestamp="2025-03-24T18:10:13Z" hostname="4c5f8ebabfcb" tests="1" skipped="0" failures="0" errors="0" time="0.002">
    <testcase time="0.00200000000000244" classname="character(0)" name="mock_continuous_messaging"/>
  </testsuite>
  <testsuite name="mock" timestamp="2025-03-24T18:10:13Z" hostname="4c5f8ebabfcb" tests="1" skipped="0" failures="0" errors="0" time="0.003">
    <testcase time="0.00300000000000011" classname="character(0)" name="mock_dichotomous_"/>
  </testsuite>
  <testsuite name="mock" timestamp="2025-03-24T18:10:13Z" hostname="4c5f8ebabfcb" tests="1" skipped="0" failures="0" errors="0" time="0.002">
    <testcase time="0.00199999999999534" classname="character(0)" name="mock_dichotomous_messaging"/>
  </testsuite>
  <testsuite name="mock" timestamp="2025-03-24T18:10:13Z" hostname="4c5f8ebabfcb" tests="1" skipped="0" failures="0" errors="0" time="0.002">
    <testcase time="0.00200000000000244" classname="character(0)" name="mock_missing_"/>
  </testsuite>
  <testsuite name="mock" timestamp="2025-03-24T18:10:13Z" hostname="4c5f8ebabfcb" tests="1" skipped="0" failures="0" errors="0" time="0.002">
    <testcase time="0.00200000000000244" classname="character(0)" name="mock_missing_messaging"/>
  </testsuite>
  <testsuite name="mock" timestamp="2025-03-24T18:10:13Z" hostname="4c5f8ebabfcb" tests="1" skipped="0" failures="0" errors="0" time="0.002">
    <testcase time="0.00199999999999534" classname="character(0)" name="mock_attributes_"/>
  </testsuite>
  <testsuite name="mock" timestamp="2025-03-24T18:10:13Z" hostname="4c5f8ebabfcb" tests="1" skipped="0" failures="0" errors="0" time="0.002">
    <testcase time="0.00200000000000244" classname="character(0)" name="mock_attributes_messaging"/>
  </testsuite>
  <testsuite name="mock" timestamp="2025-03-24T18:10:13Z" hostname="4c5f8ebabfcb" tests="1" skipped="0" failures="0" errors="0" time="0.002">
    <testcase time="0.00200000000000244" classname="character(0)" name="mock_total_n_"/>
  </testsuite>
  <testsuite name="nest_for_ard" timestamp="2025-03-24T18:10:13Z" hostname="4c5f8ebabfcb" tests="4" skipped="0" failures="0" errors="0" time="0.165">
    <testcase time="0.162999999999997" classname="character(0)" name="nest_for_ard_works"/>
    <testcase time="0.00100000000000477" classname="character(0)" name="nest_for_ard_works"/>
    <testcase time="0.000999999999997669" classname="character(0)" name="nest_for_ard_works"/>
    <testcase time="0" classname="character(0)" name="nest_for_ard_works"/>
  </testsuite>
  <testsuite name="options" timestamp="2025-03-24T18:10:14Z" hostname="4c5f8ebabfcb" tests="2" skipped="0" failures="0" errors="0" time="0.313">
    <testcase time="0.313000000000002" classname="character(0)" name="options_cards.round_type_"/>
    <testcase time="0" classname="character(0)" name="options_cards.round_type_"/>
  </testsuite>
  <testsuite name="options" timestamp="2025-03-24T18:10:14Z" hostname="4c5f8ebabfcb" tests="1" skipped="0" failures="0" errors="0" time="0.002">
    <testcase time="0.00199999999999534" classname="character(0)" name="options_cards.round_type_messaging"/>
  </testsuite>
  <testsuite name="filter_ard_hierarchical" timestamp="2025-03-24T18:10:14Z" hostname="4c5f8ebabfcb" tests="5" skipped="0" failures="0" errors="0" time="0.551">
    <testcase time="0.547000000000004" classname="character(0)" name="filter_ard_hierarchical_works"/>
    <testcase time="0.000999999999997669" classname="character(0)" name="filter_ard_hierarchical_works"/>
    <testcase time="0.000999999999997669" classname="character(0)" name="filter_ard_hierarchical_works"/>
    <testcase time="0.00100000000000477" classname="character(0)" name="filter_ard_hierarchical_works"/>
    <testcase time="0.000999999999997669" classname="character(0)" name="filter_ard_hierarchical_works"/>
  </testsuite>
  <testsuite name="filter_ard_hierarchical" timestamp="2025-03-24T18:10:14Z" hostname="4c5f8ebabfcb" tests="8" skipped="0" failures="0" errors="0" time="0.008">
    <testcase time="0.00300000000000011" classname="character(0)" name="filter_ard_hierarchical_works_with_non_standard_filters"/>
    <testcase time="0.000999999999997669" classname="character(0)" name="filter_ard_hierarchical_works_with_non_standard_filters"/>
    <testcase time="0.00100000000000477" classname="character(0)" name="filter_ard_hierarchical_works_with_non_standard_filters"/>
    <testcase time="0.000999999999997669" classname="character(0)" name="filter_ard_hierarchical_works_with_non_standard_filters"/>
    <testcase time="0" classname="character(0)" name="filter_ard_hierarchical_works_with_non_standard_filters"/>
    <testcase time="0.000999999999997669" classname="character(0)" name="filter_ard_hierarchical_works_with_non_standard_filters"/>
    <testcase time="0" classname="character(0)" name="filter_ard_hierarchical_works_with_non_standard_filters"/>
    <testcase time="0.00100000000000477" classname="character(0)" name="filter_ard_hierarchical_works_with_non_standard_filters"/>
  </testsuite>
  <testsuite name="filter_ard_hierarchical" timestamp="2025-03-24T18:10:14Z" hostname="4c5f8ebabfcb" tests="4" skipped="0" failures="0" errors="0" time="0.005">
    <testcase time="0.00299999999999301" classname="character(0)" name="filter_ard_hierarchical_works_with_ard_stack_hierarchical_count_results"/>
    <testcase time="0" classname="character(0)" name="filter_ard_hierarchical_works_with_ard_stack_hierarchical_count_results"/>
    <testcase time="0.00100000000000477" classname="character(0)" name="filter_ard_hierarchical_works_with_ard_stack_hierarchical_count_results"/>
    <testcase time="0.000999999999997669" classname="character(0)" name="filter_ard_hierarchical_works_with_ard_stack_hierarchical_count_results"/>
  </testsuite>
  <testsuite name="filter_ard_hierarchical" timestamp="2025-03-24T18:10:14Z" hostname="4c5f8ebabfcb" tests="3" skipped="0" failures="0" errors="0" time="0.003">
    <testcase time="0.00200000000000244" classname="character(0)" name="filter_ard_hierarchical_returns_only_summary_rows_when_all_rows_filtered_out"/>
    <testcase time="0.000999999999997669" classname="character(0)" name="filter_ard_hierarchical_returns_only_summary_rows_when_all_rows_filtered_out"/>
    <testcase time="0" classname="character(0)" name="filter_ard_hierarchical_returns_only_summary_rows_when_all_rows_filtered_out"/>
  </testsuite>
  <testsuite name="filter_ard_hierarchical" timestamp="2025-03-24T18:10:14Z" hostname="4c5f8ebabfcb" tests="10" skipped="0" failures="0" errors="0" time="0.007">
    <testcase time="0.00200000000000244" classname="character(0)" name="filter_ard_hierarchical_keep_empty_works"/>
    <testcase time="0.000999999999997669" classname="character(0)" name="filter_ard_hierarchical_keep_empty_works"/>
    <testcase time="0" classname="character(0)" name="filter_ard_hierarchical_keep_empty_works"/>
    <testcase time="0.000999999999997669" classname="character(0)" name="filter_ard_hierarchical_keep_empty_works"/>
    <testcase time="0" classname="character(0)" name="filter_ard_hierarchical_keep_empty_works"/>
    <testcase time="0.00100000000000477" classname="character(0)" name="filter_ard_hierarchical_keep_empty_works"/>
    <testcase time="0" classname="character(0)" name="filter_ard_hierarchical_keep_empty_works"/>
    <testcase time="0.000999999999997669" classname="character(0)" name="filter_ard_hierarchical_keep_empty_works"/>
    <testcase time="0" classname="character(0)" name="filter_ard_hierarchical_keep_empty_works"/>
    <testcase time="0.000999999999997669" classname="character(0)" name="filter_ard_hierarchical_keep_empty_works"/>
  </testsuite>
  <testsuite name="filter_ard_hierarchical" timestamp="2025-03-24T18:10:14Z" hostname="4c5f8ebabfcb" tests="2" skipped="0" failures="0" errors="0" time="0.002">
    <testcase time="0.00200000000000244" classname="character(0)" name="filter_ard_hierarchical_works_with_only_one_variable_in_x"/>
    <testcase time="0" classname="character(0)" name="filter_ard_hierarchical_works_with_only_one_variable_in_x"/>
  </testsuite>
  <testsuite name="filter_ard_hierarchical" timestamp="2025-03-24T18:10:14Z" hostname="4c5f8ebabfcb" tests="1" skipped="0" failures="0" errors="0" time="0.002">
    <testcase time="0.00200000000000244" classname="character(0)" name="filter_ard_hierarchical_works_when_some_variables_not_included_in_x"/>
  </testsuite>
  <testsuite name="filter_ard_hierarchical" timestamp="2025-03-24T18:10:14Z" hostname="4c5f8ebabfcb" tests="1" skipped="0" failures="0" errors="0" time="0.002">
    <testcase time="0.00199999999999534" classname="character(0)" name="filter_ard_hierarchical_works_with_overall_data"/>
  </testsuite>
  <testsuite name="filter_ard_hierarchical" timestamp="2025-03-24T18:10:14Z" hostname="4c5f8ebabfcb" tests="4" skipped="0" failures="0" errors="0" time="0.007">
    <testcase time="0.00500000000000256" classname="character(0)" name="filter_ard_hierarchical_error_messaging_works"/>
    <testcase time="0.000999999999997669" classname="character(0)" name="filter_ard_hierarchical_error_messaging_works"/>
    <testcase time="0" classname="character(0)" name="filter_ard_hierarchical_error_messaging_works"/>
    <testcase time="0.00100000000000477" classname="character(0)" name="filter_ard_hierarchical_error_messaging_works"/>
  </testsuite>
  <testsuite name="print" timestamp="2025-03-24T18:10:14Z" hostname="4c5f8ebabfcb" tests="5" skipped="0" failures="0" errors="0" time="0.24">
    <testcase time="0.235999999999997" classname="character(0)" name="print.card_works"/>
    <testcase time="0.000999999999997669" classname="character(0)" name="print.card_works"/>
    <testcase time="0.00100000000000477" classname="character(0)" name="print.card_works"/>
    <testcase time="0.000999999999997669" classname="character(0)" name="print.card_works"/>
    <testcase time="0.000999999999997669" classname="character(0)" name="print.card_works"/>
  </testsuite>
  <testsuite name="process_selectors" timestamp="2025-03-24T18:10:15Z" hostname="4c5f8ebabfcb" tests="3" skipped="0" failures="0" errors="0" time="0.403">
    <testcase time="0.401000000000003" classname="character(0)" name="process_selectors_works"/>
    <testcase time="0.000999999999997669" classname="character(0)" name="process_selectors_works"/>
    <testcase time="0.00100000000000477" classname="character(0)" name="process_selectors_works"/>
  </testsuite>
  <testsuite name="process_selectors" timestamp="2025-03-24T18:10:15Z" hostname="4c5f8ebabfcb" tests="2" skipped="0" failures="0" errors="0" time="0.004">
    <testcase time="0.00300000000000011" classname="character(0)" name="process_formula_selectors_works"/>
    <testcase time="0.000999999999997669" classname="character(0)" name="process_formula_selectors_works"/>
  </testsuite>
  <testsuite name="process_selectors" timestamp="2025-03-24T18:10:15Z" hostname="4c5f8ebabfcb" tests="2" skipped="0" failures="0" errors="0" time="0.004">
    <testcase time="0.00300000000000011" classname="character(0)" name="process_formula_selectors_error_messaging"/>
    <testcase time="0.000999999999997669" classname="character(0)" name="process_formula_selectors_error_messaging"/>
  </testsuite>
  <testsuite name="process_selectors" timestamp="2025-03-24T18:10:15Z" hostname="4c5f8ebabfcb" tests="7" skipped="0" failures="0" errors="0" time="0.005">
    <testcase time="0.00200000000000244" classname="character(0)" name="compute_formula_selector_selects_the_last_assignment_when_multiple_appear"/>
    <testcase time="0" classname="character(0)" name="compute_formula_selector_selects_the_last_assignment_when_multiple_appear"/>
    <testcase time="0.000999999999997669" classname="character(0)" name="compute_formula_selector_selects_the_last_assignment_when_multiple_appear"/>
    <testcase time="0" classname="character(0)" name="compute_formula_selector_selects_the_last_assignment_when_multiple_appear"/>
    <testcase time="0.00100000000000477" classname="character(0)" name="compute_formula_selector_selects_the_last_assignment_when_multiple_appear"/>
    <testcase time="0" classname="character(0)" name="compute_formula_selector_selects_the_last_assignment_when_multiple_appear"/>
    <testcase time="0.000999999999997669" classname="character(0)" name="compute_formula_selector_selects_the_last_assignment_when_multiple_appear"/>
  </testsuite>
  <testsuite name="process_selectors" timestamp="2025-03-24T18:10:15Z" hostname="4c5f8ebabfcb" tests="1" skipped="0" failures="0" errors="0" time="0.002">
    <testcase time="0.00200000000000244" classname="character(0)" name="cards_select_deprecation_error_with_vars_"/>
  </testsuite>
  <testsuite name="rename_ard_columns" timestamp="2025-03-24T18:10:15Z" hostname="4c5f8ebabfcb" tests="1" skipped="0" failures="0" errors="0" time="0.434">
    <testcase time="0.433999999999997" classname="character(0)" name="rename_ard_columns_columns_"/>
  </testsuite>
  <testsuite name="rename_ard_columns" timestamp="2025-03-24T18:10:15Z" hostname="4c5f8ebabfcb" tests="1" skipped="0" failures="0" errors="1" time="0.003">
    <testcase time="0.00300000000000011" classname="character(0)" name="rename_ard_columns_unlist_">
      <error type="error" message="Error: object 'stat' not found ('test-rename_ard_columns.R:14:3')">Error: object 'stat' not found
Backtrace:
    ▆
 1. └─testthat::expect_snapshot(...) at test-rename_ard_columns.R:14:3
 2.   └─rlang::cnd_signal(state$error)</error>
    </testcase>
  </testsuite>
  <testsuite name="rename_ard_columns" timestamp="2025-03-24T18:10:15Z" hostname="4c5f8ebabfcb" tests="1" skipped="0" failures="0" errors="1" time="0.029">
    <testcase time="0.0289999999999964" classname="character(0)" name="rename_ard_columns_unlist_messaging">
      <error type="error" message="Error: object 'stat' not found ('test-rename_ard_columns.R:25:3')">Error: object 'stat' not found
Backtrace:
    ▆
 1. └─testthat::expect_snapshot(...) at test-rename_ard_columns.R:25:3
 2.   └─rlang::cnd_signal(state$error)</error>
    </testcase>
  </testsuite>
  <testsuite name="print_ard_conditions" timestamp="2025-03-24T18:10:16Z" hostname="4c5f8ebabfcb" tests="5" skipped="0" failures="0" errors="0" time="0.435">
    <testcase time="0.432000000000002" classname="character(0)" name="print_ard_conditions_works"/>
    <testcase time="0.000999999999997669" classname="character(0)" name="print_ard_conditions_works"/>
    <testcase time="0.00100000000000477" classname="character(0)" name="print_ard_conditions_works"/>
    <testcase time="0.000999999999997669" classname="character(0)" name="print_ard_conditions_works"/>
    <testcase time="0" classname="character(0)" name="print_ard_conditions_works"/>
  </testsuite>
  <testsuite name="print_ard_conditions" timestamp="2025-03-24T18:10:16Z" hostname="4c5f8ebabfcb" tests="2" skipped="0" failures="0" errors="0" time="0.004">
    <testcase time="0.00300000000000011" classname="character(0)" name="print_ard_conditions_condition_type_"/>
    <testcase time="0.00100000000000477" classname="character(0)" name="print_ard_conditions_condition_type_"/>
  </testsuite>
  <testsuite name="print_ard_conditions" timestamp="2025-03-24T18:10:16Z" hostname="4c5f8ebabfcb" tests="1" skipped="0" failures="0" errors="0" time="0.003">
    <testcase time="0.00300000000000011" classname="character(0)" name="print_ard_conditions_no_error_when_error_warning_columns_not_present"/>
  </testsuite>
  <testsuite name="print_ard_conditions" timestamp="2025-03-24T18:10:16Z" hostname="4c5f8ebabfcb" tests="1" skipped="0" failures="0" errors="0" time="0.002">
    <testcase time="0.00199999999999534" classname="character(0)" name="print_ard_conditions_no_error_when_factors_are_present"/>
  </testsuite>
  <testsuite name="print_ard_conditions" timestamp="2025-03-24T18:10:16Z" hostname="4c5f8ebabfcb" tests="1" skipped="0" failures="0" errors="0" time="0.002">
    <testcase time="0.00200000000000244" classname="character(0)" name="print_ard_conditions_works_when_curly_brackets_appear_in_condition_message"/>
  </testsuite>
  <testsuite name="replace_null_statistic" timestamp="2025-03-24T18:10:16Z" hostname="4c5f8ebabfcb" tests="2" skipped="0" failures="0" errors="0" time="0.102">
    <testcase time="0.100999999999999" classname="character(0)" name="replace_null_statistic_works"/>
    <testcase time="0.000999999999997669" classname="character(0)" name="replace_null_statistic_works"/>
  </testsuite>
  <testsuite name="round5" timestamp="2025-03-24T18:10:16Z" hostname="4c5f8ebabfcb" tests="3" skipped="0" failures="0" errors="0" time="0.169">
    <testcase time="0.167000000000002" classname="character(0)" name="round5_works"/>
    <testcase time="0.00100000000000477" classname="character(0)" name="round5_works"/>
    <testcase time="0.000999999999997669" classname="character(0)" name="round5_works"/>
  </testsuite>
  <testsuite name="rename_ard_groups" timestamp="2025-03-24T18:10:17Z" hostname="4c5f8ebabfcb" tests="2" skipped="0" failures="0" errors="0" time="0.756">
    <testcase time="0.755000000000003" classname="character(0)" name="rename_ard_groups_shift_"/>
    <testcase time="0.000999999999997669" classname="character(0)" name="rename_ard_groups_shift_"/>
  </testsuite>
  <testsuite name="rename_ard_groups" timestamp="2025-03-24T18:10:17Z" hostname="4c5f8ebabfcb" tests="1" skipped="0" failures="0" errors="0" time="0.002">
    <testcase time="0.00200000000000244" classname="character(0)" name="rename_ard_groups_shift_messaging"/>
  </testsuite>
  <testsuite name="rename_ard_groups" timestamp="2025-03-24T18:10:17Z" hostname="4c5f8ebabfcb" tests="2" skipped="0" failures="0" errors="0" time="0.003">
    <testcase time="0.00199999999999534" classname="character(0)" name="rename_ard_groups_reverse_"/>
    <testcase time="0.000999999999997669" classname="character(0)" name="rename_ard_groups_reverse_"/>
  </testsuite>
  <testsuite name="selectors" timestamp="2025-03-24T18:10:18Z" hostname="4c5f8ebabfcb" tests="10" skipped="0" failures="0" errors="0" time="0.794">
    <testcase time="0.785000000000004" classname="character(0)" name="selectors_work"/>
    <testcase time="0.000999999999997669" classname="character(0)" name="selectors_work"/>
    <testcase time="0.00100000000000477" classname="character(0)" name="selectors_work"/>
    <testcase time="0.000999999999997669" classname="character(0)" name="selectors_work"/>
    <testcase time="0.000999999999997669" classname="character(0)" name="selectors_work"/>
    <testcase time="0.00100000000000477" classname="character(0)" name="selectors_work"/>
    <testcase time="0.000999999999997669" classname="character(0)" name="selectors_work"/>
    <testcase time="0.000999999999997669" classname="character(0)" name="selectors_work"/>
    <testcase time="0.00100000000000477" classname="character(0)" name="selectors_work"/>
    <testcase time="0.000999999999997669" classname="character(0)" name="selectors_work"/>
  </testsuite>
  <testsuite name="shift_ard_columns" timestamp="2025-03-24T18:10:18Z" hostname="4c5f8ebabfcb" tests="5" skipped="0" failures="0" errors="0" time="0.461">
    <testcase time="0.457999999999998" classname="character(0)" name="rename_ard_columns_works"/>
    <testcase time="0.000999999999997669" classname="character(0)" name="rename_ard_columns_works"/>
    <testcase time="0" classname="character(0)" name="rename_ard_columns_works"/>
    <testcase time="0.00100000000000477" classname="character(0)" name="rename_ard_columns_works"/>
    <testcase time="0.000999999999997669" classname="character(0)" name="rename_ard_columns_works"/>
  </testsuite>
  <testsuite name="shuffle_ard" timestamp="2025-03-24T18:10:20Z" hostname="4c5f8ebabfcb" tests="7" skipped="0" failures="2" errors="0" time="2.346">
    <testcase time="2.32" classname="character(0)" name="shuffle_trim_works"/>
    <testcase time="0.000999999999997669" classname="character(0)" name="shuffle_trim_works"/>
    <testcase time="0.00100000000000477" classname="character(0)" name="shuffle_trim_works"/>
    <testcase time="0.000999999999997669" classname="character(0)" name="shuffle_trim_works">
      <failure type="failure" message="Snapshot of code has changed: ('test-shuffle_ard.R:43:3')">Snapshot of code has changed:
old vs new
  Code
    ard_shuffled
  Output
-                       ARM variable                label     context stat_name
+                       ARM variable                label group1_level     context
-   1               Placebo      AGE                    N  continuous         N
+   1               Placebo      ARM              Placebo         &lt;NA&gt; categorical
-   2               Placebo      AGE             Mean(SD)  continuous      mean
+   2               Placebo      ARM              Placebo         &lt;NA&gt; categorical
-   3               Placebo      AGE             Mean(SD)  continuous        sd
+   3               Placebo      ARM              Placebo         &lt;NA&gt; categorical
-   4               Placebo      AGE               median  continuous    median
+   4  Xanomeline High Dose      ARM Xanomeline High Dose         &lt;NA&gt; categorical
-   5               Placebo      AGE                  p25  continuous       p25
+   5  Xanomeline High Dose      ARM Xanomeline High Dose         &lt;NA&gt; categorical
-   6               Placebo      AGE                  p75  continuous       p75
+   6  Xanomeline High Dose      ARM Xanomeline High Dose         &lt;NA&gt; categorical
-   7               Placebo      AGE                  min  continuous       min
+   7   Xanomeline Low Dose      ARM  Xanomeline Low Dose         &lt;NA&gt; categorical
-   8               Placebo      AGE                  max  continuous       max
+   8   Xanomeline Low Dose      ARM  Xanomeline Low Dose         &lt;NA&gt; categorical
-   9               Placebo      AGE        Vector Length     missing     N_obs
+   9   Xanomeline Low Dose      ARM  Xanomeline Low Dose         &lt;NA&gt; categorical
-   10              Placebo      AGE            N Missing     missing    N_miss
+   10              Placebo      AGE                    N         &lt;NA&gt;  continuous
-   11              Placebo      AGE        N Non-missing     missing N_nonmiss
+   11              Placebo      AGE             Mean(SD)         &lt;NA&gt;  continuous
-   12              Placebo      AGE            % Missing     missing    p_miss
+   12              Placebo      AGE             Mean(SD)         &lt;NA&gt;  continuous
-   13              Placebo      AGE        % Non-missing     missing p_nonmiss
+   13              Placebo      AGE               median         &lt;NA&gt;  continuous
-   14 Xanomeline High Dose      AGE                    N  continuous         N
+   14              Placebo      AGE                  p25         &lt;NA&gt;  continuous
-   15 Xanomeline High Dose      AGE             Mean(SD)  continuous      mean
+   15              Placebo      AGE                  p75         &lt;NA&gt;  continuous
-   16 Xanomeline High Dose      AGE             Mean(SD)  continuous        sd
+   16              Placebo      AGE                  min         &lt;NA&gt;  continuous
-   17 Xanomeline High Dose      AGE               median  continuous    median
+   17              Placebo      AGE                  max         &lt;NA&gt;  continuous
-   18 Xanomeline High Dose      AGE                  p25  continuous       p25
+   18              Placebo      AGE        Vector Length         &lt;NA&gt;     missing
-   19 Xanomeline High Dose      AGE                  p75  continuous       p75
+   19              Placebo      AGE            N Missing         &lt;NA&gt;     missing
-   20 Xanomeline High Dose      AGE                  min  continuous       min
+   20              Placebo      AGE        N Non-missing         &lt;NA&gt;     missing
-   21 Xanomeline High Dose      AGE                  max  continuous       max
+   21              Placebo      AGE            % Missing         &lt;NA&gt;     missing
-   22 Xanomeline High Dose      AGE        Vector Length     missing     N_obs
+   22              Placebo      AGE        % Non-missing         &lt;NA&gt;     missing
-   23 Xanomeline High Dose      AGE            N Missing     missing    N_miss
+   23 Xanomeline High Dose      AGE                    N         &lt;NA&gt;  continuous
-   24 Xanomeline High Dose      AGE        N Non-missing     missing N_nonmiss
+   24 Xanomeline High Dose      AGE             Mean(SD)         &lt;NA&gt;  continuous
-   25 Xanomeline High Dose      AGE            % Missing     missing    p_miss
+   25 Xanomeline High Dose      AGE             Mean(SD)         &lt;NA&gt;  continuous
-   26 Xanomeline High Dose      AGE        % Non-missing     missing p_nonmiss
+   26 Xanomeline High Dose      AGE               median         &lt;NA&gt;  continuous
-   27  Xanomeline Low Dose      AGE                    N  continuous         N
+   27 Xanomeline High Dose      AGE                  p25         &lt;NA&gt;  continuous
-   28  Xanomeline Low Dose      AGE             Mean(SD)  continuous      mean
+   28 Xanomeline High Dose      AGE                  p75         &lt;NA&gt;  continuous
-   29  Xanomeline Low Dose      AGE             Mean(SD)  continuous        sd
+   29 Xanomeline High Dose      AGE                  min         &lt;NA&gt;  continuous
-   30  Xanomeline Low Dose      AGE               median  continuous    median
+   30 Xanomeline High Dose      AGE                  max         &lt;NA&gt;  continuous
-   31  Xanomeline Low Dose      AGE                  p25  continuous       p25
+   31 Xanomeline High Dose      AGE        Vector Length         &lt;NA&gt;     missing
-   32  Xanomeline Low Dose      AGE                  p75  continuous       p75
+   32 Xanomeline High Dose      AGE            N Missing         &lt;NA&gt;     missing
-   33  Xanomeline Low Dose      AGE                  min  continuous       min
+   33 Xanomeline High Dose      AGE        N Non-missing         &lt;NA&gt;     missing
-   34  Xanomeline Low Dose      AGE                  max  continuous       max
+   34 Xanomeline High Dose      AGE            % Missing         &lt;NA&gt;     missing
-   35  Xanomeline Low Dose      AGE        Vector Length     missing     N_obs
+   35 Xanomeline High Dose      AGE        % Non-missing         &lt;NA&gt;     missing
-   36  Xanomeline Low Dose      AGE            N Missing     missing    N_miss
+   36  Xanomeline Low Dose      AGE                    N         &lt;NA&gt;  continuous
-   37  Xanomeline Low Dose      AGE        N Non-missing     missing N_nonmiss
+   37  Xanomeline Low Dose      AGE             Mean(SD)         &lt;NA&gt;  continuous
-   38  Xanomeline Low Dose      AGE            % Missing     missing    p_miss
+   38  Xanomeline Low Dose      AGE             Mean(SD)         &lt;NA&gt;  continuous
-   39  Xanomeline Low Dose      AGE        % Non-missing     missing p_nonmiss
+   39  Xanomeline Low Dose      AGE               median         &lt;NA&gt;  continuous
-   40              Placebo   AGEGR1                65-80 categorical         n
+   40  Xanomeline Low Dose      AGE                  p25         &lt;NA&gt;  continuous
-   41              Placebo   AGEGR1                65-80 categorical         N
+   41  Xanomeline Low Dose      AGE                  p75         &lt;NA&gt;  continuous
-   42              Placebo   AGEGR1                65-80 categorical         p
+   42  Xanomeline Low Dose      AGE                  min         &lt;NA&gt;  continuous
-   43              Placebo   AGEGR1                  &lt;65 categorical         n
+   43  Xanomeline Low Dose      AGE                  max         &lt;NA&gt;  continuous
-   44              Placebo   AGEGR1                  &lt;65 categorical         N
+   44  Xanomeline Low Dose      AGE        Vector Length         &lt;NA&gt;     missing
-   45              Placebo   AGEGR1                  &lt;65 categorical         p
+   45  Xanomeline Low Dose      AGE            N Missing         &lt;NA&gt;     missing
-   46              Placebo   AGEGR1                  &gt;80 categorical         n
+   46  Xanomeline Low Dose      AGE        N Non-missing         &lt;NA&gt;     missing
-   47              Placebo   AGEGR1                  &gt;80 categorical         N
+   47  Xanomeline Low Dose      AGE            % Missing         &lt;NA&gt;     missing
-   48              Placebo   AGEGR1                  &gt;80 categorical         p
+   48  Xanomeline Low Dose      AGE        % Non-missing         &lt;NA&gt;     missing
-   49              Placebo   AGEGR1        Vector Length     missing     N_obs
+   49              Placebo   AGEGR1                65-80         &lt;NA&gt; categorical
-   50              Placebo   AGEGR1            N Missing     missing    N_miss
+   50              Placebo   AGEGR1                65-80         &lt;NA&gt; categorical
-   51              Placebo   AGEGR1        N Non-missing     missing N_nonmiss
+   51              Placebo   AGEGR1                65-80         &lt;NA&gt; categorical
-   52              Placebo   AGEGR1            % Missing     missing    p_miss
+   52              Placebo   AGEGR1                  &lt;65         &lt;NA&gt; categorical
-   53              Placebo   AGEGR1        % Non-missing     missing p_nonmiss
+   53              Placebo   AGEGR1                  &lt;65         &lt;NA&gt; categorical
-   54 Xanomeline High Dose   AGEGR1                65-80 categorical         n
+   54              Placebo   AGEGR1                  &lt;65         &lt;NA&gt; categorical
-   55 Xanomeline High Dose   AGEGR1                65-80 categorical         N
+   55              Placebo   AGEGR1                  &gt;80         &lt;NA&gt; categorical
-   56 Xanomeline High Dose   AGEGR1                65-80 categorical         p
+   56              Placebo   AGEGR1                  &gt;80         &lt;NA&gt; categorical
-   57 Xanomeline High Dose   AGEGR1                  &lt;65 categorical         n
+   57              Placebo   AGEGR1                  &gt;80         &lt;NA&gt; categorical
-   58 Xanomeline High Dose   AGEGR1                  &lt;65 categorical         N
+   58              Placebo   AGEGR1        Vector Length         &lt;NA&gt;     missing
-   59 Xanomeline High Dose   AGEGR1                  &lt;65 categorical         p
+   59              Placebo   AGEGR1            N Missing         &lt;NA&gt;     missing
-   60 Xanomeline High Dose   AGEGR1                  &gt;80 categorical         n
+   60              Placebo   AGEGR1        N Non-missing         &lt;NA&gt;     missing
-   61 Xanomeline High Dose   AGEGR1                  &gt;80 categorical         N
+   61              Placebo   AGEGR1            % Missing         &lt;NA&gt;     missing
-   62 Xanomeline High Dose   AGEGR1                  &gt;80 categorical         p
+   62              Placebo   AGEGR1        % Non-missing         &lt;NA&gt;     missing
-   63 Xanomeline High Dose   AGEGR1        Vector Length     missing     N_obs
+   63 Xanomeline High Dose   AGEGR1                65-80         &lt;NA&gt; categorical
-   64 Xanomeline High Dose   AGEGR1            N Missing     missing    N_miss
+   64 Xanomeline High Dose   AGEGR1                65-80         &lt;NA&gt; categorical
-   65 Xanomeline High Dose   AGEGR1        N Non-missing     missing N_nonmiss
+   65 Xanomeline High Dose   AGEGR1                65-80         &lt;NA&gt; categorical
-   66 Xanomeline High Dose   AGEGR1            % Missing     missing    p_miss
+   66 Xanomeline High Dose   AGEGR1                  &lt;65         &lt;NA&gt; categorical
-   67 Xanomeline High Dose   AGEGR1        % Non-missing     missing p_nonmiss
+   67 Xanomeline High Dose   AGEGR1                  &lt;65         &lt;NA&gt; categorical
-   68  Xanomeline Low Dose   AGEGR1                65-80 categorical         n
+   68 Xanomeline High Dose   AGEGR1                  &lt;65         &lt;NA&gt; categorical
-   69  Xanomeline Low Dose   AGEGR1                65-80 categorical         N
+   69 Xanomeline High Dose   AGEGR1                  &gt;80         &lt;NA&gt; categorical
-   70  Xanomeline Low Dose   AGEGR1                65-80 categorical         p
+   70 Xanomeline High Dose   AGEGR1                  &gt;80         &lt;NA&gt; categorical
-   71  Xanomeline Low Dose   AGEGR1                  &lt;65 categorical         n
+   71 Xanomeline High Dose   AGEGR1                  &gt;80         &lt;NA&gt; categorical
-   72  Xanomeline Low Dose   AGEGR1                  &lt;65 categorical         N
+   72 Xanomeline High Dose   AGEGR1        Vector Length         &lt;NA&gt;     missing
-   73  Xanomeline Low Dose   AGEGR1                  &lt;65 categorical         p
+   73 Xanomeline High Dose   AGEGR1            N Missing         &lt;NA&gt;     missing
-   74  Xanomeline Low Dose   AGEGR1                  &gt;80 categorical         n
+   74 Xanomeline High Dose   AGEGR1        N Non-missing         &lt;NA&gt;     missing
-   75  Xanomeline Low Dose   AGEGR1                  &gt;80 categorical         N
+   75 Xanomeline High Dose   AGEGR1            % Missing         &lt;NA&gt;     missing
-   76  Xanomeline Low Dose   AGEGR1                  &gt;80 categorical         p
+   76 Xanomeline High Dose   AGEGR1        % Non-missing         &lt;NA&gt;     missing
-   77  Xanomeline Low Dose   AGEGR1        Vector Length     missing     N_obs
+   77  Xanomeline Low Dose   AGEGR1                65-80         &lt;NA&gt; categorical
-   78  Xanomeline Low Dose   AGEGR1            N Missing     missing    N_miss
+   78  Xanomeline Low Dose   AGEGR1                65-80         &lt;NA&gt; categorical
-   79  Xanomeline Low Dose   AGEGR1        N Non-missing     missing N_nonmiss
+   79  Xanomeline Low Dose   AGEGR1                65-80         &lt;NA&gt; categorical
-   80  Xanomeline Low Dose   AGEGR1            % Missing     missing    p_miss
+   80  Xanomeline Low Dose   AGEGR1                  &lt;65         &lt;NA&gt; categorical
-   81  Xanomeline Low Dose   AGEGR1        % Non-missing     missing p_nonmiss
+   81  Xanomeline Low Dose   AGEGR1                  &lt;65         &lt;NA&gt; categorical
-   82              Placebo      ARM              Placebo categorical         n
+   82  Xanomeline Low Dose   AGEGR1                  &lt;65         &lt;NA&gt; categorical
-   83              Placebo      ARM              Placebo categorical         N
+   83  Xanomeline Low Dose   AGEGR1                  &gt;80         &lt;NA&gt; categorical
-   84              Placebo      ARM              Placebo categorical         p
+   84  Xanomeline Low Dose   AGEGR1                  &gt;80         &lt;NA&gt; categorical
-   85 Xanomeline High Dose      ARM Xanomeline High Dose categorical         n
+   85  Xanomeline Low Dose   AGEGR1                  &gt;80         &lt;NA&gt; categorical
-   86 Xanomeline High Dose      ARM Xanomeline High Dose categorical         N
+   86  Xanomeline Low Dose   AGEGR1        Vector Length         &lt;NA&gt;     missing
-   87 Xanomeline High Dose      ARM Xanomeline High Dose categorical         p
+   87  Xanomeline Low Dose   AGEGR1            N Missing         &lt;NA&gt;     missing
-   88  Xanomeline Low Dose      ARM  Xanomeline Low Dose categorical         n
+   88  Xanomeline Low Dose   AGEGR1        N Non-missing         &lt;NA&gt;     missing
-   89  Xanomeline Low Dose      ARM  Xanomeline Low Dose categorical         N
+   89  Xanomeline Low Dose   AGEGR1            % Missing         &lt;NA&gt;     missing
-   90  Xanomeline Low Dose      ARM  Xanomeline Low Dose categorical         p
+   90  Xanomeline Low Dose   AGEGR1        % Non-missing         &lt;NA&gt;     missing
-             stat
+      stat_name        stat
-   1   86.0000000
+   1          n  86.0000000
-   2   75.2093023
+   2          N 254.0000000
-   3    8.5901671
+   3          p   0.3385827
-   4   76.0000000
+   4          n  84.0000000
-   5   69.0000000
+   5          N 254.0000000
-   6   82.0000000
+   6          p   0.3307087
-   7   52.0000000
+   7          n  84.0000000
-   8   89.0000000
+   8          N 254.0000000
-   9   86.0000000
+   9          p   0.3307087
-   10   0.0000000
+   10         N  86.0000000
-   11  86.0000000
+   11      mean  75.2093023
-   12   0.0000000
+   12        sd   8.5901671
-   13   1.0000000
+   13    median  76.0000000
-   14  84.0000000
+   14       p25  69.0000000
-   15  74.3809524
+   15       p75  82.0000000
-   16   7.8860938
+   16       min  52.0000000
-   17  76.0000000
+   17       max  89.0000000
-   18  70.5000000
+   18     N_obs  86.0000000
-   19  80.0000000
+   19    N_miss   0.0000000
-   20  56.0000000
+   20 N_nonmiss  86.0000000
-   21  88.0000000
+   21    p_miss   0.0000000
-   22  84.0000000
+   22 p_nonmiss   1.0000000
-   23   0.0000000
+   23         N  84.0000000
-   24  84.0000000
+   24      mean  74.3809524
-   25   0.0000000
+   25        sd   7.8860938
-   26   1.0000000
+   26    median  76.0000000
-   27  84.0000000
+   27       p25  70.5000000
-   28  75.6666667
+   28       p75  80.0000000
-   29   8.2860506
+   29       min  56.0000000
-   30  77.5000000
+   30       max  88.0000000
-   31  71.0000000
+   31     N_obs  84.0000000
-   32  82.0000000
+   32    N_miss   0.0000000
-   33  51.0000000
+   33 N_nonmiss  84.0000000
-   34  88.0000000
+   34    p_miss   0.0000000
-   35  84.0000000
+   35 p_nonmiss   1.0000000
-   36   0.0000000
+   36         N  84.0000000
-   37  84.0000000
+   37      mean  75.6666667
-   38   0.0000000
+   38        sd   8.2860506
-   39   1.0000000
+   39    median  77.5000000
-   40  42.0000000
+   40       p25  71.0000000
-   41  86.0000000
+   41       p75  82.0000000
-   42   0.4883721
+   42       min  51.0000000
-   43  14.0000000
+   43       max  88.0000000
-   44  86.0000000
+   44     N_obs  84.0000000
-   45   0.1627907
+   45    N_miss   0.0000000
-   46  30.0000000
+   46 N_nonmiss  84.0000000
-   47  86.0000000
+   47    p_miss   0.0000000
-   48   0.3488372
+   48 p_nonmiss   1.0000000
-   49  86.0000000
+   49         n  42.0000000
-   50   0.0000000
+   50         N  86.0000000
-   51  86.0000000
+   51         p   0.4883721
-   52   0.0000000
+   52         n  14.0000000
-   53   1.0000000
+   53         N  86.0000000
-   54  55.0000000
+   54         p   0.1627907
-   55  84.0000000
+   55         n  30.0000000
-   56   0.6547619
+   56         N  86.0000000
-   57  11.0000000
+   57         p   0.3488372
-   58  84.0000000
+   58     N_obs  86.0000000
-   59   0.1309524
+   59    N_miss   0.0000000
-   60  18.0000000
+   60 N_nonmiss  86.0000000
-   61  84.0000000
+   61    p_miss   0.0000000
-   62   0.2142857
+   62 p_nonmiss   1.0000000
-   63  84.0000000
+   63         n  55.0000000
-   64   0.0000000
+   64         N  84.0000000
-   65  84.0000000
+   65         p   0.6547619
-   66   0.0000000
+   66         n  11.0000000
-   67   1.0000000
+   67         N  84.0000000
-   68  47.0000000
+   68         p   0.1309524
-   69  84.0000000
+   69         n  18.0000000
-   70   0.5595238
+   70         N  84.0000000
-   71   8.0000000
+   71         p   0.2142857
-   72  84.0000000
+   72     N_obs  84.0000000
-   73   0.0952381
+   73    N_miss   0.0000000
-   74  29.0000000
+   74 N_nonmiss  84.0000000
-   75  84.0000000
+   75    p_miss   0.0000000
-   76   0.3452381
+   76 p_nonmiss   1.0000000
-   77  84.0000000
+   77         n  47.0000000
-   78   0.0000000
+   78         N  84.0000000
-   79  84.0000000
+   79         p   0.5595238
-   80   0.0000000
+   80         n   8.0000000
-   81   1.0000000
+   81         N  84.0000000
-   82  86.0000000
+   82         p   0.0952381
-   83 254.0000000
+   83         n  29.0000000
-   84   0.3385827
+   84         N  84.0000000
-   85  84.0000000
+   85         p   0.3452381
-   86 254.0000000
+   86     N_obs  84.0000000
-   87   0.3307087
+   87    N_miss   0.0000000
-   88  84.0000000
+   88 N_nonmiss  84.0000000
-   89 254.0000000
+   89    p_miss   0.0000000
-   90   0.3307087
+   90 p_nonmiss   1.0000000

* Run `testthat::snapshot_accept('shuffle_ard')` to accept the change.
* Run `testthat::snapshot_review('shuffle_ard')` to interactively review the change.</failure>
    </testcase>
    <testcase time="0.00999999999999801" classname="character(0)" name="shuffle_trim_works">
      <failure type="failure" message="Snapshot of code has changed: ('test-shuffle_ard.R:49:3')">Snapshot of code has changed:
old vs new
  Code
    ard_shuff_trim
  Output
-                       ARM variable                label     context stat_name
+                       ARM variable                label group1_level     context
-   1               Placebo      AGE                    N  continuous         N
+   1               Placebo      ARM              Placebo         &lt;NA&gt; categorical
-   2               Placebo      AGE             Mean(SD)  continuous      mean
+   2               Placebo      ARM              Placebo         &lt;NA&gt; categorical
-   3               Placebo      AGE             Mean(SD)  continuous        sd
+   3               Placebo      ARM              Placebo         &lt;NA&gt; categorical
-   4               Placebo      AGE               median  continuous    median
+   4  Xanomeline High Dose      ARM Xanomeline High Dose         &lt;NA&gt; categorical
-   5               Placebo      AGE                  p25  continuous       p25
+   5  Xanomeline High Dose      ARM Xanomeline High Dose         &lt;NA&gt; categorical
-   6               Placebo      AGE                  p75  continuous       p75
+   6  Xanomeline High Dose      ARM Xanomeline High Dose         &lt;NA&gt; categorical
-   7               Placebo      AGE                  min  continuous       min
+   7   Xanomeline Low Dose      ARM  Xanomeline Low Dose         &lt;NA&gt; categorical
-   8               Placebo      AGE                  max  continuous       max
+   8   Xanomeline Low Dose      ARM  Xanomeline Low Dose         &lt;NA&gt; categorical
-   9               Placebo      AGE        Vector Length     missing     N_obs
+   9   Xanomeline Low Dose      ARM  Xanomeline Low Dose         &lt;NA&gt; categorical
-   10              Placebo      AGE            N Missing     missing    N_miss
+   10              Placebo      AGE                    N         &lt;NA&gt;  continuous
-   11              Placebo      AGE        N Non-missing     missing N_nonmiss
+   11              Placebo      AGE             Mean(SD)         &lt;NA&gt;  continuous
-   12              Placebo      AGE            % Missing     missing    p_miss
+   12              Placebo      AGE             Mean(SD)         &lt;NA&gt;  continuous
-   13              Placebo      AGE        % Non-missing     missing p_nonmiss
+   13              Placebo      AGE               median         &lt;NA&gt;  continuous
-   14 Xanomeline High Dose      AGE                    N  continuous         N
+   14              Placebo      AGE                  p25         &lt;NA&gt;  continuous
-   15 Xanomeline High Dose      AGE             Mean(SD)  continuous      mean
+   15              Placebo      AGE                  p75         &lt;NA&gt;  continuous
-   16 Xanomeline High Dose      AGE             Mean(SD)  continuous        sd
+   16              Placebo      AGE                  min         &lt;NA&gt;  continuous
-   17 Xanomeline High Dose      AGE               median  continuous    median
+   17              Placebo      AGE                  max         &lt;NA&gt;  continuous
-   18 Xanomeline High Dose      AGE                  p25  continuous       p25
+   18              Placebo      AGE        Vector Length         &lt;NA&gt;     missing
-   19 Xanomeline High Dose      AGE                  p75  continuous       p75
+   19              Placebo      AGE            N Missing         &lt;NA&gt;     missing
-   20 Xanomeline High Dose      AGE                  min  continuous       min
+   20              Placebo      AGE        N Non-missing         &lt;NA&gt;     missing
-   21 Xanomeline High Dose      AGE                  max  continuous       max
+   21              Placebo      AGE            % Missing         &lt;NA&gt;     missing
-   22 Xanomeline High Dose      AGE        Vector Length     missing     N_obs
+   22              Placebo      AGE        % Non-missing         &lt;NA&gt;     missing
-   23 Xanomeline High Dose      AGE            N Missing     missing    N_miss
+   23 Xanomeline High Dose      AGE                    N         &lt;NA&gt;  continuous
-   24 Xanomeline High Dose      AGE        N Non-missing     missing N_nonmiss
+   24 Xanomeline High Dose      AGE             Mean(SD)         &lt;NA&gt;  continuous
-   25 Xanomeline High Dose      AGE            % Missing     missing    p_miss
+   25 Xanomeline High Dose      AGE             Mean(SD)         &lt;NA&gt;  continuous
-   26 Xanomeline High Dose      AGE        % Non-missing     missing p_nonmiss
+   26 Xanomeline High Dose      AGE               median         &lt;NA&gt;  continuous
-   27  Xanomeline Low Dose      AGE                    N  continuous         N
+   27 Xanomeline High Dose      AGE                  p25         &lt;NA&gt;  continuous
-   28  Xanomeline Low Dose      AGE             Mean(SD)  continuous      mean
+   28 Xanomeline High Dose      AGE                  p75         &lt;NA&gt;  continuous
-   29  Xanomeline Low Dose      AGE             Mean(SD)  continuous        sd
+   29 Xanomeline High Dose      AGE                  min         &lt;NA&gt;  continuous
-   30  Xanomeline Low Dose      AGE               median  continuous    median
+   30 Xanomeline High Dose      AGE                  max         &lt;NA&gt;  continuous
-   31  Xanomeline Low Dose      AGE                  p25  continuous       p25
+   31 Xanomeline High Dose      AGE        Vector Length         &lt;NA&gt;     missing
-   32  Xanomeline Low Dose      AGE                  p75  continuous       p75
+   32 Xanomeline High Dose      AGE            N Missing         &lt;NA&gt;     missing
-   33  Xanomeline Low Dose      AGE                  min  continuous       min
+   33 Xanomeline High Dose      AGE        N Non-missing         &lt;NA&gt;     missing
-   34  Xanomeline Low Dose      AGE                  max  continuous       max
+   34 Xanomeline High Dose      AGE            % Missing         &lt;NA&gt;     missing
-   35  Xanomeline Low Dose      AGE        Vector Length     missing     N_obs
+   35 Xanomeline High Dose      AGE        % Non-missing         &lt;NA&gt;     missing
-   36  Xanomeline Low Dose      AGE            N Missing     missing    N_miss
+   36  Xanomeline Low Dose      AGE                    N         &lt;NA&gt;  continuous
-   37  Xanomeline Low Dose      AGE        N Non-missing     missing N_nonmiss
+   37  Xanomeline Low Dose      AGE             Mean(SD)         &lt;NA&gt;  continuous
-   38  Xanomeline Low Dose      AGE            % Missing     missing    p_miss
+   38  Xanomeline Low Dose      AGE             Mean(SD)         &lt;NA&gt;  continuous
-   39  Xanomeline Low Dose      AGE        % Non-missing     missing p_nonmiss
+   39  Xanomeline Low Dose      AGE               median         &lt;NA&gt;  continuous
-   40              Placebo   AGEGR1                65-80 categorical         n
+   40  Xanomeline Low Dose      AGE                  p25         &lt;NA&gt;  continuous
-   41              Placebo   AGEGR1                65-80 categorical         N
+   41  Xanomeline Low Dose      AGE                  p75         &lt;NA&gt;  continuous
-   42              Placebo   AGEGR1                65-80 categorical         p
+   42  Xanomeline Low Dose      AGE                  min         &lt;NA&gt;  continuous
-   43              Placebo   AGEGR1                  &lt;65 categorical         n
+   43  Xanomeline Low Dose      AGE                  max         &lt;NA&gt;  continuous
-   44              Placebo   AGEGR1                  &lt;65 categorical         N
+   44  Xanomeline Low Dose      AGE        Vector Length         &lt;NA&gt;     missing
-   45              Placebo   AGEGR1                  &lt;65 categorical         p
+   45  Xanomeline Low Dose      AGE            N Missing         &lt;NA&gt;     missing
-   46              Placebo   AGEGR1                  &gt;80 categorical         n
+   46  Xanomeline Low Dose      AGE        N Non-missing         &lt;NA&gt;     missing
-   47              Placebo   AGEGR1                  &gt;80 categorical         N
+   47  Xanomeline Low Dose      AGE            % Missing         &lt;NA&gt;     missing
-   48              Placebo   AGEGR1                  &gt;80 categorical         p
+   48  Xanomeline Low Dose      AGE        % Non-missing         &lt;NA&gt;     missing
-   49              Placebo   AGEGR1        Vector Length     missing     N_obs
+   49              Placebo   AGEGR1                65-80         &lt;NA&gt; categorical
-   50              Placebo   AGEGR1            N Missing     missing    N_miss
+   50              Placebo   AGEGR1                65-80         &lt;NA&gt; categorical
-   51              Placebo   AGEGR1        N Non-missing     missing N_nonmiss
+   51              Placebo   AGEGR1                65-80         &lt;NA&gt; categorical
-   52              Placebo   AGEGR1            % Missing     missing    p_miss
+   52              Placebo   AGEGR1                  &lt;65         &lt;NA&gt; categorical
-   53              Placebo   AGEGR1        % Non-missing     missing p_nonmiss
+   53              Placebo   AGEGR1                  &lt;65         &lt;NA&gt; categorical
-   54 Xanomeline High Dose   AGEGR1                65-80 categorical         n
+   54              Placebo   AGEGR1                  &lt;65         &lt;NA&gt; categorical
-   55 Xanomeline High Dose   AGEGR1                65-80 categorical         N
+   55              Placebo   AGEGR1                  &gt;80         &lt;NA&gt; categorical
-   56 Xanomeline High Dose   AGEGR1                65-80 categorical         p
+   56              Placebo   AGEGR1                  &gt;80         &lt;NA&gt; categorical
-   57 Xanomeline High Dose   AGEGR1                  &lt;65 categorical         n
+   57              Placebo   AGEGR1                  &gt;80         &lt;NA&gt; categorical
-   58 Xanomeline High Dose   AGEGR1                  &lt;65 categorical         N
+   58              Placebo   AGEGR1        Vector Length         &lt;NA&gt;     missing
-   59 Xanomeline High Dose   AGEGR1                  &lt;65 categorical         p
+   59              Placebo   AGEGR1            N Missing         &lt;NA&gt;     missing
-   60 Xanomeline High Dose   AGEGR1                  &gt;80 categorical         n
+   60              Placebo   AGEGR1        N Non-missing         &lt;NA&gt;     missing
-   61 Xanomeline High Dose   AGEGR1                  &gt;80 categorical         N
+   61              Placebo   AGEGR1            % Missing         &lt;NA&gt;     missing
-   62 Xanomeline High Dose   AGEGR1                  &gt;80 categorical         p
+   62              Placebo   AGEGR1        % Non-missing         &lt;NA&gt;     missing
-   63 Xanomeline High Dose   AGEGR1        Vector Length     missing     N_obs
+   63 Xanomeline High Dose   AGEGR1                65-80         &lt;NA&gt; categorical
-   64 Xanomeline High Dose   AGEGR1            N Missing     missing    N_miss
+   64 Xanomeline High Dose   AGEGR1                65-80         &lt;NA&gt; categorical
-   65 Xanomeline High Dose   AGEGR1        N Non-missing     missing N_nonmiss
+   65 Xanomeline High Dose   AGEGR1                65-80         &lt;NA&gt; categorical
-   66 Xanomeline High Dose   AGEGR1            % Missing     missing    p_miss
+   66 Xanomeline High Dose   AGEGR1                  &lt;65         &lt;NA&gt; categorical
-   67 Xanomeline High Dose   AGEGR1        % Non-missing     missing p_nonmiss
+   67 Xanomeline High Dose   AGEGR1                  &lt;65         &lt;NA&gt; categorical
-   68  Xanomeline Low Dose   AGEGR1                65-80 categorical         n
+   68 Xanomeline High Dose   AGEGR1                  &lt;65         &lt;NA&gt; categorical
-   69  Xanomeline Low Dose   AGEGR1                65-80 categorical         N
+   69 Xanomeline High Dose   AGEGR1                  &gt;80         &lt;NA&gt; categorical
-   70  Xanomeline Low Dose   AGEGR1                65-80 categorical         p
+   70 Xanomeline High Dose   AGEGR1                  &gt;80         &lt;NA&gt; categorical
-   71  Xanomeline Low Dose   AGEGR1                  &lt;65 categorical         n
+   71 Xanomeline High Dose   AGEGR1                  &gt;80         &lt;NA&gt; categorical
-   72  Xanomeline Low Dose   AGEGR1                  &lt;65 categorical         N
+   72 Xanomeline High Dose   AGEGR1        Vector Length         &lt;NA&gt;     missing
-   73  Xanomeline Low Dose   AGEGR1                  &lt;65 categorical         p
+   73 Xanomeline High Dose   AGEGR1            N Missing         &lt;NA&gt;     missing
-   74  Xanomeline Low Dose   AGEGR1                  &gt;80 categorical         n
+   74 Xanomeline High Dose   AGEGR1        N Non-missing         &lt;NA&gt;     missing
-   75  Xanomeline Low Dose   AGEGR1                  &gt;80 categorical         N
+   75 Xanomeline High Dose   AGEGR1            % Missing         &lt;NA&gt;     missing
-   76  Xanomeline Low Dose   AGEGR1                  &gt;80 categorical         p
+   76 Xanomeline High Dose   AGEGR1        % Non-missing         &lt;NA&gt;     missing
-   77  Xanomeline Low Dose   AGEGR1        Vector Length     missing     N_obs
+   77  Xanomeline Low Dose   AGEGR1                65-80         &lt;NA&gt; categorical
-   78  Xanomeline Low Dose   AGEGR1            N Missing     missing    N_miss
+   78  Xanomeline Low Dose   AGEGR1                65-80         &lt;NA&gt; categorical
-   79  Xanomeline Low Dose   AGEGR1        N Non-missing     missing N_nonmiss
+   79  Xanomeline Low Dose   AGEGR1                65-80         &lt;NA&gt; categorical
-   80  Xanomeline Low Dose   AGEGR1            % Missing     missing    p_miss
+   80  Xanomeline Low Dose   AGEGR1                  &lt;65         &lt;NA&gt; categorical
-   81  Xanomeline Low Dose   AGEGR1        % Non-missing     missing p_nonmiss
+   81  Xanomeline Low Dose   AGEGR1                  &lt;65         &lt;NA&gt; categorical
-   82              Placebo      ARM              Placebo categorical         n
+   82  Xanomeline Low Dose   AGEGR1                  &lt;65         &lt;NA&gt; categorical
-   83              Placebo      ARM              Placebo categorical         N
+   83  Xanomeline Low Dose   AGEGR1                  &gt;80         &lt;NA&gt; categorical
-   84              Placebo      ARM              Placebo categorical         p
+   84  Xanomeline Low Dose   AGEGR1                  &gt;80         &lt;NA&gt; categorical
-   85 Xanomeline High Dose      ARM Xanomeline High Dose categorical         n
+   85  Xanomeline Low Dose   AGEGR1                  &gt;80         &lt;NA&gt; categorical
-   86 Xanomeline High Dose      ARM Xanomeline High Dose categorical         N
+   86  Xanomeline Low Dose   AGEGR1        Vector Length         &lt;NA&gt;     missing
-   87 Xanomeline High Dose      ARM Xanomeline High Dose categorical         p
+   87  Xanomeline Low Dose   AGEGR1            N Missing         &lt;NA&gt;     missing
-   88  Xanomeline Low Dose      ARM  Xanomeline Low Dose categorical         n
+   88  Xanomeline Low Dose   AGEGR1        N Non-missing         &lt;NA&gt;     missing
-   89  Xanomeline Low Dose      ARM  Xanomeline Low Dose categorical         N
+   89  Xanomeline Low Dose   AGEGR1            % Missing         &lt;NA&gt;     missing
-   90  Xanomeline Low Dose      ARM  Xanomeline Low Dose categorical         p
+   90  Xanomeline Low Dose   AGEGR1        % Non-missing         &lt;NA&gt;     missing
-             stat
+      stat_name        stat
-   1   86.0000000
+   1          n  86.0000000
-   2   75.2093023
+   2          N 254.0000000
-   3    8.5901671
+   3          p   0.3385827
-   4   76.0000000
+   4          n  84.0000000
-   5   69.0000000
+   5          N 254.0000000
-   6   82.0000000
+   6          p   0.3307087
-   7   52.0000000
+   7          n  84.0000000
-   8   89.0000000
+   8          N 254.0000000
-   9   86.0000000
+   9          p   0.3307087
-   10   0.0000000
+   10         N  86.0000000
-   11  86.0000000
+   11      mean  75.2093023
-   12   0.0000000
+   12        sd   8.5901671
-   13   1.0000000
+   13    median  76.0000000
-   14  84.0000000
+   14       p25  69.0000000
-   15  74.3809524
+   15       p75  82.0000000
-   16   7.8860938
+   16       min  52.0000000
-   17  76.0000000
+   17       max  89.0000000
-   18  70.5000000
+   18     N_obs  86.0000000
-   19  80.0000000
+   19    N_miss   0.0000000
-   20  56.0000000
+   20 N_nonmiss  86.0000000
-   21  88.0000000
+   21    p_miss   0.0000000
-   22  84.0000000
+   22 p_nonmiss   1.0000000
-   23   0.0000000
+   23         N  84.0000000
-   24  84.0000000
+   24      mean  74.3809524
-   25   0.0000000
+   25        sd   7.8860938
-   26   1.0000000
+   26    median  76.0000000
-   27  84.0000000
+   27       p25  70.5000000
-   28  75.6666667
+   28       p75  80.0000000
-   29   8.2860506
+   29       min  56.0000000
-   30  77.5000000
+   30       max  88.0000000
-   31  71.0000000
+   31     N_obs  84.0000000
-   32  82.0000000
+   32    N_miss   0.0000000
-   33  51.0000000
+   33 N_nonmiss  84.0000000
-   34  88.0000000
+   34    p_miss   0.0000000
-   35  84.0000000
+   35 p_nonmiss   1.0000000
-   36   0.0000000
+   36         N  84.0000000
-   37  84.0000000
+   37      mean  75.6666667
-   38   0.0000000
+   38        sd   8.2860506
-   39   1.0000000
+   39    median  77.5000000
-   40  42.0000000
+   40       p25  71.0000000
-   41  86.0000000
+   41       p75  82.0000000
-   42   0.4883721
+   42       min  51.0000000
-   43  14.0000000
+   43       max  88.0000000
-   44  86.0000000
+   44     N_obs  84.0000000
-   45   0.1627907
+   45    N_miss   0.0000000
-   46  30.0000000
+   46 N_nonmiss  84.0000000
-   47  86.0000000
+   47    p_miss   0.0000000
-   48   0.3488372
+   48 p_nonmiss   1.0000000
-   49  86.0000000
+   49         n  42.0000000
-   50   0.0000000
+   50         N  86.0000000
-   51  86.0000000
+   51         p   0.4883721
-   52   0.0000000
+   52         n  14.0000000
-   53   1.0000000
+   53         N  86.0000000
-   54  55.0000000
+   54         p   0.1627907
-   55  84.0000000
+   55         n  30.0000000
-   56   0.6547619
+   56         N  86.0000000
-   57  11.0000000
+   57         p   0.3488372
-   58  84.0000000
+   58     N_obs  86.0000000
-   59   0.1309524
+   59    N_miss   0.0000000
-   60  18.0000000
+   60 N_nonmiss  86.0000000
-   61  84.0000000
+   61    p_miss   0.0000000
-   62   0.2142857
+   62 p_nonmiss   1.0000000
-   63  84.0000000
+   63         n  55.0000000
-   64   0.0000000
+   64         N  84.0000000
-   65  84.0000000
+   65         p   0.6547619
-   66   0.0000000
+   66         n  11.0000000
-   67   1.0000000
+   67         N  84.0000000
-   68  47.0000000
+   68         p   0.1309524
-   69  84.0000000
+   69         n  18.0000000
-   70   0.5595238
+   70         N  84.0000000
-   71   8.0000000
+   71         p   0.2142857
-   72  84.0000000
+   72     N_obs  84.0000000
-   73   0.0952381
+   73    N_miss   0.0000000
-   74  29.0000000
+   74 N_nonmiss  84.0000000
-   75  84.0000000
+   75    p_miss   0.0000000
-   76   0.3452381
+   76 p_nonmiss   1.0000000
-   77  84.0000000
+   77         n  47.0000000
-   78   0.0000000
+   78         N  84.0000000
-   79  84.0000000
+   79         p   0.5595238
-   80   0.0000000
+   80         n   8.0000000
-   81   1.0000000
+   81         N  84.0000000
-   82  86.0000000
+   82         p   0.0952381
-   83 254.0000000
+   83         n  29.0000000
-   84   0.3385827
+   84         N  84.0000000
-   85  84.0000000
+   85         p   0.3452381
-   86 254.0000000
+   86     N_obs  84.0000000
-   87   0.3307087
+   87    N_miss   0.0000000
-   88  84.0000000
+   88 N_nonmiss  84.0000000
-   89 254.0000000
+   89    p_miss   0.0000000
-   90   0.3307087
+   90 p_nonmiss   1.0000000

* Run `testthat::snapshot_accept('shuffle_ard')` to accept the change.
* Run `testthat::snapshot_review('shuffle_ard')` to interactively review the change.</failure>
    </testcase>
    <testcase time="0.0130000000000052" classname="character(0)" name="shuffle_trim_works"/>
    <testcase time="0" classname="character(0)" name="shuffle_trim_works"/>
  </testsuite>
  <testsuite name="shuffle_ard" timestamp="2025-03-24T18:10:20Z" hostname="4c5f8ebabfcb" tests="1" skipped="0" failures="0" errors="0" time="0.003">
    <testcase time="0.00300000000000011" classname="character(0)" name="shuffle_ard_handles_protected_names"/>
  </testsuite>
  <testsuite name="shuffle_ard" timestamp="2025-03-24T18:10:20Z" hostname="4c5f8ebabfcb" tests="1" skipped="0" failures="0" errors="0" time="0.002">
    <testcase time="0.00199999999999534" classname="character(0)" name="shuffle_ard_notifies_user_about_warnings_errors_before_dropping"/>
  </testsuite>
  <testsuite name="shuffle_ard" timestamp="2025-03-24T18:10:20Z" hostname="4c5f8ebabfcb" tests="3" skipped="0" failures="3" errors="0" time="0.021">
    <testcase time="0.00200000000000244" classname="character(0)" name="shuffle_ard_fills_missing_group_levels_if_the_group_is_meaningful">
      <failure type="failure" message="Snapshot of code has changed: ('test-shuffle_ard.R:79:3')">Snapshot of code has changed:
old[9:12] vs new[9:12]
    1 Placebo              AGE      continuous mean      75.2 
    2 Xanomeline High Dose AGE      continuous mean      74.4 
    3 Xanomeline Low Dose  AGE      continuous mean      75.7 
-   4 Overall ARM          AGE      &lt;NA&gt;       p          0.05
+   4 &lt;NA&gt;                 AGE      &lt;NA&gt;       p          0.05

* Run `testthat::snapshot_accept('shuffle_ard')` to accept the change.
* Run `testthat::snapshot_review('shuffle_ard')` to interactively review the change.</failure>
    </testcase>
    <testcase time="0.00900000000000034" classname="character(0)" name="shuffle_ard_fills_missing_group_levels_if_the_group_is_meaningful">
      <failure type="failure" message="Snapshot of code has changed: ('test-shuffle_ard.R:88:3')">Snapshot of code has changed:
old[4:10] vs new[4:10]
      stat_name = "p", stat_label = "p", stat = list(0.05))))
  Output
    # A tibble: 2 x 5
-     ARM         variable context    stat_name  stat
+     ARM     variable context    stat_name  stat
-     &lt;chr&gt;       &lt;chr&gt;    &lt;chr&gt;      &lt;chr&gt;     &lt;dbl&gt;
+     &lt;chr&gt;   &lt;chr&gt;    &lt;chr&gt;      &lt;chr&gt;     &lt;dbl&gt;
-   1 Overall ARM AGE      &lt;NA&gt;       p          0.05
+   1 &lt;NA&gt;    AGE      continuous mean      75.1 
-   2 &lt;NA&gt;        AGE      continuous mean      75.1 
+   2 Overall AGE      &lt;NA&gt;       p          0.05

* Run `testthat::snapshot_accept('shuffle_ard')` to accept the change.
* Run `testthat::snapshot_review('shuffle_ard')` to interactively review the change.</failure>
    </testcase>
    <testcase time="0.00999999999999801" classname="character(0)" name="shuffle_ard_fills_missing_group_levels_if_the_group_is_meaningful">
      <failure type="failure" message="Snapshot of code has changed: ('test-shuffle_ard.R:98:3')">Snapshot of code has changed:
old[3:66] vs new[3:127]
    ard_categorical(ADSL, variables = AGEGR1), ard_continuous(ADSL, by = SEX, variables = AGE),
    ard_continuous(ADSL, variables = AGE))))
  Output
-                       ARM         SEX variable  label     context stat_name        stat
-   1               Placebo        &lt;NA&gt;   AGEGR1  65-80 categorical         n  42.0000000
-   2               Placebo        &lt;NA&gt;   AGEGR1  65-80 categorical         N  86.0000000
-   3               Placebo        &lt;NA&gt;   AGEGR1  65-80 categorical         p   0.4883721
-   4               Placebo        &lt;NA&gt;   AGEGR1    &lt;65 categorical         n  14.0000000
-   5               Placebo        &lt;NA&gt;   AGEGR1    &lt;65 categorical         N  86.0000000
-   6               Placebo        &lt;NA&gt;   AGEGR1    &lt;65 categorical         p   0.1627907
-   7               Placebo        &lt;NA&gt;   AGEGR1    &gt;80 categorical         n  30.0000000
-   8               Placebo        &lt;NA&gt;   AGEGR1    &gt;80 categorical         N  86.0000000
-   9               Placebo        &lt;NA&gt;   AGEGR1    &gt;80 categorical         p   0.3488372
-   10 Xanomeline High Dose        &lt;NA&gt;   AGEGR1  65-80 categorical         n  55.0000000
-   11 Xanomeline High Dose        &lt;NA&gt;   AGEGR1  65-80 categorical         N  84.0000000
-   12 Xanomeline High Dose        &lt;NA&gt;   AGEGR1  65-80 categorical         p   0.6547619
-   13 Xanomeline High Dose        &lt;NA&gt;   AGEGR1    &lt;65 categorical         n  11.0000000
-   14 Xanomeline High Dose        &lt;NA&gt;   AGEGR1    &lt;65 categorical         N  84.0000000
-   15 Xanomeline High Dose        &lt;NA&gt;   AGEGR1    &lt;65 categorical         p   0.1309524
-   16 Xanomeline High Dose        &lt;NA&gt;   AGEGR1    &gt;80 categorical         n  18.0000000
-   17 Xanomeline High Dose        &lt;NA&gt;   AGEGR1    &gt;80 categorical         N  84.0000000
-   18 Xanomeline High Dose        &lt;NA&gt;   AGEGR1    &gt;80 categorical         p   0.2142857
-   19  Xanomeline Low Dose        &lt;NA&gt;   AGEGR1  65-80 categorical         n  47.0000000
-   20  Xanomeline Low Dose        &lt;NA&gt;   AGEGR1  65-80 categorical         N  84.0000000
-   21  Xanomeline Low Dose        &lt;NA&gt;   AGEGR1  65-80 categorical         p   0.5595238
-   22  Xanomeline Low Dose        &lt;NA&gt;   AGEGR1    &lt;65 categorical         n   8.0000000
-   23  Xanomeline Low Dose        &lt;NA&gt;   AGEGR1    &lt;65 categorical         N  84.0000000
-   24  Xanomeline Low Dose        &lt;NA&gt;   AGEGR1    &lt;65 categorical         p   0.0952381
-   25  Xanomeline Low Dose        &lt;NA&gt;   AGEGR1    &gt;80 categorical         n  29.0000000
-   26  Xanomeline Low Dose        &lt;NA&gt;   AGEGR1    &gt;80 categorical         N  84.0000000
-   27  Xanomeline Low Dose        &lt;NA&gt;   AGEGR1    &gt;80 categorical         p   0.3452381
-   28          Overall ARM        &lt;NA&gt;   AGEGR1  65-80 categorical         n 144.0000000
-   29          Overall ARM        &lt;NA&gt;   AGEGR1  65-80 categorical         N 254.0000000
-   30          Overall ARM        &lt;NA&gt;   AGEGR1  65-80 categorical         p   0.5669291
-   31          Overall ARM        &lt;NA&gt;   AGEGR1    &lt;65 categorical         n  33.0000000
-   32          Overall ARM        &lt;NA&gt;   AGEGR1    &lt;65 categorical         N 254.0000000
-   33          Overall ARM        &lt;NA&gt;   AGEGR1    &lt;65 categorical         p   0.1299213
-   34          Overall ARM        &lt;NA&gt;   AGEGR1    &gt;80 categorical         n  77.0000000
-   35          Overall ARM        &lt;NA&gt;   AGEGR1    &gt;80 categorical         N 254.0000000
-   36          Overall ARM        &lt;NA&gt;   AGEGR1    &gt;80 categorical         p   0.3031496
-   37                 &lt;NA&gt;           F      AGE      N  continuous         N 143.0000000
-   38                 &lt;NA&gt;           F      AGE   Mean  continuous      mean  75.6503497
-   39                 &lt;NA&gt;           F      AGE     SD  continuous        sd   8.1933146
-   40                 &lt;NA&gt;           F      AGE Median  continuous    median  77.0000000
-   41                 &lt;NA&gt;           F      AGE     Q1  continuous       p25  72.0000000
-   42                 &lt;NA&gt;           F      AGE     Q3  continuous       p75  81.0000000
-   43                 &lt;NA&gt;           F      AGE    Min  continuous       min  54.0000000
-   44                 &lt;NA&gt;           F      AGE    Max  continuous       max  89.0000000
-   45                 &lt;NA&gt;           M      AGE      N  continuous         N 111.0000000
-   46                 &lt;NA&gt;           M      AGE   Mean  continuous      mean  74.3603604
-   47                 &lt;NA&gt;           M      AGE     SD  continuous        sd   8.2943494
-   48                 &lt;NA&gt;           M      AGE Median  continuous    median  77.0000000
-   49                 &lt;NA&gt;           M      AGE     Q1  continuous       p25  69.0000000
-   50                 &lt;NA&gt;           M      AGE     Q3  continuous       p75  81.0000000
-   51                 &lt;NA&gt;           M      AGE    Min  continuous       min  51.0000000
-   52                 &lt;NA&gt;           M      AGE    Max  continuous       max  88.0000000
-   53                 &lt;NA&gt; Overall SEX      AGE      N  continuous         N 254.0000000
-   54                 &lt;NA&gt; Overall SEX      AGE   Mean  continuous      mean  75.0866142
-   55                 &lt;NA&gt; Overall SEX      AGE     SD  continuous        sd   8.2462339
-   56                 &lt;NA&gt; Overall SEX      AGE Median  continuous    median  77.0000000
-   57                 &lt;NA&gt; Overall SEX      AGE     Q1  continuous       p25  70.0000000
-   58                 &lt;NA&gt; Overall SEX      AGE     Q3  continuous       p75  81.0000000
-   59                 &lt;NA&gt; Overall SEX      AGE    Min  continuous       min  51.0000000
-   60                 &lt;NA&gt; Overall SEX      AGE    Max  continuous       max  89.0000000
+                       ARM         SEX variable  label group1_level     context stat_name
+   1               Placebo        &lt;NA&gt;   AGEGR1  65-80         &lt;NA&gt; categorical         n
+   2               Placebo        &lt;NA&gt;   AGEGR1  65-80         &lt;NA&gt; categorical         N
+   3               Placebo        &lt;NA&gt;   AGEGR1  65-80         &lt;NA&gt; categorical         p
+   4               Placebo        &lt;NA&gt;   AGEGR1    &lt;65         &lt;NA&gt; categorical         n
+   5               Placebo        &lt;NA&gt;   AGEGR1    &lt;65         &lt;NA&gt; categorical         N
+   6               Placebo        &lt;NA&gt;   AGEGR1    &lt;65         &lt;NA&gt; categorical         p
+   7               Placebo        &lt;NA&gt;   AGEGR1    &gt;80         &lt;NA&gt; categorical         n
+   8               Placebo        &lt;NA&gt;   AGEGR1    &gt;80         &lt;NA&gt; categorical         N
+   9               Placebo        &lt;NA&gt;   AGEGR1    &gt;80         &lt;NA&gt; categorical         p
+   10 Xanomeline High Dose        &lt;NA&gt;   AGEGR1  65-80         &lt;NA&gt; categorical         n
+   11 Xanomeline High Dose        &lt;NA&gt;   AGEGR1  65-80         &lt;NA&gt; categorical         N
+   12 Xanomeline High Dose        &lt;NA&gt;   AGEGR1  65-80         &lt;NA&gt; categorical         p
+   13 Xanomeline High Dose        &lt;NA&gt;   AGEGR1    &lt;65         &lt;NA&gt; categorical         n
+   14 Xanomeline High Dose        &lt;NA&gt;   AGEGR1    &lt;65         &lt;NA&gt; categorical         N
+   15 Xanomeline High Dose        &lt;NA&gt;   AGEGR1    &lt;65         &lt;NA&gt; categorical         p
+   16 Xanomeline High Dose        &lt;NA&gt;   AGEGR1    &gt;80         &lt;NA&gt; categorical         n
+   17 Xanomeline High Dose        &lt;NA&gt;   AGEGR1    &gt;80         &lt;NA&gt; categorical         N
+   18 Xanomeline High Dose        &lt;NA&gt;   AGEGR1    &gt;80         &lt;NA&gt; categorical         p
+   19  Xanomeline Low Dose        &lt;NA&gt;   AGEGR1  65-80         &lt;NA&gt; categorical         n
+   20  Xanomeline Low Dose        &lt;NA&gt;   AGEGR1  65-80         &lt;NA&gt; categorical         N
+   21  Xanomeline Low Dose        &lt;NA&gt;   AGEGR1  65-80         &lt;NA&gt; categorical         p
+   22  Xanomeline Low Dose        &lt;NA&gt;   AGEGR1    &lt;65         &lt;NA&gt; categorical         n
+   23  Xanomeline Low Dose        &lt;NA&gt;   AGEGR1    &lt;65         &lt;NA&gt; categorical         N
+   24  Xanomeline Low Dose        &lt;NA&gt;   AGEGR1    &lt;65         &lt;NA&gt; categorical         p
+   25  Xanomeline Low Dose        &lt;NA&gt;   AGEGR1    &gt;80         &lt;NA&gt; categorical         n
+   26  Xanomeline Low Dose        &lt;NA&gt;   AGEGR1    &gt;80         &lt;NA&gt; categorical         N
+   27  Xanomeline Low Dose        &lt;NA&gt;   AGEGR1    &gt;80         &lt;NA&gt; categorical         p
+   28          Overall ARM        &lt;NA&gt;   AGEGR1  65-80         &lt;NA&gt; categorical         n
+   29          Overall ARM        &lt;NA&gt;   AGEGR1  65-80         &lt;NA&gt; categorical         N
+   30          Overall ARM        &lt;NA&gt;   AGEGR1  65-80         &lt;NA&gt; categorical         p
+   31          Overall ARM        &lt;NA&gt;   AGEGR1    &lt;65         &lt;NA&gt; categorical         n
+   32          Overall ARM        &lt;NA&gt;   AGEGR1    &lt;65         &lt;NA&gt; categorical         N
+   33          Overall ARM        &lt;NA&gt;   AGEGR1    &lt;65         &lt;NA&gt; categorical         p
+   34          Overall ARM        &lt;NA&gt;   AGEGR1    &gt;80         &lt;NA&gt; categorical         n
+   35          Overall ARM        &lt;NA&gt;   AGEGR1    &gt;80         &lt;NA&gt; categorical         N
+   36          Overall ARM        &lt;NA&gt;   AGEGR1    &gt;80         &lt;NA&gt; categorical         p
+   37                 &lt;NA&gt; Overall SEX      AGE      N         &lt;NA&gt;  continuous         N
+   38                 &lt;NA&gt; Overall SEX      AGE   Mean         &lt;NA&gt;  continuous      mean
+   39                 &lt;NA&gt; Overall SEX      AGE     SD         &lt;NA&gt;  continuous        sd
+   40                 &lt;NA&gt; Overall SEX      AGE Median         &lt;NA&gt;  continuous    median
+   41                 &lt;NA&gt; Overall SEX      AGE     Q1         &lt;NA&gt;  continuous       p25
+   42                 &lt;NA&gt; Overall SEX      AGE     Q3         &lt;NA&gt;  continuous       p75
+   43                 &lt;NA&gt; Overall SEX      AGE    Min         &lt;NA&gt;  continuous       min
+   44                 &lt;NA&gt; Overall SEX      AGE    Max         &lt;NA&gt;  continuous       max
+   45                 &lt;NA&gt;           F      AGE      N         &lt;NA&gt;  continuous         N
+   46                 &lt;NA&gt;           F      AGE   Mean         &lt;NA&gt;  continuous      mean
+   47                 &lt;NA&gt;           F      AGE     SD         &lt;NA&gt;  continuous        sd
+   48                 &lt;NA&gt;           F      AGE Median         &lt;NA&gt;  continuous    median
+   49                 &lt;NA&gt;           F      AGE     Q1         &lt;NA&gt;  continuous       p25
+   50                 &lt;NA&gt;           F      AGE     Q3         &lt;NA&gt;  continuous       p75
+   51                 &lt;NA&gt;           F      AGE    Min         &lt;NA&gt;  continuous       min
+   52                 &lt;NA&gt;           F      AGE    Max         &lt;NA&gt;  continuous       max
+   53                 &lt;NA&gt;           M      AGE      N         &lt;NA&gt;  continuous         N
+   54                 &lt;NA&gt;           M      AGE   Mean         &lt;NA&gt;  continuous      mean
+   55                 &lt;NA&gt;           M      AGE     SD         &lt;NA&gt;  continuous        sd
+   56                 &lt;NA&gt;           M      AGE Median         &lt;NA&gt;  continuous    median
+   57                 &lt;NA&gt;           M      AGE     Q1         &lt;NA&gt;  continuous       p25
+   58                 &lt;NA&gt;           M      AGE     Q3         &lt;NA&gt;  continuous       p75
+   59                 &lt;NA&gt;           M      AGE    Min         &lt;NA&gt;  continuous       min
+   60                 &lt;NA&gt;           M      AGE    Max         &lt;NA&gt;  continuous       max
+             stat
+   1   42.0000000
+   2   86.0000000
+   3    0.4883721
+   4   14.0000000
+   5   86.0000000
+   6    0.1627907
+   7   30.0000000
+   8   86.0000000
+   9    0.3488372
+   10  55.0000000
+   11  84.0000000
+   12   0.6547619
+   13  11.0000000
+   14  84.0000000
+   15   0.1309524
+   16  18.0000000
+   17  84.0000000
+   18   0.2142857
+   19  47.0000000
+   20  84.0000000
+   21   0.5595238
+   22   8.0000000
+   23  84.0000000
+   24   0.0952381
+   25  29.0000000
+   26  84.0000000
+   27   0.3452381
+   28 144.0000000
+   29 254.0000000
+   30   0.5669291
+   31  33.0000000
+   32 254.0000000
+   33   0.1299213
+   34  77.0000000
+   35 254.0000000
+   36   0.3031496
+   37 254.0000000
+   38  75.0866142
+   39   8.2462339
+   40  77.0000000
+   41  70.0000000
+   42  81.0000000
+   43  51.0000000
+   44  89.0000000
+   45 143.0000000
+   46  75.6503497
+   47   8.1933146
+   48  77.0000000
+   49  72.0000000
+   50  81.0000000
+   51  54.0000000
+   52  89.0000000
+   53 111.0000000
+   54  74.3603604
+   55   8.2943494
+   56  77.0000000
+   57  69.0000000
+   58  81.0000000
+   59  51.0000000
+   60  88.0000000

* Run `testthat::snapshot_accept('shuffle_ard')` to accept the change.
* Run `testthat::snapshot_review('shuffle_ard')` to interactively review the change.</failure>
    </testcase>
  </testsuite>
  <testsuite name="shuffle_ard" timestamp="2025-03-24T18:10:20Z" hostname="4c5f8ebabfcb" tests="2" skipped="0" failures="0" errors="0" time="0.012">
    <testcase time="0.0110000000000028" classname="character(0)" name="shuffle_ard_doesn_t_trim_off_NULL_NA_values"/>
    <testcase time="0.000999999999997669" classname="character(0)" name="shuffle_ard_doesn_t_trim_off_NULL_NA_values"/>
  </testsuite>
  <testsuite name="shuffle_ard" timestamp="2025-03-24T18:10:20Z" hostname="4c5f8ebabfcb" tests="1" skipped="0" failures="0" errors="0" time="0.002">
    <testcase time="0.00200000000000244" classname="character(0)" name="shuffle_ard_trims_statistics_with_length_1"/>
  </testsuite>
  <testsuite name="shuffle_ard" timestamp="2025-03-24T18:10:20Z" hostname="4c5f8ebabfcb" tests="2" skipped="0" failures="0" errors="0" time="0.003">
    <testcase time="0.00199999999999534" classname="character(0)" name="shuffle_ard_coerces_all_factor_groups_variables_to_character"/>
    <testcase time="0.00100000000000477" classname="character(0)" name="shuffle_ard_coerces_all_factor_groups_variables_to_character"/>
  </testsuite>
  <testsuite name="shuffle_ard" timestamp="2025-03-24T18:10:20Z" hostname="4c5f8ebabfcb" tests="1" skipped="0" failures="1" errors="0" time="0.002">
    <testcase time="0.00199999999999534" classname="character(0)" name="shuffle_ard_fills_missing_group_levels_if_the_group_is_meaningful_for_cardx_output">
      <failure type="failure" message="Snapshot of code has changed: ('test-shuffle_ard.R:198:3')">Snapshot of code has changed:
old vs new
  Code
    as.data.frame(shuffle_ard(ard_cardx))
  Output
-             ARM         SEX variable          context stat_name       stat
+         ARM     SEX variable          context stat_name       stat
-   1 Overall ARM        &lt;NA&gt;   AGEGR1 stats_chisq_test statistic 5.07944167
+   1 Overall    &lt;NA&gt;   AGEGR1 stats_chisq_test statistic 5.07944167
-   2 Overall ARM        &lt;NA&gt;   AGEGR1 stats_chisq_test   p.value 0.07888842
+   2 Overall    &lt;NA&gt;   AGEGR1 stats_chisq_test   p.value 0.07888842
-   3        &lt;NA&gt; Overall SEX   AGEGR1 stats_chisq_test statistic 1.03944200
+   3    &lt;NA&gt; Overall   AGEGR1 stats_chisq_test statistic 1.03944200
-   4        &lt;NA&gt; Overall SEX   AGEGR1 stats_chisq_test   p.value 0.59468644
+   4    &lt;NA&gt; Overall   AGEGR1 stats_chisq_test   p.value 0.59468644

* Run `testthat::snapshot_accept('shuffle_ard')` to accept the change.
* Run `testthat::snapshot_review('shuffle_ard')` to interactively review the change.</failure>
    </testcase>
  </testsuite>
  <testsuite name="tidy_ard_column_order" timestamp="2025-03-24T18:10:21Z" hostname="4c5f8ebabfcb" tests="1" skipped="0" failures="0" errors="0" time="0.148">
    <testcase time="0.148000000000003" classname="character(0)" name="tidy_ard_column_order_works"/>
  </testsuite>
  <testsuite name="tidy_ard_row_order" timestamp="2025-03-24T18:10:21Z" hostname="4c5f8ebabfcb" tests="1" skipped="0" failures="0" errors="0" time="0.265">
    <testcase time="0.265000000000001" classname="character(0)" name="tidy_ard_row_order_works"/>
  </testsuite>
  <testsuite name="tidy_as_ard" timestamp="2025-03-24T18:10:21Z" hostname="4c5f8ebabfcb" tests="4" skipped="0" failures="0" errors="0" time="0.37">
    <testcase time="0.368000000000002" classname="character(0)" name="tidy_as_ard_works"/>
    <testcase time="0" classname="character(0)" name="tidy_as_ard_works"/>
    <testcase time="0.000999999999997669" classname="character(0)" name="tidy_as_ard_works"/>
    <testcase time="0.00100000000000477" classname="character(0)" name="tidy_as_ard_works"/>
  </testsuite>
  <testsuite name="update_ard" timestamp="2025-03-24T18:10:23Z" hostname="4c5f8ebabfcb" tests="2" skipped="0" failures="0" errors="0" time="1.289">
    <testcase time="1.288" classname="character(0)" name="update_ard_fmt_fn_"/>
    <testcase time="0.000999999999997669" classname="character(0)" name="update_ard_fmt_fn_"/>
  </testsuite>
  <testsuite name="update_ard" timestamp="2025-03-24T18:10:23Z" hostname="4c5f8ebabfcb" tests="1" skipped="0" failures="0" errors="0" time="0.004">
    <testcase time="0.00400000000000489" classname="character(0)" name="update_ard_fmt_fn_filter_"/>
  </testsuite>
  <testsuite name="update_ard" timestamp="2025-03-24T18:10:23Z" hostname="4c5f8ebabfcb" tests="2" skipped="0" failures="0" errors="0" time="0.003">
    <testcase time="0.00300000000000011" classname="character(0)" name="update_ard_fmt_fn_filter_messaging"/>
    <testcase time="0" classname="character(0)" name="update_ard_fmt_fn_filter_messaging"/>
  </testsuite>
  <testsuite name="update_ard" timestamp="2025-03-24T18:10:23Z" hostname="4c5f8ebabfcb" tests="1" skipped="0" failures="0" errors="0" time="0.002">
    <testcase time="0.00199999999999534" classname="character(0)" name="update_ard_stat_label_"/>
  </testsuite>
  <testsuite name="update_ard" timestamp="2025-03-24T18:10:23Z" hostname="4c5f8ebabfcb" tests="1" skipped="0" failures="0" errors="0" time="0.002">
    <testcase time="0.00200000000000244" classname="character(0)" name="update_ard_stat_label_filter_"/>
  </testsuite>
  <testsuite name="update_ard" timestamp="2025-03-24T18:10:23Z" hostname="4c5f8ebabfcb" tests="2" skipped="0" failures="0" errors="0" time="0.003">
    <testcase time="0.00300000000000011" classname="character(0)" name="update_ard_stat_label_filter_messaging"/>
    <testcase time="0" classname="character(0)" name="update_ard_stat_label_filter_messaging"/>
  </testsuite>
  <testsuite name="sort_ard_hierarchical" timestamp="2025-03-24T18:10:23Z" hostname="4c5f8ebabfcb" tests="3" skipped="0" failures="0" errors="0" time="0.79">
    <testcase time="0.789000000000001" classname="character(0)" name="sort_ard_hierarchical_works"/>
    <testcase time="0" classname="character(0)" name="sort_ard_hierarchical_works"/>
    <testcase time="0.00100000000000477" classname="character(0)" name="sort_ard_hierarchical_works"/>
  </testsuite>
  <testsuite name="sort_ard_hierarchical" timestamp="2025-03-24T18:10:23Z" hostname="4c5f8ebabfcb" tests="4" skipped="0" failures="0" errors="0" time="0.003">
    <testcase time="0.00199999999999534" classname="character(0)" name="sort_ard_hierarchical_sort_descending_works"/>
    <testcase time="0" classname="character(0)" name="sort_ard_hierarchical_sort_descending_works"/>
    <testcase time="0.00100000000000477" classname="character(0)" name="sort_ard_hierarchical_sort_descending_works"/>
    <testcase time="0" classname="character(0)" name="sort_ard_hierarchical_sort_descending_works"/>
  </testsuite>
  <testsuite name="sort_ard_hierarchical" timestamp="2025-03-24T18:10:23Z" hostname="4c5f8ebabfcb" tests="4" skipped="0" failures="0" errors="0" time="0.004">
    <testcase time="0.00199999999999534" classname="character(0)" name="sort_ard_hierarchical_sort_alphanumeric_works"/>
    <testcase time="0.00100000000000477" classname="character(0)" name="sort_ard_hierarchical_sort_alphanumeric_works"/>
    <testcase time="0" classname="character(0)" name="sort_ard_hierarchical_sort_alphanumeric_works"/>
    <testcase time="0.000999999999990564" classname="character(0)" name="sort_ard_hierarchical_sort_alphanumeric_works"/>
  </testsuite>
  <testsuite name="sort_ard_hierarchical" timestamp="2025-03-24T18:10:23Z" hostname="4c5f8ebabfcb" tests="4" skipped="0" failures="0" errors="0" time="0.003">
    <testcase time="0.00200000000000955" classname="character(0)" name="sort_ard_hierarchical_works_when_there_is_no_overall_row_in_x"/>
    <testcase time="0" classname="character(0)" name="sort_ard_hierarchical_works_when_there_is_no_overall_row_in_x"/>
    <testcase time="0.000999999999990564" classname="character(0)" name="sort_ard_hierarchical_works_when_there_is_no_overall_row_in_x"/>
    <testcase time="0" classname="character(0)" name="sort_ard_hierarchical_works_when_there_is_no_overall_row_in_x"/>
  </testsuite>
  <testsuite name="sort_ard_hierarchical" timestamp="2025-03-24T18:10:23Z" hostname="4c5f8ebabfcb" tests="4" skipped="0" failures="0" errors="0" time="0.004">
    <testcase time="0.00199999999999534" classname="character(0)" name="sort_ard_hierarchical_works_with_only_one_variable_in_x"/>
    <testcase time="0.00100000000000477" classname="character(0)" name="sort_ard_hierarchical_works_with_only_one_variable_in_x"/>
    <testcase time="0" classname="character(0)" name="sort_ard_hierarchical_works_with_only_one_variable_in_x"/>
    <testcase time="0.00100000000000477" classname="character(0)" name="sort_ard_hierarchical_works_with_only_one_variable_in_x"/>
  </testsuite>
  <testsuite name="sort_ard_hierarchical" timestamp="2025-03-24T18:10:23Z" hostname="4c5f8ebabfcb" tests="1" skipped="0" failures="0" errors="0" time="0.002">
    <testcase time="0.00199999999999534" classname="character(0)" name="sort_ard_hierarchical_works_when_some_variables_not_included_in_x"/>
  </testsuite>
  <testsuite name="sort_ard_hierarchical" timestamp="2025-03-24T18:10:23Z" hostname="4c5f8ebabfcb" tests="1" skipped="0" failures="0" errors="0" time="0.002">
    <testcase time="0.00199999999999534" classname="character(0)" name="sort_ard_hierarchical_works_when_sorting_using_p_instead_of_n"/>
  </testsuite>
  <testsuite name="sort_ard_hierarchical" timestamp="2025-03-24T18:10:23Z" hostname="4c5f8ebabfcb" tests="3" skipped="0" failures="0" errors="0" time="0.006">
    <testcase time="0.00400000000000489" classname="character(0)" name="sort_ard_hierarchical_works_with_overall_data"/>
    <testcase time="0.00100000000000477" classname="character(0)" name="sort_ard_hierarchical_works_with_overall_data"/>
    <testcase time="0.000999999999990564" classname="character(0)" name="sort_ard_hierarchical_works_with_overall_data"/>
  </testsuite>
  <testsuite name="sort_ard_hierarchical" timestamp="2025-03-24T18:10:23Z" hostname="4c5f8ebabfcb" tests="3" skipped="0" failures="0" errors="0" time="0.003">
    <testcase time="0.00200000000000955" classname="character(0)" name="sort_ard_hierarchical_error_messaging_works"/>
    <testcase time="0" classname="character(0)" name="sort_ard_hierarchical_error_messaging_works"/>
    <testcase time="0.000999999999990564" classname="character(0)" name="sort_ard_hierarchical_error_messaging_works"/>
  </testsuite>
</testsuites>
