<?xml version="1.0" encoding="UTF-8"?>
<testsuites>
  <testsuite name="add_calculated_row" timestamp="2024-08-28T04:22:45Z" hostname="5a58b78c0167" tests="2" skipped="0" failures="0" errors="0" time="1.261">
    <testcase time="1.23" classname="character(0)" name="add_calculated_row_x_"/>
    <testcase time="0.0310000000000001" classname="character(0)" name="add_calculated_row_x_"/>
  </testsuite>
  <testsuite name="add_calculated_row" timestamp="2024-08-28T04:22:45Z" hostname="5a58b78c0167" tests="1" skipped="0" failures="0" errors="0" time="0.012">
    <testcase time="0.012" classname="character(0)" name="add_calculated_row_expr_messaging"/>
  </testsuite>
  <testsuite name="add_calculated_row" timestamp="2024-08-28T04:22:45Z" hostname="5a58b78c0167" tests="1" skipped="0" failures="0" errors="0" time="0.013">
    <testcase time="0.0129999999999999" classname="character(0)" name="add_calculated_row_by_messaging"/>
  </testsuite>
  <testsuite name="apply_fmt_fn" timestamp="2024-08-28T04:22:45Z" hostname="5a58b78c0167" tests="2" skipped="0" failures="0" errors="0" time="0.046">
    <testcase time="0.0459999999999998" classname="character(0)" name="apply_fmt_fn_works"/>
    <testcase time="0" classname="character(0)" name="apply_fmt_fn_works"/>
  </testsuite>
  <testsuite name="apply_fmt_fn" timestamp="2024-08-28T04:22:45Z" hostname="5a58b78c0167" tests="1" skipped="0" failures="0" errors="0" time="0.002">
    <testcase time="0.00200000000000022" classname="character(0)" name="apply_fmt_fn_works_with_integer_specification"/>
  </testsuite>
  <testsuite name="apply_fmt_fn" timestamp="2024-08-28T04:22:45Z" hostname="5a58b78c0167" tests="2" skipped="0" failures="0" errors="0" time="0.002">
    <testcase time="0.00099999999999989" classname="character(0)" name="apply_fmt_fn_works_with_xx_specification"/>
    <testcase time="0.00099999999999989" classname="character(0)" name="apply_fmt_fn_works_with_xx_specification"/>
  </testsuite>
  <testsuite name="apply_fmt_fn" timestamp="2024-08-28T04:22:45Z" hostname="5a58b78c0167" tests="4" skipped="0" failures="0" errors="0" time="0.002">
    <testcase time="0.00100000000000033" classname="character(0)" name="apply_fmt_fn_error_messaging"/>
    <testcase time="0" classname="character(0)" name="apply_fmt_fn_error_messaging"/>
    <testcase time="0.00099999999999989" classname="character(0)" name="apply_fmt_fn_error_messaging"/>
    <testcase time="0" classname="character(0)" name="apply_fmt_fn_error_messaging"/>
  </testsuite>
  <testsuite name="ard_attributes" timestamp="2024-08-28T04:22:45Z" hostname="5a58b78c0167" tests="1" skipped="0" failures="0" errors="0" time="0.088">
    <testcase time="0.0880000000000001" classname="character(0)" name="ard_attributes_works"/>
  </testsuite>
  <testsuite name="ard_attributes" timestamp="2024-08-28T04:22:45Z" hostname="5a58b78c0167" tests="1" skipped="0" failures="0" errors="0" time="0.003">
    <testcase time="0.00299999999999967" classname="character(0)" name="ard_attributes_errors_when_there_is_no_dataframe"/>
  </testsuite>
  <testsuite name="ard_complex" timestamp="2024-08-28T04:22:46Z" hostname="5a58b78c0167" tests="5" skipped="0" failures="0" errors="0" time="0.681">
    <testcase time="0.679" classname="character(0)" name="ard_complex_works"/>
    <testcase time="0.00099999999999989" classname="character(0)" name="ard_complex_works"/>
    <testcase time="0" classname="character(0)" name="ard_complex_works"/>
    <testcase time="0.00099999999999989" classname="character(0)" name="ard_complex_works"/>
    <testcase time="0" classname="character(0)" name="ard_complex_works"/>
  </testsuite>
  <testsuite name="ard_complex" timestamp="2024-08-28T04:22:46Z" hostname="5a58b78c0167" tests="1" skipped="0" failures="0" errors="0" time="0.002">
    <testcase time="0.00200000000000022" classname="character(0)" name="ard_complex_messaging"/>
  </testsuite>
  <testsuite name="ard_complex" timestamp="2024-08-28T04:22:46Z" hostname="5a58b78c0167" tests="1" skipped="0" failures="0" errors="0" time="0.001">
    <testcase time="0.00099999999999989" classname="character(0)" name="ard_complex_with_grouped_data_works"/>
  </testsuite>
  <testsuite name="ard_complex" timestamp="2024-08-28T04:22:46Z" hostname="5a58b78c0167" tests="1" skipped="0" failures="0" errors="0" time="0.001">
    <testcase time="0.00099999999999989" classname="character(0)" name="ard_complex_follows_ard_structure"/>
  </testsuite>
  <testsuite name="ard_categorical" timestamp="2024-08-28T04:22:55Z" hostname="5a58b78c0167" tests="8" skipped="0" failures="0" errors="0" time="9.131">
    <testcase time="9.128" classname="character(0)" name="ard_categorical_univariate"/>
    <testcase time="0" classname="character(0)" name="ard_categorical_univariate"/>
    <testcase time="0.000999999999999446" classname="character(0)" name="ard_categorical_univariate"/>
    <testcase time="0" classname="character(0)" name="ard_categorical_univariate"/>
    <testcase time="0.000999999999999446" classname="character(0)" name="ard_categorical_univariate"/>
    <testcase time="0" classname="character(0)" name="ard_categorical_univariate"/>
    <testcase time="0.00100000000000122" classname="character(0)" name="ard_categorical_univariate"/>
    <testcase time="0" classname="character(0)" name="ard_categorical_univariate"/>
  </testsuite>
  <testsuite name="ard_categorical" timestamp="2024-08-28T04:22:55Z" hostname="5a58b78c0167" tests="5" skipped="0" failures="0" errors="0" time="0.004">
    <testcase time="0.00199999999999889" classname="character(0)" name="ard_categorical_univariate_specified_denomiator"/>
    <testcase time="0" classname="character(0)" name="ard_categorical_univariate_specified_denomiator"/>
    <testcase time="0.00100000000000122" classname="character(0)" name="ard_categorical_univariate_specified_denomiator"/>
    <testcase time="0" classname="character(0)" name="ard_categorical_univariate_specified_denomiator"/>
    <testcase time="0.000999999999999446" classname="character(0)" name="ard_categorical_univariate_specified_denomiator"/>
  </testsuite>
  <testsuite name="ard_categorical" timestamp="2024-08-28T04:22:55Z" hostname="5a58b78c0167" tests="2" skipped="0" failures="0" errors="0" time="0.001">
    <testcase time="0.000999999999999446" classname="character(0)" name="ard_continuous_fmt_fn_argument_works"/>
    <testcase time="0" classname="character(0)" name="ard_continuous_fmt_fn_argument_works"/>
  </testsuite>
  <testsuite name="ard_categorical" timestamp="2024-08-28T04:22:55Z" hostname="5a58b78c0167" tests="8" skipped="0" failures="0" errors="0" time="0.005">
    <testcase time="0.00200000000000067" classname="character(0)" name="ard_categorical_with_strata_and_by_arguments"/>
    <testcase time="0" classname="character(0)" name="ard_categorical_with_strata_and_by_arguments"/>
    <testcase time="0.000999999999999446" classname="character(0)" name="ard_categorical_with_strata_and_by_arguments"/>
    <testcase time="0" classname="character(0)" name="ard_categorical_with_strata_and_by_arguments"/>
    <testcase time="0.000999999999999446" classname="character(0)" name="ard_categorical_with_strata_and_by_arguments"/>
    <testcase time="0" classname="character(0)" name="ard_categorical_with_strata_and_by_arguments"/>
    <testcase time="0.00100000000000122" classname="character(0)" name="ard_categorical_with_strata_and_by_arguments"/>
    <testcase time="0" classname="character(0)" name="ard_categorical_with_strata_and_by_arguments"/>
  </testsuite>
  <testsuite name="ard_categorical" timestamp="2024-08-28T04:22:55Z" hostname="5a58b78c0167" tests="3" skipped="0" failures="0" errors="0" time="0.002">
    <testcase time="0.00199999999999889" classname="character(0)" name="ard_categorical_stat_label_argument_works"/>
    <testcase time="0" classname="character(0)" name="ard_categorical_stat_label_argument_works"/>
    <testcase time="0" classname="character(0)" name="ard_categorical_stat_label_argument_works"/>
  </testsuite>
  <testsuite name="ard_categorical" timestamp="2024-08-28T04:22:55Z" hostname="5a58b78c0167" tests="5" skipped="0" failures="0" errors="0" time="0.003">
    <testcase time="0.000999999999999446" classname="character(0)" name="ard_categorical_denominator_cell_works"/>
    <testcase time="0" classname="character(0)" name="ard_categorical_denominator_cell_works"/>
    <testcase time="0.000999999999999446" classname="character(0)" name="ard_categorical_denominator_cell_works"/>
    <testcase time="0" classname="character(0)" name="ard_categorical_denominator_cell_works"/>
    <testcase time="0.00100000000000122" classname="character(0)" name="ard_categorical_denominator_cell_works"/>
  </testsuite>
  <testsuite name="ard_categorical" timestamp="2024-08-28T04:22:55Z" hostname="5a58b78c0167" tests="9" skipped="0" failures="0" errors="0" time="0.005">
    <testcase time="0.000999999999999446" classname="character(0)" name="ard_categorical_denominator_row_works"/>
    <testcase time="0.000999999999999446" classname="character(0)" name="ard_categorical_denominator_row_works"/>
    <testcase time="0" classname="character(0)" name="ard_categorical_denominator_row_works"/>
    <testcase time="0.00100000000000122" classname="character(0)" name="ard_categorical_denominator_row_works"/>
    <testcase time="0" classname="character(0)" name="ard_categorical_denominator_row_works"/>
    <testcase time="0.000999999999999446" classname="character(0)" name="ard_categorical_denominator_row_works"/>
    <testcase time="0" classname="character(0)" name="ard_categorical_denominator_row_works"/>
    <testcase time="0.000999999999999446" classname="character(0)" name="ard_categorical_denominator_row_works"/>
    <testcase time="0" classname="character(0)" name="ard_categorical_denominator_row_works"/>
  </testsuite>
  <testsuite name="ard_categorical" timestamp="2024-08-28T04:22:55Z" hostname="5a58b78c0167" tests="5" skipped="0" failures="0" errors="0" time="0.003">
    <testcase time="0.000999999999999446" classname="character(0)" name="ard_categorical_denominator_column_works"/>
    <testcase time="0.00100000000000122" classname="character(0)" name="ard_categorical_denominator_column_works"/>
    <testcase time="0" classname="character(0)" name="ard_categorical_denominator_column_works"/>
    <testcase time="0.000999999999999446" classname="character(0)" name="ard_categorical_denominator_column_works"/>
    <testcase time="0" classname="character(0)" name="ard_categorical_denominator_column_works"/>
  </testsuite>
  <testsuite name="ard_categorical" timestamp="2024-08-28T04:22:55Z" hostname="5a58b78c0167" tests="1" skipped="0" failures="0" errors="0" time="0.002">
    <testcase time="0.00200000000000067" classname="character(0)" name="ard_categorical_denominator_integer_works"/>
  </testsuite>
  <testsuite name="ard_categorical" timestamp="2024-08-28T04:22:55Z" hostname="5a58b78c0167" tests="3" skipped="0" failures="0" errors="0" time="0.002">
    <testcase time="0.000999999999999446" classname="character(0)" name="ard_categorical_denominator_data_frame_with_counts_works"/>
    <testcase time="0" classname="character(0)" name="ard_categorical_denominator_data_frame_with_counts_works"/>
    <testcase time="0.000999999999999446" classname="character(0)" name="ard_categorical_denominator_data_frame_with_counts_works"/>
  </testsuite>
  <testsuite name="ard_categorical" timestamp="2024-08-28T04:22:55Z" hostname="5a58b78c0167" tests="2" skipped="0" failures="0" errors="0" time="0.002">
    <testcase time="0.00100000000000122" classname="character(0)" name="ard_categorical_denominator_data_frame_without_counts_works"/>
    <testcase time="0.000999999999999446" classname="character(0)" name="ard_categorical_denominator_data_frame_without_counts_works"/>
  </testsuite>
  <testsuite name="ard_categorical" timestamp="2024-08-28T04:22:55Z" hostname="5a58b78c0167" tests="2" skipped="0" failures="0" errors="0" time="0.001">
    <testcase time="0.000999999999999446" classname="character(0)" name="ard_categorical_and_ARD_column_names"/>
    <testcase time="0" classname="character(0)" name="ard_categorical_and_ARD_column_names"/>
  </testsuite>
  <testsuite name="ard_categorical" timestamp="2024-08-28T04:22:55Z" hostname="5a58b78c0167" tests="1" skipped="0" failures="0" errors="0" time="0.002">
    <testcase time="0.00200000000000067" classname="character(0)" name="ard_categorical_with_grouped_data_works"/>
  </testsuite>
  <testsuite name="ard_categorical" timestamp="2024-08-28T04:22:55Z" hostname="5a58b78c0167" tests="1" skipped="0" failures="0" errors="0" time="0.001">
    <testcase time="0.000999999999999446" classname="character(0)" name="ard_categorical_and_all_NA_columns"/>
  </testsuite>
  <testsuite name="ard_categorical" timestamp="2024-08-28T04:22:55Z" hostname="5a58b78c0167" tests="4" skipped="0" failures="0" errors="0" time="0.003">
    <testcase time="0.00100000000000122" classname="character(0)" name="ard_categorical_can_handle_non_syntactic_column_names"/>
    <testcase time="0.000999999999999446" classname="character(0)" name="ard_categorical_can_handle_non_syntactic_column_names"/>
    <testcase time="0" classname="character(0)" name="ard_categorical_can_handle_non_syntactic_column_names"/>
    <testcase time="0.000999999999999446" classname="character(0)" name="ard_categorical_can_handle_non_syntactic_column_names"/>
  </testsuite>
  <testsuite name="ard_categorical" timestamp="2024-08-28T04:22:55Z" hostname="5a58b78c0167" tests="1" skipped="0" failures="0" errors="0" time="0.001">
    <testcase time="0.000999999999999446" classname="character(0)" name="ard_categorical_strata_returns_results_in_proper_order"/>
  </testsuite>
  <testsuite name="ard_categorical" timestamp="2024-08-28T04:22:55Z" hostname="5a58b78c0167" tests="2" skipped="0" failures="0" errors="0" time="0.002">
    <testcase time="0.00100000000000122" classname="character(0)" name="ard_categorical_by_messages_about_protected_names"/>
    <testcase time="0.000999999999999446" classname="character(0)" name="ard_categorical_by_messages_about_protected_names"/>
  </testsuite>
  <testsuite name="ard_categorical" timestamp="2024-08-28T04:22:55Z" hostname="5a58b78c0167" tests="15" skipped="0" failures="0" errors="0" time="0.008">
    <testcase time="0.000999999999999446" classname="character(0)" name="ard_categorical_works_when_using_generic_names_"/>
    <testcase time="0.00100000000000122" classname="character(0)" name="ard_categorical_works_when_using_generic_names_"/>
    <testcase time="0" classname="character(0)" name="ard_categorical_works_when_using_generic_names_"/>
    <testcase time="0.000999999999999446" classname="character(0)" name="ard_categorical_works_when_using_generic_names_"/>
    <testcase time="0" classname="character(0)" name="ard_categorical_works_when_using_generic_names_"/>
    <testcase time="0.000999999999999446" classname="character(0)" name="ard_categorical_works_when_using_generic_names_"/>
    <testcase time="0" classname="character(0)" name="ard_categorical_works_when_using_generic_names_"/>
    <testcase time="0.00100000000000122" classname="character(0)" name="ard_categorical_works_when_using_generic_names_"/>
    <testcase time="0" classname="character(0)" name="ard_categorical_works_when_using_generic_names_"/>
    <testcase time="0.000999999999999446" classname="character(0)" name="ard_categorical_works_when_using_generic_names_"/>
    <testcase time="0" classname="character(0)" name="ard_categorical_works_when_using_generic_names_"/>
    <testcase time="0.000999999999999446" classname="character(0)" name="ard_categorical_works_when_using_generic_names_"/>
    <testcase time="0" classname="character(0)" name="ard_categorical_works_when_using_generic_names_"/>
    <testcase time="0.00100000000000122" classname="character(0)" name="ard_categorical_works_when_using_generic_names_"/>
    <testcase time="0" classname="character(0)" name="ard_categorical_works_when_using_generic_names_"/>
  </testsuite>
  <testsuite name="ard_categorical" timestamp="2024-08-28T04:22:55Z" hostname="5a58b78c0167" tests="2" skipped="0" failures="0" errors="0" time="0.001">
    <testcase time="0.000999999999999446" classname="character(0)" name="ard_categorical_by_messages_about_protected_names"/>
    <testcase time="0" classname="character(0)" name="ard_categorical_by_messages_about_protected_names"/>
  </testsuite>
  <testsuite name="ard_categorical" timestamp="2024-08-28T04:22:55Z" hostname="5a58b78c0167" tests="1" skipped="0" failures="0" errors="0" time="0.001">
    <testcase time="0.000999999999999446" classname="character(0)" name="ard_categorical_follows_ard_structure"/>
  </testsuite>
  <testsuite name="ard_categorical" timestamp="2024-08-28T04:22:55Z" hostname="5a58b78c0167" tests="2" skipped="0" failures="0" errors="0" time="0.002">
    <testcase time="0.00200000000000067" classname="character(0)" name="ard_categorical_with_hms_times"/>
    <testcase time="0" classname="character(0)" name="ard_categorical_with_hms_times"/>
  </testsuite>
  <testsuite name="ard_dichotomous" timestamp="2024-08-28T04:22:56Z" hostname="5a58b78c0167" tests="5" skipped="0" failures="0" errors="0" time="0.906">
    <testcase time="0.903" classname="character(0)" name="ard_dichotomous_works"/>
    <testcase time="0.000999999999999446" classname="character(0)" name="ard_dichotomous_works"/>
    <testcase time="0" classname="character(0)" name="ard_dichotomous_works"/>
    <testcase time="0.000999999999999446" classname="character(0)" name="ard_dichotomous_works"/>
    <testcase time="0.00100000000000122" classname="character(0)" name="ard_dichotomous_works"/>
  </testsuite>
  <testsuite name="ard_dichotomous" timestamp="2024-08-28T04:22:56Z" hostname="5a58b78c0167" tests="3" skipped="0" failures="0" errors="0" time="0.004">
    <testcase time="0.00300000000000011" classname="character(0)" name="ard_dichotomous_works"/>
    <testcase time="0" classname="character(0)" name="ard_dichotomous_works"/>
    <testcase time="0.000999999999999446" classname="character(0)" name="ard_dichotomous_works"/>
  </testsuite>
  <testsuite name="ard_dichotomous" timestamp="2024-08-28T04:22:56Z" hostname="5a58b78c0167" tests="1" skipped="0" failures="0" errors="0" time="0.003">
    <testcase time="0.00300000000000011" classname="character(0)" name="ard_dichotomous_with_grouped_data_works"/>
  </testsuite>
  <testsuite name="ard_dichotomous" timestamp="2024-08-28T04:22:56Z" hostname="5a58b78c0167" tests="1" skipped="0" failures="0" errors="0" time="0.002">
    <testcase time="0.00200000000000067" classname="character(0)" name="ard_dichotomous_follows_ard_structure"/>
  </testsuite>
  <testsuite name="ard_hierarchical" timestamp="2024-08-28T04:23:05Z" hostname="5a58b78c0167" tests="3" skipped="0" failures="0" errors="0" time="9.51">
    <testcase time="9.509" classname="character(0)" name="ard_hierarchical_works_without_by_variables"/>
    <testcase time="0" classname="character(0)" name="ard_hierarchical_works_without_by_variables"/>
    <testcase time="0.000999999999997669" classname="character(0)" name="ard_hierarchical_works_without_by_variables"/>
  </testsuite>
  <testsuite name="ard_hierarchical" timestamp="2024-08-28T04:23:05Z" hostname="5a58b78c0167" tests="2" skipped="0" failures="0" errors="0" time="0.002">
    <testcase time="0.00200000000000244" classname="character(0)" name="ard_hierarchical_works_with_by_variable"/>
    <testcase time="0" classname="character(0)" name="ard_hierarchical_works_with_by_variable"/>
  </testsuite>
  <testsuite name="ard_hierarchical" timestamp="2024-08-28T04:23:05Z" hostname="5a58b78c0167" tests="2" skipped="0" failures="0" errors="0" time="0.002">
    <testcase time="0.000999999999997669" classname="character(0)" name="ard_hierarchical_works_with_by_variable_not_present_in_denominator_"/>
    <testcase time="0.00100000000000122" classname="character(0)" name="ard_hierarchical_works_with_by_variable_not_present_in_denominator_"/>
  </testsuite>
  <testsuite name="ard_hierarchical" timestamp="2024-08-28T04:23:05Z" hostname="5a58b78c0167" tests="1" skipped="0" failures="0" errors="0" time="0.001">
    <testcase time="0.00100000000000122" classname="character(0)" name="ard_hierarchical_works_without_any_variables"/>
  </testsuite>
  <testsuite name="ard_hierarchical" timestamp="2024-08-28T04:23:05Z" hostname="5a58b78c0167" tests="2" skipped="0" failures="0" errors="0" time="0.002">
    <testcase time="0.00199999999999889" classname="character(0)" name="ard_hierarchical_id_argument_works"/>
    <testcase time="0" classname="character(0)" name="ard_hierarchical_id_argument_works"/>
  </testsuite>
  <testsuite name="ard_hierarchical" timestamp="2024-08-28T04:23:05Z" hostname="5a58b78c0167" tests="4" skipped="0" failures="0" errors="0" time="0.006">
    <testcase time="0.00199999999999889" classname="character(0)" name="ard_hierarchical_count_works_without_by_variables"/>
    <testcase time="0" classname="character(0)" name="ard_hierarchical_count_works_without_by_variables"/>
    <testcase time="0.00300000000000011" classname="character(0)" name="ard_hierarchical_count_works_without_by_variables"/>
    <testcase time="0.00100000000000122" classname="character(0)" name="ard_hierarchical_count_works_without_by_variables"/>
  </testsuite>
  <testsuite name="ard_hierarchical" timestamp="2024-08-28T04:23:05Z" hostname="5a58b78c0167" tests="2" skipped="0" failures="0" errors="0" time="0.002">
    <testcase time="0.00100000000000122" classname="character(0)" name="ard_hierarchical_count_works_with_by_variable"/>
    <testcase time="0.000999999999997669" classname="character(0)" name="ard_hierarchical_count_works_with_by_variable"/>
  </testsuite>
  <testsuite name="ard_hierarchical" timestamp="2024-08-28T04:23:05Z" hostname="5a58b78c0167" tests="2" skipped="0" failures="0" errors="0" time="0.002">
    <testcase time="0.00100000000000122" classname="character(0)" name="ard_hierarchical_count_works_with_by_variable_not_present_in_denominator_"/>
    <testcase time="0.00100000000000122" classname="character(0)" name="ard_hierarchical_count_works_with_by_variable_not_present_in_denominator_"/>
  </testsuite>
  <testsuite name="ard_hierarchical" timestamp="2024-08-28T04:23:05Z" hostname="5a58b78c0167" tests="1" skipped="0" failures="0" errors="0" time="0.001">
    <testcase time="0.000999999999997669" classname="character(0)" name="ard_hierarchical_count_works_without_any_variables"/>
  </testsuite>
  <testsuite name="ard_hierarchical" timestamp="2024-08-28T04:23:05Z" hostname="5a58b78c0167" tests="2" skipped="0" failures="0" errors="0" time="0.002">
    <testcase time="0.00200000000000244" classname="character(0)" name="ard_hierarchical_and_ard_hierarchical_count_with_grouped_data_works"/>
    <testcase time="0" classname="character(0)" name="ard_hierarchical_and_ard_hierarchical_count_with_grouped_data_works"/>
  </testsuite>
  <testsuite name="ard_hierarchical" timestamp="2024-08-28T04:23:05Z" hostname="5a58b78c0167" tests="1" skipped="0" failures="0" errors="0" time="0.002">
    <testcase time="0.00199999999999889" classname="character(0)" name="ard_hierarchical_follows_ard_structure"/>
  </testsuite>
  <testsuite name="ard_missing" timestamp="2024-08-28T04:23:06Z" hostname="5a58b78c0167" tests="3" skipped="0" failures="0" errors="0" time="0.623">
    <testcase time="0.620999999999999" classname="character(0)" name="ard_missing_works"/>
    <testcase time="0.00100000000000122" classname="character(0)" name="ard_missing_works"/>
    <testcase time="0.00100000000000122" classname="character(0)" name="ard_missing_works"/>
  </testsuite>
  <testsuite name="ard_missing" timestamp="2024-08-28T04:23:06Z" hostname="5a58b78c0167" tests="3" skipped="0" failures="0" errors="0" time="0.004">
    <testcase time="0.00300000000000011" classname="character(0)" name="ard_missing_stat_label_argument_works"/>
    <testcase time="0" classname="character(0)" name="ard_missing_stat_label_argument_works"/>
    <testcase time="0.000999999999997669" classname="character(0)" name="ard_missing_stat_label_argument_works"/>
  </testsuite>
  <testsuite name="ard_missing" timestamp="2024-08-28T04:23:06Z" hostname="5a58b78c0167" tests="1" skipped="0" failures="0" errors="0" time="0.003">
    <testcase time="0.00300000000000011" classname="character(0)" name="ard_missing_with_grouped_data_works"/>
  </testsuite>
  <testsuite name="ard_missing" timestamp="2024-08-28T04:23:06Z" hostname="5a58b78c0167" tests="1" skipped="0" failures="0" errors="0" time="0.002">
    <testcase time="0.00199999999999889" classname="character(0)" name="ard_missing_follows_ard_structure"/>
  </testsuite>
  <testsuite name="ard_stack" timestamp="2024-08-28T04:23:10Z" hostname="5a58b78c0167" tests="7" skipped="0" failures="0" errors="0" time="4.271">
    <testcase time="4.265" classname="character(0)" name="ard_stack_works"/>
    <testcase time="0.00100000000000122" classname="character(0)" name="ard_stack_works"/>
    <testcase time="0" classname="character(0)" name="ard_stack_works"/>
    <testcase time="0.00100000000000122" classname="character(0)" name="ard_stack_works"/>
    <testcase time="0.00300000000000011" classname="character(0)" name="ard_stack_works"/>
    <testcase time="0" classname="character(0)" name="ard_stack_works"/>
    <testcase time="0.000999999999997669" classname="character(0)" name="ard_stack_works"/>
  </testsuite>
  <testsuite name="ard_stack" timestamp="2024-08-28T04:23:10Z" hostname="5a58b78c0167" tests="2" skipped="0" failures="0" errors="0" time="0.002">
    <testcase time="0.00200000000000244" classname="character(0)" name="ard_stack_adding_overalls"/>
    <testcase time="0" classname="character(0)" name="ard_stack_adding_overalls"/>
  </testsuite>
  <testsuite name="ard_stack" timestamp="2024-08-28T04:23:10Z" hostname="5a58b78c0167" tests="4" skipped="0" failures="0" errors="0" time="0.003">
    <testcase time="0.00199999999999889" classname="character(0)" name="ard_stack_adding_missing_attributes"/>
    <testcase time="0" classname="character(0)" name="ard_stack_adding_missing_attributes"/>
    <testcase time="0.00100000000000122" classname="character(0)" name="ard_stack_adding_missing_attributes"/>
    <testcase time="0" classname="character(0)" name="ard_stack_adding_missing_attributes"/>
  </testsuite>
  <testsuite name="ard_stack" timestamp="2024-08-28T04:23:10Z" hostname="5a58b78c0167" tests="2" skipped="0" failures="0" errors="0" time="0.002">
    <testcase time="0.000999999999997669" classname="character(0)" name="ard_stack_.shuffle_argument"/>
    <testcase time="0.00100000000000122" classname="character(0)" name="ard_stack_.shuffle_argument"/>
  </testsuite>
  <testsuite name="ard_stack" timestamp="2024-08-28T04:23:10Z" hostname="5a58b78c0167" tests="1" skipped="0" failures="0" errors="0" time="0.002">
    <testcase time="0.00199999999999889" classname="character(0)" name="ard_stack_adding_total_N"/>
  </testsuite>
  <testsuite name="ard_stack" timestamp="2024-08-28T04:23:10Z" hostname="5a58b78c0167" tests="1" skipped="0" failures="0" errors="0" time="0.001">
    <testcase time="0.00100000000000122" classname="character(0)" name="ard_stack_works_with_namespaced_functions"/>
  </testsuite>
  <testsuite name="ard_stack" timestamp="2024-08-28T04:23:10Z" hostname="5a58b78c0167" tests="2" skipped="0" failures="0" errors="0" time="0.002">
    <testcase time="0.000999999999997669" classname="character(0)" name="ard_stack_messaging"/>
    <testcase time="0.00100000000000122" classname="character(0)" name="ard_stack_messaging"/>
  </testsuite>
  <testsuite name="ard_stack" timestamp="2024-08-28T04:23:10Z" hostname="5a58b78c0167" tests="1" skipped="0" failures="0" errors="0" time="0.001">
    <testcase time="0.00100000000000122" classname="character(0)" name="ard_stack_complex_call_error"/>
  </testsuite>
  <testsuite name="ard_stack" timestamp="2024-08-28T04:23:10Z" hostname="5a58b78c0167" tests="1" skipped="0" failures="0" errors="0" time="0.002">
    <testcase time="0.00199999999999889" classname="character(0)" name="ard_stack_follows_ard_structure"/>
  </testsuite>
  <testsuite name="ard_total_n" timestamp="2024-08-28T04:23:10Z" hostname="5a58b78c0167" tests="2" skipped="0" failures="0" errors="0" time="0.175">
    <testcase time="0.175000000000001" classname="character(0)" name="ard_total_n_works"/>
    <testcase time="0" classname="character(0)" name="ard_total_n_works"/>
  </testsuite>
  <testsuite name="ard_total_n" timestamp="2024-08-28T04:23:10Z" hostname="5a58b78c0167" tests="1" skipped="0" failures="0" errors="0" time="0.002">
    <testcase time="0.00199999999999889" classname="character(0)" name="ard_total_n_follows_ard_structure"/>
  </testsuite>
  <testsuite name="as_card" timestamp="2024-08-28T04:23:11Z" hostname="5a58b78c0167" tests="1" skipped="0" failures="0" errors="0" time="0.334">
    <testcase time="0.334" classname="character(0)" name="as_card_works"/>
  </testsuite>
  <testsuite name="as_card" timestamp="2024-08-28T04:23:11Z" hostname="5a58b78c0167" tests="1" skipped="0" failures="0" errors="0" time="0.001">
    <testcase time="0.00100000000000122" classname="character(0)" name="as_card_does_not_affect_card_objects"/>
  </testsuite>
  <testsuite name="as_card" timestamp="2024-08-28T04:23:11Z" hostname="5a58b78c0167" tests="1" skipped="0" failures="0" errors="0" time="0.001">
    <testcase time="0.000999999999997669" classname="character(0)" name="as_card_error_catching_works_correctly"/>
  </testsuite>
  <testsuite name="as_nested_list" timestamp="2024-08-28T04:23:11Z" hostname="5a58b78c0167" tests="1" skipped="0" failures="0" errors="0" time="0.365">
    <testcase time="0.365000000000002" classname="character(0)" name="as_nested_list_works"/>
  </testsuite>
  <testsuite name="ard_continuous" timestamp="2024-08-28T04:23:11Z" hostname="5a58b78c0167" tests="4" skipped="0" failures="0" errors="0" time="0.37">
    <testcase time="0.369" classname="character(0)" name="ard_continuous_works"/>
    <testcase time="0" classname="character(0)" name="ard_continuous_works"/>
    <testcase time="0.000999999999997669" classname="character(0)" name="ard_continuous_works"/>
    <testcase time="0" classname="character(0)" name="ard_continuous_works"/>
  </testsuite>
  <testsuite name="ard_continuous" timestamp="2024-08-28T04:23:11Z" hostname="5a58b78c0167" tests="3" skipped="0" failures="0" errors="0" time="0.003">
    <testcase time="0.00200000000000244" classname="character(0)" name="ard_continuous_fmt_fn_argument_works"/>
    <testcase time="0" classname="character(0)" name="ard_continuous_fmt_fn_argument_works"/>
    <testcase time="0.000999999999997669" classname="character(0)" name="ard_continuous_fmt_fn_argument_works"/>
  </testsuite>
  <testsuite name="ard_continuous" timestamp="2024-08-28T04:23:11Z" hostname="5a58b78c0167" tests="3" skipped="0" failures="0" errors="0" time="0.002">
    <testcase time="0.00100000000000122" classname="character(0)" name="ard_continuous_messaging"/>
    <testcase time="0.00100000000000122" classname="character(0)" name="ard_continuous_messaging"/>
    <testcase time="0" classname="character(0)" name="ard_continuous_messaging"/>
  </testsuite>
  <testsuite name="ard_continuous" timestamp="2024-08-28T04:23:11Z" hostname="5a58b78c0167" tests="5" skipped="0" failures="0" errors="0" time="0.004">
    <testcase time="0.00199999999999889" classname="character(0)" name="ard_continuous_stat_label_argument_works"/>
    <testcase time="0" classname="character(0)" name="ard_continuous_stat_label_argument_works"/>
    <testcase time="0.00100000000000122" classname="character(0)" name="ard_continuous_stat_label_argument_works"/>
    <testcase time="0" classname="character(0)" name="ard_continuous_stat_label_argument_works"/>
    <testcase time="0.000999999999997669" classname="character(0)" name="ard_continuous_stat_label_argument_works"/>
  </testsuite>
  <testsuite name="ard_continuous" timestamp="2024-08-28T04:23:11Z" hostname="5a58b78c0167" tests="2" skipped="0" failures="0" errors="0" time="0.002">
    <testcase time="0.00100000000000122" classname="character(0)" name="ard_continuous_and_ARD_column_names"/>
    <testcase time="0.00100000000000122" classname="character(0)" name="ard_continuous_and_ARD_column_names"/>
  </testsuite>
  <testsuite name="ard_continuous" timestamp="2024-08-28T04:23:11Z" hostname="5a58b78c0167" tests="1" skipped="0" failures="0" errors="0" time="0.001">
    <testcase time="0.000999999999997669" classname="character(0)" name="ard_continuous_with_grouped_data_works"/>
  </testsuite>
  <testsuite name="ard_continuous" timestamp="2024-08-28T04:23:11Z" hostname="5a58b78c0167" tests="2" skipped="0" failures="0" errors="0" time="0.002">
    <testcase time="0.00200000000000244" classname="character(0)" name="ard_continuous_with_dates_works_and_displays_as_expected"/>
    <testcase time="0" classname="character(0)" name="ard_continuous_with_dates_works_and_displays_as_expected"/>
  </testsuite>
  <testsuite name="ard_continuous" timestamp="2024-08-28T04:23:11Z" hostname="5a58b78c0167" tests="1" skipped="0" failures="0" errors="0" time="0.002">
    <testcase time="0.00199999999999889" classname="character(0)" name="ard_continuous_with_empty_missing_dates_works_and_preserves_Date_class"/>
  </testsuite>
  <testsuite name="ard_continuous" timestamp="2024-08-28T04:23:11Z" hostname="5a58b78c0167" tests="3" skipped="0" failures="0" errors="0" time="0.002">
    <testcase time="0.00199999999999889" classname="character(0)" name="ard_continuous_works_with_non_syntactic_names"/>
    <testcase time="0" classname="character(0)" name="ard_continuous_works_with_non_syntactic_names"/>
    <testcase time="0" classname="character(0)" name="ard_continuous_works_with_non_syntactic_names"/>
  </testsuite>
  <testsuite name="ard_continuous" timestamp="2024-08-28T04:23:11Z" hostname="5a58b78c0167" tests="19" skipped="0" failures="0" errors="0" time="0.009">
    <testcase time="0.00100000000000122" classname="character(0)" name="ard_continuous_works_when_using_generic_names_"/>
    <testcase time="0" classname="character(0)" name="ard_continuous_works_when_using_generic_names_"/>
    <testcase time="0" classname="character(0)" name="ard_continuous_works_when_using_generic_names_"/>
    <testcase time="0" classname="character(0)" name="ard_continuous_works_when_using_generic_names_"/>
    <testcase time="0.00100000000000122" classname="character(0)" name="ard_continuous_works_when_using_generic_names_"/>
    <testcase time="0" classname="character(0)" name="ard_continuous_works_when_using_generic_names_"/>
    <testcase time="0.00100000000000122" classname="character(0)" name="ard_continuous_works_when_using_generic_names_"/>
    <testcase time="0" classname="character(0)" name="ard_continuous_works_when_using_generic_names_"/>
    <testcase time="0.000999999999997669" classname="character(0)" name="ard_continuous_works_when_using_generic_names_"/>
    <testcase time="0" classname="character(0)" name="ard_continuous_works_when_using_generic_names_"/>
    <testcase time="0.00100000000000122" classname="character(0)" name="ard_continuous_works_when_using_generic_names_"/>
    <testcase time="0" classname="character(0)" name="ard_continuous_works_when_using_generic_names_"/>
    <testcase time="0.000999999999997669" classname="character(0)" name="ard_continuous_works_when_using_generic_names_"/>
    <testcase time="0" classname="character(0)" name="ard_continuous_works_when_using_generic_names_"/>
    <testcase time="0.00100000000000122" classname="character(0)" name="ard_continuous_works_when_using_generic_names_"/>
    <testcase time="0" classname="character(0)" name="ard_continuous_works_when_using_generic_names_"/>
    <testcase time="0.00100000000000122" classname="character(0)" name="ard_continuous_works_when_using_generic_names_"/>
    <testcase time="0" classname="character(0)" name="ard_continuous_works_when_using_generic_names_"/>
    <testcase time="0.000999999999997669" classname="character(0)" name="ard_continuous_works_when_using_generic_names_"/>
  </testsuite>
  <testsuite name="ard_continuous" timestamp="2024-08-28T04:23:11Z" hostname="5a58b78c0167" tests="1" skipped="0" failures="0" errors="0" time="0.001">
    <testcase time="0.00100000000000122" classname="character(0)" name="ard_continuous_follows_ard_structure"/>
  </testsuite>
  <testsuite name="bind_ard" timestamp="2024-08-28T04:23:12Z" hostname="5a58b78c0167" tests="1" skipped="0" failures="0" errors="0" time="0.128">
    <testcase time="0.128" classname="character(0)" name="bind_ard_works"/>
  </testsuite>
  <testsuite name="bind_ard" timestamp="2024-08-28T04:23:12Z" hostname="5a58b78c0167" tests="2" skipped="0" failures="0" errors="0" time="0.004">
    <testcase time="0.00300000000000011" classname="character(0)" name="ARD_helpers_messaging"/>
    <testcase time="0.00100000000000122" classname="character(0)" name="ARD_helpers_messaging"/>
  </testsuite>
  <testsuite name="bind_ard" timestamp="2024-08-28T04:23:12Z" hostname="5a58b78c0167" tests="2" skipped="0" failures="0" errors="0" time="0.003">
    <testcase time="0.00199999999999889" classname="character(0)" name="bind_ard_.order_argument_works"/>
    <testcase time="0.00100000000000122" classname="character(0)" name="bind_ard_.order_argument_works"/>
  </testsuite>
  <testsuite name="bind_ard" timestamp="2024-08-28T04:23:12Z" hostname="5a58b78c0167" tests="1" skipped="0" failures="0" errors="0" time="0.003">
    <testcase time="0.00300000000000011" classname="character(0)" name="bind_ard_.quiet_"/>
  </testsuite>
  <testsuite name="check_ard_structure" timestamp="2024-08-28T04:23:12Z" hostname="5a58b78c0167" tests="1" skipped="0" failures="0" errors="0" time="0.027">
    <testcase time="0.0269999999999975" classname="character(0)" name="check_ard_structure_works"/>
  </testsuite>
  <testsuite name="eval_capture_conditions" timestamp="2024-08-28T04:23:12Z" hostname="5a58b78c0167" tests="4" skipped="0" failures="0" errors="0" time="0.213">
    <testcase time="0.211000000000002" classname="character(0)" name="eval_capture_conditions_works"/>
    <testcase time="0.000999999999997669" classname="character(0)" name="eval_capture_conditions_works"/>
    <testcase time="0" classname="character(0)" name="eval_capture_conditions_works"/>
    <testcase time="0.00100000000000122" classname="character(0)" name="eval_capture_conditions_works"/>
  </testsuite>
  <testsuite name="check_pkg_installed" timestamp="2024-08-28T04:23:12Z" hostname="5a58b78c0167" tests="17" skipped="0" failures="0" errors="0" time="0.095">
    <testcase time="0.0869999999999997" classname="character(0)" name="check_pkg_installed_works"/>
    <testcase time="0.00100000000000122" classname="character(0)" name="check_pkg_installed_works"/>
    <testcase time="0" classname="character(0)" name="check_pkg_installed_works"/>
    <testcase time="0.000999999999997669" classname="character(0)" name="check_pkg_installed_works"/>
    <testcase time="0" classname="character(0)" name="check_pkg_installed_works"/>
    <testcase time="0.00100000000000122" classname="character(0)" name="check_pkg_installed_works"/>
    <testcase time="0" classname="character(0)" name="check_pkg_installed_works"/>
    <testcase time="0.00100000000000122" classname="character(0)" name="check_pkg_installed_works"/>
    <testcase time="0" classname="character(0)" name="check_pkg_installed_works"/>
    <testcase time="0.000999999999997669" classname="character(0)" name="check_pkg_installed_works"/>
    <testcase time="0" classname="character(0)" name="check_pkg_installed_works"/>
    <testcase time="0.00100000000000122" classname="character(0)" name="check_pkg_installed_works"/>
    <testcase time="0" classname="character(0)" name="check_pkg_installed_works"/>
    <testcase time="0.00100000000000122" classname="character(0)" name="check_pkg_installed_works"/>
    <testcase time="0" classname="character(0)" name="check_pkg_installed_works"/>
    <testcase time="0.000999999999997669" classname="character(0)" name="check_pkg_installed_works"/>
    <testcase time="0" classname="character(0)" name="check_pkg_installed_works"/>
  </testsuite>
  <testsuite name="label_cards" timestamp="2024-08-28T04:23:12Z" hostname="5a58b78c0167" tests="4" skipped="0" failures="0" errors="0" time="0.054">
    <testcase time="0.0520000000000032" classname="character(0)" name="label_cards_works"/>
    <testcase time="0.000999999999997669" classname="character(0)" name="label_cards_works"/>
    <testcase time="0" classname="character(0)" name="label_cards_works"/>
    <testcase time="0.00100000000000122" classname="character(0)" name="label_cards_works"/>
  </testsuite>
  <testsuite name="get_ard_statistics" timestamp="2024-08-28T04:23:12Z" hostname="5a58b78c0167" tests="2" skipped="0" failures="0" errors="0" time="0.008">
    <testcase time="0.0069999999999979" classname="character(0)" name="get_ard_statistics_works"/>
    <testcase time="0.00100000000000122" classname="character(0)" name="get_ard_statistics_works"/>
  </testsuite>
  <testsuite name="nest_for_ard" timestamp="2024-08-28T04:23:12Z" hostname="5a58b78c0167" tests="3" skipped="0" failures="0" errors="0" time="0.116">
    <testcase time="0.114000000000001" classname="character(0)" name="nest_for_ard_works"/>
    <testcase time="0.00100000000000122" classname="character(0)" name="nest_for_ard_works"/>
    <testcase time="0.000999999999997669" classname="character(0)" name="nest_for_ard_works"/>
  </testsuite>
  <testsuite name="print" timestamp="2024-08-28T04:23:12Z" hostname="5a58b78c0167" tests="5" skipped="0" failures="0" errors="0" time="0.409">
    <testcase time="0.405000000000001" classname="character(0)" name="print.card_works"/>
    <testcase time="0.00100000000000122" classname="character(0)" name="print.card_works"/>
    <testcase time="0.000999999999997669" classname="character(0)" name="print.card_works"/>
    <testcase time="0.00100000000000122" classname="character(0)" name="print.card_works"/>
    <testcase time="0.000999999999997669" classname="character(0)" name="print.card_works"/>
  </testsuite>
  <testsuite name="process_selectors" timestamp="2024-08-28T04:23:13Z" hostname="5a58b78c0167" tests="3" skipped="0" failures="0" errors="0" time="0.382">
    <testcase time="0.381" classname="character(0)" name="process_selectors_works"/>
    <testcase time="0.00100000000000122" classname="character(0)" name="process_selectors_works"/>
    <testcase time="0" classname="character(0)" name="process_selectors_works"/>
  </testsuite>
  <testsuite name="process_selectors" timestamp="2024-08-28T04:23:13Z" hostname="5a58b78c0167" tests="2" skipped="0" failures="0" errors="0" time="0.004">
    <testcase time="0.00300000000000011" classname="character(0)" name="process_formula_selectors_works"/>
    <testcase time="0.00100000000000122" classname="character(0)" name="process_formula_selectors_works"/>
  </testsuite>
  <testsuite name="process_selectors" timestamp="2024-08-28T04:23:13Z" hostname="5a58b78c0167" tests="2" skipped="0" failures="0" errors="0" time="0.004">
    <testcase time="0.00300000000000011" classname="character(0)" name="process_formula_selectors_error_messaging"/>
    <testcase time="0.000999999999997669" classname="character(0)" name="process_formula_selectors_error_messaging"/>
  </testsuite>
  <testsuite name="process_selectors" timestamp="2024-08-28T04:23:13Z" hostname="5a58b78c0167" tests="7" skipped="0" failures="0" errors="0" time="0.008">
    <testcase time="0.00300000000000011" classname="character(0)" name="compute_formula_selector_selects_the_last_assignment_when_multiple_appear"/>
    <testcase time="0.00100000000000122" classname="character(0)" name="compute_formula_selector_selects_the_last_assignment_when_multiple_appear"/>
    <testcase time="0" classname="character(0)" name="compute_formula_selector_selects_the_last_assignment_when_multiple_appear"/>
    <testcase time="0.00100000000000122" classname="character(0)" name="compute_formula_selector_selects_the_last_assignment_when_multiple_appear"/>
    <testcase time="0.000999999999997669" classname="character(0)" name="compute_formula_selector_selects_the_last_assignment_when_multiple_appear"/>
    <testcase time="0.00100000000000122" classname="character(0)" name="compute_formula_selector_selects_the_last_assignment_when_multiple_appear"/>
    <testcase time="0.00100000000000122" classname="character(0)" name="compute_formula_selector_selects_the_last_assignment_when_multiple_appear"/>
  </testsuite>
  <testsuite name="process_selectors" timestamp="2024-08-28T04:23:13Z" hostname="5a58b78c0167" tests="1" skipped="0" failures="0" errors="0" time="0.003">
    <testcase time="0.00300000000000011" classname="character(0)" name="cards_select_deprecation_error_with_vars_"/>
  </testsuite>
  <testsuite name="replace_null_statistic" timestamp="2024-08-28T04:23:13Z" hostname="5a58b78c0167" tests="2" skipped="0" failures="0" errors="0" time="0.073">
    <testcase time="0.0719999999999992" classname="character(0)" name="replace_null_statistic_works"/>
    <testcase time="0.000999999999997669" classname="character(0)" name="replace_null_statistic_works"/>
  </testsuite>
  <testsuite name="print_ard_conditions" timestamp="2024-08-28T04:23:13Z" hostname="5a58b78c0167" tests="5" skipped="0" failures="0" errors="0" time="0.089">
    <testcase time="0.0870000000000033" classname="character(0)" name="print_ard_conditions_works"/>
    <testcase time="0" classname="character(0)" name="print_ard_conditions_works"/>
    <testcase time="0.000999999999997669" classname="character(0)" name="print_ard_conditions_works"/>
    <testcase time="0" classname="character(0)" name="print_ard_conditions_works"/>
    <testcase time="0.00100000000000122" classname="character(0)" name="print_ard_conditions_works"/>
  </testsuite>
  <testsuite name="print_ard_conditions" timestamp="2024-08-28T04:23:13Z" hostname="5a58b78c0167" tests="1" skipped="0" failures="0" errors="0" time="0.001">
    <testcase time="0.000999999999997669" classname="character(0)" name="print_ard_conditions_no_error_when_error_warning_columns_not_present"/>
  </testsuite>
  <testsuite name="print_ard_conditions" timestamp="2024-08-28T04:23:13Z" hostname="5a58b78c0167" tests="1" skipped="0" failures="0" errors="0" time="0.002">
    <testcase time="0.00200000000000244" classname="character(0)" name="print_ard_conditions_no_error_when_factors_are_present"/>
  </testsuite>
  <testsuite name="round5" timestamp="2024-08-28T04:23:13Z" hostname="5a58b78c0167" tests="3" skipped="0" failures="0" errors="0" time="0.068">
    <testcase time="0.0670000000000002" classname="character(0)" name="round5_works"/>
    <testcase time="0" classname="character(0)" name="round5_works"/>
    <testcase time="0.000999999999997669" classname="character(0)" name="round5_works"/>
  </testsuite>
  <testsuite name="selectors" timestamp="2024-08-28T04:23:14Z" hostname="5a58b78c0167" tests="10" skipped="0" failures="0" errors="0" time="1.29">
    <testcase time="1.282" classname="character(0)" name="selectors_work"/>
    <testcase time="0.00100000000000122" classname="character(0)" name="selectors_work"/>
    <testcase time="0.00100000000000122" classname="character(0)" name="selectors_work"/>
    <testcase time="0.000999999999997669" classname="character(0)" name="selectors_work"/>
    <testcase time="0.00100000000000122" classname="character(0)" name="selectors_work"/>
    <testcase time="0.00100000000000122" classname="character(0)" name="selectors_work"/>
    <testcase time="0.000999999999997669" classname="character(0)" name="selectors_work"/>
    <testcase time="0" classname="character(0)" name="selectors_work"/>
    <testcase time="0.00100000000000122" classname="character(0)" name="selectors_work"/>
    <testcase time="0.00100000000000122" classname="character(0)" name="selectors_work"/>
  </testsuite>
  <testsuite name="shift_ard_columns" timestamp="2024-08-28T04:23:15Z" hostname="5a58b78c0167" tests="7" skipped="0" failures="0" errors="0" time="0.199">
    <testcase time="0.195999999999998" classname="character(0)" name="rename_ard_columns_works"/>
    <testcase time="0" classname="character(0)" name="rename_ard_columns_works"/>
    <testcase time="0.00100000000000122" classname="character(0)" name="rename_ard_columns_works"/>
    <testcase time="0" classname="character(0)" name="rename_ard_columns_works"/>
    <testcase time="0.00100000000000122" classname="character(0)" name="rename_ard_columns_works"/>
    <testcase time="0" classname="character(0)" name="rename_ard_columns_works"/>
    <testcase time="0.000999999999997669" classname="character(0)" name="rename_ard_columns_works"/>
  </testsuite>
  <testsuite name="tidy_as_ard" timestamp="2024-08-28T04:23:15Z" hostname="5a58b78c0167" tests="4" skipped="0" failures="0" errors="0" time="0.313">
    <testcase time="0.311" classname="character(0)" name="tidy_as_ard_works"/>
    <testcase time="0.000999999999997669" classname="character(0)" name="tidy_as_ard_works"/>
    <testcase time="0" classname="character(0)" name="tidy_as_ard_works"/>
    <testcase time="0.00100000000000477" classname="character(0)" name="tidy_as_ard_works"/>
  </testsuite>
  <testsuite name="shuffle_ard" timestamp="2024-08-28T04:23:16Z" hostname="5a58b78c0167" tests="7" skipped="0" failures="0" errors="0" time="1.137">
    <testcase time="1.134" classname="character(0)" name="shuffle_trim_works"/>
    <testcase time="0.000999999999997669" classname="character(0)" name="shuffle_trim_works"/>
    <testcase time="0" classname="character(0)" name="shuffle_trim_works"/>
    <testcase time="0.000999999999997669" classname="character(0)" name="shuffle_trim_works"/>
    <testcase time="0" classname="character(0)" name="shuffle_trim_works"/>
    <testcase time="0.00100000000000477" classname="character(0)" name="shuffle_trim_works"/>
    <testcase time="0" classname="character(0)" name="shuffle_trim_works"/>
  </testsuite>
  <testsuite name="shuffle_ard" timestamp="2024-08-28T04:23:16Z" hostname="5a58b78c0167" tests="1" skipped="0" failures="0" errors="0" time="0.002">
    <testcase time="0.00199999999999534" classname="character(0)" name="shuffle_ard_handles_protected_names"/>
  </testsuite>
  <testsuite name="shuffle_ard" timestamp="2024-08-28T04:23:16Z" hostname="5a58b78c0167" tests="1" skipped="0" failures="0" errors="0" time="0.001">
    <testcase time="0.00100000000000477" classname="character(0)" name="shuffle_ard_notifies_user_about_warnings_errors_before_dropping"/>
  </testsuite>
  <testsuite name="shuffle_ard" timestamp="2024-08-28T04:23:16Z" hostname="5a58b78c0167" tests="2" skipped="0" failures="0" errors="0" time="0.002">
    <testcase time="0.00199999999999534" classname="character(0)" name="shuffle_ard_fills_missing_group_levels_if_the_group_is_meaningful"/>
    <testcase time="0" classname="character(0)" name="shuffle_ard_fills_missing_group_levels_if_the_group_is_meaningful"/>
  </testsuite>
  <testsuite name="shuffle_ard" timestamp="2024-08-28T04:23:16Z" hostname="5a58b78c0167" tests="2" skipped="0" failures="0" errors="0" time="0.002">
    <testcase time="0.00200000000000244" classname="character(0)" name="shuffle_ard_doesn_t_trim_off_NULL_NA_values"/>
    <testcase time="0" classname="character(0)" name="shuffle_ard_doesn_t_trim_off_NULL_NA_values"/>
  </testsuite>
  <testsuite name="shuffle_ard" timestamp="2024-08-28T04:23:16Z" hostname="5a58b78c0167" tests="1" skipped="0" failures="0" errors="0" time="0.002">
    <testcase time="0.00200000000000244" classname="character(0)" name="shuffle_ard_trims_statistics_with_length_1"/>
  </testsuite>
  <testsuite name="shuffle_ard" timestamp="2024-08-28T04:23:16Z" hostname="5a58b78c0167" tests="2" skipped="0" failures="0" errors="0" time="0.002">
    <testcase time="0.00199999999999534" classname="character(0)" name="shuffle_ard_coerces_all_factor_groups_variables_to_character"/>
    <testcase time="0" classname="character(0)" name="shuffle_ard_coerces_all_factor_groups_variables_to_character"/>
  </testsuite>
</testsuites>
