<?xml version="1.0" encoding="UTF-8"?>
<testsuites>
  <testsuite name="ard_attributes" timestamp="2024-02-01T19:39:35Z" hostname="4bdf42c65f7e" tests="1" skipped="1" failures="0" errors="0" time="0.675">
    <testcase time="0.675" classname="character(0)" name="ard_attributes_works">
      <skipped message="Reason: On CRAN ('test-ard_attributes.R:2:3')"/>
    </testcase>
  </testsuite>
  <testsuite name="apply_statistic_fmt_fn" timestamp="2024-02-01T19:39:36Z" hostname="4bdf42c65f7e" tests="2" skipped="0" failures="0" errors="0" time="0.237">
    <testcase time="0.236" classname="character(0)" name="apply_statistic_fmt_fn_works"/>
    <testcase time="0.00099999999999989" classname="character(0)" name="apply_statistic_fmt_fn_works"/>
  </testsuite>
  <testsuite name="apply_statistic_fmt_fn" timestamp="2024-02-01T19:39:36Z" hostname="4bdf42c65f7e" tests="1" skipped="0" failures="0" errors="0" time="0.015">
    <testcase time="0.0150000000000001" classname="character(0)" name="apply_statistic_fmt_fn_works_with_integer_specification"/>
  </testsuite>
  <testsuite name="apply_statistic_fmt_fn" timestamp="2024-02-01T19:39:36Z" hostname="4bdf42c65f7e" tests="2" skipped="0" failures="0" errors="0" time="0.002">
    <testcase time="0.002" classname="character(0)" name="apply_statistic_fmt_fn_works_with_xx_specification"/>
    <testcase time="0" classname="character(0)" name="apply_statistic_fmt_fn_works_with_xx_specification"/>
  </testsuite>
  <testsuite name="apply_statistic_fmt_fn" timestamp="2024-02-01T19:39:36Z" hostname="4bdf42c65f7e" tests="1" skipped="1" failures="0" errors="0" time="0.002">
    <testcase time="0.002" classname="character(0)" name="apply_statistic_fmt_fn_error_messaging">
      <skipped message="Reason: On CRAN ('test-apply_statistic_fmt_fn.R:76:3')"/>
    </testcase>
  </testsuite>
  <testsuite name="ard_comparison" timestamp="2024-02-01T19:39:36Z" hostname="4bdf42c65f7e" tests="3" skipped="1" failures="0" errors="0" time="0.351">
    <testcase time="0.349" classname="character(0)" name="ard_ttest_works"/>
    <testcase time="0.00100000000000033" classname="character(0)" name="ard_ttest_works"/>
    <testcase time="0.00099999999999989" classname="character(0)" name="ard_ttest_works">
      <skipped message="Reason: On CRAN ('test-ard_comparison.R:25:3')"/>
    </testcase>
  </testsuite>
  <testsuite name="ard_comparison" timestamp="2024-02-01T19:39:36Z" hostname="4bdf42c65f7e" tests="2" skipped="0" failures="0" errors="0" time="0.011">
    <testcase time="0.00999999999999979" classname="character(0)" name="ard_wilcoxtest_works"/>
    <testcase time="0.00100000000000033" classname="character(0)" name="ard_wilcoxtest_works"/>
  </testsuite>
  <testsuite name="ard_comparison" timestamp="2024-02-01T19:39:36Z" hostname="4bdf42c65f7e" tests="2" skipped="0" failures="0" errors="0" time="0.002">
    <testcase time="0.00099999999999989" classname="character(0)" name="ard_chisqtest_works"/>
    <testcase time="0.00099999999999989" classname="character(0)" name="ard_chisqtest_works"/>
  </testsuite>
  <testsuite name="ard_comparison" timestamp="2024-02-01T19:39:36Z" hostname="4bdf42c65f7e" tests="2" skipped="0" failures="0" errors="0" time="0.002">
    <testcase time="0.00099999999999989" classname="character(0)" name="ard_fishertest_works"/>
    <testcase time="0.00100000000000033" classname="character(0)" name="ard_fishertest_works"/>
  </testsuite>
  <testsuite name="ard_complex" timestamp="2024-02-01T19:39:37Z" hostname="4bdf42c65f7e" tests="5" skipped="0" failures="0" errors="0" time="0.549">
    <testcase time="0.547" classname="character(0)" name="ard_complex_works"/>
    <testcase time="0" classname="character(0)" name="ard_complex_works"/>
    <testcase time="0.00100000000000033" classname="character(0)" name="ard_complex_works"/>
    <testcase time="0" classname="character(0)" name="ard_complex_works"/>
    <testcase time="0.00099999999999989" classname="character(0)" name="ard_complex_works"/>
  </testsuite>
  <testsuite name="ard_complex" timestamp="2024-02-01T19:39:37Z" hostname="4bdf42c65f7e" tests="1" skipped="1" failures="0" errors="0" time="0.001">
    <testcase time="0.00099999999999989" classname="character(0)" name="ard_complex_messaging">
      <skipped message="Reason: On CRAN ('test-ard_complex.R:87:3')"/>
    </testcase>
  </testsuite>
  <testsuite name="ard_categorical" timestamp="2024-02-01T19:39:39Z" hostname="4bdf42c65f7e" tests="2" skipped="1" failures="0" errors="0" time="2.049">
    <testcase time="2.048" classname="character(0)" name="ard_categorical_univariate"/>
    <testcase time="0.000999999999999446" classname="character(0)" name="ard_categorical_univariate">
      <skipped message="Reason: On CRAN ('test-ard_categorical.R:6:3')"/>
    </testcase>
  </testsuite>
  <testsuite name="ard_categorical" timestamp="2024-02-01T19:39:39Z" hostname="4bdf42c65f7e" tests="2" skipped="1" failures="0" errors="0" time="0.019">
    <testcase time="0.0179999999999998" classname="character(0)" name="ard_categorical_univariate_specified_denomiator"/>
    <testcase time="0.00100000000000033" classname="character(0)" name="ard_categorical_univariate_specified_denomiator">
      <skipped message="Reason: On CRAN ('test-ard_categorical.R:62:3')"/>
    </testcase>
  </testsuite>
  <testsuite name="ard_categorical" timestamp="2024-02-01T19:39:39Z" hostname="4bdf42c65f7e" tests="1" skipped="1" failures="0" errors="0" time="0.035">
    <testcase time="0.0350000000000001" classname="character(0)" name="ard_continuous_fmt_fn_argument_works">
      <skipped message="Reason: On CRAN ('test-ard_categorical.R:88:3')"/>
    </testcase>
  </testsuite>
  <testsuite name="ard_categorical" timestamp="2024-02-01T19:39:39Z" hostname="4bdf42c65f7e" tests="6" skipped="1" failures="0" errors="0" time="0.014">
    <testcase time="0.0119999999999996" classname="character(0)" name="ard_categorical_with_strata_and_by_arguments"/>
    <testcase time="0" classname="character(0)" name="ard_categorical_with_strata_and_by_arguments"/>
    <testcase time="0.00100000000000033" classname="character(0)" name="ard_categorical_with_strata_and_by_arguments"/>
    <testcase time="0" classname="character(0)" name="ard_categorical_with_strata_and_by_arguments"/>
    <testcase time="0.00100000000000033" classname="character(0)" name="ard_categorical_with_strata_and_by_arguments"/>
    <testcase time="0" classname="character(0)" name="ard_categorical_with_strata_and_by_arguments">
      <skipped message="Reason: On CRAN ('test-ard_categorical.R:206:3')"/>
    </testcase>
  </testsuite>
  <testsuite name="ard_categorical" timestamp="2024-02-01T19:39:39Z" hostname="4bdf42c65f7e" tests="1" skipped="1" failures="0" errors="0" time="0.011">
    <testcase time="0.0109999999999992" classname="character(0)" name="ard_categorical_stat_labels_argument_works">
      <skipped message="Reason: On CRAN ('test-ard_categorical.R:219:3')"/>
    </testcase>
  </testsuite>
  <testsuite name="ard_categorical" timestamp="2024-02-01T19:39:39Z" hostname="4bdf42c65f7e" tests="3" skipped="0" failures="0" errors="0" time="0.011">
    <testcase time="0.0100000000000007" classname="character(0)" name="ard_categorical_denominator_cell_works"/>
    <testcase time="0" classname="character(0)" name="ard_categorical_denominator_cell_works"/>
    <testcase time="0.000999999999999446" classname="character(0)" name="ard_categorical_denominator_cell_works"/>
  </testsuite>
  <testsuite name="ard_categorical" timestamp="2024-02-01T19:39:39Z" hostname="4bdf42c65f7e" tests="7" skipped="1" failures="0" errors="0" time="0.004">
    <testcase time="0.00100000000000033" classname="character(0)" name="ard_categorical_denominator_row_works"/>
    <testcase time="0.00100000000000033" classname="character(0)" name="ard_categorical_denominator_row_works"/>
    <testcase time="0" classname="character(0)" name="ard_categorical_denominator_row_works"/>
    <testcase time="0.000999999999999446" classname="character(0)" name="ard_categorical_denominator_row_works"/>
    <testcase time="0" classname="character(0)" name="ard_categorical_denominator_row_works"/>
    <testcase time="0.00100000000000033" classname="character(0)" name="ard_categorical_denominator_row_works"/>
    <testcase time="0" classname="character(0)" name="ard_categorical_denominator_row_works">
      <skipped message="Reason: On CRAN ('test-ard_categorical.R:344:3')"/>
    </testcase>
  </testsuite>
  <testsuite name="ard_categorical" timestamp="2024-02-01T19:39:39Z" hostname="4bdf42c65f7e" tests="1" skipped="0" failures="0" errors="0" time="0.013">
    <testcase time="0.0129999999999999" classname="character(0)" name="ard_categorical_denominator_column_works"/>
  </testsuite>
  <testsuite name="ard_categorical" timestamp="2024-02-01T19:39:39Z" hostname="4bdf42c65f7e" tests="1" skipped="0" failures="0" errors="0" time="0.002">
    <testcase time="0.00199999999999978" classname="character(0)" name="ard_categorical_denominator_integer_works"/>
  </testsuite>
  <testsuite name="ard_categorical" timestamp="2024-02-01T19:39:39Z" hostname="4bdf42c65f7e" tests="1" skipped="1" failures="0" errors="0" time="0.001">
    <testcase time="0.00100000000000033" classname="character(0)" name="ard_categorical_denominator_data_frame_with_counts_works">
      <skipped message="Reason: On CRAN ('test-ard_categorical.R:370:3')"/>
    </testcase>
  </testsuite>
  <testsuite name="ard_categorical" timestamp="2024-02-01T19:39:39Z" hostname="4bdf42c65f7e" tests="1" skipped="1" failures="0" errors="0" time="0.011">
    <testcase time="0.0110000000000001" classname="character(0)" name="ard_categorical_statistics_works_with_custom_fns">
      <skipped message="Reason: On CRAN ('test-ard_categorical.R:416:3')"/>
    </testcase>
  </testsuite>
  <testsuite name="ard_categorical" timestamp="2024-02-01T19:39:39Z" hostname="4bdf42c65f7e" tests="2" skipped="0" failures="0" errors="0" time="0.011">
    <testcase time="0.00999999999999979" classname="character(0)" name="ard_categorical_and_ARD_column_names"/>
    <testcase time="0.00100000000000033" classname="character(0)" name="ard_categorical_and_ARD_column_names"/>
  </testsuite>
  <testsuite name="ard_continuous" timestamp="2024-02-01T19:39:39Z" hostname="4bdf42c65f7e" tests="2" skipped="1" failures="0" errors="0" time="0.174">
    <testcase time="0.172999999999999" classname="character(0)" name="ard_continuous_works"/>
    <testcase time="0.00100000000000033" classname="character(0)" name="ard_continuous_works">
      <skipped message="Reason: On CRAN ('test-ard_continuous.R:7:3')"/>
    </testcase>
  </testsuite>
  <testsuite name="ard_continuous" timestamp="2024-02-01T19:39:39Z" hostname="4bdf42c65f7e" tests="1" skipped="1" failures="0" errors="0" time="0.026">
    <testcase time="0.0259999999999998" classname="character(0)" name="ard_continuous_fmt_fn_argument_works">
      <skipped message="Reason: On CRAN ('test-ard_continuous.R:35:3')"/>
    </testcase>
  </testsuite>
  <testsuite name="ard_continuous" timestamp="2024-02-01T19:39:39Z" hostname="4bdf42c65f7e" tests="1" skipped="1" failures="0" errors="0" time="0.021">
    <testcase time="0.0209999999999999" classname="character(0)" name="ard_continuous_messaging">
      <skipped message="Reason: On CRAN ('test-ard_continuous.R:86:3')"/>
    </testcase>
  </testsuite>
  <testsuite name="ard_continuous" timestamp="2024-02-01T19:39:39Z" hostname="4bdf42c65f7e" tests="1" skipped="1" failures="0" errors="0" time="0.019">
    <testcase time="0.0190000000000001" classname="character(0)" name="ard_continuous_stat_labels_argument_works">
      <skipped message="Reason: On CRAN ('test-ard_continuous.R:106:3')"/>
    </testcase>
  </testsuite>
  <testsuite name="ard_continuous" timestamp="2024-02-01T19:39:39Z" hostname="4bdf42c65f7e" tests="2" skipped="0" failures="0" errors="0" time="0.017">
    <testcase time="0.0170000000000003" classname="character(0)" name="ard_continuous_and_ARD_column_names"/>
    <testcase time="0" classname="character(0)" name="ard_continuous_and_ARD_column_names"/>
  </testsuite>
  <testsuite name="ard_dichotomous" timestamp="2024-02-01T19:39:39Z" hostname="4bdf42c65f7e" tests="2" skipped="1" failures="0" errors="0" time="0.033">
    <testcase time="0.032" classname="character(0)" name="ard_dichotomous_works"/>
    <testcase time="0.00100000000000033" classname="character(0)" name="ard_dichotomous_works">
      <skipped message="Reason: On CRAN ('test-ard_dichotomous.R:11:3')"/>
    </testcase>
  </testsuite>
  <testsuite name="ard_dichotomous" timestamp="2024-02-01T19:39:39Z" hostname="4bdf42c65f7e" tests="1" skipped="1" failures="0" errors="0" time="0.02">
    <testcase time="0.0199999999999996" classname="character(0)" name="ard_dichotomous_works">
      <skipped message="Reason: On CRAN ('test-ard_dichotomous.R:46:3')"/>
    </testcase>
  </testsuite>
  <testsuite name="ard_missing" timestamp="2024-02-01T19:39:39Z" hostname="4bdf42c65f7e" tests="2" skipped="1" failures="0" errors="0" time="0.254">
    <testcase time="0.253" classname="character(0)" name="ard_missing_works"/>
    <testcase time="0.000999999999999446" classname="character(0)" name="ard_missing_works">
      <skipped message="Reason: On CRAN ('test-ard_missing.R:7:3')"/>
    </testcase>
  </testsuite>
  <testsuite name="ard_missing" timestamp="2024-02-01T19:39:39Z" hostname="4bdf42c65f7e" tests="1" skipped="1" failures="0" errors="0" time="0.018">
    <testcase time="0.0180000000000007" classname="character(0)" name="ard_missing_stat_labels_argument_works">
      <skipped message="Reason: On CRAN ('test-ard_missing.R:31:3')"/>
    </testcase>
  </testsuite>
  <testsuite name="ard_regression" timestamp="2024-02-01T19:39:40Z" hostname="4bdf42c65f7e" tests="1" skipped="1" failures="0" errors="0" time="0.902">
    <testcase time="0.902" classname="character(0)" name="ard_regression_works">
      <skipped message="Reason: On CRAN ('test-ard_regression.R:2:3')"/>
    </testcase>
  </testsuite>
  <testsuite name="as_nested_list" timestamp="2024-02-01T19:39:41Z" hostname="4bdf42c65f7e" tests="1" skipped="1" failures="0" errors="0" time="0.542">
    <testcase time="0.542" classname="character(0)" name="as_nested_list_works">
      <skipped message="Reason: On CRAN ('test-as_nested_list.R:2:3')"/>
    </testcase>
  </testsuite>
  <testsuite name="bind_ard" timestamp="2024-02-01T19:39:41Z" hostname="4bdf42c65f7e" tests="1" skipped="0" failures="0" errors="0" time="0.507">
    <testcase time="0.507" classname="character(0)" name="bind_ard_works"/>
  </testsuite>
  <testsuite name="bind_ard" timestamp="2024-02-01T19:39:41Z" hostname="4bdf42c65f7e" tests="1" skipped="1" failures="0" errors="0" time="0.002">
    <testcase time="0.00199999999999978" classname="character(0)" name="ARD_helpers_messaging">
      <skipped message="Reason: On CRAN ('test-bind_ard.R:14:3')"/>
    </testcase>
  </testsuite>
  <testsuite name="bind_ard" timestamp="2024-02-01T19:39:41Z" hostname="4bdf42c65f7e" tests="1" skipped="1" failures="0" errors="0" time="0.02">
    <testcase time="0.0200000000000005" classname="character(0)" name="bind_ard_.order_argument_works">
      <skipped message="Reason: On CRAN ('test-bind_ard.R:26:3')"/>
    </testcase>
  </testsuite>
  <testsuite name="check_ard_structure" timestamp="2024-02-01T19:39:41Z" hostname="4bdf42c65f7e" tests="1" skipped="1" failures="0" errors="0" time="0.172">
    <testcase time="0.172" classname="character(0)" name="check_ard_structure_works">
      <skipped message="Reason: On CRAN ('test-check_ard_structure.R:2:3')"/>
    </testcase>
  </testsuite>
  <testsuite name="check_pkg_installed" timestamp="2024-02-01T19:39:42Z" hostname="4bdf42c65f7e" tests="15" skipped="0" failures="0" errors="0" time="0.347">
    <testcase time="0.334000000000001" classname="character(0)" name="check_pkg_installed_works"/>
    <testcase time="0.000999999999999446" classname="character(0)" name="check_pkg_installed_works"/>
    <testcase time="0.00100000000000033" classname="character(0)" name="check_pkg_installed_works"/>
    <testcase time="0.00100000000000033" classname="character(0)" name="check_pkg_installed_works"/>
    <testcase time="0.000999999999999446" classname="character(0)" name="check_pkg_installed_works"/>
    <testcase time="0.00100000000000033" classname="character(0)" name="check_pkg_installed_works"/>
    <testcase time="0.000999999999999446" classname="character(0)" name="check_pkg_installed_works"/>
    <testcase time="0.00100000000000033" classname="character(0)" name="check_pkg_installed_works"/>
    <testcase time="0.00100000000000033" classname="character(0)" name="check_pkg_installed_works"/>
    <testcase time="0" classname="character(0)" name="check_pkg_installed_works"/>
    <testcase time="0.000999999999999446" classname="character(0)" name="check_pkg_installed_works"/>
    <testcase time="0.00100000000000033" classname="character(0)" name="check_pkg_installed_works"/>
    <testcase time="0.00100000000000033" classname="character(0)" name="check_pkg_installed_works"/>
    <testcase time="0.000999999999999446" classname="character(0)" name="check_pkg_installed_works"/>
    <testcase time="0.00100000000000033" classname="character(0)" name="check_pkg_installed_works"/>
  </testsuite>
  <testsuite name="eval_capture_conditions" timestamp="2024-02-01T19:39:42Z" hostname="4bdf42c65f7e" tests="1" skipped="1" failures="0" errors="0" time="0.049">
    <testcase time="0.0489999999999995" classname="character(0)" name="eval_capture_conditions_works">
      <skipped message="Reason: On CRAN ('test-eval_capture_conditions.R:3:3')"/>
    </testcase>
  </testsuite>
  <testsuite name="get_ard_statistics" timestamp="2024-02-01T19:39:42Z" hostname="4bdf42c65f7e" tests="1" skipped="1" failures="0" errors="0" time="0.13">
    <testcase time="0.13" classname="character(0)" name="get_ard_statistics_works">
      <skipped message="Reason: On CRAN ('test-get_ard_statistics.R:4:3')"/>
    </testcase>
  </testsuite>
  <testsuite name="nest_for_ard" timestamp="2024-02-01T19:39:42Z" hostname="4bdf42c65f7e" tests="3" skipped="0" failures="0" errors="0" time="0.185">
    <testcase time="0.16" classname="character(0)" name="nest_for_ard_works"/>
    <testcase time="0.000999999999999446" classname="character(0)" name="nest_for_ard_works"/>
    <testcase time="0.0240000000000009" classname="character(0)" name="nest_for_ard_works"/>
  </testsuite>
  <testsuite name="print" timestamp="2024-02-01T19:39:42Z" hostname="4bdf42c65f7e" tests="1" skipped="1" failures="0" errors="0" time="0.197">
    <testcase time="0.196999999999999" classname="character(0)" name="print.card_works">
      <skipped message="Reason: On CRAN ('test-print.R:2:3')"/>
    </testcase>
  </testsuite>
  <testsuite name="print_ard_conditions" timestamp="2024-02-01T19:39:43Z" hostname="4bdf42c65f7e" tests="1" skipped="1" failures="0" errors="0" time="0.124">
    <testcase time="0.124000000000001" classname="character(0)" name="print_ard_conditions_works">
      <skipped message="Reason: On CRAN ('test-print_ard_conditions.R:3:3')"/>
    </testcase>
  </testsuite>
  <testsuite name="ard_hierarchical" timestamp="2024-02-01T19:39:43Z" hostname="4bdf42c65f7e" tests="2" skipped="1" failures="0" errors="0" time="0.029">
    <testcase time="0.0280000000000005" classname="character(0)" name="ard_hierarchical_works_without_by_variables"/>
    <testcase time="0.000999999999999446" classname="character(0)" name="ard_hierarchical_works_without_by_variables">
      <skipped message="Reason: On CRAN ('test-ard_hierarchical.R:12:3')"/>
    </testcase>
  </testsuite>
  <testsuite name="ard_hierarchical" timestamp="2024-02-01T19:39:43Z" hostname="4bdf42c65f7e" tests="2" skipped="0" failures="0" errors="0" time="0.015">
    <testcase time="0.0139999999999993" classname="character(0)" name="ard_hierarchical_works_with_by_variable"/>
    <testcase time="0.00100000000000122" classname="character(0)" name="ard_hierarchical_works_with_by_variable"/>
  </testsuite>
  <testsuite name="ard_hierarchical" timestamp="2024-02-01T19:39:43Z" hostname="4bdf42c65f7e" tests="2" skipped="0" failures="0" errors="0" time="0.002">
    <testcase time="0.000999999999999446" classname="character(0)" name="ard_hierarchical_works_with_by_variable_not_present_in_denominator_"/>
    <testcase time="0.000999999999999446" classname="character(0)" name="ard_hierarchical_works_with_by_variable_not_present_in_denominator_"/>
  </testsuite>
  <testsuite name="ard_hierarchical" timestamp="2024-02-01T19:39:43Z" hostname="4bdf42c65f7e" tests="1" skipped="1" failures="0" errors="0" time="0.001">
    <testcase time="0.00100000000000122" classname="character(0)" name="ard_hierarchical_works_without_any_variables">
      <skipped message="Reason: On CRAN ('test-ard_hierarchical.R:97:3')"/>
    </testcase>
  </testsuite>
  <testsuite name="ard_hierarchical" timestamp="2024-02-01T19:39:43Z" hostname="4bdf42c65f7e" tests="2" skipped="1" failures="0" errors="0" time="0.012">
    <testcase time="0.0109999999999992" classname="character(0)" name="ard_hierarchical_count_works_without_by_variables"/>
    <testcase time="0.000999999999999446" classname="character(0)" name="ard_hierarchical_count_works_without_by_variables">
      <skipped message="Reason: On CRAN ('test-ard_hierarchical.R:118:3')"/>
    </testcase>
  </testsuite>
  <testsuite name="ard_hierarchical" timestamp="2024-02-01T19:39:43Z" hostname="4bdf42c65f7e" tests="2" skipped="0" failures="0" errors="0" time="0.012">
    <testcase time="0.011000000000001" classname="character(0)" name="ard_hierarchical_count_works_with_by_variable"/>
    <testcase time="0.000999999999999446" classname="character(0)" name="ard_hierarchical_count_works_with_by_variable"/>
  </testsuite>
  <testsuite name="ard_hierarchical" timestamp="2024-02-01T19:39:43Z" hostname="4bdf42c65f7e" tests="2" skipped="0" failures="0" errors="0" time="0.002">
    <testcase time="0.000999999999999446" classname="character(0)" name="ard_hierarchical_count_works_with_by_variable_not_present_in_denominator_"/>
    <testcase time="0.00100000000000122" classname="character(0)" name="ard_hierarchical_count_works_with_by_variable_not_present_in_denominator_"/>
  </testsuite>
  <testsuite name="ard_hierarchical" timestamp="2024-02-01T19:39:43Z" hostname="4bdf42c65f7e" tests="1" skipped="1" failures="0" errors="0" time="0.001">
    <testcase time="0.000999999999999446" classname="character(0)" name="ard_hierarchical_count_works_without_any_variables">
      <skipped message="Reason: On CRAN ('test-ard_hierarchical.R:208:3')"/>
    </testcase>
  </testsuite>
  <testsuite name="round5" timestamp="2024-02-01T19:39:43Z" hostname="4bdf42c65f7e" tests="1" skipped="1" failures="0" errors="0" time="0.074">
    <testcase time="0.0739999999999998" classname="character(0)" name="round5_works">
      <skipped message="Reason: On CRAN ('test-round5.R:2:3')"/>
    </testcase>
  </testsuite>
  <testsuite name="process_selectors" timestamp="2024-02-01T19:39:43Z" hostname="4bdf42c65f7e" tests="3" skipped="1" failures="0" errors="0" time="0.094">
    <testcase time="0.0939999999999994" classname="character(0)" name="process_selectors_works"/>
    <testcase time="0" classname="character(0)" name="process_selectors_works"/>
    <testcase time="0" classname="character(0)" name="process_selectors_works">
      <skipped message="Reason: On CRAN ('test-process_selectors.R:21:3')"/>
    </testcase>
  </testsuite>
  <testsuite name="process_selectors" timestamp="2024-02-01T19:39:43Z" hostname="4bdf42c65f7e" tests="2" skipped="0" failures="0" errors="0" time="0.02">
    <testcase time="0.0190000000000001" classname="character(0)" name="process_formula_selectors_works"/>
    <testcase time="0.000999999999999446" classname="character(0)" name="process_formula_selectors_works"/>
  </testsuite>
  <testsuite name="process_selectors" timestamp="2024-02-01T19:39:43Z" hostname="4bdf42c65f7e" tests="1" skipped="1" failures="0" errors="0" time="0.002">
    <testcase time="0.00200000000000067" classname="character(0)" name="process_formula_selectors_error_messaging">
      <skipped message="Reason: On CRAN ('test-process_selectors.R:48:3')"/>
    </testcase>
  </testsuite>
  <testsuite name="process_selectors" timestamp="2024-02-01T19:39:43Z" hostname="4bdf42c65f7e" tests="1" skipped="1" failures="0" errors="0" time="0.019">
    <testcase time="0.0190000000000001" classname="character(0)" name="compute_formula_selector_selects_the_last_assignment_when_multiple_appear">
      <skipped message="Reason: On CRAN ('test-process_selectors.R:55:3')"/>
    </testcase>
  </testsuite>
  <testsuite name="shuffle_ard" timestamp="2024-02-01T19:39:43Z" hostname="4bdf42c65f7e" tests="1" skipped="1" failures="0" errors="0" time="0.599">
    <testcase time="0.598999999999998" classname="character(0)" name="shuffle_trim_works">
      <skipped message="Reason: On CRAN ('test-shuffle_ard.R:9:3')"/>
    </testcase>
  </testsuite>
  <testsuite name="shuffle_ard" timestamp="2024-02-01T19:39:43Z" hostname="4bdf42c65f7e" tests="1" skipped="0" failures="0" errors="0" time="0.021">
    <testcase time="0.0210000000000008" classname="character(0)" name="shuffle_ard_handles_protected_names"/>
  </testsuite>
  <testsuite name="shuffle_ard" timestamp="2024-02-01T19:39:43Z" hostname="4bdf42c65f7e" tests="1" skipped="1" failures="0" errors="0" time="0.003">
    <testcase time="0.00300000000000011" classname="character(0)" name="shuffle_ard_notifies_user_about_warnings_errors_before_dropping">
      <skipped message="Reason: On CRAN ('test-shuffle_ard.R:68:3')"/>
    </testcase>
  </testsuite>
  <testsuite name="shuffle_ard" timestamp="2024-02-01T19:39:43Z" hostname="4bdf42c65f7e" tests="1" skipped="1" failures="0" errors="0" time="0.019">
    <testcase time="0.0190000000000001" classname="character(0)" name="shuffle_ard_fills_missing_group_levels_if_the_group_is_meaningful">
      <skipped message="Reason: On CRAN ('test-shuffle_ard.R:82:3')"/>
    </testcase>
  </testsuite>
  <testsuite name="tidy_as_ard" timestamp="2024-02-01T19:39:44Z" hostname="4bdf42c65f7e" tests="1" skipped="1" failures="0" errors="0" time="0.134">
    <testcase time="0.134" classname="character(0)" name="tidy_as_ard_works">
      <skipped message="Reason: On CRAN ('test-tidy_as_ard.R:3:3')"/>
    </testcase>
  </testsuite>
  <testsuite name="selectors" timestamp="2024-02-01T19:39:44Z" hostname="4bdf42c65f7e" tests="7" skipped="0" failures="0" errors="0" time="0.376">
    <testcase time="0.372999999999999" classname="character(0)" name="selectors_work"/>
    <testcase time="0" classname="character(0)" name="selectors_work"/>
    <testcase time="0.00100000000000122" classname="character(0)" name="selectors_work"/>
    <testcase time="0" classname="character(0)" name="selectors_work"/>
    <testcase time="0.000999999999999446" classname="character(0)" name="selectors_work"/>
    <testcase time="0" classname="character(0)" name="selectors_work"/>
    <testcase time="0.000999999999999446" classname="character(0)" name="selectors_work"/>
  </testsuite>
</testsuites>
