<?xml version="1.0" encoding="UTF-8"?>
<testsuites>
  <testsuite name="add_calculated_row" timestamp="2025-07-28T21:48:53Z" hostname="c691dafd261f" tests="2" skipped="0" failures="0" errors="0" time="1.352">
    <testcase time="1.331" classname="character(0)" name="add_calculated_row_x_"/>
    <testcase time="0.0209999999999999" classname="character(0)" name="add_calculated_row_x_"/>
  </testsuite>
  <testsuite name="add_calculated_row" timestamp="2025-07-28T21:48:53Z" hostname="c691dafd261f" tests="1" skipped="0" failures="0" errors="0" time="0.007">
    <testcase time="0.00700000000000012" classname="character(0)" name="add_calculated_row_expr_messaging"/>
  </testsuite>
  <testsuite name="add_calculated_row" timestamp="2025-07-28T21:48:53Z" hostname="c691dafd261f" tests="1" skipped="0" failures="0" errors="0" time="0.011">
    <testcase time="0.0110000000000001" classname="character(0)" name="add_calculated_row_by_messaging"/>
  </testsuite>
  <testsuite name="apply_fmt_fun" timestamp="2025-07-28T21:48:53Z" hostname="c691dafd261f" tests="2" skipped="0" failures="0" errors="0" time="0.052">
    <testcase time="0.0510000000000002" classname="character(0)" name="apply_fmt_fun_works"/>
    <testcase time="0.00099999999999989" classname="character(0)" name="apply_fmt_fun_works"/>
  </testsuite>
  <testsuite name="apply_fmt_fun" timestamp="2025-07-28T21:48:53Z" hostname="c691dafd261f" tests="1" skipped="0" failures="0" errors="0" time="0.003">
    <testcase time="0.00300000000000011" classname="character(0)" name="apply_fmt_fun_works_with_integer_specification"/>
  </testsuite>
  <testsuite name="apply_fmt_fun" timestamp="2025-07-28T21:48:53Z" hostname="c691dafd261f" tests="3" skipped="0" failures="0" errors="0" time="0.005">
    <testcase time="0.00299999999999967" classname="character(0)" name="apply_fmt_fun_works_with_xx_specification"/>
    <testcase time="0.00099999999999989" classname="character(0)" name="apply_fmt_fun_works_with_xx_specification"/>
    <testcase time="0.00100000000000033" classname="character(0)" name="apply_fmt_fun_works_with_xx_specification"/>
  </testsuite>
  <testsuite name="apply_fmt_fun" timestamp="2025-07-28T21:48:53Z" hostname="c691dafd261f" tests="4" skipped="0" failures="0" errors="0" time="0.006">
    <testcase time="0.00299999999999967" classname="character(0)" name="apply_fmt_fun_error_messaging"/>
    <testcase time="0.00100000000000033" classname="character(0)" name="apply_fmt_fun_error_messaging"/>
    <testcase time="0.00099999999999989" classname="character(0)" name="apply_fmt_fun_error_messaging"/>
    <testcase time="0.00099999999999989" classname="character(0)" name="apply_fmt_fun_error_messaging"/>
  </testsuite>
  <testsuite name="apply_fmt_fun" timestamp="2025-07-28T21:48:53Z" hostname="c691dafd261f" tests="2" skipped="0" failures="0" errors="0" time="0.003">
    <testcase time="0.00200000000000022" classname="character(0)" name="apply_fmt_fun_replace_"/>
    <testcase time="0.00099999999999989" classname="character(0)" name="apply_fmt_fun_replace_"/>
  </testsuite>
  <testsuite name="ard_attributes" timestamp="2025-07-28T21:48:53Z" hostname="c691dafd261f" tests="1" skipped="0" failures="0" errors="0" time="0.204">
    <testcase time="0.204" classname="character(0)" name="ard_attributes_works"/>
  </testsuite>
  <testsuite name="ard_attributes" timestamp="2025-07-28T21:48:53Z" hostname="c691dafd261f" tests="1" skipped="0" failures="0" errors="0" time="0.002">
    <testcase time="0.00199999999999978" classname="character(0)" name="ard_attributes_errors_when_there_is_no_dataframe"/>
  </testsuite>
  <testsuite name="ard_attributes" timestamp="2025-07-28T21:48:53Z" hostname="c691dafd261f" tests="1" skipped="0" failures="0" errors="0" time="0.001">
    <testcase time="0.00099999999999989" classname="character(0)" name="ard_attributes_follows_ard_structure"/>
  </testsuite>
  <testsuite name="ard_attributes" timestamp="2025-07-28T21:48:53Z" hostname="c691dafd261f" tests="1" skipped="0" failures="0" errors="0" time="0.002">
    <testcase time="0.00200000000000022" classname="character(0)" name="ard_attributes_requires_label_as_a_named_list"/>
  </testsuite>
  <testsuite name="ard_complex" timestamp="2025-07-28T21:48:55Z" hostname="c691dafd261f" tests="5" skipped="0" failures="0" errors="0" time="1.231">
    <testcase time="1.229" classname="character(0)" name="ard_complex_works"/>
    <testcase time="0" classname="character(0)" name="ard_complex_works"/>
    <testcase time="0.00099999999999989" classname="character(0)" name="ard_complex_works"/>
    <testcase time="0" classname="character(0)" name="ard_complex_works"/>
    <testcase time="0.00099999999999989" classname="character(0)" name="ard_complex_works"/>
  </testsuite>
  <testsuite name="ard_complex" timestamp="2025-07-28T21:48:55Z" hostname="c691dafd261f" tests="1" skipped="0" failures="0" errors="0" time="0.002">
    <testcase time="0.00200000000000022" classname="character(0)" name="ard_complex_messaging"/>
  </testsuite>
  <testsuite name="ard_complex" timestamp="2025-07-28T21:48:55Z" hostname="c691dafd261f" tests="1" skipped="0" failures="0" errors="0" time="0.001">
    <testcase time="0.00099999999999989" classname="character(0)" name="ard_complex_with_grouped_data_works"/>
  </testsuite>
  <testsuite name="ard_complex" timestamp="2025-07-28T21:48:55Z" hostname="c691dafd261f" tests="1" skipped="0" failures="0" errors="0" time="0.002">
    <testcase time="0.00199999999999978" classname="character(0)" name="ard_complex_follows_ard_structure"/>
  </testsuite>
  <testsuite name="ard_complex" timestamp="2025-07-28T21:48:55Z" hostname="c691dafd261f" tests="2" skipped="0" failures="0" errors="0" time="0.002">
    <testcase time="0.00100000000000033" classname="character(0)" name="ard_complex_errors_with_incorrect_factor_columns"/>
    <testcase time="0.00099999999999989" classname="character(0)" name="ard_complex_errors_with_incorrect_factor_columns"/>
  </testsuite>
  <testsuite name="ard_complex" timestamp="2025-07-28T21:48:55Z" hostname="c691dafd261f" tests="2" skipped="0" failures="0" errors="0" time="0.002">
    <testcase time="0.00099999999999989" classname="character(0)" name="ard_complex_with_as_cards_fn_inputs"/>
    <testcase time="0.00099999999999989" classname="character(0)" name="ard_complex_with_as_cards_fn_inputs"/>
  </testsuite>
  <testsuite name="ard_categorical" timestamp="2025-07-28T21:49:06Z" hostname="c691dafd261f" tests="8" skipped="0" failures="0" errors="0" time="11.175">
    <testcase time="11.168" classname="character(0)" name="ard_categorical_univariate"/>
    <testcase time="0.000999999999999446" classname="character(0)" name="ard_categorical_univariate"/>
    <testcase time="0.00100000000000122" classname="character(0)" name="ard_categorical_univariate"/>
    <testcase time="0.000999999999999446" classname="character(0)" name="ard_categorical_univariate"/>
    <testcase time="0.000999999999999446" classname="character(0)" name="ard_categorical_univariate"/>
    <testcase time="0.00100000000000122" classname="character(0)" name="ard_categorical_univariate"/>
    <testcase time="0.000999999999999446" classname="character(0)" name="ard_categorical_univariate"/>
    <testcase time="0.000999999999999446" classname="character(0)" name="ard_categorical_univariate"/>
  </testsuite>
  <testsuite name="ard_categorical" timestamp="2025-07-28T21:49:06Z" hostname="c691dafd261f" tests="5" skipped="0" failures="0" errors="0" time="0.005">
    <testcase time="0.00200000000000067" classname="character(0)" name="ard_categorical_univariate_specified_denomiator"/>
    <testcase time="0" classname="character(0)" name="ard_categorical_univariate_specified_denomiator"/>
    <testcase time="0.000999999999999446" classname="character(0)" name="ard_categorical_univariate_specified_denomiator"/>
    <testcase time="0.00100000000000122" classname="character(0)" name="ard_categorical_univariate_specified_denomiator"/>
    <testcase time="0.000999999999999446" classname="character(0)" name="ard_categorical_univariate_specified_denomiator"/>
  </testsuite>
  <testsuite name="ard_categorical" timestamp="2025-07-28T21:49:06Z" hostname="c691dafd261f" tests="2" skipped="0" failures="0" errors="0" time="0.003">
    <testcase time="0.00200000000000067" classname="character(0)" name="ard_categorical_fmt_fun_argument_works"/>
    <testcase time="0.000999999999999446" classname="character(0)" name="ard_categorical_fmt_fun_argument_works"/>
  </testsuite>
  <testsuite name="ard_categorical" timestamp="2025-07-28T21:49:06Z" hostname="c691dafd261f" tests="8" skipped="0" failures="0" errors="0" time="0.008">
    <testcase time="0.00300000000000011" classname="character(0)" name="ard_categorical_with_strata_and_by_arguments"/>
    <testcase time="0.00100000000000122" classname="character(0)" name="ard_categorical_with_strata_and_by_arguments"/>
    <testcase time="0.000999999999999446" classname="character(0)" name="ard_categorical_with_strata_and_by_arguments"/>
    <testcase time="0" classname="character(0)" name="ard_categorical_with_strata_and_by_arguments"/>
    <testcase time="0.000999999999999446" classname="character(0)" name="ard_categorical_with_strata_and_by_arguments"/>
    <testcase time="0" classname="character(0)" name="ard_categorical_with_strata_and_by_arguments"/>
    <testcase time="0.000999999999999446" classname="character(0)" name="ard_categorical_with_strata_and_by_arguments"/>
    <testcase time="0.00100000000000122" classname="character(0)" name="ard_categorical_with_strata_and_by_arguments"/>
  </testsuite>
  <testsuite name="ard_categorical" timestamp="2025-07-28T21:49:06Z" hostname="c691dafd261f" tests="3" skipped="0" failures="0" errors="0" time="0.002">
    <testcase time="0.000999999999999446" classname="character(0)" name="ard_categorical_stat_label_argument_works"/>
    <testcase time="0.000999999999999446" classname="character(0)" name="ard_categorical_stat_label_argument_works"/>
    <testcase time="0" classname="character(0)" name="ard_categorical_stat_label_argument_works"/>
  </testsuite>
  <testsuite name="ard_categorical" timestamp="2025-07-28T21:49:06Z" hostname="c691dafd261f" tests="5" skipped="0" failures="0" errors="0" time="0.004">
    <testcase time="0.00200000000000067" classname="character(0)" name="ard_categorical_denominator_cell_works"/>
    <testcase time="0" classname="character(0)" name="ard_categorical_denominator_cell_works"/>
    <testcase time="0.000999999999999446" classname="character(0)" name="ard_categorical_denominator_cell_works"/>
    <testcase time="0" classname="character(0)" name="ard_categorical_denominator_cell_works"/>
    <testcase time="0.00100000000000122" classname="character(0)" name="ard_categorical_denominator_cell_works"/>
  </testsuite>
  <testsuite name="ard_categorical" timestamp="2025-07-28T21:49:06Z" hostname="c691dafd261f" tests="9" skipped="0" failures="0" errors="0" time="0.006">
    <testcase time="0.000999999999999446" classname="character(0)" name="ard_categorical_denominator_row_works"/>
    <testcase time="0.000999999999999446" classname="character(0)" name="ard_categorical_denominator_row_works"/>
    <testcase time="0.00100000000000122" classname="character(0)" name="ard_categorical_denominator_row_works"/>
    <testcase time="0" classname="character(0)" name="ard_categorical_denominator_row_works"/>
    <testcase time="0.000999999999999446" classname="character(0)" name="ard_categorical_denominator_row_works"/>
    <testcase time="0" classname="character(0)" name="ard_categorical_denominator_row_works"/>
    <testcase time="0.000999999999999446" classname="character(0)" name="ard_categorical_denominator_row_works"/>
    <testcase time="0" classname="character(0)" name="ard_categorical_denominator_row_works"/>
    <testcase time="0.00100000000000122" classname="character(0)" name="ard_categorical_denominator_row_works"/>
  </testsuite>
  <testsuite name="ard_categorical" timestamp="2025-07-28T21:49:06Z" hostname="c691dafd261f" tests="5" skipped="0" failures="0" errors="0" time="0.004">
    <testcase time="0.000999999999999446" classname="character(0)" name="ard_categorical_denominator_column_works"/>
    <testcase time="0.000999999999999446" classname="character(0)" name="ard_categorical_denominator_column_works"/>
    <testcase time="0.000999999999999446" classname="character(0)" name="ard_categorical_denominator_column_works"/>
    <testcase time="0" classname="character(0)" name="ard_categorical_denominator_column_works"/>
    <testcase time="0.00100000000000122" classname="character(0)" name="ard_categorical_denominator_column_works"/>
  </testsuite>
  <testsuite name="ard_categorical" timestamp="2025-07-28T21:49:06Z" hostname="c691dafd261f" tests="1" skipped="0" failures="0" errors="0" time="0.001">
    <testcase time="0.000999999999999446" classname="character(0)" name="ard_categorical_denominator_integer_works"/>
  </testsuite>
  <testsuite name="ard_categorical" timestamp="2025-07-28T21:49:06Z" hostname="c691dafd261f" tests="3" skipped="0" failures="0" errors="0" time="0.003">
    <testcase time="0.00200000000000067" classname="character(0)" name="ard_categorical_denominator_data_frame_with_counts_works"/>
    <testcase time="0" classname="character(0)" name="ard_categorical_denominator_data_frame_with_counts_works"/>
    <testcase time="0.000999999999999446" classname="character(0)" name="ard_categorical_denominator_data_frame_with_counts_works"/>
  </testsuite>
  <testsuite name="ard_categorical" timestamp="2025-07-28T21:49:06Z" hostname="c691dafd261f" tests="2" skipped="0" failures="0" errors="0" time="0.002">
    <testcase time="0.000999999999999446" classname="character(0)" name="ard_categorical_denominator_data_frame_without_counts_works"/>
    <testcase time="0.00100000000000122" classname="character(0)" name="ard_categorical_denominator_data_frame_without_counts_works"/>
  </testsuite>
  <testsuite name="ard_categorical" timestamp="2025-07-28T21:49:06Z" hostname="c691dafd261f" tests="2" skipped="0" failures="0" errors="0" time="0.002">
    <testcase time="0.000999999999999446" classname="character(0)" name="ard_categorical_and_ARD_column_names"/>
    <testcase time="0.000999999999999446" classname="character(0)" name="ard_categorical_and_ARD_column_names"/>
  </testsuite>
  <testsuite name="ard_categorical" timestamp="2025-07-28T21:49:06Z" hostname="c691dafd261f" tests="1" skipped="0" failures="0" errors="0" time="0.001">
    <testcase time="0.00100000000000122" classname="character(0)" name="ard_categorical_with_grouped_data_works"/>
  </testsuite>
  <testsuite name="ard_categorical" timestamp="2025-07-28T21:49:06Z" hostname="c691dafd261f" tests="1" skipped="0" failures="0" errors="0" time="0.002">
    <testcase time="0.00199999999999889" classname="character(0)" name="ard_categorical_and_all_NA_columns"/>
  </testsuite>
  <testsuite name="ard_categorical" timestamp="2025-07-28T21:49:06Z" hostname="c691dafd261f" tests="4" skipped="0" failures="0" errors="0" time="0.003">
    <testcase time="0.000999999999999446" classname="character(0)" name="ard_categorical_can_handle_non_syntactic_column_names"/>
    <testcase time="0.00100000000000122" classname="character(0)" name="ard_categorical_can_handle_non_syntactic_column_names"/>
    <testcase time="0" classname="character(0)" name="ard_categorical_can_handle_non_syntactic_column_names"/>
    <testcase time="0.000999999999999446" classname="character(0)" name="ard_categorical_can_handle_non_syntactic_column_names"/>
  </testsuite>
  <testsuite name="ard_categorical" timestamp="2025-07-28T21:49:06Z" hostname="c691dafd261f" tests="1" skipped="0" failures="0" errors="0" time="0.001">
    <testcase time="0.000999999999999446" classname="character(0)" name="ard_categorical_strata_returns_results_in_proper_order"/>
  </testsuite>
  <testsuite name="ard_categorical" timestamp="2025-07-28T21:49:06Z" hostname="c691dafd261f" tests="2" skipped="0" failures="0" errors="0" time="0.002">
    <testcase time="0.000999999999999446" classname="character(0)" name="ard_categorical_by_messages_about_protected_names"/>
    <testcase time="0.000999999999999446" classname="character(0)" name="ard_categorical_by_messages_about_protected_names"/>
  </testsuite>
  <testsuite name="ard_categorical" timestamp="2025-07-28T21:49:06Z" hostname="c691dafd261f" tests="15" skipped="0" failures="0" errors="0" time="0.011">
    <testcase time="0.00400000000000134" classname="character(0)" name="ard_categorical_works_when_using_generic_names_"/>
    <testcase time="0" classname="character(0)" name="ard_categorical_works_when_using_generic_names_"/>
    <testcase time="0.000999999999999446" classname="character(0)" name="ard_categorical_works_when_using_generic_names_"/>
    <testcase time="0" classname="character(0)" name="ard_categorical_works_when_using_generic_names_"/>
    <testcase time="0.000999999999999446" classname="character(0)" name="ard_categorical_works_when_using_generic_names_"/>
    <testcase time="0" classname="character(0)" name="ard_categorical_works_when_using_generic_names_"/>
    <testcase time="0.00100000000000122" classname="character(0)" name="ard_categorical_works_when_using_generic_names_"/>
    <testcase time="0" classname="character(0)" name="ard_categorical_works_when_using_generic_names_"/>
    <testcase time="0.000999999999999446" classname="character(0)" name="ard_categorical_works_when_using_generic_names_"/>
    <testcase time="0.000999999999999446" classname="character(0)" name="ard_categorical_works_when_using_generic_names_"/>
    <testcase time="0" classname="character(0)" name="ard_categorical_works_when_using_generic_names_"/>
    <testcase time="0.000999999999999446" classname="character(0)" name="ard_categorical_works_when_using_generic_names_"/>
    <testcase time="0" classname="character(0)" name="ard_categorical_works_when_using_generic_names_"/>
    <testcase time="0.00100000000000122" classname="character(0)" name="ard_categorical_works_when_using_generic_names_"/>
    <testcase time="0" classname="character(0)" name="ard_categorical_works_when_using_generic_names_"/>
  </testsuite>
  <testsuite name="ard_categorical" timestamp="2025-07-28T21:49:06Z" hostname="c691dafd261f" tests="2" skipped="0" failures="0" errors="0" time="0.003">
    <testcase time="0.00199999999999889" classname="character(0)" name="ard_categorical_by_messages_about_protected_names"/>
    <testcase time="0.00100000000000122" classname="character(0)" name="ard_categorical_by_messages_about_protected_names"/>
  </testsuite>
  <testsuite name="ard_categorical" timestamp="2025-07-28T21:49:06Z" hostname="c691dafd261f" tests="1" skipped="0" failures="0" errors="0" time="0.001">
    <testcase time="0.000999999999999446" classname="character(0)" name="ard_categorical_follows_ard_structure"/>
  </testsuite>
  <testsuite name="ard_categorical" timestamp="2025-07-28T21:49:06Z" hostname="c691dafd261f" tests="2" skipped="0" failures="0" errors="0" time="0.002">
    <testcase time="0.00200000000000067" classname="character(0)" name="ard_categorical_with_hms_times"/>
    <testcase time="0" classname="character(0)" name="ard_categorical_with_hms_times"/>
  </testsuite>
  <testsuite name="ard_categorical" timestamp="2025-07-28T21:49:06Z" hostname="c691dafd261f" tests="2" skipped="0" failures="0" errors="0" time="0.002">
    <testcase time="0.00199999999999889" classname="character(0)" name="ard_categorical_errors_with_incomplete_factor_columns"/>
    <testcase time="0" classname="character(0)" name="ard_categorical_errors_with_incomplete_factor_columns"/>
  </testsuite>
  <testsuite name="ard_categorical" timestamp="2025-07-28T21:49:06Z" hostname="c691dafd261f" tests="13" skipped="0" failures="0" errors="0" time="0.009">
    <testcase time="0.00200000000000067" classname="character(0)" name="ard_categorical_denominator_column_with_cumulative_counts"/>
    <testcase time="0" classname="character(0)" name="ard_categorical_denominator_column_with_cumulative_counts"/>
    <testcase time="0.000999999999999446" classname="character(0)" name="ard_categorical_denominator_column_with_cumulative_counts"/>
    <testcase time="0.00100000000000122" classname="character(0)" name="ard_categorical_denominator_column_with_cumulative_counts"/>
    <testcase time="0" classname="character(0)" name="ard_categorical_denominator_column_with_cumulative_counts"/>
    <testcase time="0.000999999999999446" classname="character(0)" name="ard_categorical_denominator_column_with_cumulative_counts"/>
    <testcase time="0" classname="character(0)" name="ard_categorical_denominator_column_with_cumulative_counts"/>
    <testcase time="0.000999999999999446" classname="character(0)" name="ard_categorical_denominator_column_with_cumulative_counts"/>
    <testcase time="0" classname="character(0)" name="ard_categorical_denominator_column_with_cumulative_counts"/>
    <testcase time="0.000999999999999446" classname="character(0)" name="ard_categorical_denominator_column_with_cumulative_counts"/>
    <testcase time="0" classname="character(0)" name="ard_categorical_denominator_column_with_cumulative_counts"/>
    <testcase time="0.00100000000000122" classname="character(0)" name="ard_categorical_denominator_column_with_cumulative_counts"/>
    <testcase time="0.000999999999999446" classname="character(0)" name="ard_categorical_denominator_column_with_cumulative_counts"/>
  </testsuite>
  <testsuite name="ard_categorical" timestamp="2025-07-28T21:49:06Z" hostname="c691dafd261f" tests="6" skipped="0" failures="0" errors="0" time="0.004">
    <testcase time="0.000999999999999446" classname="character(0)" name="ard_categorical_denominator_row_with_cumulative_counts"/>
    <testcase time="0.00100000000000122" classname="character(0)" name="ard_categorical_denominator_row_with_cumulative_counts"/>
    <testcase time="0" classname="character(0)" name="ard_categorical_denominator_row_with_cumulative_counts"/>
    <testcase time="0.000999999999999446" classname="character(0)" name="ard_categorical_denominator_row_with_cumulative_counts"/>
    <testcase time="0" classname="character(0)" name="ard_categorical_denominator_row_with_cumulative_counts"/>
    <testcase time="0.000999999999999446" classname="character(0)" name="ard_categorical_denominator_row_with_cumulative_counts"/>
  </testsuite>
  <testsuite name="ard_categorical" timestamp="2025-07-28T21:49:06Z" hostname="c691dafd261f" tests="1" skipped="0" failures="0" errors="0" time="0.001">
    <testcase time="0.00100000000000122" classname="character(0)" name="ard_categorical_with_cumulative_counts_messaging"/>
  </testsuite>
  <testsuite name="ard_categorical" timestamp="2025-07-28T21:49:06Z" hostname="c691dafd261f" tests="1" skipped="0" failures="0" errors="0" time="0.002">
    <testcase time="0.00199999999999889" classname="character(0)" name="ard_categorical_ordering_for_multiple_strata"/>
  </testsuite>
  <testsuite name="ard_dichotomous" timestamp="2025-07-28T21:49:07Z" hostname="c691dafd261f" tests="5" skipped="0" failures="0" errors="0" time="1.179">
    <testcase time="1.176" classname="character(0)" name="ard_dichotomous_works"/>
    <testcase time="0.000999999999997669" classname="character(0)" name="ard_dichotomous_works"/>
    <testcase time="0.00100000000000122" classname="character(0)" name="ard_dichotomous_works"/>
    <testcase time="0" classname="character(0)" name="ard_dichotomous_works"/>
    <testcase time="0.00100000000000122" classname="character(0)" name="ard_dichotomous_works"/>
  </testsuite>
  <testsuite name="ard_dichotomous" timestamp="2025-07-28T21:49:07Z" hostname="c691dafd261f" tests="3" skipped="0" failures="0" errors="0" time="0.002">
    <testcase time="0.000999999999997669" classname="character(0)" name="ard_dichotomous_works"/>
    <testcase time="0.00100000000000122" classname="character(0)" name="ard_dichotomous_works"/>
    <testcase time="0" classname="character(0)" name="ard_dichotomous_works"/>
  </testsuite>
  <testsuite name="ard_dichotomous" timestamp="2025-07-28T21:49:07Z" hostname="c691dafd261f" tests="1" skipped="0" failures="0" errors="0" time="0.002">
    <testcase time="0.00199999999999889" classname="character(0)" name="ard_dichotomous_with_grouped_data_works"/>
  </testsuite>
  <testsuite name="ard_dichotomous" timestamp="2025-07-28T21:49:07Z" hostname="c691dafd261f" tests="1" skipped="0" failures="0" errors="0" time="0.004">
    <testcase time="0.00400000000000134" classname="character(0)" name="ard_dichotomous_follows_ard_structure"/>
  </testsuite>
  <testsuite name="ard_dichotomous" timestamp="2025-07-28T21:49:07Z" hostname="c691dafd261f" tests="2" skipped="0" failures="0" errors="0" time="0.002">
    <testcase time="0.00199999999999889" classname="character(0)" name="ard_dichotomous_errors_with_incomplete_factor_columns"/>
    <testcase time="0" classname="character(0)" name="ard_dichotomous_errors_with_incomplete_factor_columns"/>
  </testsuite>
  <testsuite name="ard_formals" timestamp="2025-07-28T21:49:07Z" hostname="c691dafd261f" tests="2" skipped="0" failures="0" errors="0" time="0.129">
    <testcase time="0.128" classname="character(0)" name="ard_formals_works"/>
    <testcase time="0.00100000000000122" classname="character(0)" name="ard_formals_works"/>
  </testsuite>
  <testsuite name="ard_hierarchical" timestamp="2025-07-28T21:49:17Z" hostname="c691dafd261f" tests="3" skipped="0" failures="0" errors="0" time="10.08">
    <testcase time="10.078" classname="character(0)" name="ard_hierarchical_works_without_by_variables"/>
    <testcase time="0.00100000000000122" classname="character(0)" name="ard_hierarchical_works_without_by_variables"/>
    <testcase time="0.000999999999997669" classname="character(0)" name="ard_hierarchical_works_without_by_variables"/>
  </testsuite>
  <testsuite name="ard_hierarchical" timestamp="2025-07-28T21:49:17Z" hostname="c691dafd261f" tests="2" skipped="0" failures="0" errors="0" time="0.002">
    <testcase time="0.00100000000000122" classname="character(0)" name="ard_hierarchical_works_with_by_variable"/>
    <testcase time="0.00100000000000122" classname="character(0)" name="ard_hierarchical_works_with_by_variable"/>
  </testsuite>
  <testsuite name="ard_hierarchical" timestamp="2025-07-28T21:49:17Z" hostname="c691dafd261f" tests="2" skipped="0" failures="0" errors="0" time="0.002">
    <testcase time="0.00199999999999889" classname="character(0)" name="ard_hierarchical_works_with_by_variable_not_present_in_denominator_"/>
    <testcase time="0" classname="character(0)" name="ard_hierarchical_works_with_by_variable_not_present_in_denominator_"/>
  </testsuite>
  <testsuite name="ard_hierarchical" timestamp="2025-07-28T21:49:17Z" hostname="c691dafd261f" tests="1" skipped="0" failures="0" errors="0" time="0.002">
    <testcase time="0.00199999999999889" classname="character(0)" name="ard_hierarchical_works_without_any_variables"/>
  </testsuite>
  <testsuite name="ard_hierarchical" timestamp="2025-07-28T21:49:17Z" hostname="c691dafd261f" tests="2" skipped="0" failures="0" errors="0" time="0.004">
    <testcase time="0.00400000000000134" classname="character(0)" name="ard_hierarchical_id_argument_works"/>
    <testcase time="0" classname="character(0)" name="ard_hierarchical_id_argument_works"/>
  </testsuite>
  <testsuite name="ard_hierarchical" timestamp="2025-07-28T21:49:17Z" hostname="c691dafd261f" tests="4" skipped="0" failures="0" errors="0" time="0.004">
    <testcase time="0.00199999999999889" classname="character(0)" name="ard_hierarchical_count_works_without_by_variables"/>
    <testcase time="0.00100000000000122" classname="character(0)" name="ard_hierarchical_count_works_without_by_variables"/>
    <testcase time="0" classname="character(0)" name="ard_hierarchical_count_works_without_by_variables"/>
    <testcase time="0.000999999999997669" classname="character(0)" name="ard_hierarchical_count_works_without_by_variables"/>
  </testsuite>
  <testsuite name="ard_hierarchical" timestamp="2025-07-28T21:49:17Z" hostname="c691dafd261f" tests="2" skipped="0" failures="0" errors="0" time="0.002">
    <testcase time="0.00100000000000122" classname="character(0)" name="ard_hierarchical_count_works_with_by_variable"/>
    <testcase time="0.00100000000000122" classname="character(0)" name="ard_hierarchical_count_works_with_by_variable"/>
  </testsuite>
  <testsuite name="ard_hierarchical" timestamp="2025-07-28T21:49:17Z" hostname="c691dafd261f" tests="2" skipped="0" failures="0" errors="0" time="0.002">
    <testcase time="0.00199999999999889" classname="character(0)" name="ard_hierarchical_count_works_with_by_variable_not_present_in_denominator_"/>
    <testcase time="0" classname="character(0)" name="ard_hierarchical_count_works_with_by_variable_not_present_in_denominator_"/>
  </testsuite>
  <testsuite name="ard_hierarchical" timestamp="2025-07-28T21:49:17Z" hostname="c691dafd261f" tests="1" skipped="0" failures="0" errors="0" time="0.002">
    <testcase time="0.00199999999999889" classname="character(0)" name="ard_hierarchical_count_works_without_any_variables"/>
  </testsuite>
  <testsuite name="ard_hierarchical" timestamp="2025-07-28T21:49:17Z" hostname="c691dafd261f" tests="2" skipped="0" failures="0" errors="0" time="0.002">
    <testcase time="0.00100000000000122" classname="character(0)" name="ard_hierarchical_and_ard_hierarchical_count_with_grouped_data_works"/>
    <testcase time="0.00100000000000122" classname="character(0)" name="ard_hierarchical_and_ard_hierarchical_count_with_grouped_data_works"/>
  </testsuite>
  <testsuite name="ard_hierarchical" timestamp="2025-07-28T21:49:17Z" hostname="c691dafd261f" tests="1" skipped="0" failures="0" errors="0" time="0.002">
    <testcase time="0.00199999999999889" classname="character(0)" name="ard_hierarchical_follows_ard_structure"/>
  </testsuite>
  <testsuite name="ard_hierarchical" timestamp="2025-07-28T21:49:17Z" hostname="c691dafd261f" tests="2" skipped="0" failures="0" errors="0" time="0.002">
    <testcase time="0.00100000000000122" classname="character(0)" name="ard_hierarchical_errors_with_incomplete_factor_columns"/>
    <testcase time="0.000999999999997669" classname="character(0)" name="ard_hierarchical_errors_with_incomplete_factor_columns"/>
  </testsuite>
  <testsuite name="ard_hierarchical" timestamp="2025-07-28T21:49:17Z" hostname="c691dafd261f" tests="2" skipped="0" failures="0" errors="0" time="0.002">
    <testcase time="0.00200000000000244" classname="character(0)" name="ard_hierarchical_count_errors_with_incomplete_factor_columns"/>
    <testcase time="0" classname="character(0)" name="ard_hierarchical_count_errors_with_incomplete_factor_columns"/>
  </testsuite>
  <testsuite name="ard_hierarchical" timestamp="2025-07-28T21:49:17Z" hostname="c691dafd261f" tests="3" skipped="0" failures="0" errors="0" time="0.003">
    <testcase time="0.00199999999999889" classname="character(0)" name="ard_hierarchical_count_provides_correct_results_with_10_groups"/>
    <testcase time="0" classname="character(0)" name="ard_hierarchical_count_provides_correct_results_with_10_groups"/>
    <testcase time="0.00100000000000122" classname="character(0)" name="ard_hierarchical_count_provides_correct_results_with_10_groups"/>
  </testsuite>
  <testsuite name="ard_identity" timestamp="2025-07-28T21:49:18Z" hostname="c691dafd261f" tests="3" skipped="0" failures="0" errors="0" time="0.202">
    <testcase time="0.200999999999997" classname="character(0)" name="ard_identity_works"/>
    <testcase time="0" classname="character(0)" name="ard_identity_works"/>
    <testcase time="0.00100000000000122" classname="character(0)" name="ard_identity_works"/>
  </testsuite>
  <testsuite name="ard_identity" timestamp="2025-07-28T21:49:18Z" hostname="c691dafd261f" tests="1" skipped="0" failures="0" errors="0" time="0.001">
    <testcase time="0.00100000000000122" classname="character(0)" name="ard_identity_messaging"/>
  </testsuite>
  <testsuite name="ard_missing" timestamp="2025-07-28T21:49:18Z" hostname="c691dafd261f" tests="3" skipped="0" failures="0" errors="0" time="0.72">
    <testcase time="0.718999999999998" classname="character(0)" name="ard_missing_works"/>
    <testcase time="0.00100000000000122" classname="character(0)" name="ard_missing_works"/>
    <testcase time="0" classname="character(0)" name="ard_missing_works"/>
  </testsuite>
  <testsuite name="ard_missing" timestamp="2025-07-28T21:49:18Z" hostname="c691dafd261f" tests="3" skipped="0" failures="0" errors="0" time="0.003">
    <testcase time="0.00199999999999889" classname="character(0)" name="ard_missing_stat_label_argument_works"/>
    <testcase time="0" classname="character(0)" name="ard_missing_stat_label_argument_works"/>
    <testcase time="0.00100000000000122" classname="character(0)" name="ard_missing_stat_label_argument_works"/>
  </testsuite>
  <testsuite name="ard_missing" timestamp="2025-07-28T21:49:18Z" hostname="c691dafd261f" tests="1" skipped="0" failures="0" errors="0" time="0.002">
    <testcase time="0.00199999999999889" classname="character(0)" name="ard_missing_with_grouped_data_works"/>
  </testsuite>
  <testsuite name="ard_missing" timestamp="2025-07-28T21:49:18Z" hostname="c691dafd261f" tests="1" skipped="0" failures="0" errors="0" time="0.001">
    <testcase time="0.00100000000000122" classname="character(0)" name="ard_missing_follows_ard_structure"/>
  </testsuite>
  <testsuite name="ard_pairwise" timestamp="2025-07-28T21:49:19Z" hostname="c691dafd261f" tests="4" skipped="0" failures="0" errors="0" time="0.706">
    <testcase time="0.704000000000001" classname="character(0)" name="ard_pairwise_works"/>
    <testcase time="0" classname="character(0)" name="ard_pairwise_works"/>
    <testcase time="0.00100000000000122" classname="character(0)" name="ard_pairwise_works"/>
    <testcase time="0.000999999999997669" classname="character(0)" name="ard_pairwise_works"/>
  </testsuite>
  <testsuite name="ard_pairwise" timestamp="2025-07-28T21:49:19Z" hostname="c691dafd261f" tests="4" skipped="0" failures="0" errors="0" time="0.003">
    <testcase time="0.00100000000000122" classname="character(0)" name="ard_pairwise_variable_"/>
    <testcase time="0.00100000000000122" classname="character(0)" name="ard_pairwise_variable_"/>
    <testcase time="0.000999999999997669" classname="character(0)" name="ard_pairwise_variable_"/>
    <testcase time="0" classname="character(0)" name="ard_pairwise_variable_"/>
  </testsuite>
  <testsuite name="ard_pairwise" timestamp="2025-07-28T21:49:19Z" hostname="c691dafd261f" tests="2" skipped="0" failures="0" errors="0" time="0.002">
    <testcase time="0.00199999999999889" classname="character(0)" name="ard_pairwise_variable_messaging"/>
    <testcase time="0" classname="character(0)" name="ard_pairwise_variable_messaging"/>
  </testsuite>
  <testsuite name="ard_pairwise" timestamp="2025-07-28T21:49:19Z" hostname="c691dafd261f" tests="2" skipped="0" failures="0" errors="0" time="0.003">
    <testcase time="0.00200000000000244" classname="character(0)" name="ard_pairwise_include_"/>
    <testcase time="0.000999999999997669" classname="character(0)" name="ard_pairwise_include_"/>
  </testsuite>
  <testsuite name="ard_pairwise" timestamp="2025-07-28T21:49:19Z" hostname="c691dafd261f" tests="1" skipped="0" failures="0" errors="0" time="0.002">
    <testcase time="0.00200000000000244" classname="character(0)" name="ard_pairwise_.f_messaging"/>
  </testsuite>
  <testsuite name="ard_pairwise" timestamp="2025-07-28T21:49:19Z" hostname="c691dafd261f" tests="2" skipped="0" failures="0" errors="0" time="0.002">
    <testcase time="0.000999999999997669" classname="character(0)" name="ard_pairwise_include_messaging"/>
    <testcase time="0.00100000000000122" classname="character(0)" name="ard_pairwise_include_messaging"/>
  </testsuite>
  <testsuite name="ard_stack" timestamp="2025-07-28T21:49:29Z" hostname="c691dafd261f" tests="7" skipped="0" failures="0" errors="0" time="10.08">
    <testcase time="10.076" classname="character(0)" name="ard_stack_works"/>
    <testcase time="0.00100000000000477" classname="character(0)" name="ard_stack_works"/>
    <testcase time="0.000999999999997669" classname="character(0)" name="ard_stack_works"/>
    <testcase time="0" classname="character(0)" name="ard_stack_works"/>
    <testcase time="0.000999999999997669" classname="character(0)" name="ard_stack_works"/>
    <testcase time="0" classname="character(0)" name="ard_stack_works"/>
    <testcase time="0.00100000000000477" classname="character(0)" name="ard_stack_works"/>
  </testsuite>
  <testsuite name="ard_stack" timestamp="2025-07-28T21:49:29Z" hostname="c691dafd261f" tests="2" skipped="0" failures="0" errors="0" time="0.002">
    <testcase time="0.00199999999999534" classname="character(0)" name="ard_stack_adding_overalls"/>
    <testcase time="0" classname="character(0)" name="ard_stack_adding_overalls"/>
  </testsuite>
  <testsuite name="ard_stack" timestamp="2025-07-28T21:49:29Z" hostname="c691dafd261f" tests="4" skipped="0" failures="0" errors="0" time="0.004">
    <testcase time="0.00200000000000244" classname="character(0)" name="ard_stack_adding_missing_attributes"/>
    <testcase time="0.000999999999997669" classname="character(0)" name="ard_stack_adding_missing_attributes"/>
    <testcase time="0" classname="character(0)" name="ard_stack_adding_missing_attributes"/>
    <testcase time="0.00100000000000477" classname="character(0)" name="ard_stack_adding_missing_attributes"/>
  </testsuite>
  <testsuite name="ard_stack" timestamp="2025-07-28T21:49:29Z" hostname="c691dafd261f" tests="4" skipped="0" failures="0" errors="0" time="0.003">
    <testcase time="0.000999999999997669" classname="character(0)" name="ard_stack_.shuffle_argument"/>
    <testcase time="0.000999999999997669" classname="character(0)" name="ard_stack_.shuffle_argument"/>
    <testcase time="0.00100000000000477" classname="character(0)" name="ard_stack_.shuffle_argument"/>
    <testcase time="0" classname="character(0)" name="ard_stack_.shuffle_argument"/>
  </testsuite>
  <testsuite name="ard_stack" timestamp="2025-07-28T21:49:29Z" hostname="c691dafd261f" tests="1" skipped="0" failures="0" errors="0" time="0.002">
    <testcase time="0.00199999999999534" classname="character(0)" name="ard_stack_adding_total_N"/>
  </testsuite>
  <testsuite name="ard_stack" timestamp="2025-07-28T21:49:29Z" hostname="c691dafd261f" tests="1" skipped="0" failures="0" errors="0" time="0.001">
    <testcase time="0.00100000000000477" classname="character(0)" name="ard_stack_works_with_namespaced_functions"/>
  </testsuite>
  <testsuite name="ard_stack" timestamp="2025-07-28T21:49:29Z" hostname="c691dafd261f" tests="2" skipped="0" failures="0" errors="0" time="0.002">
    <testcase time="0.000999999999997669" classname="character(0)" name="ard_stack_messaging"/>
    <testcase time="0.00100000000000477" classname="character(0)" name="ard_stack_messaging"/>
  </testsuite>
  <testsuite name="ard_stack" timestamp="2025-07-28T21:49:29Z" hostname="c691dafd261f" tests="1" skipped="0" failures="0" errors="0" time="0.001">
    <testcase time="0.000999999999997669" classname="character(0)" name="ard_stack_complex_call_error"/>
  </testsuite>
  <testsuite name="ard_stack" timestamp="2025-07-28T21:49:29Z" hostname="c691dafd261f" tests="1" skipped="0" failures="0" errors="0" time="0.002">
    <testcase time="0.00200000000000244" classname="character(0)" name="ard_stack_follows_ard_structure"/>
  </testsuite>
  <testsuite name="ard_stack" timestamp="2025-07-28T21:49:29Z" hostname="c691dafd261f" tests="2" skipped="0" failures="0" errors="0" time="0.003">
    <testcase time="0.00199999999999534" classname="character(0)" name="ard_stack_.by_messaging"/>
    <testcase time="0.00100000000000477" classname="character(0)" name="ard_stack_.by_messaging"/>
  </testsuite>
  <testsuite name="ard_stack" timestamp="2025-07-28T21:49:29Z" hostname="c691dafd261f" tests="6" skipped="0" failures="0" errors="0" time="0.004">
    <testcase time="0.000999999999997669" classname="character(0)" name="ard_stack_.by_stats_argument"/>
    <testcase time="0.000999999999997669" classname="character(0)" name="ard_stack_.by_stats_argument"/>
    <testcase time="0" classname="character(0)" name="ard_stack_.by_stats_argument"/>
    <testcase time="0.00100000000000477" classname="character(0)" name="ard_stack_.by_stats_argument"/>
    <testcase time="0" classname="character(0)" name="ard_stack_.by_stats_argument"/>
    <testcase time="0.000999999999997669" classname="character(0)" name="ard_stack_.by_stats_argument"/>
  </testsuite>
  <testsuite name="ard_stack_hierarchical" timestamp="2025-07-28T21:49:41Z" hostname="c691dafd261f" tests="4" skipped="0" failures="0" errors="0" time="12.131">
    <testcase time="12.129" classname="character(0)" name="ard_stack_hierarchical_variables_"/>
    <testcase time="0.00100000000000477" classname="character(0)" name="ard_stack_hierarchical_variables_"/>
    <testcase time="0" classname="character(0)" name="ard_stack_hierarchical_variables_"/>
    <testcase time="0.000999999999997669" classname="character(0)" name="ard_stack_hierarchical_variables_"/>
  </testsuite>
  <testsuite name="ard_stack_hierarchical" timestamp="2025-07-28T21:49:41Z" hostname="c691dafd261f" tests="2" skipped="0" failures="0" errors="0" time="0.002">
    <testcase time="0.00200000000000244" classname="character(0)" name="ard_stack_hierarchical_variables_messaging_removed_obs"/>
    <testcase time="0" classname="character(0)" name="ard_stack_hierarchical_variables_messaging_removed_obs"/>
  </testsuite>
  <testsuite name="ard_stack_hierarchical" timestamp="2025-07-28T21:49:41Z" hostname="c691dafd261f" tests="2" skipped="0" failures="0" errors="0" time="0.005">
    <testcase time="0.00499999999999545" classname="character(0)" name="ard_stack_hierarchical_variables_messaging"/>
    <testcase time="0" classname="character(0)" name="ard_stack_hierarchical_variables_messaging"/>
  </testsuite>
  <testsuite name="ard_stack_hierarchical" timestamp="2025-07-28T21:49:41Z" hostname="c691dafd261f" tests="3" skipped="0" failures="0" errors="0" time="0.003">
    <testcase time="0.00200000000000244" classname="character(0)" name="ard_stack_hierarchical_by_"/>
    <testcase time="0.000999999999997669" classname="character(0)" name="ard_stack_hierarchical_by_"/>
    <testcase time="0" classname="character(0)" name="ard_stack_hierarchical_by_"/>
  </testsuite>
  <testsuite name="ard_stack_hierarchical" timestamp="2025-07-28T21:49:41Z" hostname="c691dafd261f" tests="2" skipped="0" failures="0" errors="0" time="0.003">
    <testcase time="0.00200000000000244" classname="character(0)" name="ard_stack_hierarchical_by_messaging"/>
    <testcase time="0.000999999999997669" classname="character(0)" name="ard_stack_hierarchical_by_messaging"/>
  </testsuite>
  <testsuite name="ard_stack_hierarchical" timestamp="2025-07-28T21:49:41Z" hostname="c691dafd261f" tests="2" skipped="0" failures="0" errors="0" time="0.002">
    <testcase time="0.00100000000000477" classname="character(0)" name="ard_stack_hierarchical_denominator_messaging"/>
    <testcase time="0.000999999999997669" classname="character(0)" name="ard_stack_hierarchical_denominator_messaging"/>
  </testsuite>
  <testsuite name="ard_stack_hierarchical" timestamp="2025-07-28T21:49:41Z" hostname="c691dafd261f" tests="4" skipped="0" failures="0" errors="0" time="0.003">
    <testcase time="0.00200000000000244" classname="character(0)" name="ard_stack_hierarchical_by_with_columns_not_in_denominator_"/>
    <testcase time="0" classname="character(0)" name="ard_stack_hierarchical_by_with_columns_not_in_denominator_"/>
    <testcase time="0.000999999999997669" classname="character(0)" name="ard_stack_hierarchical_by_with_columns_not_in_denominator_"/>
    <testcase time="0" classname="character(0)" name="ard_stack_hierarchical_by_with_columns_not_in_denominator_"/>
  </testsuite>
  <testsuite name="ard_stack_hierarchical" timestamp="2025-07-28T21:49:41Z" hostname="c691dafd261f" tests="1" skipped="0" failures="0" errors="0" time="0.002">
    <testcase time="0.00200000000000244" classname="character(0)" name="ard_stack_hierarchical_variables_include_messaging"/>
  </testsuite>
  <testsuite name="ard_stack_hierarchical" timestamp="2025-07-28T21:49:41Z" hostname="c691dafd261f" tests="1" skipped="0" failures="0" errors="0" time="0.002">
    <testcase time="0.00199999999999534" classname="character(0)" name="ard_stack_hierarchical_by_overall_messaging"/>
  </testsuite>
  <testsuite name="ard_stack_hierarchical" timestamp="2025-07-28T21:49:41Z" hostname="c691dafd261f" tests="1" skipped="0" failures="0" errors="0" time="0.002">
    <testcase time="0.00200000000000244" classname="character(0)" name="ard_stack_hierarchical_statistic_"/>
  </testsuite>
  <testsuite name="ard_stack_hierarchical" timestamp="2025-07-28T21:49:41Z" hostname="c691dafd261f" tests="4" skipped="0" failures="0" errors="0" time="0.003">
    <testcase time="0.00200000000000244" classname="character(0)" name="ard_stack_hierarchical_count_variables_"/>
    <testcase time="0" classname="character(0)" name="ard_stack_hierarchical_count_variables_"/>
    <testcase time="0.000999999999997669" classname="character(0)" name="ard_stack_hierarchical_count_variables_"/>
    <testcase time="0" classname="character(0)" name="ard_stack_hierarchical_count_variables_"/>
  </testsuite>
  <testsuite name="ard_stack_hierarchical" timestamp="2025-07-28T21:49:41Z" hostname="c691dafd261f" tests="4" skipped="0" failures="0" errors="0" time="0.004">
    <testcase time="0.00200000000000244" classname="character(0)" name="ard_stack_hierarchical_count_by_"/>
    <testcase time="0.000999999999997669" classname="character(0)" name="ard_stack_hierarchical_count_by_"/>
    <testcase time="0" classname="character(0)" name="ard_stack_hierarchical_count_by_"/>
    <testcase time="0.000999999999997669" classname="character(0)" name="ard_stack_hierarchical_count_by_"/>
  </testsuite>
  <testsuite name="ard_stack_hierarchical" timestamp="2025-07-28T21:49:41Z" hostname="c691dafd261f" tests="1" skipped="0" failures="0" errors="0" time="0.001">
    <testcase time="0.00100000000000477" classname="character(0)" name="ard_stack_hierarchical_count_denominator_messaging"/>
  </testsuite>
  <testsuite name="ard_stack_hierarchical" timestamp="2025-07-28T21:49:41Z" hostname="c691dafd261f" tests="3" skipped="0" failures="0" errors="0" time="0.003">
    <testcase time="0.00199999999999534" classname="character(0)" name="ard_stack_hierarchical_count_denominator_univariate_tabulations"/>
    <testcase time="0.000999999999997669" classname="character(0)" name="ard_stack_hierarchical_count_denominator_univariate_tabulations"/>
    <testcase time="0" classname="character(0)" name="ard_stack_hierarchical_count_denominator_univariate_tabulations"/>
  </testsuite>
  <testsuite name="ard_stack_hierarchical" timestamp="2025-07-28T21:49:41Z" hostname="c691dafd261f" tests="2" skipped="0" failures="0" errors="0" time="0.003">
    <testcase time="0.00200000000000244" classname="character(0)" name="ard_stack_hierarchical_count_denominator_total_n_"/>
    <testcase time="0.000999999999997669" classname="character(0)" name="ard_stack_hierarchical_count_denominator_total_n_"/>
  </testsuite>
  <testsuite name="ard_stack_hierarchical" timestamp="2025-07-28T21:49:41Z" hostname="c691dafd261f" tests="1" skipped="0" failures="0" errors="0" time="0.001">
    <testcase time="0.00100000000000477" classname="character(0)" name="ard_stack_hierarchical_count_denominator_total_n_messaging"/>
  </testsuite>
  <testsuite name="ard_stack_hierarchical" timestamp="2025-07-28T21:49:41Z" hostname="c691dafd261f" tests="1" skipped="0" failures="0" errors="0" time="0.002">
    <testcase time="0.00199999999999534" classname="character(0)" name="ard_stack_hierarchical_count_overall_denominator_messaging"/>
  </testsuite>
  <testsuite name="ard_stack_hierarchical" timestamp="2025-07-28T21:49:41Z" hostname="c691dafd261f" tests="1" skipped="0" failures="0" errors="1" time="0.002">
    <testcase time="0.00200000000000244" classname="character(0)" name="ard_stack_hierarchical_count_overall_">
      <error type="error" message="&lt;vctrs_error_incompatible_size/vctrs_error_recycle_incompatible_size/vctrs_error/rlang_error/error/condition&gt; ('test-ard_stack_hierarchical.R:550:3')">&lt;vctrs_error_incompatible_size/vctrs_error_recycle_incompatible_size/vctrs_error/rlang_error/error/condition&gt;
Error in ``[&lt;-`(`*tmp*`, x[[paste0("group", i)]] %in% cols[i], , value = structure(list(
    group1 = c("AESOC", "AESOC", "AESOC", "AESOC"), group1_level = list(
        "GENERAL DISORDERS AND ADMINISTRATION SITE CONDITIONS", 
        "GENERAL DISORDERS AND ADMINISTRATION SITE CONDITIONS", 
        "SKIN AND SUBCUTANEOUS TISSUE DISORDERS", "SKIN AND SUBCUTANEOUS TISSUE DISORDERS"), 
    group2 = c("AESOC", "AESOC", "AESOC", "AESOC"), group2_level = list(
        "GENERAL DISORDERS AND ADMINISTRATION SITE CONDITIONS", 
        "GENERAL DISORDERS AND ADMINISTRATION SITE CONDITIONS", 
        "SKIN AND SUBCUTANEOUS TISSUE DISORDERS", "SKIN AND SUBCUTANEOUS TISSUE DISORDERS"), 
    variable = c("AEDECOD", "AEDECOD", "AEDECOD", "AEDECOD"), 
    variable_level = list("APPLICATION SITE ERYTHEMA", "APPLICATION SITE PRURITUS", 
        "ERYTHEMA", "PRURITUS GENERALISED"), context = c("hierarchical_count", 
    "hierarchical_count", "hierarchical_count", "hierarchical_count"
    ), stat_name = c("n", "n", "n", "n"), stat_label = c("n", 
    "n", "n", "n"), stat = list(2L, 2L, 1L, 1L), fmt_fun = list(
        0L, 0L, 0L, 0L), warning = list(NULL, NULL, NULL, NULL), 
    error = list(NULL, NULL, NULL, NULL), idx = 21:24, group3 = c(NA_character_, 
    NA_character_, NA_character_, NA_character_), group3_level = list(
        NULL, NULL, NULL, NULL)), row.names = c(NA, -4L), args = list(
    by = "TRTA", variables = c("AESOC", "AEDECOD"), include = c("AESOC", 
    "AEDECOD")), class = c("card", "tbl_df", "tbl", "data.frame"
)))`: Can't recycle input of size 16 to size 14.
Backtrace:
     ▆
  1. ├─testthat::expect_equal(...) at test-ard_stack_hierarchical.R:550:3
  2. │ └─testthat::quasi_label(enquo(object), label, arg = "object")
  3. │   └─rlang::eval_bare(expr, quo_get_env(quo))
  4. ├─dplyr::select(...)
  5. ├─dplyr::filter(...)
  6. ├─cards::ard_stack_hierarchical_count(...)
  7. │ └─cards:::internal_stack_hierarchical(...)
  8. │   └─cards::sort_ard_hierarchical(result, sort = "alphanumeric")
  9. │     └─cards:::.ard_reformat_sort(x_sort, by, cols)
 10. │       ├─base::`[&lt;-`(...)
 11. │       └─tibble:::`[&lt;-.tbl_df`(`*tmp*`, x[[paste0("group", i)]] %in% cols[i], , value = `&lt;card[,16]&gt;`)
 12. │         └─tibble:::tbl_subassign(x, i, j, value, i_arg, j_arg, substitute(value))
 13. │           └─tibble:::tbl_subassign_row(xo, i, value, i_arg, value_arg, call)
 14. │             └─tibble:::vectbl_recycle_rhs_cols(value, length(x), call)
 15. │               └─vctrs::vec_recycle(value, ncol, call = call)
 16. └─vctrs:::stop_recycle_incompatible_size(...)
 17.   └─vctrs:::stop_vctrs(...)
 18.     └─rlang::abort(message, class = c(class, "vctrs_error"), ..., call = call)</error>
    </testcase>
  </testsuite>
  <testsuite name="ard_stack_hierarchical" timestamp="2025-07-28T21:49:41Z" hostname="c691dafd261f" tests="1" skipped="0" failures="0" errors="0" time="0.079">
    <testcase time="0.0790000000000006" classname="character(0)" name="ard_stack_hierarchical_count_over_variables_"/>
  </testsuite>
  <testsuite name="ard_stack_hierarchical" timestamp="2025-07-28T21:49:41Z" hostname="c691dafd261f" tests="2" skipped="0" failures="0" errors="0" time="0.002">
    <testcase time="0.000999999999997669" classname="character(0)" name="ard_stack_hierarchical_count_overall_over_variables_"/>
    <testcase time="0.00100000000000477" classname="character(0)" name="ard_stack_hierarchical_count_overall_over_variables_"/>
  </testsuite>
  <testsuite name="ard_stack_hierarchical" timestamp="2025-07-28T21:49:41Z" hostname="c691dafd261f" tests="1" skipped="0" failures="1" errors="0" time="0.002">
    <testcase time="0.00199999999999534" classname="character(0)" name="ard_stack_hierarchical_count_attributes_">
      <failure type="failure" message="dplyr::select(...) (`actual`) not equal to dplyr::slice(...) (`expected`). ('test-ard_stack_hierarchical.R:654:3')">dplyr::select(...) (`actual`) not equal to dplyr::slice(...) (`expected`).

`actual[[1]]`:   "TRTA"    "TRTA"    "AESOC" "AESOC" "AEDECOD" "AEDECOD"
`expected[[1]]`: "AEDECOD" "AEDECOD" "TRTA"  "TRTA"  "AESOC"   "AESOC"  

`actual[[5]][[1]]`:   "Actual Treatment"       
`expected[[5]][[1]]`: "Dictionary-Derived Term"

`actual[[5]][[3]]`:   "Primary System Organ Class"
`expected[[5]][[3]]`: "Actual Treatment"          

`actual[[5]][[5]]`:   "Dictionary-Derived Term"   
`expected[[5]][[5]]`: "Primary System Organ Class"</failure>
    </testcase>
  </testsuite>
  <testsuite name="ard_stack_hierarchical" timestamp="2025-07-28T21:49:41Z" hostname="c691dafd261f" tests="4" skipped="0" failures="0" errors="0" time="0.019">
    <testcase time="0.017000000000003" classname="character(0)" name="ard_stack_hierarchical_by_stats_argument"/>
    <testcase time="0" classname="character(0)" name="ard_stack_hierarchical_by_stats_argument"/>
    <testcase time="0.000999999999997669" classname="character(0)" name="ard_stack_hierarchical_by_stats_argument"/>
    <testcase time="0.00100000000000477" classname="character(0)" name="ard_stack_hierarchical_by_stats_argument"/>
  </testsuite>
  <testsuite name="ard_continuous" timestamp="2025-07-28T21:49:41Z" hostname="c691dafd261f" tests="4" skipped="0" failures="0" errors="0" time="0.013">
    <testcase time="0.0109999999999957" classname="character(0)" name="ard_continuous_works"/>
    <testcase time="0.00100000000000477" classname="character(0)" name="ard_continuous_works"/>
    <testcase time="0.000999999999997669" classname="character(0)" name="ard_continuous_works"/>
    <testcase time="0" classname="character(0)" name="ard_continuous_works"/>
  </testsuite>
  <testsuite name="ard_continuous" timestamp="2025-07-28T21:49:41Z" hostname="c691dafd261f" tests="3" skipped="0" failures="0" errors="0" time="0.004">
    <testcase time="0.00300000000000011" classname="character(0)" name="ard_continuous_fmt_fun_argument_works"/>
    <testcase time="0.000999999999997669" classname="character(0)" name="ard_continuous_fmt_fun_argument_works"/>
    <testcase time="0" classname="character(0)" name="ard_continuous_fmt_fun_argument_works"/>
  </testsuite>
  <testsuite name="ard_continuous" timestamp="2025-07-28T21:49:41Z" hostname="c691dafd261f" tests="3" skipped="0" failures="0" errors="0" time="0.006">
    <testcase time="0.00200000000000244" classname="character(0)" name="ard_continuous_messaging"/>
    <testcase time="0.00300000000000011" classname="character(0)" name="ard_continuous_messaging"/>
    <testcase time="0.000999999999997669" classname="character(0)" name="ard_continuous_messaging"/>
  </testsuite>
  <testsuite name="ard_continuous" timestamp="2025-07-28T21:49:41Z" hostname="c691dafd261f" tests="5" skipped="0" failures="0" errors="0" time="0.004">
    <testcase time="0.00200000000000244" classname="character(0)" name="ard_continuous_stat_label_argument_works"/>
    <testcase time="0" classname="character(0)" name="ard_continuous_stat_label_argument_works"/>
    <testcase time="0.000999999999997669" classname="character(0)" name="ard_continuous_stat_label_argument_works"/>
    <testcase time="0" classname="character(0)" name="ard_continuous_stat_label_argument_works"/>
    <testcase time="0.000999999999997669" classname="character(0)" name="ard_continuous_stat_label_argument_works"/>
  </testsuite>
  <testsuite name="ard_continuous" timestamp="2025-07-28T21:49:41Z" hostname="c691dafd261f" tests="2" skipped="0" failures="0" errors="0" time="0.003">
    <testcase time="0.00200000000000244" classname="character(0)" name="ard_continuous_and_ARD_column_names"/>
    <testcase time="0.000999999999997669" classname="character(0)" name="ard_continuous_and_ARD_column_names"/>
  </testsuite>
  <testsuite name="ard_continuous" timestamp="2025-07-28T21:49:41Z" hostname="c691dafd261f" tests="1" skipped="0" failures="0" errors="0" time="0.001">
    <testcase time="0.00100000000000477" classname="character(0)" name="ard_continuous_with_grouped_data_works"/>
  </testsuite>
  <testsuite name="ard_continuous" timestamp="2025-07-28T21:49:41Z" hostname="c691dafd261f" tests="2" skipped="0" failures="0" errors="0" time="0.003">
    <testcase time="0.00199999999999534" classname="character(0)" name="ard_continuous_with_dates_works_and_displays_as_expected"/>
    <testcase time="0.00100000000000477" classname="character(0)" name="ard_continuous_with_dates_works_and_displays_as_expected"/>
  </testsuite>
  <testsuite name="ard_continuous" timestamp="2025-07-28T21:49:41Z" hostname="c691dafd261f" tests="1" skipped="0" failures="0" errors="0" time="0.002">
    <testcase time="0.00199999999999534" classname="character(0)" name="ard_continuous_with_empty_missing_dates_works_and_preserves_Date_class"/>
  </testsuite>
  <testsuite name="ard_continuous" timestamp="2025-07-28T21:49:41Z" hostname="c691dafd261f" tests="3" skipped="0" failures="0" errors="0" time="0.003">
    <testcase time="0.00200000000000244" classname="character(0)" name="ard_continuous_works_with_non_syntactic_names"/>
    <testcase time="0" classname="character(0)" name="ard_continuous_works_with_non_syntactic_names"/>
    <testcase time="0.000999999999997669" classname="character(0)" name="ard_continuous_works_with_non_syntactic_names"/>
  </testsuite>
  <testsuite name="ard_continuous" timestamp="2025-07-28T21:49:41Z" hostname="c691dafd261f" tests="19" skipped="0" failures="0" errors="0" time="0.012">
    <testcase time="0.00200000000000244" classname="character(0)" name="ard_continuous_works_when_using_generic_names_"/>
    <testcase time="0" classname="character(0)" name="ard_continuous_works_when_using_generic_names_"/>
    <testcase time="0.000999999999997669" classname="character(0)" name="ard_continuous_works_when_using_generic_names_"/>
    <testcase time="0.00100000000000477" classname="character(0)" name="ard_continuous_works_when_using_generic_names_"/>
    <testcase time="0" classname="character(0)" name="ard_continuous_works_when_using_generic_names_"/>
    <testcase time="0.000999999999997669" classname="character(0)" name="ard_continuous_works_when_using_generic_names_"/>
    <testcase time="0" classname="character(0)" name="ard_continuous_works_when_using_generic_names_"/>
    <testcase time="0.000999999999997669" classname="character(0)" name="ard_continuous_works_when_using_generic_names_"/>
    <testcase time="0" classname="character(0)" name="ard_continuous_works_when_using_generic_names_"/>
    <testcase time="0.00100000000000477" classname="character(0)" name="ard_continuous_works_when_using_generic_names_"/>
    <testcase time="0.000999999999997669" classname="character(0)" name="ard_continuous_works_when_using_generic_names_"/>
    <testcase time="0" classname="character(0)" name="ard_continuous_works_when_using_generic_names_"/>
    <testcase time="0.000999999999997669" classname="character(0)" name="ard_continuous_works_when_using_generic_names_"/>
    <testcase time="0" classname="character(0)" name="ard_continuous_works_when_using_generic_names_"/>
    <testcase time="0.00100000000000477" classname="character(0)" name="ard_continuous_works_when_using_generic_names_"/>
    <testcase time="0" classname="character(0)" name="ard_continuous_works_when_using_generic_names_"/>
    <testcase time="0.000999999999997669" classname="character(0)" name="ard_continuous_works_when_using_generic_names_"/>
    <testcase time="0.000999999999997669" classname="character(0)" name="ard_continuous_works_when_using_generic_names_"/>
    <testcase time="0" classname="character(0)" name="ard_continuous_works_when_using_generic_names_"/>
  </testsuite>
  <testsuite name="ard_continuous" timestamp="2025-07-28T21:49:41Z" hostname="c691dafd261f" tests="1" skipped="0" failures="0" errors="0" time="0.002">
    <testcase time="0.00200000000000244" classname="character(0)" name="ard_continuous_follows_ard_structure"/>
  </testsuite>
  <testsuite name="ard_continuous" timestamp="2025-07-28T21:49:41Z" hostname="c691dafd261f" tests="2" skipped="0" failures="0" errors="0" time="0.003">
    <testcase time="0.00200000000000244" classname="character(0)" name="ard_continuous_errors_with_incomplete_factor_columns"/>
    <testcase time="0.000999999999997669" classname="character(0)" name="ard_continuous_errors_with_incomplete_factor_columns"/>
  </testsuite>
  <testsuite name="ard_continuous" timestamp="2025-07-28T21:49:41Z" hostname="c691dafd261f" tests="2" skipped="0" failures="0" errors="0" time="0.001">
    <testcase time="0.000999999999997669" classname="character(0)" name="ard_continuous_with_as_cards_fn_inputs"/>
    <testcase time="0" classname="character(0)" name="ard_continuous_with_as_cards_fn_inputs"/>
  </testsuite>
  <testsuite name="ard_total_n" timestamp="2025-07-28T21:49:42Z" hostname="c691dafd261f" tests="2" skipped="0" failures="0" errors="0" time="0.213">
    <testcase time="0.212999999999994" classname="character(0)" name="ard_total_n_works"/>
    <testcase time="0" classname="character(0)" name="ard_total_n_works"/>
  </testsuite>
  <testsuite name="ard_total_n" timestamp="2025-07-28T21:49:42Z" hostname="c691dafd261f" tests="1" skipped="0" failures="0" errors="0" time="0.002">
    <testcase time="0.00200000000000244" classname="character(0)" name="ard_total_n_follows_ard_structure"/>
  </testsuite>
  <testsuite name="as_card" timestamp="2025-07-28T21:49:42Z" hostname="c691dafd261f" tests="1" skipped="0" failures="0" errors="0" time="0.328">
    <testcase time="0.328000000000003" classname="character(0)" name="as_card_works"/>
  </testsuite>
  <testsuite name="as_card" timestamp="2025-07-28T21:49:42Z" hostname="c691dafd261f" tests="1" skipped="0" failures="0" errors="0" time="0.002">
    <testcase time="0.00199999999999534" classname="character(0)" name="as_card_does_not_affect_card_objects"/>
  </testsuite>
  <testsuite name="as_card" timestamp="2025-07-28T21:49:42Z" hostname="c691dafd261f" tests="1" skipped="0" failures="0" errors="0" time="0.002">
    <testcase time="0.00200000000000244" classname="character(0)" name="as_card_error_catching_works_correctly"/>
  </testsuite>
  <testsuite name="as_cards_fn" timestamp="2025-07-28T21:49:42Z" hostname="c691dafd261f" tests="3" skipped="0" failures="0" errors="0" time="0.049">
    <testcase time="0.046999999999997" classname="character(0)" name="as_cards_fn_works"/>
    <testcase time="0.00100000000000477" classname="character(0)" name="as_cards_fn_works"/>
    <testcase time="0.000999999999997669" classname="character(0)" name="as_cards_fn_works"/>
  </testsuite>
  <testsuite name="as_nested_list" timestamp="2025-07-28T21:49:42Z" hostname="c691dafd261f" tests="1" skipped="0" failures="0" errors="0" time="0.46">
    <testcase time="0.460000000000001" classname="character(0)" name="as_nested_list_works"/>
  </testsuite>
  <testsuite name="bind_ard" timestamp="2025-07-28T21:49:43Z" hostname="c691dafd261f" tests="1" skipped="0" failures="0" errors="0" time="0.92">
    <testcase time="0.920000000000002" classname="character(0)" name="bind_ard_works"/>
  </testsuite>
  <testsuite name="bind_ard" timestamp="2025-07-28T21:49:43Z" hostname="c691dafd261f" tests="2" skipped="0" failures="0" errors="0" time="0.002">
    <testcase time="0.00199999999999534" classname="character(0)" name="ARD_helpers_messaging"/>
    <testcase time="0" classname="character(0)" name="ARD_helpers_messaging"/>
  </testsuite>
  <testsuite name="bind_ard" timestamp="2025-07-28T21:49:43Z" hostname="c691dafd261f" tests="2" skipped="0" failures="0" errors="0" time="0.006">
    <testcase time="0.00200000000000244" classname="character(0)" name="bind_ard_.order_argument_works"/>
    <testcase time="0.00399999999999778" classname="character(0)" name="bind_ard_.order_argument_works"/>
  </testsuite>
  <testsuite name="bind_ard" timestamp="2025-07-28T21:49:43Z" hostname="c691dafd261f" tests="1" skipped="0" failures="0" errors="0" time="0.002">
    <testcase time="0.00200000000000244" classname="character(0)" name="bind_ard_.quiet_"/>
  </testsuite>
  <testsuite name="bind_ard" timestamp="2025-07-28T21:49:43Z" hostname="c691dafd261f" tests="1" skipped="0" failures="0" errors="0" time="0.002">
    <testcase time="0.00200000000000244" classname="character(0)" name="bind_ard_.distinct_"/>
  </testsuite>
  <testsuite name="check_ard_structure" timestamp="2025-07-28T21:49:44Z" hostname="c691dafd261f" tests="1" skipped="0" failures="0" errors="0" time="0.185">
    <testcase time="0.184999999999995" classname="character(0)" name="check_ard_structure_works"/>
  </testsuite>
  <testsuite name="eval_capture_conditions" timestamp="2025-07-28T21:49:44Z" hostname="c691dafd261f" tests="4" skipped="0" failures="0" errors="0" time="0.416">
    <testcase time="0.414000000000001" classname="character(0)" name="eval_capture_conditions_works"/>
    <testcase time="0" classname="character(0)" name="eval_capture_conditions_works"/>
    <testcase time="0.000999999999997669" classname="character(0)" name="eval_capture_conditions_works"/>
    <testcase time="0.00100000000000477" classname="character(0)" name="eval_capture_conditions_works"/>
  </testsuite>
  <testsuite name="eval_capture_conditions" timestamp="2025-07-28T21:49:44Z" hostname="c691dafd261f" tests="3" skipped="0" failures="0" errors="0" time="0.003">
    <testcase time="0.00199999999999534" classname="character(0)" name="captured_condition_as_message_works"/>
    <testcase time="0" classname="character(0)" name="captured_condition_as_message_works"/>
    <testcase time="0.00100000000000477" classname="character(0)" name="captured_condition_as_message_works"/>
  </testsuite>
  <testsuite name="eval_capture_conditions" timestamp="2025-07-28T21:49:44Z" hostname="c691dafd261f" tests="3" skipped="0" failures="0" errors="0" time="0.003">
    <testcase time="0.00199999999999534" classname="character(0)" name="captured_condition_as_error_works"/>
    <testcase time="0" classname="character(0)" name="captured_condition_as_error_works"/>
    <testcase time="0.00100000000000477" classname="character(0)" name="captured_condition_as_error_works"/>
  </testsuite>
  <testsuite name="ard_strata" timestamp="2025-07-28T21:49:45Z" hostname="c691dafd261f" tests="3" skipped="0" failures="0" errors="0" time="0.683">
    <testcase time="0.680999999999997" classname="character(0)" name="ard_strata_works"/>
    <testcase time="0.000999999999997669" classname="character(0)" name="ard_strata_works"/>
    <testcase time="0.00100000000000477" classname="character(0)" name="ard_strata_works"/>
  </testsuite>
  <testsuite name="ard_strata" timestamp="2025-07-28T21:49:45Z" hostname="c691dafd261f" tests="2" skipped="0" failures="0" errors="0" time="0.004">
    <testcase time="0.00399999999999778" classname="character(0)" name="ard_strata_by_strata_when_both_empty"/>
    <testcase time="0" classname="character(0)" name="ard_strata_by_strata_when_both_empty"/>
  </testsuite>
  <testsuite name="get_ard_statistics" timestamp="2025-07-28T21:49:45Z" hostname="c691dafd261f" tests="2" skipped="0" failures="0" errors="0" time="0.162">
    <testcase time="0.161000000000001" classname="character(0)" name="get_ard_statistics_works"/>
    <testcase time="0.00100000000000477" classname="character(0)" name="get_ard_statistics_works"/>
  </testsuite>
  <testsuite name="label_round" timestamp="2025-07-28T21:49:45Z" hostname="c691dafd261f" tests="4" skipped="0" failures="0" errors="0" time="0.052">
    <testcase time="0.0489999999999995" classname="character(0)" name="label_round_works"/>
    <testcase time="0.000999999999997669" classname="character(0)" name="label_round_works"/>
    <testcase time="0.000999999999997669" classname="character(0)" name="label_round_works"/>
    <testcase time="0.00100000000000477" classname="character(0)" name="label_round_works"/>
  </testsuite>
  <testsuite name="mock" timestamp="2025-07-28T21:49:46Z" hostname="c691dafd261f" tests="1" skipped="0" failures="0" errors="0" time="0.904">
    <testcase time="0.903999999999996" classname="character(0)" name="mock_categorical_"/>
  </testsuite>
  <testsuite name="mock" timestamp="2025-07-28T21:49:46Z" hostname="c691dafd261f" tests="1" skipped="0" failures="0" errors="0" time="0.008">
    <testcase time="0.00800000000000267" classname="character(0)" name="mock_categorical_messaging"/>
  </testsuite>
  <testsuite name="mock" timestamp="2025-07-28T21:49:46Z" hostname="c691dafd261f" tests="1" skipped="0" failures="0" errors="0" time="0.003">
    <testcase time="0.00300000000000011" classname="character(0)" name="mock_continuous_"/>
  </testsuite>
  <testsuite name="mock" timestamp="2025-07-28T21:49:46Z" hostname="c691dafd261f" tests="1" skipped="0" failures="0" errors="0" time="0.002">
    <testcase time="0.00199999999999534" classname="character(0)" name="mock_continuous_messaging"/>
  </testsuite>
  <testsuite name="mock" timestamp="2025-07-28T21:49:46Z" hostname="c691dafd261f" tests="1" skipped="0" failures="0" errors="0" time="0.002">
    <testcase time="0.00200000000000244" classname="character(0)" name="mock_dichotomous_"/>
  </testsuite>
  <testsuite name="mock" timestamp="2025-07-28T21:49:46Z" hostname="c691dafd261f" tests="1" skipped="0" failures="0" errors="0" time="0.002">
    <testcase time="0.00200000000000244" classname="character(0)" name="mock_dichotomous_messaging"/>
  </testsuite>
  <testsuite name="mock" timestamp="2025-07-28T21:49:46Z" hostname="c691dafd261f" tests="1" skipped="0" failures="0" errors="0" time="0.002">
    <testcase time="0.00199999999999534" classname="character(0)" name="mock_missing_"/>
  </testsuite>
  <testsuite name="mock" timestamp="2025-07-28T21:49:46Z" hostname="c691dafd261f" tests="1" skipped="0" failures="0" errors="0" time="0.002">
    <testcase time="0.00200000000000244" classname="character(0)" name="mock_missing_messaging"/>
  </testsuite>
  <testsuite name="mock" timestamp="2025-07-28T21:49:46Z" hostname="c691dafd261f" tests="1" skipped="0" failures="0" errors="0" time="0.002">
    <testcase time="0.00200000000000244" classname="character(0)" name="mock_attributes_"/>
  </testsuite>
  <testsuite name="mock" timestamp="2025-07-28T21:49:46Z" hostname="c691dafd261f" tests="1" skipped="0" failures="0" errors="0" time="0.002">
    <testcase time="0.00199999999999534" classname="character(0)" name="mock_attributes_messaging"/>
  </testsuite>
  <testsuite name="mock" timestamp="2025-07-28T21:49:46Z" hostname="c691dafd261f" tests="1" skipped="0" failures="0" errors="0" time="0.002">
    <testcase time="0.00200000000000244" classname="character(0)" name="mock_total_n_"/>
  </testsuite>
  <testsuite name="nest_for_ard" timestamp="2025-07-28T21:49:46Z" hostname="c691dafd261f" tests="4" skipped="0" failures="0" errors="0" time="0.15">
    <testcase time="0.148000000000003" classname="character(0)" name="nest_for_ard_works"/>
    <testcase time="0.000999999999997669" classname="character(0)" name="nest_for_ard_works"/>
    <testcase time="0" classname="character(0)" name="nest_for_ard_works"/>
    <testcase time="0.000999999999997669" classname="character(0)" name="nest_for_ard_works"/>
  </testsuite>
  <testsuite name="options" timestamp="2025-07-28T21:49:46Z" hostname="c691dafd261f" tests="2" skipped="0" failures="0" errors="0" time="0.285">
    <testcase time="0.285000000000004" classname="character(0)" name="options_cards.round_type_"/>
    <testcase time="0" classname="character(0)" name="options_cards.round_type_"/>
  </testsuite>
  <testsuite name="options" timestamp="2025-07-28T21:49:46Z" hostname="c691dafd261f" tests="1" skipped="0" failures="0" errors="0" time="0.002">
    <testcase time="0.00199999999999534" classname="character(0)" name="options_cards.round_type_messaging"/>
  </testsuite>
  <testsuite name="print" timestamp="2025-07-28T21:49:47Z" hostname="c691dafd261f" tests="5" skipped="0" failures="0" errors="0" time="0.691">
    <testcase time="0.689" classname="character(0)" name="print.card_works"/>
    <testcase time="0.00100000000000477" classname="character(0)" name="print.card_works"/>
    <testcase time="0" classname="character(0)" name="print.card_works"/>
    <testcase time="0.000999999999997669" classname="character(0)" name="print.card_works"/>
    <testcase time="0" classname="character(0)" name="print.card_works"/>
  </testsuite>
  <testsuite name="print_ard_conditions" timestamp="2025-07-28T21:49:49Z" hostname="c691dafd261f" tests="5" skipped="0" failures="0" errors="0" time="1.532">
    <testcase time="1.53" classname="character(0)" name="print_ard_conditions_works"/>
    <testcase time="0" classname="character(0)" name="print_ard_conditions_works"/>
    <testcase time="0.000999999999997669" classname="character(0)" name="print_ard_conditions_works"/>
    <testcase time="0" classname="character(0)" name="print_ard_conditions_works"/>
    <testcase time="0.000999999999997669" classname="character(0)" name="print_ard_conditions_works"/>
  </testsuite>
  <testsuite name="print_ard_conditions" timestamp="2025-07-28T21:49:49Z" hostname="c691dafd261f" tests="2" skipped="0" failures="0" errors="0" time="0.003">
    <testcase time="0.00200000000000244" classname="character(0)" name="print_ard_conditions_condition_type_"/>
    <testcase time="0.000999999999997669" classname="character(0)" name="print_ard_conditions_condition_type_"/>
  </testsuite>
  <testsuite name="print_ard_conditions" timestamp="2025-07-28T21:49:49Z" hostname="c691dafd261f" tests="1" skipped="0" failures="0" errors="0" time="0.002">
    <testcase time="0.00200000000000244" classname="character(0)" name="print_ard_conditions_no_error_when_error_warning_columns_not_present"/>
  </testsuite>
  <testsuite name="print_ard_conditions" timestamp="2025-07-28T21:49:49Z" hostname="c691dafd261f" tests="1" skipped="0" failures="0" errors="0" time="0.002">
    <testcase time="0.00200000000000244" classname="character(0)" name="print_ard_conditions_no_error_when_factors_are_present"/>
  </testsuite>
  <testsuite name="print_ard_conditions" timestamp="2025-07-28T21:49:49Z" hostname="c691dafd261f" tests="1" skipped="0" failures="0" errors="0" time="0.002">
    <testcase time="0.00199999999999534" classname="character(0)" name="print_ard_conditions_works_when_curly_brackets_appear_in_condition_message"/>
  </testsuite>
  <testsuite name="process_selectors" timestamp="2025-07-28T21:49:49Z" hostname="c691dafd261f" tests="3" skipped="0" failures="0" errors="0" time="0.377">
    <testcase time="0.375" classname="character(0)" name="process_selectors_works"/>
    <testcase time="0.00100000000000477" classname="character(0)" name="process_selectors_works"/>
    <testcase time="0.000999999999997669" classname="character(0)" name="process_selectors_works"/>
  </testsuite>
  <testsuite name="process_selectors" timestamp="2025-07-28T21:49:49Z" hostname="c691dafd261f" tests="2" skipped="0" failures="0" errors="0" time="0.003">
    <testcase time="0.00200000000000244" classname="character(0)" name="process_formula_selectors_works"/>
    <testcase time="0.000999999999997669" classname="character(0)" name="process_formula_selectors_works"/>
  </testsuite>
  <testsuite name="process_selectors" timestamp="2025-07-28T21:49:49Z" hostname="c691dafd261f" tests="2" skipped="0" failures="0" errors="0" time="0.002">
    <testcase time="0.00200000000000244" classname="character(0)" name="process_formula_selectors_error_messaging"/>
    <testcase time="0" classname="character(0)" name="process_formula_selectors_error_messaging"/>
  </testsuite>
  <testsuite name="process_selectors" timestamp="2025-07-28T21:49:49Z" hostname="c691dafd261f" tests="7" skipped="0" failures="0" errors="0" time="0.006">
    <testcase time="0.00300000000000011" classname="character(0)" name="compute_formula_selector_selects_the_last_assignment_when_multiple_appear"/>
    <testcase time="0" classname="character(0)" name="compute_formula_selector_selects_the_last_assignment_when_multiple_appear"/>
    <testcase time="0.000999999999997669" classname="character(0)" name="compute_formula_selector_selects_the_last_assignment_when_multiple_appear"/>
    <testcase time="0" classname="character(0)" name="compute_formula_selector_selects_the_last_assignment_when_multiple_appear"/>
    <testcase time="0.000999999999997669" classname="character(0)" name="compute_formula_selector_selects_the_last_assignment_when_multiple_appear"/>
    <testcase time="0" classname="character(0)" name="compute_formula_selector_selects_the_last_assignment_when_multiple_appear"/>
    <testcase time="0.00100000000000477" classname="character(0)" name="compute_formula_selector_selects_the_last_assignment_when_multiple_appear"/>
  </testsuite>
  <testsuite name="process_selectors" timestamp="2025-07-28T21:49:49Z" hostname="c691dafd261f" tests="1" skipped="0" failures="0" errors="0" time="0.002">
    <testcase time="0.00199999999999534" classname="character(0)" name="cards_select_deprecation_error_with_vars_"/>
  </testsuite>
  <testsuite name="rename_ard_columns" timestamp="2025-07-28T21:49:50Z" hostname="c691dafd261f" tests="3" skipped="0" failures="0" errors="0" time="0.708">
    <testcase time="0.707000000000001" classname="character(0)" name="rename_ard_columns_columns_"/>
    <testcase time="0" classname="character(0)" name="rename_ard_columns_columns_"/>
    <testcase time="0.00100000000000477" classname="character(0)" name="rename_ard_columns_columns_"/>
  </testsuite>
  <testsuite name="rename_ard_columns" timestamp="2025-07-28T21:49:50Z" hostname="c691dafd261f" tests="2" skipped="0" failures="0" errors="0" time="0.003">
    <testcase time="0.00199999999999534" classname="character(0)" name="rename_ard_columns_columns_messsaging"/>
    <testcase time="0.00100000000000477" classname="character(0)" name="rename_ard_columns_columns_messsaging"/>
  </testsuite>
  <testsuite name="rename_ard_columns" timestamp="2025-07-28T21:49:50Z" hostname="c691dafd261f" tests="1" skipped="0" failures="0" errors="0" time="0.002">
    <testcase time="0.00199999999999534" classname="character(0)" name="rename_ard_columns_unlist_lifecycle"/>
  </testsuite>
  <testsuite name="rename_ard_groups" timestamp="2025-07-28T21:49:51Z" hostname="c691dafd261f" tests="2" skipped="0" failures="0" errors="0" time="1.379">
    <testcase time="1.378" classname="character(0)" name="rename_ard_groups_shift_"/>
    <testcase time="0.00100000000000477" classname="character(0)" name="rename_ard_groups_shift_"/>
  </testsuite>
  <testsuite name="rename_ard_groups" timestamp="2025-07-28T21:49:51Z" hostname="c691dafd261f" tests="1" skipped="0" failures="0" errors="0" time="0.002">
    <testcase time="0.00199999999999534" classname="character(0)" name="rename_ard_groups_shift_messaging"/>
  </testsuite>
  <testsuite name="rename_ard_groups" timestamp="2025-07-28T21:49:51Z" hostname="c691dafd261f" tests="2" skipped="0" failures="0" errors="0" time="0.002">
    <testcase time="0.00200000000000244" classname="character(0)" name="rename_ard_groups_reverse_"/>
    <testcase time="0" classname="character(0)" name="rename_ard_groups_reverse_"/>
  </testsuite>
  <testsuite name="replace_null_statistic" timestamp="2025-07-28T21:49:51Z" hostname="c691dafd261f" tests="2" skipped="0" failures="0" errors="0" time="0.085">
    <testcase time="0.0839999999999961" classname="character(0)" name="replace_null_statistic_works"/>
    <testcase time="0.00100000000000477" classname="character(0)" name="replace_null_statistic_works"/>
  </testsuite>
  <testsuite name="round5" timestamp="2025-07-28T21:49:51Z" hostname="c691dafd261f" tests="3" skipped="0" failures="0" errors="0" time="0.165">
    <testcase time="0.162999999999997" classname="character(0)" name="round5_works"/>
    <testcase time="0.00100000000000477" classname="character(0)" name="round5_works"/>
    <testcase time="0.000999999999997669" classname="character(0)" name="round5_works"/>
  </testsuite>
  <testsuite name="selectors" timestamp="2025-07-28T21:49:53Z" hostname="c691dafd261f" tests="10" skipped="0" failures="0" errors="0" time="1.54">
    <testcase time="1.536" classname="character(0)" name="selectors_work"/>
    <testcase time="0.000999999999997669" classname="character(0)" name="selectors_work"/>
    <testcase time="0" classname="character(0)" name="selectors_work"/>
    <testcase time="0.000999999999997669" classname="character(0)" name="selectors_work"/>
    <testcase time="0" classname="character(0)" name="selectors_work"/>
    <testcase time="0.00100000000000477" classname="character(0)" name="selectors_work"/>
    <testcase time="0" classname="character(0)" name="selectors_work"/>
    <testcase time="0" classname="character(0)" name="selectors_work"/>
    <testcase time="0.000999999999997669" classname="character(0)" name="selectors_work"/>
    <testcase time="0" classname="character(0)" name="selectors_work"/>
  </testsuite>
  <testsuite name="filter_ard_hierarchical" timestamp="2025-07-28T21:49:56Z" hostname="c691dafd261f" tests="5" skipped="0" failures="0" errors="0" time="3.252">
    <testcase time="3.248" classname="character(0)" name="filter_ard_hierarchical_works"/>
    <testcase time="0.00100000000000477" classname="character(0)" name="filter_ard_hierarchical_works"/>
    <testcase time="0.00100000000000477" classname="character(0)" name="filter_ard_hierarchical_works"/>
    <testcase time="0.000999999999990564" classname="character(0)" name="filter_ard_hierarchical_works"/>
    <testcase time="0.00100000000000477" classname="character(0)" name="filter_ard_hierarchical_works"/>
  </testsuite>
  <testsuite name="filter_ard_hierarchical" timestamp="2025-07-28T21:49:56Z" hostname="c691dafd261f" tests="10" skipped="0" failures="0" errors="0" time="0.007">
    <testcase time="0.00199999999999534" classname="character(0)" name="filter_ard_hierarchical_works_with_non_standard_filters"/>
    <testcase time="0.00100000000000477" classname="character(0)" name="filter_ard_hierarchical_works_with_non_standard_filters"/>
    <testcase time="0" classname="character(0)" name="filter_ard_hierarchical_works_with_non_standard_filters"/>
    <testcase time="0.00100000000000477" classname="character(0)" name="filter_ard_hierarchical_works_with_non_standard_filters"/>
    <testcase time="0" classname="character(0)" name="filter_ard_hierarchical_works_with_non_standard_filters"/>
    <testcase time="0.000999999999990564" classname="character(0)" name="filter_ard_hierarchical_works_with_non_standard_filters"/>
    <testcase time="0" classname="character(0)" name="filter_ard_hierarchical_works_with_non_standard_filters"/>
    <testcase time="0.00100000000000477" classname="character(0)" name="filter_ard_hierarchical_works_with_non_standard_filters"/>
    <testcase time="0.00100000000000477" classname="character(0)" name="filter_ard_hierarchical_works_with_non_standard_filters"/>
    <testcase time="0" classname="character(0)" name="filter_ard_hierarchical_works_with_non_standard_filters"/>
  </testsuite>
  <testsuite name="filter_ard_hierarchical" timestamp="2025-07-28T21:49:56Z" hostname="c691dafd261f" tests="18" skipped="0" failures="0" errors="0" time="0.012">
    <testcase time="0.00199999999999534" classname="character(0)" name="filter_ard_hierarchical_works_with_column_specific_filters"/>
    <testcase time="0.00100000000000477" classname="character(0)" name="filter_ard_hierarchical_works_with_column_specific_filters"/>
    <testcase time="0" classname="character(0)" name="filter_ard_hierarchical_works_with_column_specific_filters"/>
    <testcase time="0.000999999999990564" classname="character(0)" name="filter_ard_hierarchical_works_with_column_specific_filters"/>
    <testcase time="0.00100000000000477" classname="character(0)" name="filter_ard_hierarchical_works_with_column_specific_filters"/>
    <testcase time="0" classname="character(0)" name="filter_ard_hierarchical_works_with_column_specific_filters"/>
    <testcase time="0.00100000000000477" classname="character(0)" name="filter_ard_hierarchical_works_with_column_specific_filters"/>
    <testcase time="0" classname="character(0)" name="filter_ard_hierarchical_works_with_column_specific_filters"/>
    <testcase time="0.000999999999990564" classname="character(0)" name="filter_ard_hierarchical_works_with_column_specific_filters"/>
    <testcase time="0" classname="character(0)" name="filter_ard_hierarchical_works_with_column_specific_filters"/>
    <testcase time="0.00100000000000477" classname="character(0)" name="filter_ard_hierarchical_works_with_column_specific_filters"/>
    <testcase time="0.00100000000000477" classname="character(0)" name="filter_ard_hierarchical_works_with_column_specific_filters"/>
    <testcase time="0" classname="character(0)" name="filter_ard_hierarchical_works_with_column_specific_filters"/>
    <testcase time="0.000999999999990564" classname="character(0)" name="filter_ard_hierarchical_works_with_column_specific_filters"/>
    <testcase time="0" classname="character(0)" name="filter_ard_hierarchical_works_with_column_specific_filters"/>
    <testcase time="0.00100000000000477" classname="character(0)" name="filter_ard_hierarchical_works_with_column_specific_filters"/>
    <testcase time="0" classname="character(0)" name="filter_ard_hierarchical_works_with_column_specific_filters"/>
    <testcase time="0.00100000000000477" classname="character(0)" name="filter_ard_hierarchical_works_with_column_specific_filters"/>
  </testsuite>
  <testsuite name="filter_ard_hierarchical" timestamp="2025-07-28T21:49:56Z" hostname="c691dafd261f" tests="4" skipped="0" failures="0" errors="0" time="0.004">
    <testcase time="0.00199999999999534" classname="character(0)" name="filter_ard_hierarchical_works_with_ard_stack_hierarchical_count_results"/>
    <testcase time="0.00100000000000477" classname="character(0)" name="filter_ard_hierarchical_works_with_ard_stack_hierarchical_count_results"/>
    <testcase time="0" classname="character(0)" name="filter_ard_hierarchical_works_with_ard_stack_hierarchical_count_results"/>
    <testcase time="0.000999999999990564" classname="character(0)" name="filter_ard_hierarchical_works_with_ard_stack_hierarchical_count_results"/>
  </testsuite>
  <testsuite name="filter_ard_hierarchical" timestamp="2025-07-28T21:49:56Z" hostname="c691dafd261f" tests="3" skipped="0" failures="0" errors="0" time="0.003">
    <testcase time="0.00200000000000955" classname="character(0)" name="filter_ard_hierarchical_returns_only_summary_rows_when_all_rows_filtered_out"/>
    <testcase time="0.000999999999990564" classname="character(0)" name="filter_ard_hierarchical_returns_only_summary_rows_when_all_rows_filtered_out"/>
    <testcase time="0" classname="character(0)" name="filter_ard_hierarchical_returns_only_summary_rows_when_all_rows_filtered_out"/>
  </testsuite>
  <testsuite name="filter_ard_hierarchical" timestamp="2025-07-28T21:49:56Z" hostname="c691dafd261f" tests="7" skipped="0" failures="0" errors="0" time="0.006">
    <testcase time="0.00200000000000955" classname="character(0)" name="filter_ard_hierarchical_var_works"/>
    <testcase time="0.000999999999990564" classname="character(0)" name="filter_ard_hierarchical_var_works"/>
    <testcase time="0" classname="character(0)" name="filter_ard_hierarchical_var_works"/>
    <testcase time="0.00100000000000477" classname="character(0)" name="filter_ard_hierarchical_var_works"/>
    <testcase time="0" classname="character(0)" name="filter_ard_hierarchical_var_works"/>
    <testcase time="0.00100000000000477" classname="character(0)" name="filter_ard_hierarchical_var_works"/>
    <testcase time="0.000999999999990564" classname="character(0)" name="filter_ard_hierarchical_var_works"/>
  </testsuite>
  <testsuite name="filter_ard_hierarchical" timestamp="2025-07-28T21:49:56Z" hostname="c691dafd261f" tests="10" skipped="0" failures="0" errors="0" time="0.007">
    <testcase time="0.00200000000000955" classname="character(0)" name="filter_ard_hierarchical_keep_empty_works"/>
    <testcase time="0" classname="character(0)" name="filter_ard_hierarchical_keep_empty_works"/>
    <testcase time="0.000999999999990564" classname="character(0)" name="filter_ard_hierarchical_keep_empty_works"/>
    <testcase time="0" classname="character(0)" name="filter_ard_hierarchical_keep_empty_works"/>
    <testcase time="0.00100000000000477" classname="character(0)" name="filter_ard_hierarchical_keep_empty_works"/>
    <testcase time="0" classname="character(0)" name="filter_ard_hierarchical_keep_empty_works"/>
    <testcase time="0.00100000000000477" classname="character(0)" name="filter_ard_hierarchical_keep_empty_works"/>
    <testcase time="0.000999999999990564" classname="character(0)" name="filter_ard_hierarchical_keep_empty_works"/>
    <testcase time="0" classname="character(0)" name="filter_ard_hierarchical_keep_empty_works"/>
    <testcase time="0.00100000000000477" classname="character(0)" name="filter_ard_hierarchical_keep_empty_works"/>
  </testsuite>
  <testsuite name="filter_ard_hierarchical" timestamp="2025-07-28T21:49:56Z" hostname="c691dafd261f" tests="2" skipped="0" failures="0" errors="0" time="0.002">
    <testcase time="0.00199999999999534" classname="character(0)" name="filter_ard_hierarchical_works_with_only_one_variable_in_x"/>
    <testcase time="0" classname="character(0)" name="filter_ard_hierarchical_works_with_only_one_variable_in_x"/>
  </testsuite>
  <testsuite name="filter_ard_hierarchical" timestamp="2025-07-28T21:49:56Z" hostname="c691dafd261f" tests="1" skipped="0" failures="0" errors="0" time="0.005">
    <testcase time="0.00500000000000966" classname="character(0)" name="filter_ard_hierarchical_works_when_some_variables_not_included_in_x"/>
  </testsuite>
  <testsuite name="filter_ard_hierarchical" timestamp="2025-07-28T21:49:56Z" hostname="c691dafd261f" tests="1" skipped="0" failures="0" errors="0" time="0.002">
    <testcase time="0.00199999999999534" classname="character(0)" name="filter_ard_hierarchical_works_with_overall_data"/>
  </testsuite>
  <testsuite name="filter_ard_hierarchical" timestamp="2025-07-28T21:49:56Z" hostname="c691dafd261f" tests="9" skipped="0" failures="0" errors="0" time="0.007">
    <testcase time="0.00199999999999534" classname="character(0)" name="filter_ard_hierarchical_error_messaging_works"/>
    <testcase time="0.00100000000000477" classname="character(0)" name="filter_ard_hierarchical_error_messaging_works"/>
    <testcase time="0.00100000000000477" classname="character(0)" name="filter_ard_hierarchical_error_messaging_works"/>
    <testcase time="0" classname="character(0)" name="filter_ard_hierarchical_error_messaging_works"/>
    <testcase time="0.000999999999990564" classname="character(0)" name="filter_ard_hierarchical_error_messaging_works"/>
    <testcase time="0" classname="character(0)" name="filter_ard_hierarchical_error_messaging_works"/>
    <testcase time="0.00100000000000477" classname="character(0)" name="filter_ard_hierarchical_error_messaging_works"/>
    <testcase time="0" classname="character(0)" name="filter_ard_hierarchical_error_messaging_works"/>
    <testcase time="0.00100000000000477" classname="character(0)" name="filter_ard_hierarchical_error_messaging_works"/>
  </testsuite>
  <testsuite name="shuffle_ard" timestamp="2025-07-28T21:49:59Z" hostname="c691dafd261f" tests="7" skipped="0" failures="0" errors="0" time="3.355">
    <testcase time="3.351" classname="character(0)" name="shuffle_trim_works"/>
    <testcase time="0.000999999999990564" classname="character(0)" name="shuffle_trim_works"/>
    <testcase time="0" classname="character(0)" name="shuffle_trim_works"/>
    <testcase time="0.00100000000000477" classname="character(0)" name="shuffle_trim_works"/>
    <testcase time="0" classname="character(0)" name="shuffle_trim_works"/>
    <testcase time="0.00100000000000477" classname="character(0)" name="shuffle_trim_works"/>
    <testcase time="0.000999999999990564" classname="character(0)" name="shuffle_trim_works"/>
  </testsuite>
  <testsuite name="shuffle_ard" timestamp="2025-07-28T21:49:59Z" hostname="c691dafd261f" tests="1" skipped="0" failures="0" errors="0" time="0.002">
    <testcase time="0.00200000000000955" classname="character(0)" name="shuffle_ard_handles_protected_names"/>
  </testsuite>
  <testsuite name="shuffle_ard" timestamp="2025-07-28T21:49:59Z" hostname="c691dafd261f" tests="1" skipped="0" failures="0" errors="0" time="0.002">
    <testcase time="0.00199999999999534" classname="character(0)" name="shuffle_ard_notifies_user_about_warnings_errors_before_dropping"/>
  </testsuite>
  <testsuite name="shuffle_ard" timestamp="2025-07-28T21:49:59Z" hostname="c691dafd261f" tests="5" skipped="0" failures="0" errors="0" time="0.004">
    <testcase time="0.00199999999999534" classname="character(0)" name="shuffle_ard_fills_missing_group_levels_if_the_group_is_meaningful"/>
    <testcase time="0.00100000000000477" classname="character(0)" name="shuffle_ard_fills_missing_group_levels_if_the_group_is_meaningful"/>
    <testcase time="0" classname="character(0)" name="shuffle_ard_fills_missing_group_levels_if_the_group_is_meaningful"/>
    <testcase time="0.00100000000000477" classname="character(0)" name="shuffle_ard_fills_missing_group_levels_if_the_group_is_meaningful"/>
    <testcase time="0" classname="character(0)" name="shuffle_ard_fills_missing_group_levels_if_the_group_is_meaningful"/>
  </testsuite>
  <testsuite name="shuffle_ard" timestamp="2025-07-28T21:49:59Z" hostname="c691dafd261f" tests="1" skipped="0" failures="0" errors="0" time="0.003">
    <testcase time="0.00300000000000011" classname="character(0)" name="shuffle_ard_doesn_t_trim_off_NULL_NA_values"/>
  </testsuite>
  <testsuite name="shuffle_ard" timestamp="2025-07-28T21:49:59Z" hostname="c691dafd261f" tests="2" skipped="0" failures="0" errors="0" time="0.002">
    <testcase time="0.00199999999999534" classname="character(0)" name="shuffle_ard_coerces_all_factor_groups_variables_to_character"/>
    <testcase time="0" classname="character(0)" name="shuffle_ard_coerces_all_factor_groups_variables_to_character"/>
  </testsuite>
  <testsuite name="shuffle_ard" timestamp="2025-07-28T21:49:59Z" hostname="c691dafd261f" tests="1" skipped="0" failures="0" errors="0" time="0.002">
    <testcase time="0.00199999999999534" classname="character(0)" name="shuffle_ard_fills_missing_group_levels_if_the_group_is_meaningful_for_cardx_output"/>
  </testsuite>
  <testsuite name="shuffle_ard" timestamp="2025-07-28T21:49:59Z" hostname="c691dafd261f" tests="1" skipped="0" failures="0" errors="1" time="0.002">
    <testcase time="0.00200000000000955" classname="character(0)" name="shuffle_ard_fills_grouping_columns_with_Overall_var_or_Any_var_">
      <error type="error" message="&lt;vctrs_error_incompatible_size/vctrs_error_recycle_incompatible_size/vctrs_error/rlang_error/error/condition&gt; ('test-shuffle_ard.R:235:3')">&lt;vctrs_error_incompatible_size/vctrs_error_recycle_incompatible_size/vctrs_error/rlang_error/error/condition&gt;
Error in ``[&lt;-`(`*tmp*`, x[[paste0("group", i)]] %in% cols[i], , value = structure(list(
    group1 = c("AESOC", "AESOC", "AESOC", "AESOC", "AESOC", "AESOC", 
    "AESOC", "AESOC", "AESOC", "AESOC", "AESOC", "AESOC"), group1_level = list(
        "GASTROINTESTINAL DISORDERS", "GASTROINTESTINAL DISORDERS", 
        "GASTROINTESTINAL DISORDERS", "GASTROINTESTINAL DISORDERS", 
        "GASTROINTESTINAL DISORDERS", "GASTROINTESTINAL DISORDERS", 
        "GENERAL DISORDERS AND ADMINISTRATION SITE CONDITIONS", 
        "GENERAL DISORDERS AND ADMINISTRATION SITE CONDITIONS", 
        "GENERAL DISORDERS AND ADMINISTRATION SITE CONDITIONS", 
        "GENERAL DISORDERS AND ADMINISTRATION SITE CONDITIONS", 
        "GENERAL DISORDERS AND ADMINISTRATION SITE CONDITIONS", 
        "GENERAL DISORDERS AND ADMINISTRATION SITE CONDITIONS"), 
    group2 = c("AESOC", "AESOC", "AESOC", "AESOC", "AESOC", "AESOC", 
    "AESOC", "AESOC", "AESOC", "AESOC", "AESOC", "AESOC"), group2_level = list(
        "GASTROINTESTINAL DISORDERS", "GASTROINTESTINAL DISORDERS", 
        "GASTROINTESTINAL DISORDERS", "GASTROINTESTINAL DISORDERS", 
        "GASTROINTESTINAL DISORDERS", "GASTROINTESTINAL DISORDERS", 
        "GENERAL DISORDERS AND ADMINISTRATION SITE CONDITIONS", 
        "GENERAL DISORDERS AND ADMINISTRATION SITE CONDITIONS", 
        "GENERAL DISORDERS AND ADMINISTRATION SITE CONDITIONS", 
        "GENERAL DISORDERS AND ADMINISTRATION SITE CONDITIONS", 
        "GENERAL DISORDERS AND ADMINISTRATION SITE CONDITIONS", 
        "GENERAL DISORDERS AND ADMINISTRATION SITE CONDITIONS"), 
    variable = c("AETERM", "AETERM", "AETERM", "AETERM", "AETERM", 
    "AETERM", "AETERM", "AETERM", "AETERM", "AETERM", "AETERM", 
    "AETERM"), variable_level = list("DIARRHOEA", "DIARRHOEA", 
        "DIARRHOEA", "HIATUS HERNIA", "HIATUS HERNIA", "HIATUS HERNIA", 
        "APPLICATION SITE ERYTHEMA", "APPLICATION SITE ERYTHEMA", 
        "APPLICATION SITE ERYTHEMA", "APPLICATION SITE PRURITUS", 
        "APPLICATION SITE PRURITUS", "APPLICATION SITE PRURITUS"), 
    context = c("hierarchical", "hierarchical", "hierarchical", 
    "hierarchical", "hierarchical", "hierarchical", "hierarchical", 
    "hierarchical", "hierarchical", "hierarchical", "hierarchical", 
    "hierarchical"), stat_name = c("n", "N", "p", "n", "N", "p", 
    "n", "N", "p", "n", "N", "p"), stat_label = c("n", "N", "%", 
    "n", "N", "%", "n", "N", "%", "n", "N", "%"), stat = list(
        13L, 170L, 0.0764705882352941, 1L, 170L, 0.00588235294117647, 
        18L, 170L, 0.105882352941176, 28L, 170L, 0.164705882352941), 
    fmt_fun = list(0L, 0L, function (x) 
    {
        res &lt;- ifelse(is.na(x), NA_character_, str_trim(format(round_fun(x * 
            scale, digits = digits), nsmall = digits)))
        if (!is.null(width)) {
            res &lt;- ifelse(nchar(res) &gt;= width | is.na(res), res, 
                paste0(strrep(" ", width - nchar(res)), res))
        }
        res
    }, 0L, 0L, function (x) 
    {
        res &lt;- ifelse(is.na(x), NA_character_, str_trim(format(round_fun(x * 
            scale, digits = digits), nsmall = digits)))
        if (!is.null(width)) {
            res &lt;- ifelse(nchar(res) &gt;= width | is.na(res), res, 
                paste0(strrep(" ", width - nchar(res)), res))
        }
        res
    }, 0L, 0L, function (x) 
    {
        res &lt;- ifelse(is.na(x), NA_character_, str_trim(format(round_fun(x * 
            scale, digits = digits), nsmall = digits)))
        if (!is.null(width)) {
            res &lt;- ifelse(nchar(res) &gt;= width | is.na(res), res, 
                paste0(strrep(" ", width - nchar(res)), res))
        }
        res
    }, 0L, 0L, function (x) 
    {
        res &lt;- ifelse(is.na(x), NA_character_, str_trim(format(round_fun(x * 
            scale, digits = digits), nsmall = digits)))
        if (!is.null(width)) {
            res &lt;- ifelse(nchar(res) &gt;= width | is.na(res), res, 
                paste0(strrep(" ", width - nchar(res)), res))
        }
        res
    }), warning = list(NULL, NULL, NULL, NULL, NULL, NULL, NULL, 
        NULL, NULL, NULL, NULL, NULL), error = list(NULL, NULL, 
        NULL, NULL, NULL, NULL, NULL, NULL, NULL, NULL, NULL, 
        NULL), idx = 43:54, group3 = c(NA_character_, NA_character_, 
    NA_character_, NA_character_, NA_character_, NA_character_, 
    NA_character_, NA_character_, NA_character_, NA_character_, 
    NA_character_, NA_character_), group3_level = list(NULL, 
        NULL, NULL, NULL, NULL, NULL, NULL, NULL, NULL, NULL, 
        NULL, NULL)), row.names = c(NA, -12L), args = list(by = "TRTA", 
    variables = c("AESOC", "AETERM"), include = c("AESOC", "AETERM"
    )), class = c("card", "tbl_df", "tbl", "data.frame")))`: Can't recycle input of size 16 to size 14.
Backtrace:
     ▆
  1. ├─cards::shuffle_ard(...) at test-shuffle_ard.R:235:3
  2. │ └─cards:::check_class(x = x, cls = "card")
  3. ├─cards::ard_stack_hierarchical(...)
  4. │ └─cards:::internal_stack_hierarchical(...)
  5. │   └─cards::sort_ard_hierarchical(result, sort = "alphanumeric")
  6. │     └─cards:::.ard_reformat_sort(x_sort, by, cols)
  7. │       ├─base::`[&lt;-`(...)
  8. │       └─tibble:::`[&lt;-.tbl_df`(`*tmp*`, x[[paste0("group", i)]] %in% cols[i], , value = `&lt;card[,16]&gt;`)
  9. │         └─tibble:::tbl_subassign(x, i, j, value, i_arg, j_arg, substitute(value))
 10. │           └─tibble:::tbl_subassign_row(xo, i, value, i_arg, value_arg, call)
 11. │             └─tibble:::vectbl_recycle_rhs_cols(value, length(x), call)
 12. │               └─vctrs::vec_recycle(value, ncol, call = call)
 13. └─vctrs:::stop_recycle_incompatible_size(...)
 14.   └─vctrs:::stop_vctrs(...)
 15.     └─rlang::abort(message, class = c(class, "vctrs_error"), ..., call = call)</error>
    </testcase>
  </testsuite>
  <testsuite name="shuffle_ard" timestamp="2025-07-28T21:50:00Z" hostname="c691dafd261f" tests="4" skipped="0" failures="0" errors="0" time="0.057">
    <testcase time="0.0549999999999926" classname="character(0)" name="shuffle_ard_fills_with_multiple_by_columns"/>
    <testcase time="0.00100000000000477" classname="character(0)" name="shuffle_ard_fills_with_multiple_by_columns"/>
    <testcase time="0.000999999999990564" classname="character(0)" name="shuffle_ard_fills_with_multiple_by_columns"/>
    <testcase time="0" classname="character(0)" name="shuffle_ard_fills_with_multiple_by_columns"/>
  </testsuite>
  <testsuite name="shuffle_ard" timestamp="2025-07-28T21:50:00Z" hostname="c691dafd261f" tests="6" skipped="0" failures="0" errors="0" time="0.006">
    <testcase time="0.00300000000000011" classname="character(0)" name="shuffle_ard_messages_about_Overall_var_or_Any_var_"/>
    <testcase time="0.00100000000000477" classname="character(0)" name="shuffle_ard_messages_about_Overall_var_or_Any_var_"/>
    <testcase time="0" classname="character(0)" name="shuffle_ard_messages_about_Overall_var_or_Any_var_"/>
    <testcase time="0.00100000000000477" classname="character(0)" name="shuffle_ard_messages_about_Overall_var_or_Any_var_"/>
    <testcase time="0.000999999999990564" classname="character(0)" name="shuffle_ard_messages_about_Overall_var_or_Any_var_"/>
    <testcase time="0" classname="character(0)" name="shuffle_ard_messages_about_Overall_var_or_Any_var_"/>
  </testsuite>
  <testsuite name="shuffle_ard" timestamp="2025-07-28T21:50:00Z" hostname="c691dafd261f" tests="1" skipped="0" failures="0" errors="1" time="0.002">
    <testcase time="0.00200000000000955" classname="character(0)" name="shuffle_ard_preserves_the_attributes_of_a_card_object">
      <error type="error" message="&lt;vctrs_error_incompatible_size/vctrs_error_recycle_incompatible_size/vctrs_error/rlang_error/error/condition&gt; ('test-shuffle_ard.R:497:3')">&lt;vctrs_error_incompatible_size/vctrs_error_recycle_incompatible_size/vctrs_error/rlang_error/error/condition&gt;
Error in ``[&lt;-`(`*tmp*`, x[[paste0("group", i)]] %in% cols[i], , value = structure(list(
    group1 = c("AESOC", "AESOC", "AESOC", "AESOC", "AESOC", "AESOC", 
    "AESOC", "AESOC", "AESOC", "AESOC", "AESOC", "AESOC"), group1_level = list(
        "GASTROINTESTINAL DISORDERS", "GASTROINTESTINAL DISORDERS", 
        "GASTROINTESTINAL DISORDERS", "GASTROINTESTINAL DISORDERS", 
        "GASTROINTESTINAL DISORDERS", "GASTROINTESTINAL DISORDERS", 
        "GENERAL DISORDERS AND ADMINISTRATION SITE CONDITIONS", 
        "GENERAL DISORDERS AND ADMINISTRATION SITE CONDITIONS", 
        "GENERAL DISORDERS AND ADMINISTRATION SITE CONDITIONS", 
        "GENERAL DISORDERS AND ADMINISTRATION SITE CONDITIONS", 
        "GENERAL DISORDERS AND ADMINISTRATION SITE CONDITIONS", 
        "GENERAL DISORDERS AND ADMINISTRATION SITE CONDITIONS"), 
    group2 = c("AESOC", "AESOC", "AESOC", "AESOC", "AESOC", "AESOC", 
    "AESOC", "AESOC", "AESOC", "AESOC", "AESOC", "AESOC"), group2_level = list(
        "GASTROINTESTINAL DISORDERS", "GASTROINTESTINAL DISORDERS", 
        "GASTROINTESTINAL DISORDERS", "GASTROINTESTINAL DISORDERS", 
        "GASTROINTESTINAL DISORDERS", "GASTROINTESTINAL DISORDERS", 
        "GENERAL DISORDERS AND ADMINISTRATION SITE CONDITIONS", 
        "GENERAL DISORDERS AND ADMINISTRATION SITE CONDITIONS", 
        "GENERAL DISORDERS AND ADMINISTRATION SITE CONDITIONS", 
        "GENERAL DISORDERS AND ADMINISTRATION SITE CONDITIONS", 
        "GENERAL DISORDERS AND ADMINISTRATION SITE CONDITIONS", 
        "GENERAL DISORDERS AND ADMINISTRATION SITE CONDITIONS"), 
    variable = c("AETERM", "AETERM", "AETERM", "AETERM", "AETERM", 
    "AETERM", "AETERM", "AETERM", "AETERM", "AETERM", "AETERM", 
    "AETERM"), variable_level = list("DIARRHOEA", "DIARRHOEA", 
        "DIARRHOEA", "HIATUS HERNIA", "HIATUS HERNIA", "HIATUS HERNIA", 
        "APPLICATION SITE ERYTHEMA", "APPLICATION SITE ERYTHEMA", 
        "APPLICATION SITE ERYTHEMA", "APPLICATION SITE PRURITUS", 
        "APPLICATION SITE PRURITUS", "APPLICATION SITE PRURITUS"), 
    context = c("hierarchical", "hierarchical", "hierarchical", 
    "hierarchical", "hierarchical", "hierarchical", "hierarchical", 
    "hierarchical", "hierarchical", "hierarchical", "hierarchical", 
    "hierarchical"), stat_name = c("n", "N", "p", "n", "N", "p", 
    "n", "N", "p", "n", "N", "p"), stat_label = c("n", "N", "%", 
    "n", "N", "%", "n", "N", "%", "n", "N", "%"), stat = list(
        13L, 170L, 0.0764705882352941, 1L, 170L, 0.00588235294117647, 
        18L, 170L, 0.105882352941176, 28L, 170L, 0.164705882352941), 
    fmt_fun = list(0L, 0L, function (x) 
    {
        res &lt;- ifelse(is.na(x), NA_character_, str_trim(format(round_fun(x * 
            scale, digits = digits), nsmall = digits)))
        if (!is.null(width)) {
            res &lt;- ifelse(nchar(res) &gt;= width | is.na(res), res, 
                paste0(strrep(" ", width - nchar(res)), res))
        }
        res
    }, 0L, 0L, function (x) 
    {
        res &lt;- ifelse(is.na(x), NA_character_, str_trim(format(round_fun(x * 
            scale, digits = digits), nsmall = digits)))
        if (!is.null(width)) {
            res &lt;- ifelse(nchar(res) &gt;= width | is.na(res), res, 
                paste0(strrep(" ", width - nchar(res)), res))
        }
        res
    }, 0L, 0L, function (x) 
    {
        res &lt;- ifelse(is.na(x), NA_character_, str_trim(format(round_fun(x * 
            scale, digits = digits), nsmall = digits)))
        if (!is.null(width)) {
            res &lt;- ifelse(nchar(res) &gt;= width | is.na(res), res, 
                paste0(strrep(" ", width - nchar(res)), res))
        }
        res
    }, 0L, 0L, function (x) 
    {
        res &lt;- ifelse(is.na(x), NA_character_, str_trim(format(round_fun(x * 
            scale, digits = digits), nsmall = digits)))
        if (!is.null(width)) {
            res &lt;- ifelse(nchar(res) &gt;= width | is.na(res), res, 
                paste0(strrep(" ", width - nchar(res)), res))
        }
        res
    }), warning = list(NULL, NULL, NULL, NULL, NULL, NULL, NULL, 
        NULL, NULL, NULL, NULL, NULL), error = list(NULL, NULL, 
        NULL, NULL, NULL, NULL, NULL, NULL, NULL, NULL, NULL, 
        NULL), idx = 43:54, group3 = c(NA_character_, NA_character_, 
    NA_character_, NA_character_, NA_character_, NA_character_, 
    NA_character_, NA_character_, NA_character_, NA_character_, 
    NA_character_, NA_character_), group3_level = list(NULL, 
        NULL, NULL, NULL, NULL, NULL, NULL, NULL, NULL, NULL, 
        NULL, NULL)), row.names = c(NA, -12L), args = list(by = "TRTA", 
    variables = c("AESOC", "AETERM"), include = c("AESOC", "AETERM"
    )), class = c("card", "tbl_df", "tbl", "data.frame")))`: Can't recycle input of size 16 to size 14.
Backtrace:
     ▆
  1. ├─cards::ard_stack_hierarchical(...) at test-shuffle_ard.R:497:3
  2. │ └─cards:::internal_stack_hierarchical(...)
  3. │   └─cards::sort_ard_hierarchical(result, sort = "alphanumeric")
  4. │     └─cards:::.ard_reformat_sort(x_sort, by, cols)
  5. │       ├─base::`[&lt;-`(...)
  6. │       └─tibble:::`[&lt;-.tbl_df`(`*tmp*`, x[[paste0("group", i)]] %in% cols[i], , value = `&lt;card[,16]&gt;`)
  7. │         └─tibble:::tbl_subassign(x, i, j, value, i_arg, j_arg, substitute(value))
  8. │           └─tibble:::tbl_subassign_row(xo, i, value, i_arg, value_arg, call)
  9. │             └─tibble:::vectbl_recycle_rhs_cols(value, length(x), call)
 10. │               └─vctrs::vec_recycle(value, ncol, call = call)
 11. └─vctrs:::stop_recycle_incompatible_size(...)
 12.   └─vctrs:::stop_vctrs(...)
 13.     └─rlang::abort(message, class = c(class, "vctrs_error"), ..., call = call)</error>
    </testcase>
  </testsuite>
  <testsuite name="tidy_ard_column_order" timestamp="2025-07-28T21:50:00Z" hostname="c691dafd261f" tests="1" skipped="0" failures="0" errors="0" time="0.179">
    <testcase time="0.179000000000002" classname="character(0)" name="tidy_ard_column_order_works"/>
  </testsuite>
  <testsuite name="tidy_ard_row_order" timestamp="2025-07-28T21:50:00Z" hostname="c691dafd261f" tests="1" skipped="0" failures="0" errors="0" time="0.267">
    <testcase time="0.266999999999996" classname="character(0)" name="tidy_ard_row_order_works"/>
  </testsuite>
  <testsuite name="tidy_as_ard" timestamp="2025-07-28T21:50:00Z" hostname="c691dafd261f" tests="4" skipped="0" failures="0" errors="0" time="0.387">
    <testcase time="0.384999999999991" classname="character(0)" name="tidy_as_ard_works"/>
    <testcase time="0.00100000000000477" classname="character(0)" name="tidy_as_ard_works"/>
    <testcase time="0" classname="character(0)" name="tidy_as_ard_works"/>
    <testcase time="0.00100000000000477" classname="character(0)" name="tidy_as_ard_works"/>
  </testsuite>
  <testsuite name="unlist_ard_columns" timestamp="2025-07-28T21:50:01Z" hostname="c691dafd261f" tests="3" skipped="0" failures="0" errors="0" time="0.76">
    <testcase time="0.759" classname="character(0)" name="unlist_ard_columns_"/>
    <testcase time="0.000999999999990564" classname="character(0)" name="unlist_ard_columns_"/>
    <testcase time="0" classname="character(0)" name="unlist_ard_columns_"/>
  </testsuite>
  <testsuite name="unlist_ard_columns" timestamp="2025-07-28T21:50:01Z" hostname="c691dafd261f" tests="1" skipped="0" failures="0" errors="0" time="0.003">
    <testcase time="0.00300000000000011" classname="character(0)" name="unlist_ard_columns_messaging"/>
  </testsuite>
  <testsuite name="unlist_ard_columns" timestamp="2025-07-28T21:50:01Z" hostname="c691dafd261f" tests="2" skipped="0" failures="0" errors="0" time="0.003">
    <testcase time="0.00200000000000955" classname="character(0)" name="unlist_ard_columns_fct_as_chr_"/>
    <testcase time="0.000999999999990564" classname="character(0)" name="unlist_ard_columns_fct_as_chr_"/>
  </testsuite>
  <testsuite name="sort_ard_hierarchical" timestamp="2025-07-28T21:50:02Z" hostname="c691dafd261f" tests="3" skipped="0" failures="0" errors="0" time="1.261">
    <testcase time="1.259" classname="character(0)" name="sort_ard_hierarchical_works"/>
    <testcase time="0.00100000000000477" classname="character(0)" name="sort_ard_hierarchical_works"/>
    <testcase time="0.00100000000000477" classname="character(0)" name="sort_ard_hierarchical_works"/>
  </testsuite>
  <testsuite name="sort_ard_hierarchical" timestamp="2025-07-28T21:50:02Z" hostname="c691dafd261f" tests="4" skipped="0" failures="0" errors="0" time="0.006">
    <testcase time="0.00399999999999068" classname="character(0)" name="sort_ard_hierarchical_sort_descending_works"/>
    <testcase time="0" classname="character(0)" name="sort_ard_hierarchical_sort_descending_works"/>
    <testcase time="0.00100000000000477" classname="character(0)" name="sort_ard_hierarchical_sort_descending_works"/>
    <testcase time="0.00100000000000477" classname="character(0)" name="sort_ard_hierarchical_sort_descending_works"/>
  </testsuite>
  <testsuite name="sort_ard_hierarchical" timestamp="2025-07-28T21:50:02Z" hostname="c691dafd261f" tests="4" skipped="0" failures="0" errors="0" time="0.004">
    <testcase time="0.00199999999999534" classname="character(0)" name="sort_ard_hierarchical_sort_alphanumeric_works"/>
    <testcase time="0.00100000000000477" classname="character(0)" name="sort_ard_hierarchical_sort_alphanumeric_works"/>
    <testcase time="0" classname="character(0)" name="sort_ard_hierarchical_sort_alphanumeric_works"/>
    <testcase time="0.000999999999990564" classname="character(0)" name="sort_ard_hierarchical_sort_alphanumeric_works"/>
  </testsuite>
  <testsuite name="sort_ard_hierarchical" timestamp="2025-07-28T21:50:02Z" hostname="c691dafd261f" tests="4" skipped="0" failures="0" errors="0" time="0.004">
    <testcase time="0.00200000000000955" classname="character(0)" name="sort_ard_hierarchical_sort_works_with_different_sorting_methods_for_each_variable"/>
    <testcase time="0" classname="character(0)" name="sort_ard_hierarchical_sort_works_with_different_sorting_methods_for_each_variable"/>
    <testcase time="0.000999999999990564" classname="character(0)" name="sort_ard_hierarchical_sort_works_with_different_sorting_methods_for_each_variable"/>
    <testcase time="0.00100000000000477" classname="character(0)" name="sort_ard_hierarchical_sort_works_with_different_sorting_methods_for_each_variable"/>
  </testsuite>
  <testsuite name="sort_ard_hierarchical" timestamp="2025-07-28T21:50:02Z" hostname="c691dafd261f" tests="4" skipped="0" failures="0" errors="0" time="0.003">
    <testcase time="0.00199999999999534" classname="character(0)" name="sort_ard_hierarchical_works_when_there_is_no_overall_row_in_x"/>
    <testcase time="0" classname="character(0)" name="sort_ard_hierarchical_works_when_there_is_no_overall_row_in_x"/>
    <testcase time="0.00100000000000477" classname="character(0)" name="sort_ard_hierarchical_works_when_there_is_no_overall_row_in_x"/>
    <testcase time="0" classname="character(0)" name="sort_ard_hierarchical_works_when_there_is_no_overall_row_in_x"/>
  </testsuite>
  <testsuite name="sort_ard_hierarchical" timestamp="2025-07-28T21:50:02Z" hostname="c691dafd261f" tests="4" skipped="0" failures="0" errors="0" time="0.008">
    <testcase time="0.00600000000000023" classname="character(0)" name="sort_ard_hierarchical_works_with_only_one_variable_in_x"/>
    <testcase time="0.00100000000000477" classname="character(0)" name="sort_ard_hierarchical_works_with_only_one_variable_in_x"/>
    <testcase time="0" classname="character(0)" name="sort_ard_hierarchical_works_with_only_one_variable_in_x"/>
    <testcase time="0.000999999999990564" classname="character(0)" name="sort_ard_hierarchical_works_with_only_one_variable_in_x"/>
  </testsuite>
  <testsuite name="sort_ard_hierarchical" timestamp="2025-07-28T21:50:02Z" hostname="c691dafd261f" tests="1" skipped="0" failures="0" errors="0" time="0.002">
    <testcase time="0.00200000000000955" classname="character(0)" name="sort_ard_hierarchical_works_when_some_variables_not_included_in_x"/>
  </testsuite>
  <testsuite name="sort_ard_hierarchical" timestamp="2025-07-28T21:50:02Z" hostname="c691dafd261f" tests="1" skipped="0" failures="0" errors="0" time="0.002">
    <testcase time="0.00199999999999534" classname="character(0)" name="sort_ard_hierarchical_works_when_sorting_using_p_instead_of_n"/>
  </testsuite>
  <testsuite name="sort_ard_hierarchical" timestamp="2025-07-28T21:50:02Z" hostname="c691dafd261f" tests="3" skipped="0" failures="0" errors="0" time="0.004">
    <testcase time="0.00199999999999534" classname="character(0)" name="sort_ard_hierarchical_works_with_overall_data"/>
    <testcase time="0.00100000000000477" classname="character(0)" name="sort_ard_hierarchical_works_with_overall_data"/>
    <testcase time="0.00100000000000477" classname="character(0)" name="sort_ard_hierarchical_works_with_overall_data"/>
  </testsuite>
  <testsuite name="sort_ard_hierarchical" timestamp="2025-07-28T21:50:02Z" hostname="c691dafd261f" tests="3" skipped="0" failures="0" errors="0" time="0.003">
    <testcase time="0.00199999999999534" classname="character(0)" name="sort_ard_hierarchical_error_messaging_works"/>
    <testcase time="0" classname="character(0)" name="sort_ard_hierarchical_error_messaging_works"/>
    <testcase time="0.00100000000000477" classname="character(0)" name="sort_ard_hierarchical_error_messaging_works"/>
  </testsuite>
  <testsuite name="update_ard" timestamp="2025-07-28T21:50:02Z" hostname="c691dafd261f" tests="2" skipped="0" failures="0" errors="0" time="0.02">
    <testcase time="0.019999999999996" classname="character(0)" name="update_ard_fmt_fun_"/>
    <testcase time="0" classname="character(0)" name="update_ard_fmt_fun_"/>
  </testsuite>
  <testsuite name="update_ard" timestamp="2025-07-28T21:50:02Z" hostname="c691dafd261f" tests="1" skipped="0" failures="0" errors="0" time="0.003">
    <testcase time="0.00300000000000011" classname="character(0)" name="update_ard_fmt_fun_filter_"/>
  </testsuite>
  <testsuite name="update_ard" timestamp="2025-07-28T21:50:02Z" hostname="c691dafd261f" tests="2" skipped="0" failures="0" errors="0" time="0.002">
    <testcase time="0.00199999999999534" classname="character(0)" name="update_ard_fmt_fun_filter_messaging"/>
    <testcase time="0" classname="character(0)" name="update_ard_fmt_fun_filter_messaging"/>
  </testsuite>
  <testsuite name="update_ard" timestamp="2025-07-28T21:50:02Z" hostname="c691dafd261f" tests="1" skipped="0" failures="0" errors="0" time="0.003">
    <testcase time="0.00300000000000011" classname="character(0)" name="update_ard_stat_label_"/>
  </testsuite>
  <testsuite name="update_ard" timestamp="2025-07-28T21:50:02Z" hostname="c691dafd261f" tests="1" skipped="0" failures="0" errors="0" time="0.002">
    <testcase time="0.00200000000000955" classname="character(0)" name="update_ard_stat_label_filter_"/>
  </testsuite>
  <testsuite name="update_ard" timestamp="2025-07-28T21:50:02Z" hostname="c691dafd261f" tests="2" skipped="0" failures="0" errors="0" time="0.003">
    <testcase time="0.00199999999999534" classname="character(0)" name="update_ard_stat_label_filter_messaging"/>
    <testcase time="0.00100000000000477" classname="character(0)" name="update_ard_stat_label_filter_messaging"/>
  </testsuite>
</testsuites>
